[2025-02-27T23:47:08.142+0000] {processor.py:154} INFO - Started process (PID=66) to work on /home/airflow/.local/lib/python3.7/site-packages/airflow/example_dags/example_task_group_decorator.py
[2025-02-27T23:47:08.146+0000] {processor.py:756} INFO - Processing file /home/airflow/.local/lib/python3.7/site-packages/airflow/example_dags/example_task_group_decorator.py for tasks to queue
[2025-02-27T23:47:08.148+0000] {logging_mixin.py:120} INFO - [2025-02-27T23:47:08.148+0000] {dagbag.py:537} INFO - Filling up the DagBag from /home/airflow/.local/lib/python3.7/site-packages/airflow/example_dags/example_task_group_decorator.py
[2025-02-27T23:47:08.180+0000] {processor.py:766} INFO - DAG(s) dict_keys(['example_task_group_decorator']) retrieved from /home/airflow/.local/lib/python3.7/site-packages/airflow/example_dags/example_task_group_decorator.py
[2025-02-27T23:47:08.233+0000] {logging_mixin.py:120} INFO - [2025-02-27T23:47:08.233+0000] {dag.py:2585} INFO - Sync 1 DAGs
[2025-02-27T23:47:08.250+0000] {logging_mixin.py:120} INFO - [2025-02-27T23:47:08.250+0000] {dag.py:3340} INFO - Setting next_dagrun for example_task_group_decorator to 2025-02-26T23:47:08.250660+00:00, run_after=2025-02-27T23:47:08.250660+00:00
[2025-02-27T23:47:08.271+0000] {processor.py:176} INFO - Processing /home/airflow/.local/lib/python3.7/site-packages/airflow/example_dags/example_task_group_decorator.py took 0.134 seconds
[2025-02-27T23:47:38.469+0000] {processor.py:154} INFO - Started process (PID=130) to work on /home/airflow/.local/lib/python3.7/site-packages/airflow/example_dags/example_task_group_decorator.py
[2025-02-27T23:47:38.469+0000] {processor.py:756} INFO - Processing file /home/airflow/.local/lib/python3.7/site-packages/airflow/example_dags/example_task_group_decorator.py for tasks to queue
[2025-02-27T23:47:38.470+0000] {logging_mixin.py:120} INFO - [2025-02-27T23:47:38.470+0000] {dagbag.py:537} INFO - Filling up the DagBag from /home/airflow/.local/lib/python3.7/site-packages/airflow/example_dags/example_task_group_decorator.py
[2025-02-27T23:47:38.485+0000] {processor.py:766} INFO - DAG(s) dict_keys(['example_task_group_decorator']) retrieved from /home/airflow/.local/lib/python3.7/site-packages/airflow/example_dags/example_task_group_decorator.py
[2025-02-27T23:47:38.508+0000] {logging_mixin.py:120} INFO - [2025-02-27T23:47:38.508+0000] {dag.py:2585} INFO - Sync 1 DAGs
[2025-02-27T23:47:38.525+0000] {logging_mixin.py:120} INFO - [2025-02-27T23:47:38.525+0000] {dag.py:3340} INFO - Setting next_dagrun for example_task_group_decorator to 2025-02-26T23:47:38.525113+00:00, run_after=2025-02-27T23:47:38.525113+00:00
[2025-02-27T23:47:38.535+0000] {processor.py:176} INFO - Processing /home/airflow/.local/lib/python3.7/site-packages/airflow/example_dags/example_task_group_decorator.py took 0.068 seconds
[2025-02-27T23:48:09.049+0000] {processor.py:154} INFO - Started process (PID=195) to work on /home/airflow/.local/lib/python3.7/site-packages/airflow/example_dags/example_task_group_decorator.py
[2025-02-27T23:48:09.050+0000] {processor.py:756} INFO - Processing file /home/airflow/.local/lib/python3.7/site-packages/airflow/example_dags/example_task_group_decorator.py for tasks to queue
[2025-02-27T23:48:09.050+0000] {logging_mixin.py:120} INFO - [2025-02-27T23:48:09.050+0000] {dagbag.py:537} INFO - Filling up the DagBag from /home/airflow/.local/lib/python3.7/site-packages/airflow/example_dags/example_task_group_decorator.py
[2025-02-27T23:48:09.064+0000] {processor.py:766} INFO - DAG(s) dict_keys(['example_task_group_decorator']) retrieved from /home/airflow/.local/lib/python3.7/site-packages/airflow/example_dags/example_task_group_decorator.py
[2025-02-27T23:48:09.078+0000] {logging_mixin.py:120} INFO - [2025-02-27T23:48:09.078+0000] {dag.py:2585} INFO - Sync 1 DAGs
[2025-02-27T23:48:09.091+0000] {logging_mixin.py:120} INFO - [2025-02-27T23:48:09.091+0000] {dag.py:3340} INFO - Setting next_dagrun for example_task_group_decorator to 2025-02-26T23:48:09.091763+00:00, run_after=2025-02-27T23:48:09.091763+00:00
[2025-02-27T23:48:09.101+0000] {processor.py:176} INFO - Processing /home/airflow/.local/lib/python3.7/site-packages/airflow/example_dags/example_task_group_decorator.py took 0.054 seconds
[2025-02-27T23:48:40.007+0000] {processor.py:154} INFO - Started process (PID=259) to work on /home/airflow/.local/lib/python3.7/site-packages/airflow/example_dags/example_task_group_decorator.py
[2025-02-27T23:48:40.008+0000] {processor.py:756} INFO - Processing file /home/airflow/.local/lib/python3.7/site-packages/airflow/example_dags/example_task_group_decorator.py for tasks to queue
[2025-02-27T23:48:40.009+0000] {logging_mixin.py:120} INFO - [2025-02-27T23:48:40.008+0000] {dagbag.py:537} INFO - Filling up the DagBag from /home/airflow/.local/lib/python3.7/site-packages/airflow/example_dags/example_task_group_decorator.py
[2025-02-27T23:48:40.023+0000] {processor.py:766} INFO - DAG(s) dict_keys(['example_task_group_decorator']) retrieved from /home/airflow/.local/lib/python3.7/site-packages/airflow/example_dags/example_task_group_decorator.py
[2025-02-27T23:48:40.044+0000] {logging_mixin.py:120} INFO - [2025-02-27T23:48:40.044+0000] {dag.py:2585} INFO - Sync 1 DAGs
[2025-02-27T23:48:40.056+0000] {logging_mixin.py:120} INFO - [2025-02-27T23:48:40.056+0000] {dag.py:3340} INFO - Setting next_dagrun for example_task_group_decorator to 2025-02-26T23:48:40.056520+00:00, run_after=2025-02-27T23:48:40.056520+00:00
[2025-02-27T23:48:40.066+0000] {processor.py:176} INFO - Processing /home/airflow/.local/lib/python3.7/site-packages/airflow/example_dags/example_task_group_decorator.py took 0.060 seconds
[2025-02-27T23:49:10.951+0000] {processor.py:154} INFO - Started process (PID=323) to work on /home/airflow/.local/lib/python3.7/site-packages/airflow/example_dags/example_task_group_decorator.py
[2025-02-27T23:49:10.952+0000] {processor.py:756} INFO - Processing file /home/airflow/.local/lib/python3.7/site-packages/airflow/example_dags/example_task_group_decorator.py for tasks to queue
[2025-02-27T23:49:10.952+0000] {logging_mixin.py:120} INFO - [2025-02-27T23:49:10.952+0000] {dagbag.py:537} INFO - Filling up the DagBag from /home/airflow/.local/lib/python3.7/site-packages/airflow/example_dags/example_task_group_decorator.py
[2025-02-27T23:49:10.972+0000] {processor.py:766} INFO - DAG(s) dict_keys(['example_task_group_decorator']) retrieved from /home/airflow/.local/lib/python3.7/site-packages/airflow/example_dags/example_task_group_decorator.py
[2025-02-27T23:49:10.996+0000] {logging_mixin.py:120} INFO - [2025-02-27T23:49:10.996+0000] {dag.py:2585} INFO - Sync 1 DAGs
[2025-02-27T23:49:11.010+0000] {logging_mixin.py:120} INFO - [2025-02-27T23:49:11.009+0000] {dag.py:3340} INFO - Setting next_dagrun for example_task_group_decorator to 2025-02-26T23:49:11.009825+00:00, run_after=2025-02-27T23:49:11.009825+00:00
[2025-02-27T23:49:11.022+0000] {processor.py:176} INFO - Processing /home/airflow/.local/lib/python3.7/site-packages/airflow/example_dags/example_task_group_decorator.py took 0.073 seconds
[2025-02-27T23:49:41.737+0000] {processor.py:154} INFO - Started process (PID=387) to work on /home/airflow/.local/lib/python3.7/site-packages/airflow/example_dags/example_task_group_decorator.py
[2025-02-27T23:49:41.738+0000] {processor.py:756} INFO - Processing file /home/airflow/.local/lib/python3.7/site-packages/airflow/example_dags/example_task_group_decorator.py for tasks to queue
[2025-02-27T23:49:41.738+0000] {logging_mixin.py:120} INFO - [2025-02-27T23:49:41.738+0000] {dagbag.py:537} INFO - Filling up the DagBag from /home/airflow/.local/lib/python3.7/site-packages/airflow/example_dags/example_task_group_decorator.py
[2025-02-27T23:49:41.753+0000] {processor.py:766} INFO - DAG(s) dict_keys(['example_task_group_decorator']) retrieved from /home/airflow/.local/lib/python3.7/site-packages/airflow/example_dags/example_task_group_decorator.py
[2025-02-27T23:49:41.774+0000] {logging_mixin.py:120} INFO - [2025-02-27T23:49:41.774+0000] {dag.py:2585} INFO - Sync 1 DAGs
[2025-02-27T23:49:41.786+0000] {logging_mixin.py:120} INFO - [2025-02-27T23:49:41.786+0000] {dag.py:3340} INFO - Setting next_dagrun for example_task_group_decorator to 2025-02-26T23:49:41.786355+00:00, run_after=2025-02-27T23:49:41.786355+00:00
[2025-02-27T23:49:41.795+0000] {processor.py:176} INFO - Processing /home/airflow/.local/lib/python3.7/site-packages/airflow/example_dags/example_task_group_decorator.py took 0.060 seconds
[2025-02-27T23:50:12.552+0000] {processor.py:154} INFO - Started process (PID=451) to work on /home/airflow/.local/lib/python3.7/site-packages/airflow/example_dags/example_task_group_decorator.py
[2025-02-27T23:50:12.552+0000] {processor.py:756} INFO - Processing file /home/airflow/.local/lib/python3.7/site-packages/airflow/example_dags/example_task_group_decorator.py for tasks to queue
[2025-02-27T23:50:12.553+0000] {logging_mixin.py:120} INFO - [2025-02-27T23:50:12.553+0000] {dagbag.py:537} INFO - Filling up the DagBag from /home/airflow/.local/lib/python3.7/site-packages/airflow/example_dags/example_task_group_decorator.py
[2025-02-27T23:50:12.567+0000] {processor.py:766} INFO - DAG(s) dict_keys(['example_task_group_decorator']) retrieved from /home/airflow/.local/lib/python3.7/site-packages/airflow/example_dags/example_task_group_decorator.py
[2025-02-27T23:50:12.589+0000] {logging_mixin.py:120} INFO - [2025-02-27T23:50:12.589+0000] {dag.py:2585} INFO - Sync 1 DAGs
[2025-02-27T23:50:12.602+0000] {logging_mixin.py:120} INFO - [2025-02-27T23:50:12.602+0000] {dag.py:3340} INFO - Setting next_dagrun for example_task_group_decorator to 2025-02-26T23:50:12.601903+00:00, run_after=2025-02-27T23:50:12.601903+00:00
[2025-02-27T23:50:12.612+0000] {processor.py:176} INFO - Processing /home/airflow/.local/lib/python3.7/site-packages/airflow/example_dags/example_task_group_decorator.py took 0.063 seconds
[2025-02-27T23:50:43.441+0000] {processor.py:154} INFO - Started process (PID=506) to work on /home/airflow/.local/lib/python3.7/site-packages/airflow/example_dags/example_task_group_decorator.py
[2025-02-27T23:50:43.441+0000] {processor.py:756} INFO - Processing file /home/airflow/.local/lib/python3.7/site-packages/airflow/example_dags/example_task_group_decorator.py for tasks to queue
[2025-02-27T23:50:43.442+0000] {logging_mixin.py:120} INFO - [2025-02-27T23:50:43.442+0000] {dagbag.py:537} INFO - Filling up the DagBag from /home/airflow/.local/lib/python3.7/site-packages/airflow/example_dags/example_task_group_decorator.py
[2025-02-27T23:50:43.457+0000] {processor.py:766} INFO - DAG(s) dict_keys(['example_task_group_decorator']) retrieved from /home/airflow/.local/lib/python3.7/site-packages/airflow/example_dags/example_task_group_decorator.py
[2025-02-27T23:50:43.478+0000] {logging_mixin.py:120} INFO - [2025-02-27T23:50:43.478+0000] {dag.py:2585} INFO - Sync 1 DAGs
[2025-02-27T23:50:43.491+0000] {logging_mixin.py:120} INFO - [2025-02-27T23:50:43.491+0000] {dag.py:3340} INFO - Setting next_dagrun for example_task_group_decorator to 2025-02-26T23:50:43.490999+00:00, run_after=2025-02-27T23:50:43.490999+00:00
[2025-02-27T23:50:43.502+0000] {processor.py:176} INFO - Processing /home/airflow/.local/lib/python3.7/site-packages/airflow/example_dags/example_task_group_decorator.py took 0.063 seconds
[2025-02-27T23:51:14.302+0000] {processor.py:154} INFO - Started process (PID=570) to work on /home/airflow/.local/lib/python3.7/site-packages/airflow/example_dags/example_task_group_decorator.py
[2025-02-27T23:51:14.302+0000] {processor.py:756} INFO - Processing file /home/airflow/.local/lib/python3.7/site-packages/airflow/example_dags/example_task_group_decorator.py for tasks to queue
[2025-02-27T23:51:14.303+0000] {logging_mixin.py:120} INFO - [2025-02-27T23:51:14.302+0000] {dagbag.py:537} INFO - Filling up the DagBag from /home/airflow/.local/lib/python3.7/site-packages/airflow/example_dags/example_task_group_decorator.py
[2025-02-27T23:51:14.317+0000] {processor.py:766} INFO - DAG(s) dict_keys(['example_task_group_decorator']) retrieved from /home/airflow/.local/lib/python3.7/site-packages/airflow/example_dags/example_task_group_decorator.py
[2025-02-27T23:51:14.338+0000] {logging_mixin.py:120} INFO - [2025-02-27T23:51:14.338+0000] {dag.py:2585} INFO - Sync 1 DAGs
[2025-02-27T23:51:14.351+0000] {logging_mixin.py:120} INFO - [2025-02-27T23:51:14.351+0000] {dag.py:3340} INFO - Setting next_dagrun for example_task_group_decorator to 2025-02-26T23:51:14.351405+00:00, run_after=2025-02-27T23:51:14.351405+00:00
[2025-02-27T23:51:14.360+0000] {processor.py:176} INFO - Processing /home/airflow/.local/lib/python3.7/site-packages/airflow/example_dags/example_task_group_decorator.py took 0.061 seconds
[2025-02-27T23:51:45.169+0000] {processor.py:154} INFO - Started process (PID=634) to work on /home/airflow/.local/lib/python3.7/site-packages/airflow/example_dags/example_task_group_decorator.py
[2025-02-27T23:51:45.170+0000] {processor.py:756} INFO - Processing file /home/airflow/.local/lib/python3.7/site-packages/airflow/example_dags/example_task_group_decorator.py for tasks to queue
[2025-02-27T23:51:45.170+0000] {logging_mixin.py:120} INFO - [2025-02-27T23:51:45.170+0000] {dagbag.py:537} INFO - Filling up the DagBag from /home/airflow/.local/lib/python3.7/site-packages/airflow/example_dags/example_task_group_decorator.py
[2025-02-27T23:51:45.184+0000] {processor.py:766} INFO - DAG(s) dict_keys(['example_task_group_decorator']) retrieved from /home/airflow/.local/lib/python3.7/site-packages/airflow/example_dags/example_task_group_decorator.py
[2025-02-27T23:51:45.206+0000] {logging_mixin.py:120} INFO - [2025-02-27T23:51:45.206+0000] {dag.py:2585} INFO - Sync 1 DAGs
[2025-02-27T23:51:45.217+0000] {logging_mixin.py:120} INFO - [2025-02-27T23:51:45.217+0000] {dag.py:3340} INFO - Setting next_dagrun for example_task_group_decorator to 2025-02-26T23:51:45.217806+00:00, run_after=2025-02-27T23:51:45.217806+00:00
[2025-02-27T23:51:45.226+0000] {processor.py:176} INFO - Processing /home/airflow/.local/lib/python3.7/site-packages/airflow/example_dags/example_task_group_decorator.py took 0.059 seconds
[2025-02-27T23:52:16.030+0000] {processor.py:154} INFO - Started process (PID=698) to work on /home/airflow/.local/lib/python3.7/site-packages/airflow/example_dags/example_task_group_decorator.py
[2025-02-27T23:52:16.031+0000] {processor.py:756} INFO - Processing file /home/airflow/.local/lib/python3.7/site-packages/airflow/example_dags/example_task_group_decorator.py for tasks to queue
[2025-02-27T23:52:16.031+0000] {logging_mixin.py:120} INFO - [2025-02-27T23:52:16.031+0000] {dagbag.py:537} INFO - Filling up the DagBag from /home/airflow/.local/lib/python3.7/site-packages/airflow/example_dags/example_task_group_decorator.py
[2025-02-27T23:52:16.046+0000] {processor.py:766} INFO - DAG(s) dict_keys(['example_task_group_decorator']) retrieved from /home/airflow/.local/lib/python3.7/site-packages/airflow/example_dags/example_task_group_decorator.py
[2025-02-27T23:52:16.067+0000] {logging_mixin.py:120} INFO - [2025-02-27T23:52:16.066+0000] {dag.py:2585} INFO - Sync 1 DAGs
[2025-02-27T23:52:16.079+0000] {logging_mixin.py:120} INFO - [2025-02-27T23:52:16.078+0000] {dag.py:3340} INFO - Setting next_dagrun for example_task_group_decorator to 2025-02-26T23:52:16.078826+00:00, run_after=2025-02-27T23:52:16.078826+00:00
[2025-02-27T23:52:16.091+0000] {processor.py:176} INFO - Processing /home/airflow/.local/lib/python3.7/site-packages/airflow/example_dags/example_task_group_decorator.py took 0.063 seconds
[2025-02-27T23:52:46.874+0000] {processor.py:154} INFO - Started process (PID=761) to work on /home/airflow/.local/lib/python3.7/site-packages/airflow/example_dags/example_task_group_decorator.py
[2025-02-27T23:52:46.875+0000] {processor.py:756} INFO - Processing file /home/airflow/.local/lib/python3.7/site-packages/airflow/example_dags/example_task_group_decorator.py for tasks to queue
[2025-02-27T23:52:46.875+0000] {logging_mixin.py:120} INFO - [2025-02-27T23:52:46.875+0000] {dagbag.py:537} INFO - Filling up the DagBag from /home/airflow/.local/lib/python3.7/site-packages/airflow/example_dags/example_task_group_decorator.py
[2025-02-27T23:52:46.890+0000] {processor.py:766} INFO - DAG(s) dict_keys(['example_task_group_decorator']) retrieved from /home/airflow/.local/lib/python3.7/site-packages/airflow/example_dags/example_task_group_decorator.py
[2025-02-27T23:52:46.910+0000] {logging_mixin.py:120} INFO - [2025-02-27T23:52:46.910+0000] {dag.py:2585} INFO - Sync 1 DAGs
[2025-02-27T23:52:46.923+0000] {logging_mixin.py:120} INFO - [2025-02-27T23:52:46.923+0000] {dag.py:3340} INFO - Setting next_dagrun for example_task_group_decorator to 2025-02-26T23:52:46.923124+00:00, run_after=2025-02-27T23:52:46.923124+00:00
[2025-02-27T23:52:46.931+0000] {processor.py:176} INFO - Processing /home/airflow/.local/lib/python3.7/site-packages/airflow/example_dags/example_task_group_decorator.py took 0.059 seconds
[2025-02-27T23:53:17.623+0000] {processor.py:154} INFO - Started process (PID=823) to work on /home/airflow/.local/lib/python3.7/site-packages/airflow/example_dags/example_task_group_decorator.py
[2025-02-27T23:53:17.624+0000] {processor.py:756} INFO - Processing file /home/airflow/.local/lib/python3.7/site-packages/airflow/example_dags/example_task_group_decorator.py for tasks to queue
[2025-02-27T23:53:17.624+0000] {logging_mixin.py:120} INFO - [2025-02-27T23:53:17.624+0000] {dagbag.py:537} INFO - Filling up the DagBag from /home/airflow/.local/lib/python3.7/site-packages/airflow/example_dags/example_task_group_decorator.py
[2025-02-27T23:53:17.639+0000] {processor.py:766} INFO - DAG(s) dict_keys(['example_task_group_decorator']) retrieved from /home/airflow/.local/lib/python3.7/site-packages/airflow/example_dags/example_task_group_decorator.py
[2025-02-27T23:53:17.661+0000] {logging_mixin.py:120} INFO - [2025-02-27T23:53:17.661+0000] {dag.py:2585} INFO - Sync 1 DAGs
[2025-02-27T23:53:17.673+0000] {logging_mixin.py:120} INFO - [2025-02-27T23:53:17.673+0000] {dag.py:3340} INFO - Setting next_dagrun for example_task_group_decorator to 2025-02-26T23:53:17.673783+00:00, run_after=2025-02-27T23:53:17.673783+00:00
[2025-02-27T23:53:17.684+0000] {processor.py:176} INFO - Processing /home/airflow/.local/lib/python3.7/site-packages/airflow/example_dags/example_task_group_decorator.py took 0.062 seconds
[2025-02-27T23:53:48.525+0000] {processor.py:154} INFO - Started process (PID=887) to work on /home/airflow/.local/lib/python3.7/site-packages/airflow/example_dags/example_task_group_decorator.py
[2025-02-27T23:53:48.526+0000] {processor.py:756} INFO - Processing file /home/airflow/.local/lib/python3.7/site-packages/airflow/example_dags/example_task_group_decorator.py for tasks to queue
[2025-02-27T23:53:48.526+0000] {logging_mixin.py:120} INFO - [2025-02-27T23:53:48.526+0000] {dagbag.py:537} INFO - Filling up the DagBag from /home/airflow/.local/lib/python3.7/site-packages/airflow/example_dags/example_task_group_decorator.py
[2025-02-27T23:53:48.541+0000] {processor.py:766} INFO - DAG(s) dict_keys(['example_task_group_decorator']) retrieved from /home/airflow/.local/lib/python3.7/site-packages/airflow/example_dags/example_task_group_decorator.py
[2025-02-27T23:53:48.562+0000] {logging_mixin.py:120} INFO - [2025-02-27T23:53:48.562+0000] {dag.py:2585} INFO - Sync 1 DAGs
[2025-02-27T23:53:48.574+0000] {logging_mixin.py:120} INFO - [2025-02-27T23:53:48.574+0000] {dag.py:3340} INFO - Setting next_dagrun for example_task_group_decorator to 2025-02-26T23:53:48.574448+00:00, run_after=2025-02-27T23:53:48.574448+00:00
[2025-02-27T23:53:48.584+0000] {processor.py:176} INFO - Processing /home/airflow/.local/lib/python3.7/site-packages/airflow/example_dags/example_task_group_decorator.py took 0.060 seconds
[2025-02-27T23:54:19.511+0000] {processor.py:154} INFO - Started process (PID=950) to work on /home/airflow/.local/lib/python3.7/site-packages/airflow/example_dags/example_task_group_decorator.py
[2025-02-27T23:54:19.512+0000] {processor.py:756} INFO - Processing file /home/airflow/.local/lib/python3.7/site-packages/airflow/example_dags/example_task_group_decorator.py for tasks to queue
[2025-02-27T23:54:19.514+0000] {logging_mixin.py:120} INFO - [2025-02-27T23:54:19.514+0000] {dagbag.py:537} INFO - Filling up the DagBag from /home/airflow/.local/lib/python3.7/site-packages/airflow/example_dags/example_task_group_decorator.py
[2025-02-27T23:54:19.530+0000] {processor.py:766} INFO - DAG(s) dict_keys(['example_task_group_decorator']) retrieved from /home/airflow/.local/lib/python3.7/site-packages/airflow/example_dags/example_task_group_decorator.py
[2025-02-27T23:54:19.552+0000] {logging_mixin.py:120} INFO - [2025-02-27T23:54:19.552+0000] {dag.py:2585} INFO - Sync 1 DAGs
[2025-02-27T23:54:19.565+0000] {logging_mixin.py:120} INFO - [2025-02-27T23:54:19.565+0000] {dag.py:3340} INFO - Setting next_dagrun for example_task_group_decorator to 2025-02-26T23:54:19.565213+00:00, run_after=2025-02-27T23:54:19.565213+00:00
[2025-02-27T23:54:19.575+0000] {processor.py:176} INFO - Processing /home/airflow/.local/lib/python3.7/site-packages/airflow/example_dags/example_task_group_decorator.py took 0.066 seconds
[2025-02-27T23:54:50.333+0000] {processor.py:154} INFO - Started process (PID=1014) to work on /home/airflow/.local/lib/python3.7/site-packages/airflow/example_dags/example_task_group_decorator.py
[2025-02-27T23:54:50.334+0000] {processor.py:756} INFO - Processing file /home/airflow/.local/lib/python3.7/site-packages/airflow/example_dags/example_task_group_decorator.py for tasks to queue
[2025-02-27T23:54:50.334+0000] {logging_mixin.py:120} INFO - [2025-02-27T23:54:50.334+0000] {dagbag.py:537} INFO - Filling up the DagBag from /home/airflow/.local/lib/python3.7/site-packages/airflow/example_dags/example_task_group_decorator.py
[2025-02-27T23:54:50.349+0000] {processor.py:766} INFO - DAG(s) dict_keys(['example_task_group_decorator']) retrieved from /home/airflow/.local/lib/python3.7/site-packages/airflow/example_dags/example_task_group_decorator.py
[2025-02-27T23:54:50.372+0000] {logging_mixin.py:120} INFO - [2025-02-27T23:54:50.372+0000] {dag.py:2585} INFO - Sync 1 DAGs
[2025-02-27T23:54:50.390+0000] {logging_mixin.py:120} INFO - [2025-02-27T23:54:50.390+0000] {dag.py:3340} INFO - Setting next_dagrun for example_task_group_decorator to 2025-02-26T23:54:50.389812+00:00, run_after=2025-02-27T23:54:50.389812+00:00
[2025-02-27T23:54:50.406+0000] {processor.py:176} INFO - Processing /home/airflow/.local/lib/python3.7/site-packages/airflow/example_dags/example_task_group_decorator.py took 0.075 seconds
[2025-02-27T23:55:21.104+0000] {processor.py:154} INFO - Started process (PID=1069) to work on /home/airflow/.local/lib/python3.7/site-packages/airflow/example_dags/example_task_group_decorator.py
[2025-02-27T23:55:21.104+0000] {processor.py:756} INFO - Processing file /home/airflow/.local/lib/python3.7/site-packages/airflow/example_dags/example_task_group_decorator.py for tasks to queue
[2025-02-27T23:55:21.105+0000] {logging_mixin.py:120} INFO - [2025-02-27T23:55:21.105+0000] {dagbag.py:537} INFO - Filling up the DagBag from /home/airflow/.local/lib/python3.7/site-packages/airflow/example_dags/example_task_group_decorator.py
[2025-02-27T23:55:21.119+0000] {processor.py:766} INFO - DAG(s) dict_keys(['example_task_group_decorator']) retrieved from /home/airflow/.local/lib/python3.7/site-packages/airflow/example_dags/example_task_group_decorator.py
[2025-02-27T23:55:21.141+0000] {logging_mixin.py:120} INFO - [2025-02-27T23:55:21.141+0000] {dag.py:2585} INFO - Sync 1 DAGs
[2025-02-27T23:55:21.154+0000] {logging_mixin.py:120} INFO - [2025-02-27T23:55:21.154+0000] {dag.py:3340} INFO - Setting next_dagrun for example_task_group_decorator to 2025-02-26T23:55:21.154196+00:00, run_after=2025-02-27T23:55:21.154196+00:00
[2025-02-27T23:55:21.163+0000] {processor.py:176} INFO - Processing /home/airflow/.local/lib/python3.7/site-packages/airflow/example_dags/example_task_group_decorator.py took 0.062 seconds
[2025-02-27T23:55:51.849+0000] {processor.py:154} INFO - Started process (PID=1133) to work on /home/airflow/.local/lib/python3.7/site-packages/airflow/example_dags/example_task_group_decorator.py
[2025-02-27T23:55:51.850+0000] {processor.py:756} INFO - Processing file /home/airflow/.local/lib/python3.7/site-packages/airflow/example_dags/example_task_group_decorator.py for tasks to queue
[2025-02-27T23:55:51.850+0000] {logging_mixin.py:120} INFO - [2025-02-27T23:55:51.850+0000] {dagbag.py:537} INFO - Filling up the DagBag from /home/airflow/.local/lib/python3.7/site-packages/airflow/example_dags/example_task_group_decorator.py
[2025-02-27T23:55:51.864+0000] {processor.py:766} INFO - DAG(s) dict_keys(['example_task_group_decorator']) retrieved from /home/airflow/.local/lib/python3.7/site-packages/airflow/example_dags/example_task_group_decorator.py
[2025-02-27T23:55:51.885+0000] {logging_mixin.py:120} INFO - [2025-02-27T23:55:51.885+0000] {dag.py:2585} INFO - Sync 1 DAGs
[2025-02-27T23:55:51.897+0000] {logging_mixin.py:120} INFO - [2025-02-27T23:55:51.897+0000] {dag.py:3340} INFO - Setting next_dagrun for example_task_group_decorator to 2025-02-26T23:55:51.896926+00:00, run_after=2025-02-27T23:55:51.896926+00:00
[2025-02-27T23:55:51.906+0000] {processor.py:176} INFO - Processing /home/airflow/.local/lib/python3.7/site-packages/airflow/example_dags/example_task_group_decorator.py took 0.059 seconds
[2025-02-27T23:56:22.627+0000] {processor.py:154} INFO - Started process (PID=1197) to work on /home/airflow/.local/lib/python3.7/site-packages/airflow/example_dags/example_task_group_decorator.py
[2025-02-27T23:56:22.628+0000] {processor.py:756} INFO - Processing file /home/airflow/.local/lib/python3.7/site-packages/airflow/example_dags/example_task_group_decorator.py for tasks to queue
[2025-02-27T23:56:22.629+0000] {logging_mixin.py:120} INFO - [2025-02-27T23:56:22.629+0000] {dagbag.py:537} INFO - Filling up the DagBag from /home/airflow/.local/lib/python3.7/site-packages/airflow/example_dags/example_task_group_decorator.py
[2025-02-27T23:56:22.643+0000] {processor.py:766} INFO - DAG(s) dict_keys(['example_task_group_decorator']) retrieved from /home/airflow/.local/lib/python3.7/site-packages/airflow/example_dags/example_task_group_decorator.py
[2025-02-27T23:56:22.666+0000] {logging_mixin.py:120} INFO - [2025-02-27T23:56:22.666+0000] {dag.py:2585} INFO - Sync 1 DAGs
[2025-02-27T23:56:22.678+0000] {logging_mixin.py:120} INFO - [2025-02-27T23:56:22.678+0000] {dag.py:3340} INFO - Setting next_dagrun for example_task_group_decorator to 2025-02-26T23:56:22.678370+00:00, run_after=2025-02-27T23:56:22.678370+00:00
[2025-02-27T23:56:22.688+0000] {processor.py:176} INFO - Processing /home/airflow/.local/lib/python3.7/site-packages/airflow/example_dags/example_task_group_decorator.py took 0.063 seconds
[2025-02-27T23:56:53.446+0000] {processor.py:154} INFO - Started process (PID=1261) to work on /home/airflow/.local/lib/python3.7/site-packages/airflow/example_dags/example_task_group_decorator.py
[2025-02-27T23:56:53.447+0000] {processor.py:756} INFO - Processing file /home/airflow/.local/lib/python3.7/site-packages/airflow/example_dags/example_task_group_decorator.py for tasks to queue
[2025-02-27T23:56:53.448+0000] {logging_mixin.py:120} INFO - [2025-02-27T23:56:53.447+0000] {dagbag.py:537} INFO - Filling up the DagBag from /home/airflow/.local/lib/python3.7/site-packages/airflow/example_dags/example_task_group_decorator.py
[2025-02-27T23:56:53.463+0000] {processor.py:766} INFO - DAG(s) dict_keys(['example_task_group_decorator']) retrieved from /home/airflow/.local/lib/python3.7/site-packages/airflow/example_dags/example_task_group_decorator.py
[2025-02-27T23:56:53.484+0000] {logging_mixin.py:120} INFO - [2025-02-27T23:56:53.484+0000] {dag.py:2585} INFO - Sync 1 DAGs
[2025-02-27T23:56:53.497+0000] {logging_mixin.py:120} INFO - [2025-02-27T23:56:53.497+0000] {dag.py:3340} INFO - Setting next_dagrun for example_task_group_decorator to 2025-02-26T23:56:53.497705+00:00, run_after=2025-02-27T23:56:53.497705+00:00
[2025-02-27T23:56:53.509+0000] {processor.py:176} INFO - Processing /home/airflow/.local/lib/python3.7/site-packages/airflow/example_dags/example_task_group_decorator.py took 0.065 seconds
[2025-02-27T23:57:24.393+0000] {processor.py:154} INFO - Started process (PID=1325) to work on /home/airflow/.local/lib/python3.7/site-packages/airflow/example_dags/example_task_group_decorator.py
[2025-02-27T23:57:24.394+0000] {processor.py:756} INFO - Processing file /home/airflow/.local/lib/python3.7/site-packages/airflow/example_dags/example_task_group_decorator.py for tasks to queue
[2025-02-27T23:57:24.395+0000] {logging_mixin.py:120} INFO - [2025-02-27T23:57:24.395+0000] {dagbag.py:537} INFO - Filling up the DagBag from /home/airflow/.local/lib/python3.7/site-packages/airflow/example_dags/example_task_group_decorator.py
[2025-02-27T23:57:24.409+0000] {processor.py:766} INFO - DAG(s) dict_keys(['example_task_group_decorator']) retrieved from /home/airflow/.local/lib/python3.7/site-packages/airflow/example_dags/example_task_group_decorator.py
[2025-02-27T23:57:24.430+0000] {logging_mixin.py:120} INFO - [2025-02-27T23:57:24.430+0000] {dag.py:2585} INFO - Sync 1 DAGs
[2025-02-27T23:57:24.443+0000] {logging_mixin.py:120} INFO - [2025-02-27T23:57:24.442+0000] {dag.py:3340} INFO - Setting next_dagrun for example_task_group_decorator to 2025-02-26T23:57:24.442878+00:00, run_after=2025-02-27T23:57:24.442878+00:00
[2025-02-27T23:57:24.452+0000] {processor.py:176} INFO - Processing /home/airflow/.local/lib/python3.7/site-packages/airflow/example_dags/example_task_group_decorator.py took 0.061 seconds
[2025-02-27T23:57:55.257+0000] {processor.py:154} INFO - Started process (PID=1388) to work on /home/airflow/.local/lib/python3.7/site-packages/airflow/example_dags/example_task_group_decorator.py
[2025-02-27T23:57:55.258+0000] {processor.py:756} INFO - Processing file /home/airflow/.local/lib/python3.7/site-packages/airflow/example_dags/example_task_group_decorator.py for tasks to queue
[2025-02-27T23:57:55.259+0000] {logging_mixin.py:120} INFO - [2025-02-27T23:57:55.259+0000] {dagbag.py:537} INFO - Filling up the DagBag from /home/airflow/.local/lib/python3.7/site-packages/airflow/example_dags/example_task_group_decorator.py
[2025-02-27T23:57:55.272+0000] {processor.py:766} INFO - DAG(s) dict_keys(['example_task_group_decorator']) retrieved from /home/airflow/.local/lib/python3.7/site-packages/airflow/example_dags/example_task_group_decorator.py
[2025-02-27T23:57:55.294+0000] {logging_mixin.py:120} INFO - [2025-02-27T23:57:55.293+0000] {dag.py:2585} INFO - Sync 1 DAGs
[2025-02-27T23:57:55.306+0000] {logging_mixin.py:120} INFO - [2025-02-27T23:57:55.306+0000] {dag.py:3340} INFO - Setting next_dagrun for example_task_group_decorator to 2025-02-26T23:57:55.305925+00:00, run_after=2025-02-27T23:57:55.305925+00:00
[2025-02-27T23:57:55.317+0000] {processor.py:176} INFO - Processing /home/airflow/.local/lib/python3.7/site-packages/airflow/example_dags/example_task_group_decorator.py took 0.061 seconds
[2025-02-27T23:58:26.070+0000] {processor.py:154} INFO - Started process (PID=1451) to work on /home/airflow/.local/lib/python3.7/site-packages/airflow/example_dags/example_task_group_decorator.py
[2025-02-27T23:58:26.071+0000] {processor.py:756} INFO - Processing file /home/airflow/.local/lib/python3.7/site-packages/airflow/example_dags/example_task_group_decorator.py for tasks to queue
[2025-02-27T23:58:26.071+0000] {logging_mixin.py:120} INFO - [2025-02-27T23:58:26.071+0000] {dagbag.py:537} INFO - Filling up the DagBag from /home/airflow/.local/lib/python3.7/site-packages/airflow/example_dags/example_task_group_decorator.py
[2025-02-27T23:58:26.086+0000] {processor.py:766} INFO - DAG(s) dict_keys(['example_task_group_decorator']) retrieved from /home/airflow/.local/lib/python3.7/site-packages/airflow/example_dags/example_task_group_decorator.py
[2025-02-27T23:58:26.109+0000] {logging_mixin.py:120} INFO - [2025-02-27T23:58:26.109+0000] {dag.py:2585} INFO - Sync 1 DAGs
[2025-02-27T23:58:26.121+0000] {logging_mixin.py:120} INFO - [2025-02-27T23:58:26.121+0000] {dag.py:3340} INFO - Setting next_dagrun for example_task_group_decorator to 2025-02-26T23:58:26.121520+00:00, run_after=2025-02-27T23:58:26.121520+00:00
[2025-02-27T23:58:26.131+0000] {processor.py:176} INFO - Processing /home/airflow/.local/lib/python3.7/site-packages/airflow/example_dags/example_task_group_decorator.py took 0.063 seconds
[2025-02-27T23:58:56.840+0000] {processor.py:154} INFO - Started process (PID=1515) to work on /home/airflow/.local/lib/python3.7/site-packages/airflow/example_dags/example_task_group_decorator.py
[2025-02-27T23:58:56.841+0000] {processor.py:756} INFO - Processing file /home/airflow/.local/lib/python3.7/site-packages/airflow/example_dags/example_task_group_decorator.py for tasks to queue
[2025-02-27T23:58:56.842+0000] {logging_mixin.py:120} INFO - [2025-02-27T23:58:56.842+0000] {dagbag.py:537} INFO - Filling up the DagBag from /home/airflow/.local/lib/python3.7/site-packages/airflow/example_dags/example_task_group_decorator.py
[2025-02-27T23:58:56.855+0000] {processor.py:766} INFO - DAG(s) dict_keys(['example_task_group_decorator']) retrieved from /home/airflow/.local/lib/python3.7/site-packages/airflow/example_dags/example_task_group_decorator.py
[2025-02-27T23:58:56.875+0000] {logging_mixin.py:120} INFO - [2025-02-27T23:58:56.875+0000] {dag.py:2585} INFO - Sync 1 DAGs
[2025-02-27T23:58:56.888+0000] {logging_mixin.py:120} INFO - [2025-02-27T23:58:56.888+0000] {dag.py:3340} INFO - Setting next_dagrun for example_task_group_decorator to 2025-02-26T23:58:56.888580+00:00, run_after=2025-02-27T23:58:56.888580+00:00
[2025-02-27T23:58:56.900+0000] {processor.py:176} INFO - Processing /home/airflow/.local/lib/python3.7/site-packages/airflow/example_dags/example_task_group_decorator.py took 0.062 seconds
[2025-02-27T23:59:27.535+0000] {processor.py:154} INFO - Started process (PID=1570) to work on /home/airflow/.local/lib/python3.7/site-packages/airflow/example_dags/example_task_group_decorator.py
[2025-02-27T23:59:27.536+0000] {processor.py:756} INFO - Processing file /home/airflow/.local/lib/python3.7/site-packages/airflow/example_dags/example_task_group_decorator.py for tasks to queue
[2025-02-27T23:59:27.536+0000] {logging_mixin.py:120} INFO - [2025-02-27T23:59:27.536+0000] {dagbag.py:537} INFO - Filling up the DagBag from /home/airflow/.local/lib/python3.7/site-packages/airflow/example_dags/example_task_group_decorator.py
[2025-02-27T23:59:27.550+0000] {processor.py:766} INFO - DAG(s) dict_keys(['example_task_group_decorator']) retrieved from /home/airflow/.local/lib/python3.7/site-packages/airflow/example_dags/example_task_group_decorator.py
[2025-02-27T23:59:27.571+0000] {logging_mixin.py:120} INFO - [2025-02-27T23:59:27.571+0000] {dag.py:2585} INFO - Sync 1 DAGs
[2025-02-27T23:59:27.587+0000] {logging_mixin.py:120} INFO - [2025-02-27T23:59:27.587+0000] {dag.py:3340} INFO - Setting next_dagrun for example_task_group_decorator to 2025-02-26T23:59:27.586991+00:00, run_after=2025-02-27T23:59:27.586991+00:00
[2025-02-27T23:59:27.604+0000] {processor.py:176} INFO - Processing /home/airflow/.local/lib/python3.7/site-packages/airflow/example_dags/example_task_group_decorator.py took 0.071 seconds
[2025-02-27T23:59:58.408+0000] {processor.py:154} INFO - Started process (PID=1634) to work on /home/airflow/.local/lib/python3.7/site-packages/airflow/example_dags/example_task_group_decorator.py
[2025-02-27T23:59:58.409+0000] {processor.py:756} INFO - Processing file /home/airflow/.local/lib/python3.7/site-packages/airflow/example_dags/example_task_group_decorator.py for tasks to queue
[2025-02-27T23:59:58.409+0000] {logging_mixin.py:120} INFO - [2025-02-27T23:59:58.409+0000] {dagbag.py:537} INFO - Filling up the DagBag from /home/airflow/.local/lib/python3.7/site-packages/airflow/example_dags/example_task_group_decorator.py
[2025-02-27T23:59:58.423+0000] {processor.py:766} INFO - DAG(s) dict_keys(['example_task_group_decorator']) retrieved from /home/airflow/.local/lib/python3.7/site-packages/airflow/example_dags/example_task_group_decorator.py
[2025-02-27T23:59:58.444+0000] {logging_mixin.py:120} INFO - [2025-02-27T23:59:58.444+0000] {dag.py:2585} INFO - Sync 1 DAGs
[2025-02-27T23:59:58.455+0000] {logging_mixin.py:120} INFO - [2025-02-27T23:59:58.455+0000] {dag.py:3340} INFO - Setting next_dagrun for example_task_group_decorator to 2025-02-26T23:59:58.455612+00:00, run_after=2025-02-27T23:59:58.455612+00:00
[2025-02-27T23:59:58.465+0000] {processor.py:176} INFO - Processing /home/airflow/.local/lib/python3.7/site-packages/airflow/example_dags/example_task_group_decorator.py took 0.059 seconds
