[2025-02-27T23:47:05.845+0000] {processor.py:154} INFO - Started process (PID=44) to work on /home/airflow/.local/lib/python3.7/site-packages/airflow/example_dags/example_task_group.py
[2025-02-27T23:47:05.846+0000] {processor.py:756} INFO - Processing file /home/airflow/.local/lib/python3.7/site-packages/airflow/example_dags/example_task_group.py for tasks to queue
[2025-02-27T23:47:05.847+0000] {logging_mixin.py:120} INFO - [2025-02-27T23:47:05.847+0000] {dagbag.py:537} INFO - Filling up the DagBag from /home/airflow/.local/lib/python3.7/site-packages/airflow/example_dags/example_task_group.py
[2025-02-27T23:47:05.860+0000] {processor.py:766} INFO - DAG(s) dict_keys(['example_task_group']) retrieved from /home/airflow/.local/lib/python3.7/site-packages/airflow/example_dags/example_task_group.py
[2025-02-27T23:47:05.897+0000] {logging_mixin.py:120} INFO - [2025-02-27T23:47:05.897+0000] {dag.py:2585} INFO - Sync 1 DAGs
[2025-02-27T23:47:05.919+0000] {logging_mixin.py:120} INFO - [2025-02-27T23:47:05.919+0000] {dag.py:3340} INFO - Setting next_dagrun for example_task_group to 2025-02-26T23:47:05.919257+00:00, run_after=2025-02-27T23:47:05.919257+00:00
[2025-02-27T23:47:05.942+0000] {processor.py:176} INFO - Processing /home/airflow/.local/lib/python3.7/site-packages/airflow/example_dags/example_task_group.py took 0.099 seconds
[2025-02-27T23:47:36.235+0000] {processor.py:154} INFO - Started process (PID=108) to work on /home/airflow/.local/lib/python3.7/site-packages/airflow/example_dags/example_task_group.py
[2025-02-27T23:47:36.235+0000] {processor.py:756} INFO - Processing file /home/airflow/.local/lib/python3.7/site-packages/airflow/example_dags/example_task_group.py for tasks to queue
[2025-02-27T23:47:36.236+0000] {logging_mixin.py:120} INFO - [2025-02-27T23:47:36.236+0000] {dagbag.py:537} INFO - Filling up the DagBag from /home/airflow/.local/lib/python3.7/site-packages/airflow/example_dags/example_task_group.py
[2025-02-27T23:47:36.246+0000] {processor.py:766} INFO - DAG(s) dict_keys(['example_task_group']) retrieved from /home/airflow/.local/lib/python3.7/site-packages/airflow/example_dags/example_task_group.py
[2025-02-27T23:47:36.269+0000] {logging_mixin.py:120} INFO - [2025-02-27T23:47:36.269+0000] {dag.py:2585} INFO - Sync 1 DAGs
[2025-02-27T23:47:36.287+0000] {logging_mixin.py:120} INFO - [2025-02-27T23:47:36.287+0000] {dag.py:3340} INFO - Setting next_dagrun for example_task_group to 2025-02-26T23:47:36.287355+00:00, run_after=2025-02-27T23:47:36.287355+00:00
[2025-02-27T23:47:36.299+0000] {processor.py:176} INFO - Processing /home/airflow/.local/lib/python3.7/site-packages/airflow/example_dags/example_task_group.py took 0.066 seconds
[2025-02-27T23:48:06.320+0000] {processor.py:154} INFO - Started process (PID=173) to work on /home/airflow/.local/lib/python3.7/site-packages/airflow/example_dags/example_task_group.py
[2025-02-27T23:48:06.321+0000] {processor.py:756} INFO - Processing file /home/airflow/.local/lib/python3.7/site-packages/airflow/example_dags/example_task_group.py for tasks to queue
[2025-02-27T23:48:06.321+0000] {logging_mixin.py:120} INFO - [2025-02-27T23:48:06.321+0000] {dagbag.py:537} INFO - Filling up the DagBag from /home/airflow/.local/lib/python3.7/site-packages/airflow/example_dags/example_task_group.py
[2025-02-27T23:48:06.329+0000] {processor.py:766} INFO - DAG(s) dict_keys(['example_task_group']) retrieved from /home/airflow/.local/lib/python3.7/site-packages/airflow/example_dags/example_task_group.py
[2025-02-27T23:48:06.342+0000] {logging_mixin.py:120} INFO - [2025-02-27T23:48:06.342+0000] {dag.py:2585} INFO - Sync 1 DAGs
[2025-02-27T23:48:06.355+0000] {logging_mixin.py:120} INFO - [2025-02-27T23:48:06.355+0000] {dag.py:3340} INFO - Setting next_dagrun for example_task_group to 2025-02-26T23:48:06.355113+00:00, run_after=2025-02-27T23:48:06.355113+00:00
[2025-02-27T23:48:06.363+0000] {processor.py:176} INFO - Processing /home/airflow/.local/lib/python3.7/site-packages/airflow/example_dags/example_task_group.py took 0.045 seconds
[2025-02-27T23:48:37.014+0000] {processor.py:154} INFO - Started process (PID=237) to work on /home/airflow/.local/lib/python3.7/site-packages/airflow/example_dags/example_task_group.py
[2025-02-27T23:48:37.015+0000] {processor.py:756} INFO - Processing file /home/airflow/.local/lib/python3.7/site-packages/airflow/example_dags/example_task_group.py for tasks to queue
[2025-02-27T23:48:37.015+0000] {logging_mixin.py:120} INFO - [2025-02-27T23:48:37.015+0000] {dagbag.py:537} INFO - Filling up the DagBag from /home/airflow/.local/lib/python3.7/site-packages/airflow/example_dags/example_task_group.py
[2025-02-27T23:48:37.025+0000] {processor.py:766} INFO - DAG(s) dict_keys(['example_task_group']) retrieved from /home/airflow/.local/lib/python3.7/site-packages/airflow/example_dags/example_task_group.py
[2025-02-27T23:48:37.047+0000] {logging_mixin.py:120} INFO - [2025-02-27T23:48:37.047+0000] {dag.py:2585} INFO - Sync 1 DAGs
[2025-02-27T23:48:37.059+0000] {logging_mixin.py:120} INFO - [2025-02-27T23:48:37.059+0000] {dag.py:3340} INFO - Setting next_dagrun for example_task_group to 2025-02-26T23:48:37.059297+00:00, run_after=2025-02-27T23:48:37.059297+00:00
[2025-02-27T23:48:37.069+0000] {processor.py:176} INFO - Processing /home/airflow/.local/lib/python3.7/site-packages/airflow/example_dags/example_task_group.py took 0.058 seconds
[2025-02-27T23:49:07.967+0000] {processor.py:154} INFO - Started process (PID=292) to work on /home/airflow/.local/lib/python3.7/site-packages/airflow/example_dags/example_task_group.py
[2025-02-27T23:49:07.968+0000] {processor.py:756} INFO - Processing file /home/airflow/.local/lib/python3.7/site-packages/airflow/example_dags/example_task_group.py for tasks to queue
[2025-02-27T23:49:07.969+0000] {logging_mixin.py:120} INFO - [2025-02-27T23:49:07.969+0000] {dagbag.py:537} INFO - Filling up the DagBag from /home/airflow/.local/lib/python3.7/site-packages/airflow/example_dags/example_task_group.py
[2025-02-27T23:49:07.978+0000] {processor.py:766} INFO - DAG(s) dict_keys(['example_task_group']) retrieved from /home/airflow/.local/lib/python3.7/site-packages/airflow/example_dags/example_task_group.py
[2025-02-27T23:49:08.000+0000] {logging_mixin.py:120} INFO - [2025-02-27T23:49:08.000+0000] {dag.py:2585} INFO - Sync 1 DAGs
[2025-02-27T23:49:08.013+0000] {logging_mixin.py:120} INFO - [2025-02-27T23:49:08.012+0000] {dag.py:3340} INFO - Setting next_dagrun for example_task_group to 2025-02-26T23:49:08.012833+00:00, run_after=2025-02-27T23:49:08.012833+00:00
[2025-02-27T23:49:08.024+0000] {processor.py:176} INFO - Processing /home/airflow/.local/lib/python3.7/site-packages/airflow/example_dags/example_task_group.py took 0.059 seconds
[2025-02-27T23:49:38.797+0000] {processor.py:154} INFO - Started process (PID=356) to work on /home/airflow/.local/lib/python3.7/site-packages/airflow/example_dags/example_task_group.py
[2025-02-27T23:49:38.797+0000] {processor.py:756} INFO - Processing file /home/airflow/.local/lib/python3.7/site-packages/airflow/example_dags/example_task_group.py for tasks to queue
[2025-02-27T23:49:38.798+0000] {logging_mixin.py:120} INFO - [2025-02-27T23:49:38.798+0000] {dagbag.py:537} INFO - Filling up the DagBag from /home/airflow/.local/lib/python3.7/site-packages/airflow/example_dags/example_task_group.py
[2025-02-27T23:49:38.806+0000] {processor.py:766} INFO - DAG(s) dict_keys(['example_task_group']) retrieved from /home/airflow/.local/lib/python3.7/site-packages/airflow/example_dags/example_task_group.py
[2025-02-27T23:49:38.826+0000] {logging_mixin.py:120} INFO - [2025-02-27T23:49:38.826+0000] {dag.py:2585} INFO - Sync 1 DAGs
[2025-02-27T23:49:38.839+0000] {logging_mixin.py:120} INFO - [2025-02-27T23:49:38.838+0000] {dag.py:3340} INFO - Setting next_dagrun for example_task_group to 2025-02-26T23:49:38.838863+00:00, run_after=2025-02-27T23:49:38.838863+00:00
[2025-02-27T23:49:38.848+0000] {processor.py:176} INFO - Processing /home/airflow/.local/lib/python3.7/site-packages/airflow/example_dags/example_task_group.py took 0.054 seconds
[2025-02-27T23:50:09.572+0000] {processor.py:154} INFO - Started process (PID=420) to work on /home/airflow/.local/lib/python3.7/site-packages/airflow/example_dags/example_task_group.py
[2025-02-27T23:50:09.573+0000] {processor.py:756} INFO - Processing file /home/airflow/.local/lib/python3.7/site-packages/airflow/example_dags/example_task_group.py for tasks to queue
[2025-02-27T23:50:09.574+0000] {logging_mixin.py:120} INFO - [2025-02-27T23:50:09.574+0000] {dagbag.py:537} INFO - Filling up the DagBag from /home/airflow/.local/lib/python3.7/site-packages/airflow/example_dags/example_task_group.py
[2025-02-27T23:50:09.583+0000] {processor.py:766} INFO - DAG(s) dict_keys(['example_task_group']) retrieved from /home/airflow/.local/lib/python3.7/site-packages/airflow/example_dags/example_task_group.py
[2025-02-27T23:50:09.604+0000] {logging_mixin.py:120} INFO - [2025-02-27T23:50:09.604+0000] {dag.py:2585} INFO - Sync 1 DAGs
[2025-02-27T23:50:09.617+0000] {logging_mixin.py:120} INFO - [2025-02-27T23:50:09.617+0000] {dag.py:3340} INFO - Setting next_dagrun for example_task_group to 2025-02-26T23:50:09.617529+00:00, run_after=2025-02-27T23:50:09.617529+00:00
[2025-02-27T23:50:09.627+0000] {processor.py:176} INFO - Processing /home/airflow/.local/lib/python3.7/site-packages/airflow/example_dags/example_task_group.py took 0.057 seconds
[2025-02-27T23:50:40.494+0000] {processor.py:154} INFO - Started process (PID=484) to work on /home/airflow/.local/lib/python3.7/site-packages/airflow/example_dags/example_task_group.py
[2025-02-27T23:50:40.494+0000] {processor.py:756} INFO - Processing file /home/airflow/.local/lib/python3.7/site-packages/airflow/example_dags/example_task_group.py for tasks to queue
[2025-02-27T23:50:40.495+0000] {logging_mixin.py:120} INFO - [2025-02-27T23:50:40.495+0000] {dagbag.py:537} INFO - Filling up the DagBag from /home/airflow/.local/lib/python3.7/site-packages/airflow/example_dags/example_task_group.py
[2025-02-27T23:50:40.503+0000] {processor.py:766} INFO - DAG(s) dict_keys(['example_task_group']) retrieved from /home/airflow/.local/lib/python3.7/site-packages/airflow/example_dags/example_task_group.py
[2025-02-27T23:50:40.524+0000] {logging_mixin.py:120} INFO - [2025-02-27T23:50:40.524+0000] {dag.py:2585} INFO - Sync 1 DAGs
[2025-02-27T23:50:40.537+0000] {logging_mixin.py:120} INFO - [2025-02-27T23:50:40.537+0000] {dag.py:3340} INFO - Setting next_dagrun for example_task_group to 2025-02-26T23:50:40.536890+00:00, run_after=2025-02-27T23:50:40.536890+00:00
[2025-02-27T23:50:40.547+0000] {processor.py:176} INFO - Processing /home/airflow/.local/lib/python3.7/site-packages/airflow/example_dags/example_task_group.py took 0.055 seconds
[2025-02-27T23:51:11.354+0000] {processor.py:154} INFO - Started process (PID=548) to work on /home/airflow/.local/lib/python3.7/site-packages/airflow/example_dags/example_task_group.py
[2025-02-27T23:51:11.354+0000] {processor.py:756} INFO - Processing file /home/airflow/.local/lib/python3.7/site-packages/airflow/example_dags/example_task_group.py for tasks to queue
[2025-02-27T23:51:11.355+0000] {logging_mixin.py:120} INFO - [2025-02-27T23:51:11.355+0000] {dagbag.py:537} INFO - Filling up the DagBag from /home/airflow/.local/lib/python3.7/site-packages/airflow/example_dags/example_task_group.py
[2025-02-27T23:51:11.363+0000] {processor.py:766} INFO - DAG(s) dict_keys(['example_task_group']) retrieved from /home/airflow/.local/lib/python3.7/site-packages/airflow/example_dags/example_task_group.py
[2025-02-27T23:51:11.384+0000] {logging_mixin.py:120} INFO - [2025-02-27T23:51:11.384+0000] {dag.py:2585} INFO - Sync 1 DAGs
[2025-02-27T23:51:11.396+0000] {logging_mixin.py:120} INFO - [2025-02-27T23:51:11.396+0000] {dag.py:3340} INFO - Setting next_dagrun for example_task_group to 2025-02-26T23:51:11.396469+00:00, run_after=2025-02-27T23:51:11.396469+00:00
[2025-02-27T23:51:11.406+0000] {processor.py:176} INFO - Processing /home/airflow/.local/lib/python3.7/site-packages/airflow/example_dags/example_task_group.py took 0.054 seconds
[2025-02-27T23:51:42.133+0000] {processor.py:154} INFO - Started process (PID=612) to work on /home/airflow/.local/lib/python3.7/site-packages/airflow/example_dags/example_task_group.py
[2025-02-27T23:51:42.133+0000] {processor.py:756} INFO - Processing file /home/airflow/.local/lib/python3.7/site-packages/airflow/example_dags/example_task_group.py for tasks to queue
[2025-02-27T23:51:42.134+0000] {logging_mixin.py:120} INFO - [2025-02-27T23:51:42.134+0000] {dagbag.py:537} INFO - Filling up the DagBag from /home/airflow/.local/lib/python3.7/site-packages/airflow/example_dags/example_task_group.py
[2025-02-27T23:51:42.142+0000] {processor.py:766} INFO - DAG(s) dict_keys(['example_task_group']) retrieved from /home/airflow/.local/lib/python3.7/site-packages/airflow/example_dags/example_task_group.py
[2025-02-27T23:51:42.162+0000] {logging_mixin.py:120} INFO - [2025-02-27T23:51:42.162+0000] {dag.py:2585} INFO - Sync 1 DAGs
[2025-02-27T23:51:42.176+0000] {logging_mixin.py:120} INFO - [2025-02-27T23:51:42.176+0000] {dag.py:3340} INFO - Setting next_dagrun for example_task_group to 2025-02-26T23:51:42.175941+00:00, run_after=2025-02-27T23:51:42.175941+00:00
[2025-02-27T23:51:42.184+0000] {processor.py:176} INFO - Processing /home/airflow/.local/lib/python3.7/site-packages/airflow/example_dags/example_task_group.py took 0.053 seconds
[2025-02-27T23:52:13.081+0000] {processor.py:154} INFO - Started process (PID=676) to work on /home/airflow/.local/lib/python3.7/site-packages/airflow/example_dags/example_task_group.py
[2025-02-27T23:52:13.082+0000] {processor.py:756} INFO - Processing file /home/airflow/.local/lib/python3.7/site-packages/airflow/example_dags/example_task_group.py for tasks to queue
[2025-02-27T23:52:13.082+0000] {logging_mixin.py:120} INFO - [2025-02-27T23:52:13.082+0000] {dagbag.py:537} INFO - Filling up the DagBag from /home/airflow/.local/lib/python3.7/site-packages/airflow/example_dags/example_task_group.py
[2025-02-27T23:52:13.091+0000] {processor.py:766} INFO - DAG(s) dict_keys(['example_task_group']) retrieved from /home/airflow/.local/lib/python3.7/site-packages/airflow/example_dags/example_task_group.py
[2025-02-27T23:52:13.112+0000] {logging_mixin.py:120} INFO - [2025-02-27T23:52:13.112+0000] {dag.py:2585} INFO - Sync 1 DAGs
[2025-02-27T23:52:13.123+0000] {logging_mixin.py:120} INFO - [2025-02-27T23:52:13.123+0000] {dag.py:3340} INFO - Setting next_dagrun for example_task_group to 2025-02-26T23:52:13.123503+00:00, run_after=2025-02-27T23:52:13.123503+00:00
[2025-02-27T23:52:13.133+0000] {processor.py:176} INFO - Processing /home/airflow/.local/lib/python3.7/site-packages/airflow/example_dags/example_task_group.py took 0.054 seconds
[2025-02-27T23:52:43.873+0000] {processor.py:154} INFO - Started process (PID=739) to work on /home/airflow/.local/lib/python3.7/site-packages/airflow/example_dags/example_task_group.py
[2025-02-27T23:52:43.873+0000] {processor.py:756} INFO - Processing file /home/airflow/.local/lib/python3.7/site-packages/airflow/example_dags/example_task_group.py for tasks to queue
[2025-02-27T23:52:43.874+0000] {logging_mixin.py:120} INFO - [2025-02-27T23:52:43.874+0000] {dagbag.py:537} INFO - Filling up the DagBag from /home/airflow/.local/lib/python3.7/site-packages/airflow/example_dags/example_task_group.py
[2025-02-27T23:52:43.883+0000] {processor.py:766} INFO - DAG(s) dict_keys(['example_task_group']) retrieved from /home/airflow/.local/lib/python3.7/site-packages/airflow/example_dags/example_task_group.py
[2025-02-27T23:52:43.912+0000] {logging_mixin.py:120} INFO - [2025-02-27T23:52:43.912+0000] {dag.py:2585} INFO - Sync 1 DAGs
[2025-02-27T23:52:43.924+0000] {logging_mixin.py:120} INFO - [2025-02-27T23:52:43.924+0000] {dag.py:3340} INFO - Setting next_dagrun for example_task_group to 2025-02-26T23:52:43.924049+00:00, run_after=2025-02-27T23:52:43.924049+00:00
[2025-02-27T23:52:43.941+0000] {processor.py:176} INFO - Processing /home/airflow/.local/lib/python3.7/site-packages/airflow/example_dags/example_task_group.py took 0.071 seconds
[2025-02-27T23:53:14.664+0000] {processor.py:154} INFO - Started process (PID=801) to work on /home/airflow/.local/lib/python3.7/site-packages/airflow/example_dags/example_task_group.py
[2025-02-27T23:53:14.665+0000] {processor.py:756} INFO - Processing file /home/airflow/.local/lib/python3.7/site-packages/airflow/example_dags/example_task_group.py for tasks to queue
[2025-02-27T23:53:14.665+0000] {logging_mixin.py:120} INFO - [2025-02-27T23:53:14.665+0000] {dagbag.py:537} INFO - Filling up the DagBag from /home/airflow/.local/lib/python3.7/site-packages/airflow/example_dags/example_task_group.py
[2025-02-27T23:53:14.674+0000] {processor.py:766} INFO - DAG(s) dict_keys(['example_task_group']) retrieved from /home/airflow/.local/lib/python3.7/site-packages/airflow/example_dags/example_task_group.py
[2025-02-27T23:53:14.694+0000] {logging_mixin.py:120} INFO - [2025-02-27T23:53:14.694+0000] {dag.py:2585} INFO - Sync 1 DAGs
[2025-02-27T23:53:14.707+0000] {logging_mixin.py:120} INFO - [2025-02-27T23:53:14.707+0000] {dag.py:3340} INFO - Setting next_dagrun for example_task_group to 2025-02-26T23:53:14.706892+00:00, run_after=2025-02-27T23:53:14.706892+00:00
[2025-02-27T23:53:14.717+0000] {processor.py:176} INFO - Processing /home/airflow/.local/lib/python3.7/site-packages/airflow/example_dags/example_task_group.py took 0.054 seconds
[2025-02-27T23:53:45.551+0000] {processor.py:154} INFO - Started process (PID=856) to work on /home/airflow/.local/lib/python3.7/site-packages/airflow/example_dags/example_task_group.py
[2025-02-27T23:53:45.552+0000] {processor.py:756} INFO - Processing file /home/airflow/.local/lib/python3.7/site-packages/airflow/example_dags/example_task_group.py for tasks to queue
[2025-02-27T23:53:45.552+0000] {logging_mixin.py:120} INFO - [2025-02-27T23:53:45.552+0000] {dagbag.py:537} INFO - Filling up the DagBag from /home/airflow/.local/lib/python3.7/site-packages/airflow/example_dags/example_task_group.py
[2025-02-27T23:53:45.560+0000] {processor.py:766} INFO - DAG(s) dict_keys(['example_task_group']) retrieved from /home/airflow/.local/lib/python3.7/site-packages/airflow/example_dags/example_task_group.py
[2025-02-27T23:53:45.580+0000] {logging_mixin.py:120} INFO - [2025-02-27T23:53:45.580+0000] {dag.py:2585} INFO - Sync 1 DAGs
[2025-02-27T23:53:45.592+0000] {logging_mixin.py:120} INFO - [2025-02-27T23:53:45.592+0000] {dag.py:3340} INFO - Setting next_dagrun for example_task_group to 2025-02-26T23:53:45.592789+00:00, run_after=2025-02-27T23:53:45.592789+00:00
[2025-02-27T23:53:45.601+0000] {processor.py:176} INFO - Processing /home/airflow/.local/lib/python3.7/site-packages/airflow/example_dags/example_task_group.py took 0.052 seconds
[2025-02-27T23:54:16.403+0000] {processor.py:154} INFO - Started process (PID=920) to work on /home/airflow/.local/lib/python3.7/site-packages/airflow/example_dags/example_task_group.py
[2025-02-27T23:54:16.404+0000] {processor.py:756} INFO - Processing file /home/airflow/.local/lib/python3.7/site-packages/airflow/example_dags/example_task_group.py for tasks to queue
[2025-02-27T23:54:16.404+0000] {logging_mixin.py:120} INFO - [2025-02-27T23:54:16.404+0000] {dagbag.py:537} INFO - Filling up the DagBag from /home/airflow/.local/lib/python3.7/site-packages/airflow/example_dags/example_task_group.py
[2025-02-27T23:54:16.416+0000] {processor.py:766} INFO - DAG(s) dict_keys(['example_task_group']) retrieved from /home/airflow/.local/lib/python3.7/site-packages/airflow/example_dags/example_task_group.py
[2025-02-27T23:54:16.442+0000] {logging_mixin.py:120} INFO - [2025-02-27T23:54:16.442+0000] {dag.py:2585} INFO - Sync 1 DAGs
[2025-02-27T23:54:16.455+0000] {logging_mixin.py:120} INFO - [2025-02-27T23:54:16.455+0000] {dag.py:3340} INFO - Setting next_dagrun for example_task_group to 2025-02-26T23:54:16.455686+00:00, run_after=2025-02-27T23:54:16.455686+00:00
[2025-02-27T23:54:16.465+0000] {processor.py:176} INFO - Processing /home/airflow/.local/lib/python3.7/site-packages/airflow/example_dags/example_task_group.py took 0.064 seconds
[2025-02-27T23:54:47.380+0000] {processor.py:154} INFO - Started process (PID=983) to work on /home/airflow/.local/lib/python3.7/site-packages/airflow/example_dags/example_task_group.py
[2025-02-27T23:54:47.381+0000] {processor.py:756} INFO - Processing file /home/airflow/.local/lib/python3.7/site-packages/airflow/example_dags/example_task_group.py for tasks to queue
[2025-02-27T23:54:47.381+0000] {logging_mixin.py:120} INFO - [2025-02-27T23:54:47.381+0000] {dagbag.py:537} INFO - Filling up the DagBag from /home/airflow/.local/lib/python3.7/site-packages/airflow/example_dags/example_task_group.py
[2025-02-27T23:54:47.390+0000] {processor.py:766} INFO - DAG(s) dict_keys(['example_task_group']) retrieved from /home/airflow/.local/lib/python3.7/site-packages/airflow/example_dags/example_task_group.py
[2025-02-27T23:54:47.410+0000] {logging_mixin.py:120} INFO - [2025-02-27T23:54:47.410+0000] {dag.py:2585} INFO - Sync 1 DAGs
[2025-02-27T23:54:47.423+0000] {logging_mixin.py:120} INFO - [2025-02-27T23:54:47.423+0000] {dag.py:3340} INFO - Setting next_dagrun for example_task_group to 2025-02-26T23:54:47.423031+00:00, run_after=2025-02-27T23:54:47.423031+00:00
[2025-02-27T23:54:47.432+0000] {processor.py:176} INFO - Processing /home/airflow/.local/lib/python3.7/site-packages/airflow/example_dags/example_task_group.py took 0.054 seconds
[2025-02-27T23:55:18.173+0000] {processor.py:154} INFO - Started process (PID=1047) to work on /home/airflow/.local/lib/python3.7/site-packages/airflow/example_dags/example_task_group.py
[2025-02-27T23:55:18.175+0000] {processor.py:756} INFO - Processing file /home/airflow/.local/lib/python3.7/site-packages/airflow/example_dags/example_task_group.py for tasks to queue
[2025-02-27T23:55:18.175+0000] {logging_mixin.py:120} INFO - [2025-02-27T23:55:18.175+0000] {dagbag.py:537} INFO - Filling up the DagBag from /home/airflow/.local/lib/python3.7/site-packages/airflow/example_dags/example_task_group.py
[2025-02-27T23:55:18.184+0000] {processor.py:766} INFO - DAG(s) dict_keys(['example_task_group']) retrieved from /home/airflow/.local/lib/python3.7/site-packages/airflow/example_dags/example_task_group.py
[2025-02-27T23:55:18.206+0000] {logging_mixin.py:120} INFO - [2025-02-27T23:55:18.205+0000] {dag.py:2585} INFO - Sync 1 DAGs
[2025-02-27T23:55:18.218+0000] {logging_mixin.py:120} INFO - [2025-02-27T23:55:18.218+0000] {dag.py:3340} INFO - Setting next_dagrun for example_task_group to 2025-02-26T23:55:18.218114+00:00, run_after=2025-02-27T23:55:18.218114+00:00
[2025-02-27T23:55:18.228+0000] {processor.py:176} INFO - Processing /home/airflow/.local/lib/python3.7/site-packages/airflow/example_dags/example_task_group.py took 0.057 seconds
[2025-02-27T23:55:48.930+0000] {processor.py:154} INFO - Started process (PID=1111) to work on /home/airflow/.local/lib/python3.7/site-packages/airflow/example_dags/example_task_group.py
[2025-02-27T23:55:48.930+0000] {processor.py:756} INFO - Processing file /home/airflow/.local/lib/python3.7/site-packages/airflow/example_dags/example_task_group.py for tasks to queue
[2025-02-27T23:55:48.931+0000] {logging_mixin.py:120} INFO - [2025-02-27T23:55:48.931+0000] {dagbag.py:537} INFO - Filling up the DagBag from /home/airflow/.local/lib/python3.7/site-packages/airflow/example_dags/example_task_group.py
[2025-02-27T23:55:48.939+0000] {processor.py:766} INFO - DAG(s) dict_keys(['example_task_group']) retrieved from /home/airflow/.local/lib/python3.7/site-packages/airflow/example_dags/example_task_group.py
[2025-02-27T23:55:48.958+0000] {logging_mixin.py:120} INFO - [2025-02-27T23:55:48.958+0000] {dag.py:2585} INFO - Sync 1 DAGs
[2025-02-27T23:55:48.970+0000] {logging_mixin.py:120} INFO - [2025-02-27T23:55:48.970+0000] {dag.py:3340} INFO - Setting next_dagrun for example_task_group to 2025-02-26T23:55:48.970587+00:00, run_after=2025-02-27T23:55:48.970587+00:00
[2025-02-27T23:55:48.982+0000] {processor.py:176} INFO - Processing /home/airflow/.local/lib/python3.7/site-packages/airflow/example_dags/example_task_group.py took 0.054 seconds
[2025-02-27T23:56:19.649+0000] {processor.py:154} INFO - Started process (PID=1175) to work on /home/airflow/.local/lib/python3.7/site-packages/airflow/example_dags/example_task_group.py
[2025-02-27T23:56:19.650+0000] {processor.py:756} INFO - Processing file /home/airflow/.local/lib/python3.7/site-packages/airflow/example_dags/example_task_group.py for tasks to queue
[2025-02-27T23:56:19.650+0000] {logging_mixin.py:120} INFO - [2025-02-27T23:56:19.650+0000] {dagbag.py:537} INFO - Filling up the DagBag from /home/airflow/.local/lib/python3.7/site-packages/airflow/example_dags/example_task_group.py
[2025-02-27T23:56:19.658+0000] {processor.py:766} INFO - DAG(s) dict_keys(['example_task_group']) retrieved from /home/airflow/.local/lib/python3.7/site-packages/airflow/example_dags/example_task_group.py
[2025-02-27T23:56:19.678+0000] {logging_mixin.py:120} INFO - [2025-02-27T23:56:19.678+0000] {dag.py:2585} INFO - Sync 1 DAGs
[2025-02-27T23:56:19.690+0000] {logging_mixin.py:120} INFO - [2025-02-27T23:56:19.690+0000] {dag.py:3340} INFO - Setting next_dagrun for example_task_group to 2025-02-26T23:56:19.689921+00:00, run_after=2025-02-27T23:56:19.689921+00:00
[2025-02-27T23:56:19.699+0000] {processor.py:176} INFO - Processing /home/airflow/.local/lib/python3.7/site-packages/airflow/example_dags/example_task_group.py took 0.052 seconds
[2025-02-27T23:56:50.468+0000] {processor.py:154} INFO - Started process (PID=1239) to work on /home/airflow/.local/lib/python3.7/site-packages/airflow/example_dags/example_task_group.py
[2025-02-27T23:56:50.469+0000] {processor.py:756} INFO - Processing file /home/airflow/.local/lib/python3.7/site-packages/airflow/example_dags/example_task_group.py for tasks to queue
[2025-02-27T23:56:50.470+0000] {logging_mixin.py:120} INFO - [2025-02-27T23:56:50.470+0000] {dagbag.py:537} INFO - Filling up the DagBag from /home/airflow/.local/lib/python3.7/site-packages/airflow/example_dags/example_task_group.py
[2025-02-27T23:56:50.478+0000] {processor.py:766} INFO - DAG(s) dict_keys(['example_task_group']) retrieved from /home/airflow/.local/lib/python3.7/site-packages/airflow/example_dags/example_task_group.py
[2025-02-27T23:56:50.499+0000] {logging_mixin.py:120} INFO - [2025-02-27T23:56:50.499+0000] {dag.py:2585} INFO - Sync 1 DAGs
[2025-02-27T23:56:50.510+0000] {logging_mixin.py:120} INFO - [2025-02-27T23:56:50.510+0000] {dag.py:3340} INFO - Setting next_dagrun for example_task_group to 2025-02-26T23:56:50.510209+00:00, run_after=2025-02-27T23:56:50.510209+00:00
[2025-02-27T23:56:50.520+0000] {processor.py:176} INFO - Processing /home/airflow/.local/lib/python3.7/site-packages/airflow/example_dags/example_task_group.py took 0.053 seconds
[2025-02-27T23:57:21.352+0000] {processor.py:154} INFO - Started process (PID=1303) to work on /home/airflow/.local/lib/python3.7/site-packages/airflow/example_dags/example_task_group.py
[2025-02-27T23:57:21.353+0000] {processor.py:756} INFO - Processing file /home/airflow/.local/lib/python3.7/site-packages/airflow/example_dags/example_task_group.py for tasks to queue
[2025-02-27T23:57:21.354+0000] {logging_mixin.py:120} INFO - [2025-02-27T23:57:21.354+0000] {dagbag.py:537} INFO - Filling up the DagBag from /home/airflow/.local/lib/python3.7/site-packages/airflow/example_dags/example_task_group.py
[2025-02-27T23:57:21.363+0000] {processor.py:766} INFO - DAG(s) dict_keys(['example_task_group']) retrieved from /home/airflow/.local/lib/python3.7/site-packages/airflow/example_dags/example_task_group.py
[2025-02-27T23:57:21.385+0000] {logging_mixin.py:120} INFO - [2025-02-27T23:57:21.385+0000] {dag.py:2585} INFO - Sync 1 DAGs
[2025-02-27T23:57:21.398+0000] {logging_mixin.py:120} INFO - [2025-02-27T23:57:21.398+0000] {dag.py:3340} INFO - Setting next_dagrun for example_task_group to 2025-02-26T23:57:21.398141+00:00, run_after=2025-02-27T23:57:21.398141+00:00
[2025-02-27T23:57:21.414+0000] {processor.py:176} INFO - Processing /home/airflow/.local/lib/python3.7/site-packages/airflow/example_dags/example_task_group.py took 0.063 seconds
[2025-02-27T23:57:52.300+0000] {processor.py:154} INFO - Started process (PID=1366) to work on /home/airflow/.local/lib/python3.7/site-packages/airflow/example_dags/example_task_group.py
[2025-02-27T23:57:52.301+0000] {processor.py:756} INFO - Processing file /home/airflow/.local/lib/python3.7/site-packages/airflow/example_dags/example_task_group.py for tasks to queue
[2025-02-27T23:57:52.302+0000] {logging_mixin.py:120} INFO - [2025-02-27T23:57:52.302+0000] {dagbag.py:537} INFO - Filling up the DagBag from /home/airflow/.local/lib/python3.7/site-packages/airflow/example_dags/example_task_group.py
[2025-02-27T23:57:52.311+0000] {processor.py:766} INFO - DAG(s) dict_keys(['example_task_group']) retrieved from /home/airflow/.local/lib/python3.7/site-packages/airflow/example_dags/example_task_group.py
[2025-02-27T23:57:52.331+0000] {logging_mixin.py:120} INFO - [2025-02-27T23:57:52.331+0000] {dag.py:2585} INFO - Sync 1 DAGs
[2025-02-27T23:57:52.345+0000] {logging_mixin.py:120} INFO - [2025-02-27T23:57:52.345+0000] {dag.py:3340} INFO - Setting next_dagrun for example_task_group to 2025-02-26T23:57:52.344916+00:00, run_after=2025-02-27T23:57:52.344916+00:00
[2025-02-27T23:57:52.354+0000] {processor.py:176} INFO - Processing /home/airflow/.local/lib/python3.7/site-packages/airflow/example_dags/example_task_group.py took 0.056 seconds
[2025-02-27T23:58:23.111+0000] {processor.py:154} INFO - Started process (PID=1420) to work on /home/airflow/.local/lib/python3.7/site-packages/airflow/example_dags/example_task_group.py
[2025-02-27T23:58:23.113+0000] {processor.py:756} INFO - Processing file /home/airflow/.local/lib/python3.7/site-packages/airflow/example_dags/example_task_group.py for tasks to queue
[2025-02-27T23:58:23.113+0000] {logging_mixin.py:120} INFO - [2025-02-27T23:58:23.113+0000] {dagbag.py:537} INFO - Filling up the DagBag from /home/airflow/.local/lib/python3.7/site-packages/airflow/example_dags/example_task_group.py
[2025-02-27T23:58:23.122+0000] {processor.py:766} INFO - DAG(s) dict_keys(['example_task_group']) retrieved from /home/airflow/.local/lib/python3.7/site-packages/airflow/example_dags/example_task_group.py
[2025-02-27T23:58:23.142+0000] {logging_mixin.py:120} INFO - [2025-02-27T23:58:23.142+0000] {dag.py:2585} INFO - Sync 1 DAGs
[2025-02-27T23:58:23.154+0000] {logging_mixin.py:120} INFO - [2025-02-27T23:58:23.154+0000] {dag.py:3340} INFO - Setting next_dagrun for example_task_group to 2025-02-26T23:58:23.154264+00:00, run_after=2025-02-27T23:58:23.154264+00:00
[2025-02-27T23:58:23.164+0000] {processor.py:176} INFO - Processing /home/airflow/.local/lib/python3.7/site-packages/airflow/example_dags/example_task_group.py took 0.055 seconds
[2025-02-27T23:58:53.904+0000] {processor.py:154} INFO - Started process (PID=1484) to work on /home/airflow/.local/lib/python3.7/site-packages/airflow/example_dags/example_task_group.py
[2025-02-27T23:58:53.905+0000] {processor.py:756} INFO - Processing file /home/airflow/.local/lib/python3.7/site-packages/airflow/example_dags/example_task_group.py for tasks to queue
[2025-02-27T23:58:53.905+0000] {logging_mixin.py:120} INFO - [2025-02-27T23:58:53.905+0000] {dagbag.py:537} INFO - Filling up the DagBag from /home/airflow/.local/lib/python3.7/site-packages/airflow/example_dags/example_task_group.py
[2025-02-27T23:58:53.914+0000] {processor.py:766} INFO - DAG(s) dict_keys(['example_task_group']) retrieved from /home/airflow/.local/lib/python3.7/site-packages/airflow/example_dags/example_task_group.py
[2025-02-27T23:58:53.934+0000] {logging_mixin.py:120} INFO - [2025-02-27T23:58:53.933+0000] {dag.py:2585} INFO - Sync 1 DAGs
[2025-02-27T23:58:53.945+0000] {logging_mixin.py:120} INFO - [2025-02-27T23:58:53.945+0000] {dag.py:3340} INFO - Setting next_dagrun for example_task_group to 2025-02-26T23:58:53.945310+00:00, run_after=2025-02-27T23:58:53.945310+00:00
[2025-02-27T23:58:53.955+0000] {processor.py:176} INFO - Processing /home/airflow/.local/lib/python3.7/site-packages/airflow/example_dags/example_task_group.py took 0.053 seconds
[2025-02-27T23:59:24.583+0000] {processor.py:154} INFO - Started process (PID=1548) to work on /home/airflow/.local/lib/python3.7/site-packages/airflow/example_dags/example_task_group.py
[2025-02-27T23:59:24.586+0000] {processor.py:756} INFO - Processing file /home/airflow/.local/lib/python3.7/site-packages/airflow/example_dags/example_task_group.py for tasks to queue
[2025-02-27T23:59:24.586+0000] {logging_mixin.py:120} INFO - [2025-02-27T23:59:24.586+0000] {dagbag.py:537} INFO - Filling up the DagBag from /home/airflow/.local/lib/python3.7/site-packages/airflow/example_dags/example_task_group.py
[2025-02-27T23:59:24.595+0000] {processor.py:766} INFO - DAG(s) dict_keys(['example_task_group']) retrieved from /home/airflow/.local/lib/python3.7/site-packages/airflow/example_dags/example_task_group.py
[2025-02-27T23:59:24.615+0000] {logging_mixin.py:120} INFO - [2025-02-27T23:59:24.614+0000] {dag.py:2585} INFO - Sync 1 DAGs
[2025-02-27T23:59:24.626+0000] {logging_mixin.py:120} INFO - [2025-02-27T23:59:24.626+0000] {dag.py:3340} INFO - Setting next_dagrun for example_task_group to 2025-02-26T23:59:24.626648+00:00, run_after=2025-02-27T23:59:24.626648+00:00
[2025-02-27T23:59:24.637+0000] {processor.py:176} INFO - Processing /home/airflow/.local/lib/python3.7/site-packages/airflow/example_dags/example_task_group.py took 0.056 seconds
[2025-02-27T23:59:55.392+0000] {processor.py:154} INFO - Started process (PID=1612) to work on /home/airflow/.local/lib/python3.7/site-packages/airflow/example_dags/example_task_group.py
[2025-02-27T23:59:55.393+0000] {processor.py:756} INFO - Processing file /home/airflow/.local/lib/python3.7/site-packages/airflow/example_dags/example_task_group.py for tasks to queue
[2025-02-27T23:59:55.393+0000] {logging_mixin.py:120} INFO - [2025-02-27T23:59:55.393+0000] {dagbag.py:537} INFO - Filling up the DagBag from /home/airflow/.local/lib/python3.7/site-packages/airflow/example_dags/example_task_group.py
[2025-02-27T23:59:55.402+0000] {processor.py:766} INFO - DAG(s) dict_keys(['example_task_group']) retrieved from /home/airflow/.local/lib/python3.7/site-packages/airflow/example_dags/example_task_group.py
[2025-02-27T23:59:55.423+0000] {logging_mixin.py:120} INFO - [2025-02-27T23:59:55.423+0000] {dag.py:2585} INFO - Sync 1 DAGs
[2025-02-27T23:59:55.436+0000] {logging_mixin.py:120} INFO - [2025-02-27T23:59:55.436+0000] {dag.py:3340} INFO - Setting next_dagrun for example_task_group to 2025-02-26T23:59:55.436147+00:00, run_after=2025-02-27T23:59:55.436147+00:00
[2025-02-27T23:59:55.446+0000] {processor.py:176} INFO - Processing /home/airflow/.local/lib/python3.7/site-packages/airflow/example_dags/example_task_group.py took 0.056 seconds
