[2025-02-27T23:47:08.232+0000] {processor.py:154} INFO - Started process (PID=67) to work on /home/airflow/.local/lib/python3.7/site-packages/airflow/example_dags/example_short_circuit_decorator.py
[2025-02-27T23:47:08.234+0000] {processor.py:756} INFO - Processing file /home/airflow/.local/lib/python3.7/site-packages/airflow/example_dags/example_short_circuit_decorator.py for tasks to queue
[2025-02-27T23:47:08.236+0000] {logging_mixin.py:120} INFO - [2025-02-27T23:47:08.236+0000] {dagbag.py:537} INFO - Filling up the DagBag from /home/airflow/.local/lib/python3.7/site-packages/airflow/example_dags/example_short_circuit_decorator.py
[2025-02-27T23:47:08.255+0000] {processor.py:766} INFO - DAG(s) dict_keys(['example_short_circuit_decorator']) retrieved from /home/airflow/.local/lib/python3.7/site-packages/airflow/example_dags/example_short_circuit_decorator.py
[2025-02-27T23:47:08.295+0000] {logging_mixin.py:120} INFO - [2025-02-27T23:47:08.294+0000] {dag.py:2585} INFO - Sync 1 DAGs
[2025-02-27T23:47:08.312+0000] {logging_mixin.py:120} INFO - [2025-02-27T23:47:08.311+0000] {dag.py:3340} INFO - Setting next_dagrun for example_short_circuit_decorator to 2025-02-26T23:47:08.311824+00:00, run_after=2025-02-27T23:47:08.311824+00:00
[2025-02-27T23:47:08.330+0000] {processor.py:176} INFO - Processing /home/airflow/.local/lib/python3.7/site-packages/airflow/example_dags/example_short_circuit_decorator.py took 0.101 seconds
[2025-02-27T23:47:38.547+0000] {processor.py:154} INFO - Started process (PID=131) to work on /home/airflow/.local/lib/python3.7/site-packages/airflow/example_dags/example_short_circuit_decorator.py
[2025-02-27T23:47:38.548+0000] {processor.py:756} INFO - Processing file /home/airflow/.local/lib/python3.7/site-packages/airflow/example_dags/example_short_circuit_decorator.py for tasks to queue
[2025-02-27T23:47:38.549+0000] {logging_mixin.py:120} INFO - [2025-02-27T23:47:38.549+0000] {dagbag.py:537} INFO - Filling up the DagBag from /home/airflow/.local/lib/python3.7/site-packages/airflow/example_dags/example_short_circuit_decorator.py
[2025-02-27T23:47:38.562+0000] {processor.py:766} INFO - DAG(s) dict_keys(['example_short_circuit_decorator']) retrieved from /home/airflow/.local/lib/python3.7/site-packages/airflow/example_dags/example_short_circuit_decorator.py
[2025-02-27T23:47:38.585+0000] {logging_mixin.py:120} INFO - [2025-02-27T23:47:38.585+0000] {dag.py:2585} INFO - Sync 1 DAGs
[2025-02-27T23:47:38.599+0000] {logging_mixin.py:120} INFO - [2025-02-27T23:47:38.599+0000] {dag.py:3340} INFO - Setting next_dagrun for example_short_circuit_decorator to 2025-02-26T23:47:38.599678+00:00, run_after=2025-02-27T23:47:38.599678+00:00
[2025-02-27T23:47:38.610+0000] {processor.py:176} INFO - Processing /home/airflow/.local/lib/python3.7/site-packages/airflow/example_dags/example_short_circuit_decorator.py took 0.065 seconds
[2025-02-27T23:48:09.071+0000] {processor.py:154} INFO - Started process (PID=196) to work on /home/airflow/.local/lib/python3.7/site-packages/airflow/example_dags/example_short_circuit_decorator.py
[2025-02-27T23:48:09.071+0000] {processor.py:756} INFO - Processing file /home/airflow/.local/lib/python3.7/site-packages/airflow/example_dags/example_short_circuit_decorator.py for tasks to queue
[2025-02-27T23:48:09.072+0000] {logging_mixin.py:120} INFO - [2025-02-27T23:48:09.072+0000] {dagbag.py:537} INFO - Filling up the DagBag from /home/airflow/.local/lib/python3.7/site-packages/airflow/example_dags/example_short_circuit_decorator.py
[2025-02-27T23:48:09.085+0000] {processor.py:766} INFO - DAG(s) dict_keys(['example_short_circuit_decorator']) retrieved from /home/airflow/.local/lib/python3.7/site-packages/airflow/example_dags/example_short_circuit_decorator.py
[2025-02-27T23:48:09.098+0000] {logging_mixin.py:120} INFO - [2025-02-27T23:48:09.098+0000] {dag.py:2585} INFO - Sync 1 DAGs
[2025-02-27T23:48:09.111+0000] {logging_mixin.py:120} INFO - [2025-02-27T23:48:09.111+0000] {dag.py:3340} INFO - Setting next_dagrun for example_short_circuit_decorator to 2025-02-26T23:48:09.111348+00:00, run_after=2025-02-27T23:48:09.111348+00:00
[2025-02-27T23:48:09.121+0000] {processor.py:176} INFO - Processing /home/airflow/.local/lib/python3.7/site-packages/airflow/example_dags/example_short_circuit_decorator.py took 0.052 seconds
[2025-02-27T23:48:40.021+0000] {processor.py:154} INFO - Started process (PID=260) to work on /home/airflow/.local/lib/python3.7/site-packages/airflow/example_dags/example_short_circuit_decorator.py
[2025-02-27T23:48:40.022+0000] {processor.py:756} INFO - Processing file /home/airflow/.local/lib/python3.7/site-packages/airflow/example_dags/example_short_circuit_decorator.py for tasks to queue
[2025-02-27T23:48:40.022+0000] {logging_mixin.py:120} INFO - [2025-02-27T23:48:40.022+0000] {dagbag.py:537} INFO - Filling up the DagBag from /home/airflow/.local/lib/python3.7/site-packages/airflow/example_dags/example_short_circuit_decorator.py
[2025-02-27T23:48:40.035+0000] {processor.py:766} INFO - DAG(s) dict_keys(['example_short_circuit_decorator']) retrieved from /home/airflow/.local/lib/python3.7/site-packages/airflow/example_dags/example_short_circuit_decorator.py
[2025-02-27T23:48:40.054+0000] {logging_mixin.py:120} INFO - [2025-02-27T23:48:40.054+0000] {dag.py:2585} INFO - Sync 1 DAGs
[2025-02-27T23:48:40.066+0000] {logging_mixin.py:120} INFO - [2025-02-27T23:48:40.066+0000] {dag.py:3340} INFO - Setting next_dagrun for example_short_circuit_decorator to 2025-02-26T23:48:40.066503+00:00, run_after=2025-02-27T23:48:40.066503+00:00
[2025-02-27T23:48:40.078+0000] {processor.py:176} INFO - Processing /home/airflow/.local/lib/python3.7/site-packages/airflow/example_dags/example_short_circuit_decorator.py took 0.058 seconds
[2025-02-27T23:49:10.972+0000] {processor.py:154} INFO - Started process (PID=324) to work on /home/airflow/.local/lib/python3.7/site-packages/airflow/example_dags/example_short_circuit_decorator.py
[2025-02-27T23:49:10.973+0000] {processor.py:756} INFO - Processing file /home/airflow/.local/lib/python3.7/site-packages/airflow/example_dags/example_short_circuit_decorator.py for tasks to queue
[2025-02-27T23:49:10.973+0000] {logging_mixin.py:120} INFO - [2025-02-27T23:49:10.973+0000] {dagbag.py:537} INFO - Filling up the DagBag from /home/airflow/.local/lib/python3.7/site-packages/airflow/example_dags/example_short_circuit_decorator.py
[2025-02-27T23:49:10.987+0000] {processor.py:766} INFO - DAG(s) dict_keys(['example_short_circuit_decorator']) retrieved from /home/airflow/.local/lib/python3.7/site-packages/airflow/example_dags/example_short_circuit_decorator.py
[2025-02-27T23:49:11.009+0000] {logging_mixin.py:120} INFO - [2025-02-27T23:49:11.009+0000] {dag.py:2585} INFO - Sync 1 DAGs
[2025-02-27T23:49:11.022+0000] {logging_mixin.py:120} INFO - [2025-02-27T23:49:11.021+0000] {dag.py:3340} INFO - Setting next_dagrun for example_short_circuit_decorator to 2025-02-26T23:49:11.021811+00:00, run_after=2025-02-27T23:49:11.021811+00:00
[2025-02-27T23:49:11.032+0000] {processor.py:176} INFO - Processing /home/airflow/.local/lib/python3.7/site-packages/airflow/example_dags/example_short_circuit_decorator.py took 0.063 seconds
[2025-02-27T23:49:41.751+0000] {processor.py:154} INFO - Started process (PID=388) to work on /home/airflow/.local/lib/python3.7/site-packages/airflow/example_dags/example_short_circuit_decorator.py
[2025-02-27T23:49:41.752+0000] {processor.py:756} INFO - Processing file /home/airflow/.local/lib/python3.7/site-packages/airflow/example_dags/example_short_circuit_decorator.py for tasks to queue
[2025-02-27T23:49:41.752+0000] {logging_mixin.py:120} INFO - [2025-02-27T23:49:41.752+0000] {dagbag.py:537} INFO - Filling up the DagBag from /home/airflow/.local/lib/python3.7/site-packages/airflow/example_dags/example_short_circuit_decorator.py
[2025-02-27T23:49:41.764+0000] {processor.py:766} INFO - DAG(s) dict_keys(['example_short_circuit_decorator']) retrieved from /home/airflow/.local/lib/python3.7/site-packages/airflow/example_dags/example_short_circuit_decorator.py
[2025-02-27T23:49:41.784+0000] {logging_mixin.py:120} INFO - [2025-02-27T23:49:41.784+0000] {dag.py:2585} INFO - Sync 1 DAGs
[2025-02-27T23:49:41.796+0000] {logging_mixin.py:120} INFO - [2025-02-27T23:49:41.796+0000] {dag.py:3340} INFO - Setting next_dagrun for example_short_circuit_decorator to 2025-02-26T23:49:41.796653+00:00, run_after=2025-02-27T23:49:41.796653+00:00
[2025-02-27T23:49:41.806+0000] {processor.py:176} INFO - Processing /home/airflow/.local/lib/python3.7/site-packages/airflow/example_dags/example_short_circuit_decorator.py took 0.057 seconds
[2025-02-27T23:50:12.560+0000] {processor.py:154} INFO - Started process (PID=452) to work on /home/airflow/.local/lib/python3.7/site-packages/airflow/example_dags/example_short_circuit_decorator.py
[2025-02-27T23:50:12.560+0000] {processor.py:756} INFO - Processing file /home/airflow/.local/lib/python3.7/site-packages/airflow/example_dags/example_short_circuit_decorator.py for tasks to queue
[2025-02-27T23:50:12.561+0000] {logging_mixin.py:120} INFO - [2025-02-27T23:50:12.561+0000] {dagbag.py:537} INFO - Filling up the DagBag from /home/airflow/.local/lib/python3.7/site-packages/airflow/example_dags/example_short_circuit_decorator.py
[2025-02-27T23:50:12.572+0000] {processor.py:766} INFO - DAG(s) dict_keys(['example_short_circuit_decorator']) retrieved from /home/airflow/.local/lib/python3.7/site-packages/airflow/example_dags/example_short_circuit_decorator.py
[2025-02-27T23:50:12.592+0000] {logging_mixin.py:120} INFO - [2025-02-27T23:50:12.592+0000] {dag.py:2585} INFO - Sync 1 DAGs
[2025-02-27T23:50:12.605+0000] {logging_mixin.py:120} INFO - [2025-02-27T23:50:12.605+0000] {dag.py:3340} INFO - Setting next_dagrun for example_short_circuit_decorator to 2025-02-26T23:50:12.605559+00:00, run_after=2025-02-27T23:50:12.605559+00:00
[2025-02-27T23:50:12.615+0000] {processor.py:176} INFO - Processing /home/airflow/.local/lib/python3.7/site-packages/airflow/example_dags/example_short_circuit_decorator.py took 0.058 seconds
[2025-02-27T23:50:43.452+0000] {processor.py:154} INFO - Started process (PID=507) to work on /home/airflow/.local/lib/python3.7/site-packages/airflow/example_dags/example_short_circuit_decorator.py
[2025-02-27T23:50:43.453+0000] {processor.py:756} INFO - Processing file /home/airflow/.local/lib/python3.7/site-packages/airflow/example_dags/example_short_circuit_decorator.py for tasks to queue
[2025-02-27T23:50:43.453+0000] {logging_mixin.py:120} INFO - [2025-02-27T23:50:43.453+0000] {dagbag.py:537} INFO - Filling up the DagBag from /home/airflow/.local/lib/python3.7/site-packages/airflow/example_dags/example_short_circuit_decorator.py
[2025-02-27T23:50:43.465+0000] {processor.py:766} INFO - DAG(s) dict_keys(['example_short_circuit_decorator']) retrieved from /home/airflow/.local/lib/python3.7/site-packages/airflow/example_dags/example_short_circuit_decorator.py
[2025-02-27T23:50:43.485+0000] {logging_mixin.py:120} INFO - [2025-02-27T23:50:43.485+0000] {dag.py:2585} INFO - Sync 1 DAGs
[2025-02-27T23:50:43.498+0000] {logging_mixin.py:120} INFO - [2025-02-27T23:50:43.498+0000] {dag.py:3340} INFO - Setting next_dagrun for example_short_circuit_decorator to 2025-02-26T23:50:43.498487+00:00, run_after=2025-02-27T23:50:43.498487+00:00
[2025-02-27T23:50:43.509+0000] {processor.py:176} INFO - Processing /home/airflow/.local/lib/python3.7/site-packages/airflow/example_dags/example_short_circuit_decorator.py took 0.060 seconds
[2025-02-27T23:51:14.323+0000] {processor.py:154} INFO - Started process (PID=571) to work on /home/airflow/.local/lib/python3.7/site-packages/airflow/example_dags/example_short_circuit_decorator.py
[2025-02-27T23:51:14.324+0000] {processor.py:756} INFO - Processing file /home/airflow/.local/lib/python3.7/site-packages/airflow/example_dags/example_short_circuit_decorator.py for tasks to queue
[2025-02-27T23:51:14.324+0000] {logging_mixin.py:120} INFO - [2025-02-27T23:51:14.324+0000] {dagbag.py:537} INFO - Filling up the DagBag from /home/airflow/.local/lib/python3.7/site-packages/airflow/example_dags/example_short_circuit_decorator.py
[2025-02-27T23:51:14.336+0000] {processor.py:766} INFO - DAG(s) dict_keys(['example_short_circuit_decorator']) retrieved from /home/airflow/.local/lib/python3.7/site-packages/airflow/example_dags/example_short_circuit_decorator.py
[2025-02-27T23:51:14.357+0000] {logging_mixin.py:120} INFO - [2025-02-27T23:51:14.357+0000] {dag.py:2585} INFO - Sync 1 DAGs
[2025-02-27T23:51:14.370+0000] {logging_mixin.py:120} INFO - [2025-02-27T23:51:14.370+0000] {dag.py:3340} INFO - Setting next_dagrun for example_short_circuit_decorator to 2025-02-26T23:51:14.370512+00:00, run_after=2025-02-27T23:51:14.370512+00:00
[2025-02-27T23:51:14.380+0000] {processor.py:176} INFO - Processing /home/airflow/.local/lib/python3.7/site-packages/airflow/example_dags/example_short_circuit_decorator.py took 0.058 seconds
[2025-02-27T23:51:45.237+0000] {processor.py:154} INFO - Started process (PID=635) to work on /home/airflow/.local/lib/python3.7/site-packages/airflow/example_dags/example_short_circuit_decorator.py
[2025-02-27T23:51:45.238+0000] {processor.py:756} INFO - Processing file /home/airflow/.local/lib/python3.7/site-packages/airflow/example_dags/example_short_circuit_decorator.py for tasks to queue
[2025-02-27T23:51:45.238+0000] {logging_mixin.py:120} INFO - [2025-02-27T23:51:45.238+0000] {dagbag.py:537} INFO - Filling up the DagBag from /home/airflow/.local/lib/python3.7/site-packages/airflow/example_dags/example_short_circuit_decorator.py
[2025-02-27T23:51:45.250+0000] {processor.py:766} INFO - DAG(s) dict_keys(['example_short_circuit_decorator']) retrieved from /home/airflow/.local/lib/python3.7/site-packages/airflow/example_dags/example_short_circuit_decorator.py
[2025-02-27T23:51:45.271+0000] {logging_mixin.py:120} INFO - [2025-02-27T23:51:45.271+0000] {dag.py:2585} INFO - Sync 1 DAGs
[2025-02-27T23:51:45.282+0000] {logging_mixin.py:120} INFO - [2025-02-27T23:51:45.282+0000] {dag.py:3340} INFO - Setting next_dagrun for example_short_circuit_decorator to 2025-02-26T23:51:45.282517+00:00, run_after=2025-02-27T23:51:45.282517+00:00
[2025-02-27T23:51:45.292+0000] {processor.py:176} INFO - Processing /home/airflow/.local/lib/python3.7/site-packages/airflow/example_dags/example_short_circuit_decorator.py took 0.057 seconds
[2025-02-27T23:52:16.049+0000] {processor.py:154} INFO - Started process (PID=699) to work on /home/airflow/.local/lib/python3.7/site-packages/airflow/example_dags/example_short_circuit_decorator.py
[2025-02-27T23:52:16.049+0000] {processor.py:756} INFO - Processing file /home/airflow/.local/lib/python3.7/site-packages/airflow/example_dags/example_short_circuit_decorator.py for tasks to queue
[2025-02-27T23:52:16.050+0000] {logging_mixin.py:120} INFO - [2025-02-27T23:52:16.050+0000] {dagbag.py:537} INFO - Filling up the DagBag from /home/airflow/.local/lib/python3.7/site-packages/airflow/example_dags/example_short_circuit_decorator.py
[2025-02-27T23:52:16.062+0000] {processor.py:766} INFO - DAG(s) dict_keys(['example_short_circuit_decorator']) retrieved from /home/airflow/.local/lib/python3.7/site-packages/airflow/example_dags/example_short_circuit_decorator.py
[2025-02-27T23:52:16.082+0000] {logging_mixin.py:120} INFO - [2025-02-27T23:52:16.082+0000] {dag.py:2585} INFO - Sync 1 DAGs
[2025-02-27T23:52:16.094+0000] {logging_mixin.py:120} INFO - [2025-02-27T23:52:16.094+0000] {dag.py:3340} INFO - Setting next_dagrun for example_short_circuit_decorator to 2025-02-26T23:52:16.094626+00:00, run_after=2025-02-27T23:52:16.094626+00:00
[2025-02-27T23:52:16.104+0000] {processor.py:176} INFO - Processing /home/airflow/.local/lib/python3.7/site-packages/airflow/example_dags/example_short_circuit_decorator.py took 0.057 seconds
[2025-02-27T23:52:46.884+0000] {processor.py:154} INFO - Started process (PID=762) to work on /home/airflow/.local/lib/python3.7/site-packages/airflow/example_dags/example_short_circuit_decorator.py
[2025-02-27T23:52:46.885+0000] {processor.py:756} INFO - Processing file /home/airflow/.local/lib/python3.7/site-packages/airflow/example_dags/example_short_circuit_decorator.py for tasks to queue
[2025-02-27T23:52:46.886+0000] {logging_mixin.py:120} INFO - [2025-02-27T23:52:46.886+0000] {dagbag.py:537} INFO - Filling up the DagBag from /home/airflow/.local/lib/python3.7/site-packages/airflow/example_dags/example_short_circuit_decorator.py
[2025-02-27T23:52:46.898+0000] {processor.py:766} INFO - DAG(s) dict_keys(['example_short_circuit_decorator']) retrieved from /home/airflow/.local/lib/python3.7/site-packages/airflow/example_dags/example_short_circuit_decorator.py
[2025-02-27T23:52:46.916+0000] {logging_mixin.py:120} INFO - [2025-02-27T23:52:46.916+0000] {dag.py:2585} INFO - Sync 1 DAGs
[2025-02-27T23:52:46.928+0000] {logging_mixin.py:120} INFO - [2025-02-27T23:52:46.928+0000] {dag.py:3340} INFO - Setting next_dagrun for example_short_circuit_decorator to 2025-02-26T23:52:46.927940+00:00, run_after=2025-02-27T23:52:46.927940+00:00
[2025-02-27T23:52:46.937+0000] {processor.py:176} INFO - Processing /home/airflow/.local/lib/python3.7/site-packages/airflow/example_dags/example_short_circuit_decorator.py took 0.056 seconds
[2025-02-27T23:53:17.695+0000] {processor.py:154} INFO - Started process (PID=824) to work on /home/airflow/.local/lib/python3.7/site-packages/airflow/example_dags/example_short_circuit_decorator.py
[2025-02-27T23:53:17.695+0000] {processor.py:756} INFO - Processing file /home/airflow/.local/lib/python3.7/site-packages/airflow/example_dags/example_short_circuit_decorator.py for tasks to queue
[2025-02-27T23:53:17.696+0000] {logging_mixin.py:120} INFO - [2025-02-27T23:53:17.696+0000] {dagbag.py:537} INFO - Filling up the DagBag from /home/airflow/.local/lib/python3.7/site-packages/airflow/example_dags/example_short_circuit_decorator.py
[2025-02-27T23:53:17.708+0000] {processor.py:766} INFO - DAG(s) dict_keys(['example_short_circuit_decorator']) retrieved from /home/airflow/.local/lib/python3.7/site-packages/airflow/example_dags/example_short_circuit_decorator.py
[2025-02-27T23:53:17.728+0000] {logging_mixin.py:120} INFO - [2025-02-27T23:53:17.728+0000] {dag.py:2585} INFO - Sync 1 DAGs
[2025-02-27T23:53:17.744+0000] {logging_mixin.py:120} INFO - [2025-02-27T23:53:17.744+0000] {dag.py:3340} INFO - Setting next_dagrun for example_short_circuit_decorator to 2025-02-26T23:53:17.744179+00:00, run_after=2025-02-27T23:53:17.744179+00:00
[2025-02-27T23:53:17.756+0000] {processor.py:176} INFO - Processing /home/airflow/.local/lib/python3.7/site-packages/airflow/example_dags/example_short_circuit_decorator.py took 0.063 seconds
[2025-02-27T23:53:48.536+0000] {processor.py:154} INFO - Started process (PID=888) to work on /home/airflow/.local/lib/python3.7/site-packages/airflow/example_dags/example_short_circuit_decorator.py
[2025-02-27T23:53:48.537+0000] {processor.py:756} INFO - Processing file /home/airflow/.local/lib/python3.7/site-packages/airflow/example_dags/example_short_circuit_decorator.py for tasks to queue
[2025-02-27T23:53:48.537+0000] {logging_mixin.py:120} INFO - [2025-02-27T23:53:48.537+0000] {dagbag.py:537} INFO - Filling up the DagBag from /home/airflow/.local/lib/python3.7/site-packages/airflow/example_dags/example_short_circuit_decorator.py
[2025-02-27T23:53:48.550+0000] {processor.py:766} INFO - DAG(s) dict_keys(['example_short_circuit_decorator']) retrieved from /home/airflow/.local/lib/python3.7/site-packages/airflow/example_dags/example_short_circuit_decorator.py
[2025-02-27T23:53:48.570+0000] {logging_mixin.py:120} INFO - [2025-02-27T23:53:48.570+0000] {dag.py:2585} INFO - Sync 1 DAGs
[2025-02-27T23:53:48.582+0000] {logging_mixin.py:120} INFO - [2025-02-27T23:53:48.582+0000] {dag.py:3340} INFO - Setting next_dagrun for example_short_circuit_decorator to 2025-02-26T23:53:48.582540+00:00, run_after=2025-02-27T23:53:48.582540+00:00
[2025-02-27T23:53:48.592+0000] {processor.py:176} INFO - Processing /home/airflow/.local/lib/python3.7/site-packages/airflow/example_dags/example_short_circuit_decorator.py took 0.057 seconds
[2025-02-27T23:54:19.524+0000] {processor.py:154} INFO - Started process (PID=951) to work on /home/airflow/.local/lib/python3.7/site-packages/airflow/example_dags/example_short_circuit_decorator.py
[2025-02-27T23:54:19.525+0000] {processor.py:756} INFO - Processing file /home/airflow/.local/lib/python3.7/site-packages/airflow/example_dags/example_short_circuit_decorator.py for tasks to queue
[2025-02-27T23:54:19.525+0000] {logging_mixin.py:120} INFO - [2025-02-27T23:54:19.525+0000] {dagbag.py:537} INFO - Filling up the DagBag from /home/airflow/.local/lib/python3.7/site-packages/airflow/example_dags/example_short_circuit_decorator.py
[2025-02-27T23:54:19.537+0000] {processor.py:766} INFO - DAG(s) dict_keys(['example_short_circuit_decorator']) retrieved from /home/airflow/.local/lib/python3.7/site-packages/airflow/example_dags/example_short_circuit_decorator.py
[2025-02-27T23:54:19.557+0000] {logging_mixin.py:120} INFO - [2025-02-27T23:54:19.557+0000] {dag.py:2585} INFO - Sync 1 DAGs
[2025-02-27T23:54:19.570+0000] {logging_mixin.py:120} INFO - [2025-02-27T23:54:19.570+0000] {dag.py:3340} INFO - Setting next_dagrun for example_short_circuit_decorator to 2025-02-26T23:54:19.569947+00:00, run_after=2025-02-27T23:54:19.569947+00:00
[2025-02-27T23:54:19.580+0000] {processor.py:176} INFO - Processing /home/airflow/.local/lib/python3.7/site-packages/airflow/example_dags/example_short_circuit_decorator.py took 0.058 seconds
[2025-02-27T23:54:50.348+0000] {processor.py:154} INFO - Started process (PID=1015) to work on /home/airflow/.local/lib/python3.7/site-packages/airflow/example_dags/example_short_circuit_decorator.py
[2025-02-27T23:54:50.349+0000] {processor.py:756} INFO - Processing file /home/airflow/.local/lib/python3.7/site-packages/airflow/example_dags/example_short_circuit_decorator.py for tasks to queue
[2025-02-27T23:54:50.350+0000] {logging_mixin.py:120} INFO - [2025-02-27T23:54:50.350+0000] {dagbag.py:537} INFO - Filling up the DagBag from /home/airflow/.local/lib/python3.7/site-packages/airflow/example_dags/example_short_circuit_decorator.py
[2025-02-27T23:54:50.363+0000] {processor.py:766} INFO - DAG(s) dict_keys(['example_short_circuit_decorator']) retrieved from /home/airflow/.local/lib/python3.7/site-packages/airflow/example_dags/example_short_circuit_decorator.py
[2025-02-27T23:54:50.391+0000] {logging_mixin.py:120} INFO - [2025-02-27T23:54:50.391+0000] {dag.py:2585} INFO - Sync 1 DAGs
[2025-02-27T23:54:50.410+0000] {logging_mixin.py:120} INFO - [2025-02-27T23:54:50.410+0000] {dag.py:3340} INFO - Setting next_dagrun for example_short_circuit_decorator to 2025-02-26T23:54:50.410170+00:00, run_after=2025-02-27T23:54:50.410170+00:00
[2025-02-27T23:54:50.424+0000] {processor.py:176} INFO - Processing /home/airflow/.local/lib/python3.7/site-packages/airflow/example_dags/example_short_circuit_decorator.py took 0.078 seconds
[2025-02-27T23:55:21.117+0000] {processor.py:154} INFO - Started process (PID=1070) to work on /home/airflow/.local/lib/python3.7/site-packages/airflow/example_dags/example_short_circuit_decorator.py
[2025-02-27T23:55:21.118+0000] {processor.py:756} INFO - Processing file /home/airflow/.local/lib/python3.7/site-packages/airflow/example_dags/example_short_circuit_decorator.py for tasks to queue
[2025-02-27T23:55:21.118+0000] {logging_mixin.py:120} INFO - [2025-02-27T23:55:21.118+0000] {dagbag.py:537} INFO - Filling up the DagBag from /home/airflow/.local/lib/python3.7/site-packages/airflow/example_dags/example_short_circuit_decorator.py
[2025-02-27T23:55:21.131+0000] {processor.py:766} INFO - DAG(s) dict_keys(['example_short_circuit_decorator']) retrieved from /home/airflow/.local/lib/python3.7/site-packages/airflow/example_dags/example_short_circuit_decorator.py
[2025-02-27T23:55:21.152+0000] {logging_mixin.py:120} INFO - [2025-02-27T23:55:21.152+0000] {dag.py:2585} INFO - Sync 1 DAGs
[2025-02-27T23:55:21.165+0000] {logging_mixin.py:120} INFO - [2025-02-27T23:55:21.165+0000] {dag.py:3340} INFO - Setting next_dagrun for example_short_circuit_decorator to 2025-02-26T23:55:21.165241+00:00, run_after=2025-02-27T23:55:21.165241+00:00
[2025-02-27T23:55:21.175+0000] {processor.py:176} INFO - Processing /home/airflow/.local/lib/python3.7/site-packages/airflow/example_dags/example_short_circuit_decorator.py took 0.060 seconds
[2025-02-27T23:55:51.862+0000] {processor.py:154} INFO - Started process (PID=1134) to work on /home/airflow/.local/lib/python3.7/site-packages/airflow/example_dags/example_short_circuit_decorator.py
[2025-02-27T23:55:51.862+0000] {processor.py:756} INFO - Processing file /home/airflow/.local/lib/python3.7/site-packages/airflow/example_dags/example_short_circuit_decorator.py for tasks to queue
[2025-02-27T23:55:51.863+0000] {logging_mixin.py:120} INFO - [2025-02-27T23:55:51.863+0000] {dagbag.py:537} INFO - Filling up the DagBag from /home/airflow/.local/lib/python3.7/site-packages/airflow/example_dags/example_short_circuit_decorator.py
[2025-02-27T23:55:51.874+0000] {processor.py:766} INFO - DAG(s) dict_keys(['example_short_circuit_decorator']) retrieved from /home/airflow/.local/lib/python3.7/site-packages/airflow/example_dags/example_short_circuit_decorator.py
[2025-02-27T23:55:51.894+0000] {logging_mixin.py:120} INFO - [2025-02-27T23:55:51.894+0000] {dag.py:2585} INFO - Sync 1 DAGs
[2025-02-27T23:55:51.905+0000] {logging_mixin.py:120} INFO - [2025-02-27T23:55:51.905+0000] {dag.py:3340} INFO - Setting next_dagrun for example_short_circuit_decorator to 2025-02-26T23:55:51.905538+00:00, run_after=2025-02-27T23:55:51.905538+00:00
[2025-02-27T23:55:51.915+0000] {processor.py:176} INFO - Processing /home/airflow/.local/lib/python3.7/site-packages/airflow/example_dags/example_short_circuit_decorator.py took 0.056 seconds
[2025-02-27T23:56:22.699+0000] {processor.py:154} INFO - Started process (PID=1198) to work on /home/airflow/.local/lib/python3.7/site-packages/airflow/example_dags/example_short_circuit_decorator.py
[2025-02-27T23:56:22.700+0000] {processor.py:756} INFO - Processing file /home/airflow/.local/lib/python3.7/site-packages/airflow/example_dags/example_short_circuit_decorator.py for tasks to queue
[2025-02-27T23:56:22.700+0000] {logging_mixin.py:120} INFO - [2025-02-27T23:56:22.700+0000] {dagbag.py:537} INFO - Filling up the DagBag from /home/airflow/.local/lib/python3.7/site-packages/airflow/example_dags/example_short_circuit_decorator.py
[2025-02-27T23:56:22.712+0000] {processor.py:766} INFO - DAG(s) dict_keys(['example_short_circuit_decorator']) retrieved from /home/airflow/.local/lib/python3.7/site-packages/airflow/example_dags/example_short_circuit_decorator.py
[2025-02-27T23:56:22.733+0000] {logging_mixin.py:120} INFO - [2025-02-27T23:56:22.733+0000] {dag.py:2585} INFO - Sync 1 DAGs
[2025-02-27T23:56:22.746+0000] {logging_mixin.py:120} INFO - [2025-02-27T23:56:22.746+0000] {dag.py:3340} INFO - Setting next_dagrun for example_short_circuit_decorator to 2025-02-26T23:56:22.746188+00:00, run_after=2025-02-27T23:56:22.746188+00:00
[2025-02-27T23:56:22.757+0000] {processor.py:176} INFO - Processing /home/airflow/.local/lib/python3.7/site-packages/airflow/example_dags/example_short_circuit_decorator.py took 0.060 seconds
[2025-02-27T23:56:53.467+0000] {processor.py:154} INFO - Started process (PID=1262) to work on /home/airflow/.local/lib/python3.7/site-packages/airflow/example_dags/example_short_circuit_decorator.py
[2025-02-27T23:56:53.468+0000] {processor.py:756} INFO - Processing file /home/airflow/.local/lib/python3.7/site-packages/airflow/example_dags/example_short_circuit_decorator.py for tasks to queue
[2025-02-27T23:56:53.468+0000] {logging_mixin.py:120} INFO - [2025-02-27T23:56:53.468+0000] {dagbag.py:537} INFO - Filling up the DagBag from /home/airflow/.local/lib/python3.7/site-packages/airflow/example_dags/example_short_circuit_decorator.py
[2025-02-27T23:56:53.480+0000] {processor.py:766} INFO - DAG(s) dict_keys(['example_short_circuit_decorator']) retrieved from /home/airflow/.local/lib/python3.7/site-packages/airflow/example_dags/example_short_circuit_decorator.py
[2025-02-27T23:56:53.501+0000] {logging_mixin.py:120} INFO - [2025-02-27T23:56:53.501+0000] {dag.py:2585} INFO - Sync 1 DAGs
[2025-02-27T23:56:53.515+0000] {logging_mixin.py:120} INFO - [2025-02-27T23:56:53.515+0000] {dag.py:3340} INFO - Setting next_dagrun for example_short_circuit_decorator to 2025-02-26T23:56:53.515633+00:00, run_after=2025-02-27T23:56:53.515633+00:00
[2025-02-27T23:56:53.529+0000] {processor.py:176} INFO - Processing /home/airflow/.local/lib/python3.7/site-packages/airflow/example_dags/example_short_circuit_decorator.py took 0.064 seconds
[2025-02-27T23:57:24.395+0000] {processor.py:154} INFO - Started process (PID=1326) to work on /home/airflow/.local/lib/python3.7/site-packages/airflow/example_dags/example_short_circuit_decorator.py
[2025-02-27T23:57:24.396+0000] {processor.py:756} INFO - Processing file /home/airflow/.local/lib/python3.7/site-packages/airflow/example_dags/example_short_circuit_decorator.py for tasks to queue
[2025-02-27T23:57:24.396+0000] {logging_mixin.py:120} INFO - [2025-02-27T23:57:24.396+0000] {dagbag.py:537} INFO - Filling up the DagBag from /home/airflow/.local/lib/python3.7/site-packages/airflow/example_dags/example_short_circuit_decorator.py
[2025-02-27T23:57:24.408+0000] {processor.py:766} INFO - DAG(s) dict_keys(['example_short_circuit_decorator']) retrieved from /home/airflow/.local/lib/python3.7/site-packages/airflow/example_dags/example_short_circuit_decorator.py
[2025-02-27T23:57:24.430+0000] {logging_mixin.py:120} INFO - [2025-02-27T23:57:24.430+0000] {dag.py:2585} INFO - Sync 1 DAGs
[2025-02-27T23:57:24.443+0000] {logging_mixin.py:120} INFO - [2025-02-27T23:57:24.443+0000] {dag.py:3340} INFO - Setting next_dagrun for example_short_circuit_decorator to 2025-02-26T23:57:24.443088+00:00, run_after=2025-02-27T23:57:24.443088+00:00
[2025-02-27T23:57:24.452+0000] {processor.py:176} INFO - Processing /home/airflow/.local/lib/python3.7/site-packages/airflow/example_dags/example_short_circuit_decorator.py took 0.059 seconds
[2025-02-27T23:57:55.322+0000] {processor.py:154} INFO - Started process (PID=1389) to work on /home/airflow/.local/lib/python3.7/site-packages/airflow/example_dags/example_short_circuit_decorator.py
[2025-02-27T23:57:55.323+0000] {processor.py:756} INFO - Processing file /home/airflow/.local/lib/python3.7/site-packages/airflow/example_dags/example_short_circuit_decorator.py for tasks to queue
[2025-02-27T23:57:55.323+0000] {logging_mixin.py:120} INFO - [2025-02-27T23:57:55.323+0000] {dagbag.py:537} INFO - Filling up the DagBag from /home/airflow/.local/lib/python3.7/site-packages/airflow/example_dags/example_short_circuit_decorator.py
[2025-02-27T23:57:55.336+0000] {processor.py:766} INFO - DAG(s) dict_keys(['example_short_circuit_decorator']) retrieved from /home/airflow/.local/lib/python3.7/site-packages/airflow/example_dags/example_short_circuit_decorator.py
[2025-02-27T23:57:55.360+0000] {logging_mixin.py:120} INFO - [2025-02-27T23:57:55.359+0000] {dag.py:2585} INFO - Sync 1 DAGs
[2025-02-27T23:57:55.373+0000] {logging_mixin.py:120} INFO - [2025-02-27T23:57:55.373+0000] {dag.py:3340} INFO - Setting next_dagrun for example_short_circuit_decorator to 2025-02-26T23:57:55.373063+00:00, run_after=2025-02-27T23:57:55.373063+00:00
[2025-02-27T23:57:55.384+0000] {processor.py:176} INFO - Processing /home/airflow/.local/lib/python3.7/site-packages/airflow/example_dags/example_short_circuit_decorator.py took 0.063 seconds
[2025-02-27T23:58:26.083+0000] {processor.py:154} INFO - Started process (PID=1452) to work on /home/airflow/.local/lib/python3.7/site-packages/airflow/example_dags/example_short_circuit_decorator.py
[2025-02-27T23:58:26.084+0000] {processor.py:756} INFO - Processing file /home/airflow/.local/lib/python3.7/site-packages/airflow/example_dags/example_short_circuit_decorator.py for tasks to queue
[2025-02-27T23:58:26.085+0000] {logging_mixin.py:120} INFO - [2025-02-27T23:58:26.085+0000] {dagbag.py:537} INFO - Filling up the DagBag from /home/airflow/.local/lib/python3.7/site-packages/airflow/example_dags/example_short_circuit_decorator.py
[2025-02-27T23:58:26.098+0000] {processor.py:766} INFO - DAG(s) dict_keys(['example_short_circuit_decorator']) retrieved from /home/airflow/.local/lib/python3.7/site-packages/airflow/example_dags/example_short_circuit_decorator.py
[2025-02-27T23:58:26.118+0000] {logging_mixin.py:120} INFO - [2025-02-27T23:58:26.118+0000] {dag.py:2585} INFO - Sync 1 DAGs
[2025-02-27T23:58:26.130+0000] {logging_mixin.py:120} INFO - [2025-02-27T23:58:26.130+0000] {dag.py:3340} INFO - Setting next_dagrun for example_short_circuit_decorator to 2025-02-26T23:58:26.130686+00:00, run_after=2025-02-27T23:58:26.130686+00:00
[2025-02-27T23:58:26.141+0000] {processor.py:176} INFO - Processing /home/airflow/.local/lib/python3.7/site-packages/airflow/example_dags/example_short_circuit_decorator.py took 0.060 seconds
[2025-02-27T23:58:56.841+0000] {processor.py:154} INFO - Started process (PID=1516) to work on /home/airflow/.local/lib/python3.7/site-packages/airflow/example_dags/example_short_circuit_decorator.py
[2025-02-27T23:58:56.842+0000] {processor.py:756} INFO - Processing file /home/airflow/.local/lib/python3.7/site-packages/airflow/example_dags/example_short_circuit_decorator.py for tasks to queue
[2025-02-27T23:58:56.842+0000] {logging_mixin.py:120} INFO - [2025-02-27T23:58:56.842+0000] {dagbag.py:537} INFO - Filling up the DagBag from /home/airflow/.local/lib/python3.7/site-packages/airflow/example_dags/example_short_circuit_decorator.py
[2025-02-27T23:58:56.854+0000] {processor.py:766} INFO - DAG(s) dict_keys(['example_short_circuit_decorator']) retrieved from /home/airflow/.local/lib/python3.7/site-packages/airflow/example_dags/example_short_circuit_decorator.py
[2025-02-27T23:58:56.875+0000] {logging_mixin.py:120} INFO - [2025-02-27T23:58:56.875+0000] {dag.py:2585} INFO - Sync 1 DAGs
[2025-02-27T23:58:56.888+0000] {logging_mixin.py:120} INFO - [2025-02-27T23:58:56.888+0000] {dag.py:3340} INFO - Setting next_dagrun for example_short_circuit_decorator to 2025-02-26T23:58:56.888165+00:00, run_after=2025-02-27T23:58:56.888165+00:00
[2025-02-27T23:58:56.900+0000] {processor.py:176} INFO - Processing /home/airflow/.local/lib/python3.7/site-packages/airflow/example_dags/example_short_circuit_decorator.py took 0.060 seconds
[2025-02-27T23:59:27.553+0000] {processor.py:154} INFO - Started process (PID=1571) to work on /home/airflow/.local/lib/python3.7/site-packages/airflow/example_dags/example_short_circuit_decorator.py
[2025-02-27T23:59:27.553+0000] {processor.py:756} INFO - Processing file /home/airflow/.local/lib/python3.7/site-packages/airflow/example_dags/example_short_circuit_decorator.py for tasks to queue
[2025-02-27T23:59:27.554+0000] {logging_mixin.py:120} INFO - [2025-02-27T23:59:27.554+0000] {dagbag.py:537} INFO - Filling up the DagBag from /home/airflow/.local/lib/python3.7/site-packages/airflow/example_dags/example_short_circuit_decorator.py
[2025-02-27T23:59:27.566+0000] {processor.py:766} INFO - DAG(s) dict_keys(['example_short_circuit_decorator']) retrieved from /home/airflow/.local/lib/python3.7/site-packages/airflow/example_dags/example_short_circuit_decorator.py
[2025-02-27T23:59:27.587+0000] {logging_mixin.py:120} INFO - [2025-02-27T23:59:27.586+0000] {dag.py:2585} INFO - Sync 1 DAGs
[2025-02-27T23:59:27.603+0000] {logging_mixin.py:120} INFO - [2025-02-27T23:59:27.603+0000] {dag.py:3340} INFO - Setting next_dagrun for example_short_circuit_decorator to 2025-02-26T23:59:27.603676+00:00, run_after=2025-02-27T23:59:27.603676+00:00
[2025-02-27T23:59:27.619+0000] {processor.py:176} INFO - Processing /home/airflow/.local/lib/python3.7/site-packages/airflow/example_dags/example_short_circuit_decorator.py took 0.068 seconds
[2025-02-27T23:59:58.409+0000] {processor.py:154} INFO - Started process (PID=1635) to work on /home/airflow/.local/lib/python3.7/site-packages/airflow/example_dags/example_short_circuit_decorator.py
[2025-02-27T23:59:58.410+0000] {processor.py:756} INFO - Processing file /home/airflow/.local/lib/python3.7/site-packages/airflow/example_dags/example_short_circuit_decorator.py for tasks to queue
[2025-02-27T23:59:58.410+0000] {logging_mixin.py:120} INFO - [2025-02-27T23:59:58.410+0000] {dagbag.py:537} INFO - Filling up the DagBag from /home/airflow/.local/lib/python3.7/site-packages/airflow/example_dags/example_short_circuit_decorator.py
[2025-02-27T23:59:58.422+0000] {processor.py:766} INFO - DAG(s) dict_keys(['example_short_circuit_decorator']) retrieved from /home/airflow/.local/lib/python3.7/site-packages/airflow/example_dags/example_short_circuit_decorator.py
[2025-02-27T23:59:58.443+0000] {logging_mixin.py:120} INFO - [2025-02-27T23:59:58.443+0000] {dag.py:2585} INFO - Sync 1 DAGs
[2025-02-27T23:59:58.455+0000] {logging_mixin.py:120} INFO - [2025-02-27T23:59:58.455+0000] {dag.py:3340} INFO - Setting next_dagrun for example_short_circuit_decorator to 2025-02-26T23:59:58.455069+00:00, run_after=2025-02-27T23:59:58.455069+00:00
[2025-02-27T23:59:58.464+0000] {processor.py:176} INFO - Processing /home/airflow/.local/lib/python3.7/site-packages/airflow/example_dags/example_short_circuit_decorator.py took 0.057 seconds
