[2025-02-27T23:47:06.288+0000] {processor.py:154} INFO - Started process (PID=51) to work on /home/airflow/.local/lib/python3.7/site-packages/airflow/example_dags/example_subdag_operator.py
[2025-02-27T23:47:06.289+0000] {processor.py:756} INFO - Processing file /home/airflow/.local/lib/python3.7/site-packages/airflow/example_dags/example_subdag_operator.py for tasks to queue
[2025-02-27T23:47:06.290+0000] {logging_mixin.py:120} INFO - [2025-02-27T23:47:06.290+0000] {dagbag.py:537} INFO - Filling up the DagBag from /home/airflow/.local/lib/python3.7/site-packages/airflow/example_dags/example_subdag_operator.py
[2025-02-27T23:47:06.310+0000] {processor.py:766} INFO - DAG(s) dict_keys(['example_subdag_operator.section-1', 'example_subdag_operator.section-2', 'example_subdag_operator']) retrieved from /home/airflow/.local/lib/python3.7/site-packages/airflow/example_dags/example_subdag_operator.py
[2025-02-27T23:47:06.445+0000] {logging_mixin.py:120} INFO - [2025-02-27T23:47:06.445+0000] {dag.py:2585} INFO - Sync 3 DAGs
[2025-02-27T23:47:06.465+0000] {logging_mixin.py:120} INFO - [2025-02-27T23:47:06.465+0000] {dag.py:3340} INFO - Setting next_dagrun for example_subdag_operator to 2022-01-01T00:00:00+00:00, run_after=2022-01-01T00:00:00+00:00
[2025-02-27T23:47:06.471+0000] {logging_mixin.py:120} INFO - [2025-02-27T23:47:06.471+0000] {dag.py:3340} INFO - Setting next_dagrun for example_subdag_operator.section-1 to None, run_after=None
[2025-02-27T23:47:06.472+0000] {logging_mixin.py:120} INFO - [2025-02-27T23:47:06.472+0000] {dag.py:3340} INFO - Setting next_dagrun for example_subdag_operator.section-2 to None, run_after=None
[2025-02-27T23:47:06.478+0000] {logging_mixin.py:120} INFO - [2025-02-27T23:47:06.478+0000] {dag.py:2585} INFO - Sync 2 DAGs
[2025-02-27T23:47:06.483+0000] {logging_mixin.py:120} INFO - [2025-02-27T23:47:06.483+0000] {dag.py:3340} INFO - Setting next_dagrun for example_subdag_operator.section-1 to None, run_after=None
[2025-02-27T23:47:06.484+0000] {logging_mixin.py:120} INFO - [2025-02-27T23:47:06.484+0000] {dag.py:3340} INFO - Setting next_dagrun for example_subdag_operator.section-2 to None, run_after=None
[2025-02-27T23:47:06.496+0000] {processor.py:176} INFO - Processing /home/airflow/.local/lib/python3.7/site-packages/airflow/example_dags/example_subdag_operator.py took 0.210 seconds
[2025-02-27T23:47:36.675+0000] {processor.py:154} INFO - Started process (PID=115) to work on /home/airflow/.local/lib/python3.7/site-packages/airflow/example_dags/example_subdag_operator.py
[2025-02-27T23:47:36.676+0000] {processor.py:756} INFO - Processing file /home/airflow/.local/lib/python3.7/site-packages/airflow/example_dags/example_subdag_operator.py for tasks to queue
[2025-02-27T23:47:36.677+0000] {logging_mixin.py:120} INFO - [2025-02-27T23:47:36.677+0000] {dagbag.py:537} INFO - Filling up the DagBag from /home/airflow/.local/lib/python3.7/site-packages/airflow/example_dags/example_subdag_operator.py
[2025-02-27T23:47:36.694+0000] {processor.py:766} INFO - DAG(s) dict_keys(['example_subdag_operator.section-1', 'example_subdag_operator.section-2', 'example_subdag_operator']) retrieved from /home/airflow/.local/lib/python3.7/site-packages/airflow/example_dags/example_subdag_operator.py
[2025-02-27T23:47:36.774+0000] {logging_mixin.py:120} INFO - [2025-02-27T23:47:36.774+0000] {dag.py:2585} INFO - Sync 3 DAGs
[2025-02-27T23:47:36.786+0000] {logging_mixin.py:120} INFO - [2025-02-27T23:47:36.786+0000] {dag.py:3340} INFO - Setting next_dagrun for example_subdag_operator to 2022-01-01T00:00:00+00:00, run_after=2022-01-01T00:00:00+00:00
[2025-02-27T23:47:36.788+0000] {logging_mixin.py:120} INFO - [2025-02-27T23:47:36.788+0000] {dag.py:3340} INFO - Setting next_dagrun for example_subdag_operator.section-1 to None, run_after=None
[2025-02-27T23:47:36.788+0000] {logging_mixin.py:120} INFO - [2025-02-27T23:47:36.788+0000] {dag.py:3340} INFO - Setting next_dagrun for example_subdag_operator.section-2 to None, run_after=None
[2025-02-27T23:47:36.792+0000] {logging_mixin.py:120} INFO - [2025-02-27T23:47:36.792+0000] {dag.py:2585} INFO - Sync 2 DAGs
[2025-02-27T23:47:36.794+0000] {logging_mixin.py:120} INFO - [2025-02-27T23:47:36.794+0000] {dag.py:3340} INFO - Setting next_dagrun for example_subdag_operator.section-1 to None, run_after=None
[2025-02-27T23:47:36.795+0000] {logging_mixin.py:120} INFO - [2025-02-27T23:47:36.795+0000] {dag.py:3340} INFO - Setting next_dagrun for example_subdag_operator.section-2 to None, run_after=None
[2025-02-27T23:47:36.800+0000] {processor.py:176} INFO - Processing /home/airflow/.local/lib/python3.7/site-packages/airflow/example_dags/example_subdag_operator.py took 0.126 seconds
[2025-02-27T23:48:07.554+0000] {processor.py:154} INFO - Started process (PID=180) to work on /home/airflow/.local/lib/python3.7/site-packages/airflow/example_dags/example_subdag_operator.py
[2025-02-27T23:48:07.556+0000] {processor.py:756} INFO - Processing file /home/airflow/.local/lib/python3.7/site-packages/airflow/example_dags/example_subdag_operator.py for tasks to queue
[2025-02-27T23:48:07.556+0000] {logging_mixin.py:120} INFO - [2025-02-27T23:48:07.556+0000] {dagbag.py:537} INFO - Filling up the DagBag from /home/airflow/.local/lib/python3.7/site-packages/airflow/example_dags/example_subdag_operator.py
[2025-02-27T23:48:07.578+0000] {processor.py:766} INFO - DAG(s) dict_keys(['example_subdag_operator.section-1', 'example_subdag_operator.section-2', 'example_subdag_operator']) retrieved from /home/airflow/.local/lib/python3.7/site-packages/airflow/example_dags/example_subdag_operator.py
[2025-02-27T23:48:07.587+0000] {logging_mixin.py:120} INFO - [2025-02-27T23:48:07.587+0000] {dag.py:2585} INFO - Sync 3 DAGs
[2025-02-27T23:48:07.602+0000] {logging_mixin.py:120} INFO - [2025-02-27T23:48:07.601+0000] {dag.py:3340} INFO - Setting next_dagrun for example_subdag_operator to 2022-01-01T00:00:00+00:00, run_after=2022-01-01T00:00:00+00:00
[2025-02-27T23:48:07.604+0000] {logging_mixin.py:120} INFO - [2025-02-27T23:48:07.604+0000] {dag.py:3340} INFO - Setting next_dagrun for example_subdag_operator.section-1 to None, run_after=None
[2025-02-27T23:48:07.604+0000] {logging_mixin.py:120} INFO - [2025-02-27T23:48:07.604+0000] {dag.py:3340} INFO - Setting next_dagrun for example_subdag_operator.section-2 to None, run_after=None
[2025-02-27T23:48:07.608+0000] {logging_mixin.py:120} INFO - [2025-02-27T23:48:07.608+0000] {dag.py:2585} INFO - Sync 2 DAGs
[2025-02-27T23:48:07.611+0000] {logging_mixin.py:120} INFO - [2025-02-27T23:48:07.611+0000] {dag.py:3340} INFO - Setting next_dagrun for example_subdag_operator.section-1 to None, run_after=None
[2025-02-27T23:48:07.612+0000] {logging_mixin.py:120} INFO - [2025-02-27T23:48:07.612+0000] {dag.py:3340} INFO - Setting next_dagrun for example_subdag_operator.section-2 to None, run_after=None
[2025-02-27T23:48:07.618+0000] {processor.py:176} INFO - Processing /home/airflow/.local/lib/python3.7/site-packages/airflow/example_dags/example_subdag_operator.py took 0.066 seconds
[2025-02-27T23:48:38.291+0000] {processor.py:154} INFO - Started process (PID=244) to work on /home/airflow/.local/lib/python3.7/site-packages/airflow/example_dags/example_subdag_operator.py
[2025-02-27T23:48:38.292+0000] {processor.py:756} INFO - Processing file /home/airflow/.local/lib/python3.7/site-packages/airflow/example_dags/example_subdag_operator.py for tasks to queue
[2025-02-27T23:48:38.292+0000] {logging_mixin.py:120} INFO - [2025-02-27T23:48:38.292+0000] {dagbag.py:537} INFO - Filling up the DagBag from /home/airflow/.local/lib/python3.7/site-packages/airflow/example_dags/example_subdag_operator.py
[2025-02-27T23:48:38.310+0000] {processor.py:766} INFO - DAG(s) dict_keys(['example_subdag_operator.section-1', 'example_subdag_operator.section-2', 'example_subdag_operator']) retrieved from /home/airflow/.local/lib/python3.7/site-packages/airflow/example_dags/example_subdag_operator.py
[2025-02-27T23:48:38.391+0000] {logging_mixin.py:120} INFO - [2025-02-27T23:48:38.391+0000] {dag.py:2585} INFO - Sync 3 DAGs
[2025-02-27T23:48:38.405+0000] {logging_mixin.py:120} INFO - [2025-02-27T23:48:38.404+0000] {dag.py:3340} INFO - Setting next_dagrun for example_subdag_operator to 2022-01-01T00:00:00+00:00, run_after=2022-01-01T00:00:00+00:00
[2025-02-27T23:48:38.407+0000] {logging_mixin.py:120} INFO - [2025-02-27T23:48:38.406+0000] {dag.py:3340} INFO - Setting next_dagrun for example_subdag_operator.section-1 to None, run_after=None
[2025-02-27T23:48:38.408+0000] {logging_mixin.py:120} INFO - [2025-02-27T23:48:38.408+0000] {dag.py:3340} INFO - Setting next_dagrun for example_subdag_operator.section-2 to None, run_after=None
[2025-02-27T23:48:38.412+0000] {logging_mixin.py:120} INFO - [2025-02-27T23:48:38.412+0000] {dag.py:2585} INFO - Sync 2 DAGs
[2025-02-27T23:48:38.415+0000] {logging_mixin.py:120} INFO - [2025-02-27T23:48:38.415+0000] {dag.py:3340} INFO - Setting next_dagrun for example_subdag_operator.section-1 to None, run_after=None
[2025-02-27T23:48:38.415+0000] {logging_mixin.py:120} INFO - [2025-02-27T23:48:38.415+0000] {dag.py:3340} INFO - Setting next_dagrun for example_subdag_operator.section-2 to None, run_after=None
[2025-02-27T23:48:38.421+0000] {processor.py:176} INFO - Processing /home/airflow/.local/lib/python3.7/site-packages/airflow/example_dags/example_subdag_operator.py took 0.132 seconds
[2025-02-27T23:49:09.194+0000] {processor.py:154} INFO - Started process (PID=308) to work on /home/airflow/.local/lib/python3.7/site-packages/airflow/example_dags/example_subdag_operator.py
[2025-02-27T23:49:09.195+0000] {processor.py:756} INFO - Processing file /home/airflow/.local/lib/python3.7/site-packages/airflow/example_dags/example_subdag_operator.py for tasks to queue
[2025-02-27T23:49:09.196+0000] {logging_mixin.py:120} INFO - [2025-02-27T23:49:09.196+0000] {dagbag.py:537} INFO - Filling up the DagBag from /home/airflow/.local/lib/python3.7/site-packages/airflow/example_dags/example_subdag_operator.py
[2025-02-27T23:49:09.215+0000] {processor.py:766} INFO - DAG(s) dict_keys(['example_subdag_operator.section-1', 'example_subdag_operator.section-2', 'example_subdag_operator']) retrieved from /home/airflow/.local/lib/python3.7/site-packages/airflow/example_dags/example_subdag_operator.py
[2025-02-27T23:49:09.301+0000] {logging_mixin.py:120} INFO - [2025-02-27T23:49:09.301+0000] {dag.py:2585} INFO - Sync 3 DAGs
[2025-02-27T23:49:09.316+0000] {logging_mixin.py:120} INFO - [2025-02-27T23:49:09.316+0000] {dag.py:3340} INFO - Setting next_dagrun for example_subdag_operator to 2022-01-01T00:00:00+00:00, run_after=2022-01-01T00:00:00+00:00
[2025-02-27T23:49:09.318+0000] {logging_mixin.py:120} INFO - [2025-02-27T23:49:09.318+0000] {dag.py:3340} INFO - Setting next_dagrun for example_subdag_operator.section-1 to None, run_after=None
[2025-02-27T23:49:09.319+0000] {logging_mixin.py:120} INFO - [2025-02-27T23:49:09.319+0000] {dag.py:3340} INFO - Setting next_dagrun for example_subdag_operator.section-2 to None, run_after=None
[2025-02-27T23:49:09.323+0000] {logging_mixin.py:120} INFO - [2025-02-27T23:49:09.323+0000] {dag.py:2585} INFO - Sync 2 DAGs
[2025-02-27T23:49:09.326+0000] {logging_mixin.py:120} INFO - [2025-02-27T23:49:09.326+0000] {dag.py:3340} INFO - Setting next_dagrun for example_subdag_operator.section-1 to None, run_after=None
[2025-02-27T23:49:09.327+0000] {logging_mixin.py:120} INFO - [2025-02-27T23:49:09.327+0000] {dag.py:3340} INFO - Setting next_dagrun for example_subdag_operator.section-2 to None, run_after=None
[2025-02-27T23:49:09.334+0000] {processor.py:176} INFO - Processing /home/airflow/.local/lib/python3.7/site-packages/airflow/example_dags/example_subdag_operator.py took 0.142 seconds
[2025-02-27T23:49:40.053+0000] {processor.py:154} INFO - Started process (PID=363) to work on /home/airflow/.local/lib/python3.7/site-packages/airflow/example_dags/example_subdag_operator.py
[2025-02-27T23:49:40.053+0000] {processor.py:756} INFO - Processing file /home/airflow/.local/lib/python3.7/site-packages/airflow/example_dags/example_subdag_operator.py for tasks to queue
[2025-02-27T23:49:40.054+0000] {logging_mixin.py:120} INFO - [2025-02-27T23:49:40.054+0000] {dagbag.py:537} INFO - Filling up the DagBag from /home/airflow/.local/lib/python3.7/site-packages/airflow/example_dags/example_subdag_operator.py
[2025-02-27T23:49:40.070+0000] {processor.py:766} INFO - DAG(s) dict_keys(['example_subdag_operator.section-1', 'example_subdag_operator.section-2', 'example_subdag_operator']) retrieved from /home/airflow/.local/lib/python3.7/site-packages/airflow/example_dags/example_subdag_operator.py
[2025-02-27T23:49:40.154+0000] {logging_mixin.py:120} INFO - [2025-02-27T23:49:40.154+0000] {dag.py:2585} INFO - Sync 3 DAGs
[2025-02-27T23:49:40.170+0000] {logging_mixin.py:120} INFO - [2025-02-27T23:49:40.170+0000] {dag.py:3340} INFO - Setting next_dagrun for example_subdag_operator to 2022-01-01T00:00:00+00:00, run_after=2022-01-01T00:00:00+00:00
[2025-02-27T23:49:40.172+0000] {logging_mixin.py:120} INFO - [2025-02-27T23:49:40.172+0000] {dag.py:3340} INFO - Setting next_dagrun for example_subdag_operator.section-1 to None, run_after=None
[2025-02-27T23:49:40.173+0000] {logging_mixin.py:120} INFO - [2025-02-27T23:49:40.173+0000] {dag.py:3340} INFO - Setting next_dagrun for example_subdag_operator.section-2 to None, run_after=None
[2025-02-27T23:49:40.177+0000] {logging_mixin.py:120} INFO - [2025-02-27T23:49:40.177+0000] {dag.py:2585} INFO - Sync 2 DAGs
[2025-02-27T23:49:40.180+0000] {logging_mixin.py:120} INFO - [2025-02-27T23:49:40.180+0000] {dag.py:3340} INFO - Setting next_dagrun for example_subdag_operator.section-1 to None, run_after=None
[2025-02-27T23:49:40.181+0000] {logging_mixin.py:120} INFO - [2025-02-27T23:49:40.180+0000] {dag.py:3340} INFO - Setting next_dagrun for example_subdag_operator.section-2 to None, run_after=None
[2025-02-27T23:49:40.186+0000] {processor.py:176} INFO - Processing /home/airflow/.local/lib/python3.7/site-packages/airflow/example_dags/example_subdag_operator.py took 0.135 seconds
[2025-02-27T23:50:10.826+0000] {processor.py:154} INFO - Started process (PID=427) to work on /home/airflow/.local/lib/python3.7/site-packages/airflow/example_dags/example_subdag_operator.py
[2025-02-27T23:50:10.826+0000] {processor.py:756} INFO - Processing file /home/airflow/.local/lib/python3.7/site-packages/airflow/example_dags/example_subdag_operator.py for tasks to queue
[2025-02-27T23:50:10.827+0000] {logging_mixin.py:120} INFO - [2025-02-27T23:50:10.827+0000] {dagbag.py:537} INFO - Filling up the DagBag from /home/airflow/.local/lib/python3.7/site-packages/airflow/example_dags/example_subdag_operator.py
[2025-02-27T23:50:10.843+0000] {processor.py:766} INFO - DAG(s) dict_keys(['example_subdag_operator.section-1', 'example_subdag_operator.section-2', 'example_subdag_operator']) retrieved from /home/airflow/.local/lib/python3.7/site-packages/airflow/example_dags/example_subdag_operator.py
[2025-02-27T23:50:10.927+0000] {logging_mixin.py:120} INFO - [2025-02-27T23:50:10.926+0000] {dag.py:2585} INFO - Sync 3 DAGs
[2025-02-27T23:50:10.941+0000] {logging_mixin.py:120} INFO - [2025-02-27T23:50:10.941+0000] {dag.py:3340} INFO - Setting next_dagrun for example_subdag_operator to 2022-01-01T00:00:00+00:00, run_after=2022-01-01T00:00:00+00:00
[2025-02-27T23:50:10.942+0000] {logging_mixin.py:120} INFO - [2025-02-27T23:50:10.942+0000] {dag.py:3340} INFO - Setting next_dagrun for example_subdag_operator.section-1 to None, run_after=None
[2025-02-27T23:50:10.943+0000] {logging_mixin.py:120} INFO - [2025-02-27T23:50:10.943+0000] {dag.py:3340} INFO - Setting next_dagrun for example_subdag_operator.section-2 to None, run_after=None
[2025-02-27T23:50:10.947+0000] {logging_mixin.py:120} INFO - [2025-02-27T23:50:10.947+0000] {dag.py:2585} INFO - Sync 2 DAGs
[2025-02-27T23:50:10.950+0000] {logging_mixin.py:120} INFO - [2025-02-27T23:50:10.950+0000] {dag.py:3340} INFO - Setting next_dagrun for example_subdag_operator.section-1 to None, run_after=None
[2025-02-27T23:50:10.950+0000] {logging_mixin.py:120} INFO - [2025-02-27T23:50:10.950+0000] {dag.py:3340} INFO - Setting next_dagrun for example_subdag_operator.section-2 to None, run_after=None
[2025-02-27T23:50:10.956+0000] {processor.py:176} INFO - Processing /home/airflow/.local/lib/python3.7/site-packages/airflow/example_dags/example_subdag_operator.py took 0.132 seconds
[2025-02-27T23:50:41.743+0000] {processor.py:154} INFO - Started process (PID=491) to work on /home/airflow/.local/lib/python3.7/site-packages/airflow/example_dags/example_subdag_operator.py
[2025-02-27T23:50:41.743+0000] {processor.py:756} INFO - Processing file /home/airflow/.local/lib/python3.7/site-packages/airflow/example_dags/example_subdag_operator.py for tasks to queue
[2025-02-27T23:50:41.744+0000] {logging_mixin.py:120} INFO - [2025-02-27T23:50:41.744+0000] {dagbag.py:537} INFO - Filling up the DagBag from /home/airflow/.local/lib/python3.7/site-packages/airflow/example_dags/example_subdag_operator.py
[2025-02-27T23:50:41.761+0000] {processor.py:766} INFO - DAG(s) dict_keys(['example_subdag_operator.section-1', 'example_subdag_operator.section-2', 'example_subdag_operator']) retrieved from /home/airflow/.local/lib/python3.7/site-packages/airflow/example_dags/example_subdag_operator.py
[2025-02-27T23:50:41.839+0000] {logging_mixin.py:120} INFO - [2025-02-27T23:50:41.839+0000] {dag.py:2585} INFO - Sync 3 DAGs
[2025-02-27T23:50:41.851+0000] {logging_mixin.py:120} INFO - [2025-02-27T23:50:41.851+0000] {dag.py:3340} INFO - Setting next_dagrun for example_subdag_operator to 2022-01-01T00:00:00+00:00, run_after=2022-01-01T00:00:00+00:00
[2025-02-27T23:50:41.853+0000] {logging_mixin.py:120} INFO - [2025-02-27T23:50:41.853+0000] {dag.py:3340} INFO - Setting next_dagrun for example_subdag_operator.section-1 to None, run_after=None
[2025-02-27T23:50:41.854+0000] {logging_mixin.py:120} INFO - [2025-02-27T23:50:41.854+0000] {dag.py:3340} INFO - Setting next_dagrun for example_subdag_operator.section-2 to None, run_after=None
[2025-02-27T23:50:41.859+0000] {logging_mixin.py:120} INFO - [2025-02-27T23:50:41.858+0000] {dag.py:2585} INFO - Sync 2 DAGs
[2025-02-27T23:50:41.862+0000] {logging_mixin.py:120} INFO - [2025-02-27T23:50:41.862+0000] {dag.py:3340} INFO - Setting next_dagrun for example_subdag_operator.section-1 to None, run_after=None
[2025-02-27T23:50:41.862+0000] {logging_mixin.py:120} INFO - [2025-02-27T23:50:41.862+0000] {dag.py:3340} INFO - Setting next_dagrun for example_subdag_operator.section-2 to None, run_after=None
[2025-02-27T23:50:41.868+0000] {processor.py:176} INFO - Processing /home/airflow/.local/lib/python3.7/site-packages/airflow/example_dags/example_subdag_operator.py took 0.127 seconds
[2025-02-27T23:51:12.595+0000] {processor.py:154} INFO - Started process (PID=555) to work on /home/airflow/.local/lib/python3.7/site-packages/airflow/example_dags/example_subdag_operator.py
[2025-02-27T23:51:12.596+0000] {processor.py:756} INFO - Processing file /home/airflow/.local/lib/python3.7/site-packages/airflow/example_dags/example_subdag_operator.py for tasks to queue
[2025-02-27T23:51:12.597+0000] {logging_mixin.py:120} INFO - [2025-02-27T23:51:12.596+0000] {dagbag.py:537} INFO - Filling up the DagBag from /home/airflow/.local/lib/python3.7/site-packages/airflow/example_dags/example_subdag_operator.py
[2025-02-27T23:51:12.616+0000] {processor.py:766} INFO - DAG(s) dict_keys(['example_subdag_operator.section-1', 'example_subdag_operator.section-2', 'example_subdag_operator']) retrieved from /home/airflow/.local/lib/python3.7/site-packages/airflow/example_dags/example_subdag_operator.py
[2025-02-27T23:51:12.698+0000] {logging_mixin.py:120} INFO - [2025-02-27T23:51:12.698+0000] {dag.py:2585} INFO - Sync 3 DAGs
[2025-02-27T23:51:12.711+0000] {logging_mixin.py:120} INFO - [2025-02-27T23:51:12.711+0000] {dag.py:3340} INFO - Setting next_dagrun for example_subdag_operator to 2022-01-01T00:00:00+00:00, run_after=2022-01-01T00:00:00+00:00
[2025-02-27T23:51:12.713+0000] {logging_mixin.py:120} INFO - [2025-02-27T23:51:12.713+0000] {dag.py:3340} INFO - Setting next_dagrun for example_subdag_operator.section-1 to None, run_after=None
[2025-02-27T23:51:12.714+0000] {logging_mixin.py:120} INFO - [2025-02-27T23:51:12.714+0000] {dag.py:3340} INFO - Setting next_dagrun for example_subdag_operator.section-2 to None, run_after=None
[2025-02-27T23:51:12.718+0000] {logging_mixin.py:120} INFO - [2025-02-27T23:51:12.718+0000] {dag.py:2585} INFO - Sync 2 DAGs
[2025-02-27T23:51:12.721+0000] {logging_mixin.py:120} INFO - [2025-02-27T23:51:12.721+0000] {dag.py:3340} INFO - Setting next_dagrun for example_subdag_operator.section-1 to None, run_after=None
[2025-02-27T23:51:12.721+0000] {logging_mixin.py:120} INFO - [2025-02-27T23:51:12.721+0000] {dag.py:3340} INFO - Setting next_dagrun for example_subdag_operator.section-2 to None, run_after=None
[2025-02-27T23:51:12.727+0000] {processor.py:176} INFO - Processing /home/airflow/.local/lib/python3.7/site-packages/airflow/example_dags/example_subdag_operator.py took 0.133 seconds
[2025-02-27T23:51:43.506+0000] {processor.py:154} INFO - Started process (PID=619) to work on /home/airflow/.local/lib/python3.7/site-packages/airflow/example_dags/example_subdag_operator.py
[2025-02-27T23:51:43.507+0000] {processor.py:756} INFO - Processing file /home/airflow/.local/lib/python3.7/site-packages/airflow/example_dags/example_subdag_operator.py for tasks to queue
[2025-02-27T23:51:43.507+0000] {logging_mixin.py:120} INFO - [2025-02-27T23:51:43.507+0000] {dagbag.py:537} INFO - Filling up the DagBag from /home/airflow/.local/lib/python3.7/site-packages/airflow/example_dags/example_subdag_operator.py
[2025-02-27T23:51:43.524+0000] {processor.py:766} INFO - DAG(s) dict_keys(['example_subdag_operator.section-1', 'example_subdag_operator.section-2', 'example_subdag_operator']) retrieved from /home/airflow/.local/lib/python3.7/site-packages/airflow/example_dags/example_subdag_operator.py
[2025-02-27T23:51:43.607+0000] {logging_mixin.py:120} INFO - [2025-02-27T23:51:43.607+0000] {dag.py:2585} INFO - Sync 3 DAGs
[2025-02-27T23:51:43.620+0000] {logging_mixin.py:120} INFO - [2025-02-27T23:51:43.619+0000] {dag.py:3340} INFO - Setting next_dagrun for example_subdag_operator to 2022-01-01T00:00:00+00:00, run_after=2022-01-01T00:00:00+00:00
[2025-02-27T23:51:43.621+0000] {logging_mixin.py:120} INFO - [2025-02-27T23:51:43.621+0000] {dag.py:3340} INFO - Setting next_dagrun for example_subdag_operator.section-1 to None, run_after=None
[2025-02-27T23:51:43.622+0000] {logging_mixin.py:120} INFO - [2025-02-27T23:51:43.622+0000] {dag.py:3340} INFO - Setting next_dagrun for example_subdag_operator.section-2 to None, run_after=None
[2025-02-27T23:51:43.627+0000] {logging_mixin.py:120} INFO - [2025-02-27T23:51:43.627+0000] {dag.py:2585} INFO - Sync 2 DAGs
[2025-02-27T23:51:43.630+0000] {logging_mixin.py:120} INFO - [2025-02-27T23:51:43.630+0000] {dag.py:3340} INFO - Setting next_dagrun for example_subdag_operator.section-1 to None, run_after=None
[2025-02-27T23:51:43.630+0000] {logging_mixin.py:120} INFO - [2025-02-27T23:51:43.630+0000] {dag.py:3340} INFO - Setting next_dagrun for example_subdag_operator.section-2 to None, run_after=None
[2025-02-27T23:51:43.635+0000] {processor.py:176} INFO - Processing /home/airflow/.local/lib/python3.7/site-packages/airflow/example_dags/example_subdag_operator.py took 0.132 seconds
[2025-02-27T23:52:14.320+0000] {processor.py:154} INFO - Started process (PID=683) to work on /home/airflow/.local/lib/python3.7/site-packages/airflow/example_dags/example_subdag_operator.py
[2025-02-27T23:52:14.320+0000] {processor.py:756} INFO - Processing file /home/airflow/.local/lib/python3.7/site-packages/airflow/example_dags/example_subdag_operator.py for tasks to queue
[2025-02-27T23:52:14.321+0000] {logging_mixin.py:120} INFO - [2025-02-27T23:52:14.321+0000] {dagbag.py:537} INFO - Filling up the DagBag from /home/airflow/.local/lib/python3.7/site-packages/airflow/example_dags/example_subdag_operator.py
[2025-02-27T23:52:14.337+0000] {processor.py:766} INFO - DAG(s) dict_keys(['example_subdag_operator.section-1', 'example_subdag_operator.section-2', 'example_subdag_operator']) retrieved from /home/airflow/.local/lib/python3.7/site-packages/airflow/example_dags/example_subdag_operator.py
[2025-02-27T23:52:14.415+0000] {logging_mixin.py:120} INFO - [2025-02-27T23:52:14.415+0000] {dag.py:2585} INFO - Sync 3 DAGs
[2025-02-27T23:52:14.428+0000] {logging_mixin.py:120} INFO - [2025-02-27T23:52:14.428+0000] {dag.py:3340} INFO - Setting next_dagrun for example_subdag_operator to 2022-01-01T00:00:00+00:00, run_after=2022-01-01T00:00:00+00:00
[2025-02-27T23:52:14.430+0000] {logging_mixin.py:120} INFO - [2025-02-27T23:52:14.429+0000] {dag.py:3340} INFO - Setting next_dagrun for example_subdag_operator.section-1 to None, run_after=None
[2025-02-27T23:52:14.430+0000] {logging_mixin.py:120} INFO - [2025-02-27T23:52:14.430+0000] {dag.py:3340} INFO - Setting next_dagrun for example_subdag_operator.section-2 to None, run_after=None
[2025-02-27T23:52:14.434+0000] {logging_mixin.py:120} INFO - [2025-02-27T23:52:14.434+0000] {dag.py:2585} INFO - Sync 2 DAGs
[2025-02-27T23:52:14.437+0000] {logging_mixin.py:120} INFO - [2025-02-27T23:52:14.437+0000] {dag.py:3340} INFO - Setting next_dagrun for example_subdag_operator.section-1 to None, run_after=None
[2025-02-27T23:52:14.437+0000] {logging_mixin.py:120} INFO - [2025-02-27T23:52:14.437+0000] {dag.py:3340} INFO - Setting next_dagrun for example_subdag_operator.section-2 to None, run_after=None
[2025-02-27T23:52:14.443+0000] {processor.py:176} INFO - Processing /home/airflow/.local/lib/python3.7/site-packages/airflow/example_dags/example_subdag_operator.py took 0.125 seconds
[2025-02-27T23:52:45.152+0000] {processor.py:154} INFO - Started process (PID=746) to work on /home/airflow/.local/lib/python3.7/site-packages/airflow/example_dags/example_subdag_operator.py
[2025-02-27T23:52:45.152+0000] {processor.py:756} INFO - Processing file /home/airflow/.local/lib/python3.7/site-packages/airflow/example_dags/example_subdag_operator.py for tasks to queue
[2025-02-27T23:52:45.153+0000] {logging_mixin.py:120} INFO - [2025-02-27T23:52:45.153+0000] {dagbag.py:537} INFO - Filling up the DagBag from /home/airflow/.local/lib/python3.7/site-packages/airflow/example_dags/example_subdag_operator.py
[2025-02-27T23:52:45.170+0000] {processor.py:766} INFO - DAG(s) dict_keys(['example_subdag_operator.section-1', 'example_subdag_operator.section-2', 'example_subdag_operator']) retrieved from /home/airflow/.local/lib/python3.7/site-packages/airflow/example_dags/example_subdag_operator.py
[2025-02-27T23:52:45.248+0000] {logging_mixin.py:120} INFO - [2025-02-27T23:52:45.248+0000] {dag.py:2585} INFO - Sync 3 DAGs
[2025-02-27T23:52:45.260+0000] {logging_mixin.py:120} INFO - [2025-02-27T23:52:45.260+0000] {dag.py:3340} INFO - Setting next_dagrun for example_subdag_operator to 2022-01-01T00:00:00+00:00, run_after=2022-01-01T00:00:00+00:00
[2025-02-27T23:52:45.262+0000] {logging_mixin.py:120} INFO - [2025-02-27T23:52:45.262+0000] {dag.py:3340} INFO - Setting next_dagrun for example_subdag_operator.section-1 to None, run_after=None
[2025-02-27T23:52:45.263+0000] {logging_mixin.py:120} INFO - [2025-02-27T23:52:45.263+0000] {dag.py:3340} INFO - Setting next_dagrun for example_subdag_operator.section-2 to None, run_after=None
[2025-02-27T23:52:45.267+0000] {logging_mixin.py:120} INFO - [2025-02-27T23:52:45.267+0000] {dag.py:2585} INFO - Sync 2 DAGs
[2025-02-27T23:52:45.270+0000] {logging_mixin.py:120} INFO - [2025-02-27T23:52:45.270+0000] {dag.py:3340} INFO - Setting next_dagrun for example_subdag_operator.section-1 to None, run_after=None
[2025-02-27T23:52:45.270+0000] {logging_mixin.py:120} INFO - [2025-02-27T23:52:45.270+0000] {dag.py:3340} INFO - Setting next_dagrun for example_subdag_operator.section-2 to None, run_after=None
[2025-02-27T23:52:45.276+0000] {processor.py:176} INFO - Processing /home/airflow/.local/lib/python3.7/site-packages/airflow/example_dags/example_subdag_operator.py took 0.126 seconds
[2025-02-27T23:53:15.963+0000] {processor.py:154} INFO - Started process (PID=808) to work on /home/airflow/.local/lib/python3.7/site-packages/airflow/example_dags/example_subdag_operator.py
[2025-02-27T23:53:15.963+0000] {processor.py:756} INFO - Processing file /home/airflow/.local/lib/python3.7/site-packages/airflow/example_dags/example_subdag_operator.py for tasks to queue
[2025-02-27T23:53:15.964+0000] {logging_mixin.py:120} INFO - [2025-02-27T23:53:15.964+0000] {dagbag.py:537} INFO - Filling up the DagBag from /home/airflow/.local/lib/python3.7/site-packages/airflow/example_dags/example_subdag_operator.py
[2025-02-27T23:53:15.981+0000] {processor.py:766} INFO - DAG(s) dict_keys(['example_subdag_operator.section-1', 'example_subdag_operator.section-2', 'example_subdag_operator']) retrieved from /home/airflow/.local/lib/python3.7/site-packages/airflow/example_dags/example_subdag_operator.py
[2025-02-27T23:53:16.061+0000] {logging_mixin.py:120} INFO - [2025-02-27T23:53:16.061+0000] {dag.py:2585} INFO - Sync 3 DAGs
[2025-02-27T23:53:16.073+0000] {logging_mixin.py:120} INFO - [2025-02-27T23:53:16.073+0000] {dag.py:3340} INFO - Setting next_dagrun for example_subdag_operator to 2022-01-01T00:00:00+00:00, run_after=2022-01-01T00:00:00+00:00
[2025-02-27T23:53:16.075+0000] {logging_mixin.py:120} INFO - [2025-02-27T23:53:16.075+0000] {dag.py:3340} INFO - Setting next_dagrun for example_subdag_operator.section-1 to None, run_after=None
[2025-02-27T23:53:16.075+0000] {logging_mixin.py:120} INFO - [2025-02-27T23:53:16.075+0000] {dag.py:3340} INFO - Setting next_dagrun for example_subdag_operator.section-2 to None, run_after=None
[2025-02-27T23:53:16.079+0000] {logging_mixin.py:120} INFO - [2025-02-27T23:53:16.079+0000] {dag.py:2585} INFO - Sync 2 DAGs
[2025-02-27T23:53:16.082+0000] {logging_mixin.py:120} INFO - [2025-02-27T23:53:16.082+0000] {dag.py:3340} INFO - Setting next_dagrun for example_subdag_operator.section-1 to None, run_after=None
[2025-02-27T23:53:16.082+0000] {logging_mixin.py:120} INFO - [2025-02-27T23:53:16.082+0000] {dag.py:3340} INFO - Setting next_dagrun for example_subdag_operator.section-2 to None, run_after=None
[2025-02-27T23:53:16.087+0000] {processor.py:176} INFO - Processing /home/airflow/.local/lib/python3.7/site-packages/airflow/example_dags/example_subdag_operator.py took 0.127 seconds
[2025-02-27T23:53:46.829+0000] {processor.py:154} INFO - Started process (PID=872) to work on /home/airflow/.local/lib/python3.7/site-packages/airflow/example_dags/example_subdag_operator.py
[2025-02-27T23:53:46.832+0000] {processor.py:756} INFO - Processing file /home/airflow/.local/lib/python3.7/site-packages/airflow/example_dags/example_subdag_operator.py for tasks to queue
[2025-02-27T23:53:46.833+0000] {logging_mixin.py:120} INFO - [2025-02-27T23:53:46.833+0000] {dagbag.py:537} INFO - Filling up the DagBag from /home/airflow/.local/lib/python3.7/site-packages/airflow/example_dags/example_subdag_operator.py
[2025-02-27T23:53:46.866+0000] {processor.py:766} INFO - DAG(s) dict_keys(['example_subdag_operator.section-1', 'example_subdag_operator.section-2', 'example_subdag_operator']) retrieved from /home/airflow/.local/lib/python3.7/site-packages/airflow/example_dags/example_subdag_operator.py
[2025-02-27T23:53:46.958+0000] {logging_mixin.py:120} INFO - [2025-02-27T23:53:46.958+0000] {dag.py:2585} INFO - Sync 3 DAGs
[2025-02-27T23:53:46.973+0000] {logging_mixin.py:120} INFO - [2025-02-27T23:53:46.973+0000] {dag.py:3340} INFO - Setting next_dagrun for example_subdag_operator to 2022-01-01T00:00:00+00:00, run_after=2022-01-01T00:00:00+00:00
[2025-02-27T23:53:46.975+0000] {logging_mixin.py:120} INFO - [2025-02-27T23:53:46.975+0000] {dag.py:3340} INFO - Setting next_dagrun for example_subdag_operator.section-1 to None, run_after=None
[2025-02-27T23:53:46.976+0000] {logging_mixin.py:120} INFO - [2025-02-27T23:53:46.976+0000] {dag.py:3340} INFO - Setting next_dagrun for example_subdag_operator.section-2 to None, run_after=None
[2025-02-27T23:53:46.981+0000] {logging_mixin.py:120} INFO - [2025-02-27T23:53:46.981+0000] {dag.py:2585} INFO - Sync 2 DAGs
[2025-02-27T23:53:46.984+0000] {logging_mixin.py:120} INFO - [2025-02-27T23:53:46.984+0000] {dag.py:3340} INFO - Setting next_dagrun for example_subdag_operator.section-1 to None, run_after=None
[2025-02-27T23:53:46.984+0000] {logging_mixin.py:120} INFO - [2025-02-27T23:53:46.984+0000] {dag.py:3340} INFO - Setting next_dagrun for example_subdag_operator.section-2 to None, run_after=None
[2025-02-27T23:53:46.990+0000] {processor.py:176} INFO - Processing /home/airflow/.local/lib/python3.7/site-packages/airflow/example_dags/example_subdag_operator.py took 0.163 seconds
[2025-02-27T23:54:17.754+0000] {processor.py:154} INFO - Started process (PID=933) to work on /home/airflow/.local/lib/python3.7/site-packages/airflow/example_dags/example_subdag_operator.py
[2025-02-27T23:54:17.755+0000] {processor.py:756} INFO - Processing file /home/airflow/.local/lib/python3.7/site-packages/airflow/example_dags/example_subdag_operator.py for tasks to queue
[2025-02-27T23:54:17.756+0000] {logging_mixin.py:120} INFO - [2025-02-27T23:54:17.756+0000] {dagbag.py:537} INFO - Filling up the DagBag from /home/airflow/.local/lib/python3.7/site-packages/airflow/example_dags/example_subdag_operator.py
[2025-02-27T23:54:17.774+0000] {processor.py:766} INFO - DAG(s) dict_keys(['example_subdag_operator.section-1', 'example_subdag_operator.section-2', 'example_subdag_operator']) retrieved from /home/airflow/.local/lib/python3.7/site-packages/airflow/example_dags/example_subdag_operator.py
[2025-02-27T23:54:17.869+0000] {logging_mixin.py:120} INFO - [2025-02-27T23:54:17.869+0000] {dag.py:2585} INFO - Sync 3 DAGs
[2025-02-27T23:54:17.955+0000] {logging_mixin.py:120} INFO - [2025-02-27T23:54:17.954+0000] {dag.py:3340} INFO - Setting next_dagrun for example_subdag_operator to 2022-01-01T00:00:00+00:00, run_after=2022-01-01T00:00:00+00:00
[2025-02-27T23:54:17.972+0000] {logging_mixin.py:120} INFO - [2025-02-27T23:54:17.972+0000] {dag.py:3340} INFO - Setting next_dagrun for example_subdag_operator.section-1 to None, run_after=None
[2025-02-27T23:54:17.973+0000] {logging_mixin.py:120} INFO - [2025-02-27T23:54:17.973+0000] {dag.py:3340} INFO - Setting next_dagrun for example_subdag_operator.section-2 to None, run_after=None
[2025-02-27T23:54:17.983+0000] {logging_mixin.py:120} INFO - [2025-02-27T23:54:17.983+0000] {dag.py:2585} INFO - Sync 2 DAGs
[2025-02-27T23:54:17.991+0000] {logging_mixin.py:120} INFO - [2025-02-27T23:54:17.991+0000] {dag.py:3340} INFO - Setting next_dagrun for example_subdag_operator.section-1 to None, run_after=None
[2025-02-27T23:54:17.993+0000] {logging_mixin.py:120} INFO - [2025-02-27T23:54:17.992+0000] {dag.py:3340} INFO - Setting next_dagrun for example_subdag_operator.section-2 to None, run_after=None
[2025-02-27T23:54:18.007+0000] {processor.py:176} INFO - Processing /home/airflow/.local/lib/python3.7/site-packages/airflow/example_dags/example_subdag_operator.py took 0.254 seconds
[2025-02-27T23:54:48.645+0000] {processor.py:154} INFO - Started process (PID=990) to work on /home/airflow/.local/lib/python3.7/site-packages/airflow/example_dags/example_subdag_operator.py
[2025-02-27T23:54:48.646+0000] {processor.py:756} INFO - Processing file /home/airflow/.local/lib/python3.7/site-packages/airflow/example_dags/example_subdag_operator.py for tasks to queue
[2025-02-27T23:54:48.646+0000] {logging_mixin.py:120} INFO - [2025-02-27T23:54:48.646+0000] {dagbag.py:537} INFO - Filling up the DagBag from /home/airflow/.local/lib/python3.7/site-packages/airflow/example_dags/example_subdag_operator.py
[2025-02-27T23:54:48.663+0000] {processor.py:766} INFO - DAG(s) dict_keys(['example_subdag_operator.section-1', 'example_subdag_operator.section-2', 'example_subdag_operator']) retrieved from /home/airflow/.local/lib/python3.7/site-packages/airflow/example_dags/example_subdag_operator.py
[2025-02-27T23:54:48.741+0000] {logging_mixin.py:120} INFO - [2025-02-27T23:54:48.741+0000] {dag.py:2585} INFO - Sync 3 DAGs
[2025-02-27T23:54:48.754+0000] {logging_mixin.py:120} INFO - [2025-02-27T23:54:48.754+0000] {dag.py:3340} INFO - Setting next_dagrun for example_subdag_operator to 2022-01-01T00:00:00+00:00, run_after=2022-01-01T00:00:00+00:00
[2025-02-27T23:54:48.756+0000] {logging_mixin.py:120} INFO - [2025-02-27T23:54:48.756+0000] {dag.py:3340} INFO - Setting next_dagrun for example_subdag_operator.section-1 to None, run_after=None
[2025-02-27T23:54:48.756+0000] {logging_mixin.py:120} INFO - [2025-02-27T23:54:48.756+0000] {dag.py:3340} INFO - Setting next_dagrun for example_subdag_operator.section-2 to None, run_after=None
[2025-02-27T23:54:48.760+0000] {logging_mixin.py:120} INFO - [2025-02-27T23:54:48.760+0000] {dag.py:2585} INFO - Sync 2 DAGs
[2025-02-27T23:54:48.763+0000] {logging_mixin.py:120} INFO - [2025-02-27T23:54:48.763+0000] {dag.py:3340} INFO - Setting next_dagrun for example_subdag_operator.section-1 to None, run_after=None
[2025-02-27T23:54:48.763+0000] {logging_mixin.py:120} INFO - [2025-02-27T23:54:48.763+0000] {dag.py:3340} INFO - Setting next_dagrun for example_subdag_operator.section-2 to None, run_after=None
[2025-02-27T23:54:48.768+0000] {processor.py:176} INFO - Processing /home/airflow/.local/lib/python3.7/site-packages/airflow/example_dags/example_subdag_operator.py took 0.125 seconds
[2025-02-27T23:55:19.410+0000] {processor.py:154} INFO - Started process (PID=1054) to work on /home/airflow/.local/lib/python3.7/site-packages/airflow/example_dags/example_subdag_operator.py
[2025-02-27T23:55:19.411+0000] {processor.py:756} INFO - Processing file /home/airflow/.local/lib/python3.7/site-packages/airflow/example_dags/example_subdag_operator.py for tasks to queue
[2025-02-27T23:55:19.411+0000] {logging_mixin.py:120} INFO - [2025-02-27T23:55:19.411+0000] {dagbag.py:537} INFO - Filling up the DagBag from /home/airflow/.local/lib/python3.7/site-packages/airflow/example_dags/example_subdag_operator.py
[2025-02-27T23:55:19.427+0000] {processor.py:766} INFO - DAG(s) dict_keys(['example_subdag_operator.section-1', 'example_subdag_operator.section-2', 'example_subdag_operator']) retrieved from /home/airflow/.local/lib/python3.7/site-packages/airflow/example_dags/example_subdag_operator.py
[2025-02-27T23:55:19.509+0000] {logging_mixin.py:120} INFO - [2025-02-27T23:55:19.509+0000] {dag.py:2585} INFO - Sync 3 DAGs
[2025-02-27T23:55:19.522+0000] {logging_mixin.py:120} INFO - [2025-02-27T23:55:19.522+0000] {dag.py:3340} INFO - Setting next_dagrun for example_subdag_operator to 2022-01-01T00:00:00+00:00, run_after=2022-01-01T00:00:00+00:00
[2025-02-27T23:55:19.524+0000] {logging_mixin.py:120} INFO - [2025-02-27T23:55:19.524+0000] {dag.py:3340} INFO - Setting next_dagrun for example_subdag_operator.section-1 to None, run_after=None
[2025-02-27T23:55:19.525+0000] {logging_mixin.py:120} INFO - [2025-02-27T23:55:19.525+0000] {dag.py:3340} INFO - Setting next_dagrun for example_subdag_operator.section-2 to None, run_after=None
[2025-02-27T23:55:19.529+0000] {logging_mixin.py:120} INFO - [2025-02-27T23:55:19.529+0000] {dag.py:2585} INFO - Sync 2 DAGs
[2025-02-27T23:55:19.532+0000] {logging_mixin.py:120} INFO - [2025-02-27T23:55:19.532+0000] {dag.py:3340} INFO - Setting next_dagrun for example_subdag_operator.section-1 to None, run_after=None
[2025-02-27T23:55:19.533+0000] {logging_mixin.py:120} INFO - [2025-02-27T23:55:19.533+0000] {dag.py:3340} INFO - Setting next_dagrun for example_subdag_operator.section-2 to None, run_after=None
[2025-02-27T23:55:19.538+0000] {processor.py:176} INFO - Processing /home/airflow/.local/lib/python3.7/site-packages/airflow/example_dags/example_subdag_operator.py took 0.130 seconds
[2025-02-27T23:55:50.182+0000] {processor.py:154} INFO - Started process (PID=1118) to work on /home/airflow/.local/lib/python3.7/site-packages/airflow/example_dags/example_subdag_operator.py
[2025-02-27T23:55:50.183+0000] {processor.py:756} INFO - Processing file /home/airflow/.local/lib/python3.7/site-packages/airflow/example_dags/example_subdag_operator.py for tasks to queue
[2025-02-27T23:55:50.184+0000] {logging_mixin.py:120} INFO - [2025-02-27T23:55:50.184+0000] {dagbag.py:537} INFO - Filling up the DagBag from /home/airflow/.local/lib/python3.7/site-packages/airflow/example_dags/example_subdag_operator.py
[2025-02-27T23:55:50.200+0000] {processor.py:766} INFO - DAG(s) dict_keys(['example_subdag_operator.section-1', 'example_subdag_operator.section-2', 'example_subdag_operator']) retrieved from /home/airflow/.local/lib/python3.7/site-packages/airflow/example_dags/example_subdag_operator.py
[2025-02-27T23:55:50.279+0000] {logging_mixin.py:120} INFO - [2025-02-27T23:55:50.279+0000] {dag.py:2585} INFO - Sync 3 DAGs
[2025-02-27T23:55:50.292+0000] {logging_mixin.py:120} INFO - [2025-02-27T23:55:50.292+0000] {dag.py:3340} INFO - Setting next_dagrun for example_subdag_operator to 2022-01-01T00:00:00+00:00, run_after=2022-01-01T00:00:00+00:00
[2025-02-27T23:55:50.294+0000] {logging_mixin.py:120} INFO - [2025-02-27T23:55:50.294+0000] {dag.py:3340} INFO - Setting next_dagrun for example_subdag_operator.section-1 to None, run_after=None
[2025-02-27T23:55:50.295+0000] {logging_mixin.py:120} INFO - [2025-02-27T23:55:50.295+0000] {dag.py:3340} INFO - Setting next_dagrun for example_subdag_operator.section-2 to None, run_after=None
[2025-02-27T23:55:50.299+0000] {logging_mixin.py:120} INFO - [2025-02-27T23:55:50.299+0000] {dag.py:2585} INFO - Sync 2 DAGs
[2025-02-27T23:55:50.302+0000] {logging_mixin.py:120} INFO - [2025-02-27T23:55:50.302+0000] {dag.py:3340} INFO - Setting next_dagrun for example_subdag_operator.section-1 to None, run_after=None
[2025-02-27T23:55:50.302+0000] {logging_mixin.py:120} INFO - [2025-02-27T23:55:50.302+0000] {dag.py:3340} INFO - Setting next_dagrun for example_subdag_operator.section-2 to None, run_after=None
[2025-02-27T23:55:50.307+0000] {processor.py:176} INFO - Processing /home/airflow/.local/lib/python3.7/site-packages/airflow/example_dags/example_subdag_operator.py took 0.127 seconds
[2025-02-27T23:56:20.949+0000] {processor.py:154} INFO - Started process (PID=1182) to work on /home/airflow/.local/lib/python3.7/site-packages/airflow/example_dags/example_subdag_operator.py
[2025-02-27T23:56:20.950+0000] {processor.py:756} INFO - Processing file /home/airflow/.local/lib/python3.7/site-packages/airflow/example_dags/example_subdag_operator.py for tasks to queue
[2025-02-27T23:56:20.951+0000] {logging_mixin.py:120} INFO - [2025-02-27T23:56:20.951+0000] {dagbag.py:537} INFO - Filling up the DagBag from /home/airflow/.local/lib/python3.7/site-packages/airflow/example_dags/example_subdag_operator.py
[2025-02-27T23:56:20.969+0000] {processor.py:766} INFO - DAG(s) dict_keys(['example_subdag_operator.section-1', 'example_subdag_operator.section-2', 'example_subdag_operator']) retrieved from /home/airflow/.local/lib/python3.7/site-packages/airflow/example_dags/example_subdag_operator.py
[2025-02-27T23:56:21.053+0000] {logging_mixin.py:120} INFO - [2025-02-27T23:56:21.052+0000] {dag.py:2585} INFO - Sync 3 DAGs
[2025-02-27T23:56:21.064+0000] {logging_mixin.py:120} INFO - [2025-02-27T23:56:21.064+0000] {dag.py:3340} INFO - Setting next_dagrun for example_subdag_operator to 2022-01-01T00:00:00+00:00, run_after=2022-01-01T00:00:00+00:00
[2025-02-27T23:56:21.066+0000] {logging_mixin.py:120} INFO - [2025-02-27T23:56:21.066+0000] {dag.py:3340} INFO - Setting next_dagrun for example_subdag_operator.section-1 to None, run_after=None
[2025-02-27T23:56:21.067+0000] {logging_mixin.py:120} INFO - [2025-02-27T23:56:21.067+0000] {dag.py:3340} INFO - Setting next_dagrun for example_subdag_operator.section-2 to None, run_after=None
[2025-02-27T23:56:21.070+0000] {logging_mixin.py:120} INFO - [2025-02-27T23:56:21.070+0000] {dag.py:2585} INFO - Sync 2 DAGs
[2025-02-27T23:56:21.074+0000] {logging_mixin.py:120} INFO - [2025-02-27T23:56:21.073+0000] {dag.py:3340} INFO - Setting next_dagrun for example_subdag_operator.section-1 to None, run_after=None
[2025-02-27T23:56:21.074+0000] {logging_mixin.py:120} INFO - [2025-02-27T23:56:21.074+0000] {dag.py:3340} INFO - Setting next_dagrun for example_subdag_operator.section-2 to None, run_after=None
[2025-02-27T23:56:21.079+0000] {processor.py:176} INFO - Processing /home/airflow/.local/lib/python3.7/site-packages/airflow/example_dags/example_subdag_operator.py took 0.132 seconds
[2025-02-27T23:56:51.781+0000] {processor.py:154} INFO - Started process (PID=1246) to work on /home/airflow/.local/lib/python3.7/site-packages/airflow/example_dags/example_subdag_operator.py
[2025-02-27T23:56:51.782+0000] {processor.py:756} INFO - Processing file /home/airflow/.local/lib/python3.7/site-packages/airflow/example_dags/example_subdag_operator.py for tasks to queue
[2025-02-27T23:56:51.783+0000] {logging_mixin.py:120} INFO - [2025-02-27T23:56:51.783+0000] {dagbag.py:537} INFO - Filling up the DagBag from /home/airflow/.local/lib/python3.7/site-packages/airflow/example_dags/example_subdag_operator.py
[2025-02-27T23:56:51.799+0000] {processor.py:766} INFO - DAG(s) dict_keys(['example_subdag_operator.section-1', 'example_subdag_operator.section-2', 'example_subdag_operator']) retrieved from /home/airflow/.local/lib/python3.7/site-packages/airflow/example_dags/example_subdag_operator.py
[2025-02-27T23:56:51.882+0000] {logging_mixin.py:120} INFO - [2025-02-27T23:56:51.882+0000] {dag.py:2585} INFO - Sync 3 DAGs
[2025-02-27T23:56:51.896+0000] {logging_mixin.py:120} INFO - [2025-02-27T23:56:51.896+0000] {dag.py:3340} INFO - Setting next_dagrun for example_subdag_operator to 2022-01-01T00:00:00+00:00, run_after=2022-01-01T00:00:00+00:00
[2025-02-27T23:56:51.898+0000] {logging_mixin.py:120} INFO - [2025-02-27T23:56:51.898+0000] {dag.py:3340} INFO - Setting next_dagrun for example_subdag_operator.section-1 to None, run_after=None
[2025-02-27T23:56:51.899+0000] {logging_mixin.py:120} INFO - [2025-02-27T23:56:51.898+0000] {dag.py:3340} INFO - Setting next_dagrun for example_subdag_operator.section-2 to None, run_after=None
[2025-02-27T23:56:51.903+0000] {logging_mixin.py:120} INFO - [2025-02-27T23:56:51.903+0000] {dag.py:2585} INFO - Sync 2 DAGs
[2025-02-27T23:56:51.907+0000] {logging_mixin.py:120} INFO - [2025-02-27T23:56:51.907+0000] {dag.py:3340} INFO - Setting next_dagrun for example_subdag_operator.section-1 to None, run_after=None
[2025-02-27T23:56:51.907+0000] {logging_mixin.py:120} INFO - [2025-02-27T23:56:51.907+0000] {dag.py:3340} INFO - Setting next_dagrun for example_subdag_operator.section-2 to None, run_after=None
[2025-02-27T23:56:51.914+0000] {processor.py:176} INFO - Processing /home/airflow/.local/lib/python3.7/site-packages/airflow/example_dags/example_subdag_operator.py took 0.134 seconds
[2025-02-27T23:57:22.623+0000] {processor.py:154} INFO - Started process (PID=1310) to work on /home/airflow/.local/lib/python3.7/site-packages/airflow/example_dags/example_subdag_operator.py
[2025-02-27T23:57:22.624+0000] {processor.py:756} INFO - Processing file /home/airflow/.local/lib/python3.7/site-packages/airflow/example_dags/example_subdag_operator.py for tasks to queue
[2025-02-27T23:57:22.624+0000] {logging_mixin.py:120} INFO - [2025-02-27T23:57:22.624+0000] {dagbag.py:537} INFO - Filling up the DagBag from /home/airflow/.local/lib/python3.7/site-packages/airflow/example_dags/example_subdag_operator.py
[2025-02-27T23:57:22.641+0000] {processor.py:766} INFO - DAG(s) dict_keys(['example_subdag_operator.section-1', 'example_subdag_operator.section-2', 'example_subdag_operator']) retrieved from /home/airflow/.local/lib/python3.7/site-packages/airflow/example_dags/example_subdag_operator.py
[2025-02-27T23:57:22.727+0000] {logging_mixin.py:120} INFO - [2025-02-27T23:57:22.727+0000] {dag.py:2585} INFO - Sync 3 DAGs
[2025-02-27T23:57:22.742+0000] {logging_mixin.py:120} INFO - [2025-02-27T23:57:22.742+0000] {dag.py:3340} INFO - Setting next_dagrun for example_subdag_operator to 2022-01-01T00:00:00+00:00, run_after=2022-01-01T00:00:00+00:00
[2025-02-27T23:57:22.745+0000] {logging_mixin.py:120} INFO - [2025-02-27T23:57:22.745+0000] {dag.py:3340} INFO - Setting next_dagrun for example_subdag_operator.section-1 to None, run_after=None
[2025-02-27T23:57:22.747+0000] {logging_mixin.py:120} INFO - [2025-02-27T23:57:22.747+0000] {dag.py:3340} INFO - Setting next_dagrun for example_subdag_operator.section-2 to None, run_after=None
[2025-02-27T23:57:22.753+0000] {logging_mixin.py:120} INFO - [2025-02-27T23:57:22.753+0000] {dag.py:2585} INFO - Sync 2 DAGs
[2025-02-27T23:57:22.758+0000] {logging_mixin.py:120} INFO - [2025-02-27T23:57:22.758+0000] {dag.py:3340} INFO - Setting next_dagrun for example_subdag_operator.section-1 to None, run_after=None
[2025-02-27T23:57:22.759+0000] {logging_mixin.py:120} INFO - [2025-02-27T23:57:22.759+0000] {dag.py:3340} INFO - Setting next_dagrun for example_subdag_operator.section-2 to None, run_after=None
[2025-02-27T23:57:22.768+0000] {processor.py:176} INFO - Processing /home/airflow/.local/lib/python3.7/site-packages/airflow/example_dags/example_subdag_operator.py took 0.146 seconds
[2025-02-27T23:57:53.553+0000] {processor.py:154} INFO - Started process (PID=1373) to work on /home/airflow/.local/lib/python3.7/site-packages/airflow/example_dags/example_subdag_operator.py
[2025-02-27T23:57:53.554+0000] {processor.py:756} INFO - Processing file /home/airflow/.local/lib/python3.7/site-packages/airflow/example_dags/example_subdag_operator.py for tasks to queue
[2025-02-27T23:57:53.555+0000] {logging_mixin.py:120} INFO - [2025-02-27T23:57:53.555+0000] {dagbag.py:537} INFO - Filling up the DagBag from /home/airflow/.local/lib/python3.7/site-packages/airflow/example_dags/example_subdag_operator.py
[2025-02-27T23:57:53.573+0000] {processor.py:766} INFO - DAG(s) dict_keys(['example_subdag_operator.section-1', 'example_subdag_operator.section-2', 'example_subdag_operator']) retrieved from /home/airflow/.local/lib/python3.7/site-packages/airflow/example_dags/example_subdag_operator.py
[2025-02-27T23:57:53.652+0000] {logging_mixin.py:120} INFO - [2025-02-27T23:57:53.652+0000] {dag.py:2585} INFO - Sync 3 DAGs
[2025-02-27T23:57:53.665+0000] {logging_mixin.py:120} INFO - [2025-02-27T23:57:53.664+0000] {dag.py:3340} INFO - Setting next_dagrun for example_subdag_operator to 2022-01-01T00:00:00+00:00, run_after=2022-01-01T00:00:00+00:00
[2025-02-27T23:57:53.667+0000] {logging_mixin.py:120} INFO - [2025-02-27T23:57:53.667+0000] {dag.py:3340} INFO - Setting next_dagrun for example_subdag_operator.section-1 to None, run_after=None
[2025-02-27T23:57:53.667+0000] {logging_mixin.py:120} INFO - [2025-02-27T23:57:53.667+0000] {dag.py:3340} INFO - Setting next_dagrun for example_subdag_operator.section-2 to None, run_after=None
[2025-02-27T23:57:53.671+0000] {logging_mixin.py:120} INFO - [2025-02-27T23:57:53.671+0000] {dag.py:2585} INFO - Sync 2 DAGs
[2025-02-27T23:57:53.674+0000] {logging_mixin.py:120} INFO - [2025-02-27T23:57:53.674+0000] {dag.py:3340} INFO - Setting next_dagrun for example_subdag_operator.section-1 to None, run_after=None
[2025-02-27T23:57:53.675+0000] {logging_mixin.py:120} INFO - [2025-02-27T23:57:53.675+0000] {dag.py:3340} INFO - Setting next_dagrun for example_subdag_operator.section-2 to None, run_after=None
[2025-02-27T23:57:53.680+0000] {processor.py:176} INFO - Processing /home/airflow/.local/lib/python3.7/site-packages/airflow/example_dags/example_subdag_operator.py took 0.129 seconds
[2025-02-27T23:58:24.367+0000] {processor.py:154} INFO - Started process (PID=1436) to work on /home/airflow/.local/lib/python3.7/site-packages/airflow/example_dags/example_subdag_operator.py
[2025-02-27T23:58:24.367+0000] {processor.py:756} INFO - Processing file /home/airflow/.local/lib/python3.7/site-packages/airflow/example_dags/example_subdag_operator.py for tasks to queue
[2025-02-27T23:58:24.368+0000] {logging_mixin.py:120} INFO - [2025-02-27T23:58:24.368+0000] {dagbag.py:537} INFO - Filling up the DagBag from /home/airflow/.local/lib/python3.7/site-packages/airflow/example_dags/example_subdag_operator.py
[2025-02-27T23:58:24.384+0000] {processor.py:766} INFO - DAG(s) dict_keys(['example_subdag_operator.section-1', 'example_subdag_operator.section-2', 'example_subdag_operator']) retrieved from /home/airflow/.local/lib/python3.7/site-packages/airflow/example_dags/example_subdag_operator.py
[2025-02-27T23:58:24.463+0000] {logging_mixin.py:120} INFO - [2025-02-27T23:58:24.463+0000] {dag.py:2585} INFO - Sync 3 DAGs
[2025-02-27T23:58:24.475+0000] {logging_mixin.py:120} INFO - [2025-02-27T23:58:24.475+0000] {dag.py:3340} INFO - Setting next_dagrun for example_subdag_operator to 2022-01-01T00:00:00+00:00, run_after=2022-01-01T00:00:00+00:00
[2025-02-27T23:58:24.477+0000] {logging_mixin.py:120} INFO - [2025-02-27T23:58:24.477+0000] {dag.py:3340} INFO - Setting next_dagrun for example_subdag_operator.section-1 to None, run_after=None
[2025-02-27T23:58:24.478+0000] {logging_mixin.py:120} INFO - [2025-02-27T23:58:24.478+0000] {dag.py:3340} INFO - Setting next_dagrun for example_subdag_operator.section-2 to None, run_after=None
[2025-02-27T23:58:24.482+0000] {logging_mixin.py:120} INFO - [2025-02-27T23:58:24.482+0000] {dag.py:2585} INFO - Sync 2 DAGs
[2025-02-27T23:58:24.485+0000] {logging_mixin.py:120} INFO - [2025-02-27T23:58:24.485+0000] {dag.py:3340} INFO - Setting next_dagrun for example_subdag_operator.section-1 to None, run_after=None
[2025-02-27T23:58:24.486+0000] {logging_mixin.py:120} INFO - [2025-02-27T23:58:24.486+0000] {dag.py:3340} INFO - Setting next_dagrun for example_subdag_operator.section-2 to None, run_after=None
[2025-02-27T23:58:24.492+0000] {processor.py:176} INFO - Processing /home/airflow/.local/lib/python3.7/site-packages/airflow/example_dags/example_subdag_operator.py took 0.127 seconds
[2025-02-27T23:58:55.152+0000] {processor.py:154} INFO - Started process (PID=1491) to work on /home/airflow/.local/lib/python3.7/site-packages/airflow/example_dags/example_subdag_operator.py
[2025-02-27T23:58:55.153+0000] {processor.py:756} INFO - Processing file /home/airflow/.local/lib/python3.7/site-packages/airflow/example_dags/example_subdag_operator.py for tasks to queue
[2025-02-27T23:58:55.153+0000] {logging_mixin.py:120} INFO - [2025-02-27T23:58:55.153+0000] {dagbag.py:537} INFO - Filling up the DagBag from /home/airflow/.local/lib/python3.7/site-packages/airflow/example_dags/example_subdag_operator.py
[2025-02-27T23:58:55.170+0000] {processor.py:766} INFO - DAG(s) dict_keys(['example_subdag_operator.section-1', 'example_subdag_operator.section-2', 'example_subdag_operator']) retrieved from /home/airflow/.local/lib/python3.7/site-packages/airflow/example_dags/example_subdag_operator.py
[2025-02-27T23:58:55.248+0000] {logging_mixin.py:120} INFO - [2025-02-27T23:58:55.248+0000] {dag.py:2585} INFO - Sync 3 DAGs
[2025-02-27T23:58:55.260+0000] {logging_mixin.py:120} INFO - [2025-02-27T23:58:55.260+0000] {dag.py:3340} INFO - Setting next_dagrun for example_subdag_operator to 2022-01-01T00:00:00+00:00, run_after=2022-01-01T00:00:00+00:00
[2025-02-27T23:58:55.262+0000] {logging_mixin.py:120} INFO - [2025-02-27T23:58:55.262+0000] {dag.py:3340} INFO - Setting next_dagrun for example_subdag_operator.section-1 to None, run_after=None
[2025-02-27T23:58:55.263+0000] {logging_mixin.py:120} INFO - [2025-02-27T23:58:55.263+0000] {dag.py:3340} INFO - Setting next_dagrun for example_subdag_operator.section-2 to None, run_after=None
[2025-02-27T23:58:55.267+0000] {logging_mixin.py:120} INFO - [2025-02-27T23:58:55.267+0000] {dag.py:2585} INFO - Sync 2 DAGs
[2025-02-27T23:58:55.270+0000] {logging_mixin.py:120} INFO - [2025-02-27T23:58:55.270+0000] {dag.py:3340} INFO - Setting next_dagrun for example_subdag_operator.section-1 to None, run_after=None
[2025-02-27T23:58:55.270+0000] {logging_mixin.py:120} INFO - [2025-02-27T23:58:55.270+0000] {dag.py:3340} INFO - Setting next_dagrun for example_subdag_operator.section-2 to None, run_after=None
[2025-02-27T23:58:55.277+0000] {processor.py:176} INFO - Processing /home/airflow/.local/lib/python3.7/site-packages/airflow/example_dags/example_subdag_operator.py took 0.126 seconds
[2025-02-27T23:59:25.883+0000] {processor.py:154} INFO - Started process (PID=1555) to work on /home/airflow/.local/lib/python3.7/site-packages/airflow/example_dags/example_subdag_operator.py
[2025-02-27T23:59:25.884+0000] {processor.py:756} INFO - Processing file /home/airflow/.local/lib/python3.7/site-packages/airflow/example_dags/example_subdag_operator.py for tasks to queue
[2025-02-27T23:59:25.884+0000] {logging_mixin.py:120} INFO - [2025-02-27T23:59:25.884+0000] {dagbag.py:537} INFO - Filling up the DagBag from /home/airflow/.local/lib/python3.7/site-packages/airflow/example_dags/example_subdag_operator.py
[2025-02-27T23:59:25.901+0000] {processor.py:766} INFO - DAG(s) dict_keys(['example_subdag_operator.section-1', 'example_subdag_operator.section-2', 'example_subdag_operator']) retrieved from /home/airflow/.local/lib/python3.7/site-packages/airflow/example_dags/example_subdag_operator.py
[2025-02-27T23:59:25.982+0000] {logging_mixin.py:120} INFO - [2025-02-27T23:59:25.982+0000] {dag.py:2585} INFO - Sync 3 DAGs
[2025-02-27T23:59:25.995+0000] {logging_mixin.py:120} INFO - [2025-02-27T23:59:25.995+0000] {dag.py:3340} INFO - Setting next_dagrun for example_subdag_operator to 2022-01-01T00:00:00+00:00, run_after=2022-01-01T00:00:00+00:00
[2025-02-27T23:59:25.997+0000] {logging_mixin.py:120} INFO - [2025-02-27T23:59:25.997+0000] {dag.py:3340} INFO - Setting next_dagrun for example_subdag_operator.section-1 to None, run_after=None
[2025-02-27T23:59:25.998+0000] {logging_mixin.py:120} INFO - [2025-02-27T23:59:25.998+0000] {dag.py:3340} INFO - Setting next_dagrun for example_subdag_operator.section-2 to None, run_after=None
[2025-02-27T23:59:26.002+0000] {logging_mixin.py:120} INFO - [2025-02-27T23:59:26.002+0000] {dag.py:2585} INFO - Sync 2 DAGs
[2025-02-27T23:59:26.005+0000] {logging_mixin.py:120} INFO - [2025-02-27T23:59:26.005+0000] {dag.py:3340} INFO - Setting next_dagrun for example_subdag_operator.section-1 to None, run_after=None
[2025-02-27T23:59:26.005+0000] {logging_mixin.py:120} INFO - [2025-02-27T23:59:26.005+0000] {dag.py:3340} INFO - Setting next_dagrun for example_subdag_operator.section-2 to None, run_after=None
[2025-02-27T23:59:26.011+0000] {processor.py:176} INFO - Processing /home/airflow/.local/lib/python3.7/site-packages/airflow/example_dags/example_subdag_operator.py took 0.129 seconds
[2025-02-27T23:59:56.698+0000] {processor.py:154} INFO - Started process (PID=1619) to work on /home/airflow/.local/lib/python3.7/site-packages/airflow/example_dags/example_subdag_operator.py
[2025-02-27T23:59:56.699+0000] {processor.py:756} INFO - Processing file /home/airflow/.local/lib/python3.7/site-packages/airflow/example_dags/example_subdag_operator.py for tasks to queue
[2025-02-27T23:59:56.700+0000] {logging_mixin.py:120} INFO - [2025-02-27T23:59:56.700+0000] {dagbag.py:537} INFO - Filling up the DagBag from /home/airflow/.local/lib/python3.7/site-packages/airflow/example_dags/example_subdag_operator.py
[2025-02-27T23:59:56.716+0000] {processor.py:766} INFO - DAG(s) dict_keys(['example_subdag_operator.section-1', 'example_subdag_operator.section-2', 'example_subdag_operator']) retrieved from /home/airflow/.local/lib/python3.7/site-packages/airflow/example_dags/example_subdag_operator.py
[2025-02-27T23:59:56.799+0000] {logging_mixin.py:120} INFO - [2025-02-27T23:59:56.799+0000] {dag.py:2585} INFO - Sync 3 DAGs
[2025-02-27T23:59:56.811+0000] {logging_mixin.py:120} INFO - [2025-02-27T23:59:56.811+0000] {dag.py:3340} INFO - Setting next_dagrun for example_subdag_operator to 2022-01-01T00:00:00+00:00, run_after=2022-01-01T00:00:00+00:00
[2025-02-27T23:59:56.813+0000] {logging_mixin.py:120} INFO - [2025-02-27T23:59:56.813+0000] {dag.py:3340} INFO - Setting next_dagrun for example_subdag_operator.section-1 to None, run_after=None
[2025-02-27T23:59:56.814+0000] {logging_mixin.py:120} INFO - [2025-02-27T23:59:56.814+0000] {dag.py:3340} INFO - Setting next_dagrun for example_subdag_operator.section-2 to None, run_after=None
[2025-02-27T23:59:56.818+0000] {logging_mixin.py:120} INFO - [2025-02-27T23:59:56.818+0000] {dag.py:2585} INFO - Sync 2 DAGs
[2025-02-27T23:59:56.820+0000] {logging_mixin.py:120} INFO - [2025-02-27T23:59:56.820+0000] {dag.py:3340} INFO - Setting next_dagrun for example_subdag_operator.section-1 to None, run_after=None
[2025-02-27T23:59:56.821+0000] {logging_mixin.py:120} INFO - [2025-02-27T23:59:56.821+0000] {dag.py:3340} INFO - Setting next_dagrun for example_subdag_operator.section-2 to None, run_after=None
[2025-02-27T23:59:56.826+0000] {processor.py:176} INFO - Processing /home/airflow/.local/lib/python3.7/site-packages/airflow/example_dags/example_subdag_operator.py took 0.129 seconds
