[2025-02-27T23:47:06.474+0000] {processor.py:154} INFO - Started process (PID=52) to work on /home/airflow/.local/lib/python3.7/site-packages/airflow/example_dags/example_dag_decorator.py
[2025-02-27T23:47:06.475+0000] {processor.py:756} INFO - Processing file /home/airflow/.local/lib/python3.7/site-packages/airflow/example_dags/example_dag_decorator.py for tasks to queue
[2025-02-27T23:47:06.476+0000] {logging_mixin.py:120} INFO - [2025-02-27T23:47:06.476+0000] {dagbag.py:537} INFO - Filling up the DagBag from /home/airflow/.local/lib/python3.7/site-packages/airflow/example_dags/example_dag_decorator.py
[2025-02-27T23:47:06.496+0000] {logging_mixin.py:120} INFO - [2025-02-27T23:47:06.496+0000] {taskmixin.py:205} WARNING - Dependency <Task(_PythonDecoratedOperator): prepare_email>, send_email already registered for DAG: example_dag_decorator
[2025-02-27T23:47:06.497+0000] {logging_mixin.py:120} INFO - [2025-02-27T23:47:06.496+0000] {taskmixin.py:205} WARNING - Dependency <Task(EmailOperator): send_email>, prepare_email already registered for DAG: example_dag_decorator
[2025-02-27T23:47:06.510+0000] {processor.py:766} INFO - DAG(s) dict_keys(['example_dag_decorator']) retrieved from /home/airflow/.local/lib/python3.7/site-packages/airflow/example_dags/example_dag_decorator.py
[2025-02-27T23:47:06.584+0000] {logging_mixin.py:120} INFO - [2025-02-27T23:47:06.583+0000] {dag.py:2585} INFO - Sync 1 DAGs
[2025-02-27T23:47:06.617+0000] {logging_mixin.py:120} INFO - [2025-02-27T23:47:06.617+0000] {dag.py:3340} INFO - Setting next_dagrun for example_dag_decorator to None, run_after=None
[2025-02-27T23:47:06.645+0000] {processor.py:176} INFO - Processing /home/airflow/.local/lib/python3.7/site-packages/airflow/example_dags/example_dag_decorator.py took 0.173 seconds
[2025-02-27T23:47:36.811+0000] {processor.py:154} INFO - Started process (PID=116) to work on /home/airflow/.local/lib/python3.7/site-packages/airflow/example_dags/example_dag_decorator.py
[2025-02-27T23:47:36.812+0000] {processor.py:756} INFO - Processing file /home/airflow/.local/lib/python3.7/site-packages/airflow/example_dags/example_dag_decorator.py for tasks to queue
[2025-02-27T23:47:36.813+0000] {logging_mixin.py:120} INFO - [2025-02-27T23:47:36.813+0000] {dagbag.py:537} INFO - Filling up the DagBag from /home/airflow/.local/lib/python3.7/site-packages/airflow/example_dags/example_dag_decorator.py
[2025-02-27T23:47:36.822+0000] {logging_mixin.py:120} INFO - [2025-02-27T23:47:36.822+0000] {taskmixin.py:205} WARNING - Dependency <Task(_PythonDecoratedOperator): prepare_email>, send_email already registered for DAG: example_dag_decorator
[2025-02-27T23:47:36.822+0000] {logging_mixin.py:120} INFO - [2025-02-27T23:47:36.822+0000] {taskmixin.py:205} WARNING - Dependency <Task(EmailOperator): send_email>, prepare_email already registered for DAG: example_dag_decorator
[2025-02-27T23:47:36.829+0000] {processor.py:766} INFO - DAG(s) dict_keys(['example_dag_decorator']) retrieved from /home/airflow/.local/lib/python3.7/site-packages/airflow/example_dags/example_dag_decorator.py
[2025-02-27T23:47:36.868+0000] {logging_mixin.py:120} INFO - [2025-02-27T23:47:36.868+0000] {dag.py:2585} INFO - Sync 1 DAGs
[2025-02-27T23:47:36.880+0000] {logging_mixin.py:120} INFO - [2025-02-27T23:47:36.880+0000] {dag.py:3340} INFO - Setting next_dagrun for example_dag_decorator to None, run_after=None
[2025-02-27T23:47:36.892+0000] {processor.py:176} INFO - Processing /home/airflow/.local/lib/python3.7/site-packages/airflow/example_dags/example_dag_decorator.py took 0.082 seconds
[2025-02-27T23:48:07.597+0000] {processor.py:154} INFO - Started process (PID=181) to work on /home/airflow/.local/lib/python3.7/site-packages/airflow/example_dags/example_dag_decorator.py
[2025-02-27T23:48:07.598+0000] {processor.py:756} INFO - Processing file /home/airflow/.local/lib/python3.7/site-packages/airflow/example_dags/example_dag_decorator.py for tasks to queue
[2025-02-27T23:48:07.599+0000] {logging_mixin.py:120} INFO - [2025-02-27T23:48:07.599+0000] {dagbag.py:537} INFO - Filling up the DagBag from /home/airflow/.local/lib/python3.7/site-packages/airflow/example_dags/example_dag_decorator.py
[2025-02-27T23:48:07.607+0000] {logging_mixin.py:120} INFO - [2025-02-27T23:48:07.607+0000] {taskmixin.py:205} WARNING - Dependency <Task(_PythonDecoratedOperator): prepare_email>, send_email already registered for DAG: example_dag_decorator
[2025-02-27T23:48:07.607+0000] {logging_mixin.py:120} INFO - [2025-02-27T23:48:07.607+0000] {taskmixin.py:205} WARNING - Dependency <Task(EmailOperator): send_email>, prepare_email already registered for DAG: example_dag_decorator
[2025-02-27T23:48:07.614+0000] {processor.py:766} INFO - DAG(s) dict_keys(['example_dag_decorator']) retrieved from /home/airflow/.local/lib/python3.7/site-packages/airflow/example_dags/example_dag_decorator.py
[2025-02-27T23:48:07.627+0000] {logging_mixin.py:120} INFO - [2025-02-27T23:48:07.627+0000] {dag.py:2585} INFO - Sync 1 DAGs
[2025-02-27T23:48:07.639+0000] {logging_mixin.py:120} INFO - [2025-02-27T23:48:07.639+0000] {dag.py:3340} INFO - Setting next_dagrun for example_dag_decorator to None, run_after=None
[2025-02-27T23:48:07.649+0000] {processor.py:176} INFO - Processing /home/airflow/.local/lib/python3.7/site-packages/airflow/example_dags/example_dag_decorator.py took 0.054 seconds
[2025-02-27T23:48:38.391+0000] {processor.py:154} INFO - Started process (PID=245) to work on /home/airflow/.local/lib/python3.7/site-packages/airflow/example_dags/example_dag_decorator.py
[2025-02-27T23:48:38.392+0000] {processor.py:756} INFO - Processing file /home/airflow/.local/lib/python3.7/site-packages/airflow/example_dags/example_dag_decorator.py for tasks to queue
[2025-02-27T23:48:38.392+0000] {logging_mixin.py:120} INFO - [2025-02-27T23:48:38.392+0000] {dagbag.py:537} INFO - Filling up the DagBag from /home/airflow/.local/lib/python3.7/site-packages/airflow/example_dags/example_dag_decorator.py
[2025-02-27T23:48:38.400+0000] {logging_mixin.py:120} INFO - [2025-02-27T23:48:38.400+0000] {taskmixin.py:205} WARNING - Dependency <Task(_PythonDecoratedOperator): prepare_email>, send_email already registered for DAG: example_dag_decorator
[2025-02-27T23:48:38.401+0000] {logging_mixin.py:120} INFO - [2025-02-27T23:48:38.401+0000] {taskmixin.py:205} WARNING - Dependency <Task(EmailOperator): send_email>, prepare_email already registered for DAG: example_dag_decorator
[2025-02-27T23:48:38.408+0000] {processor.py:766} INFO - DAG(s) dict_keys(['example_dag_decorator']) retrieved from /home/airflow/.local/lib/python3.7/site-packages/airflow/example_dags/example_dag_decorator.py
[2025-02-27T23:48:38.449+0000] {logging_mixin.py:120} INFO - [2025-02-27T23:48:38.449+0000] {dag.py:2585} INFO - Sync 1 DAGs
[2025-02-27T23:48:38.461+0000] {logging_mixin.py:120} INFO - [2025-02-27T23:48:38.461+0000] {dag.py:3340} INFO - Setting next_dagrun for example_dag_decorator to None, run_after=None
[2025-02-27T23:48:38.472+0000] {processor.py:176} INFO - Processing /home/airflow/.local/lib/python3.7/site-packages/airflow/example_dags/example_dag_decorator.py took 0.083 seconds
[2025-02-27T23:49:09.319+0000] {processor.py:154} INFO - Started process (PID=309) to work on /home/airflow/.local/lib/python3.7/site-packages/airflow/example_dags/example_dag_decorator.py
[2025-02-27T23:49:09.320+0000] {processor.py:756} INFO - Processing file /home/airflow/.local/lib/python3.7/site-packages/airflow/example_dags/example_dag_decorator.py for tasks to queue
[2025-02-27T23:49:09.320+0000] {logging_mixin.py:120} INFO - [2025-02-27T23:49:09.320+0000] {dagbag.py:537} INFO - Filling up the DagBag from /home/airflow/.local/lib/python3.7/site-packages/airflow/example_dags/example_dag_decorator.py
[2025-02-27T23:49:09.329+0000] {logging_mixin.py:120} INFO - [2025-02-27T23:49:09.329+0000] {taskmixin.py:205} WARNING - Dependency <Task(_PythonDecoratedOperator): prepare_email>, send_email already registered for DAG: example_dag_decorator
[2025-02-27T23:49:09.329+0000] {logging_mixin.py:120} INFO - [2025-02-27T23:49:09.329+0000] {taskmixin.py:205} WARNING - Dependency <Task(EmailOperator): send_email>, prepare_email already registered for DAG: example_dag_decorator
[2025-02-27T23:49:09.337+0000] {processor.py:766} INFO - DAG(s) dict_keys(['example_dag_decorator']) retrieved from /home/airflow/.local/lib/python3.7/site-packages/airflow/example_dags/example_dag_decorator.py
[2025-02-27T23:49:09.389+0000] {logging_mixin.py:120} INFO - [2025-02-27T23:49:09.389+0000] {dag.py:2585} INFO - Sync 1 DAGs
[2025-02-27T23:49:09.403+0000] {logging_mixin.py:120} INFO - [2025-02-27T23:49:09.402+0000] {dag.py:3340} INFO - Setting next_dagrun for example_dag_decorator to None, run_after=None
[2025-02-27T23:49:09.415+0000] {processor.py:176} INFO - Processing /home/airflow/.local/lib/python3.7/site-packages/airflow/example_dags/example_dag_decorator.py took 0.097 seconds
[2025-02-27T23:49:40.173+0000] {processor.py:154} INFO - Started process (PID=371) to work on /home/airflow/.local/lib/python3.7/site-packages/airflow/example_dags/example_dag_decorator.py
[2025-02-27T23:49:40.174+0000] {processor.py:756} INFO - Processing file /home/airflow/.local/lib/python3.7/site-packages/airflow/example_dags/example_dag_decorator.py for tasks to queue
[2025-02-27T23:49:40.174+0000] {logging_mixin.py:120} INFO - [2025-02-27T23:49:40.174+0000] {dagbag.py:537} INFO - Filling up the DagBag from /home/airflow/.local/lib/python3.7/site-packages/airflow/example_dags/example_dag_decorator.py
[2025-02-27T23:49:40.182+0000] {logging_mixin.py:120} INFO - [2025-02-27T23:49:40.182+0000] {taskmixin.py:205} WARNING - Dependency <Task(_PythonDecoratedOperator): prepare_email>, send_email already registered for DAG: example_dag_decorator
[2025-02-27T23:49:40.182+0000] {logging_mixin.py:120} INFO - [2025-02-27T23:49:40.182+0000] {taskmixin.py:205} WARNING - Dependency <Task(EmailOperator): send_email>, prepare_email already registered for DAG: example_dag_decorator
[2025-02-27T23:49:40.189+0000] {processor.py:766} INFO - DAG(s) dict_keys(['example_dag_decorator']) retrieved from /home/airflow/.local/lib/python3.7/site-packages/airflow/example_dags/example_dag_decorator.py
[2025-02-27T23:49:40.230+0000] {logging_mixin.py:120} INFO - [2025-02-27T23:49:40.230+0000] {dag.py:2585} INFO - Sync 1 DAGs
[2025-02-27T23:49:40.243+0000] {logging_mixin.py:120} INFO - [2025-02-27T23:49:40.243+0000] {dag.py:3340} INFO - Setting next_dagrun for example_dag_decorator to None, run_after=None
[2025-02-27T23:49:40.255+0000] {processor.py:176} INFO - Processing /home/airflow/.local/lib/python3.7/site-packages/airflow/example_dags/example_dag_decorator.py took 0.084 seconds
[2025-02-27T23:50:10.935+0000] {processor.py:154} INFO - Started process (PID=428) to work on /home/airflow/.local/lib/python3.7/site-packages/airflow/example_dags/example_dag_decorator.py
[2025-02-27T23:50:10.936+0000] {processor.py:756} INFO - Processing file /home/airflow/.local/lib/python3.7/site-packages/airflow/example_dags/example_dag_decorator.py for tasks to queue
[2025-02-27T23:50:10.937+0000] {logging_mixin.py:120} INFO - [2025-02-27T23:50:10.937+0000] {dagbag.py:537} INFO - Filling up the DagBag from /home/airflow/.local/lib/python3.7/site-packages/airflow/example_dags/example_dag_decorator.py
[2025-02-27T23:50:10.945+0000] {logging_mixin.py:120} INFO - [2025-02-27T23:50:10.945+0000] {taskmixin.py:205} WARNING - Dependency <Task(_PythonDecoratedOperator): prepare_email>, send_email already registered for DAG: example_dag_decorator
[2025-02-27T23:50:10.945+0000] {logging_mixin.py:120} INFO - [2025-02-27T23:50:10.945+0000] {taskmixin.py:205} WARNING - Dependency <Task(EmailOperator): send_email>, prepare_email already registered for DAG: example_dag_decorator
[2025-02-27T23:50:10.952+0000] {processor.py:766} INFO - DAG(s) dict_keys(['example_dag_decorator']) retrieved from /home/airflow/.local/lib/python3.7/site-packages/airflow/example_dags/example_dag_decorator.py
[2025-02-27T23:50:10.992+0000] {logging_mixin.py:120} INFO - [2025-02-27T23:50:10.992+0000] {dag.py:2585} INFO - Sync 1 DAGs
[2025-02-27T23:50:11.005+0000] {logging_mixin.py:120} INFO - [2025-02-27T23:50:11.004+0000] {dag.py:3340} INFO - Setting next_dagrun for example_dag_decorator to None, run_after=None
[2025-02-27T23:50:11.014+0000] {processor.py:176} INFO - Processing /home/airflow/.local/lib/python3.7/site-packages/airflow/example_dags/example_dag_decorator.py took 0.081 seconds
[2025-02-27T23:50:41.853+0000] {processor.py:154} INFO - Started process (PID=492) to work on /home/airflow/.local/lib/python3.7/site-packages/airflow/example_dags/example_dag_decorator.py
[2025-02-27T23:50:41.854+0000] {processor.py:756} INFO - Processing file /home/airflow/.local/lib/python3.7/site-packages/airflow/example_dags/example_dag_decorator.py for tasks to queue
[2025-02-27T23:50:41.855+0000] {logging_mixin.py:120} INFO - [2025-02-27T23:50:41.855+0000] {dagbag.py:537} INFO - Filling up the DagBag from /home/airflow/.local/lib/python3.7/site-packages/airflow/example_dags/example_dag_decorator.py
[2025-02-27T23:50:41.863+0000] {logging_mixin.py:120} INFO - [2025-02-27T23:50:41.863+0000] {taskmixin.py:205} WARNING - Dependency <Task(_PythonDecoratedOperator): prepare_email>, send_email already registered for DAG: example_dag_decorator
[2025-02-27T23:50:41.863+0000] {logging_mixin.py:120} INFO - [2025-02-27T23:50:41.863+0000] {taskmixin.py:205} WARNING - Dependency <Task(EmailOperator): send_email>, prepare_email already registered for DAG: example_dag_decorator
[2025-02-27T23:50:41.870+0000] {processor.py:766} INFO - DAG(s) dict_keys(['example_dag_decorator']) retrieved from /home/airflow/.local/lib/python3.7/site-packages/airflow/example_dags/example_dag_decorator.py
[2025-02-27T23:50:41.910+0000] {logging_mixin.py:120} INFO - [2025-02-27T23:50:41.910+0000] {dag.py:2585} INFO - Sync 1 DAGs
[2025-02-27T23:50:41.923+0000] {logging_mixin.py:120} INFO - [2025-02-27T23:50:41.923+0000] {dag.py:3340} INFO - Setting next_dagrun for example_dag_decorator to None, run_after=None
[2025-02-27T23:50:41.934+0000] {processor.py:176} INFO - Processing /home/airflow/.local/lib/python3.7/site-packages/airflow/example_dags/example_dag_decorator.py took 0.082 seconds
[2025-02-27T23:51:12.712+0000] {processor.py:154} INFO - Started process (PID=556) to work on /home/airflow/.local/lib/python3.7/site-packages/airflow/example_dags/example_dag_decorator.py
[2025-02-27T23:51:12.712+0000] {processor.py:756} INFO - Processing file /home/airflow/.local/lib/python3.7/site-packages/airflow/example_dags/example_dag_decorator.py for tasks to queue
[2025-02-27T23:51:12.713+0000] {logging_mixin.py:120} INFO - [2025-02-27T23:51:12.713+0000] {dagbag.py:537} INFO - Filling up the DagBag from /home/airflow/.local/lib/python3.7/site-packages/airflow/example_dags/example_dag_decorator.py
[2025-02-27T23:51:12.721+0000] {logging_mixin.py:120} INFO - [2025-02-27T23:51:12.721+0000] {taskmixin.py:205} WARNING - Dependency <Task(_PythonDecoratedOperator): prepare_email>, send_email already registered for DAG: example_dag_decorator
[2025-02-27T23:51:12.721+0000] {logging_mixin.py:120} INFO - [2025-02-27T23:51:12.721+0000] {taskmixin.py:205} WARNING - Dependency <Task(EmailOperator): send_email>, prepare_email already registered for DAG: example_dag_decorator
[2025-02-27T23:51:12.728+0000] {processor.py:766} INFO - DAG(s) dict_keys(['example_dag_decorator']) retrieved from /home/airflow/.local/lib/python3.7/site-packages/airflow/example_dags/example_dag_decorator.py
[2025-02-27T23:51:12.768+0000] {logging_mixin.py:120} INFO - [2025-02-27T23:51:12.767+0000] {dag.py:2585} INFO - Sync 1 DAGs
[2025-02-27T23:51:12.779+0000] {logging_mixin.py:120} INFO - [2025-02-27T23:51:12.779+0000] {dag.py:3340} INFO - Setting next_dagrun for example_dag_decorator to None, run_after=None
[2025-02-27T23:51:12.790+0000] {processor.py:176} INFO - Processing /home/airflow/.local/lib/python3.7/site-packages/airflow/example_dags/example_dag_decorator.py took 0.080 seconds
[2025-02-27T23:51:43.507+0000] {processor.py:154} INFO - Started process (PID=620) to work on /home/airflow/.local/lib/python3.7/site-packages/airflow/example_dags/example_dag_decorator.py
[2025-02-27T23:51:43.508+0000] {processor.py:756} INFO - Processing file /home/airflow/.local/lib/python3.7/site-packages/airflow/example_dags/example_dag_decorator.py for tasks to queue
[2025-02-27T23:51:43.508+0000] {logging_mixin.py:120} INFO - [2025-02-27T23:51:43.508+0000] {dagbag.py:537} INFO - Filling up the DagBag from /home/airflow/.local/lib/python3.7/site-packages/airflow/example_dags/example_dag_decorator.py
[2025-02-27T23:51:43.516+0000] {logging_mixin.py:120} INFO - [2025-02-27T23:51:43.515+0000] {taskmixin.py:205} WARNING - Dependency <Task(_PythonDecoratedOperator): prepare_email>, send_email already registered for DAG: example_dag_decorator
[2025-02-27T23:51:43.516+0000] {logging_mixin.py:120} INFO - [2025-02-27T23:51:43.516+0000] {taskmixin.py:205} WARNING - Dependency <Task(EmailOperator): send_email>, prepare_email already registered for DAG: example_dag_decorator
[2025-02-27T23:51:43.522+0000] {processor.py:766} INFO - DAG(s) dict_keys(['example_dag_decorator']) retrieved from /home/airflow/.local/lib/python3.7/site-packages/airflow/example_dags/example_dag_decorator.py
[2025-02-27T23:51:43.564+0000] {logging_mixin.py:120} INFO - [2025-02-27T23:51:43.564+0000] {dag.py:2585} INFO - Sync 1 DAGs
[2025-02-27T23:51:43.575+0000] {logging_mixin.py:120} INFO - [2025-02-27T23:51:43.575+0000] {dag.py:3340} INFO - Setting next_dagrun for example_dag_decorator to None, run_after=None
[2025-02-27T23:51:43.586+0000] {processor.py:176} INFO - Processing /home/airflow/.local/lib/python3.7/site-packages/airflow/example_dags/example_dag_decorator.py took 0.080 seconds
[2025-02-27T23:52:14.429+0000] {processor.py:154} INFO - Started process (PID=684) to work on /home/airflow/.local/lib/python3.7/site-packages/airflow/example_dags/example_dag_decorator.py
[2025-02-27T23:52:14.430+0000] {processor.py:756} INFO - Processing file /home/airflow/.local/lib/python3.7/site-packages/airflow/example_dags/example_dag_decorator.py for tasks to queue
[2025-02-27T23:52:14.430+0000] {logging_mixin.py:120} INFO - [2025-02-27T23:52:14.430+0000] {dagbag.py:537} INFO - Filling up the DagBag from /home/airflow/.local/lib/python3.7/site-packages/airflow/example_dags/example_dag_decorator.py
[2025-02-27T23:52:14.438+0000] {logging_mixin.py:120} INFO - [2025-02-27T23:52:14.438+0000] {taskmixin.py:205} WARNING - Dependency <Task(_PythonDecoratedOperator): prepare_email>, send_email already registered for DAG: example_dag_decorator
[2025-02-27T23:52:14.438+0000] {logging_mixin.py:120} INFO - [2025-02-27T23:52:14.438+0000] {taskmixin.py:205} WARNING - Dependency <Task(EmailOperator): send_email>, prepare_email already registered for DAG: example_dag_decorator
[2025-02-27T23:52:14.445+0000] {processor.py:766} INFO - DAG(s) dict_keys(['example_dag_decorator']) retrieved from /home/airflow/.local/lib/python3.7/site-packages/airflow/example_dags/example_dag_decorator.py
[2025-02-27T23:52:14.486+0000] {logging_mixin.py:120} INFO - [2025-02-27T23:52:14.486+0000] {dag.py:2585} INFO - Sync 1 DAGs
[2025-02-27T23:52:14.497+0000] {logging_mixin.py:120} INFO - [2025-02-27T23:52:14.497+0000] {dag.py:3340} INFO - Setting next_dagrun for example_dag_decorator to None, run_after=None
[2025-02-27T23:52:14.506+0000] {processor.py:176} INFO - Processing /home/airflow/.local/lib/python3.7/site-packages/airflow/example_dags/example_dag_decorator.py took 0.079 seconds
[2025-02-27T23:52:45.263+0000] {processor.py:154} INFO - Started process (PID=747) to work on /home/airflow/.local/lib/python3.7/site-packages/airflow/example_dags/example_dag_decorator.py
[2025-02-27T23:52:45.264+0000] {processor.py:756} INFO - Processing file /home/airflow/.local/lib/python3.7/site-packages/airflow/example_dags/example_dag_decorator.py for tasks to queue
[2025-02-27T23:52:45.264+0000] {logging_mixin.py:120} INFO - [2025-02-27T23:52:45.264+0000] {dagbag.py:537} INFO - Filling up the DagBag from /home/airflow/.local/lib/python3.7/site-packages/airflow/example_dags/example_dag_decorator.py
[2025-02-27T23:52:45.272+0000] {logging_mixin.py:120} INFO - [2025-02-27T23:52:45.272+0000] {taskmixin.py:205} WARNING - Dependency <Task(_PythonDecoratedOperator): prepare_email>, send_email already registered for DAG: example_dag_decorator
[2025-02-27T23:52:45.272+0000] {logging_mixin.py:120} INFO - [2025-02-27T23:52:45.272+0000] {taskmixin.py:205} WARNING - Dependency <Task(EmailOperator): send_email>, prepare_email already registered for DAG: example_dag_decorator
[2025-02-27T23:52:45.279+0000] {processor.py:766} INFO - DAG(s) dict_keys(['example_dag_decorator']) retrieved from /home/airflow/.local/lib/python3.7/site-packages/airflow/example_dags/example_dag_decorator.py
[2025-02-27T23:52:45.320+0000] {logging_mixin.py:120} INFO - [2025-02-27T23:52:45.320+0000] {dag.py:2585} INFO - Sync 1 DAGs
[2025-02-27T23:52:45.331+0000] {logging_mixin.py:120} INFO - [2025-02-27T23:52:45.330+0000] {dag.py:3340} INFO - Setting next_dagrun for example_dag_decorator to None, run_after=None
[2025-02-27T23:52:45.341+0000] {processor.py:176} INFO - Processing /home/airflow/.local/lib/python3.7/site-packages/airflow/example_dags/example_dag_decorator.py took 0.080 seconds
[2025-02-27T23:53:16.030+0000] {processor.py:154} INFO - Started process (PID=809) to work on /home/airflow/.local/lib/python3.7/site-packages/airflow/example_dags/example_dag_decorator.py
[2025-02-27T23:53:16.031+0000] {processor.py:756} INFO - Processing file /home/airflow/.local/lib/python3.7/site-packages/airflow/example_dags/example_dag_decorator.py for tasks to queue
[2025-02-27T23:53:16.031+0000] {logging_mixin.py:120} INFO - [2025-02-27T23:53:16.031+0000] {dagbag.py:537} INFO - Filling up the DagBag from /home/airflow/.local/lib/python3.7/site-packages/airflow/example_dags/example_dag_decorator.py
[2025-02-27T23:53:16.039+0000] {logging_mixin.py:120} INFO - [2025-02-27T23:53:16.039+0000] {taskmixin.py:205} WARNING - Dependency <Task(_PythonDecoratedOperator): prepare_email>, send_email already registered for DAG: example_dag_decorator
[2025-02-27T23:53:16.040+0000] {logging_mixin.py:120} INFO - [2025-02-27T23:53:16.040+0000] {taskmixin.py:205} WARNING - Dependency <Task(EmailOperator): send_email>, prepare_email already registered for DAG: example_dag_decorator
[2025-02-27T23:53:16.047+0000] {processor.py:766} INFO - DAG(s) dict_keys(['example_dag_decorator']) retrieved from /home/airflow/.local/lib/python3.7/site-packages/airflow/example_dags/example_dag_decorator.py
[2025-02-27T23:53:16.086+0000] {logging_mixin.py:120} INFO - [2025-02-27T23:53:16.085+0000] {dag.py:2585} INFO - Sync 1 DAGs
[2025-02-27T23:53:16.097+0000] {logging_mixin.py:120} INFO - [2025-02-27T23:53:16.097+0000] {dag.py:3340} INFO - Setting next_dagrun for example_dag_decorator to None, run_after=None
[2025-02-27T23:53:16.107+0000] {processor.py:176} INFO - Processing /home/airflow/.local/lib/python3.7/site-packages/airflow/example_dags/example_dag_decorator.py took 0.079 seconds
[2025-02-27T23:53:46.974+0000] {processor.py:154} INFO - Started process (PID=873) to work on /home/airflow/.local/lib/python3.7/site-packages/airflow/example_dags/example_dag_decorator.py
[2025-02-27T23:53:46.975+0000] {processor.py:756} INFO - Processing file /home/airflow/.local/lib/python3.7/site-packages/airflow/example_dags/example_dag_decorator.py for tasks to queue
[2025-02-27T23:53:46.976+0000] {logging_mixin.py:120} INFO - [2025-02-27T23:53:46.976+0000] {dagbag.py:537} INFO - Filling up the DagBag from /home/airflow/.local/lib/python3.7/site-packages/airflow/example_dags/example_dag_decorator.py
[2025-02-27T23:53:46.984+0000] {logging_mixin.py:120} INFO - [2025-02-27T23:53:46.983+0000] {taskmixin.py:205} WARNING - Dependency <Task(_PythonDecoratedOperator): prepare_email>, send_email already registered for DAG: example_dag_decorator
[2025-02-27T23:53:46.984+0000] {logging_mixin.py:120} INFO - [2025-02-27T23:53:46.984+0000] {taskmixin.py:205} WARNING - Dependency <Task(EmailOperator): send_email>, prepare_email already registered for DAG: example_dag_decorator
[2025-02-27T23:53:46.991+0000] {processor.py:766} INFO - DAG(s) dict_keys(['example_dag_decorator']) retrieved from /home/airflow/.local/lib/python3.7/site-packages/airflow/example_dags/example_dag_decorator.py
[2025-02-27T23:53:47.034+0000] {logging_mixin.py:120} INFO - [2025-02-27T23:53:47.033+0000] {dag.py:2585} INFO - Sync 1 DAGs
[2025-02-27T23:53:47.045+0000] {logging_mixin.py:120} INFO - [2025-02-27T23:53:47.044+0000] {dag.py:3340} INFO - Setting next_dagrun for example_dag_decorator to None, run_after=None
[2025-02-27T23:53:47.055+0000] {processor.py:176} INFO - Processing /home/airflow/.local/lib/python3.7/site-packages/airflow/example_dags/example_dag_decorator.py took 0.083 seconds
[2025-02-27T23:54:17.825+0000] {processor.py:154} INFO - Started process (PID=934) to work on /home/airflow/.local/lib/python3.7/site-packages/airflow/example_dags/example_dag_decorator.py
[2025-02-27T23:54:17.826+0000] {processor.py:756} INFO - Processing file /home/airflow/.local/lib/python3.7/site-packages/airflow/example_dags/example_dag_decorator.py for tasks to queue
[2025-02-27T23:54:17.826+0000] {logging_mixin.py:120} INFO - [2025-02-27T23:54:17.826+0000] {dagbag.py:537} INFO - Filling up the DagBag from /home/airflow/.local/lib/python3.7/site-packages/airflow/example_dags/example_dag_decorator.py
[2025-02-27T23:54:17.835+0000] {logging_mixin.py:120} INFO - [2025-02-27T23:54:17.835+0000] {taskmixin.py:205} WARNING - Dependency <Task(_PythonDecoratedOperator): prepare_email>, send_email already registered for DAG: example_dag_decorator
[2025-02-27T23:54:17.835+0000] {logging_mixin.py:120} INFO - [2025-02-27T23:54:17.835+0000] {taskmixin.py:205} WARNING - Dependency <Task(EmailOperator): send_email>, prepare_email already registered for DAG: example_dag_decorator
[2025-02-27T23:54:17.843+0000] {processor.py:766} INFO - DAG(s) dict_keys(['example_dag_decorator']) retrieved from /home/airflow/.local/lib/python3.7/site-packages/airflow/example_dags/example_dag_decorator.py
[2025-02-27T23:54:17.981+0000] {logging_mixin.py:120} INFO - [2025-02-27T23:54:17.981+0000] {dag.py:2585} INFO - Sync 1 DAGs
[2025-02-27T23:54:18.003+0000] {logging_mixin.py:120} INFO - [2025-02-27T23:54:18.003+0000] {dag.py:3340} INFO - Setting next_dagrun for example_dag_decorator to None, run_after=None
[2025-02-27T23:54:18.018+0000] {processor.py:176} INFO - Processing /home/airflow/.local/lib/python3.7/site-packages/airflow/example_dags/example_dag_decorator.py took 0.195 seconds
[2025-02-27T23:54:48.758+0000] {processor.py:154} INFO - Started process (PID=991) to work on /home/airflow/.local/lib/python3.7/site-packages/airflow/example_dags/example_dag_decorator.py
[2025-02-27T23:54:48.759+0000] {processor.py:756} INFO - Processing file /home/airflow/.local/lib/python3.7/site-packages/airflow/example_dags/example_dag_decorator.py for tasks to queue
[2025-02-27T23:54:48.760+0000] {logging_mixin.py:120} INFO - [2025-02-27T23:54:48.759+0000] {dagbag.py:537} INFO - Filling up the DagBag from /home/airflow/.local/lib/python3.7/site-packages/airflow/example_dags/example_dag_decorator.py
[2025-02-27T23:54:48.767+0000] {logging_mixin.py:120} INFO - [2025-02-27T23:54:48.767+0000] {taskmixin.py:205} WARNING - Dependency <Task(_PythonDecoratedOperator): prepare_email>, send_email already registered for DAG: example_dag_decorator
[2025-02-27T23:54:48.768+0000] {logging_mixin.py:120} INFO - [2025-02-27T23:54:48.768+0000] {taskmixin.py:205} WARNING - Dependency <Task(EmailOperator): send_email>, prepare_email already registered for DAG: example_dag_decorator
[2025-02-27T23:54:48.775+0000] {processor.py:766} INFO - DAG(s) dict_keys(['example_dag_decorator']) retrieved from /home/airflow/.local/lib/python3.7/site-packages/airflow/example_dags/example_dag_decorator.py
[2025-02-27T23:54:48.818+0000] {logging_mixin.py:120} INFO - [2025-02-27T23:54:48.818+0000] {dag.py:2585} INFO - Sync 1 DAGs
[2025-02-27T23:54:48.829+0000] {logging_mixin.py:120} INFO - [2025-02-27T23:54:48.829+0000] {dag.py:3340} INFO - Setting next_dagrun for example_dag_decorator to None, run_after=None
[2025-02-27T23:54:48.839+0000] {processor.py:176} INFO - Processing /home/airflow/.local/lib/python3.7/site-packages/airflow/example_dags/example_dag_decorator.py took 0.083 seconds
[2025-02-27T23:55:19.527+0000] {processor.py:154} INFO - Started process (PID=1055) to work on /home/airflow/.local/lib/python3.7/site-packages/airflow/example_dags/example_dag_decorator.py
[2025-02-27T23:55:19.528+0000] {processor.py:756} INFO - Processing file /home/airflow/.local/lib/python3.7/site-packages/airflow/example_dags/example_dag_decorator.py for tasks to queue
[2025-02-27T23:55:19.529+0000] {logging_mixin.py:120} INFO - [2025-02-27T23:55:19.529+0000] {dagbag.py:537} INFO - Filling up the DagBag from /home/airflow/.local/lib/python3.7/site-packages/airflow/example_dags/example_dag_decorator.py
[2025-02-27T23:55:19.536+0000] {logging_mixin.py:120} INFO - [2025-02-27T23:55:19.536+0000] {taskmixin.py:205} WARNING - Dependency <Task(_PythonDecoratedOperator): prepare_email>, send_email already registered for DAG: example_dag_decorator
[2025-02-27T23:55:19.537+0000] {logging_mixin.py:120} INFO - [2025-02-27T23:55:19.537+0000] {taskmixin.py:205} WARNING - Dependency <Task(EmailOperator): send_email>, prepare_email already registered for DAG: example_dag_decorator
[2025-02-27T23:55:19.544+0000] {processor.py:766} INFO - DAG(s) dict_keys(['example_dag_decorator']) retrieved from /home/airflow/.local/lib/python3.7/site-packages/airflow/example_dags/example_dag_decorator.py
[2025-02-27T23:55:19.584+0000] {logging_mixin.py:120} INFO - [2025-02-27T23:55:19.584+0000] {dag.py:2585} INFO - Sync 1 DAGs
[2025-02-27T23:55:19.596+0000] {logging_mixin.py:120} INFO - [2025-02-27T23:55:19.595+0000] {dag.py:3340} INFO - Setting next_dagrun for example_dag_decorator to None, run_after=None
[2025-02-27T23:55:19.606+0000] {processor.py:176} INFO - Processing /home/airflow/.local/lib/python3.7/site-packages/airflow/example_dags/example_dag_decorator.py took 0.080 seconds
[2025-02-27T23:55:50.294+0000] {processor.py:154} INFO - Started process (PID=1119) to work on /home/airflow/.local/lib/python3.7/site-packages/airflow/example_dags/example_dag_decorator.py
[2025-02-27T23:55:50.295+0000] {processor.py:756} INFO - Processing file /home/airflow/.local/lib/python3.7/site-packages/airflow/example_dags/example_dag_decorator.py for tasks to queue
[2025-02-27T23:55:50.295+0000] {logging_mixin.py:120} INFO - [2025-02-27T23:55:50.295+0000] {dagbag.py:537} INFO - Filling up the DagBag from /home/airflow/.local/lib/python3.7/site-packages/airflow/example_dags/example_dag_decorator.py
[2025-02-27T23:55:50.303+0000] {logging_mixin.py:120} INFO - [2025-02-27T23:55:50.303+0000] {taskmixin.py:205} WARNING - Dependency <Task(_PythonDecoratedOperator): prepare_email>, send_email already registered for DAG: example_dag_decorator
[2025-02-27T23:55:50.303+0000] {logging_mixin.py:120} INFO - [2025-02-27T23:55:50.303+0000] {taskmixin.py:205} WARNING - Dependency <Task(EmailOperator): send_email>, prepare_email already registered for DAG: example_dag_decorator
[2025-02-27T23:55:50.310+0000] {processor.py:766} INFO - DAG(s) dict_keys(['example_dag_decorator']) retrieved from /home/airflow/.local/lib/python3.7/site-packages/airflow/example_dags/example_dag_decorator.py
[2025-02-27T23:55:50.350+0000] {logging_mixin.py:120} INFO - [2025-02-27T23:55:50.350+0000] {dag.py:2585} INFO - Sync 1 DAGs
[2025-02-27T23:55:50.365+0000] {logging_mixin.py:120} INFO - [2025-02-27T23:55:50.365+0000] {dag.py:3340} INFO - Setting next_dagrun for example_dag_decorator to None, run_after=None
[2025-02-27T23:55:50.377+0000] {processor.py:176} INFO - Processing /home/airflow/.local/lib/python3.7/site-packages/airflow/example_dags/example_dag_decorator.py took 0.085 seconds
[2025-02-27T23:56:21.016+0000] {processor.py:154} INFO - Started process (PID=1183) to work on /home/airflow/.local/lib/python3.7/site-packages/airflow/example_dags/example_dag_decorator.py
[2025-02-27T23:56:21.016+0000] {processor.py:756} INFO - Processing file /home/airflow/.local/lib/python3.7/site-packages/airflow/example_dags/example_dag_decorator.py for tasks to queue
[2025-02-27T23:56:21.017+0000] {logging_mixin.py:120} INFO - [2025-02-27T23:56:21.017+0000] {dagbag.py:537} INFO - Filling up the DagBag from /home/airflow/.local/lib/python3.7/site-packages/airflow/example_dags/example_dag_decorator.py
[2025-02-27T23:56:21.025+0000] {logging_mixin.py:120} INFO - [2025-02-27T23:56:21.025+0000] {taskmixin.py:205} WARNING - Dependency <Task(_PythonDecoratedOperator): prepare_email>, send_email already registered for DAG: example_dag_decorator
[2025-02-27T23:56:21.026+0000] {logging_mixin.py:120} INFO - [2025-02-27T23:56:21.026+0000] {taskmixin.py:205} WARNING - Dependency <Task(EmailOperator): send_email>, prepare_email already registered for DAG: example_dag_decorator
[2025-02-27T23:56:21.033+0000] {processor.py:766} INFO - DAG(s) dict_keys(['example_dag_decorator']) retrieved from /home/airflow/.local/lib/python3.7/site-packages/airflow/example_dags/example_dag_decorator.py
[2025-02-27T23:56:21.074+0000] {logging_mixin.py:120} INFO - [2025-02-27T23:56:21.074+0000] {dag.py:2585} INFO - Sync 1 DAGs
[2025-02-27T23:56:21.086+0000] {logging_mixin.py:120} INFO - [2025-02-27T23:56:21.086+0000] {dag.py:3340} INFO - Setting next_dagrun for example_dag_decorator to None, run_after=None
[2025-02-27T23:56:21.098+0000] {processor.py:176} INFO - Processing /home/airflow/.local/lib/python3.7/site-packages/airflow/example_dags/example_dag_decorator.py took 0.084 seconds
[2025-02-27T23:56:51.843+0000] {processor.py:154} INFO - Started process (PID=1247) to work on /home/airflow/.local/lib/python3.7/site-packages/airflow/example_dags/example_dag_decorator.py
[2025-02-27T23:56:51.845+0000] {processor.py:756} INFO - Processing file /home/airflow/.local/lib/python3.7/site-packages/airflow/example_dags/example_dag_decorator.py for tasks to queue
[2025-02-27T23:56:51.845+0000] {logging_mixin.py:120} INFO - [2025-02-27T23:56:51.845+0000] {dagbag.py:537} INFO - Filling up the DagBag from /home/airflow/.local/lib/python3.7/site-packages/airflow/example_dags/example_dag_decorator.py
[2025-02-27T23:56:51.854+0000] {logging_mixin.py:120} INFO - [2025-02-27T23:56:51.854+0000] {taskmixin.py:205} WARNING - Dependency <Task(_PythonDecoratedOperator): prepare_email>, send_email already registered for DAG: example_dag_decorator
[2025-02-27T23:56:51.854+0000] {logging_mixin.py:120} INFO - [2025-02-27T23:56:51.854+0000] {taskmixin.py:205} WARNING - Dependency <Task(EmailOperator): send_email>, prepare_email already registered for DAG: example_dag_decorator
[2025-02-27T23:56:51.861+0000] {processor.py:766} INFO - DAG(s) dict_keys(['example_dag_decorator']) retrieved from /home/airflow/.local/lib/python3.7/site-packages/airflow/example_dags/example_dag_decorator.py
[2025-02-27T23:56:51.903+0000] {logging_mixin.py:120} INFO - [2025-02-27T23:56:51.903+0000] {dag.py:2585} INFO - Sync 1 DAGs
[2025-02-27T23:56:51.915+0000] {logging_mixin.py:120} INFO - [2025-02-27T23:56:51.915+0000] {dag.py:3340} INFO - Setting next_dagrun for example_dag_decorator to None, run_after=None
[2025-02-27T23:56:51.927+0000] {processor.py:176} INFO - Processing /home/airflow/.local/lib/python3.7/site-packages/airflow/example_dags/example_dag_decorator.py took 0.086 seconds
[2025-02-27T23:57:22.756+0000] {processor.py:154} INFO - Started process (PID=1311) to work on /home/airflow/.local/lib/python3.7/site-packages/airflow/example_dags/example_dag_decorator.py
[2025-02-27T23:57:22.757+0000] {processor.py:756} INFO - Processing file /home/airflow/.local/lib/python3.7/site-packages/airflow/example_dags/example_dag_decorator.py for tasks to queue
[2025-02-27T23:57:22.759+0000] {logging_mixin.py:120} INFO - [2025-02-27T23:57:22.759+0000] {dagbag.py:537} INFO - Filling up the DagBag from /home/airflow/.local/lib/python3.7/site-packages/airflow/example_dags/example_dag_decorator.py
[2025-02-27T23:57:22.769+0000] {logging_mixin.py:120} INFO - [2025-02-27T23:57:22.769+0000] {taskmixin.py:205} WARNING - Dependency <Task(_PythonDecoratedOperator): prepare_email>, send_email already registered for DAG: example_dag_decorator
[2025-02-27T23:57:22.770+0000] {logging_mixin.py:120} INFO - [2025-02-27T23:57:22.770+0000] {taskmixin.py:205} WARNING - Dependency <Task(EmailOperator): send_email>, prepare_email already registered for DAG: example_dag_decorator
[2025-02-27T23:57:22.778+0000] {processor.py:766} INFO - DAG(s) dict_keys(['example_dag_decorator']) retrieved from /home/airflow/.local/lib/python3.7/site-packages/airflow/example_dags/example_dag_decorator.py
[2025-02-27T23:57:22.848+0000] {logging_mixin.py:120} INFO - [2025-02-27T23:57:22.848+0000] {dag.py:2585} INFO - Sync 1 DAGs
[2025-02-27T23:57:22.861+0000] {logging_mixin.py:120} INFO - [2025-02-27T23:57:22.861+0000] {dag.py:3340} INFO - Setting next_dagrun for example_dag_decorator to None, run_after=None
[2025-02-27T23:57:22.872+0000] {processor.py:176} INFO - Processing /home/airflow/.local/lib/python3.7/site-packages/airflow/example_dags/example_dag_decorator.py took 0.118 seconds
[2025-02-27T23:57:53.666+0000] {processor.py:154} INFO - Started process (PID=1374) to work on /home/airflow/.local/lib/python3.7/site-packages/airflow/example_dags/example_dag_decorator.py
[2025-02-27T23:57:53.667+0000] {processor.py:756} INFO - Processing file /home/airflow/.local/lib/python3.7/site-packages/airflow/example_dags/example_dag_decorator.py for tasks to queue
[2025-02-27T23:57:53.667+0000] {logging_mixin.py:120} INFO - [2025-02-27T23:57:53.667+0000] {dagbag.py:537} INFO - Filling up the DagBag from /home/airflow/.local/lib/python3.7/site-packages/airflow/example_dags/example_dag_decorator.py
[2025-02-27T23:57:53.675+0000] {logging_mixin.py:120} INFO - [2025-02-27T23:57:53.675+0000] {taskmixin.py:205} WARNING - Dependency <Task(_PythonDecoratedOperator): prepare_email>, send_email already registered for DAG: example_dag_decorator
[2025-02-27T23:57:53.675+0000] {logging_mixin.py:120} INFO - [2025-02-27T23:57:53.675+0000] {taskmixin.py:205} WARNING - Dependency <Task(EmailOperator): send_email>, prepare_email already registered for DAG: example_dag_decorator
[2025-02-27T23:57:53.682+0000] {processor.py:766} INFO - DAG(s) dict_keys(['example_dag_decorator']) retrieved from /home/airflow/.local/lib/python3.7/site-packages/airflow/example_dags/example_dag_decorator.py
[2025-02-27T23:57:53.722+0000] {logging_mixin.py:120} INFO - [2025-02-27T23:57:53.722+0000] {dag.py:2585} INFO - Sync 1 DAGs
[2025-02-27T23:57:53.732+0000] {logging_mixin.py:120} INFO - [2025-02-27T23:57:53.732+0000] {dag.py:3340} INFO - Setting next_dagrun for example_dag_decorator to None, run_after=None
[2025-02-27T23:57:53.743+0000] {processor.py:176} INFO - Processing /home/airflow/.local/lib/python3.7/site-packages/airflow/example_dags/example_dag_decorator.py took 0.079 seconds
[2025-02-27T23:58:24.480+0000] {processor.py:154} INFO - Started process (PID=1437) to work on /home/airflow/.local/lib/python3.7/site-packages/airflow/example_dags/example_dag_decorator.py
[2025-02-27T23:58:24.481+0000] {processor.py:756} INFO - Processing file /home/airflow/.local/lib/python3.7/site-packages/airflow/example_dags/example_dag_decorator.py for tasks to queue
[2025-02-27T23:58:24.481+0000] {logging_mixin.py:120} INFO - [2025-02-27T23:58:24.481+0000] {dagbag.py:537} INFO - Filling up the DagBag from /home/airflow/.local/lib/python3.7/site-packages/airflow/example_dags/example_dag_decorator.py
[2025-02-27T23:58:24.489+0000] {logging_mixin.py:120} INFO - [2025-02-27T23:58:24.489+0000] {taskmixin.py:205} WARNING - Dependency <Task(_PythonDecoratedOperator): prepare_email>, send_email already registered for DAG: example_dag_decorator
[2025-02-27T23:58:24.490+0000] {logging_mixin.py:120} INFO - [2025-02-27T23:58:24.490+0000] {taskmixin.py:205} WARNING - Dependency <Task(EmailOperator): send_email>, prepare_email already registered for DAG: example_dag_decorator
[2025-02-27T23:58:24.497+0000] {processor.py:766} INFO - DAG(s) dict_keys(['example_dag_decorator']) retrieved from /home/airflow/.local/lib/python3.7/site-packages/airflow/example_dags/example_dag_decorator.py
[2025-02-27T23:58:24.538+0000] {logging_mixin.py:120} INFO - [2025-02-27T23:58:24.538+0000] {dag.py:2585} INFO - Sync 1 DAGs
[2025-02-27T23:58:24.550+0000] {logging_mixin.py:120} INFO - [2025-02-27T23:58:24.550+0000] {dag.py:3340} INFO - Setting next_dagrun for example_dag_decorator to None, run_after=None
[2025-02-27T23:58:24.560+0000] {processor.py:176} INFO - Processing /home/airflow/.local/lib/python3.7/site-packages/airflow/example_dags/example_dag_decorator.py took 0.082 seconds
[2025-02-27T23:58:55.264+0000] {processor.py:154} INFO - Started process (PID=1492) to work on /home/airflow/.local/lib/python3.7/site-packages/airflow/example_dags/example_dag_decorator.py
[2025-02-27T23:58:55.265+0000] {processor.py:756} INFO - Processing file /home/airflow/.local/lib/python3.7/site-packages/airflow/example_dags/example_dag_decorator.py for tasks to queue
[2025-02-27T23:58:55.265+0000] {logging_mixin.py:120} INFO - [2025-02-27T23:58:55.265+0000] {dagbag.py:537} INFO - Filling up the DagBag from /home/airflow/.local/lib/python3.7/site-packages/airflow/example_dags/example_dag_decorator.py
[2025-02-27T23:58:55.273+0000] {logging_mixin.py:120} INFO - [2025-02-27T23:58:55.273+0000] {taskmixin.py:205} WARNING - Dependency <Task(_PythonDecoratedOperator): prepare_email>, send_email already registered for DAG: example_dag_decorator
[2025-02-27T23:58:55.273+0000] {logging_mixin.py:120} INFO - [2025-02-27T23:58:55.273+0000] {taskmixin.py:205} WARNING - Dependency <Task(EmailOperator): send_email>, prepare_email already registered for DAG: example_dag_decorator
[2025-02-27T23:58:55.280+0000] {processor.py:766} INFO - DAG(s) dict_keys(['example_dag_decorator']) retrieved from /home/airflow/.local/lib/python3.7/site-packages/airflow/example_dags/example_dag_decorator.py
[2025-02-27T23:58:55.321+0000] {logging_mixin.py:120} INFO - [2025-02-27T23:58:55.321+0000] {dag.py:2585} INFO - Sync 1 DAGs
[2025-02-27T23:58:55.333+0000] {logging_mixin.py:120} INFO - [2025-02-27T23:58:55.333+0000] {dag.py:3340} INFO - Setting next_dagrun for example_dag_decorator to None, run_after=None
[2025-02-27T23:58:55.343+0000] {processor.py:176} INFO - Processing /home/airflow/.local/lib/python3.7/site-packages/airflow/example_dags/example_dag_decorator.py took 0.081 seconds
[2025-02-27T23:59:25.950+0000] {processor.py:154} INFO - Started process (PID=1556) to work on /home/airflow/.local/lib/python3.7/site-packages/airflow/example_dags/example_dag_decorator.py
[2025-02-27T23:59:25.951+0000] {processor.py:756} INFO - Processing file /home/airflow/.local/lib/python3.7/site-packages/airflow/example_dags/example_dag_decorator.py for tasks to queue
[2025-02-27T23:59:25.951+0000] {logging_mixin.py:120} INFO - [2025-02-27T23:59:25.951+0000] {dagbag.py:537} INFO - Filling up the DagBag from /home/airflow/.local/lib/python3.7/site-packages/airflow/example_dags/example_dag_decorator.py
[2025-02-27T23:59:25.958+0000] {logging_mixin.py:120} INFO - [2025-02-27T23:59:25.958+0000] {taskmixin.py:205} WARNING - Dependency <Task(_PythonDecoratedOperator): prepare_email>, send_email already registered for DAG: example_dag_decorator
[2025-02-27T23:59:25.959+0000] {logging_mixin.py:120} INFO - [2025-02-27T23:59:25.959+0000] {taskmixin.py:205} WARNING - Dependency <Task(EmailOperator): send_email>, prepare_email already registered for DAG: example_dag_decorator
[2025-02-27T23:59:25.965+0000] {processor.py:766} INFO - DAG(s) dict_keys(['example_dag_decorator']) retrieved from /home/airflow/.local/lib/python3.7/site-packages/airflow/example_dags/example_dag_decorator.py
[2025-02-27T23:59:26.005+0000] {logging_mixin.py:120} INFO - [2025-02-27T23:59:26.005+0000] {dag.py:2585} INFO - Sync 1 DAGs
[2025-02-27T23:59:26.016+0000] {logging_mixin.py:120} INFO - [2025-02-27T23:59:26.016+0000] {dag.py:3340} INFO - Setting next_dagrun for example_dag_decorator to None, run_after=None
[2025-02-27T23:59:26.027+0000] {processor.py:176} INFO - Processing /home/airflow/.local/lib/python3.7/site-packages/airflow/example_dags/example_dag_decorator.py took 0.079 seconds
[2025-02-27T23:59:56.762+0000] {processor.py:154} INFO - Started process (PID=1620) to work on /home/airflow/.local/lib/python3.7/site-packages/airflow/example_dags/example_dag_decorator.py
[2025-02-27T23:59:56.763+0000] {processor.py:756} INFO - Processing file /home/airflow/.local/lib/python3.7/site-packages/airflow/example_dags/example_dag_decorator.py for tasks to queue
[2025-02-27T23:59:56.763+0000] {logging_mixin.py:120} INFO - [2025-02-27T23:59:56.763+0000] {dagbag.py:537} INFO - Filling up the DagBag from /home/airflow/.local/lib/python3.7/site-packages/airflow/example_dags/example_dag_decorator.py
[2025-02-27T23:59:56.771+0000] {logging_mixin.py:120} INFO - [2025-02-27T23:59:56.771+0000] {taskmixin.py:205} WARNING - Dependency <Task(_PythonDecoratedOperator): prepare_email>, send_email already registered for DAG: example_dag_decorator
[2025-02-27T23:59:56.772+0000] {logging_mixin.py:120} INFO - [2025-02-27T23:59:56.772+0000] {taskmixin.py:205} WARNING - Dependency <Task(EmailOperator): send_email>, prepare_email already registered for DAG: example_dag_decorator
[2025-02-27T23:59:56.778+0000] {processor.py:766} INFO - DAG(s) dict_keys(['example_dag_decorator']) retrieved from /home/airflow/.local/lib/python3.7/site-packages/airflow/example_dags/example_dag_decorator.py
[2025-02-27T23:59:56.817+0000] {logging_mixin.py:120} INFO - [2025-02-27T23:59:56.817+0000] {dag.py:2585} INFO - Sync 1 DAGs
[2025-02-27T23:59:56.828+0000] {logging_mixin.py:120} INFO - [2025-02-27T23:59:56.828+0000] {dag.py:3340} INFO - Setting next_dagrun for example_dag_decorator to None, run_after=None
[2025-02-27T23:59:56.840+0000] {processor.py:176} INFO - Processing /home/airflow/.local/lib/python3.7/site-packages/airflow/example_dags/example_dag_decorator.py took 0.080 seconds
