[2025-02-27T23:47:06.971+0000] {processor.py:154} INFO - Started process (PID=57) to work on /home/airflow/.local/lib/python3.7/site-packages/airflow/example_dags/example_branch_datetime_operator.py
[2025-02-27T23:47:06.976+0000] {processor.py:756} INFO - Processing file /home/airflow/.local/lib/python3.7/site-packages/airflow/example_dags/example_branch_datetime_operator.py for tasks to queue
[2025-02-27T23:47:06.986+0000] {logging_mixin.py:120} INFO - [2025-02-27T23:47:06.985+0000] {dagbag.py:537} INFO - Filling up the DagBag from /home/airflow/.local/lib/python3.7/site-packages/airflow/example_dags/example_branch_datetime_operator.py
[2025-02-27T23:47:07.032+0000] {processor.py:766} INFO - DAG(s) dict_keys(['example_branch_datetime_operator_2', 'example_branch_datetime_operator_3', 'example_branch_datetime_operator']) retrieved from /home/airflow/.local/lib/python3.7/site-packages/airflow/example_dags/example_branch_datetime_operator.py
[2025-02-27T23:47:07.133+0000] {logging_mixin.py:120} INFO - [2025-02-27T23:47:07.129+0000] {dag.py:2585} INFO - Sync 3 DAGs
[2025-02-27T23:47:07.166+0000] {logging_mixin.py:120} INFO - [2025-02-27T23:47:07.166+0000] {dag.py:3340} INFO - Setting next_dagrun for example_branch_datetime_operator to 2025-02-26T00:00:00+00:00, run_after=2025-02-27T00:00:00+00:00
[2025-02-27T23:47:07.175+0000] {logging_mixin.py:120} INFO - [2025-02-27T23:47:07.175+0000] {dag.py:3340} INFO - Setting next_dagrun for example_branch_datetime_operator_2 to 2025-02-26T00:00:00+00:00, run_after=2025-02-27T00:00:00+00:00
[2025-02-27T23:47:07.180+0000] {logging_mixin.py:120} INFO - [2025-02-27T23:47:07.180+0000] {dag.py:3340} INFO - Setting next_dagrun for example_branch_datetime_operator_3 to 2025-02-26T00:00:00+00:00, run_after=2025-02-27T00:00:00+00:00
[2025-02-27T23:47:07.205+0000] {processor.py:176} INFO - Processing /home/airflow/.local/lib/python3.7/site-packages/airflow/example_dags/example_branch_datetime_operator.py took 0.240 seconds
[2025-02-27T23:47:37.954+0000] {processor.py:154} INFO - Started process (PID=121) to work on /home/airflow/.local/lib/python3.7/site-packages/airflow/example_dags/example_branch_datetime_operator.py
[2025-02-27T23:47:37.955+0000] {processor.py:756} INFO - Processing file /home/airflow/.local/lib/python3.7/site-packages/airflow/example_dags/example_branch_datetime_operator.py for tasks to queue
[2025-02-27T23:47:37.955+0000] {logging_mixin.py:120} INFO - [2025-02-27T23:47:37.955+0000] {dagbag.py:537} INFO - Filling up the DagBag from /home/airflow/.local/lib/python3.7/site-packages/airflow/example_dags/example_branch_datetime_operator.py
[2025-02-27T23:47:37.966+0000] {processor.py:766} INFO - DAG(s) dict_keys(['example_branch_datetime_operator_2', 'example_branch_datetime_operator_3', 'example_branch_datetime_operator']) retrieved from /home/airflow/.local/lib/python3.7/site-packages/airflow/example_dags/example_branch_datetime_operator.py
[2025-02-27T23:47:38.008+0000] {logging_mixin.py:120} INFO - [2025-02-27T23:47:38.007+0000] {dag.py:2585} INFO - Sync 3 DAGs
[2025-02-27T23:47:38.032+0000] {logging_mixin.py:120} INFO - [2025-02-27T23:47:38.032+0000] {dag.py:3340} INFO - Setting next_dagrun for example_branch_datetime_operator to 2025-02-26T00:00:00+00:00, run_after=2025-02-27T00:00:00+00:00
[2025-02-27T23:47:38.035+0000] {logging_mixin.py:120} INFO - [2025-02-27T23:47:38.035+0000] {dag.py:3340} INFO - Setting next_dagrun for example_branch_datetime_operator_2 to 2025-02-26T00:00:00+00:00, run_after=2025-02-27T00:00:00+00:00
[2025-02-27T23:47:38.038+0000] {logging_mixin.py:120} INFO - [2025-02-27T23:47:38.038+0000] {dag.py:3340} INFO - Setting next_dagrun for example_branch_datetime_operator_3 to 2025-02-26T00:00:00+00:00, run_after=2025-02-27T00:00:00+00:00
[2025-02-27T23:47:38.054+0000] {processor.py:176} INFO - Processing /home/airflow/.local/lib/python3.7/site-packages/airflow/example_dags/example_branch_datetime_operator.py took 0.104 seconds
[2025-02-27T23:48:08.748+0000] {processor.py:154} INFO - Started process (PID=186) to work on /home/airflow/.local/lib/python3.7/site-packages/airflow/example_dags/example_branch_datetime_operator.py
[2025-02-27T23:48:08.749+0000] {processor.py:756} INFO - Processing file /home/airflow/.local/lib/python3.7/site-packages/airflow/example_dags/example_branch_datetime_operator.py for tasks to queue
[2025-02-27T23:48:08.750+0000] {logging_mixin.py:120} INFO - [2025-02-27T23:48:08.750+0000] {dagbag.py:537} INFO - Filling up the DagBag from /home/airflow/.local/lib/python3.7/site-packages/airflow/example_dags/example_branch_datetime_operator.py
[2025-02-27T23:48:08.763+0000] {processor.py:766} INFO - DAG(s) dict_keys(['example_branch_datetime_operator_3', 'example_branch_datetime_operator', 'example_branch_datetime_operator_2']) retrieved from /home/airflow/.local/lib/python3.7/site-packages/airflow/example_dags/example_branch_datetime_operator.py
[2025-02-27T23:48:08.779+0000] {logging_mixin.py:120} INFO - [2025-02-27T23:48:08.779+0000] {dag.py:2585} INFO - Sync 3 DAGs
[2025-02-27T23:48:08.794+0000] {logging_mixin.py:120} INFO - [2025-02-27T23:48:08.794+0000] {dag.py:3340} INFO - Setting next_dagrun for example_branch_datetime_operator to 2025-02-26T00:00:00+00:00, run_after=2025-02-27T00:00:00+00:00
[2025-02-27T23:48:08.797+0000] {logging_mixin.py:120} INFO - [2025-02-27T23:48:08.797+0000] {dag.py:3340} INFO - Setting next_dagrun for example_branch_datetime_operator_2 to 2025-02-26T00:00:00+00:00, run_after=2025-02-27T00:00:00+00:00
[2025-02-27T23:48:08.799+0000] {logging_mixin.py:120} INFO - [2025-02-27T23:48:08.799+0000] {dag.py:3340} INFO - Setting next_dagrun for example_branch_datetime_operator_3 to 2025-02-26T00:00:00+00:00, run_after=2025-02-27T00:00:00+00:00
[2025-02-27T23:48:08.807+0000] {processor.py:176} INFO - Processing /home/airflow/.local/lib/python3.7/site-packages/airflow/example_dags/example_branch_datetime_operator.py took 0.062 seconds
[2025-02-27T23:48:39.597+0000] {processor.py:154} INFO - Started process (PID=250) to work on /home/airflow/.local/lib/python3.7/site-packages/airflow/example_dags/example_branch_datetime_operator.py
[2025-02-27T23:48:39.599+0000] {processor.py:756} INFO - Processing file /home/airflow/.local/lib/python3.7/site-packages/airflow/example_dags/example_branch_datetime_operator.py for tasks to queue
[2025-02-27T23:48:39.600+0000] {logging_mixin.py:120} INFO - [2025-02-27T23:48:39.600+0000] {dagbag.py:537} INFO - Filling up the DagBag from /home/airflow/.local/lib/python3.7/site-packages/airflow/example_dags/example_branch_datetime_operator.py
[2025-02-27T23:48:39.618+0000] {processor.py:766} INFO - DAG(s) dict_keys(['example_branch_datetime_operator', 'example_branch_datetime_operator_3', 'example_branch_datetime_operator_2']) retrieved from /home/airflow/.local/lib/python3.7/site-packages/airflow/example_dags/example_branch_datetime_operator.py
[2025-02-27T23:48:39.649+0000] {logging_mixin.py:120} INFO - [2025-02-27T23:48:39.649+0000] {dag.py:2585} INFO - Sync 3 DAGs
[2025-02-27T23:48:39.663+0000] {logging_mixin.py:120} INFO - [2025-02-27T23:48:39.662+0000] {dag.py:3340} INFO - Setting next_dagrun for example_branch_datetime_operator to 2025-02-26T00:00:00+00:00, run_after=2025-02-27T00:00:00+00:00
[2025-02-27T23:48:39.665+0000] {logging_mixin.py:120} INFO - [2025-02-27T23:48:39.665+0000] {dag.py:3340} INFO - Setting next_dagrun for example_branch_datetime_operator_2 to 2025-02-26T00:00:00+00:00, run_after=2025-02-27T00:00:00+00:00
[2025-02-27T23:48:39.667+0000] {logging_mixin.py:120} INFO - [2025-02-27T23:48:39.666+0000] {dag.py:3340} INFO - Setting next_dagrun for example_branch_datetime_operator_3 to 2025-02-26T00:00:00+00:00, run_after=2025-02-27T00:00:00+00:00
[2025-02-27T23:48:39.675+0000] {processor.py:176} INFO - Processing /home/airflow/.local/lib/python3.7/site-packages/airflow/example_dags/example_branch_datetime_operator.py took 0.082 seconds
[2025-02-27T23:49:10.534+0000] {processor.py:154} INFO - Started process (PID=314) to work on /home/airflow/.local/lib/python3.7/site-packages/airflow/example_dags/example_branch_datetime_operator.py
[2025-02-27T23:49:10.536+0000] {processor.py:756} INFO - Processing file /home/airflow/.local/lib/python3.7/site-packages/airflow/example_dags/example_branch_datetime_operator.py for tasks to queue
[2025-02-27T23:49:10.537+0000] {logging_mixin.py:120} INFO - [2025-02-27T23:49:10.537+0000] {dagbag.py:537} INFO - Filling up the DagBag from /home/airflow/.local/lib/python3.7/site-packages/airflow/example_dags/example_branch_datetime_operator.py
[2025-02-27T23:49:10.555+0000] {processor.py:766} INFO - DAG(s) dict_keys(['example_branch_datetime_operator', 'example_branch_datetime_operator_2', 'example_branch_datetime_operator_3']) retrieved from /home/airflow/.local/lib/python3.7/site-packages/airflow/example_dags/example_branch_datetime_operator.py
[2025-02-27T23:49:10.583+0000] {logging_mixin.py:120} INFO - [2025-02-27T23:49:10.583+0000] {dag.py:2585} INFO - Sync 3 DAGs
[2025-02-27T23:49:10.597+0000] {logging_mixin.py:120} INFO - [2025-02-27T23:49:10.597+0000] {dag.py:3340} INFO - Setting next_dagrun for example_branch_datetime_operator to 2025-02-26T00:00:00+00:00, run_after=2025-02-27T00:00:00+00:00
[2025-02-27T23:49:10.600+0000] {logging_mixin.py:120} INFO - [2025-02-27T23:49:10.600+0000] {dag.py:3340} INFO - Setting next_dagrun for example_branch_datetime_operator_2 to 2025-02-26T00:00:00+00:00, run_after=2025-02-27T00:00:00+00:00
[2025-02-27T23:49:10.601+0000] {logging_mixin.py:120} INFO - [2025-02-27T23:49:10.601+0000] {dag.py:3340} INFO - Setting next_dagrun for example_branch_datetime_operator_3 to 2025-02-26T00:00:00+00:00, run_after=2025-02-27T00:00:00+00:00
[2025-02-27T23:49:10.610+0000] {processor.py:176} INFO - Processing /home/airflow/.local/lib/python3.7/site-packages/airflow/example_dags/example_branch_datetime_operator.py took 0.080 seconds
[2025-02-27T23:49:41.338+0000] {processor.py:154} INFO - Started process (PID=378) to work on /home/airflow/.local/lib/python3.7/site-packages/airflow/example_dags/example_branch_datetime_operator.py
[2025-02-27T23:49:41.339+0000] {processor.py:756} INFO - Processing file /home/airflow/.local/lib/python3.7/site-packages/airflow/example_dags/example_branch_datetime_operator.py for tasks to queue
[2025-02-27T23:49:41.339+0000] {logging_mixin.py:120} INFO - [2025-02-27T23:49:41.339+0000] {dagbag.py:537} INFO - Filling up the DagBag from /home/airflow/.local/lib/python3.7/site-packages/airflow/example_dags/example_branch_datetime_operator.py
[2025-02-27T23:49:41.349+0000] {processor.py:766} INFO - DAG(s) dict_keys(['example_branch_datetime_operator_3', 'example_branch_datetime_operator_2', 'example_branch_datetime_operator']) retrieved from /home/airflow/.local/lib/python3.7/site-packages/airflow/example_dags/example_branch_datetime_operator.py
[2025-02-27T23:49:41.372+0000] {logging_mixin.py:120} INFO - [2025-02-27T23:49:41.372+0000] {dag.py:2585} INFO - Sync 3 DAGs
[2025-02-27T23:49:41.386+0000] {logging_mixin.py:120} INFO - [2025-02-27T23:49:41.386+0000] {dag.py:3340} INFO - Setting next_dagrun for example_branch_datetime_operator to 2025-02-26T00:00:00+00:00, run_after=2025-02-27T00:00:00+00:00
[2025-02-27T23:49:41.389+0000] {logging_mixin.py:120} INFO - [2025-02-27T23:49:41.389+0000] {dag.py:3340} INFO - Setting next_dagrun for example_branch_datetime_operator_2 to 2025-02-26T00:00:00+00:00, run_after=2025-02-27T00:00:00+00:00
[2025-02-27T23:49:41.391+0000] {logging_mixin.py:120} INFO - [2025-02-27T23:49:41.391+0000] {dag.py:3340} INFO - Setting next_dagrun for example_branch_datetime_operator_3 to 2025-02-26T00:00:00+00:00, run_after=2025-02-27T00:00:00+00:00
[2025-02-27T23:49:41.401+0000] {processor.py:176} INFO - Processing /home/airflow/.local/lib/python3.7/site-packages/airflow/example_dags/example_branch_datetime_operator.py took 0.066 seconds
[2025-02-27T23:50:12.120+0000] {processor.py:154} INFO - Started process (PID=433) to work on /home/airflow/.local/lib/python3.7/site-packages/airflow/example_dags/example_branch_datetime_operator.py
[2025-02-27T23:50:12.123+0000] {processor.py:756} INFO - Processing file /home/airflow/.local/lib/python3.7/site-packages/airflow/example_dags/example_branch_datetime_operator.py for tasks to queue
[2025-02-27T23:50:12.124+0000] {logging_mixin.py:120} INFO - [2025-02-27T23:50:12.124+0000] {dagbag.py:537} INFO - Filling up the DagBag from /home/airflow/.local/lib/python3.7/site-packages/airflow/example_dags/example_branch_datetime_operator.py
[2025-02-27T23:50:12.143+0000] {processor.py:766} INFO - DAG(s) dict_keys(['example_branch_datetime_operator_2', 'example_branch_datetime_operator', 'example_branch_datetime_operator_3']) retrieved from /home/airflow/.local/lib/python3.7/site-packages/airflow/example_dags/example_branch_datetime_operator.py
[2025-02-27T23:50:12.177+0000] {logging_mixin.py:120} INFO - [2025-02-27T23:50:12.177+0000] {dag.py:2585} INFO - Sync 3 DAGs
[2025-02-27T23:50:12.193+0000] {logging_mixin.py:120} INFO - [2025-02-27T23:50:12.193+0000] {dag.py:3340} INFO - Setting next_dagrun for example_branch_datetime_operator to 2025-02-26T00:00:00+00:00, run_after=2025-02-27T00:00:00+00:00
[2025-02-27T23:50:12.196+0000] {logging_mixin.py:120} INFO - [2025-02-27T23:50:12.196+0000] {dag.py:3340} INFO - Setting next_dagrun for example_branch_datetime_operator_2 to 2025-02-26T00:00:00+00:00, run_after=2025-02-27T00:00:00+00:00
[2025-02-27T23:50:12.198+0000] {logging_mixin.py:120} INFO - [2025-02-27T23:50:12.198+0000] {dag.py:3340} INFO - Setting next_dagrun for example_branch_datetime_operator_3 to 2025-02-26T00:00:00+00:00, run_after=2025-02-27T00:00:00+00:00
[2025-02-27T23:50:12.208+0000] {processor.py:176} INFO - Processing /home/airflow/.local/lib/python3.7/site-packages/airflow/example_dags/example_branch_datetime_operator.py took 0.092 seconds
[2025-02-27T23:50:43.034+0000] {processor.py:154} INFO - Started process (PID=497) to work on /home/airflow/.local/lib/python3.7/site-packages/airflow/example_dags/example_branch_datetime_operator.py
[2025-02-27T23:50:43.036+0000] {processor.py:756} INFO - Processing file /home/airflow/.local/lib/python3.7/site-packages/airflow/example_dags/example_branch_datetime_operator.py for tasks to queue
[2025-02-27T23:50:43.037+0000] {logging_mixin.py:120} INFO - [2025-02-27T23:50:43.037+0000] {dagbag.py:537} INFO - Filling up the DagBag from /home/airflow/.local/lib/python3.7/site-packages/airflow/example_dags/example_branch_datetime_operator.py
[2025-02-27T23:50:43.053+0000] {processor.py:766} INFO - DAG(s) dict_keys(['example_branch_datetime_operator_3', 'example_branch_datetime_operator', 'example_branch_datetime_operator_2']) retrieved from /home/airflow/.local/lib/python3.7/site-packages/airflow/example_dags/example_branch_datetime_operator.py
[2025-02-27T23:50:43.080+0000] {logging_mixin.py:120} INFO - [2025-02-27T23:50:43.080+0000] {dag.py:2585} INFO - Sync 3 DAGs
[2025-02-27T23:50:43.093+0000] {logging_mixin.py:120} INFO - [2025-02-27T23:50:43.093+0000] {dag.py:3340} INFO - Setting next_dagrun for example_branch_datetime_operator to 2025-02-26T00:00:00+00:00, run_after=2025-02-27T00:00:00+00:00
[2025-02-27T23:50:43.095+0000] {logging_mixin.py:120} INFO - [2025-02-27T23:50:43.095+0000] {dag.py:3340} INFO - Setting next_dagrun for example_branch_datetime_operator_2 to 2025-02-26T00:00:00+00:00, run_after=2025-02-27T00:00:00+00:00
[2025-02-27T23:50:43.097+0000] {logging_mixin.py:120} INFO - [2025-02-27T23:50:43.097+0000] {dag.py:3340} INFO - Setting next_dagrun for example_branch_datetime_operator_3 to 2025-02-26T00:00:00+00:00, run_after=2025-02-27T00:00:00+00:00
[2025-02-27T23:50:43.105+0000] {processor.py:176} INFO - Processing /home/airflow/.local/lib/python3.7/site-packages/airflow/example_dags/example_branch_datetime_operator.py took 0.074 seconds
[2025-02-27T23:51:13.895+0000] {processor.py:154} INFO - Started process (PID=561) to work on /home/airflow/.local/lib/python3.7/site-packages/airflow/example_dags/example_branch_datetime_operator.py
[2025-02-27T23:51:13.897+0000] {processor.py:756} INFO - Processing file /home/airflow/.local/lib/python3.7/site-packages/airflow/example_dags/example_branch_datetime_operator.py for tasks to queue
[2025-02-27T23:51:13.898+0000] {logging_mixin.py:120} INFO - [2025-02-27T23:51:13.898+0000] {dagbag.py:537} INFO - Filling up the DagBag from /home/airflow/.local/lib/python3.7/site-packages/airflow/example_dags/example_branch_datetime_operator.py
[2025-02-27T23:51:13.915+0000] {processor.py:766} INFO - DAG(s) dict_keys(['example_branch_datetime_operator_2', 'example_branch_datetime_operator', 'example_branch_datetime_operator_3']) retrieved from /home/airflow/.local/lib/python3.7/site-packages/airflow/example_dags/example_branch_datetime_operator.py
[2025-02-27T23:51:13.944+0000] {logging_mixin.py:120} INFO - [2025-02-27T23:51:13.944+0000] {dag.py:2585} INFO - Sync 3 DAGs
[2025-02-27T23:51:13.961+0000] {logging_mixin.py:120} INFO - [2025-02-27T23:51:13.961+0000] {dag.py:3340} INFO - Setting next_dagrun for example_branch_datetime_operator to 2025-02-26T00:00:00+00:00, run_after=2025-02-27T00:00:00+00:00
[2025-02-27T23:51:13.964+0000] {logging_mixin.py:120} INFO - [2025-02-27T23:51:13.964+0000] {dag.py:3340} INFO - Setting next_dagrun for example_branch_datetime_operator_2 to 2025-02-26T00:00:00+00:00, run_after=2025-02-27T00:00:00+00:00
[2025-02-27T23:51:13.965+0000] {logging_mixin.py:120} INFO - [2025-02-27T23:51:13.965+0000] {dag.py:3340} INFO - Setting next_dagrun for example_branch_datetime_operator_3 to 2025-02-26T00:00:00+00:00, run_after=2025-02-27T00:00:00+00:00
[2025-02-27T23:51:13.977+0000] {processor.py:176} INFO - Processing /home/airflow/.local/lib/python3.7/site-packages/airflow/example_dags/example_branch_datetime_operator.py took 0.085 seconds
[2025-02-27T23:51:44.748+0000] {processor.py:154} INFO - Started process (PID=625) to work on /home/airflow/.local/lib/python3.7/site-packages/airflow/example_dags/example_branch_datetime_operator.py
[2025-02-27T23:51:44.750+0000] {processor.py:756} INFO - Processing file /home/airflow/.local/lib/python3.7/site-packages/airflow/example_dags/example_branch_datetime_operator.py for tasks to queue
[2025-02-27T23:51:44.754+0000] {logging_mixin.py:120} INFO - [2025-02-27T23:51:44.754+0000] {dagbag.py:537} INFO - Filling up the DagBag from /home/airflow/.local/lib/python3.7/site-packages/airflow/example_dags/example_branch_datetime_operator.py
[2025-02-27T23:51:44.771+0000] {processor.py:766} INFO - DAG(s) dict_keys(['example_branch_datetime_operator_2', 'example_branch_datetime_operator_3', 'example_branch_datetime_operator']) retrieved from /home/airflow/.local/lib/python3.7/site-packages/airflow/example_dags/example_branch_datetime_operator.py
[2025-02-27T23:51:44.809+0000] {logging_mixin.py:120} INFO - [2025-02-27T23:51:44.808+0000] {dag.py:2585} INFO - Sync 3 DAGs
[2025-02-27T23:51:44.825+0000] {logging_mixin.py:120} INFO - [2025-02-27T23:51:44.825+0000] {dag.py:3340} INFO - Setting next_dagrun for example_branch_datetime_operator to 2025-02-26T00:00:00+00:00, run_after=2025-02-27T00:00:00+00:00
[2025-02-27T23:51:44.828+0000] {logging_mixin.py:120} INFO - [2025-02-27T23:51:44.828+0000] {dag.py:3340} INFO - Setting next_dagrun for example_branch_datetime_operator_2 to 2025-02-26T00:00:00+00:00, run_after=2025-02-27T00:00:00+00:00
[2025-02-27T23:51:44.829+0000] {logging_mixin.py:120} INFO - [2025-02-27T23:51:44.829+0000] {dag.py:3340} INFO - Setting next_dagrun for example_branch_datetime_operator_3 to 2025-02-26T00:00:00+00:00, run_after=2025-02-27T00:00:00+00:00
[2025-02-27T23:51:44.839+0000] {processor.py:176} INFO - Processing /home/airflow/.local/lib/python3.7/site-packages/airflow/example_dags/example_branch_datetime_operator.py took 0.096 seconds
[2025-02-27T23:52:15.615+0000] {processor.py:154} INFO - Started process (PID=689) to work on /home/airflow/.local/lib/python3.7/site-packages/airflow/example_dags/example_branch_datetime_operator.py
[2025-02-27T23:52:15.616+0000] {processor.py:756} INFO - Processing file /home/airflow/.local/lib/python3.7/site-packages/airflow/example_dags/example_branch_datetime_operator.py for tasks to queue
[2025-02-27T23:52:15.617+0000] {logging_mixin.py:120} INFO - [2025-02-27T23:52:15.617+0000] {dagbag.py:537} INFO - Filling up the DagBag from /home/airflow/.local/lib/python3.7/site-packages/airflow/example_dags/example_branch_datetime_operator.py
[2025-02-27T23:52:15.634+0000] {processor.py:766} INFO - DAG(s) dict_keys(['example_branch_datetime_operator', 'example_branch_datetime_operator_3', 'example_branch_datetime_operator_2']) retrieved from /home/airflow/.local/lib/python3.7/site-packages/airflow/example_dags/example_branch_datetime_operator.py
[2025-02-27T23:52:15.662+0000] {logging_mixin.py:120} INFO - [2025-02-27T23:52:15.662+0000] {dag.py:2585} INFO - Sync 3 DAGs
[2025-02-27T23:52:15.676+0000] {logging_mixin.py:120} INFO - [2025-02-27T23:52:15.675+0000] {dag.py:3340} INFO - Setting next_dagrun for example_branch_datetime_operator to 2025-02-26T00:00:00+00:00, run_after=2025-02-27T00:00:00+00:00
[2025-02-27T23:52:15.678+0000] {logging_mixin.py:120} INFO - [2025-02-27T23:52:15.678+0000] {dag.py:3340} INFO - Setting next_dagrun for example_branch_datetime_operator_2 to 2025-02-26T00:00:00+00:00, run_after=2025-02-27T00:00:00+00:00
[2025-02-27T23:52:15.680+0000] {logging_mixin.py:120} INFO - [2025-02-27T23:52:15.680+0000] {dag.py:3340} INFO - Setting next_dagrun for example_branch_datetime_operator_3 to 2025-02-26T00:00:00+00:00, run_after=2025-02-27T00:00:00+00:00
[2025-02-27T23:52:15.689+0000] {processor.py:176} INFO - Processing /home/airflow/.local/lib/python3.7/site-packages/airflow/example_dags/example_branch_datetime_operator.py took 0.078 seconds
[2025-02-27T23:52:46.446+0000] {processor.py:154} INFO - Started process (PID=752) to work on /home/airflow/.local/lib/python3.7/site-packages/airflow/example_dags/example_branch_datetime_operator.py
[2025-02-27T23:52:46.448+0000] {processor.py:756} INFO - Processing file /home/airflow/.local/lib/python3.7/site-packages/airflow/example_dags/example_branch_datetime_operator.py for tasks to queue
[2025-02-27T23:52:46.449+0000] {logging_mixin.py:120} INFO - [2025-02-27T23:52:46.449+0000] {dagbag.py:537} INFO - Filling up the DagBag from /home/airflow/.local/lib/python3.7/site-packages/airflow/example_dags/example_branch_datetime_operator.py
[2025-02-27T23:52:46.467+0000] {processor.py:766} INFO - DAG(s) dict_keys(['example_branch_datetime_operator_2', 'example_branch_datetime_operator', 'example_branch_datetime_operator_3']) retrieved from /home/airflow/.local/lib/python3.7/site-packages/airflow/example_dags/example_branch_datetime_operator.py
[2025-02-27T23:52:46.498+0000] {logging_mixin.py:120} INFO - [2025-02-27T23:52:46.497+0000] {dag.py:2585} INFO - Sync 3 DAGs
[2025-02-27T23:52:46.511+0000] {logging_mixin.py:120} INFO - [2025-02-27T23:52:46.511+0000] {dag.py:3340} INFO - Setting next_dagrun for example_branch_datetime_operator to 2025-02-26T00:00:00+00:00, run_after=2025-02-27T00:00:00+00:00
[2025-02-27T23:52:46.513+0000] {logging_mixin.py:120} INFO - [2025-02-27T23:52:46.513+0000] {dag.py:3340} INFO - Setting next_dagrun for example_branch_datetime_operator_2 to 2025-02-26T00:00:00+00:00, run_after=2025-02-27T00:00:00+00:00
[2025-02-27T23:52:46.515+0000] {logging_mixin.py:120} INFO - [2025-02-27T23:52:46.515+0000] {dag.py:3340} INFO - Setting next_dagrun for example_branch_datetime_operator_3 to 2025-02-26T00:00:00+00:00, run_after=2025-02-27T00:00:00+00:00
[2025-02-27T23:52:46.523+0000] {processor.py:176} INFO - Processing /home/airflow/.local/lib/python3.7/site-packages/airflow/example_dags/example_branch_datetime_operator.py took 0.081 seconds
[2025-02-27T23:53:17.212+0000] {processor.py:154} INFO - Started process (PID=814) to work on /home/airflow/.local/lib/python3.7/site-packages/airflow/example_dags/example_branch_datetime_operator.py
[2025-02-27T23:53:17.214+0000] {processor.py:756} INFO - Processing file /home/airflow/.local/lib/python3.7/site-packages/airflow/example_dags/example_branch_datetime_operator.py for tasks to queue
[2025-02-27T23:53:17.215+0000] {logging_mixin.py:120} INFO - [2025-02-27T23:53:17.215+0000] {dagbag.py:537} INFO - Filling up the DagBag from /home/airflow/.local/lib/python3.7/site-packages/airflow/example_dags/example_branch_datetime_operator.py
[2025-02-27T23:53:17.231+0000] {processor.py:766} INFO - DAG(s) dict_keys(['example_branch_datetime_operator_2', 'example_branch_datetime_operator_3', 'example_branch_datetime_operator']) retrieved from /home/airflow/.local/lib/python3.7/site-packages/airflow/example_dags/example_branch_datetime_operator.py
[2025-02-27T23:53:17.261+0000] {logging_mixin.py:120} INFO - [2025-02-27T23:53:17.261+0000] {dag.py:2585} INFO - Sync 3 DAGs
[2025-02-27T23:53:17.274+0000] {logging_mixin.py:120} INFO - [2025-02-27T23:53:17.274+0000] {dag.py:3340} INFO - Setting next_dagrun for example_branch_datetime_operator to 2025-02-26T00:00:00+00:00, run_after=2025-02-27T00:00:00+00:00
[2025-02-27T23:53:17.277+0000] {logging_mixin.py:120} INFO - [2025-02-27T23:53:17.277+0000] {dag.py:3340} INFO - Setting next_dagrun for example_branch_datetime_operator_2 to 2025-02-26T00:00:00+00:00, run_after=2025-02-27T00:00:00+00:00
[2025-02-27T23:53:17.279+0000] {logging_mixin.py:120} INFO - [2025-02-27T23:53:17.279+0000] {dag.py:3340} INFO - Setting next_dagrun for example_branch_datetime_operator_3 to 2025-02-26T00:00:00+00:00, run_after=2025-02-27T00:00:00+00:00
[2025-02-27T23:53:17.287+0000] {processor.py:176} INFO - Processing /home/airflow/.local/lib/python3.7/site-packages/airflow/example_dags/example_branch_datetime_operator.py took 0.080 seconds
[2025-02-27T23:53:48.137+0000] {processor.py:154} INFO - Started process (PID=878) to work on /home/airflow/.local/lib/python3.7/site-packages/airflow/example_dags/example_branch_datetime_operator.py
[2025-02-27T23:53:48.138+0000] {processor.py:756} INFO - Processing file /home/airflow/.local/lib/python3.7/site-packages/airflow/example_dags/example_branch_datetime_operator.py for tasks to queue
[2025-02-27T23:53:48.139+0000] {logging_mixin.py:120} INFO - [2025-02-27T23:53:48.138+0000] {dagbag.py:537} INFO - Filling up the DagBag from /home/airflow/.local/lib/python3.7/site-packages/airflow/example_dags/example_branch_datetime_operator.py
[2025-02-27T23:53:48.147+0000] {processor.py:766} INFO - DAG(s) dict_keys(['example_branch_datetime_operator', 'example_branch_datetime_operator_3', 'example_branch_datetime_operator_2']) retrieved from /home/airflow/.local/lib/python3.7/site-packages/airflow/example_dags/example_branch_datetime_operator.py
[2025-02-27T23:53:48.170+0000] {logging_mixin.py:120} INFO - [2025-02-27T23:53:48.170+0000] {dag.py:2585} INFO - Sync 3 DAGs
[2025-02-27T23:53:48.183+0000] {logging_mixin.py:120} INFO - [2025-02-27T23:53:48.183+0000] {dag.py:3340} INFO - Setting next_dagrun for example_branch_datetime_operator to 2025-02-26T00:00:00+00:00, run_after=2025-02-27T00:00:00+00:00
[2025-02-27T23:53:48.185+0000] {logging_mixin.py:120} INFO - [2025-02-27T23:53:48.185+0000] {dag.py:3340} INFO - Setting next_dagrun for example_branch_datetime_operator_2 to 2025-02-26T00:00:00+00:00, run_after=2025-02-27T00:00:00+00:00
[2025-02-27T23:53:48.186+0000] {logging_mixin.py:120} INFO - [2025-02-27T23:53:48.186+0000] {dag.py:3340} INFO - Setting next_dagrun for example_branch_datetime_operator_3 to 2025-02-26T00:00:00+00:00, run_after=2025-02-27T00:00:00+00:00
[2025-02-27T23:53:48.194+0000] {processor.py:176} INFO - Processing /home/airflow/.local/lib/python3.7/site-packages/airflow/example_dags/example_branch_datetime_operator.py took 0.058 seconds
[2025-02-27T23:54:19.121+0000] {processor.py:154} INFO - Started process (PID=941) to work on /home/airflow/.local/lib/python3.7/site-packages/airflow/example_dags/example_branch_datetime_operator.py
[2025-02-27T23:54:19.122+0000] {processor.py:756} INFO - Processing file /home/airflow/.local/lib/python3.7/site-packages/airflow/example_dags/example_branch_datetime_operator.py for tasks to queue
[2025-02-27T23:54:19.123+0000] {logging_mixin.py:120} INFO - [2025-02-27T23:54:19.123+0000] {dagbag.py:537} INFO - Filling up the DagBag from /home/airflow/.local/lib/python3.7/site-packages/airflow/example_dags/example_branch_datetime_operator.py
[2025-02-27T23:54:19.135+0000] {processor.py:766} INFO - DAG(s) dict_keys(['example_branch_datetime_operator', 'example_branch_datetime_operator_2', 'example_branch_datetime_operator_3']) retrieved from /home/airflow/.local/lib/python3.7/site-packages/airflow/example_dags/example_branch_datetime_operator.py
[2025-02-27T23:54:19.160+0000] {logging_mixin.py:120} INFO - [2025-02-27T23:54:19.160+0000] {dag.py:2585} INFO - Sync 3 DAGs
[2025-02-27T23:54:19.174+0000] {logging_mixin.py:120} INFO - [2025-02-27T23:54:19.174+0000] {dag.py:3340} INFO - Setting next_dagrun for example_branch_datetime_operator to 2025-02-26T00:00:00+00:00, run_after=2025-02-27T00:00:00+00:00
[2025-02-27T23:54:19.176+0000] {logging_mixin.py:120} INFO - [2025-02-27T23:54:19.176+0000] {dag.py:3340} INFO - Setting next_dagrun for example_branch_datetime_operator_2 to 2025-02-26T00:00:00+00:00, run_after=2025-02-27T00:00:00+00:00
[2025-02-27T23:54:19.177+0000] {logging_mixin.py:120} INFO - [2025-02-27T23:54:19.177+0000] {dag.py:3340} INFO - Setting next_dagrun for example_branch_datetime_operator_3 to 2025-02-26T00:00:00+00:00, run_after=2025-02-27T00:00:00+00:00
[2025-02-27T23:54:19.187+0000] {processor.py:176} INFO - Processing /home/airflow/.local/lib/python3.7/site-packages/airflow/example_dags/example_branch_datetime_operator.py took 0.069 seconds
[2025-02-27T23:54:49.900+0000] {processor.py:154} INFO - Started process (PID=996) to work on /home/airflow/.local/lib/python3.7/site-packages/airflow/example_dags/example_branch_datetime_operator.py
[2025-02-27T23:54:49.903+0000] {processor.py:756} INFO - Processing file /home/airflow/.local/lib/python3.7/site-packages/airflow/example_dags/example_branch_datetime_operator.py for tasks to queue
[2025-02-27T23:54:49.905+0000] {logging_mixin.py:120} INFO - [2025-02-27T23:54:49.905+0000] {dagbag.py:537} INFO - Filling up the DagBag from /home/airflow/.local/lib/python3.7/site-packages/airflow/example_dags/example_branch_datetime_operator.py
[2025-02-27T23:54:49.925+0000] {processor.py:766} INFO - DAG(s) dict_keys(['example_branch_datetime_operator_3', 'example_branch_datetime_operator_2', 'example_branch_datetime_operator']) retrieved from /home/airflow/.local/lib/python3.7/site-packages/airflow/example_dags/example_branch_datetime_operator.py
[2025-02-27T23:54:49.955+0000] {logging_mixin.py:120} INFO - [2025-02-27T23:54:49.955+0000] {dag.py:2585} INFO - Sync 3 DAGs
[2025-02-27T23:54:49.970+0000] {logging_mixin.py:120} INFO - [2025-02-27T23:54:49.970+0000] {dag.py:3340} INFO - Setting next_dagrun for example_branch_datetime_operator to 2025-02-26T00:00:00+00:00, run_after=2025-02-27T00:00:00+00:00
[2025-02-27T23:54:49.973+0000] {logging_mixin.py:120} INFO - [2025-02-27T23:54:49.972+0000] {dag.py:3340} INFO - Setting next_dagrun for example_branch_datetime_operator_2 to 2025-02-26T00:00:00+00:00, run_after=2025-02-27T00:00:00+00:00
[2025-02-27T23:54:49.974+0000] {logging_mixin.py:120} INFO - [2025-02-27T23:54:49.974+0000] {dag.py:3340} INFO - Setting next_dagrun for example_branch_datetime_operator_3 to 2025-02-26T00:00:00+00:00, run_after=2025-02-27T00:00:00+00:00
[2025-02-27T23:54:49.983+0000] {processor.py:176} INFO - Processing /home/airflow/.local/lib/python3.7/site-packages/airflow/example_dags/example_branch_datetime_operator.py took 0.089 seconds
[2025-02-27T23:55:20.701+0000] {processor.py:154} INFO - Started process (PID=1060) to work on /home/airflow/.local/lib/python3.7/site-packages/airflow/example_dags/example_branch_datetime_operator.py
[2025-02-27T23:55:20.703+0000] {processor.py:756} INFO - Processing file /home/airflow/.local/lib/python3.7/site-packages/airflow/example_dags/example_branch_datetime_operator.py for tasks to queue
[2025-02-27T23:55:20.704+0000] {logging_mixin.py:120} INFO - [2025-02-27T23:55:20.704+0000] {dagbag.py:537} INFO - Filling up the DagBag from /home/airflow/.local/lib/python3.7/site-packages/airflow/example_dags/example_branch_datetime_operator.py
[2025-02-27T23:55:20.719+0000] {processor.py:766} INFO - DAG(s) dict_keys(['example_branch_datetime_operator', 'example_branch_datetime_operator_2', 'example_branch_datetime_operator_3']) retrieved from /home/airflow/.local/lib/python3.7/site-packages/airflow/example_dags/example_branch_datetime_operator.py
[2025-02-27T23:55:20.746+0000] {logging_mixin.py:120} INFO - [2025-02-27T23:55:20.745+0000] {dag.py:2585} INFO - Sync 3 DAGs
[2025-02-27T23:55:20.762+0000] {logging_mixin.py:120} INFO - [2025-02-27T23:55:20.762+0000] {dag.py:3340} INFO - Setting next_dagrun for example_branch_datetime_operator to 2025-02-26T00:00:00+00:00, run_after=2025-02-27T00:00:00+00:00
[2025-02-27T23:55:20.764+0000] {logging_mixin.py:120} INFO - [2025-02-27T23:55:20.764+0000] {dag.py:3340} INFO - Setting next_dagrun for example_branch_datetime_operator_2 to 2025-02-26T00:00:00+00:00, run_after=2025-02-27T00:00:00+00:00
[2025-02-27T23:55:20.765+0000] {logging_mixin.py:120} INFO - [2025-02-27T23:55:20.765+0000] {dag.py:3340} INFO - Setting next_dagrun for example_branch_datetime_operator_3 to 2025-02-26T00:00:00+00:00, run_after=2025-02-27T00:00:00+00:00
[2025-02-27T23:55:20.775+0000] {processor.py:176} INFO - Processing /home/airflow/.local/lib/python3.7/site-packages/airflow/example_dags/example_branch_datetime_operator.py took 0.077 seconds
[2025-02-27T23:55:51.461+0000] {processor.py:154} INFO - Started process (PID=1124) to work on /home/airflow/.local/lib/python3.7/site-packages/airflow/example_dags/example_branch_datetime_operator.py
[2025-02-27T23:55:51.462+0000] {processor.py:756} INFO - Processing file /home/airflow/.local/lib/python3.7/site-packages/airflow/example_dags/example_branch_datetime_operator.py for tasks to queue
[2025-02-27T23:55:51.462+0000] {logging_mixin.py:120} INFO - [2025-02-27T23:55:51.462+0000] {dagbag.py:537} INFO - Filling up the DagBag from /home/airflow/.local/lib/python3.7/site-packages/airflow/example_dags/example_branch_datetime_operator.py
[2025-02-27T23:55:51.473+0000] {processor.py:766} INFO - DAG(s) dict_keys(['example_branch_datetime_operator_3', 'example_branch_datetime_operator', 'example_branch_datetime_operator_2']) retrieved from /home/airflow/.local/lib/python3.7/site-packages/airflow/example_dags/example_branch_datetime_operator.py
[2025-02-27T23:55:51.497+0000] {logging_mixin.py:120} INFO - [2025-02-27T23:55:51.496+0000] {dag.py:2585} INFO - Sync 3 DAGs
[2025-02-27T23:55:51.511+0000] {logging_mixin.py:120} INFO - [2025-02-27T23:55:51.511+0000] {dag.py:3340} INFO - Setting next_dagrun for example_branch_datetime_operator to 2025-02-26T00:00:00+00:00, run_after=2025-02-27T00:00:00+00:00
[2025-02-27T23:55:51.513+0000] {logging_mixin.py:120} INFO - [2025-02-27T23:55:51.513+0000] {dag.py:3340} INFO - Setting next_dagrun for example_branch_datetime_operator_2 to 2025-02-26T00:00:00+00:00, run_after=2025-02-27T00:00:00+00:00
[2025-02-27T23:55:51.515+0000] {logging_mixin.py:120} INFO - [2025-02-27T23:55:51.515+0000] {dag.py:3340} INFO - Setting next_dagrun for example_branch_datetime_operator_3 to 2025-02-26T00:00:00+00:00, run_after=2025-02-27T00:00:00+00:00
[2025-02-27T23:55:51.523+0000] {processor.py:176} INFO - Processing /home/airflow/.local/lib/python3.7/site-packages/airflow/example_dags/example_branch_datetime_operator.py took 0.064 seconds
[2025-02-27T23:56:22.195+0000] {processor.py:154} INFO - Started process (PID=1188) to work on /home/airflow/.local/lib/python3.7/site-packages/airflow/example_dags/example_branch_datetime_operator.py
[2025-02-27T23:56:22.197+0000] {processor.py:756} INFO - Processing file /home/airflow/.local/lib/python3.7/site-packages/airflow/example_dags/example_branch_datetime_operator.py for tasks to queue
[2025-02-27T23:56:22.197+0000] {logging_mixin.py:120} INFO - [2025-02-27T23:56:22.197+0000] {dagbag.py:537} INFO - Filling up the DagBag from /home/airflow/.local/lib/python3.7/site-packages/airflow/example_dags/example_branch_datetime_operator.py
[2025-02-27T23:56:22.216+0000] {processor.py:766} INFO - DAG(s) dict_keys(['example_branch_datetime_operator_3', 'example_branch_datetime_operator', 'example_branch_datetime_operator_2']) retrieved from /home/airflow/.local/lib/python3.7/site-packages/airflow/example_dags/example_branch_datetime_operator.py
[2025-02-27T23:56:22.248+0000] {logging_mixin.py:120} INFO - [2025-02-27T23:56:22.248+0000] {dag.py:2585} INFO - Sync 3 DAGs
[2025-02-27T23:56:22.263+0000] {logging_mixin.py:120} INFO - [2025-02-27T23:56:22.263+0000] {dag.py:3340} INFO - Setting next_dagrun for example_branch_datetime_operator to 2025-02-26T00:00:00+00:00, run_after=2025-02-27T00:00:00+00:00
[2025-02-27T23:56:22.266+0000] {logging_mixin.py:120} INFO - [2025-02-27T23:56:22.266+0000] {dag.py:3340} INFO - Setting next_dagrun for example_branch_datetime_operator_2 to 2025-02-26T00:00:00+00:00, run_after=2025-02-27T00:00:00+00:00
[2025-02-27T23:56:22.267+0000] {logging_mixin.py:120} INFO - [2025-02-27T23:56:22.267+0000] {dag.py:3340} INFO - Setting next_dagrun for example_branch_datetime_operator_3 to 2025-02-26T00:00:00+00:00, run_after=2025-02-27T00:00:00+00:00
[2025-02-27T23:56:22.277+0000] {processor.py:176} INFO - Processing /home/airflow/.local/lib/python3.7/site-packages/airflow/example_dags/example_branch_datetime_operator.py took 0.084 seconds
[2025-02-27T23:56:53.030+0000] {processor.py:154} INFO - Started process (PID=1252) to work on /home/airflow/.local/lib/python3.7/site-packages/airflow/example_dags/example_branch_datetime_operator.py
[2025-02-27T23:56:53.031+0000] {processor.py:756} INFO - Processing file /home/airflow/.local/lib/python3.7/site-packages/airflow/example_dags/example_branch_datetime_operator.py for tasks to queue
[2025-02-27T23:56:53.032+0000] {logging_mixin.py:120} INFO - [2025-02-27T23:56:53.032+0000] {dagbag.py:537} INFO - Filling up the DagBag from /home/airflow/.local/lib/python3.7/site-packages/airflow/example_dags/example_branch_datetime_operator.py
[2025-02-27T23:56:53.049+0000] {processor.py:766} INFO - DAG(s) dict_keys(['example_branch_datetime_operator_3', 'example_branch_datetime_operator_2', 'example_branch_datetime_operator']) retrieved from /home/airflow/.local/lib/python3.7/site-packages/airflow/example_dags/example_branch_datetime_operator.py
[2025-02-27T23:56:53.079+0000] {logging_mixin.py:120} INFO - [2025-02-27T23:56:53.079+0000] {dag.py:2585} INFO - Sync 3 DAGs
[2025-02-27T23:56:53.093+0000] {logging_mixin.py:120} INFO - [2025-02-27T23:56:53.093+0000] {dag.py:3340} INFO - Setting next_dagrun for example_branch_datetime_operator to 2025-02-26T00:00:00+00:00, run_after=2025-02-27T00:00:00+00:00
[2025-02-27T23:56:53.095+0000] {logging_mixin.py:120} INFO - [2025-02-27T23:56:53.095+0000] {dag.py:3340} INFO - Setting next_dagrun for example_branch_datetime_operator_2 to 2025-02-26T00:00:00+00:00, run_after=2025-02-27T00:00:00+00:00
[2025-02-27T23:56:53.096+0000] {logging_mixin.py:120} INFO - [2025-02-27T23:56:53.096+0000] {dag.py:3340} INFO - Setting next_dagrun for example_branch_datetime_operator_3 to 2025-02-26T00:00:00+00:00, run_after=2025-02-27T00:00:00+00:00
[2025-02-27T23:56:53.105+0000] {processor.py:176} INFO - Processing /home/airflow/.local/lib/python3.7/site-packages/airflow/example_dags/example_branch_datetime_operator.py took 0.078 seconds
[2025-02-27T23:57:23.952+0000] {processor.py:154} INFO - Started process (PID=1316) to work on /home/airflow/.local/lib/python3.7/site-packages/airflow/example_dags/example_branch_datetime_operator.py
[2025-02-27T23:57:23.953+0000] {processor.py:756} INFO - Processing file /home/airflow/.local/lib/python3.7/site-packages/airflow/example_dags/example_branch_datetime_operator.py for tasks to queue
[2025-02-27T23:57:23.954+0000] {logging_mixin.py:120} INFO - [2025-02-27T23:57:23.954+0000] {dagbag.py:537} INFO - Filling up the DagBag from /home/airflow/.local/lib/python3.7/site-packages/airflow/example_dags/example_branch_datetime_operator.py
[2025-02-27T23:57:23.962+0000] {processor.py:766} INFO - DAG(s) dict_keys(['example_branch_datetime_operator_2', 'example_branch_datetime_operator', 'example_branch_datetime_operator_3']) retrieved from /home/airflow/.local/lib/python3.7/site-packages/airflow/example_dags/example_branch_datetime_operator.py
[2025-02-27T23:57:23.990+0000] {logging_mixin.py:120} INFO - [2025-02-27T23:57:23.990+0000] {dag.py:2585} INFO - Sync 3 DAGs
[2025-02-27T23:57:24.014+0000] {logging_mixin.py:120} INFO - [2025-02-27T23:57:24.014+0000] {dag.py:3340} INFO - Setting next_dagrun for example_branch_datetime_operator to 2025-02-26T00:00:00+00:00, run_after=2025-02-27T00:00:00+00:00
[2025-02-27T23:57:24.017+0000] {logging_mixin.py:120} INFO - [2025-02-27T23:57:24.017+0000] {dag.py:3340} INFO - Setting next_dagrun for example_branch_datetime_operator_2 to 2025-02-26T00:00:00+00:00, run_after=2025-02-27T00:00:00+00:00
[2025-02-27T23:57:24.018+0000] {logging_mixin.py:120} INFO - [2025-02-27T23:57:24.018+0000] {dag.py:3340} INFO - Setting next_dagrun for example_branch_datetime_operator_3 to 2025-02-26T00:00:00+00:00, run_after=2025-02-27T00:00:00+00:00
[2025-02-27T23:57:24.033+0000] {processor.py:176} INFO - Processing /home/airflow/.local/lib/python3.7/site-packages/airflow/example_dags/example_branch_datetime_operator.py took 0.083 seconds
[2025-02-27T23:57:54.829+0000] {processor.py:154} INFO - Started process (PID=1379) to work on /home/airflow/.local/lib/python3.7/site-packages/airflow/example_dags/example_branch_datetime_operator.py
[2025-02-27T23:57:54.830+0000] {processor.py:756} INFO - Processing file /home/airflow/.local/lib/python3.7/site-packages/airflow/example_dags/example_branch_datetime_operator.py for tasks to queue
[2025-02-27T23:57:54.830+0000] {logging_mixin.py:120} INFO - [2025-02-27T23:57:54.830+0000] {dagbag.py:537} INFO - Filling up the DagBag from /home/airflow/.local/lib/python3.7/site-packages/airflow/example_dags/example_branch_datetime_operator.py
[2025-02-27T23:57:54.840+0000] {processor.py:766} INFO - DAG(s) dict_keys(['example_branch_datetime_operator_3', 'example_branch_datetime_operator', 'example_branch_datetime_operator_2']) retrieved from /home/airflow/.local/lib/python3.7/site-packages/airflow/example_dags/example_branch_datetime_operator.py
[2025-02-27T23:57:54.867+0000] {logging_mixin.py:120} INFO - [2025-02-27T23:57:54.867+0000] {dag.py:2585} INFO - Sync 3 DAGs
[2025-02-27T23:57:54.882+0000] {logging_mixin.py:120} INFO - [2025-02-27T23:57:54.882+0000] {dag.py:3340} INFO - Setting next_dagrun for example_branch_datetime_operator to 2025-02-26T00:00:00+00:00, run_after=2025-02-27T00:00:00+00:00
[2025-02-27T23:57:54.885+0000] {logging_mixin.py:120} INFO - [2025-02-27T23:57:54.885+0000] {dag.py:3340} INFO - Setting next_dagrun for example_branch_datetime_operator_2 to 2025-02-26T00:00:00+00:00, run_after=2025-02-27T00:00:00+00:00
[2025-02-27T23:57:54.886+0000] {logging_mixin.py:120} INFO - [2025-02-27T23:57:54.886+0000] {dag.py:3340} INFO - Setting next_dagrun for example_branch_datetime_operator_3 to 2025-02-26T00:00:00+00:00, run_after=2025-02-27T00:00:00+00:00
[2025-02-27T23:57:54.894+0000] {processor.py:176} INFO - Processing /home/airflow/.local/lib/python3.7/site-packages/airflow/example_dags/example_branch_datetime_operator.py took 0.067 seconds
[2025-02-27T23:58:25.660+0000] {processor.py:154} INFO - Started process (PID=1442) to work on /home/airflow/.local/lib/python3.7/site-packages/airflow/example_dags/example_branch_datetime_operator.py
[2025-02-27T23:58:25.661+0000] {processor.py:756} INFO - Processing file /home/airflow/.local/lib/python3.7/site-packages/airflow/example_dags/example_branch_datetime_operator.py for tasks to queue
[2025-02-27T23:58:25.662+0000] {logging_mixin.py:120} INFO - [2025-02-27T23:58:25.661+0000] {dagbag.py:537} INFO - Filling up the DagBag from /home/airflow/.local/lib/python3.7/site-packages/airflow/example_dags/example_branch_datetime_operator.py
[2025-02-27T23:58:25.675+0000] {processor.py:766} INFO - DAG(s) dict_keys(['example_branch_datetime_operator_2', 'example_branch_datetime_operator_3', 'example_branch_datetime_operator']) retrieved from /home/airflow/.local/lib/python3.7/site-packages/airflow/example_dags/example_branch_datetime_operator.py
[2025-02-27T23:58:25.702+0000] {logging_mixin.py:120} INFO - [2025-02-27T23:58:25.701+0000] {dag.py:2585} INFO - Sync 3 DAGs
[2025-02-27T23:58:25.716+0000] {logging_mixin.py:120} INFO - [2025-02-27T23:58:25.716+0000] {dag.py:3340} INFO - Setting next_dagrun for example_branch_datetime_operator to 2025-02-26T00:00:00+00:00, run_after=2025-02-27T00:00:00+00:00
[2025-02-27T23:58:25.718+0000] {logging_mixin.py:120} INFO - [2025-02-27T23:58:25.718+0000] {dag.py:3340} INFO - Setting next_dagrun for example_branch_datetime_operator_2 to 2025-02-26T00:00:00+00:00, run_after=2025-02-27T00:00:00+00:00
[2025-02-27T23:58:25.720+0000] {logging_mixin.py:120} INFO - [2025-02-27T23:58:25.720+0000] {dag.py:3340} INFO - Setting next_dagrun for example_branch_datetime_operator_3 to 2025-02-26T00:00:00+00:00, run_after=2025-02-27T00:00:00+00:00
[2025-02-27T23:58:25.729+0000] {processor.py:176} INFO - Processing /home/airflow/.local/lib/python3.7/site-packages/airflow/example_dags/example_branch_datetime_operator.py took 0.071 seconds
[2025-02-27T23:58:56.369+0000] {processor.py:154} INFO - Started process (PID=1506) to work on /home/airflow/.local/lib/python3.7/site-packages/airflow/example_dags/example_branch_datetime_operator.py
[2025-02-27T23:58:56.370+0000] {processor.py:756} INFO - Processing file /home/airflow/.local/lib/python3.7/site-packages/airflow/example_dags/example_branch_datetime_operator.py for tasks to queue
[2025-02-27T23:58:56.371+0000] {logging_mixin.py:120} INFO - [2025-02-27T23:58:56.370+0000] {dagbag.py:537} INFO - Filling up the DagBag from /home/airflow/.local/lib/python3.7/site-packages/airflow/example_dags/example_branch_datetime_operator.py
[2025-02-27T23:58:56.381+0000] {processor.py:766} INFO - DAG(s) dict_keys(['example_branch_datetime_operator_2', 'example_branch_datetime_operator_3', 'example_branch_datetime_operator']) retrieved from /home/airflow/.local/lib/python3.7/site-packages/airflow/example_dags/example_branch_datetime_operator.py
[2025-02-27T23:58:56.404+0000] {logging_mixin.py:120} INFO - [2025-02-27T23:58:56.404+0000] {dag.py:2585} INFO - Sync 3 DAGs
[2025-02-27T23:58:56.417+0000] {logging_mixin.py:120} INFO - [2025-02-27T23:58:56.417+0000] {dag.py:3340} INFO - Setting next_dagrun for example_branch_datetime_operator to 2025-02-26T00:00:00+00:00, run_after=2025-02-27T00:00:00+00:00
[2025-02-27T23:58:56.420+0000] {logging_mixin.py:120} INFO - [2025-02-27T23:58:56.420+0000] {dag.py:3340} INFO - Setting next_dagrun for example_branch_datetime_operator_2 to 2025-02-26T00:00:00+00:00, run_after=2025-02-27T00:00:00+00:00
[2025-02-27T23:58:56.421+0000] {logging_mixin.py:120} INFO - [2025-02-27T23:58:56.421+0000] {dag.py:3340} INFO - Setting next_dagrun for example_branch_datetime_operator_3 to 2025-02-26T00:00:00+00:00, run_after=2025-02-27T00:00:00+00:00
[2025-02-27T23:58:56.430+0000] {processor.py:176} INFO - Processing /home/airflow/.local/lib/python3.7/site-packages/airflow/example_dags/example_branch_datetime_operator.py took 0.064 seconds
[2025-02-27T23:59:27.132+0000] {processor.py:154} INFO - Started process (PID=1561) to work on /home/airflow/.local/lib/python3.7/site-packages/airflow/example_dags/example_branch_datetime_operator.py
[2025-02-27T23:59:27.134+0000] {processor.py:756} INFO - Processing file /home/airflow/.local/lib/python3.7/site-packages/airflow/example_dags/example_branch_datetime_operator.py for tasks to queue
[2025-02-27T23:59:27.135+0000] {logging_mixin.py:120} INFO - [2025-02-27T23:59:27.135+0000] {dagbag.py:537} INFO - Filling up the DagBag from /home/airflow/.local/lib/python3.7/site-packages/airflow/example_dags/example_branch_datetime_operator.py
[2025-02-27T23:59:27.145+0000] {processor.py:766} INFO - DAG(s) dict_keys(['example_branch_datetime_operator_3', 'example_branch_datetime_operator', 'example_branch_datetime_operator_2']) retrieved from /home/airflow/.local/lib/python3.7/site-packages/airflow/example_dags/example_branch_datetime_operator.py
[2025-02-27T23:59:27.171+0000] {logging_mixin.py:120} INFO - [2025-02-27T23:59:27.171+0000] {dag.py:2585} INFO - Sync 3 DAGs
[2025-02-27T23:59:27.184+0000] {logging_mixin.py:120} INFO - [2025-02-27T23:59:27.184+0000] {dag.py:3340} INFO - Setting next_dagrun for example_branch_datetime_operator to 2025-02-26T00:00:00+00:00, run_after=2025-02-27T00:00:00+00:00
[2025-02-27T23:59:27.186+0000] {logging_mixin.py:120} INFO - [2025-02-27T23:59:27.186+0000] {dag.py:3340} INFO - Setting next_dagrun for example_branch_datetime_operator_2 to 2025-02-26T00:00:00+00:00, run_after=2025-02-27T00:00:00+00:00
[2025-02-27T23:59:27.188+0000] {logging_mixin.py:120} INFO - [2025-02-27T23:59:27.188+0000] {dag.py:3340} INFO - Setting next_dagrun for example_branch_datetime_operator_3 to 2025-02-26T00:00:00+00:00, run_after=2025-02-27T00:00:00+00:00
[2025-02-27T23:59:27.196+0000] {processor.py:176} INFO - Processing /home/airflow/.local/lib/python3.7/site-packages/airflow/example_dags/example_branch_datetime_operator.py took 0.067 seconds
[2025-02-27T23:59:57.939+0000] {processor.py:154} INFO - Started process (PID=1625) to work on /home/airflow/.local/lib/python3.7/site-packages/airflow/example_dags/example_branch_datetime_operator.py
[2025-02-27T23:59:57.940+0000] {processor.py:756} INFO - Processing file /home/airflow/.local/lib/python3.7/site-packages/airflow/example_dags/example_branch_datetime_operator.py for tasks to queue
[2025-02-27T23:59:57.941+0000] {logging_mixin.py:120} INFO - [2025-02-27T23:59:57.941+0000] {dagbag.py:537} INFO - Filling up the DagBag from /home/airflow/.local/lib/python3.7/site-packages/airflow/example_dags/example_branch_datetime_operator.py
[2025-02-27T23:59:57.955+0000] {processor.py:766} INFO - DAG(s) dict_keys(['example_branch_datetime_operator_2', 'example_branch_datetime_operator_3', 'example_branch_datetime_operator']) retrieved from /home/airflow/.local/lib/python3.7/site-packages/airflow/example_dags/example_branch_datetime_operator.py
[2025-02-27T23:59:57.984+0000] {logging_mixin.py:120} INFO - [2025-02-27T23:59:57.983+0000] {dag.py:2585} INFO - Sync 3 DAGs
[2025-02-27T23:59:57.999+0000] {logging_mixin.py:120} INFO - [2025-02-27T23:59:57.999+0000] {dag.py:3340} INFO - Setting next_dagrun for example_branch_datetime_operator to 2025-02-26T00:00:00+00:00, run_after=2025-02-27T00:00:00+00:00
[2025-02-27T23:59:58.002+0000] {logging_mixin.py:120} INFO - [2025-02-27T23:59:58.002+0000] {dag.py:3340} INFO - Setting next_dagrun for example_branch_datetime_operator_2 to 2025-02-26T00:00:00+00:00, run_after=2025-02-27T00:00:00+00:00
[2025-02-27T23:59:58.003+0000] {logging_mixin.py:120} INFO - [2025-02-27T23:59:58.003+0000] {dag.py:3340} INFO - Setting next_dagrun for example_branch_datetime_operator_3 to 2025-02-26T00:00:00+00:00, run_after=2025-02-27T00:00:00+00:00
[2025-02-27T23:59:58.012+0000] {processor.py:176} INFO - Processing /home/airflow/.local/lib/python3.7/site-packages/airflow/example_dags/example_branch_datetime_operator.py took 0.075 seconds
