[2025-02-27T23:47:08.353+0000] {processor.py:154} INFO - Started process (PID=69) to work on /home/airflow/.local/lib/python3.7/site-packages/airflow/example_dags/example_skip_dag.py
[2025-02-27T23:47:08.354+0000] {processor.py:756} INFO - Processing file /home/airflow/.local/lib/python3.7/site-packages/airflow/example_dags/example_skip_dag.py for tasks to queue
[2025-02-27T23:47:08.355+0000] {logging_mixin.py:120} INFO - [2025-02-27T23:47:08.355+0000] {dagbag.py:537} INFO - Filling up the DagBag from /home/airflow/.local/lib/python3.7/site-packages/airflow/example_dags/example_skip_dag.py
[2025-02-27T23:47:08.369+0000] {processor.py:766} INFO - DAG(s) dict_keys(['example_skip_dag']) retrieved from /home/airflow/.local/lib/python3.7/site-packages/airflow/example_dags/example_skip_dag.py
[2025-02-27T23:47:08.404+0000] {logging_mixin.py:120} INFO - [2025-02-27T23:47:08.404+0000] {dag.py:2585} INFO - Sync 1 DAGs
[2025-02-27T23:47:08.424+0000] {logging_mixin.py:120} INFO - [2025-02-27T23:47:08.423+0000] {dag.py:3340} INFO - Setting next_dagrun for example_skip_dag to 2025-02-26T23:47:08.423813+00:00, run_after=2025-02-27T23:47:08.423813+00:00
[2025-02-27T23:47:08.442+0000] {processor.py:176} INFO - Processing /home/airflow/.local/lib/python3.7/site-packages/airflow/example_dags/example_skip_dag.py took 0.092 seconds
[2025-02-27T23:47:38.622+0000] {processor.py:154} INFO - Started process (PID=133) to work on /home/airflow/.local/lib/python3.7/site-packages/airflow/example_dags/example_skip_dag.py
[2025-02-27T23:47:38.623+0000] {processor.py:756} INFO - Processing file /home/airflow/.local/lib/python3.7/site-packages/airflow/example_dags/example_skip_dag.py for tasks to queue
[2025-02-27T23:47:38.624+0000] {logging_mixin.py:120} INFO - [2025-02-27T23:47:38.624+0000] {dagbag.py:537} INFO - Filling up the DagBag from /home/airflow/.local/lib/python3.7/site-packages/airflow/example_dags/example_skip_dag.py
[2025-02-27T23:47:38.634+0000] {processor.py:766} INFO - DAG(s) dict_keys(['example_skip_dag']) retrieved from /home/airflow/.local/lib/python3.7/site-packages/airflow/example_dags/example_skip_dag.py
[2025-02-27T23:47:38.655+0000] {logging_mixin.py:120} INFO - [2025-02-27T23:47:38.655+0000] {dag.py:2585} INFO - Sync 1 DAGs
[2025-02-27T23:47:38.668+0000] {logging_mixin.py:120} INFO - [2025-02-27T23:47:38.668+0000] {dag.py:3340} INFO - Setting next_dagrun for example_skip_dag to 2025-02-26T23:47:38.668304+00:00, run_after=2025-02-27T23:47:38.668304+00:00
[2025-02-27T23:47:38.678+0000] {processor.py:176} INFO - Processing /home/airflow/.local/lib/python3.7/site-packages/airflow/example_dags/example_skip_dag.py took 0.058 seconds
[2025-02-27T23:48:09.132+0000] {processor.py:154} INFO - Started process (PID=198) to work on /home/airflow/.local/lib/python3.7/site-packages/airflow/example_dags/example_skip_dag.py
[2025-02-27T23:48:09.132+0000] {processor.py:756} INFO - Processing file /home/airflow/.local/lib/python3.7/site-packages/airflow/example_dags/example_skip_dag.py for tasks to queue
[2025-02-27T23:48:09.133+0000] {logging_mixin.py:120} INFO - [2025-02-27T23:48:09.133+0000] {dagbag.py:537} INFO - Filling up the DagBag from /home/airflow/.local/lib/python3.7/site-packages/airflow/example_dags/example_skip_dag.py
[2025-02-27T23:48:09.140+0000] {processor.py:766} INFO - DAG(s) dict_keys(['example_skip_dag']) retrieved from /home/airflow/.local/lib/python3.7/site-packages/airflow/example_dags/example_skip_dag.py
[2025-02-27T23:48:09.153+0000] {logging_mixin.py:120} INFO - [2025-02-27T23:48:09.153+0000] {dag.py:2585} INFO - Sync 1 DAGs
[2025-02-27T23:48:09.167+0000] {logging_mixin.py:120} INFO - [2025-02-27T23:48:09.167+0000] {dag.py:3340} INFO - Setting next_dagrun for example_skip_dag to 2025-02-26T23:48:09.167094+00:00, run_after=2025-02-27T23:48:09.167094+00:00
[2025-02-27T23:48:09.177+0000] {processor.py:176} INFO - Processing /home/airflow/.local/lib/python3.7/site-packages/airflow/example_dags/example_skip_dag.py took 0.047 seconds
[2025-02-27T23:48:40.089+0000] {processor.py:154} INFO - Started process (PID=262) to work on /home/airflow/.local/lib/python3.7/site-packages/airflow/example_dags/example_skip_dag.py
[2025-02-27T23:48:40.090+0000] {processor.py:756} INFO - Processing file /home/airflow/.local/lib/python3.7/site-packages/airflow/example_dags/example_skip_dag.py for tasks to queue
[2025-02-27T23:48:40.090+0000] {logging_mixin.py:120} INFO - [2025-02-27T23:48:40.090+0000] {dagbag.py:537} INFO - Filling up the DagBag from /home/airflow/.local/lib/python3.7/site-packages/airflow/example_dags/example_skip_dag.py
[2025-02-27T23:48:40.098+0000] {processor.py:766} INFO - DAG(s) dict_keys(['example_skip_dag']) retrieved from /home/airflow/.local/lib/python3.7/site-packages/airflow/example_dags/example_skip_dag.py
[2025-02-27T23:48:40.119+0000] {logging_mixin.py:120} INFO - [2025-02-27T23:48:40.119+0000] {dag.py:2585} INFO - Sync 1 DAGs
[2025-02-27T23:48:40.131+0000] {logging_mixin.py:120} INFO - [2025-02-27T23:48:40.131+0000] {dag.py:3340} INFO - Setting next_dagrun for example_skip_dag to 2025-02-26T23:48:40.130932+00:00, run_after=2025-02-27T23:48:40.130932+00:00
[2025-02-27T23:48:40.142+0000] {processor.py:176} INFO - Processing /home/airflow/.local/lib/python3.7/site-packages/airflow/example_dags/example_skip_dag.py took 0.055 seconds
[2025-02-27T23:49:11.043+0000] {processor.py:154} INFO - Started process (PID=326) to work on /home/airflow/.local/lib/python3.7/site-packages/airflow/example_dags/example_skip_dag.py
[2025-02-27T23:49:11.044+0000] {processor.py:756} INFO - Processing file /home/airflow/.local/lib/python3.7/site-packages/airflow/example_dags/example_skip_dag.py for tasks to queue
[2025-02-27T23:49:11.044+0000] {logging_mixin.py:120} INFO - [2025-02-27T23:49:11.044+0000] {dagbag.py:537} INFO - Filling up the DagBag from /home/airflow/.local/lib/python3.7/site-packages/airflow/example_dags/example_skip_dag.py
[2025-02-27T23:49:11.052+0000] {processor.py:766} INFO - DAG(s) dict_keys(['example_skip_dag']) retrieved from /home/airflow/.local/lib/python3.7/site-packages/airflow/example_dags/example_skip_dag.py
[2025-02-27T23:49:11.073+0000] {logging_mixin.py:120} INFO - [2025-02-27T23:49:11.073+0000] {dag.py:2585} INFO - Sync 1 DAGs
[2025-02-27T23:49:11.087+0000] {logging_mixin.py:120} INFO - [2025-02-27T23:49:11.087+0000] {dag.py:3340} INFO - Setting next_dagrun for example_skip_dag to 2025-02-26T23:49:11.087143+00:00, run_after=2025-02-27T23:49:11.087143+00:00
[2025-02-27T23:49:11.102+0000] {processor.py:176} INFO - Processing /home/airflow/.local/lib/python3.7/site-packages/airflow/example_dags/example_skip_dag.py took 0.061 seconds
[2025-02-27T23:49:41.817+0000] {processor.py:154} INFO - Started process (PID=390) to work on /home/airflow/.local/lib/python3.7/site-packages/airflow/example_dags/example_skip_dag.py
[2025-02-27T23:49:41.818+0000] {processor.py:756} INFO - Processing file /home/airflow/.local/lib/python3.7/site-packages/airflow/example_dags/example_skip_dag.py for tasks to queue
[2025-02-27T23:49:41.818+0000] {logging_mixin.py:120} INFO - [2025-02-27T23:49:41.818+0000] {dagbag.py:537} INFO - Filling up the DagBag from /home/airflow/.local/lib/python3.7/site-packages/airflow/example_dags/example_skip_dag.py
[2025-02-27T23:49:41.825+0000] {processor.py:766} INFO - DAG(s) dict_keys(['example_skip_dag']) retrieved from /home/airflow/.local/lib/python3.7/site-packages/airflow/example_dags/example_skip_dag.py
[2025-02-27T23:49:41.845+0000] {logging_mixin.py:120} INFO - [2025-02-27T23:49:41.845+0000] {dag.py:2585} INFO - Sync 1 DAGs
[2025-02-27T23:49:41.858+0000] {logging_mixin.py:120} INFO - [2025-02-27T23:49:41.858+0000] {dag.py:3340} INFO - Setting next_dagrun for example_skip_dag to 2025-02-26T23:49:41.858523+00:00, run_after=2025-02-27T23:49:41.858523+00:00
[2025-02-27T23:49:41.868+0000] {processor.py:176} INFO - Processing /home/airflow/.local/lib/python3.7/site-packages/airflow/example_dags/example_skip_dag.py took 0.053 seconds
[2025-02-27T23:50:12.690+0000] {processor.py:154} INFO - Started process (PID=454) to work on /home/airflow/.local/lib/python3.7/site-packages/airflow/example_dags/example_skip_dag.py
[2025-02-27T23:50:12.691+0000] {processor.py:756} INFO - Processing file /home/airflow/.local/lib/python3.7/site-packages/airflow/example_dags/example_skip_dag.py for tasks to queue
[2025-02-27T23:50:12.691+0000] {logging_mixin.py:120} INFO - [2025-02-27T23:50:12.691+0000] {dagbag.py:537} INFO - Filling up the DagBag from /home/airflow/.local/lib/python3.7/site-packages/airflow/example_dags/example_skip_dag.py
[2025-02-27T23:50:12.698+0000] {processor.py:766} INFO - DAG(s) dict_keys(['example_skip_dag']) retrieved from /home/airflow/.local/lib/python3.7/site-packages/airflow/example_dags/example_skip_dag.py
[2025-02-27T23:50:12.720+0000] {logging_mixin.py:120} INFO - [2025-02-27T23:50:12.720+0000] {dag.py:2585} INFO - Sync 1 DAGs
[2025-02-27T23:50:12.737+0000] {logging_mixin.py:120} INFO - [2025-02-27T23:50:12.736+0000] {dag.py:3340} INFO - Setting next_dagrun for example_skip_dag to 2025-02-26T23:50:12.736744+00:00, run_after=2025-02-27T23:50:12.736744+00:00
[2025-02-27T23:50:12.750+0000] {processor.py:176} INFO - Processing /home/airflow/.local/lib/python3.7/site-packages/airflow/example_dags/example_skip_dag.py took 0.062 seconds
[2025-02-27T23:50:43.523+0000] {processor.py:154} INFO - Started process (PID=509) to work on /home/airflow/.local/lib/python3.7/site-packages/airflow/example_dags/example_skip_dag.py
[2025-02-27T23:50:43.523+0000] {processor.py:756} INFO - Processing file /home/airflow/.local/lib/python3.7/site-packages/airflow/example_dags/example_skip_dag.py for tasks to queue
[2025-02-27T23:50:43.524+0000] {logging_mixin.py:120} INFO - [2025-02-27T23:50:43.524+0000] {dagbag.py:537} INFO - Filling up the DagBag from /home/airflow/.local/lib/python3.7/site-packages/airflow/example_dags/example_skip_dag.py
[2025-02-27T23:50:43.531+0000] {processor.py:766} INFO - DAG(s) dict_keys(['example_skip_dag']) retrieved from /home/airflow/.local/lib/python3.7/site-packages/airflow/example_dags/example_skip_dag.py
[2025-02-27T23:50:43.551+0000] {logging_mixin.py:120} INFO - [2025-02-27T23:50:43.551+0000] {dag.py:2585} INFO - Sync 1 DAGs
[2025-02-27T23:50:43.564+0000] {logging_mixin.py:120} INFO - [2025-02-27T23:50:43.563+0000] {dag.py:3340} INFO - Setting next_dagrun for example_skip_dag to 2025-02-26T23:50:43.563849+00:00, run_after=2025-02-27T23:50:43.563849+00:00
[2025-02-27T23:50:43.573+0000] {processor.py:176} INFO - Processing /home/airflow/.local/lib/python3.7/site-packages/airflow/example_dags/example_skip_dag.py took 0.052 seconds
[2025-02-27T23:51:14.392+0000] {processor.py:154} INFO - Started process (PID=573) to work on /home/airflow/.local/lib/python3.7/site-packages/airflow/example_dags/example_skip_dag.py
[2025-02-27T23:51:14.392+0000] {processor.py:756} INFO - Processing file /home/airflow/.local/lib/python3.7/site-packages/airflow/example_dags/example_skip_dag.py for tasks to queue
[2025-02-27T23:51:14.393+0000] {logging_mixin.py:120} INFO - [2025-02-27T23:51:14.393+0000] {dagbag.py:537} INFO - Filling up the DagBag from /home/airflow/.local/lib/python3.7/site-packages/airflow/example_dags/example_skip_dag.py
[2025-02-27T23:51:14.401+0000] {processor.py:766} INFO - DAG(s) dict_keys(['example_skip_dag']) retrieved from /home/airflow/.local/lib/python3.7/site-packages/airflow/example_dags/example_skip_dag.py
[2025-02-27T23:51:14.421+0000] {logging_mixin.py:120} INFO - [2025-02-27T23:51:14.420+0000] {dag.py:2585} INFO - Sync 1 DAGs
[2025-02-27T23:51:14.434+0000] {logging_mixin.py:120} INFO - [2025-02-27T23:51:14.434+0000] {dag.py:3340} INFO - Setting next_dagrun for example_skip_dag to 2025-02-26T23:51:14.433945+00:00, run_after=2025-02-27T23:51:14.433945+00:00
[2025-02-27T23:51:14.445+0000] {processor.py:176} INFO - Processing /home/airflow/.local/lib/python3.7/site-packages/airflow/example_dags/example_skip_dag.py took 0.055 seconds
[2025-02-27T23:51:45.305+0000] {processor.py:154} INFO - Started process (PID=637) to work on /home/airflow/.local/lib/python3.7/site-packages/airflow/example_dags/example_skip_dag.py
[2025-02-27T23:51:45.305+0000] {processor.py:756} INFO - Processing file /home/airflow/.local/lib/python3.7/site-packages/airflow/example_dags/example_skip_dag.py for tasks to queue
[2025-02-27T23:51:45.306+0000] {logging_mixin.py:120} INFO - [2025-02-27T23:51:45.306+0000] {dagbag.py:537} INFO - Filling up the DagBag from /home/airflow/.local/lib/python3.7/site-packages/airflow/example_dags/example_skip_dag.py
[2025-02-27T23:51:45.313+0000] {processor.py:766} INFO - DAG(s) dict_keys(['example_skip_dag']) retrieved from /home/airflow/.local/lib/python3.7/site-packages/airflow/example_dags/example_skip_dag.py
[2025-02-27T23:51:45.333+0000] {logging_mixin.py:120} INFO - [2025-02-27T23:51:45.333+0000] {dag.py:2585} INFO - Sync 1 DAGs
[2025-02-27T23:51:45.346+0000] {logging_mixin.py:120} INFO - [2025-02-27T23:51:45.345+0000] {dag.py:3340} INFO - Setting next_dagrun for example_skip_dag to 2025-02-26T23:51:45.345821+00:00, run_after=2025-02-27T23:51:45.345821+00:00
[2025-02-27T23:51:45.354+0000] {processor.py:176} INFO - Processing /home/airflow/.local/lib/python3.7/site-packages/airflow/example_dags/example_skip_dag.py took 0.051 seconds
[2025-02-27T23:52:16.114+0000] {processor.py:154} INFO - Started process (PID=701) to work on /home/airflow/.local/lib/python3.7/site-packages/airflow/example_dags/example_skip_dag.py
[2025-02-27T23:52:16.115+0000] {processor.py:756} INFO - Processing file /home/airflow/.local/lib/python3.7/site-packages/airflow/example_dags/example_skip_dag.py for tasks to queue
[2025-02-27T23:52:16.116+0000] {logging_mixin.py:120} INFO - [2025-02-27T23:52:16.116+0000] {dagbag.py:537} INFO - Filling up the DagBag from /home/airflow/.local/lib/python3.7/site-packages/airflow/example_dags/example_skip_dag.py
[2025-02-27T23:52:16.123+0000] {processor.py:766} INFO - DAG(s) dict_keys(['example_skip_dag']) retrieved from /home/airflow/.local/lib/python3.7/site-packages/airflow/example_dags/example_skip_dag.py
[2025-02-27T23:52:16.144+0000] {logging_mixin.py:120} INFO - [2025-02-27T23:52:16.144+0000] {dag.py:2585} INFO - Sync 1 DAGs
[2025-02-27T23:52:16.156+0000] {logging_mixin.py:120} INFO - [2025-02-27T23:52:16.156+0000] {dag.py:3340} INFO - Setting next_dagrun for example_skip_dag to 2025-02-26T23:52:16.156223+00:00, run_after=2025-02-27T23:52:16.156223+00:00
[2025-02-27T23:52:16.165+0000] {processor.py:176} INFO - Processing /home/airflow/.local/lib/python3.7/site-packages/airflow/example_dags/example_skip_dag.py took 0.052 seconds
[2025-02-27T23:52:46.949+0000] {processor.py:154} INFO - Started process (PID=764) to work on /home/airflow/.local/lib/python3.7/site-packages/airflow/example_dags/example_skip_dag.py
[2025-02-27T23:52:46.950+0000] {processor.py:756} INFO - Processing file /home/airflow/.local/lib/python3.7/site-packages/airflow/example_dags/example_skip_dag.py for tasks to queue
[2025-02-27T23:52:46.950+0000] {logging_mixin.py:120} INFO - [2025-02-27T23:52:46.950+0000] {dagbag.py:537} INFO - Filling up the DagBag from /home/airflow/.local/lib/python3.7/site-packages/airflow/example_dags/example_skip_dag.py
[2025-02-27T23:52:46.958+0000] {processor.py:766} INFO - DAG(s) dict_keys(['example_skip_dag']) retrieved from /home/airflow/.local/lib/python3.7/site-packages/airflow/example_dags/example_skip_dag.py
[2025-02-27T23:52:46.980+0000] {logging_mixin.py:120} INFO - [2025-02-27T23:52:46.980+0000] {dag.py:2585} INFO - Sync 1 DAGs
[2025-02-27T23:52:46.991+0000] {logging_mixin.py:120} INFO - [2025-02-27T23:52:46.991+0000] {dag.py:3340} INFO - Setting next_dagrun for example_skip_dag to 2025-02-26T23:52:46.991736+00:00, run_after=2025-02-27T23:52:46.991736+00:00
[2025-02-27T23:52:47.000+0000] {processor.py:176} INFO - Processing /home/airflow/.local/lib/python3.7/site-packages/airflow/example_dags/example_skip_dag.py took 0.053 seconds
[2025-02-27T23:53:17.762+0000] {processor.py:154} INFO - Started process (PID=826) to work on /home/airflow/.local/lib/python3.7/site-packages/airflow/example_dags/example_skip_dag.py
[2025-02-27T23:53:17.763+0000] {processor.py:756} INFO - Processing file /home/airflow/.local/lib/python3.7/site-packages/airflow/example_dags/example_skip_dag.py for tasks to queue
[2025-02-27T23:53:17.764+0000] {logging_mixin.py:120} INFO - [2025-02-27T23:53:17.763+0000] {dagbag.py:537} INFO - Filling up the DagBag from /home/airflow/.local/lib/python3.7/site-packages/airflow/example_dags/example_skip_dag.py
[2025-02-27T23:53:17.771+0000] {processor.py:766} INFO - DAG(s) dict_keys(['example_skip_dag']) retrieved from /home/airflow/.local/lib/python3.7/site-packages/airflow/example_dags/example_skip_dag.py
[2025-02-27T23:53:17.793+0000] {logging_mixin.py:120} INFO - [2025-02-27T23:53:17.792+0000] {dag.py:2585} INFO - Sync 1 DAGs
[2025-02-27T23:53:17.804+0000] {logging_mixin.py:120} INFO - [2025-02-27T23:53:17.804+0000] {dag.py:3340} INFO - Setting next_dagrun for example_skip_dag to 2025-02-26T23:53:17.804689+00:00, run_after=2025-02-27T23:53:17.804689+00:00
[2025-02-27T23:53:17.814+0000] {processor.py:176} INFO - Processing /home/airflow/.local/lib/python3.7/site-packages/airflow/example_dags/example_skip_dag.py took 0.054 seconds
[2025-02-27T23:53:48.603+0000] {processor.py:154} INFO - Started process (PID=890) to work on /home/airflow/.local/lib/python3.7/site-packages/airflow/example_dags/example_skip_dag.py
[2025-02-27T23:53:48.604+0000] {processor.py:756} INFO - Processing file /home/airflow/.local/lib/python3.7/site-packages/airflow/example_dags/example_skip_dag.py for tasks to queue
[2025-02-27T23:53:48.604+0000] {logging_mixin.py:120} INFO - [2025-02-27T23:53:48.604+0000] {dagbag.py:537} INFO - Filling up the DagBag from /home/airflow/.local/lib/python3.7/site-packages/airflow/example_dags/example_skip_dag.py
[2025-02-27T23:53:48.611+0000] {processor.py:766} INFO - DAG(s) dict_keys(['example_skip_dag']) retrieved from /home/airflow/.local/lib/python3.7/site-packages/airflow/example_dags/example_skip_dag.py
[2025-02-27T23:53:48.632+0000] {logging_mixin.py:120} INFO - [2025-02-27T23:53:48.632+0000] {dag.py:2585} INFO - Sync 1 DAGs
[2025-02-27T23:53:48.646+0000] {logging_mixin.py:120} INFO - [2025-02-27T23:53:48.645+0000] {dag.py:3340} INFO - Setting next_dagrun for example_skip_dag to 2025-02-26T23:53:48.645851+00:00, run_after=2025-02-27T23:53:48.645851+00:00
[2025-02-27T23:53:48.655+0000] {processor.py:176} INFO - Processing /home/airflow/.local/lib/python3.7/site-packages/airflow/example_dags/example_skip_dag.py took 0.054 seconds
[2025-02-27T23:54:19.592+0000] {processor.py:154} INFO - Started process (PID=953) to work on /home/airflow/.local/lib/python3.7/site-packages/airflow/example_dags/example_skip_dag.py
[2025-02-27T23:54:19.593+0000] {processor.py:756} INFO - Processing file /home/airflow/.local/lib/python3.7/site-packages/airflow/example_dags/example_skip_dag.py for tasks to queue
[2025-02-27T23:54:19.593+0000] {logging_mixin.py:120} INFO - [2025-02-27T23:54:19.593+0000] {dagbag.py:537} INFO - Filling up the DagBag from /home/airflow/.local/lib/python3.7/site-packages/airflow/example_dags/example_skip_dag.py
[2025-02-27T23:54:19.600+0000] {processor.py:766} INFO - DAG(s) dict_keys(['example_skip_dag']) retrieved from /home/airflow/.local/lib/python3.7/site-packages/airflow/example_dags/example_skip_dag.py
[2025-02-27T23:54:19.620+0000] {logging_mixin.py:120} INFO - [2025-02-27T23:54:19.620+0000] {dag.py:2585} INFO - Sync 1 DAGs
[2025-02-27T23:54:19.633+0000] {logging_mixin.py:120} INFO - [2025-02-27T23:54:19.633+0000] {dag.py:3340} INFO - Setting next_dagrun for example_skip_dag to 2025-02-26T23:54:19.633733+00:00, run_after=2025-02-27T23:54:19.633733+00:00
[2025-02-27T23:54:19.643+0000] {processor.py:176} INFO - Processing /home/airflow/.local/lib/python3.7/site-packages/airflow/example_dags/example_skip_dag.py took 0.053 seconds
[2025-02-27T23:54:50.437+0000] {processor.py:154} INFO - Started process (PID=1017) to work on /home/airflow/.local/lib/python3.7/site-packages/airflow/example_dags/example_skip_dag.py
[2025-02-27T23:54:50.438+0000] {processor.py:756} INFO - Processing file /home/airflow/.local/lib/python3.7/site-packages/airflow/example_dags/example_skip_dag.py for tasks to queue
[2025-02-27T23:54:50.439+0000] {logging_mixin.py:120} INFO - [2025-02-27T23:54:50.439+0000] {dagbag.py:537} INFO - Filling up the DagBag from /home/airflow/.local/lib/python3.7/site-packages/airflow/example_dags/example_skip_dag.py
[2025-02-27T23:54:50.447+0000] {processor.py:766} INFO - DAG(s) dict_keys(['example_skip_dag']) retrieved from /home/airflow/.local/lib/python3.7/site-packages/airflow/example_dags/example_skip_dag.py
[2025-02-27T23:54:50.468+0000] {logging_mixin.py:120} INFO - [2025-02-27T23:54:50.467+0000] {dag.py:2585} INFO - Sync 1 DAGs
[2025-02-27T23:54:50.480+0000] {logging_mixin.py:120} INFO - [2025-02-27T23:54:50.480+0000] {dag.py:3340} INFO - Setting next_dagrun for example_skip_dag to 2025-02-26T23:54:50.480131+00:00, run_after=2025-02-27T23:54:50.480131+00:00
[2025-02-27T23:54:50.490+0000] {processor.py:176} INFO - Processing /home/airflow/.local/lib/python3.7/site-packages/airflow/example_dags/example_skip_dag.py took 0.055 seconds
[2025-02-27T23:55:21.187+0000] {processor.py:154} INFO - Started process (PID=1072) to work on /home/airflow/.local/lib/python3.7/site-packages/airflow/example_dags/example_skip_dag.py
[2025-02-27T23:55:21.187+0000] {processor.py:756} INFO - Processing file /home/airflow/.local/lib/python3.7/site-packages/airflow/example_dags/example_skip_dag.py for tasks to queue
[2025-02-27T23:55:21.188+0000] {logging_mixin.py:120} INFO - [2025-02-27T23:55:21.188+0000] {dagbag.py:537} INFO - Filling up the DagBag from /home/airflow/.local/lib/python3.7/site-packages/airflow/example_dags/example_skip_dag.py
[2025-02-27T23:55:21.195+0000] {processor.py:766} INFO - DAG(s) dict_keys(['example_skip_dag']) retrieved from /home/airflow/.local/lib/python3.7/site-packages/airflow/example_dags/example_skip_dag.py
[2025-02-27T23:55:21.215+0000] {logging_mixin.py:120} INFO - [2025-02-27T23:55:21.215+0000] {dag.py:2585} INFO - Sync 1 DAGs
[2025-02-27T23:55:21.228+0000] {logging_mixin.py:120} INFO - [2025-02-27T23:55:21.228+0000] {dag.py:3340} INFO - Setting next_dagrun for example_skip_dag to 2025-02-26T23:55:21.228601+00:00, run_after=2025-02-27T23:55:21.228601+00:00
[2025-02-27T23:55:21.239+0000] {processor.py:176} INFO - Processing /home/airflow/.local/lib/python3.7/site-packages/airflow/example_dags/example_skip_dag.py took 0.054 seconds
[2025-02-27T23:55:51.926+0000] {processor.py:154} INFO - Started process (PID=1136) to work on /home/airflow/.local/lib/python3.7/site-packages/airflow/example_dags/example_skip_dag.py
[2025-02-27T23:55:51.927+0000] {processor.py:756} INFO - Processing file /home/airflow/.local/lib/python3.7/site-packages/airflow/example_dags/example_skip_dag.py for tasks to queue
[2025-02-27T23:55:51.927+0000] {logging_mixin.py:120} INFO - [2025-02-27T23:55:51.927+0000] {dagbag.py:537} INFO - Filling up the DagBag from /home/airflow/.local/lib/python3.7/site-packages/airflow/example_dags/example_skip_dag.py
[2025-02-27T23:55:51.934+0000] {processor.py:766} INFO - DAG(s) dict_keys(['example_skip_dag']) retrieved from /home/airflow/.local/lib/python3.7/site-packages/airflow/example_dags/example_skip_dag.py
[2025-02-27T23:55:51.955+0000] {logging_mixin.py:120} INFO - [2025-02-27T23:55:51.955+0000] {dag.py:2585} INFO - Sync 1 DAGs
[2025-02-27T23:55:51.967+0000] {logging_mixin.py:120} INFO - [2025-02-27T23:55:51.967+0000] {dag.py:3340} INFO - Setting next_dagrun for example_skip_dag to 2025-02-26T23:55:51.967007+00:00, run_after=2025-02-27T23:55:51.967007+00:00
[2025-02-27T23:55:51.976+0000] {processor.py:176} INFO - Processing /home/airflow/.local/lib/python3.7/site-packages/airflow/example_dags/example_skip_dag.py took 0.052 seconds
[2025-02-27T23:56:22.769+0000] {processor.py:154} INFO - Started process (PID=1200) to work on /home/airflow/.local/lib/python3.7/site-packages/airflow/example_dags/example_skip_dag.py
[2025-02-27T23:56:22.770+0000] {processor.py:756} INFO - Processing file /home/airflow/.local/lib/python3.7/site-packages/airflow/example_dags/example_skip_dag.py for tasks to queue
[2025-02-27T23:56:22.770+0000] {logging_mixin.py:120} INFO - [2025-02-27T23:56:22.770+0000] {dagbag.py:537} INFO - Filling up the DagBag from /home/airflow/.local/lib/python3.7/site-packages/airflow/example_dags/example_skip_dag.py
[2025-02-27T23:56:22.778+0000] {processor.py:766} INFO - DAG(s) dict_keys(['example_skip_dag']) retrieved from /home/airflow/.local/lib/python3.7/site-packages/airflow/example_dags/example_skip_dag.py
[2025-02-27T23:56:22.799+0000] {logging_mixin.py:120} INFO - [2025-02-27T23:56:22.798+0000] {dag.py:2585} INFO - Sync 1 DAGs
[2025-02-27T23:56:22.811+0000] {logging_mixin.py:120} INFO - [2025-02-27T23:56:22.810+0000] {dag.py:3340} INFO - Setting next_dagrun for example_skip_dag to 2025-02-26T23:56:22.810858+00:00, run_after=2025-02-27T23:56:22.810858+00:00
[2025-02-27T23:56:22.821+0000] {processor.py:176} INFO - Processing /home/airflow/.local/lib/python3.7/site-packages/airflow/example_dags/example_skip_dag.py took 0.054 seconds
[2025-02-27T23:56:53.542+0000] {processor.py:154} INFO - Started process (PID=1264) to work on /home/airflow/.local/lib/python3.7/site-packages/airflow/example_dags/example_skip_dag.py
[2025-02-27T23:56:53.543+0000] {processor.py:756} INFO - Processing file /home/airflow/.local/lib/python3.7/site-packages/airflow/example_dags/example_skip_dag.py for tasks to queue
[2025-02-27T23:56:53.543+0000] {logging_mixin.py:120} INFO - [2025-02-27T23:56:53.543+0000] {dagbag.py:537} INFO - Filling up the DagBag from /home/airflow/.local/lib/python3.7/site-packages/airflow/example_dags/example_skip_dag.py
[2025-02-27T23:56:53.551+0000] {processor.py:766} INFO - DAG(s) dict_keys(['example_skip_dag']) retrieved from /home/airflow/.local/lib/python3.7/site-packages/airflow/example_dags/example_skip_dag.py
[2025-02-27T23:56:53.573+0000] {logging_mixin.py:120} INFO - [2025-02-27T23:56:53.573+0000] {dag.py:2585} INFO - Sync 1 DAGs
[2025-02-27T23:56:53.587+0000] {logging_mixin.py:120} INFO - [2025-02-27T23:56:53.587+0000] {dag.py:3340} INFO - Setting next_dagrun for example_skip_dag to 2025-02-26T23:56:53.587068+00:00, run_after=2025-02-27T23:56:53.587068+00:00
[2025-02-27T23:56:53.600+0000] {processor.py:176} INFO - Processing /home/airflow/.local/lib/python3.7/site-packages/airflow/example_dags/example_skip_dag.py took 0.061 seconds
[2025-02-27T23:57:24.530+0000] {processor.py:154} INFO - Started process (PID=1328) to work on /home/airflow/.local/lib/python3.7/site-packages/airflow/example_dags/example_skip_dag.py
[2025-02-27T23:57:24.531+0000] {processor.py:756} INFO - Processing file /home/airflow/.local/lib/python3.7/site-packages/airflow/example_dags/example_skip_dag.py for tasks to queue
[2025-02-27T23:57:24.531+0000] {logging_mixin.py:120} INFO - [2025-02-27T23:57:24.531+0000] {dagbag.py:537} INFO - Filling up the DagBag from /home/airflow/.local/lib/python3.7/site-packages/airflow/example_dags/example_skip_dag.py
[2025-02-27T23:57:24.539+0000] {processor.py:766} INFO - DAG(s) dict_keys(['example_skip_dag']) retrieved from /home/airflow/.local/lib/python3.7/site-packages/airflow/example_dags/example_skip_dag.py
[2025-02-27T23:57:24.559+0000] {logging_mixin.py:120} INFO - [2025-02-27T23:57:24.559+0000] {dag.py:2585} INFO - Sync 1 DAGs
[2025-02-27T23:57:24.575+0000] {logging_mixin.py:120} INFO - [2025-02-27T23:57:24.575+0000] {dag.py:3340} INFO - Setting next_dagrun for example_skip_dag to 2025-02-26T23:57:24.575156+00:00, run_after=2025-02-27T23:57:24.575156+00:00
[2025-02-27T23:57:24.585+0000] {processor.py:176} INFO - Processing /home/airflow/.local/lib/python3.7/site-packages/airflow/example_dags/example_skip_dag.py took 0.057 seconds
[2025-02-27T23:57:55.395+0000] {processor.py:154} INFO - Started process (PID=1391) to work on /home/airflow/.local/lib/python3.7/site-packages/airflow/example_dags/example_skip_dag.py
[2025-02-27T23:57:55.396+0000] {processor.py:756} INFO - Processing file /home/airflow/.local/lib/python3.7/site-packages/airflow/example_dags/example_skip_dag.py for tasks to queue
[2025-02-27T23:57:55.397+0000] {logging_mixin.py:120} INFO - [2025-02-27T23:57:55.397+0000] {dagbag.py:537} INFO - Filling up the DagBag from /home/airflow/.local/lib/python3.7/site-packages/airflow/example_dags/example_skip_dag.py
[2025-02-27T23:57:55.405+0000] {processor.py:766} INFO - DAG(s) dict_keys(['example_skip_dag']) retrieved from /home/airflow/.local/lib/python3.7/site-packages/airflow/example_dags/example_skip_dag.py
[2025-02-27T23:57:55.425+0000] {logging_mixin.py:120} INFO - [2025-02-27T23:57:55.425+0000] {dag.py:2585} INFO - Sync 1 DAGs
[2025-02-27T23:57:55.438+0000] {logging_mixin.py:120} INFO - [2025-02-27T23:57:55.438+0000] {dag.py:3340} INFO - Setting next_dagrun for example_skip_dag to 2025-02-26T23:57:55.438355+00:00, run_after=2025-02-27T23:57:55.438355+00:00
[2025-02-27T23:57:55.447+0000] {processor.py:176} INFO - Processing /home/airflow/.local/lib/python3.7/site-packages/airflow/example_dags/example_skip_dag.py took 0.054 seconds
[2025-02-27T23:58:26.155+0000] {processor.py:154} INFO - Started process (PID=1454) to work on /home/airflow/.local/lib/python3.7/site-packages/airflow/example_dags/example_skip_dag.py
[2025-02-27T23:58:26.157+0000] {processor.py:756} INFO - Processing file /home/airflow/.local/lib/python3.7/site-packages/airflow/example_dags/example_skip_dag.py for tasks to queue
[2025-02-27T23:58:26.158+0000] {logging_mixin.py:120} INFO - [2025-02-27T23:58:26.158+0000] {dagbag.py:537} INFO - Filling up the DagBag from /home/airflow/.local/lib/python3.7/site-packages/airflow/example_dags/example_skip_dag.py
[2025-02-27T23:58:26.167+0000] {processor.py:766} INFO - DAG(s) dict_keys(['example_skip_dag']) retrieved from /home/airflow/.local/lib/python3.7/site-packages/airflow/example_dags/example_skip_dag.py
[2025-02-27T23:58:26.191+0000] {logging_mixin.py:120} INFO - [2025-02-27T23:58:26.190+0000] {dag.py:2585} INFO - Sync 1 DAGs
[2025-02-27T23:58:26.203+0000] {logging_mixin.py:120} INFO - [2025-02-27T23:58:26.203+0000] {dag.py:3340} INFO - Setting next_dagrun for example_skip_dag to 2025-02-26T23:58:26.203138+00:00, run_after=2025-02-27T23:58:26.203138+00:00
[2025-02-27T23:58:26.213+0000] {processor.py:176} INFO - Processing /home/airflow/.local/lib/python3.7/site-packages/airflow/example_dags/example_skip_dag.py took 0.059 seconds
[2025-02-27T23:58:56.912+0000] {processor.py:154} INFO - Started process (PID=1518) to work on /home/airflow/.local/lib/python3.7/site-packages/airflow/example_dags/example_skip_dag.py
[2025-02-27T23:58:56.913+0000] {processor.py:756} INFO - Processing file /home/airflow/.local/lib/python3.7/site-packages/airflow/example_dags/example_skip_dag.py for tasks to queue
[2025-02-27T23:58:56.913+0000] {logging_mixin.py:120} INFO - [2025-02-27T23:58:56.913+0000] {dagbag.py:537} INFO - Filling up the DagBag from /home/airflow/.local/lib/python3.7/site-packages/airflow/example_dags/example_skip_dag.py
[2025-02-27T23:58:56.921+0000] {processor.py:766} INFO - DAG(s) dict_keys(['example_skip_dag']) retrieved from /home/airflow/.local/lib/python3.7/site-packages/airflow/example_dags/example_skip_dag.py
[2025-02-27T23:58:56.942+0000] {logging_mixin.py:120} INFO - [2025-02-27T23:58:56.942+0000] {dag.py:2585} INFO - Sync 1 DAGs
[2025-02-27T23:58:56.954+0000] {logging_mixin.py:120} INFO - [2025-02-27T23:58:56.954+0000] {dag.py:3340} INFO - Setting next_dagrun for example_skip_dag to 2025-02-26T23:58:56.954333+00:00, run_after=2025-02-27T23:58:56.954333+00:00
[2025-02-27T23:58:56.965+0000] {processor.py:176} INFO - Processing /home/airflow/.local/lib/python3.7/site-packages/airflow/example_dags/example_skip_dag.py took 0.054 seconds
[2025-02-27T23:59:27.630+0000] {processor.py:154} INFO - Started process (PID=1580) to work on /home/airflow/.local/lib/python3.7/site-packages/airflow/example_dags/example_skip_dag.py
[2025-02-27T23:59:27.631+0000] {processor.py:756} INFO - Processing file /home/airflow/.local/lib/python3.7/site-packages/airflow/example_dags/example_skip_dag.py for tasks to queue
[2025-02-27T23:59:27.631+0000] {logging_mixin.py:120} INFO - [2025-02-27T23:59:27.631+0000] {dagbag.py:537} INFO - Filling up the DagBag from /home/airflow/.local/lib/python3.7/site-packages/airflow/example_dags/example_skip_dag.py
[2025-02-27T23:59:27.639+0000] {processor.py:766} INFO - DAG(s) dict_keys(['example_skip_dag']) retrieved from /home/airflow/.local/lib/python3.7/site-packages/airflow/example_dags/example_skip_dag.py
[2025-02-27T23:59:27.662+0000] {logging_mixin.py:120} INFO - [2025-02-27T23:59:27.662+0000] {dag.py:2585} INFO - Sync 1 DAGs
[2025-02-27T23:59:27.677+0000] {logging_mixin.py:120} INFO - [2025-02-27T23:59:27.677+0000] {dag.py:3340} INFO - Setting next_dagrun for example_skip_dag to 2025-02-26T23:59:27.677190+00:00, run_after=2025-02-27T23:59:27.677190+00:00
[2025-02-27T23:59:27.690+0000] {processor.py:176} INFO - Processing /home/airflow/.local/lib/python3.7/site-packages/airflow/example_dags/example_skip_dag.py took 0.062 seconds
[2025-02-27T23:59:58.480+0000] {processor.py:154} INFO - Started process (PID=1637) to work on /home/airflow/.local/lib/python3.7/site-packages/airflow/example_dags/example_skip_dag.py
[2025-02-27T23:59:58.482+0000] {processor.py:756} INFO - Processing file /home/airflow/.local/lib/python3.7/site-packages/airflow/example_dags/example_skip_dag.py for tasks to queue
[2025-02-27T23:59:58.483+0000] {logging_mixin.py:120} INFO - [2025-02-27T23:59:58.483+0000] {dagbag.py:537} INFO - Filling up the DagBag from /home/airflow/.local/lib/python3.7/site-packages/airflow/example_dags/example_skip_dag.py
[2025-02-27T23:59:58.490+0000] {processor.py:766} INFO - DAG(s) dict_keys(['example_skip_dag']) retrieved from /home/airflow/.local/lib/python3.7/site-packages/airflow/example_dags/example_skip_dag.py
[2025-02-27T23:59:58.510+0000] {logging_mixin.py:120} INFO - [2025-02-27T23:59:58.510+0000] {dag.py:2585} INFO - Sync 1 DAGs
[2025-02-27T23:59:58.527+0000] {logging_mixin.py:120} INFO - [2025-02-27T23:59:58.527+0000] {dag.py:3340} INFO - Setting next_dagrun for example_skip_dag to 2025-02-26T23:59:58.527168+00:00, run_after=2025-02-27T23:59:58.527168+00:00
[2025-02-27T23:59:58.536+0000] {processor.py:176} INFO - Processing /home/airflow/.local/lib/python3.7/site-packages/airflow/example_dags/example_skip_dag.py took 0.058 seconds
