[2025-02-27T23:47:07.745+0000] {processor.py:154} INFO - Started process (PID=63) to work on /home/airflow/.local/lib/python3.7/site-packages/airflow/example_dags/example_branch_python_dop_operator_3.py
[2025-02-27T23:47:07.748+0000] {processor.py:756} INFO - Processing file /home/airflow/.local/lib/python3.7/site-packages/airflow/example_dags/example_branch_python_dop_operator_3.py for tasks to queue
[2025-02-27T23:47:07.750+0000] {logging_mixin.py:120} INFO - [2025-02-27T23:47:07.750+0000] {dagbag.py:537} INFO - Filling up the DagBag from /home/airflow/.local/lib/python3.7/site-packages/airflow/example_dags/example_branch_python_dop_operator_3.py
[2025-02-27T23:47:07.822+0000] {processor.py:766} INFO - DAG(s) dict_keys(['example_branch_dop_operator_v3']) retrieved from /home/airflow/.local/lib/python3.7/site-packages/airflow/example_dags/example_branch_python_dop_operator_3.py
[2025-02-27T23:47:07.901+0000] {logging_mixin.py:120} INFO - [2025-02-27T23:47:07.901+0000] {dag.py:2585} INFO - Sync 1 DAGs
[2025-02-27T23:47:07.936+0000] {logging_mixin.py:120} INFO - [2025-02-27T23:47:07.936+0000] {dag.py:3340} INFO - Setting next_dagrun for example_branch_dop_operator_v3 to 2025-02-27T23:46:00+00:00, run_after=2025-02-27T23:47:00+00:00
[2025-02-27T23:47:07.965+0000] {processor.py:176} INFO - Processing /home/airflow/.local/lib/python3.7/site-packages/airflow/example_dags/example_branch_python_dop_operator_3.py took 0.229 seconds
[2025-02-27T23:47:38.293+0000] {processor.py:154} INFO - Started process (PID=127) to work on /home/airflow/.local/lib/python3.7/site-packages/airflow/example_dags/example_branch_python_dop_operator_3.py
[2025-02-27T23:47:38.294+0000] {processor.py:756} INFO - Processing file /home/airflow/.local/lib/python3.7/site-packages/airflow/example_dags/example_branch_python_dop_operator_3.py for tasks to queue
[2025-02-27T23:47:38.294+0000] {logging_mixin.py:120} INFO - [2025-02-27T23:47:38.294+0000] {dagbag.py:537} INFO - Filling up the DagBag from /home/airflow/.local/lib/python3.7/site-packages/airflow/example_dags/example_branch_python_dop_operator_3.py
[2025-02-27T23:47:38.306+0000] {processor.py:766} INFO - DAG(s) dict_keys(['example_branch_dop_operator_v3']) retrieved from /home/airflow/.local/lib/python3.7/site-packages/airflow/example_dags/example_branch_python_dop_operator_3.py
[2025-02-27T23:47:38.330+0000] {logging_mixin.py:120} INFO - [2025-02-27T23:47:38.330+0000] {dag.py:2585} INFO - Sync 1 DAGs
[2025-02-27T23:47:38.346+0000] {logging_mixin.py:120} INFO - [2025-02-27T23:47:38.346+0000] {dag.py:3340} INFO - Setting next_dagrun for example_branch_dop_operator_v3 to 2025-02-27T23:46:00+00:00, run_after=2025-02-27T23:47:00+00:00
[2025-02-27T23:47:38.356+0000] {processor.py:176} INFO - Processing /home/airflow/.local/lib/python3.7/site-packages/airflow/example_dags/example_branch_python_dop_operator_3.py took 0.064 seconds
[2025-02-27T23:48:08.943+0000] {processor.py:154} INFO - Started process (PID=192) to work on /home/airflow/.local/lib/python3.7/site-packages/airflow/example_dags/example_branch_python_dop_operator_3.py
[2025-02-27T23:48:08.944+0000] {processor.py:756} INFO - Processing file /home/airflow/.local/lib/python3.7/site-packages/airflow/example_dags/example_branch_python_dop_operator_3.py for tasks to queue
[2025-02-27T23:48:08.945+0000] {logging_mixin.py:120} INFO - [2025-02-27T23:48:08.945+0000] {dagbag.py:537} INFO - Filling up the DagBag from /home/airflow/.local/lib/python3.7/site-packages/airflow/example_dags/example_branch_python_dop_operator_3.py
[2025-02-27T23:48:08.957+0000] {processor.py:766} INFO - DAG(s) dict_keys(['example_branch_dop_operator_v3']) retrieved from /home/airflow/.local/lib/python3.7/site-packages/airflow/example_dags/example_branch_python_dop_operator_3.py
[2025-02-27T23:48:08.970+0000] {logging_mixin.py:120} INFO - [2025-02-27T23:48:08.970+0000] {dag.py:2585} INFO - Sync 1 DAGs
[2025-02-27T23:48:08.986+0000] {logging_mixin.py:120} INFO - [2025-02-27T23:48:08.986+0000] {dag.py:3340} INFO - Setting next_dagrun for example_branch_dop_operator_v3 to 2025-02-27T23:47:00+00:00, run_after=2025-02-27T23:48:00+00:00
[2025-02-27T23:48:08.996+0000] {processor.py:176} INFO - Processing /home/airflow/.local/lib/python3.7/site-packages/airflow/example_dags/example_branch_python_dop_operator_3.py took 0.055 seconds
[2025-02-27T23:48:39.880+0000] {processor.py:154} INFO - Started process (PID=256) to work on /home/airflow/.local/lib/python3.7/site-packages/airflow/example_dags/example_branch_python_dop_operator_3.py
[2025-02-27T23:48:39.881+0000] {processor.py:756} INFO - Processing file /home/airflow/.local/lib/python3.7/site-packages/airflow/example_dags/example_branch_python_dop_operator_3.py for tasks to queue
[2025-02-27T23:48:39.881+0000] {logging_mixin.py:120} INFO - [2025-02-27T23:48:39.881+0000] {dagbag.py:537} INFO - Filling up the DagBag from /home/airflow/.local/lib/python3.7/site-packages/airflow/example_dags/example_branch_python_dop_operator_3.py
[2025-02-27T23:48:39.893+0000] {processor.py:766} INFO - DAG(s) dict_keys(['example_branch_dop_operator_v3']) retrieved from /home/airflow/.local/lib/python3.7/site-packages/airflow/example_dags/example_branch_python_dop_operator_3.py
[2025-02-27T23:48:39.914+0000] {logging_mixin.py:120} INFO - [2025-02-27T23:48:39.914+0000] {dag.py:2585} INFO - Sync 1 DAGs
[2025-02-27T23:48:39.930+0000] {logging_mixin.py:120} INFO - [2025-02-27T23:48:39.930+0000] {dag.py:3340} INFO - Setting next_dagrun for example_branch_dop_operator_v3 to 2025-02-27T23:47:00+00:00, run_after=2025-02-27T23:48:00+00:00
[2025-02-27T23:48:39.943+0000] {processor.py:176} INFO - Processing /home/airflow/.local/lib/python3.7/site-packages/airflow/example_dags/example_branch_python_dop_operator_3.py took 0.065 seconds
[2025-02-27T23:49:10.826+0000] {processor.py:154} INFO - Started process (PID=320) to work on /home/airflow/.local/lib/python3.7/site-packages/airflow/example_dags/example_branch_python_dop_operator_3.py
[2025-02-27T23:49:10.827+0000] {processor.py:756} INFO - Processing file /home/airflow/.local/lib/python3.7/site-packages/airflow/example_dags/example_branch_python_dop_operator_3.py for tasks to queue
[2025-02-27T23:49:10.827+0000] {logging_mixin.py:120} INFO - [2025-02-27T23:49:10.827+0000] {dagbag.py:537} INFO - Filling up the DagBag from /home/airflow/.local/lib/python3.7/site-packages/airflow/example_dags/example_branch_python_dop_operator_3.py
[2025-02-27T23:49:10.840+0000] {processor.py:766} INFO - DAG(s) dict_keys(['example_branch_dop_operator_v3']) retrieved from /home/airflow/.local/lib/python3.7/site-packages/airflow/example_dags/example_branch_python_dop_operator_3.py
[2025-02-27T23:49:10.860+0000] {logging_mixin.py:120} INFO - [2025-02-27T23:49:10.860+0000] {dag.py:2585} INFO - Sync 1 DAGs
[2025-02-27T23:49:10.877+0000] {logging_mixin.py:120} INFO - [2025-02-27T23:49:10.877+0000] {dag.py:3340} INFO - Setting next_dagrun for example_branch_dop_operator_v3 to 2025-02-27T23:48:00+00:00, run_after=2025-02-27T23:49:00+00:00
[2025-02-27T23:49:10.886+0000] {processor.py:176} INFO - Processing /home/airflow/.local/lib/python3.7/site-packages/airflow/example_dags/example_branch_python_dop_operator_3.py took 0.061 seconds
[2025-02-27T23:49:41.616+0000] {processor.py:154} INFO - Started process (PID=384) to work on /home/airflow/.local/lib/python3.7/site-packages/airflow/example_dags/example_branch_python_dop_operator_3.py
[2025-02-27T23:49:41.617+0000] {processor.py:756} INFO - Processing file /home/airflow/.local/lib/python3.7/site-packages/airflow/example_dags/example_branch_python_dop_operator_3.py for tasks to queue
[2025-02-27T23:49:41.618+0000] {logging_mixin.py:120} INFO - [2025-02-27T23:49:41.617+0000] {dagbag.py:537} INFO - Filling up the DagBag from /home/airflow/.local/lib/python3.7/site-packages/airflow/example_dags/example_branch_python_dop_operator_3.py
[2025-02-27T23:49:41.628+0000] {processor.py:766} INFO - DAG(s) dict_keys(['example_branch_dop_operator_v3']) retrieved from /home/airflow/.local/lib/python3.7/site-packages/airflow/example_dags/example_branch_python_dop_operator_3.py
[2025-02-27T23:49:41.650+0000] {logging_mixin.py:120} INFO - [2025-02-27T23:49:41.650+0000] {dag.py:2585} INFO - Sync 1 DAGs
[2025-02-27T23:49:41.665+0000] {logging_mixin.py:120} INFO - [2025-02-27T23:49:41.665+0000] {dag.py:3340} INFO - Setting next_dagrun for example_branch_dop_operator_v3 to 2025-02-27T23:48:00+00:00, run_after=2025-02-27T23:49:00+00:00
[2025-02-27T23:49:41.675+0000] {processor.py:176} INFO - Processing /home/airflow/.local/lib/python3.7/site-packages/airflow/example_dags/example_branch_python_dop_operator_3.py took 0.061 seconds
[2025-02-27T23:50:12.417+0000] {processor.py:154} INFO - Started process (PID=448) to work on /home/airflow/.local/lib/python3.7/site-packages/airflow/example_dags/example_branch_python_dop_operator_3.py
[2025-02-27T23:50:12.418+0000] {processor.py:756} INFO - Processing file /home/airflow/.local/lib/python3.7/site-packages/airflow/example_dags/example_branch_python_dop_operator_3.py for tasks to queue
[2025-02-27T23:50:12.418+0000] {logging_mixin.py:120} INFO - [2025-02-27T23:50:12.418+0000] {dagbag.py:537} INFO - Filling up the DagBag from /home/airflow/.local/lib/python3.7/site-packages/airflow/example_dags/example_branch_python_dop_operator_3.py
[2025-02-27T23:50:12.430+0000] {processor.py:766} INFO - DAG(s) dict_keys(['example_branch_dop_operator_v3']) retrieved from /home/airflow/.local/lib/python3.7/site-packages/airflow/example_dags/example_branch_python_dop_operator_3.py
[2025-02-27T23:50:12.452+0000] {logging_mixin.py:120} INFO - [2025-02-27T23:50:12.452+0000] {dag.py:2585} INFO - Sync 1 DAGs
[2025-02-27T23:50:12.468+0000] {logging_mixin.py:120} INFO - [2025-02-27T23:50:12.468+0000] {dag.py:3340} INFO - Setting next_dagrun for example_branch_dop_operator_v3 to 2025-02-27T23:49:00+00:00, run_after=2025-02-27T23:50:00+00:00
[2025-02-27T23:50:12.479+0000] {processor.py:176} INFO - Processing /home/airflow/.local/lib/python3.7/site-packages/airflow/example_dags/example_branch_python_dop_operator_3.py took 0.064 seconds
[2025-02-27T23:50:43.316+0000] {processor.py:154} INFO - Started process (PID=503) to work on /home/airflow/.local/lib/python3.7/site-packages/airflow/example_dags/example_branch_python_dop_operator_3.py
[2025-02-27T23:50:43.317+0000] {processor.py:756} INFO - Processing file /home/airflow/.local/lib/python3.7/site-packages/airflow/example_dags/example_branch_python_dop_operator_3.py for tasks to queue
[2025-02-27T23:50:43.317+0000] {logging_mixin.py:120} INFO - [2025-02-27T23:50:43.317+0000] {dagbag.py:537} INFO - Filling up the DagBag from /home/airflow/.local/lib/python3.7/site-packages/airflow/example_dags/example_branch_python_dop_operator_3.py
[2025-02-27T23:50:43.328+0000] {processor.py:766} INFO - DAG(s) dict_keys(['example_branch_dop_operator_v3']) retrieved from /home/airflow/.local/lib/python3.7/site-packages/airflow/example_dags/example_branch_python_dop_operator_3.py
[2025-02-27T23:50:43.349+0000] {logging_mixin.py:120} INFO - [2025-02-27T23:50:43.349+0000] {dag.py:2585} INFO - Sync 1 DAGs
[2025-02-27T23:50:43.364+0000] {logging_mixin.py:120} INFO - [2025-02-27T23:50:43.364+0000] {dag.py:3340} INFO - Setting next_dagrun for example_branch_dop_operator_v3 to 2025-02-27T23:49:00+00:00, run_after=2025-02-27T23:50:00+00:00
[2025-02-27T23:50:43.375+0000] {processor.py:176} INFO - Processing /home/airflow/.local/lib/python3.7/site-packages/airflow/example_dags/example_branch_python_dop_operator_3.py took 0.061 seconds
[2025-02-27T23:51:14.175+0000] {processor.py:154} INFO - Started process (PID=567) to work on /home/airflow/.local/lib/python3.7/site-packages/airflow/example_dags/example_branch_python_dop_operator_3.py
[2025-02-27T23:51:14.178+0000] {processor.py:756} INFO - Processing file /home/airflow/.local/lib/python3.7/site-packages/airflow/example_dags/example_branch_python_dop_operator_3.py for tasks to queue
[2025-02-27T23:51:14.178+0000] {logging_mixin.py:120} INFO - [2025-02-27T23:51:14.178+0000] {dagbag.py:537} INFO - Filling up the DagBag from /home/airflow/.local/lib/python3.7/site-packages/airflow/example_dags/example_branch_python_dop_operator_3.py
[2025-02-27T23:51:14.190+0000] {processor.py:766} INFO - DAG(s) dict_keys(['example_branch_dop_operator_v3']) retrieved from /home/airflow/.local/lib/python3.7/site-packages/airflow/example_dags/example_branch_python_dop_operator_3.py
[2025-02-27T23:51:14.210+0000] {logging_mixin.py:120} INFO - [2025-02-27T23:51:14.210+0000] {dag.py:2585} INFO - Sync 1 DAGs
[2025-02-27T23:51:14.226+0000] {logging_mixin.py:120} INFO - [2025-02-27T23:51:14.226+0000] {dag.py:3340} INFO - Setting next_dagrun for example_branch_dop_operator_v3 to 2025-02-27T23:50:00+00:00, run_after=2025-02-27T23:51:00+00:00
[2025-02-27T23:51:14.237+0000] {processor.py:176} INFO - Processing /home/airflow/.local/lib/python3.7/site-packages/airflow/example_dags/example_branch_python_dop_operator_3.py took 0.064 seconds
[2025-02-27T23:51:45.039+0000] {processor.py:154} INFO - Started process (PID=631) to work on /home/airflow/.local/lib/python3.7/site-packages/airflow/example_dags/example_branch_python_dop_operator_3.py
[2025-02-27T23:51:45.040+0000] {processor.py:756} INFO - Processing file /home/airflow/.local/lib/python3.7/site-packages/airflow/example_dags/example_branch_python_dop_operator_3.py for tasks to queue
[2025-02-27T23:51:45.041+0000] {logging_mixin.py:120} INFO - [2025-02-27T23:51:45.040+0000] {dagbag.py:537} INFO - Filling up the DagBag from /home/airflow/.local/lib/python3.7/site-packages/airflow/example_dags/example_branch_python_dop_operator_3.py
[2025-02-27T23:51:45.052+0000] {processor.py:766} INFO - DAG(s) dict_keys(['example_branch_dop_operator_v3']) retrieved from /home/airflow/.local/lib/python3.7/site-packages/airflow/example_dags/example_branch_python_dop_operator_3.py
[2025-02-27T23:51:45.072+0000] {logging_mixin.py:120} INFO - [2025-02-27T23:51:45.072+0000] {dag.py:2585} INFO - Sync 1 DAGs
[2025-02-27T23:51:45.085+0000] {logging_mixin.py:120} INFO - [2025-02-27T23:51:45.085+0000] {dag.py:3340} INFO - Setting next_dagrun for example_branch_dop_operator_v3 to 2025-02-27T23:50:00+00:00, run_after=2025-02-27T23:51:00+00:00
[2025-02-27T23:51:45.095+0000] {processor.py:176} INFO - Processing /home/airflow/.local/lib/python3.7/site-packages/airflow/example_dags/example_branch_python_dop_operator_3.py took 0.057 seconds
[2025-02-27T23:52:15.912+0000] {processor.py:154} INFO - Started process (PID=695) to work on /home/airflow/.local/lib/python3.7/site-packages/airflow/example_dags/example_branch_python_dop_operator_3.py
[2025-02-27T23:52:15.912+0000] {processor.py:756} INFO - Processing file /home/airflow/.local/lib/python3.7/site-packages/airflow/example_dags/example_branch_python_dop_operator_3.py for tasks to queue
[2025-02-27T23:52:15.913+0000] {logging_mixin.py:120} INFO - [2025-02-27T23:52:15.913+0000] {dagbag.py:537} INFO - Filling up the DagBag from /home/airflow/.local/lib/python3.7/site-packages/airflow/example_dags/example_branch_python_dop_operator_3.py
[2025-02-27T23:52:15.925+0000] {processor.py:766} INFO - DAG(s) dict_keys(['example_branch_dop_operator_v3']) retrieved from /home/airflow/.local/lib/python3.7/site-packages/airflow/example_dags/example_branch_python_dop_operator_3.py
[2025-02-27T23:52:15.945+0000] {logging_mixin.py:120} INFO - [2025-02-27T23:52:15.945+0000] {dag.py:2585} INFO - Sync 1 DAGs
[2025-02-27T23:52:15.960+0000] {logging_mixin.py:120} INFO - [2025-02-27T23:52:15.960+0000] {dag.py:3340} INFO - Setting next_dagrun for example_branch_dop_operator_v3 to 2025-02-27T23:51:00+00:00, run_after=2025-02-27T23:52:00+00:00
[2025-02-27T23:52:15.971+0000] {processor.py:176} INFO - Processing /home/airflow/.local/lib/python3.7/site-packages/airflow/example_dags/example_branch_python_dop_operator_3.py took 0.061 seconds
[2025-02-27T23:52:46.731+0000] {processor.py:154} INFO - Started process (PID=758) to work on /home/airflow/.local/lib/python3.7/site-packages/airflow/example_dags/example_branch_python_dop_operator_3.py
[2025-02-27T23:52:46.732+0000] {processor.py:756} INFO - Processing file /home/airflow/.local/lib/python3.7/site-packages/airflow/example_dags/example_branch_python_dop_operator_3.py for tasks to queue
[2025-02-27T23:52:46.733+0000] {logging_mixin.py:120} INFO - [2025-02-27T23:52:46.733+0000] {dagbag.py:537} INFO - Filling up the DagBag from /home/airflow/.local/lib/python3.7/site-packages/airflow/example_dags/example_branch_python_dop_operator_3.py
[2025-02-27T23:52:46.745+0000] {processor.py:766} INFO - DAG(s) dict_keys(['example_branch_dop_operator_v3']) retrieved from /home/airflow/.local/lib/python3.7/site-packages/airflow/example_dags/example_branch_python_dop_operator_3.py
[2025-02-27T23:52:46.764+0000] {logging_mixin.py:120} INFO - [2025-02-27T23:52:46.764+0000] {dag.py:2585} INFO - Sync 1 DAGs
[2025-02-27T23:52:46.779+0000] {logging_mixin.py:120} INFO - [2025-02-27T23:52:46.779+0000] {dag.py:3340} INFO - Setting next_dagrun for example_branch_dop_operator_v3 to 2025-02-27T23:51:00+00:00, run_after=2025-02-27T23:52:00+00:00
[2025-02-27T23:52:46.791+0000] {processor.py:176} INFO - Processing /home/airflow/.local/lib/python3.7/site-packages/airflow/example_dags/example_branch_python_dop_operator_3.py took 0.062 seconds
[2025-02-27T23:53:17.493+0000] {processor.py:154} INFO - Started process (PID=820) to work on /home/airflow/.local/lib/python3.7/site-packages/airflow/example_dags/example_branch_python_dop_operator_3.py
[2025-02-27T23:53:17.493+0000] {processor.py:756} INFO - Processing file /home/airflow/.local/lib/python3.7/site-packages/airflow/example_dags/example_branch_python_dop_operator_3.py for tasks to queue
[2025-02-27T23:53:17.494+0000] {logging_mixin.py:120} INFO - [2025-02-27T23:53:17.494+0000] {dagbag.py:537} INFO - Filling up the DagBag from /home/airflow/.local/lib/python3.7/site-packages/airflow/example_dags/example_branch_python_dop_operator_3.py
[2025-02-27T23:53:17.505+0000] {processor.py:766} INFO - DAG(s) dict_keys(['example_branch_dop_operator_v3']) retrieved from /home/airflow/.local/lib/python3.7/site-packages/airflow/example_dags/example_branch_python_dop_operator_3.py
[2025-02-27T23:53:17.526+0000] {logging_mixin.py:120} INFO - [2025-02-27T23:53:17.525+0000] {dag.py:2585} INFO - Sync 1 DAGs
[2025-02-27T23:53:17.541+0000] {logging_mixin.py:120} INFO - [2025-02-27T23:53:17.541+0000] {dag.py:3340} INFO - Setting next_dagrun for example_branch_dop_operator_v3 to 2025-02-27T23:52:00+00:00, run_after=2025-02-27T23:53:00+00:00
[2025-02-27T23:53:17.551+0000] {processor.py:176} INFO - Processing /home/airflow/.local/lib/python3.7/site-packages/airflow/example_dags/example_branch_python_dop_operator_3.py took 0.060 seconds
[2025-02-27T23:53:48.397+0000] {processor.py:154} INFO - Started process (PID=884) to work on /home/airflow/.local/lib/python3.7/site-packages/airflow/example_dags/example_branch_python_dop_operator_3.py
[2025-02-27T23:53:48.398+0000] {processor.py:756} INFO - Processing file /home/airflow/.local/lib/python3.7/site-packages/airflow/example_dags/example_branch_python_dop_operator_3.py for tasks to queue
[2025-02-27T23:53:48.398+0000] {logging_mixin.py:120} INFO - [2025-02-27T23:53:48.398+0000] {dagbag.py:537} INFO - Filling up the DagBag from /home/airflow/.local/lib/python3.7/site-packages/airflow/example_dags/example_branch_python_dop_operator_3.py
[2025-02-27T23:53:48.411+0000] {processor.py:766} INFO - DAG(s) dict_keys(['example_branch_dop_operator_v3']) retrieved from /home/airflow/.local/lib/python3.7/site-packages/airflow/example_dags/example_branch_python_dop_operator_3.py
[2025-02-27T23:53:48.435+0000] {logging_mixin.py:120} INFO - [2025-02-27T23:53:48.434+0000] {dag.py:2585} INFO - Sync 1 DAGs
[2025-02-27T23:53:48.450+0000] {logging_mixin.py:120} INFO - [2025-02-27T23:53:48.450+0000] {dag.py:3340} INFO - Setting next_dagrun for example_branch_dop_operator_v3 to 2025-02-27T23:52:00+00:00, run_after=2025-02-27T23:53:00+00:00
[2025-02-27T23:53:48.460+0000] {processor.py:176} INFO - Processing /home/airflow/.local/lib/python3.7/site-packages/airflow/example_dags/example_branch_python_dop_operator_3.py took 0.065 seconds
[2025-02-27T23:54:19.389+0000] {processor.py:154} INFO - Started process (PID=947) to work on /home/airflow/.local/lib/python3.7/site-packages/airflow/example_dags/example_branch_python_dop_operator_3.py
[2025-02-27T23:54:19.390+0000] {processor.py:756} INFO - Processing file /home/airflow/.local/lib/python3.7/site-packages/airflow/example_dags/example_branch_python_dop_operator_3.py for tasks to queue
[2025-02-27T23:54:19.390+0000] {logging_mixin.py:120} INFO - [2025-02-27T23:54:19.390+0000] {dagbag.py:537} INFO - Filling up the DagBag from /home/airflow/.local/lib/python3.7/site-packages/airflow/example_dags/example_branch_python_dop_operator_3.py
[2025-02-27T23:54:19.402+0000] {processor.py:766} INFO - DAG(s) dict_keys(['example_branch_dop_operator_v3']) retrieved from /home/airflow/.local/lib/python3.7/site-packages/airflow/example_dags/example_branch_python_dop_operator_3.py
[2025-02-27T23:54:19.422+0000] {logging_mixin.py:120} INFO - [2025-02-27T23:54:19.421+0000] {dag.py:2585} INFO - Sync 1 DAGs
[2025-02-27T23:54:19.435+0000] {logging_mixin.py:120} INFO - [2025-02-27T23:54:19.435+0000] {dag.py:3340} INFO - Setting next_dagrun for example_branch_dop_operator_v3 to 2025-02-27T23:53:00+00:00, run_after=2025-02-27T23:54:00+00:00
[2025-02-27T23:54:19.445+0000] {processor.py:176} INFO - Processing /home/airflow/.local/lib/python3.7/site-packages/airflow/example_dags/example_branch_python_dop_operator_3.py took 0.058 seconds
[2025-02-27T23:54:50.196+0000] {processor.py:154} INFO - Started process (PID=1011) to work on /home/airflow/.local/lib/python3.7/site-packages/airflow/example_dags/example_branch_python_dop_operator_3.py
[2025-02-27T23:54:50.197+0000] {processor.py:756} INFO - Processing file /home/airflow/.local/lib/python3.7/site-packages/airflow/example_dags/example_branch_python_dop_operator_3.py for tasks to queue
[2025-02-27T23:54:50.197+0000] {logging_mixin.py:120} INFO - [2025-02-27T23:54:50.197+0000] {dagbag.py:537} INFO - Filling up the DagBag from /home/airflow/.local/lib/python3.7/site-packages/airflow/example_dags/example_branch_python_dop_operator_3.py
[2025-02-27T23:54:50.209+0000] {processor.py:766} INFO - DAG(s) dict_keys(['example_branch_dop_operator_v3']) retrieved from /home/airflow/.local/lib/python3.7/site-packages/airflow/example_dags/example_branch_python_dop_operator_3.py
[2025-02-27T23:54:50.231+0000] {logging_mixin.py:120} INFO - [2025-02-27T23:54:50.231+0000] {dag.py:2585} INFO - Sync 1 DAGs
[2025-02-27T23:54:50.248+0000] {logging_mixin.py:120} INFO - [2025-02-27T23:54:50.248+0000] {dag.py:3340} INFO - Setting next_dagrun for example_branch_dop_operator_v3 to 2025-02-27T23:53:00+00:00, run_after=2025-02-27T23:54:00+00:00
[2025-02-27T23:54:50.262+0000] {processor.py:176} INFO - Processing /home/airflow/.local/lib/python3.7/site-packages/airflow/example_dags/example_branch_python_dop_operator_3.py took 0.068 seconds
[2025-02-27T23:55:20.979+0000] {processor.py:154} INFO - Started process (PID=1066) to work on /home/airflow/.local/lib/python3.7/site-packages/airflow/example_dags/example_branch_python_dop_operator_3.py
[2025-02-27T23:55:20.979+0000] {processor.py:756} INFO - Processing file /home/airflow/.local/lib/python3.7/site-packages/airflow/example_dags/example_branch_python_dop_operator_3.py for tasks to queue
[2025-02-27T23:55:20.980+0000] {logging_mixin.py:120} INFO - [2025-02-27T23:55:20.980+0000] {dagbag.py:537} INFO - Filling up the DagBag from /home/airflow/.local/lib/python3.7/site-packages/airflow/example_dags/example_branch_python_dop_operator_3.py
[2025-02-27T23:55:20.992+0000] {processor.py:766} INFO - DAG(s) dict_keys(['example_branch_dop_operator_v3']) retrieved from /home/airflow/.local/lib/python3.7/site-packages/airflow/example_dags/example_branch_python_dop_operator_3.py
[2025-02-27T23:55:21.010+0000] {logging_mixin.py:120} INFO - [2025-02-27T23:55:21.010+0000] {dag.py:2585} INFO - Sync 1 DAGs
[2025-02-27T23:55:21.025+0000] {logging_mixin.py:120} INFO - [2025-02-27T23:55:21.025+0000] {dag.py:3340} INFO - Setting next_dagrun for example_branch_dop_operator_v3 to 2025-02-27T23:54:00+00:00, run_after=2025-02-27T23:55:00+00:00
[2025-02-27T23:55:21.036+0000] {processor.py:176} INFO - Processing /home/airflow/.local/lib/python3.7/site-packages/airflow/example_dags/example_branch_python_dop_operator_3.py took 0.059 seconds
[2025-02-27T23:55:51.724+0000] {processor.py:154} INFO - Started process (PID=1130) to work on /home/airflow/.local/lib/python3.7/site-packages/airflow/example_dags/example_branch_python_dop_operator_3.py
[2025-02-27T23:55:51.725+0000] {processor.py:756} INFO - Processing file /home/airflow/.local/lib/python3.7/site-packages/airflow/example_dags/example_branch_python_dop_operator_3.py for tasks to queue
[2025-02-27T23:55:51.725+0000] {logging_mixin.py:120} INFO - [2025-02-27T23:55:51.725+0000] {dagbag.py:537} INFO - Filling up the DagBag from /home/airflow/.local/lib/python3.7/site-packages/airflow/example_dags/example_branch_python_dop_operator_3.py
[2025-02-27T23:55:51.737+0000] {processor.py:766} INFO - DAG(s) dict_keys(['example_branch_dop_operator_v3']) retrieved from /home/airflow/.local/lib/python3.7/site-packages/airflow/example_dags/example_branch_python_dop_operator_3.py
[2025-02-27T23:55:51.757+0000] {logging_mixin.py:120} INFO - [2025-02-27T23:55:51.757+0000] {dag.py:2585} INFO - Sync 1 DAGs
[2025-02-27T23:55:51.772+0000] {logging_mixin.py:120} INFO - [2025-02-27T23:55:51.771+0000] {dag.py:3340} INFO - Setting next_dagrun for example_branch_dop_operator_v3 to 2025-02-27T23:54:00+00:00, run_after=2025-02-27T23:55:00+00:00
[2025-02-27T23:55:51.781+0000] {processor.py:176} INFO - Processing /home/airflow/.local/lib/python3.7/site-packages/airflow/example_dags/example_branch_python_dop_operator_3.py took 0.059 seconds
[2025-02-27T23:56:22.484+0000] {processor.py:154} INFO - Started process (PID=1194) to work on /home/airflow/.local/lib/python3.7/site-packages/airflow/example_dags/example_branch_python_dop_operator_3.py
[2025-02-27T23:56:22.485+0000] {processor.py:756} INFO - Processing file /home/airflow/.local/lib/python3.7/site-packages/airflow/example_dags/example_branch_python_dop_operator_3.py for tasks to queue
[2025-02-27T23:56:22.486+0000] {logging_mixin.py:120} INFO - [2025-02-27T23:56:22.486+0000] {dagbag.py:537} INFO - Filling up the DagBag from /home/airflow/.local/lib/python3.7/site-packages/airflow/example_dags/example_branch_python_dop_operator_3.py
[2025-02-27T23:56:22.497+0000] {processor.py:766} INFO - DAG(s) dict_keys(['example_branch_dop_operator_v3']) retrieved from /home/airflow/.local/lib/python3.7/site-packages/airflow/example_dags/example_branch_python_dop_operator_3.py
[2025-02-27T23:56:22.517+0000] {logging_mixin.py:120} INFO - [2025-02-27T23:56:22.516+0000] {dag.py:2585} INFO - Sync 1 DAGs
[2025-02-27T23:56:22.530+0000] {logging_mixin.py:120} INFO - [2025-02-27T23:56:22.530+0000] {dag.py:3340} INFO - Setting next_dagrun for example_branch_dop_operator_v3 to 2025-02-27T23:55:00+00:00, run_after=2025-02-27T23:56:00+00:00
[2025-02-27T23:56:22.541+0000] {processor.py:176} INFO - Processing /home/airflow/.local/lib/python3.7/site-packages/airflow/example_dags/example_branch_python_dop_operator_3.py took 0.058 seconds
[2025-02-27T23:56:53.317+0000] {processor.py:154} INFO - Started process (PID=1258) to work on /home/airflow/.local/lib/python3.7/site-packages/airflow/example_dags/example_branch_python_dop_operator_3.py
[2025-02-27T23:56:53.318+0000] {processor.py:756} INFO - Processing file /home/airflow/.local/lib/python3.7/site-packages/airflow/example_dags/example_branch_python_dop_operator_3.py for tasks to queue
[2025-02-27T23:56:53.318+0000] {logging_mixin.py:120} INFO - [2025-02-27T23:56:53.318+0000] {dagbag.py:537} INFO - Filling up the DagBag from /home/airflow/.local/lib/python3.7/site-packages/airflow/example_dags/example_branch_python_dop_operator_3.py
[2025-02-27T23:56:53.331+0000] {processor.py:766} INFO - DAG(s) dict_keys(['example_branch_dop_operator_v3']) retrieved from /home/airflow/.local/lib/python3.7/site-packages/airflow/example_dags/example_branch_python_dop_operator_3.py
[2025-02-27T23:56:53.352+0000] {logging_mixin.py:120} INFO - [2025-02-27T23:56:53.352+0000] {dag.py:2585} INFO - Sync 1 DAGs
[2025-02-27T23:56:53.369+0000] {logging_mixin.py:120} INFO - [2025-02-27T23:56:53.369+0000] {dag.py:3340} INFO - Setting next_dagrun for example_branch_dop_operator_v3 to 2025-02-27T23:55:00+00:00, run_after=2025-02-27T23:56:00+00:00
[2025-02-27T23:56:53.381+0000] {processor.py:176} INFO - Processing /home/airflow/.local/lib/python3.7/site-packages/airflow/example_dags/example_branch_python_dop_operator_3.py took 0.065 seconds
[2025-02-27T23:57:24.251+0000] {processor.py:154} INFO - Started process (PID=1322) to work on /home/airflow/.local/lib/python3.7/site-packages/airflow/example_dags/example_branch_python_dop_operator_3.py
[2025-02-27T23:57:24.252+0000] {processor.py:756} INFO - Processing file /home/airflow/.local/lib/python3.7/site-packages/airflow/example_dags/example_branch_python_dop_operator_3.py for tasks to queue
[2025-02-27T23:57:24.252+0000] {logging_mixin.py:120} INFO - [2025-02-27T23:57:24.252+0000] {dagbag.py:537} INFO - Filling up the DagBag from /home/airflow/.local/lib/python3.7/site-packages/airflow/example_dags/example_branch_python_dop_operator_3.py
[2025-02-27T23:57:24.264+0000] {processor.py:766} INFO - DAG(s) dict_keys(['example_branch_dop_operator_v3']) retrieved from /home/airflow/.local/lib/python3.7/site-packages/airflow/example_dags/example_branch_python_dop_operator_3.py
[2025-02-27T23:57:24.285+0000] {logging_mixin.py:120} INFO - [2025-02-27T23:57:24.285+0000] {dag.py:2585} INFO - Sync 1 DAGs
[2025-02-27T23:57:24.301+0000] {logging_mixin.py:120} INFO - [2025-02-27T23:57:24.301+0000] {dag.py:3340} INFO - Setting next_dagrun for example_branch_dop_operator_v3 to 2025-02-27T23:56:00+00:00, run_after=2025-02-27T23:57:00+00:00
[2025-02-27T23:57:24.311+0000] {processor.py:176} INFO - Processing /home/airflow/.local/lib/python3.7/site-packages/airflow/example_dags/example_branch_python_dop_operator_3.py took 0.062 seconds
[2025-02-27T23:57:55.108+0000] {processor.py:154} INFO - Started process (PID=1385) to work on /home/airflow/.local/lib/python3.7/site-packages/airflow/example_dags/example_branch_python_dop_operator_3.py
[2025-02-27T23:57:55.109+0000] {processor.py:756} INFO - Processing file /home/airflow/.local/lib/python3.7/site-packages/airflow/example_dags/example_branch_python_dop_operator_3.py for tasks to queue
[2025-02-27T23:57:55.109+0000] {logging_mixin.py:120} INFO - [2025-02-27T23:57:55.109+0000] {dagbag.py:537} INFO - Filling up the DagBag from /home/airflow/.local/lib/python3.7/site-packages/airflow/example_dags/example_branch_python_dop_operator_3.py
[2025-02-27T23:57:55.121+0000] {processor.py:766} INFO - DAG(s) dict_keys(['example_branch_dop_operator_v3']) retrieved from /home/airflow/.local/lib/python3.7/site-packages/airflow/example_dags/example_branch_python_dop_operator_3.py
[2025-02-27T23:57:55.141+0000] {logging_mixin.py:120} INFO - [2025-02-27T23:57:55.141+0000] {dag.py:2585} INFO - Sync 1 DAGs
[2025-02-27T23:57:55.159+0000] {logging_mixin.py:120} INFO - [2025-02-27T23:57:55.158+0000] {dag.py:3340} INFO - Setting next_dagrun for example_branch_dop_operator_v3 to 2025-02-27T23:56:00+00:00, run_after=2025-02-27T23:57:00+00:00
[2025-02-27T23:57:55.174+0000] {processor.py:176} INFO - Processing /home/airflow/.local/lib/python3.7/site-packages/airflow/example_dags/example_branch_python_dop_operator_3.py took 0.067 seconds
[2025-02-27T23:58:25.941+0000] {processor.py:154} INFO - Started process (PID=1448) to work on /home/airflow/.local/lib/python3.7/site-packages/airflow/example_dags/example_branch_python_dop_operator_3.py
[2025-02-27T23:58:25.942+0000] {processor.py:756} INFO - Processing file /home/airflow/.local/lib/python3.7/site-packages/airflow/example_dags/example_branch_python_dop_operator_3.py for tasks to queue
[2025-02-27T23:58:25.943+0000] {logging_mixin.py:120} INFO - [2025-02-27T23:58:25.943+0000] {dagbag.py:537} INFO - Filling up the DagBag from /home/airflow/.local/lib/python3.7/site-packages/airflow/example_dags/example_branch_python_dop_operator_3.py
[2025-02-27T23:58:25.954+0000] {processor.py:766} INFO - DAG(s) dict_keys(['example_branch_dop_operator_v3']) retrieved from /home/airflow/.local/lib/python3.7/site-packages/airflow/example_dags/example_branch_python_dop_operator_3.py
[2025-02-27T23:58:25.974+0000] {logging_mixin.py:120} INFO - [2025-02-27T23:58:25.974+0000] {dag.py:2585} INFO - Sync 1 DAGs
[2025-02-27T23:58:25.989+0000] {logging_mixin.py:120} INFO - [2025-02-27T23:58:25.989+0000] {dag.py:3340} INFO - Setting next_dagrun for example_branch_dop_operator_v3 to 2025-02-27T23:57:00+00:00, run_after=2025-02-27T23:58:00+00:00
[2025-02-27T23:58:26.002+0000] {processor.py:176} INFO - Processing /home/airflow/.local/lib/python3.7/site-packages/airflow/example_dags/example_branch_python_dop_operator_3.py took 0.062 seconds
[2025-02-27T23:58:56.705+0000] {processor.py:154} INFO - Started process (PID=1512) to work on /home/airflow/.local/lib/python3.7/site-packages/airflow/example_dags/example_branch_python_dop_operator_3.py
[2025-02-27T23:58:56.706+0000] {processor.py:756} INFO - Processing file /home/airflow/.local/lib/python3.7/site-packages/airflow/example_dags/example_branch_python_dop_operator_3.py for tasks to queue
[2025-02-27T23:58:56.707+0000] {logging_mixin.py:120} INFO - [2025-02-27T23:58:56.707+0000] {dagbag.py:537} INFO - Filling up the DagBag from /home/airflow/.local/lib/python3.7/site-packages/airflow/example_dags/example_branch_python_dop_operator_3.py
[2025-02-27T23:58:56.718+0000] {processor.py:766} INFO - DAG(s) dict_keys(['example_branch_dop_operator_v3']) retrieved from /home/airflow/.local/lib/python3.7/site-packages/airflow/example_dags/example_branch_python_dop_operator_3.py
[2025-02-27T23:58:56.738+0000] {logging_mixin.py:120} INFO - [2025-02-27T23:58:56.738+0000] {dag.py:2585} INFO - Sync 1 DAGs
[2025-02-27T23:58:56.752+0000] {logging_mixin.py:120} INFO - [2025-02-27T23:58:56.752+0000] {dag.py:3340} INFO - Setting next_dagrun for example_branch_dop_operator_v3 to 2025-02-27T23:57:00+00:00, run_after=2025-02-27T23:58:00+00:00
[2025-02-27T23:58:56.762+0000] {processor.py:176} INFO - Processing /home/airflow/.local/lib/python3.7/site-packages/airflow/example_dags/example_branch_python_dop_operator_3.py took 0.059 seconds
[2025-02-27T23:59:27.411+0000] {processor.py:154} INFO - Started process (PID=1567) to work on /home/airflow/.local/lib/python3.7/site-packages/airflow/example_dags/example_branch_python_dop_operator_3.py
[2025-02-27T23:59:27.411+0000] {processor.py:756} INFO - Processing file /home/airflow/.local/lib/python3.7/site-packages/airflow/example_dags/example_branch_python_dop_operator_3.py for tasks to queue
[2025-02-27T23:59:27.412+0000] {logging_mixin.py:120} INFO - [2025-02-27T23:59:27.412+0000] {dagbag.py:537} INFO - Filling up the DagBag from /home/airflow/.local/lib/python3.7/site-packages/airflow/example_dags/example_branch_python_dop_operator_3.py
[2025-02-27T23:59:27.424+0000] {processor.py:766} INFO - DAG(s) dict_keys(['example_branch_dop_operator_v3']) retrieved from /home/airflow/.local/lib/python3.7/site-packages/airflow/example_dags/example_branch_python_dop_operator_3.py
[2025-02-27T23:59:27.444+0000] {logging_mixin.py:120} INFO - [2025-02-27T23:59:27.444+0000] {dag.py:2585} INFO - Sync 1 DAGs
[2025-02-27T23:59:27.459+0000] {logging_mixin.py:120} INFO - [2025-02-27T23:59:27.459+0000] {dag.py:3340} INFO - Setting next_dagrun for example_branch_dop_operator_v3 to 2025-02-27T23:58:00+00:00, run_after=2025-02-27T23:59:00+00:00
[2025-02-27T23:59:27.473+0000] {processor.py:176} INFO - Processing /home/airflow/.local/lib/python3.7/site-packages/airflow/example_dags/example_branch_python_dop_operator_3.py took 0.064 seconds
[2025-02-27T23:59:58.230+0000] {processor.py:154} INFO - Started process (PID=1631) to work on /home/airflow/.local/lib/python3.7/site-packages/airflow/example_dags/example_branch_python_dop_operator_3.py
[2025-02-27T23:59:58.231+0000] {processor.py:756} INFO - Processing file /home/airflow/.local/lib/python3.7/site-packages/airflow/example_dags/example_branch_python_dop_operator_3.py for tasks to queue
[2025-02-27T23:59:58.231+0000] {logging_mixin.py:120} INFO - [2025-02-27T23:59:58.231+0000] {dagbag.py:537} INFO - Filling up the DagBag from /home/airflow/.local/lib/python3.7/site-packages/airflow/example_dags/example_branch_python_dop_operator_3.py
[2025-02-27T23:59:58.243+0000] {processor.py:766} INFO - DAG(s) dict_keys(['example_branch_dop_operator_v3']) retrieved from /home/airflow/.local/lib/python3.7/site-packages/airflow/example_dags/example_branch_python_dop_operator_3.py
[2025-02-27T23:59:58.274+0000] {logging_mixin.py:120} INFO - [2025-02-27T23:59:58.274+0000] {dag.py:2585} INFO - Sync 1 DAGs
[2025-02-27T23:59:58.292+0000] {logging_mixin.py:120} INFO - [2025-02-27T23:59:58.292+0000] {dag.py:3340} INFO - Setting next_dagrun for example_branch_dop_operator_v3 to 2025-02-27T23:58:00+00:00, run_after=2025-02-27T23:59:00+00:00
[2025-02-27T23:59:58.304+0000] {processor.py:176} INFO - Processing /home/airflow/.local/lib/python3.7/site-packages/airflow/example_dags/example_branch_python_dop_operator_3.py took 0.075 seconds
