[2025-02-27T23:47:05.611+0000] {processor.py:154} INFO - Started process (PID=41) to work on /home/airflow/.local/lib/python3.7/site-packages/airflow/example_dags/example_nested_branch_dag.py
[2025-02-27T23:47:05.612+0000] {processor.py:756} INFO - Processing file /home/airflow/.local/lib/python3.7/site-packages/airflow/example_dags/example_nested_branch_dag.py for tasks to queue
[2025-02-27T23:47:05.613+0000] {logging_mixin.py:120} INFO - [2025-02-27T23:47:05.613+0000] {dagbag.py:537} INFO - Filling up the DagBag from /home/airflow/.local/lib/python3.7/site-packages/airflow/example_dags/example_nested_branch_dag.py
[2025-02-27T23:47:05.629+0000] {processor.py:766} INFO - DAG(s) dict_keys(['example_nested_branch_dag']) retrieved from /home/airflow/.local/lib/python3.7/site-packages/airflow/example_dags/example_nested_branch_dag.py
[2025-02-27T23:47:05.659+0000] {logging_mixin.py:120} INFO - [2025-02-27T23:47:05.659+0000] {dag.py:2585} INFO - Sync 1 DAGs
[2025-02-27T23:47:05.679+0000] {logging_mixin.py:120} INFO - [2025-02-27T23:47:05.679+0000] {dag.py:3340} INFO - Setting next_dagrun for example_nested_branch_dag to 2025-02-26T00:00:00+00:00, run_after=2025-02-27T00:00:00+00:00
[2025-02-27T23:47:05.699+0000] {processor.py:176} INFO - Processing /home/airflow/.local/lib/python3.7/site-packages/airflow/example_dags/example_nested_branch_dag.py took 0.090 seconds
[2025-02-27T23:47:36.074+0000] {processor.py:154} INFO - Started process (PID=105) to work on /home/airflow/.local/lib/python3.7/site-packages/airflow/example_dags/example_nested_branch_dag.py
[2025-02-27T23:47:36.075+0000] {processor.py:756} INFO - Processing file /home/airflow/.local/lib/python3.7/site-packages/airflow/example_dags/example_nested_branch_dag.py for tasks to queue
[2025-02-27T23:47:36.075+0000] {logging_mixin.py:120} INFO - [2025-02-27T23:47:36.075+0000] {dagbag.py:537} INFO - Filling up the DagBag from /home/airflow/.local/lib/python3.7/site-packages/airflow/example_dags/example_nested_branch_dag.py
[2025-02-27T23:47:36.091+0000] {processor.py:766} INFO - DAG(s) dict_keys(['example_nested_branch_dag']) retrieved from /home/airflow/.local/lib/python3.7/site-packages/airflow/example_dags/example_nested_branch_dag.py
[2025-02-27T23:47:36.111+0000] {logging_mixin.py:120} INFO - [2025-02-27T23:47:36.111+0000] {dag.py:2585} INFO - Sync 1 DAGs
[2025-02-27T23:47:36.124+0000] {logging_mixin.py:120} INFO - [2025-02-27T23:47:36.124+0000] {dag.py:3340} INFO - Setting next_dagrun for example_nested_branch_dag to 2025-02-26T00:00:00+00:00, run_after=2025-02-27T00:00:00+00:00
[2025-02-27T23:47:36.134+0000] {processor.py:176} INFO - Processing /home/airflow/.local/lib/python3.7/site-packages/airflow/example_dags/example_nested_branch_dag.py took 0.062 seconds
[2025-02-27T23:48:06.191+0000] {processor.py:154} INFO - Started process (PID=170) to work on /home/airflow/.local/lib/python3.7/site-packages/airflow/example_dags/example_nested_branch_dag.py
[2025-02-27T23:48:06.192+0000] {processor.py:756} INFO - Processing file /home/airflow/.local/lib/python3.7/site-packages/airflow/example_dags/example_nested_branch_dag.py for tasks to queue
[2025-02-27T23:48:06.193+0000] {logging_mixin.py:120} INFO - [2025-02-27T23:48:06.193+0000] {dagbag.py:537} INFO - Filling up the DagBag from /home/airflow/.local/lib/python3.7/site-packages/airflow/example_dags/example_nested_branch_dag.py
[2025-02-27T23:48:06.210+0000] {processor.py:766} INFO - DAG(s) dict_keys(['example_nested_branch_dag']) retrieved from /home/airflow/.local/lib/python3.7/site-packages/airflow/example_dags/example_nested_branch_dag.py
[2025-02-27T23:48:06.223+0000] {logging_mixin.py:120} INFO - [2025-02-27T23:48:06.223+0000] {dag.py:2585} INFO - Sync 1 DAGs
[2025-02-27T23:48:06.237+0000] {logging_mixin.py:120} INFO - [2025-02-27T23:48:06.237+0000] {dag.py:3340} INFO - Setting next_dagrun for example_nested_branch_dag to 2025-02-26T00:00:00+00:00, run_after=2025-02-27T00:00:00+00:00
[2025-02-27T23:48:06.247+0000] {processor.py:176} INFO - Processing /home/airflow/.local/lib/python3.7/site-packages/airflow/example_dags/example_nested_branch_dag.py took 0.058 seconds
[2025-02-27T23:48:36.877+0000] {processor.py:154} INFO - Started process (PID=234) to work on /home/airflow/.local/lib/python3.7/site-packages/airflow/example_dags/example_nested_branch_dag.py
[2025-02-27T23:48:36.878+0000] {processor.py:756} INFO - Processing file /home/airflow/.local/lib/python3.7/site-packages/airflow/example_dags/example_nested_branch_dag.py for tasks to queue
[2025-02-27T23:48:36.879+0000] {logging_mixin.py:120} INFO - [2025-02-27T23:48:36.879+0000] {dagbag.py:537} INFO - Filling up the DagBag from /home/airflow/.local/lib/python3.7/site-packages/airflow/example_dags/example_nested_branch_dag.py
[2025-02-27T23:48:36.891+0000] {processor.py:766} INFO - DAG(s) dict_keys(['example_nested_branch_dag']) retrieved from /home/airflow/.local/lib/python3.7/site-packages/airflow/example_dags/example_nested_branch_dag.py
[2025-02-27T23:48:36.912+0000] {logging_mixin.py:120} INFO - [2025-02-27T23:48:36.912+0000] {dag.py:2585} INFO - Sync 1 DAGs
[2025-02-27T23:48:36.924+0000] {logging_mixin.py:120} INFO - [2025-02-27T23:48:36.924+0000] {dag.py:3340} INFO - Setting next_dagrun for example_nested_branch_dag to 2025-02-26T00:00:00+00:00, run_after=2025-02-27T00:00:00+00:00
[2025-02-27T23:48:36.934+0000] {processor.py:176} INFO - Processing /home/airflow/.local/lib/python3.7/site-packages/airflow/example_dags/example_nested_branch_dag.py took 0.059 seconds
[2025-02-27T23:49:07.794+0000] {processor.py:154} INFO - Started process (PID=289) to work on /home/airflow/.local/lib/python3.7/site-packages/airflow/example_dags/example_nested_branch_dag.py
[2025-02-27T23:49:07.795+0000] {processor.py:756} INFO - Processing file /home/airflow/.local/lib/python3.7/site-packages/airflow/example_dags/example_nested_branch_dag.py for tasks to queue
[2025-02-27T23:49:07.796+0000] {logging_mixin.py:120} INFO - [2025-02-27T23:49:07.796+0000] {dagbag.py:537} INFO - Filling up the DagBag from /home/airflow/.local/lib/python3.7/site-packages/airflow/example_dags/example_nested_branch_dag.py
[2025-02-27T23:49:07.817+0000] {processor.py:766} INFO - DAG(s) dict_keys(['example_nested_branch_dag']) retrieved from /home/airflow/.local/lib/python3.7/site-packages/airflow/example_dags/example_nested_branch_dag.py
[2025-02-27T23:49:07.843+0000] {logging_mixin.py:120} INFO - [2025-02-27T23:49:07.843+0000] {dag.py:2585} INFO - Sync 1 DAGs
[2025-02-27T23:49:07.858+0000] {logging_mixin.py:120} INFO - [2025-02-27T23:49:07.858+0000] {dag.py:3340} INFO - Setting next_dagrun for example_nested_branch_dag to 2025-02-26T00:00:00+00:00, run_after=2025-02-27T00:00:00+00:00
[2025-02-27T23:49:07.868+0000] {processor.py:176} INFO - Processing /home/airflow/.local/lib/python3.7/site-packages/airflow/example_dags/example_nested_branch_dag.py took 0.077 seconds
[2025-02-27T23:49:38.662+0000] {processor.py:154} INFO - Started process (PID=353) to work on /home/airflow/.local/lib/python3.7/site-packages/airflow/example_dags/example_nested_branch_dag.py
[2025-02-27T23:49:38.663+0000] {processor.py:756} INFO - Processing file /home/airflow/.local/lib/python3.7/site-packages/airflow/example_dags/example_nested_branch_dag.py for tasks to queue
[2025-02-27T23:49:38.663+0000] {logging_mixin.py:120} INFO - [2025-02-27T23:49:38.663+0000] {dagbag.py:537} INFO - Filling up the DagBag from /home/airflow/.local/lib/python3.7/site-packages/airflow/example_dags/example_nested_branch_dag.py
[2025-02-27T23:49:38.676+0000] {processor.py:766} INFO - DAG(s) dict_keys(['example_nested_branch_dag']) retrieved from /home/airflow/.local/lib/python3.7/site-packages/airflow/example_dags/example_nested_branch_dag.py
[2025-02-27T23:49:38.695+0000] {logging_mixin.py:120} INFO - [2025-02-27T23:49:38.695+0000] {dag.py:2585} INFO - Sync 1 DAGs
[2025-02-27T23:49:38.708+0000] {logging_mixin.py:120} INFO - [2025-02-27T23:49:38.707+0000] {dag.py:3340} INFO - Setting next_dagrun for example_nested_branch_dag to 2025-02-26T00:00:00+00:00, run_after=2025-02-27T00:00:00+00:00
[2025-02-27T23:49:38.717+0000] {processor.py:176} INFO - Processing /home/airflow/.local/lib/python3.7/site-packages/airflow/example_dags/example_nested_branch_dag.py took 0.057 seconds
[2025-02-27T23:50:09.445+0000] {processor.py:154} INFO - Started process (PID=417) to work on /home/airflow/.local/lib/python3.7/site-packages/airflow/example_dags/example_nested_branch_dag.py
[2025-02-27T23:50:09.445+0000] {processor.py:756} INFO - Processing file /home/airflow/.local/lib/python3.7/site-packages/airflow/example_dags/example_nested_branch_dag.py for tasks to queue
[2025-02-27T23:50:09.446+0000] {logging_mixin.py:120} INFO - [2025-02-27T23:50:09.446+0000] {dagbag.py:537} INFO - Filling up the DagBag from /home/airflow/.local/lib/python3.7/site-packages/airflow/example_dags/example_nested_branch_dag.py
[2025-02-27T23:50:09.457+0000] {processor.py:766} INFO - DAG(s) dict_keys(['example_nested_branch_dag']) retrieved from /home/airflow/.local/lib/python3.7/site-packages/airflow/example_dags/example_nested_branch_dag.py
[2025-02-27T23:50:09.477+0000] {logging_mixin.py:120} INFO - [2025-02-27T23:50:09.477+0000] {dag.py:2585} INFO - Sync 1 DAGs
[2025-02-27T23:50:09.489+0000] {logging_mixin.py:120} INFO - [2025-02-27T23:50:09.489+0000] {dag.py:3340} INFO - Setting next_dagrun for example_nested_branch_dag to 2025-02-26T00:00:00+00:00, run_after=2025-02-27T00:00:00+00:00
[2025-02-27T23:50:09.498+0000] {processor.py:176} INFO - Processing /home/airflow/.local/lib/python3.7/site-packages/airflow/example_dags/example_nested_branch_dag.py took 0.056 seconds
[2025-02-27T23:50:40.366+0000] {processor.py:154} INFO - Started process (PID=481) to work on /home/airflow/.local/lib/python3.7/site-packages/airflow/example_dags/example_nested_branch_dag.py
[2025-02-27T23:50:40.367+0000] {processor.py:756} INFO - Processing file /home/airflow/.local/lib/python3.7/site-packages/airflow/example_dags/example_nested_branch_dag.py for tasks to queue
[2025-02-27T23:50:40.367+0000] {logging_mixin.py:120} INFO - [2025-02-27T23:50:40.367+0000] {dagbag.py:537} INFO - Filling up the DagBag from /home/airflow/.local/lib/python3.7/site-packages/airflow/example_dags/example_nested_branch_dag.py
[2025-02-27T23:50:40.379+0000] {processor.py:766} INFO - DAG(s) dict_keys(['example_nested_branch_dag']) retrieved from /home/airflow/.local/lib/python3.7/site-packages/airflow/example_dags/example_nested_branch_dag.py
[2025-02-27T23:50:40.399+0000] {logging_mixin.py:120} INFO - [2025-02-27T23:50:40.399+0000] {dag.py:2585} INFO - Sync 1 DAGs
[2025-02-27T23:50:40.412+0000] {logging_mixin.py:120} INFO - [2025-02-27T23:50:40.412+0000] {dag.py:3340} INFO - Setting next_dagrun for example_nested_branch_dag to 2025-02-26T00:00:00+00:00, run_after=2025-02-27T00:00:00+00:00
[2025-02-27T23:50:40.420+0000] {processor.py:176} INFO - Processing /home/airflow/.local/lib/python3.7/site-packages/airflow/example_dags/example_nested_branch_dag.py took 0.056 seconds
[2025-02-27T23:51:11.221+0000] {processor.py:154} INFO - Started process (PID=545) to work on /home/airflow/.local/lib/python3.7/site-packages/airflow/example_dags/example_nested_branch_dag.py
[2025-02-27T23:51:11.222+0000] {processor.py:756} INFO - Processing file /home/airflow/.local/lib/python3.7/site-packages/airflow/example_dags/example_nested_branch_dag.py for tasks to queue
[2025-02-27T23:51:11.222+0000] {logging_mixin.py:120} INFO - [2025-02-27T23:51:11.222+0000] {dagbag.py:537} INFO - Filling up the DagBag from /home/airflow/.local/lib/python3.7/site-packages/airflow/example_dags/example_nested_branch_dag.py
[2025-02-27T23:51:11.233+0000] {processor.py:766} INFO - DAG(s) dict_keys(['example_nested_branch_dag']) retrieved from /home/airflow/.local/lib/python3.7/site-packages/airflow/example_dags/example_nested_branch_dag.py
[2025-02-27T23:51:11.253+0000] {logging_mixin.py:120} INFO - [2025-02-27T23:51:11.253+0000] {dag.py:2585} INFO - Sync 1 DAGs
[2025-02-27T23:51:11.265+0000] {logging_mixin.py:120} INFO - [2025-02-27T23:51:11.265+0000] {dag.py:3340} INFO - Setting next_dagrun for example_nested_branch_dag to 2025-02-26T00:00:00+00:00, run_after=2025-02-27T00:00:00+00:00
[2025-02-27T23:51:11.275+0000] {processor.py:176} INFO - Processing /home/airflow/.local/lib/python3.7/site-packages/airflow/example_dags/example_nested_branch_dag.py took 0.056 seconds
[2025-02-27T23:51:42.002+0000] {processor.py:154} INFO - Started process (PID=609) to work on /home/airflow/.local/lib/python3.7/site-packages/airflow/example_dags/example_nested_branch_dag.py
[2025-02-27T23:51:42.004+0000] {processor.py:756} INFO - Processing file /home/airflow/.local/lib/python3.7/site-packages/airflow/example_dags/example_nested_branch_dag.py for tasks to queue
[2025-02-27T23:51:42.004+0000] {logging_mixin.py:120} INFO - [2025-02-27T23:51:42.004+0000] {dagbag.py:537} INFO - Filling up the DagBag from /home/airflow/.local/lib/python3.7/site-packages/airflow/example_dags/example_nested_branch_dag.py
[2025-02-27T23:51:42.016+0000] {processor.py:766} INFO - DAG(s) dict_keys(['example_nested_branch_dag']) retrieved from /home/airflow/.local/lib/python3.7/site-packages/airflow/example_dags/example_nested_branch_dag.py
[2025-02-27T23:51:42.035+0000] {logging_mixin.py:120} INFO - [2025-02-27T23:51:42.035+0000] {dag.py:2585} INFO - Sync 1 DAGs
[2025-02-27T23:51:42.048+0000] {logging_mixin.py:120} INFO - [2025-02-27T23:51:42.048+0000] {dag.py:3340} INFO - Setting next_dagrun for example_nested_branch_dag to 2025-02-26T00:00:00+00:00, run_after=2025-02-27T00:00:00+00:00
[2025-02-27T23:51:42.058+0000] {processor.py:176} INFO - Processing /home/airflow/.local/lib/python3.7/site-packages/airflow/example_dags/example_nested_branch_dag.py took 0.057 seconds
[2025-02-27T23:52:12.954+0000] {processor.py:154} INFO - Started process (PID=673) to work on /home/airflow/.local/lib/python3.7/site-packages/airflow/example_dags/example_nested_branch_dag.py
[2025-02-27T23:52:12.955+0000] {processor.py:756} INFO - Processing file /home/airflow/.local/lib/python3.7/site-packages/airflow/example_dags/example_nested_branch_dag.py for tasks to queue
[2025-02-27T23:52:12.956+0000] {logging_mixin.py:120} INFO - [2025-02-27T23:52:12.955+0000] {dagbag.py:537} INFO - Filling up the DagBag from /home/airflow/.local/lib/python3.7/site-packages/airflow/example_dags/example_nested_branch_dag.py
[2025-02-27T23:52:12.967+0000] {processor.py:766} INFO - DAG(s) dict_keys(['example_nested_branch_dag']) retrieved from /home/airflow/.local/lib/python3.7/site-packages/airflow/example_dags/example_nested_branch_dag.py
[2025-02-27T23:52:12.987+0000] {logging_mixin.py:120} INFO - [2025-02-27T23:52:12.987+0000] {dag.py:2585} INFO - Sync 1 DAGs
[2025-02-27T23:52:12.999+0000] {logging_mixin.py:120} INFO - [2025-02-27T23:52:12.999+0000] {dag.py:3340} INFO - Setting next_dagrun for example_nested_branch_dag to 2025-02-26T00:00:00+00:00, run_after=2025-02-27T00:00:00+00:00
[2025-02-27T23:52:13.009+0000] {processor.py:176} INFO - Processing /home/airflow/.local/lib/python3.7/site-packages/airflow/example_dags/example_nested_branch_dag.py took 0.056 seconds
[2025-02-27T23:52:43.742+0000] {processor.py:154} INFO - Started process (PID=736) to work on /home/airflow/.local/lib/python3.7/site-packages/airflow/example_dags/example_nested_branch_dag.py
[2025-02-27T23:52:43.743+0000] {processor.py:756} INFO - Processing file /home/airflow/.local/lib/python3.7/site-packages/airflow/example_dags/example_nested_branch_dag.py for tasks to queue
[2025-02-27T23:52:43.743+0000] {logging_mixin.py:120} INFO - [2025-02-27T23:52:43.743+0000] {dagbag.py:537} INFO - Filling up the DagBag from /home/airflow/.local/lib/python3.7/site-packages/airflow/example_dags/example_nested_branch_dag.py
[2025-02-27T23:52:43.755+0000] {processor.py:766} INFO - DAG(s) dict_keys(['example_nested_branch_dag']) retrieved from /home/airflow/.local/lib/python3.7/site-packages/airflow/example_dags/example_nested_branch_dag.py
[2025-02-27T23:52:43.775+0000] {logging_mixin.py:120} INFO - [2025-02-27T23:52:43.774+0000] {dag.py:2585} INFO - Sync 1 DAGs
[2025-02-27T23:52:43.786+0000] {logging_mixin.py:120} INFO - [2025-02-27T23:52:43.786+0000] {dag.py:3340} INFO - Setting next_dagrun for example_nested_branch_dag to 2025-02-26T00:00:00+00:00, run_after=2025-02-27T00:00:00+00:00
[2025-02-27T23:52:43.795+0000] {processor.py:176} INFO - Processing /home/airflow/.local/lib/python3.7/site-packages/airflow/example_dags/example_nested_branch_dag.py took 0.054 seconds
[2025-02-27T23:53:14.536+0000] {processor.py:154} INFO - Started process (PID=798) to work on /home/airflow/.local/lib/python3.7/site-packages/airflow/example_dags/example_nested_branch_dag.py
[2025-02-27T23:53:14.537+0000] {processor.py:756} INFO - Processing file /home/airflow/.local/lib/python3.7/site-packages/airflow/example_dags/example_nested_branch_dag.py for tasks to queue
[2025-02-27T23:53:14.537+0000] {logging_mixin.py:120} INFO - [2025-02-27T23:53:14.537+0000] {dagbag.py:537} INFO - Filling up the DagBag from /home/airflow/.local/lib/python3.7/site-packages/airflow/example_dags/example_nested_branch_dag.py
[2025-02-27T23:53:14.549+0000] {processor.py:766} INFO - DAG(s) dict_keys(['example_nested_branch_dag']) retrieved from /home/airflow/.local/lib/python3.7/site-packages/airflow/example_dags/example_nested_branch_dag.py
[2025-02-27T23:53:14.569+0000] {logging_mixin.py:120} INFO - [2025-02-27T23:53:14.569+0000] {dag.py:2585} INFO - Sync 1 DAGs
[2025-02-27T23:53:14.583+0000] {logging_mixin.py:120} INFO - [2025-02-27T23:53:14.583+0000] {dag.py:3340} INFO - Setting next_dagrun for example_nested_branch_dag to 2025-02-26T00:00:00+00:00, run_after=2025-02-27T00:00:00+00:00
[2025-02-27T23:53:14.593+0000] {processor.py:176} INFO - Processing /home/airflow/.local/lib/python3.7/site-packages/airflow/example_dags/example_nested_branch_dag.py took 0.059 seconds
[2025-02-27T23:53:45.422+0000] {processor.py:154} INFO - Started process (PID=853) to work on /home/airflow/.local/lib/python3.7/site-packages/airflow/example_dags/example_nested_branch_dag.py
[2025-02-27T23:53:45.423+0000] {processor.py:756} INFO - Processing file /home/airflow/.local/lib/python3.7/site-packages/airflow/example_dags/example_nested_branch_dag.py for tasks to queue
[2025-02-27T23:53:45.423+0000] {logging_mixin.py:120} INFO - [2025-02-27T23:53:45.423+0000] {dagbag.py:537} INFO - Filling up the DagBag from /home/airflow/.local/lib/python3.7/site-packages/airflow/example_dags/example_nested_branch_dag.py
[2025-02-27T23:53:45.435+0000] {processor.py:766} INFO - DAG(s) dict_keys(['example_nested_branch_dag']) retrieved from /home/airflow/.local/lib/python3.7/site-packages/airflow/example_dags/example_nested_branch_dag.py
[2025-02-27T23:53:45.455+0000] {logging_mixin.py:120} INFO - [2025-02-27T23:53:45.455+0000] {dag.py:2585} INFO - Sync 1 DAGs
[2025-02-27T23:53:45.468+0000] {logging_mixin.py:120} INFO - [2025-02-27T23:53:45.467+0000] {dag.py:3340} INFO - Setting next_dagrun for example_nested_branch_dag to 2025-02-26T00:00:00+00:00, run_after=2025-02-27T00:00:00+00:00
[2025-02-27T23:53:45.476+0000] {processor.py:176} INFO - Processing /home/airflow/.local/lib/python3.7/site-packages/airflow/example_dags/example_nested_branch_dag.py took 0.056 seconds
[2025-02-27T23:54:16.261+0000] {processor.py:154} INFO - Started process (PID=917) to work on /home/airflow/.local/lib/python3.7/site-packages/airflow/example_dags/example_nested_branch_dag.py
[2025-02-27T23:54:16.262+0000] {processor.py:756} INFO - Processing file /home/airflow/.local/lib/python3.7/site-packages/airflow/example_dags/example_nested_branch_dag.py for tasks to queue
[2025-02-27T23:54:16.263+0000] {logging_mixin.py:120} INFO - [2025-02-27T23:54:16.263+0000] {dagbag.py:537} INFO - Filling up the DagBag from /home/airflow/.local/lib/python3.7/site-packages/airflow/example_dags/example_nested_branch_dag.py
[2025-02-27T23:54:16.275+0000] {processor.py:766} INFO - DAG(s) dict_keys(['example_nested_branch_dag']) retrieved from /home/airflow/.local/lib/python3.7/site-packages/airflow/example_dags/example_nested_branch_dag.py
[2025-02-27T23:54:16.297+0000] {logging_mixin.py:120} INFO - [2025-02-27T23:54:16.297+0000] {dag.py:2585} INFO - Sync 1 DAGs
[2025-02-27T23:54:16.311+0000] {logging_mixin.py:120} INFO - [2025-02-27T23:54:16.311+0000] {dag.py:3340} INFO - Setting next_dagrun for example_nested_branch_dag to 2025-02-26T00:00:00+00:00, run_after=2025-02-27T00:00:00+00:00
[2025-02-27T23:54:16.321+0000] {processor.py:176} INFO - Processing /home/airflow/.local/lib/python3.7/site-packages/airflow/example_dags/example_nested_branch_dag.py took 0.062 seconds
[2025-02-27T23:54:47.251+0000] {processor.py:154} INFO - Started process (PID=980) to work on /home/airflow/.local/lib/python3.7/site-packages/airflow/example_dags/example_nested_branch_dag.py
[2025-02-27T23:54:47.252+0000] {processor.py:756} INFO - Processing file /home/airflow/.local/lib/python3.7/site-packages/airflow/example_dags/example_nested_branch_dag.py for tasks to queue
[2025-02-27T23:54:47.253+0000] {logging_mixin.py:120} INFO - [2025-02-27T23:54:47.253+0000] {dagbag.py:537} INFO - Filling up the DagBag from /home/airflow/.local/lib/python3.7/site-packages/airflow/example_dags/example_nested_branch_dag.py
[2025-02-27T23:54:47.264+0000] {processor.py:766} INFO - DAG(s) dict_keys(['example_nested_branch_dag']) retrieved from /home/airflow/.local/lib/python3.7/site-packages/airflow/example_dags/example_nested_branch_dag.py
[2025-02-27T23:54:47.284+0000] {logging_mixin.py:120} INFO - [2025-02-27T23:54:47.284+0000] {dag.py:2585} INFO - Sync 1 DAGs
[2025-02-27T23:54:47.296+0000] {logging_mixin.py:120} INFO - [2025-02-27T23:54:47.296+0000] {dag.py:3340} INFO - Setting next_dagrun for example_nested_branch_dag to 2025-02-26T00:00:00+00:00, run_after=2025-02-27T00:00:00+00:00
[2025-02-27T23:54:47.306+0000] {processor.py:176} INFO - Processing /home/airflow/.local/lib/python3.7/site-packages/airflow/example_dags/example_nested_branch_dag.py took 0.056 seconds
[2025-02-27T23:55:18.041+0000] {processor.py:154} INFO - Started process (PID=1044) to work on /home/airflow/.local/lib/python3.7/site-packages/airflow/example_dags/example_nested_branch_dag.py
[2025-02-27T23:55:18.042+0000] {processor.py:756} INFO - Processing file /home/airflow/.local/lib/python3.7/site-packages/airflow/example_dags/example_nested_branch_dag.py for tasks to queue
[2025-02-27T23:55:18.042+0000] {logging_mixin.py:120} INFO - [2025-02-27T23:55:18.042+0000] {dagbag.py:537} INFO - Filling up the DagBag from /home/airflow/.local/lib/python3.7/site-packages/airflow/example_dags/example_nested_branch_dag.py
[2025-02-27T23:55:18.054+0000] {processor.py:766} INFO - DAG(s) dict_keys(['example_nested_branch_dag']) retrieved from /home/airflow/.local/lib/python3.7/site-packages/airflow/example_dags/example_nested_branch_dag.py
[2025-02-27T23:55:18.073+0000] {logging_mixin.py:120} INFO - [2025-02-27T23:55:18.073+0000] {dag.py:2585} INFO - Sync 1 DAGs
[2025-02-27T23:55:18.086+0000] {logging_mixin.py:120} INFO - [2025-02-27T23:55:18.086+0000] {dag.py:3340} INFO - Setting next_dagrun for example_nested_branch_dag to 2025-02-26T00:00:00+00:00, run_after=2025-02-27T00:00:00+00:00
[2025-02-27T23:55:18.094+0000] {processor.py:176} INFO - Processing /home/airflow/.local/lib/python3.7/site-packages/airflow/example_dags/example_nested_branch_dag.py took 0.056 seconds
[2025-02-27T23:55:48.802+0000] {processor.py:154} INFO - Started process (PID=1108) to work on /home/airflow/.local/lib/python3.7/site-packages/airflow/example_dags/example_nested_branch_dag.py
[2025-02-27T23:55:48.803+0000] {processor.py:756} INFO - Processing file /home/airflow/.local/lib/python3.7/site-packages/airflow/example_dags/example_nested_branch_dag.py for tasks to queue
[2025-02-27T23:55:48.803+0000] {logging_mixin.py:120} INFO - [2025-02-27T23:55:48.803+0000] {dagbag.py:537} INFO - Filling up the DagBag from /home/airflow/.local/lib/python3.7/site-packages/airflow/example_dags/example_nested_branch_dag.py
[2025-02-27T23:55:48.815+0000] {processor.py:766} INFO - DAG(s) dict_keys(['example_nested_branch_dag']) retrieved from /home/airflow/.local/lib/python3.7/site-packages/airflow/example_dags/example_nested_branch_dag.py
[2025-02-27T23:55:48.835+0000] {logging_mixin.py:120} INFO - [2025-02-27T23:55:48.835+0000] {dag.py:2585} INFO - Sync 1 DAGs
[2025-02-27T23:55:48.847+0000] {logging_mixin.py:120} INFO - [2025-02-27T23:55:48.847+0000] {dag.py:3340} INFO - Setting next_dagrun for example_nested_branch_dag to 2025-02-26T00:00:00+00:00, run_after=2025-02-27T00:00:00+00:00
[2025-02-27T23:55:48.855+0000] {processor.py:176} INFO - Processing /home/airflow/.local/lib/python3.7/site-packages/airflow/example_dags/example_nested_branch_dag.py took 0.055 seconds
[2025-02-27T23:56:19.516+0000] {processor.py:154} INFO - Started process (PID=1172) to work on /home/airflow/.local/lib/python3.7/site-packages/airflow/example_dags/example_nested_branch_dag.py
[2025-02-27T23:56:19.517+0000] {processor.py:756} INFO - Processing file /home/airflow/.local/lib/python3.7/site-packages/airflow/example_dags/example_nested_branch_dag.py for tasks to queue
[2025-02-27T23:56:19.518+0000] {logging_mixin.py:120} INFO - [2025-02-27T23:56:19.518+0000] {dagbag.py:537} INFO - Filling up the DagBag from /home/airflow/.local/lib/python3.7/site-packages/airflow/example_dags/example_nested_branch_dag.py
[2025-02-27T23:56:19.529+0000] {processor.py:766} INFO - DAG(s) dict_keys(['example_nested_branch_dag']) retrieved from /home/airflow/.local/lib/python3.7/site-packages/airflow/example_dags/example_nested_branch_dag.py
[2025-02-27T23:56:19.550+0000] {logging_mixin.py:120} INFO - [2025-02-27T23:56:19.550+0000] {dag.py:2585} INFO - Sync 1 DAGs
[2025-02-27T23:56:19.562+0000] {logging_mixin.py:120} INFO - [2025-02-27T23:56:19.562+0000] {dag.py:3340} INFO - Setting next_dagrun for example_nested_branch_dag to 2025-02-26T00:00:00+00:00, run_after=2025-02-27T00:00:00+00:00
[2025-02-27T23:56:19.572+0000] {processor.py:176} INFO - Processing /home/airflow/.local/lib/python3.7/site-packages/airflow/example_dags/example_nested_branch_dag.py took 0.057 seconds
[2025-02-27T23:56:50.334+0000] {processor.py:154} INFO - Started process (PID=1236) to work on /home/airflow/.local/lib/python3.7/site-packages/airflow/example_dags/example_nested_branch_dag.py
[2025-02-27T23:56:50.334+0000] {processor.py:756} INFO - Processing file /home/airflow/.local/lib/python3.7/site-packages/airflow/example_dags/example_nested_branch_dag.py for tasks to queue
[2025-02-27T23:56:50.335+0000] {logging_mixin.py:120} INFO - [2025-02-27T23:56:50.335+0000] {dagbag.py:537} INFO - Filling up the DagBag from /home/airflow/.local/lib/python3.7/site-packages/airflow/example_dags/example_nested_branch_dag.py
[2025-02-27T23:56:50.347+0000] {processor.py:766} INFO - DAG(s) dict_keys(['example_nested_branch_dag']) retrieved from /home/airflow/.local/lib/python3.7/site-packages/airflow/example_dags/example_nested_branch_dag.py
[2025-02-27T23:56:50.367+0000] {logging_mixin.py:120} INFO - [2025-02-27T23:56:50.367+0000] {dag.py:2585} INFO - Sync 1 DAGs
[2025-02-27T23:56:50.380+0000] {logging_mixin.py:120} INFO - [2025-02-27T23:56:50.380+0000] {dag.py:3340} INFO - Setting next_dagrun for example_nested_branch_dag to 2025-02-26T00:00:00+00:00, run_after=2025-02-27T00:00:00+00:00
[2025-02-27T23:56:50.390+0000] {processor.py:176} INFO - Processing /home/airflow/.local/lib/python3.7/site-packages/airflow/example_dags/example_nested_branch_dag.py took 0.059 seconds
[2025-02-27T23:57:21.212+0000] {processor.py:154} INFO - Started process (PID=1300) to work on /home/airflow/.local/lib/python3.7/site-packages/airflow/example_dags/example_nested_branch_dag.py
[2025-02-27T23:57:21.213+0000] {processor.py:756} INFO - Processing file /home/airflow/.local/lib/python3.7/site-packages/airflow/example_dags/example_nested_branch_dag.py for tasks to queue
[2025-02-27T23:57:21.213+0000] {logging_mixin.py:120} INFO - [2025-02-27T23:57:21.213+0000] {dagbag.py:537} INFO - Filling up the DagBag from /home/airflow/.local/lib/python3.7/site-packages/airflow/example_dags/example_nested_branch_dag.py
[2025-02-27T23:57:21.225+0000] {processor.py:766} INFO - DAG(s) dict_keys(['example_nested_branch_dag']) retrieved from /home/airflow/.local/lib/python3.7/site-packages/airflow/example_dags/example_nested_branch_dag.py
[2025-02-27T23:57:21.247+0000] {logging_mixin.py:120} INFO - [2025-02-27T23:57:21.247+0000] {dag.py:2585} INFO - Sync 1 DAGs
[2025-02-27T23:57:21.260+0000] {logging_mixin.py:120} INFO - [2025-02-27T23:57:21.260+0000] {dag.py:3340} INFO - Setting next_dagrun for example_nested_branch_dag to 2025-02-26T00:00:00+00:00, run_after=2025-02-27T00:00:00+00:00
[2025-02-27T23:57:21.270+0000] {processor.py:176} INFO - Processing /home/airflow/.local/lib/python3.7/site-packages/airflow/example_dags/example_nested_branch_dag.py took 0.060 seconds
[2025-02-27T23:57:52.144+0000] {processor.py:154} INFO - Started process (PID=1363) to work on /home/airflow/.local/lib/python3.7/site-packages/airflow/example_dags/example_nested_branch_dag.py
[2025-02-27T23:57:52.146+0000] {processor.py:756} INFO - Processing file /home/airflow/.local/lib/python3.7/site-packages/airflow/example_dags/example_nested_branch_dag.py for tasks to queue
[2025-02-27T23:57:52.146+0000] {logging_mixin.py:120} INFO - [2025-02-27T23:57:52.146+0000] {dagbag.py:537} INFO - Filling up the DagBag from /home/airflow/.local/lib/python3.7/site-packages/airflow/example_dags/example_nested_branch_dag.py
[2025-02-27T23:57:52.159+0000] {processor.py:766} INFO - DAG(s) dict_keys(['example_nested_branch_dag']) retrieved from /home/airflow/.local/lib/python3.7/site-packages/airflow/example_dags/example_nested_branch_dag.py
[2025-02-27T23:57:52.186+0000] {logging_mixin.py:120} INFO - [2025-02-27T23:57:52.186+0000] {dag.py:2585} INFO - Sync 1 DAGs
[2025-02-27T23:57:52.201+0000] {logging_mixin.py:120} INFO - [2025-02-27T23:57:52.201+0000] {dag.py:3340} INFO - Setting next_dagrun for example_nested_branch_dag to 2025-02-26T00:00:00+00:00, run_after=2025-02-27T00:00:00+00:00
[2025-02-27T23:57:52.212+0000] {processor.py:176} INFO - Processing /home/airflow/.local/lib/python3.7/site-packages/airflow/example_dags/example_nested_branch_dag.py took 0.070 seconds
[2025-02-27T23:58:22.975+0000] {processor.py:154} INFO - Started process (PID=1417) to work on /home/airflow/.local/lib/python3.7/site-packages/airflow/example_dags/example_nested_branch_dag.py
[2025-02-27T23:58:22.976+0000] {processor.py:756} INFO - Processing file /home/airflow/.local/lib/python3.7/site-packages/airflow/example_dags/example_nested_branch_dag.py for tasks to queue
[2025-02-27T23:58:22.976+0000] {logging_mixin.py:120} INFO - [2025-02-27T23:58:22.976+0000] {dagbag.py:537} INFO - Filling up the DagBag from /home/airflow/.local/lib/python3.7/site-packages/airflow/example_dags/example_nested_branch_dag.py
[2025-02-27T23:58:22.988+0000] {processor.py:766} INFO - DAG(s) dict_keys(['example_nested_branch_dag']) retrieved from /home/airflow/.local/lib/python3.7/site-packages/airflow/example_dags/example_nested_branch_dag.py
[2025-02-27T23:58:23.009+0000] {logging_mixin.py:120} INFO - [2025-02-27T23:58:23.009+0000] {dag.py:2585} INFO - Sync 1 DAGs
[2025-02-27T23:58:23.022+0000] {logging_mixin.py:120} INFO - [2025-02-27T23:58:23.022+0000] {dag.py:3340} INFO - Setting next_dagrun for example_nested_branch_dag to 2025-02-26T00:00:00+00:00, run_after=2025-02-27T00:00:00+00:00
[2025-02-27T23:58:23.031+0000] {processor.py:176} INFO - Processing /home/airflow/.local/lib/python3.7/site-packages/airflow/example_dags/example_nested_branch_dag.py took 0.058 seconds
[2025-02-27T23:58:53.770+0000] {processor.py:154} INFO - Started process (PID=1481) to work on /home/airflow/.local/lib/python3.7/site-packages/airflow/example_dags/example_nested_branch_dag.py
[2025-02-27T23:58:53.771+0000] {processor.py:756} INFO - Processing file /home/airflow/.local/lib/python3.7/site-packages/airflow/example_dags/example_nested_branch_dag.py for tasks to queue
[2025-02-27T23:58:53.771+0000] {logging_mixin.py:120} INFO - [2025-02-27T23:58:53.771+0000] {dagbag.py:537} INFO - Filling up the DagBag from /home/airflow/.local/lib/python3.7/site-packages/airflow/example_dags/example_nested_branch_dag.py
[2025-02-27T23:58:53.784+0000] {processor.py:766} INFO - DAG(s) dict_keys(['example_nested_branch_dag']) retrieved from /home/airflow/.local/lib/python3.7/site-packages/airflow/example_dags/example_nested_branch_dag.py
[2025-02-27T23:58:53.805+0000] {logging_mixin.py:120} INFO - [2025-02-27T23:58:53.805+0000] {dag.py:2585} INFO - Sync 1 DAGs
[2025-02-27T23:58:53.817+0000] {logging_mixin.py:120} INFO - [2025-02-27T23:58:53.817+0000] {dag.py:3340} INFO - Setting next_dagrun for example_nested_branch_dag to 2025-02-26T00:00:00+00:00, run_after=2025-02-27T00:00:00+00:00
[2025-02-27T23:58:53.827+0000] {processor.py:176} INFO - Processing /home/airflow/.local/lib/python3.7/site-packages/airflow/example_dags/example_nested_branch_dag.py took 0.059 seconds
[2025-02-27T23:59:24.504+0000] {processor.py:154} INFO - Started process (PID=1545) to work on /home/airflow/.local/lib/python3.7/site-packages/airflow/example_dags/example_nested_branch_dag.py
[2025-02-27T23:59:24.504+0000] {processor.py:756} INFO - Processing file /home/airflow/.local/lib/python3.7/site-packages/airflow/example_dags/example_nested_branch_dag.py for tasks to queue
[2025-02-27T23:59:24.505+0000] {logging_mixin.py:120} INFO - [2025-02-27T23:59:24.505+0000] {dagbag.py:537} INFO - Filling up the DagBag from /home/airflow/.local/lib/python3.7/site-packages/airflow/example_dags/example_nested_branch_dag.py
[2025-02-27T23:59:24.517+0000] {processor.py:766} INFO - DAG(s) dict_keys(['example_nested_branch_dag']) retrieved from /home/airflow/.local/lib/python3.7/site-packages/airflow/example_dags/example_nested_branch_dag.py
[2025-02-27T23:59:24.538+0000] {logging_mixin.py:120} INFO - [2025-02-27T23:59:24.537+0000] {dag.py:2585} INFO - Sync 1 DAGs
[2025-02-27T23:59:24.550+0000] {logging_mixin.py:120} INFO - [2025-02-27T23:59:24.550+0000] {dag.py:3340} INFO - Setting next_dagrun for example_nested_branch_dag to 2025-02-26T00:00:00+00:00, run_after=2025-02-27T00:00:00+00:00
[2025-02-27T23:59:24.560+0000] {processor.py:176} INFO - Processing /home/airflow/.local/lib/python3.7/site-packages/airflow/example_dags/example_nested_branch_dag.py took 0.058 seconds
[2025-02-27T23:59:55.256+0000] {processor.py:154} INFO - Started process (PID=1609) to work on /home/airflow/.local/lib/python3.7/site-packages/airflow/example_dags/example_nested_branch_dag.py
[2025-02-27T23:59:55.257+0000] {processor.py:756} INFO - Processing file /home/airflow/.local/lib/python3.7/site-packages/airflow/example_dags/example_nested_branch_dag.py for tasks to queue
[2025-02-27T23:59:55.257+0000] {logging_mixin.py:120} INFO - [2025-02-27T23:59:55.257+0000] {dagbag.py:537} INFO - Filling up the DagBag from /home/airflow/.local/lib/python3.7/site-packages/airflow/example_dags/example_nested_branch_dag.py
[2025-02-27T23:59:55.269+0000] {processor.py:766} INFO - DAG(s) dict_keys(['example_nested_branch_dag']) retrieved from /home/airflow/.local/lib/python3.7/site-packages/airflow/example_dags/example_nested_branch_dag.py
[2025-02-27T23:59:55.290+0000] {logging_mixin.py:120} INFO - [2025-02-27T23:59:55.290+0000] {dag.py:2585} INFO - Sync 1 DAGs
[2025-02-27T23:59:55.302+0000] {logging_mixin.py:120} INFO - [2025-02-27T23:59:55.302+0000] {dag.py:3340} INFO - Setting next_dagrun for example_nested_branch_dag to 2025-02-26T00:00:00+00:00, run_after=2025-02-27T00:00:00+00:00
[2025-02-27T23:59:55.311+0000] {processor.py:176} INFO - Processing /home/airflow/.local/lib/python3.7/site-packages/airflow/example_dags/example_nested_branch_dag.py took 0.058 seconds
