[2025-02-27T23:47:08.401+0000] {processor.py:154} INFO - Started process (PID=70) to work on /home/airflow/.local/lib/python3.7/site-packages/airflow/example_dags/example_branch_day_of_week_operator.py
[2025-02-27T23:47:08.402+0000] {processor.py:756} INFO - Processing file /home/airflow/.local/lib/python3.7/site-packages/airflow/example_dags/example_branch_day_of_week_operator.py for tasks to queue
[2025-02-27T23:47:08.403+0000] {logging_mixin.py:120} INFO - [2025-02-27T23:47:08.403+0000] {dagbag.py:537} INFO - Filling up the DagBag from /home/airflow/.local/lib/python3.7/site-packages/airflow/example_dags/example_branch_day_of_week_operator.py
[2025-02-27T23:47:08.421+0000] {processor.py:766} INFO - DAG(s) dict_keys(['example_weekday_branch_operator']) retrieved from /home/airflow/.local/lib/python3.7/site-packages/airflow/example_dags/example_branch_day_of_week_operator.py
[2025-02-27T23:47:08.452+0000] {logging_mixin.py:120} INFO - [2025-02-27T23:47:08.452+0000] {dag.py:2585} INFO - Sync 1 DAGs
[2025-02-27T23:47:08.468+0000] {logging_mixin.py:120} INFO - [2025-02-27T23:47:08.468+0000] {dag.py:3340} INFO - Setting next_dagrun for example_weekday_branch_operator to 2025-02-26T00:00:00+00:00, run_after=2025-02-27T00:00:00+00:00
[2025-02-27T23:47:08.488+0000] {processor.py:176} INFO - Processing /home/airflow/.local/lib/python3.7/site-packages/airflow/example_dags/example_branch_day_of_week_operator.py took 0.089 seconds
[2025-02-27T23:47:38.689+0000] {processor.py:154} INFO - Started process (PID=134) to work on /home/airflow/.local/lib/python3.7/site-packages/airflow/example_dags/example_branch_day_of_week_operator.py
[2025-02-27T23:47:38.689+0000] {processor.py:756} INFO - Processing file /home/airflow/.local/lib/python3.7/site-packages/airflow/example_dags/example_branch_day_of_week_operator.py for tasks to queue
[2025-02-27T23:47:38.690+0000] {logging_mixin.py:120} INFO - [2025-02-27T23:47:38.690+0000] {dagbag.py:537} INFO - Filling up the DagBag from /home/airflow/.local/lib/python3.7/site-packages/airflow/example_dags/example_branch_day_of_week_operator.py
[2025-02-27T23:47:38.699+0000] {processor.py:766} INFO - DAG(s) dict_keys(['example_weekday_branch_operator']) retrieved from /home/airflow/.local/lib/python3.7/site-packages/airflow/example_dags/example_branch_day_of_week_operator.py
[2025-02-27T23:47:38.724+0000] {logging_mixin.py:120} INFO - [2025-02-27T23:47:38.724+0000] {dag.py:2585} INFO - Sync 1 DAGs
[2025-02-27T23:47:38.742+0000] {logging_mixin.py:120} INFO - [2025-02-27T23:47:38.742+0000] {dag.py:3340} INFO - Setting next_dagrun for example_weekday_branch_operator to 2025-02-26T00:00:00+00:00, run_after=2025-02-27T00:00:00+00:00
[2025-02-27T23:47:38.754+0000] {processor.py:176} INFO - Processing /home/airflow/.local/lib/python3.7/site-packages/airflow/example_dags/example_branch_day_of_week_operator.py took 0.067 seconds
[2025-02-27T23:48:09.189+0000] {processor.py:154} INFO - Started process (PID=200) to work on /home/airflow/.local/lib/python3.7/site-packages/airflow/example_dags/example_branch_day_of_week_operator.py
[2025-02-27T23:48:09.189+0000] {processor.py:756} INFO - Processing file /home/airflow/.local/lib/python3.7/site-packages/airflow/example_dags/example_branch_day_of_week_operator.py for tasks to queue
[2025-02-27T23:48:09.190+0000] {logging_mixin.py:120} INFO - [2025-02-27T23:48:09.190+0000] {dagbag.py:537} INFO - Filling up the DagBag from /home/airflow/.local/lib/python3.7/site-packages/airflow/example_dags/example_branch_day_of_week_operator.py
[2025-02-27T23:48:09.198+0000] {processor.py:766} INFO - DAG(s) dict_keys(['example_weekday_branch_operator']) retrieved from /home/airflow/.local/lib/python3.7/site-packages/airflow/example_dags/example_branch_day_of_week_operator.py
[2025-02-27T23:48:09.211+0000] {logging_mixin.py:120} INFO - [2025-02-27T23:48:09.211+0000] {dag.py:2585} INFO - Sync 1 DAGs
[2025-02-27T23:48:09.224+0000] {logging_mixin.py:120} INFO - [2025-02-27T23:48:09.224+0000] {dag.py:3340} INFO - Setting next_dagrun for example_weekday_branch_operator to 2025-02-26T00:00:00+00:00, run_after=2025-02-27T00:00:00+00:00
[2025-02-27T23:48:09.233+0000] {processor.py:176} INFO - Processing /home/airflow/.local/lib/python3.7/site-packages/airflow/example_dags/example_branch_day_of_week_operator.py took 0.046 seconds
[2025-02-27T23:48:40.144+0000] {processor.py:154} INFO - Started process (PID=263) to work on /home/airflow/.local/lib/python3.7/site-packages/airflow/example_dags/example_branch_day_of_week_operator.py
[2025-02-27T23:48:40.145+0000] {processor.py:756} INFO - Processing file /home/airflow/.local/lib/python3.7/site-packages/airflow/example_dags/example_branch_day_of_week_operator.py for tasks to queue
[2025-02-27T23:48:40.145+0000] {logging_mixin.py:120} INFO - [2025-02-27T23:48:40.145+0000] {dagbag.py:537} INFO - Filling up the DagBag from /home/airflow/.local/lib/python3.7/site-packages/airflow/example_dags/example_branch_day_of_week_operator.py
[2025-02-27T23:48:40.154+0000] {processor.py:766} INFO - DAG(s) dict_keys(['example_weekday_branch_operator']) retrieved from /home/airflow/.local/lib/python3.7/site-packages/airflow/example_dags/example_branch_day_of_week_operator.py
[2025-02-27T23:48:40.174+0000] {logging_mixin.py:120} INFO - [2025-02-27T23:48:40.174+0000] {dag.py:2585} INFO - Sync 1 DAGs
[2025-02-27T23:48:40.189+0000] {logging_mixin.py:120} INFO - [2025-02-27T23:48:40.189+0000] {dag.py:3340} INFO - Setting next_dagrun for example_weekday_branch_operator to 2025-02-26T00:00:00+00:00, run_after=2025-02-27T00:00:00+00:00
[2025-02-27T23:48:40.199+0000] {processor.py:176} INFO - Processing /home/airflow/.local/lib/python3.7/site-packages/airflow/example_dags/example_branch_day_of_week_operator.py took 0.057 seconds
[2025-02-27T23:49:11.105+0000] {processor.py:154} INFO - Started process (PID=327) to work on /home/airflow/.local/lib/python3.7/site-packages/airflow/example_dags/example_branch_day_of_week_operator.py
[2025-02-27T23:49:11.106+0000] {processor.py:756} INFO - Processing file /home/airflow/.local/lib/python3.7/site-packages/airflow/example_dags/example_branch_day_of_week_operator.py for tasks to queue
[2025-02-27T23:49:11.107+0000] {logging_mixin.py:120} INFO - [2025-02-27T23:49:11.107+0000] {dagbag.py:537} INFO - Filling up the DagBag from /home/airflow/.local/lib/python3.7/site-packages/airflow/example_dags/example_branch_day_of_week_operator.py
[2025-02-27T23:49:11.116+0000] {processor.py:766} INFO - DAG(s) dict_keys(['example_weekday_branch_operator']) retrieved from /home/airflow/.local/lib/python3.7/site-packages/airflow/example_dags/example_branch_day_of_week_operator.py
[2025-02-27T23:49:11.143+0000] {logging_mixin.py:120} INFO - [2025-02-27T23:49:11.142+0000] {dag.py:2585} INFO - Sync 1 DAGs
[2025-02-27T23:49:11.158+0000] {logging_mixin.py:120} INFO - [2025-02-27T23:49:11.158+0000] {dag.py:3340} INFO - Setting next_dagrun for example_weekday_branch_operator to 2025-02-26T00:00:00+00:00, run_after=2025-02-27T00:00:00+00:00
[2025-02-27T23:49:11.173+0000] {processor.py:176} INFO - Processing /home/airflow/.local/lib/python3.7/site-packages/airflow/example_dags/example_branch_day_of_week_operator.py took 0.071 seconds
[2025-02-27T23:49:41.872+0000] {processor.py:154} INFO - Started process (PID=391) to work on /home/airflow/.local/lib/python3.7/site-packages/airflow/example_dags/example_branch_day_of_week_operator.py
[2025-02-27T23:49:41.873+0000] {processor.py:756} INFO - Processing file /home/airflow/.local/lib/python3.7/site-packages/airflow/example_dags/example_branch_day_of_week_operator.py for tasks to queue
[2025-02-27T23:49:41.874+0000] {logging_mixin.py:120} INFO - [2025-02-27T23:49:41.874+0000] {dagbag.py:537} INFO - Filling up the DagBag from /home/airflow/.local/lib/python3.7/site-packages/airflow/example_dags/example_branch_day_of_week_operator.py
[2025-02-27T23:49:41.882+0000] {processor.py:766} INFO - DAG(s) dict_keys(['example_weekday_branch_operator']) retrieved from /home/airflow/.local/lib/python3.7/site-packages/airflow/example_dags/example_branch_day_of_week_operator.py
[2025-02-27T23:49:41.905+0000] {logging_mixin.py:120} INFO - [2025-02-27T23:49:41.905+0000] {dag.py:2585} INFO - Sync 1 DAGs
[2025-02-27T23:49:41.920+0000] {logging_mixin.py:120} INFO - [2025-02-27T23:49:41.920+0000] {dag.py:3340} INFO - Setting next_dagrun for example_weekday_branch_operator to 2025-02-26T00:00:00+00:00, run_after=2025-02-27T00:00:00+00:00
[2025-02-27T23:49:41.929+0000] {processor.py:176} INFO - Processing /home/airflow/.local/lib/python3.7/site-packages/airflow/example_dags/example_branch_day_of_week_operator.py took 0.059 seconds
[2025-02-27T23:50:12.691+0000] {processor.py:154} INFO - Started process (PID=455) to work on /home/airflow/.local/lib/python3.7/site-packages/airflow/example_dags/example_branch_day_of_week_operator.py
[2025-02-27T23:50:12.692+0000] {processor.py:756} INFO - Processing file /home/airflow/.local/lib/python3.7/site-packages/airflow/example_dags/example_branch_day_of_week_operator.py for tasks to queue
[2025-02-27T23:50:12.692+0000] {logging_mixin.py:120} INFO - [2025-02-27T23:50:12.692+0000] {dagbag.py:537} INFO - Filling up the DagBag from /home/airflow/.local/lib/python3.7/site-packages/airflow/example_dags/example_branch_day_of_week_operator.py
[2025-02-27T23:50:12.699+0000] {processor.py:766} INFO - DAG(s) dict_keys(['example_weekday_branch_operator']) retrieved from /home/airflow/.local/lib/python3.7/site-packages/airflow/example_dags/example_branch_day_of_week_operator.py
[2025-02-27T23:50:12.721+0000] {logging_mixin.py:120} INFO - [2025-02-27T23:50:12.721+0000] {dag.py:2585} INFO - Sync 1 DAGs
[2025-02-27T23:50:12.737+0000] {logging_mixin.py:120} INFO - [2025-02-27T23:50:12.737+0000] {dag.py:3340} INFO - Setting next_dagrun for example_weekday_branch_operator to 2025-02-26T00:00:00+00:00, run_after=2025-02-27T00:00:00+00:00
[2025-02-27T23:50:12.750+0000] {processor.py:176} INFO - Processing /home/airflow/.local/lib/python3.7/site-packages/airflow/example_dags/example_branch_day_of_week_operator.py took 0.061 seconds
[2025-02-27T23:50:43.581+0000] {processor.py:154} INFO - Started process (PID=510) to work on /home/airflow/.local/lib/python3.7/site-packages/airflow/example_dags/example_branch_day_of_week_operator.py
[2025-02-27T23:50:43.582+0000] {processor.py:756} INFO - Processing file /home/airflow/.local/lib/python3.7/site-packages/airflow/example_dags/example_branch_day_of_week_operator.py for tasks to queue
[2025-02-27T23:50:43.582+0000] {logging_mixin.py:120} INFO - [2025-02-27T23:50:43.582+0000] {dagbag.py:537} INFO - Filling up the DagBag from /home/airflow/.local/lib/python3.7/site-packages/airflow/example_dags/example_branch_day_of_week_operator.py
[2025-02-27T23:50:43.591+0000] {processor.py:766} INFO - DAG(s) dict_keys(['example_weekday_branch_operator']) retrieved from /home/airflow/.local/lib/python3.7/site-packages/airflow/example_dags/example_branch_day_of_week_operator.py
[2025-02-27T23:50:43.613+0000] {logging_mixin.py:120} INFO - [2025-02-27T23:50:43.613+0000] {dag.py:2585} INFO - Sync 1 DAGs
[2025-02-27T23:50:43.626+0000] {logging_mixin.py:120} INFO - [2025-02-27T23:50:43.626+0000] {dag.py:3340} INFO - Setting next_dagrun for example_weekday_branch_operator to 2025-02-26T00:00:00+00:00, run_after=2025-02-27T00:00:00+00:00
[2025-02-27T23:50:43.635+0000] {processor.py:176} INFO - Processing /home/airflow/.local/lib/python3.7/site-packages/airflow/example_dags/example_branch_day_of_week_operator.py took 0.056 seconds
[2025-02-27T23:51:14.435+0000] {processor.py:154} INFO - Started process (PID=574) to work on /home/airflow/.local/lib/python3.7/site-packages/airflow/example_dags/example_branch_day_of_week_operator.py
[2025-02-27T23:51:14.435+0000] {processor.py:756} INFO - Processing file /home/airflow/.local/lib/python3.7/site-packages/airflow/example_dags/example_branch_day_of_week_operator.py for tasks to queue
[2025-02-27T23:51:14.436+0000] {logging_mixin.py:120} INFO - [2025-02-27T23:51:14.436+0000] {dagbag.py:537} INFO - Filling up the DagBag from /home/airflow/.local/lib/python3.7/site-packages/airflow/example_dags/example_branch_day_of_week_operator.py
[2025-02-27T23:51:14.444+0000] {processor.py:766} INFO - DAG(s) dict_keys(['example_weekday_branch_operator']) retrieved from /home/airflow/.local/lib/python3.7/site-packages/airflow/example_dags/example_branch_day_of_week_operator.py
[2025-02-27T23:51:14.465+0000] {logging_mixin.py:120} INFO - [2025-02-27T23:51:14.465+0000] {dag.py:2585} INFO - Sync 1 DAGs
[2025-02-27T23:51:14.479+0000] {logging_mixin.py:120} INFO - [2025-02-27T23:51:14.479+0000] {dag.py:3340} INFO - Setting next_dagrun for example_weekday_branch_operator to 2025-02-26T00:00:00+00:00, run_after=2025-02-27T00:00:00+00:00
[2025-02-27T23:51:14.489+0000] {processor.py:176} INFO - Processing /home/airflow/.local/lib/python3.7/site-packages/airflow/example_dags/example_branch_day_of_week_operator.py took 0.056 seconds
[2025-02-27T23:51:45.364+0000] {processor.py:154} INFO - Started process (PID=638) to work on /home/airflow/.local/lib/python3.7/site-packages/airflow/example_dags/example_branch_day_of_week_operator.py
[2025-02-27T23:51:45.365+0000] {processor.py:756} INFO - Processing file /home/airflow/.local/lib/python3.7/site-packages/airflow/example_dags/example_branch_day_of_week_operator.py for tasks to queue
[2025-02-27T23:51:45.365+0000] {logging_mixin.py:120} INFO - [2025-02-27T23:51:45.365+0000] {dagbag.py:537} INFO - Filling up the DagBag from /home/airflow/.local/lib/python3.7/site-packages/airflow/example_dags/example_branch_day_of_week_operator.py
[2025-02-27T23:51:45.374+0000] {processor.py:766} INFO - DAG(s) dict_keys(['example_weekday_branch_operator']) retrieved from /home/airflow/.local/lib/python3.7/site-packages/airflow/example_dags/example_branch_day_of_week_operator.py
[2025-02-27T23:51:45.395+0000] {logging_mixin.py:120} INFO - [2025-02-27T23:51:45.395+0000] {dag.py:2585} INFO - Sync 1 DAGs
[2025-02-27T23:51:45.408+0000] {logging_mixin.py:120} INFO - [2025-02-27T23:51:45.408+0000] {dag.py:3340} INFO - Setting next_dagrun for example_weekday_branch_operator to 2025-02-26T00:00:00+00:00, run_after=2025-02-27T00:00:00+00:00
[2025-02-27T23:51:45.417+0000] {processor.py:176} INFO - Processing /home/airflow/.local/lib/python3.7/site-packages/airflow/example_dags/example_branch_day_of_week_operator.py took 0.055 seconds
[2025-02-27T23:52:16.169+0000] {processor.py:154} INFO - Started process (PID=702) to work on /home/airflow/.local/lib/python3.7/site-packages/airflow/example_dags/example_branch_day_of_week_operator.py
[2025-02-27T23:52:16.170+0000] {processor.py:756} INFO - Processing file /home/airflow/.local/lib/python3.7/site-packages/airflow/example_dags/example_branch_day_of_week_operator.py for tasks to queue
[2025-02-27T23:52:16.170+0000] {logging_mixin.py:120} INFO - [2025-02-27T23:52:16.170+0000] {dagbag.py:537} INFO - Filling up the DagBag from /home/airflow/.local/lib/python3.7/site-packages/airflow/example_dags/example_branch_day_of_week_operator.py
[2025-02-27T23:52:16.178+0000] {processor.py:766} INFO - DAG(s) dict_keys(['example_weekday_branch_operator']) retrieved from /home/airflow/.local/lib/python3.7/site-packages/airflow/example_dags/example_branch_day_of_week_operator.py
[2025-02-27T23:52:16.198+0000] {logging_mixin.py:120} INFO - [2025-02-27T23:52:16.198+0000] {dag.py:2585} INFO - Sync 1 DAGs
[2025-02-27T23:52:16.211+0000] {logging_mixin.py:120} INFO - [2025-02-27T23:52:16.211+0000] {dag.py:3340} INFO - Setting next_dagrun for example_weekday_branch_operator to 2025-02-26T00:00:00+00:00, run_after=2025-02-27T00:00:00+00:00
[2025-02-27T23:52:16.220+0000] {processor.py:176} INFO - Processing /home/airflow/.local/lib/python3.7/site-packages/airflow/example_dags/example_branch_day_of_week_operator.py took 0.053 seconds
[2025-02-27T23:52:47.009+0000] {processor.py:154} INFO - Started process (PID=765) to work on /home/airflow/.local/lib/python3.7/site-packages/airflow/example_dags/example_branch_day_of_week_operator.py
[2025-02-27T23:52:47.010+0000] {processor.py:756} INFO - Processing file /home/airflow/.local/lib/python3.7/site-packages/airflow/example_dags/example_branch_day_of_week_operator.py for tasks to queue
[2025-02-27T23:52:47.010+0000] {logging_mixin.py:120} INFO - [2025-02-27T23:52:47.010+0000] {dagbag.py:537} INFO - Filling up the DagBag from /home/airflow/.local/lib/python3.7/site-packages/airflow/example_dags/example_branch_day_of_week_operator.py
[2025-02-27T23:52:47.018+0000] {processor.py:766} INFO - DAG(s) dict_keys(['example_weekday_branch_operator']) retrieved from /home/airflow/.local/lib/python3.7/site-packages/airflow/example_dags/example_branch_day_of_week_operator.py
[2025-02-27T23:52:47.038+0000] {logging_mixin.py:120} INFO - [2025-02-27T23:52:47.038+0000] {dag.py:2585} INFO - Sync 1 DAGs
[2025-02-27T23:52:47.049+0000] {logging_mixin.py:120} INFO - [2025-02-27T23:52:47.049+0000] {dag.py:3340} INFO - Setting next_dagrun for example_weekday_branch_operator to 2025-02-26T00:00:00+00:00, run_after=2025-02-27T00:00:00+00:00
[2025-02-27T23:52:47.059+0000] {processor.py:176} INFO - Processing /home/airflow/.local/lib/python3.7/site-packages/airflow/example_dags/example_branch_day_of_week_operator.py took 0.051 seconds
[2025-02-27T23:53:17.768+0000] {processor.py:154} INFO - Started process (PID=827) to work on /home/airflow/.local/lib/python3.7/site-packages/airflow/example_dags/example_branch_day_of_week_operator.py
[2025-02-27T23:53:17.769+0000] {processor.py:756} INFO - Processing file /home/airflow/.local/lib/python3.7/site-packages/airflow/example_dags/example_branch_day_of_week_operator.py for tasks to queue
[2025-02-27T23:53:17.769+0000] {logging_mixin.py:120} INFO - [2025-02-27T23:53:17.769+0000] {dagbag.py:537} INFO - Filling up the DagBag from /home/airflow/.local/lib/python3.7/site-packages/airflow/example_dags/example_branch_day_of_week_operator.py
[2025-02-27T23:53:17.777+0000] {processor.py:766} INFO - DAG(s) dict_keys(['example_weekday_branch_operator']) retrieved from /home/airflow/.local/lib/python3.7/site-packages/airflow/example_dags/example_branch_day_of_week_operator.py
[2025-02-27T23:53:17.797+0000] {logging_mixin.py:120} INFO - [2025-02-27T23:53:17.797+0000] {dag.py:2585} INFO - Sync 1 DAGs
[2025-02-27T23:53:17.810+0000] {logging_mixin.py:120} INFO - [2025-02-27T23:53:17.810+0000] {dag.py:3340} INFO - Setting next_dagrun for example_weekday_branch_operator to 2025-02-26T00:00:00+00:00, run_after=2025-02-27T00:00:00+00:00
[2025-02-27T23:53:17.819+0000] {processor.py:176} INFO - Processing /home/airflow/.local/lib/python3.7/site-packages/airflow/example_dags/example_branch_day_of_week_operator.py took 0.053 seconds
[2025-02-27T23:53:48.659+0000] {processor.py:154} INFO - Started process (PID=891) to work on /home/airflow/.local/lib/python3.7/site-packages/airflow/example_dags/example_branch_day_of_week_operator.py
[2025-02-27T23:53:48.660+0000] {processor.py:756} INFO - Processing file /home/airflow/.local/lib/python3.7/site-packages/airflow/example_dags/example_branch_day_of_week_operator.py for tasks to queue
[2025-02-27T23:53:48.663+0000] {logging_mixin.py:120} INFO - [2025-02-27T23:53:48.663+0000] {dagbag.py:537} INFO - Filling up the DagBag from /home/airflow/.local/lib/python3.7/site-packages/airflow/example_dags/example_branch_day_of_week_operator.py
[2025-02-27T23:53:48.671+0000] {processor.py:766} INFO - DAG(s) dict_keys(['example_weekday_branch_operator']) retrieved from /home/airflow/.local/lib/python3.7/site-packages/airflow/example_dags/example_branch_day_of_week_operator.py
[2025-02-27T23:53:48.692+0000] {logging_mixin.py:120} INFO - [2025-02-27T23:53:48.692+0000] {dag.py:2585} INFO - Sync 1 DAGs
[2025-02-27T23:53:48.707+0000] {logging_mixin.py:120} INFO - [2025-02-27T23:53:48.706+0000] {dag.py:3340} INFO - Setting next_dagrun for example_weekday_branch_operator to 2025-02-26T00:00:00+00:00, run_after=2025-02-27T00:00:00+00:00
[2025-02-27T23:53:48.716+0000] {processor.py:176} INFO - Processing /home/airflow/.local/lib/python3.7/site-packages/airflow/example_dags/example_branch_day_of_week_operator.py took 0.059 seconds
[2025-02-27T23:54:19.654+0000] {processor.py:154} INFO - Started process (PID=954) to work on /home/airflow/.local/lib/python3.7/site-packages/airflow/example_dags/example_branch_day_of_week_operator.py
[2025-02-27T23:54:19.655+0000] {processor.py:756} INFO - Processing file /home/airflow/.local/lib/python3.7/site-packages/airflow/example_dags/example_branch_day_of_week_operator.py for tasks to queue
[2025-02-27T23:54:19.656+0000] {logging_mixin.py:120} INFO - [2025-02-27T23:54:19.656+0000] {dagbag.py:537} INFO - Filling up the DagBag from /home/airflow/.local/lib/python3.7/site-packages/airflow/example_dags/example_branch_day_of_week_operator.py
[2025-02-27T23:54:19.664+0000] {processor.py:766} INFO - DAG(s) dict_keys(['example_weekday_branch_operator']) retrieved from /home/airflow/.local/lib/python3.7/site-packages/airflow/example_dags/example_branch_day_of_week_operator.py
[2025-02-27T23:54:19.686+0000] {logging_mixin.py:120} INFO - [2025-02-27T23:54:19.685+0000] {dag.py:2585} INFO - Sync 1 DAGs
[2025-02-27T23:54:19.700+0000] {logging_mixin.py:120} INFO - [2025-02-27T23:54:19.700+0000] {dag.py:3340} INFO - Setting next_dagrun for example_weekday_branch_operator to 2025-02-26T00:00:00+00:00, run_after=2025-02-27T00:00:00+00:00
[2025-02-27T23:54:19.711+0000] {processor.py:176} INFO - Processing /home/airflow/.local/lib/python3.7/site-packages/airflow/example_dags/example_branch_day_of_week_operator.py took 0.058 seconds
[2025-02-27T23:54:50.490+0000] {processor.py:154} INFO - Started process (PID=1018) to work on /home/airflow/.local/lib/python3.7/site-packages/airflow/example_dags/example_branch_day_of_week_operator.py
[2025-02-27T23:54:50.491+0000] {processor.py:756} INFO - Processing file /home/airflow/.local/lib/python3.7/site-packages/airflow/example_dags/example_branch_day_of_week_operator.py for tasks to queue
[2025-02-27T23:54:50.491+0000] {logging_mixin.py:120} INFO - [2025-02-27T23:54:50.491+0000] {dagbag.py:537} INFO - Filling up the DagBag from /home/airflow/.local/lib/python3.7/site-packages/airflow/example_dags/example_branch_day_of_week_operator.py
[2025-02-27T23:54:50.500+0000] {processor.py:766} INFO - DAG(s) dict_keys(['example_weekday_branch_operator']) retrieved from /home/airflow/.local/lib/python3.7/site-packages/airflow/example_dags/example_branch_day_of_week_operator.py
[2025-02-27T23:54:50.523+0000] {logging_mixin.py:120} INFO - [2025-02-27T23:54:50.523+0000] {dag.py:2585} INFO - Sync 1 DAGs
[2025-02-27T23:54:50.539+0000] {logging_mixin.py:120} INFO - [2025-02-27T23:54:50.539+0000] {dag.py:3340} INFO - Setting next_dagrun for example_weekday_branch_operator to 2025-02-26T00:00:00+00:00, run_after=2025-02-27T00:00:00+00:00
[2025-02-27T23:54:50.549+0000] {processor.py:176} INFO - Processing /home/airflow/.local/lib/python3.7/site-packages/airflow/example_dags/example_branch_day_of_week_operator.py took 0.062 seconds
[2025-02-27T23:55:21.240+0000] {processor.py:154} INFO - Started process (PID=1073) to work on /home/airflow/.local/lib/python3.7/site-packages/airflow/example_dags/example_branch_day_of_week_operator.py
[2025-02-27T23:55:21.241+0000] {processor.py:756} INFO - Processing file /home/airflow/.local/lib/python3.7/site-packages/airflow/example_dags/example_branch_day_of_week_operator.py for tasks to queue
[2025-02-27T23:55:21.242+0000] {logging_mixin.py:120} INFO - [2025-02-27T23:55:21.242+0000] {dagbag.py:537} INFO - Filling up the DagBag from /home/airflow/.local/lib/python3.7/site-packages/airflow/example_dags/example_branch_day_of_week_operator.py
[2025-02-27T23:55:21.251+0000] {processor.py:766} INFO - DAG(s) dict_keys(['example_weekday_branch_operator']) retrieved from /home/airflow/.local/lib/python3.7/site-packages/airflow/example_dags/example_branch_day_of_week_operator.py
[2025-02-27T23:55:21.272+0000] {logging_mixin.py:120} INFO - [2025-02-27T23:55:21.272+0000] {dag.py:2585} INFO - Sync 1 DAGs
[2025-02-27T23:55:21.286+0000] {logging_mixin.py:120} INFO - [2025-02-27T23:55:21.286+0000] {dag.py:3340} INFO - Setting next_dagrun for example_weekday_branch_operator to 2025-02-26T00:00:00+00:00, run_after=2025-02-27T00:00:00+00:00
[2025-02-27T23:55:21.295+0000] {processor.py:176} INFO - Processing /home/airflow/.local/lib/python3.7/site-packages/airflow/example_dags/example_branch_day_of_week_operator.py took 0.056 seconds
[2025-02-27T23:55:51.980+0000] {processor.py:154} INFO - Started process (PID=1137) to work on /home/airflow/.local/lib/python3.7/site-packages/airflow/example_dags/example_branch_day_of_week_operator.py
[2025-02-27T23:55:51.981+0000] {processor.py:756} INFO - Processing file /home/airflow/.local/lib/python3.7/site-packages/airflow/example_dags/example_branch_day_of_week_operator.py for tasks to queue
[2025-02-27T23:55:51.981+0000] {logging_mixin.py:120} INFO - [2025-02-27T23:55:51.981+0000] {dagbag.py:537} INFO - Filling up the DagBag from /home/airflow/.local/lib/python3.7/site-packages/airflow/example_dags/example_branch_day_of_week_operator.py
[2025-02-27T23:55:51.989+0000] {processor.py:766} INFO - DAG(s) dict_keys(['example_weekday_branch_operator']) retrieved from /home/airflow/.local/lib/python3.7/site-packages/airflow/example_dags/example_branch_day_of_week_operator.py
[2025-02-27T23:55:52.009+0000] {logging_mixin.py:120} INFO - [2025-02-27T23:55:52.009+0000] {dag.py:2585} INFO - Sync 1 DAGs
[2025-02-27T23:55:52.024+0000] {logging_mixin.py:120} INFO - [2025-02-27T23:55:52.024+0000] {dag.py:3340} INFO - Setting next_dagrun for example_weekday_branch_operator to 2025-02-26T00:00:00+00:00, run_after=2025-02-27T00:00:00+00:00
[2025-02-27T23:55:52.033+0000] {processor.py:176} INFO - Processing /home/airflow/.local/lib/python3.7/site-packages/airflow/example_dags/example_branch_day_of_week_operator.py took 0.055 seconds
[2025-02-27T23:56:22.831+0000] {processor.py:154} INFO - Started process (PID=1201) to work on /home/airflow/.local/lib/python3.7/site-packages/airflow/example_dags/example_branch_day_of_week_operator.py
[2025-02-27T23:56:22.832+0000] {processor.py:756} INFO - Processing file /home/airflow/.local/lib/python3.7/site-packages/airflow/example_dags/example_branch_day_of_week_operator.py for tasks to queue
[2025-02-27T23:56:22.833+0000] {logging_mixin.py:120} INFO - [2025-02-27T23:56:22.833+0000] {dagbag.py:537} INFO - Filling up the DagBag from /home/airflow/.local/lib/python3.7/site-packages/airflow/example_dags/example_branch_day_of_week_operator.py
[2025-02-27T23:56:22.841+0000] {processor.py:766} INFO - DAG(s) dict_keys(['example_weekday_branch_operator']) retrieved from /home/airflow/.local/lib/python3.7/site-packages/airflow/example_dags/example_branch_day_of_week_operator.py
[2025-02-27T23:56:22.862+0000] {logging_mixin.py:120} INFO - [2025-02-27T23:56:22.862+0000] {dag.py:2585} INFO - Sync 1 DAGs
[2025-02-27T23:56:22.874+0000] {logging_mixin.py:120} INFO - [2025-02-27T23:56:22.874+0000] {dag.py:3340} INFO - Setting next_dagrun for example_weekday_branch_operator to 2025-02-26T00:00:00+00:00, run_after=2025-02-27T00:00:00+00:00
[2025-02-27T23:56:22.883+0000] {processor.py:176} INFO - Processing /home/airflow/.local/lib/python3.7/site-packages/airflow/example_dags/example_branch_day_of_week_operator.py took 0.054 seconds
[2025-02-27T23:56:53.590+0000] {processor.py:154} INFO - Started process (PID=1265) to work on /home/airflow/.local/lib/python3.7/site-packages/airflow/example_dags/example_branch_day_of_week_operator.py
[2025-02-27T23:56:53.591+0000] {processor.py:756} INFO - Processing file /home/airflow/.local/lib/python3.7/site-packages/airflow/example_dags/example_branch_day_of_week_operator.py for tasks to queue
[2025-02-27T23:56:53.592+0000] {logging_mixin.py:120} INFO - [2025-02-27T23:56:53.592+0000] {dagbag.py:537} INFO - Filling up the DagBag from /home/airflow/.local/lib/python3.7/site-packages/airflow/example_dags/example_branch_day_of_week_operator.py
[2025-02-27T23:56:53.601+0000] {processor.py:766} INFO - DAG(s) dict_keys(['example_weekday_branch_operator']) retrieved from /home/airflow/.local/lib/python3.7/site-packages/airflow/example_dags/example_branch_day_of_week_operator.py
[2025-02-27T23:56:53.623+0000] {logging_mixin.py:120} INFO - [2025-02-27T23:56:53.623+0000] {dag.py:2585} INFO - Sync 1 DAGs
[2025-02-27T23:56:53.666+0000] {logging_mixin.py:120} INFO - [2025-02-27T23:56:53.666+0000] {dag.py:3340} INFO - Setting next_dagrun for example_weekday_branch_operator to 2025-02-26T00:00:00+00:00, run_after=2025-02-27T00:00:00+00:00
[2025-02-27T23:56:53.677+0000] {processor.py:176} INFO - Processing /home/airflow/.local/lib/python3.7/site-packages/airflow/example_dags/example_branch_day_of_week_operator.py took 0.089 seconds
[2025-02-27T23:57:24.530+0000] {processor.py:154} INFO - Started process (PID=1329) to work on /home/airflow/.local/lib/python3.7/site-packages/airflow/example_dags/example_branch_day_of_week_operator.py
[2025-02-27T23:57:24.531+0000] {processor.py:756} INFO - Processing file /home/airflow/.local/lib/python3.7/site-packages/airflow/example_dags/example_branch_day_of_week_operator.py for tasks to queue
[2025-02-27T23:57:24.531+0000] {logging_mixin.py:120} INFO - [2025-02-27T23:57:24.531+0000] {dagbag.py:537} INFO - Filling up the DagBag from /home/airflow/.local/lib/python3.7/site-packages/airflow/example_dags/example_branch_day_of_week_operator.py
[2025-02-27T23:57:24.539+0000] {processor.py:766} INFO - DAG(s) dict_keys(['example_weekday_branch_operator']) retrieved from /home/airflow/.local/lib/python3.7/site-packages/airflow/example_dags/example_branch_day_of_week_operator.py
[2025-02-27T23:57:24.559+0000] {logging_mixin.py:120} INFO - [2025-02-27T23:57:24.559+0000] {dag.py:2585} INFO - Sync 1 DAGs
[2025-02-27T23:57:24.571+0000] {logging_mixin.py:120} INFO - [2025-02-27T23:57:24.571+0000] {dag.py:3340} INFO - Setting next_dagrun for example_weekday_branch_operator to 2025-02-26T00:00:00+00:00, run_after=2025-02-27T00:00:00+00:00
[2025-02-27T23:57:24.580+0000] {processor.py:176} INFO - Processing /home/airflow/.local/lib/python3.7/site-packages/airflow/example_dags/example_branch_day_of_week_operator.py took 0.052 seconds
[2025-02-27T23:57:55.406+0000] {processor.py:154} INFO - Started process (PID=1392) to work on /home/airflow/.local/lib/python3.7/site-packages/airflow/example_dags/example_branch_day_of_week_operator.py
[2025-02-27T23:57:55.407+0000] {processor.py:756} INFO - Processing file /home/airflow/.local/lib/python3.7/site-packages/airflow/example_dags/example_branch_day_of_week_operator.py for tasks to queue
[2025-02-27T23:57:55.408+0000] {logging_mixin.py:120} INFO - [2025-02-27T23:57:55.407+0000] {dagbag.py:537} INFO - Filling up the DagBag from /home/airflow/.local/lib/python3.7/site-packages/airflow/example_dags/example_branch_day_of_week_operator.py
[2025-02-27T23:57:55.416+0000] {processor.py:766} INFO - DAG(s) dict_keys(['example_weekday_branch_operator']) retrieved from /home/airflow/.local/lib/python3.7/site-packages/airflow/example_dags/example_branch_day_of_week_operator.py
[2025-02-27T23:57:55.436+0000] {logging_mixin.py:120} INFO - [2025-02-27T23:57:55.436+0000] {dag.py:2585} INFO - Sync 1 DAGs
[2025-02-27T23:57:55.451+0000] {logging_mixin.py:120} INFO - [2025-02-27T23:57:55.451+0000] {dag.py:3340} INFO - Setting next_dagrun for example_weekday_branch_operator to 2025-02-26T00:00:00+00:00, run_after=2025-02-27T00:00:00+00:00
[2025-02-27T23:57:55.461+0000] {processor.py:176} INFO - Processing /home/airflow/.local/lib/python3.7/site-packages/airflow/example_dags/example_branch_day_of_week_operator.py took 0.057 seconds
[2025-02-27T23:58:26.211+0000] {processor.py:154} INFO - Started process (PID=1455) to work on /home/airflow/.local/lib/python3.7/site-packages/airflow/example_dags/example_branch_day_of_week_operator.py
[2025-02-27T23:58:26.212+0000] {processor.py:756} INFO - Processing file /home/airflow/.local/lib/python3.7/site-packages/airflow/example_dags/example_branch_day_of_week_operator.py for tasks to queue
[2025-02-27T23:58:26.212+0000] {logging_mixin.py:120} INFO - [2025-02-27T23:58:26.212+0000] {dagbag.py:537} INFO - Filling up the DagBag from /home/airflow/.local/lib/python3.7/site-packages/airflow/example_dags/example_branch_day_of_week_operator.py
[2025-02-27T23:58:26.221+0000] {processor.py:766} INFO - DAG(s) dict_keys(['example_weekday_branch_operator']) retrieved from /home/airflow/.local/lib/python3.7/site-packages/airflow/example_dags/example_branch_day_of_week_operator.py
[2025-02-27T23:58:26.243+0000] {logging_mixin.py:120} INFO - [2025-02-27T23:58:26.243+0000] {dag.py:2585} INFO - Sync 1 DAGs
[2025-02-27T23:58:26.257+0000] {logging_mixin.py:120} INFO - [2025-02-27T23:58:26.256+0000] {dag.py:3340} INFO - Setting next_dagrun for example_weekday_branch_operator to 2025-02-26T00:00:00+00:00, run_after=2025-02-27T00:00:00+00:00
[2025-02-27T23:58:26.266+0000] {processor.py:176} INFO - Processing /home/airflow/.local/lib/python3.7/site-packages/airflow/example_dags/example_branch_day_of_week_operator.py took 0.057 seconds
[2025-02-27T23:58:56.977+0000] {processor.py:154} INFO - Started process (PID=1519) to work on /home/airflow/.local/lib/python3.7/site-packages/airflow/example_dags/example_branch_day_of_week_operator.py
[2025-02-27T23:58:56.978+0000] {processor.py:756} INFO - Processing file /home/airflow/.local/lib/python3.7/site-packages/airflow/example_dags/example_branch_day_of_week_operator.py for tasks to queue
[2025-02-27T23:58:56.979+0000] {logging_mixin.py:120} INFO - [2025-02-27T23:58:56.979+0000] {dagbag.py:537} INFO - Filling up the DagBag from /home/airflow/.local/lib/python3.7/site-packages/airflow/example_dags/example_branch_day_of_week_operator.py
[2025-02-27T23:58:56.987+0000] {processor.py:766} INFO - DAG(s) dict_keys(['example_weekday_branch_operator']) retrieved from /home/airflow/.local/lib/python3.7/site-packages/airflow/example_dags/example_branch_day_of_week_operator.py
[2025-02-27T23:58:57.008+0000] {logging_mixin.py:120} INFO - [2025-02-27T23:58:57.008+0000] {dag.py:2585} INFO - Sync 1 DAGs
[2025-02-27T23:58:57.019+0000] {logging_mixin.py:120} INFO - [2025-02-27T23:58:57.019+0000] {dag.py:3340} INFO - Setting next_dagrun for example_weekday_branch_operator to 2025-02-26T00:00:00+00:00, run_after=2025-02-27T00:00:00+00:00
[2025-02-27T23:58:57.030+0000] {processor.py:176} INFO - Processing /home/airflow/.local/lib/python3.7/site-packages/airflow/example_dags/example_branch_day_of_week_operator.py took 0.054 seconds
[2025-02-27T23:59:27.701+0000] {processor.py:154} INFO - Started process (PID=1581) to work on /home/airflow/.local/lib/python3.7/site-packages/airflow/example_dags/example_branch_day_of_week_operator.py
[2025-02-27T23:59:27.701+0000] {processor.py:756} INFO - Processing file /home/airflow/.local/lib/python3.7/site-packages/airflow/example_dags/example_branch_day_of_week_operator.py for tasks to queue
[2025-02-27T23:59:27.702+0000] {logging_mixin.py:120} INFO - [2025-02-27T23:59:27.702+0000] {dagbag.py:537} INFO - Filling up the DagBag from /home/airflow/.local/lib/python3.7/site-packages/airflow/example_dags/example_branch_day_of_week_operator.py
[2025-02-27T23:59:27.711+0000] {processor.py:766} INFO - DAG(s) dict_keys(['example_weekday_branch_operator']) retrieved from /home/airflow/.local/lib/python3.7/site-packages/airflow/example_dags/example_branch_day_of_week_operator.py
[2025-02-27T23:59:27.733+0000] {logging_mixin.py:120} INFO - [2025-02-27T23:59:27.733+0000] {dag.py:2585} INFO - Sync 1 DAGs
[2025-02-27T23:59:27.748+0000] {logging_mixin.py:120} INFO - [2025-02-27T23:59:27.748+0000] {dag.py:3340} INFO - Setting next_dagrun for example_weekday_branch_operator to 2025-02-26T00:00:00+00:00, run_after=2025-02-27T00:00:00+00:00
[2025-02-27T23:59:27.759+0000] {processor.py:176} INFO - Processing /home/airflow/.local/lib/python3.7/site-packages/airflow/example_dags/example_branch_day_of_week_operator.py took 0.060 seconds
[2025-02-27T23:59:58.542+0000] {processor.py:154} INFO - Started process (PID=1638) to work on /home/airflow/.local/lib/python3.7/site-packages/airflow/example_dags/example_branch_day_of_week_operator.py
[2025-02-27T23:59:58.543+0000] {processor.py:756} INFO - Processing file /home/airflow/.local/lib/python3.7/site-packages/airflow/example_dags/example_branch_day_of_week_operator.py for tasks to queue
[2025-02-27T23:59:58.543+0000] {logging_mixin.py:120} INFO - [2025-02-27T23:59:58.543+0000] {dagbag.py:537} INFO - Filling up the DagBag from /home/airflow/.local/lib/python3.7/site-packages/airflow/example_dags/example_branch_day_of_week_operator.py
[2025-02-27T23:59:58.552+0000] {processor.py:766} INFO - DAG(s) dict_keys(['example_weekday_branch_operator']) retrieved from /home/airflow/.local/lib/python3.7/site-packages/airflow/example_dags/example_branch_day_of_week_operator.py
[2025-02-27T23:59:58.572+0000] {logging_mixin.py:120} INFO - [2025-02-27T23:59:58.572+0000] {dag.py:2585} INFO - Sync 1 DAGs
[2025-02-27T23:59:58.587+0000] {logging_mixin.py:120} INFO - [2025-02-27T23:59:58.587+0000] {dag.py:3340} INFO - Setting next_dagrun for example_weekday_branch_operator to 2025-02-26T00:00:00+00:00, run_after=2025-02-27T00:00:00+00:00
[2025-02-27T23:59:58.597+0000] {processor.py:176} INFO - Processing /home/airflow/.local/lib/python3.7/site-packages/airflow/example_dags/example_branch_day_of_week_operator.py took 0.057 seconds
