[2025-02-27T23:47:05.266+0000] {processor.py:154} INFO - Started process (PID=37) to work on /home/airflow/.local/lib/python3.7/site-packages/airflow/example_dags/example_xcom.py
[2025-02-27T23:47:05.267+0000] {processor.py:756} INFO - Processing file /home/airflow/.local/lib/python3.7/site-packages/airflow/example_dags/example_xcom.py for tasks to queue
[2025-02-27T23:47:05.267+0000] {logging_mixin.py:120} INFO - [2025-02-27T23:47:05.267+0000] {dagbag.py:537} INFO - Filling up the DagBag from /home/airflow/.local/lib/python3.7/site-packages/airflow/example_dags/example_xcom.py
[2025-02-27T23:47:05.291+0000] {processor.py:766} INFO - DAG(s) dict_keys(['example_xcom']) retrieved from /home/airflow/.local/lib/python3.7/site-packages/airflow/example_dags/example_xcom.py
[2025-02-27T23:47:05.322+0000] {logging_mixin.py:120} INFO - [2025-02-27T23:47:05.322+0000] {dag.py:2585} INFO - Sync 1 DAGs
[2025-02-27T23:47:05.341+0000] {logging_mixin.py:120} INFO - [2025-02-27T23:47:05.340+0000] {dag.py:3340} INFO - Setting next_dagrun for example_xcom to 2021-01-01T00:00:00+00:00, run_after=2021-01-01T00:00:00+00:00
[2025-02-27T23:47:05.357+0000] {processor.py:176} INFO - Processing /home/airflow/.local/lib/python3.7/site-packages/airflow/example_dags/example_xcom.py took 0.093 seconds
[2025-02-27T23:47:35.837+0000] {processor.py:154} INFO - Started process (PID=101) to work on /home/airflow/.local/lib/python3.7/site-packages/airflow/example_dags/example_xcom.py
[2025-02-27T23:47:35.840+0000] {processor.py:756} INFO - Processing file /home/airflow/.local/lib/python3.7/site-packages/airflow/example_dags/example_xcom.py for tasks to queue
[2025-02-27T23:47:35.842+0000] {logging_mixin.py:120} INFO - [2025-02-27T23:47:35.842+0000] {dagbag.py:537} INFO - Filling up the DagBag from /home/airflow/.local/lib/python3.7/site-packages/airflow/example_dags/example_xcom.py
[2025-02-27T23:47:35.875+0000] {processor.py:766} INFO - DAG(s) dict_keys(['example_xcom']) retrieved from /home/airflow/.local/lib/python3.7/site-packages/airflow/example_dags/example_xcom.py
[2025-02-27T23:47:35.901+0000] {logging_mixin.py:120} INFO - [2025-02-27T23:47:35.901+0000] {dag.py:2585} INFO - Sync 1 DAGs
[2025-02-27T23:47:35.916+0000] {logging_mixin.py:120} INFO - [2025-02-27T23:47:35.916+0000] {dag.py:3340} INFO - Setting next_dagrun for example_xcom to 2021-01-01T00:00:00+00:00, run_after=2021-01-01T00:00:00+00:00
[2025-02-27T23:47:35.929+0000] {processor.py:176} INFO - Processing /home/airflow/.local/lib/python3.7/site-packages/airflow/example_dags/example_xcom.py took 0.098 seconds
[2025-02-27T23:48:06.014+0000] {processor.py:154} INFO - Started process (PID=166) to work on /home/airflow/.local/lib/python3.7/site-packages/airflow/example_dags/example_xcom.py
[2025-02-27T23:48:06.015+0000] {processor.py:756} INFO - Processing file /home/airflow/.local/lib/python3.7/site-packages/airflow/example_dags/example_xcom.py for tasks to queue
[2025-02-27T23:48:06.016+0000] {logging_mixin.py:120} INFO - [2025-02-27T23:48:06.016+0000] {dagbag.py:537} INFO - Filling up the DagBag from /home/airflow/.local/lib/python3.7/site-packages/airflow/example_dags/example_xcom.py
[2025-02-27T23:48:06.029+0000] {processor.py:766} INFO - DAG(s) dict_keys(['example_xcom']) retrieved from /home/airflow/.local/lib/python3.7/site-packages/airflow/example_dags/example_xcom.py
[2025-02-27T23:48:06.045+0000] {logging_mixin.py:120} INFO - [2025-02-27T23:48:06.045+0000] {dag.py:2585} INFO - Sync 1 DAGs
[2025-02-27T23:48:06.065+0000] {logging_mixin.py:120} INFO - [2025-02-27T23:48:06.065+0000] {dag.py:3340} INFO - Setting next_dagrun for example_xcom to 2021-01-01T00:00:00+00:00, run_after=2021-01-01T00:00:00+00:00
[2025-02-27T23:48:06.079+0000] {processor.py:176} INFO - Processing /home/airflow/.local/lib/python3.7/site-packages/airflow/example_dags/example_xcom.py took 0.066 seconds
[2025-02-27T23:48:36.593+0000] {processor.py:154} INFO - Started process (PID=230) to work on /home/airflow/.local/lib/python3.7/site-packages/airflow/example_dags/example_xcom.py
[2025-02-27T23:48:36.595+0000] {processor.py:756} INFO - Processing file /home/airflow/.local/lib/python3.7/site-packages/airflow/example_dags/example_xcom.py for tasks to queue
[2025-02-27T23:48:36.596+0000] {logging_mixin.py:120} INFO - [2025-02-27T23:48:36.596+0000] {dagbag.py:537} INFO - Filling up the DagBag from /home/airflow/.local/lib/python3.7/site-packages/airflow/example_dags/example_xcom.py
[2025-02-27T23:48:36.614+0000] {processor.py:766} INFO - DAG(s) dict_keys(['example_xcom']) retrieved from /home/airflow/.local/lib/python3.7/site-packages/airflow/example_dags/example_xcom.py
[2025-02-27T23:48:36.659+0000] {logging_mixin.py:120} INFO - [2025-02-27T23:48:36.659+0000] {dag.py:2585} INFO - Sync 1 DAGs
[2025-02-27T23:48:36.681+0000] {logging_mixin.py:120} INFO - [2025-02-27T23:48:36.681+0000] {dag.py:3340} INFO - Setting next_dagrun for example_xcom to 2021-01-01T00:00:00+00:00, run_after=2021-01-01T00:00:00+00:00
[2025-02-27T23:48:36.705+0000] {processor.py:176} INFO - Processing /home/airflow/.local/lib/python3.7/site-packages/airflow/example_dags/example_xcom.py took 0.115 seconds
[2025-02-27T23:49:07.525+0000] {processor.py:154} INFO - Started process (PID=285) to work on /home/airflow/.local/lib/python3.7/site-packages/airflow/example_dags/example_xcom.py
[2025-02-27T23:49:07.528+0000] {processor.py:756} INFO - Processing file /home/airflow/.local/lib/python3.7/site-packages/airflow/example_dags/example_xcom.py for tasks to queue
[2025-02-27T23:49:07.529+0000] {logging_mixin.py:120} INFO - [2025-02-27T23:49:07.529+0000] {dagbag.py:537} INFO - Filling up the DagBag from /home/airflow/.local/lib/python3.7/site-packages/airflow/example_dags/example_xcom.py
[2025-02-27T23:49:07.572+0000] {processor.py:766} INFO - DAG(s) dict_keys(['example_xcom']) retrieved from /home/airflow/.local/lib/python3.7/site-packages/airflow/example_dags/example_xcom.py
[2025-02-27T23:49:07.605+0000] {logging_mixin.py:120} INFO - [2025-02-27T23:49:07.605+0000] {dag.py:2585} INFO - Sync 1 DAGs
[2025-02-27T23:49:07.619+0000] {logging_mixin.py:120} INFO - [2025-02-27T23:49:07.619+0000] {dag.py:3340} INFO - Setting next_dagrun for example_xcom to 2021-01-01T00:00:00+00:00, run_after=2021-01-01T00:00:00+00:00
[2025-02-27T23:49:07.630+0000] {processor.py:176} INFO - Processing /home/airflow/.local/lib/python3.7/site-packages/airflow/example_dags/example_xcom.py took 0.110 seconds
[2025-02-27T23:49:38.443+0000] {processor.py:154} INFO - Started process (PID=349) to work on /home/airflow/.local/lib/python3.7/site-packages/airflow/example_dags/example_xcom.py
[2025-02-27T23:49:38.445+0000] {processor.py:756} INFO - Processing file /home/airflow/.local/lib/python3.7/site-packages/airflow/example_dags/example_xcom.py for tasks to queue
[2025-02-27T23:49:38.446+0000] {logging_mixin.py:120} INFO - [2025-02-27T23:49:38.446+0000] {dagbag.py:537} INFO - Filling up the DagBag from /home/airflow/.local/lib/python3.7/site-packages/airflow/example_dags/example_xcom.py
[2025-02-27T23:49:38.468+0000] {processor.py:766} INFO - DAG(s) dict_keys(['example_xcom']) retrieved from /home/airflow/.local/lib/python3.7/site-packages/airflow/example_dags/example_xcom.py
[2025-02-27T23:49:38.493+0000] {logging_mixin.py:120} INFO - [2025-02-27T23:49:38.493+0000] {dag.py:2585} INFO - Sync 1 DAGs
[2025-02-27T23:49:38.507+0000] {logging_mixin.py:120} INFO - [2025-02-27T23:49:38.507+0000] {dag.py:3340} INFO - Setting next_dagrun for example_xcom to 2021-01-01T00:00:00+00:00, run_after=2021-01-01T00:00:00+00:00
[2025-02-27T23:49:38.516+0000] {processor.py:176} INFO - Processing /home/airflow/.local/lib/python3.7/site-packages/airflow/example_dags/example_xcom.py took 0.077 seconds
[2025-02-27T23:50:09.228+0000] {processor.py:154} INFO - Started process (PID=413) to work on /home/airflow/.local/lib/python3.7/site-packages/airflow/example_dags/example_xcom.py
[2025-02-27T23:50:09.230+0000] {processor.py:756} INFO - Processing file /home/airflow/.local/lib/python3.7/site-packages/airflow/example_dags/example_xcom.py for tasks to queue
[2025-02-27T23:50:09.231+0000] {logging_mixin.py:120} INFO - [2025-02-27T23:50:09.231+0000] {dagbag.py:537} INFO - Filling up the DagBag from /home/airflow/.local/lib/python3.7/site-packages/airflow/example_dags/example_xcom.py
[2025-02-27T23:50:09.259+0000] {processor.py:766} INFO - DAG(s) dict_keys(['example_xcom']) retrieved from /home/airflow/.local/lib/python3.7/site-packages/airflow/example_dags/example_xcom.py
[2025-02-27T23:50:09.288+0000] {logging_mixin.py:120} INFO - [2025-02-27T23:50:09.288+0000] {dag.py:2585} INFO - Sync 1 DAGs
[2025-02-27T23:50:09.302+0000] {logging_mixin.py:120} INFO - [2025-02-27T23:50:09.302+0000] {dag.py:3340} INFO - Setting next_dagrun for example_xcom to 2021-01-01T00:00:00+00:00, run_after=2021-01-01T00:00:00+00:00
[2025-02-27T23:50:09.311+0000] {processor.py:176} INFO - Processing /home/airflow/.local/lib/python3.7/site-packages/airflow/example_dags/example_xcom.py took 0.090 seconds
[2025-02-27T23:50:40.160+0000] {processor.py:154} INFO - Started process (PID=477) to work on /home/airflow/.local/lib/python3.7/site-packages/airflow/example_dags/example_xcom.py
[2025-02-27T23:50:40.161+0000] {processor.py:756} INFO - Processing file /home/airflow/.local/lib/python3.7/site-packages/airflow/example_dags/example_xcom.py for tasks to queue
[2025-02-27T23:50:40.162+0000] {logging_mixin.py:120} INFO - [2025-02-27T23:50:40.162+0000] {dagbag.py:537} INFO - Filling up the DagBag from /home/airflow/.local/lib/python3.7/site-packages/airflow/example_dags/example_xcom.py
[2025-02-27T23:50:40.184+0000] {processor.py:766} INFO - DAG(s) dict_keys(['example_xcom']) retrieved from /home/airflow/.local/lib/python3.7/site-packages/airflow/example_dags/example_xcom.py
[2025-02-27T23:50:40.209+0000] {logging_mixin.py:120} INFO - [2025-02-27T23:50:40.209+0000] {dag.py:2585} INFO - Sync 1 DAGs
[2025-02-27T23:50:40.222+0000] {logging_mixin.py:120} INFO - [2025-02-27T23:50:40.222+0000] {dag.py:3340} INFO - Setting next_dagrun for example_xcom to 2021-01-01T00:00:00+00:00, run_after=2021-01-01T00:00:00+00:00
[2025-02-27T23:50:40.231+0000] {processor.py:176} INFO - Processing /home/airflow/.local/lib/python3.7/site-packages/airflow/example_dags/example_xcom.py took 0.076 seconds
[2025-02-27T23:51:11.009+0000] {processor.py:154} INFO - Started process (PID=541) to work on /home/airflow/.local/lib/python3.7/site-packages/airflow/example_dags/example_xcom.py
[2025-02-27T23:51:11.010+0000] {processor.py:756} INFO - Processing file /home/airflow/.local/lib/python3.7/site-packages/airflow/example_dags/example_xcom.py for tasks to queue
[2025-02-27T23:51:11.011+0000] {logging_mixin.py:120} INFO - [2025-02-27T23:51:11.011+0000] {dagbag.py:537} INFO - Filling up the DagBag from /home/airflow/.local/lib/python3.7/site-packages/airflow/example_dags/example_xcom.py
[2025-02-27T23:51:11.037+0000] {processor.py:766} INFO - DAG(s) dict_keys(['example_xcom']) retrieved from /home/airflow/.local/lib/python3.7/site-packages/airflow/example_dags/example_xcom.py
[2025-02-27T23:51:11.062+0000] {logging_mixin.py:120} INFO - [2025-02-27T23:51:11.062+0000] {dag.py:2585} INFO - Sync 1 DAGs
[2025-02-27T23:51:11.076+0000] {logging_mixin.py:120} INFO - [2025-02-27T23:51:11.076+0000] {dag.py:3340} INFO - Setting next_dagrun for example_xcom to 2021-01-01T00:00:00+00:00, run_after=2021-01-01T00:00:00+00:00
[2025-02-27T23:51:11.086+0000] {processor.py:176} INFO - Processing /home/airflow/.local/lib/python3.7/site-packages/airflow/example_dags/example_xcom.py took 0.081 seconds
[2025-02-27T23:51:41.812+0000] {processor.py:154} INFO - Started process (PID=605) to work on /home/airflow/.local/lib/python3.7/site-packages/airflow/example_dags/example_xcom.py
[2025-02-27T23:51:41.813+0000] {processor.py:756} INFO - Processing file /home/airflow/.local/lib/python3.7/site-packages/airflow/example_dags/example_xcom.py for tasks to queue
[2025-02-27T23:51:41.814+0000] {logging_mixin.py:120} INFO - [2025-02-27T23:51:41.814+0000] {dagbag.py:537} INFO - Filling up the DagBag from /home/airflow/.local/lib/python3.7/site-packages/airflow/example_dags/example_xcom.py
[2025-02-27T23:51:41.825+0000] {processor.py:766} INFO - DAG(s) dict_keys(['example_xcom']) retrieved from /home/airflow/.local/lib/python3.7/site-packages/airflow/example_dags/example_xcom.py
[2025-02-27T23:51:41.846+0000] {logging_mixin.py:120} INFO - [2025-02-27T23:51:41.846+0000] {dag.py:2585} INFO - Sync 1 DAGs
[2025-02-27T23:51:41.858+0000] {logging_mixin.py:120} INFO - [2025-02-27T23:51:41.858+0000] {dag.py:3340} INFO - Setting next_dagrun for example_xcom to 2021-01-01T00:00:00+00:00, run_after=2021-01-01T00:00:00+00:00
[2025-02-27T23:51:41.867+0000] {processor.py:176} INFO - Processing /home/airflow/.local/lib/python3.7/site-packages/airflow/example_dags/example_xcom.py took 0.057 seconds
[2025-02-27T23:52:12.747+0000] {processor.py:154} INFO - Started process (PID=669) to work on /home/airflow/.local/lib/python3.7/site-packages/airflow/example_dags/example_xcom.py
[2025-02-27T23:52:12.749+0000] {processor.py:756} INFO - Processing file /home/airflow/.local/lib/python3.7/site-packages/airflow/example_dags/example_xcom.py for tasks to queue
[2025-02-27T23:52:12.750+0000] {logging_mixin.py:120} INFO - [2025-02-27T23:52:12.750+0000] {dagbag.py:537} INFO - Filling up the DagBag from /home/airflow/.local/lib/python3.7/site-packages/airflow/example_dags/example_xcom.py
[2025-02-27T23:52:12.771+0000] {processor.py:766} INFO - DAG(s) dict_keys(['example_xcom']) retrieved from /home/airflow/.local/lib/python3.7/site-packages/airflow/example_dags/example_xcom.py
[2025-02-27T23:52:12.795+0000] {logging_mixin.py:120} INFO - [2025-02-27T23:52:12.795+0000] {dag.py:2585} INFO - Sync 1 DAGs
[2025-02-27T23:52:12.808+0000] {logging_mixin.py:120} INFO - [2025-02-27T23:52:12.808+0000] {dag.py:3340} INFO - Setting next_dagrun for example_xcom to 2021-01-01T00:00:00+00:00, run_after=2021-01-01T00:00:00+00:00
[2025-02-27T23:52:12.818+0000] {processor.py:176} INFO - Processing /home/airflow/.local/lib/python3.7/site-packages/airflow/example_dags/example_xcom.py took 0.075 seconds
[2025-02-27T23:52:43.535+0000] {processor.py:154} INFO - Started process (PID=732) to work on /home/airflow/.local/lib/python3.7/site-packages/airflow/example_dags/example_xcom.py
[2025-02-27T23:52:43.536+0000] {processor.py:756} INFO - Processing file /home/airflow/.local/lib/python3.7/site-packages/airflow/example_dags/example_xcom.py for tasks to queue
[2025-02-27T23:52:43.537+0000] {logging_mixin.py:120} INFO - [2025-02-27T23:52:43.537+0000] {dagbag.py:537} INFO - Filling up the DagBag from /home/airflow/.local/lib/python3.7/site-packages/airflow/example_dags/example_xcom.py
[2025-02-27T23:52:43.548+0000] {processor.py:766} INFO - DAG(s) dict_keys(['example_xcom']) retrieved from /home/airflow/.local/lib/python3.7/site-packages/airflow/example_dags/example_xcom.py
[2025-02-27T23:52:43.569+0000] {logging_mixin.py:120} INFO - [2025-02-27T23:52:43.569+0000] {dag.py:2585} INFO - Sync 1 DAGs
[2025-02-27T23:52:43.583+0000] {logging_mixin.py:120} INFO - [2025-02-27T23:52:43.582+0000] {dag.py:3340} INFO - Setting next_dagrun for example_xcom to 2021-01-01T00:00:00+00:00, run_after=2021-01-01T00:00:00+00:00
[2025-02-27T23:52:43.594+0000] {processor.py:176} INFO - Processing /home/airflow/.local/lib/python3.7/site-packages/airflow/example_dags/example_xcom.py took 0.060 seconds
[2025-02-27T23:53:14.345+0000] {processor.py:154} INFO - Started process (PID=794) to work on /home/airflow/.local/lib/python3.7/site-packages/airflow/example_dags/example_xcom.py
[2025-02-27T23:53:14.346+0000] {processor.py:756} INFO - Processing file /home/airflow/.local/lib/python3.7/site-packages/airflow/example_dags/example_xcom.py for tasks to queue
[2025-02-27T23:53:14.346+0000] {logging_mixin.py:120} INFO - [2025-02-27T23:53:14.346+0000] {dagbag.py:537} INFO - Filling up the DagBag from /home/airflow/.local/lib/python3.7/site-packages/airflow/example_dags/example_xcom.py
[2025-02-27T23:53:14.358+0000] {processor.py:766} INFO - DAG(s) dict_keys(['example_xcom']) retrieved from /home/airflow/.local/lib/python3.7/site-packages/airflow/example_dags/example_xcom.py
[2025-02-27T23:53:14.377+0000] {logging_mixin.py:120} INFO - [2025-02-27T23:53:14.377+0000] {dag.py:2585} INFO - Sync 1 DAGs
[2025-02-27T23:53:14.392+0000] {logging_mixin.py:120} INFO - [2025-02-27T23:53:14.392+0000] {dag.py:3340} INFO - Setting next_dagrun for example_xcom to 2021-01-01T00:00:00+00:00, run_after=2021-01-01T00:00:00+00:00
[2025-02-27T23:53:14.402+0000] {processor.py:176} INFO - Processing /home/airflow/.local/lib/python3.7/site-packages/airflow/example_dags/example_xcom.py took 0.058 seconds
[2025-02-27T23:53:45.201+0000] {processor.py:154} INFO - Started process (PID=849) to work on /home/airflow/.local/lib/python3.7/site-packages/airflow/example_dags/example_xcom.py
[2025-02-27T23:53:45.204+0000] {processor.py:756} INFO - Processing file /home/airflow/.local/lib/python3.7/site-packages/airflow/example_dags/example_xcom.py for tasks to queue
[2025-02-27T23:53:45.206+0000] {logging_mixin.py:120} INFO - [2025-02-27T23:53:45.206+0000] {dagbag.py:537} INFO - Filling up the DagBag from /home/airflow/.local/lib/python3.7/site-packages/airflow/example_dags/example_xcom.py
[2025-02-27T23:53:45.234+0000] {processor.py:766} INFO - DAG(s) dict_keys(['example_xcom']) retrieved from /home/airflow/.local/lib/python3.7/site-packages/airflow/example_dags/example_xcom.py
[2025-02-27T23:53:45.259+0000] {logging_mixin.py:120} INFO - [2025-02-27T23:53:45.259+0000] {dag.py:2585} INFO - Sync 1 DAGs
[2025-02-27T23:53:45.271+0000] {logging_mixin.py:120} INFO - [2025-02-27T23:53:45.271+0000] {dag.py:3340} INFO - Setting next_dagrun for example_xcom to 2021-01-01T00:00:00+00:00, run_after=2021-01-01T00:00:00+00:00
[2025-02-27T23:53:45.282+0000] {processor.py:176} INFO - Processing /home/airflow/.local/lib/python3.7/site-packages/airflow/example_dags/example_xcom.py took 0.085 seconds
[2025-02-27T23:54:16.023+0000] {processor.py:154} INFO - Started process (PID=913) to work on /home/airflow/.local/lib/python3.7/site-packages/airflow/example_dags/example_xcom.py
[2025-02-27T23:54:16.025+0000] {processor.py:756} INFO - Processing file /home/airflow/.local/lib/python3.7/site-packages/airflow/example_dags/example_xcom.py for tasks to queue
[2025-02-27T23:54:16.026+0000] {logging_mixin.py:120} INFO - [2025-02-27T23:54:16.025+0000] {dagbag.py:537} INFO - Filling up the DagBag from /home/airflow/.local/lib/python3.7/site-packages/airflow/example_dags/example_xcom.py
[2025-02-27T23:54:16.048+0000] {processor.py:766} INFO - DAG(s) dict_keys(['example_xcom']) retrieved from /home/airflow/.local/lib/python3.7/site-packages/airflow/example_dags/example_xcom.py
[2025-02-27T23:54:16.079+0000] {logging_mixin.py:120} INFO - [2025-02-27T23:54:16.079+0000] {dag.py:2585} INFO - Sync 1 DAGs
[2025-02-27T23:54:16.093+0000] {logging_mixin.py:120} INFO - [2025-02-27T23:54:16.093+0000] {dag.py:3340} INFO - Setting next_dagrun for example_xcom to 2021-01-01T00:00:00+00:00, run_after=2021-01-01T00:00:00+00:00
[2025-02-27T23:54:16.105+0000] {processor.py:176} INFO - Processing /home/airflow/.local/lib/python3.7/site-packages/airflow/example_dags/example_xcom.py took 0.085 seconds
[2025-02-27T23:54:47.038+0000] {processor.py:154} INFO - Started process (PID=976) to work on /home/airflow/.local/lib/python3.7/site-packages/airflow/example_dags/example_xcom.py
[2025-02-27T23:54:47.040+0000] {processor.py:756} INFO - Processing file /home/airflow/.local/lib/python3.7/site-packages/airflow/example_dags/example_xcom.py for tasks to queue
[2025-02-27T23:54:47.040+0000] {logging_mixin.py:120} INFO - [2025-02-27T23:54:47.040+0000] {dagbag.py:537} INFO - Filling up the DagBag from /home/airflow/.local/lib/python3.7/site-packages/airflow/example_dags/example_xcom.py
[2025-02-27T23:54:47.067+0000] {processor.py:766} INFO - DAG(s) dict_keys(['example_xcom']) retrieved from /home/airflow/.local/lib/python3.7/site-packages/airflow/example_dags/example_xcom.py
[2025-02-27T23:54:47.094+0000] {logging_mixin.py:120} INFO - [2025-02-27T23:54:47.093+0000] {dag.py:2585} INFO - Sync 1 DAGs
[2025-02-27T23:54:47.106+0000] {logging_mixin.py:120} INFO - [2025-02-27T23:54:47.106+0000] {dag.py:3340} INFO - Setting next_dagrun for example_xcom to 2021-01-01T00:00:00+00:00, run_after=2021-01-01T00:00:00+00:00
[2025-02-27T23:54:47.117+0000] {processor.py:176} INFO - Processing /home/airflow/.local/lib/python3.7/site-packages/airflow/example_dags/example_xcom.py took 0.083 seconds
[2025-02-27T23:55:17.823+0000] {processor.py:154} INFO - Started process (PID=1040) to work on /home/airflow/.local/lib/python3.7/site-packages/airflow/example_dags/example_xcom.py
[2025-02-27T23:55:17.824+0000] {processor.py:756} INFO - Processing file /home/airflow/.local/lib/python3.7/site-packages/airflow/example_dags/example_xcom.py for tasks to queue
[2025-02-27T23:55:17.825+0000] {logging_mixin.py:120} INFO - [2025-02-27T23:55:17.825+0000] {dagbag.py:537} INFO - Filling up the DagBag from /home/airflow/.local/lib/python3.7/site-packages/airflow/example_dags/example_xcom.py
[2025-02-27T23:55:17.846+0000] {processor.py:766} INFO - DAG(s) dict_keys(['example_xcom']) retrieved from /home/airflow/.local/lib/python3.7/site-packages/airflow/example_dags/example_xcom.py
[2025-02-27T23:55:17.871+0000] {logging_mixin.py:120} INFO - [2025-02-27T23:55:17.870+0000] {dag.py:2585} INFO - Sync 1 DAGs
[2025-02-27T23:55:17.888+0000] {logging_mixin.py:120} INFO - [2025-02-27T23:55:17.888+0000] {dag.py:3340} INFO - Setting next_dagrun for example_xcom to 2021-01-01T00:00:00+00:00, run_after=2021-01-01T00:00:00+00:00
[2025-02-27T23:55:17.900+0000] {processor.py:176} INFO - Processing /home/airflow/.local/lib/python3.7/site-packages/airflow/example_dags/example_xcom.py took 0.081 seconds
[2025-02-27T23:55:48.588+0000] {processor.py:154} INFO - Started process (PID=1104) to work on /home/airflow/.local/lib/python3.7/site-packages/airflow/example_dags/example_xcom.py
[2025-02-27T23:55:48.590+0000] {processor.py:756} INFO - Processing file /home/airflow/.local/lib/python3.7/site-packages/airflow/example_dags/example_xcom.py for tasks to queue
[2025-02-27T23:55:48.591+0000] {logging_mixin.py:120} INFO - [2025-02-27T23:55:48.591+0000] {dagbag.py:537} INFO - Filling up the DagBag from /home/airflow/.local/lib/python3.7/site-packages/airflow/example_dags/example_xcom.py
[2025-02-27T23:55:48.615+0000] {processor.py:766} INFO - DAG(s) dict_keys(['example_xcom']) retrieved from /home/airflow/.local/lib/python3.7/site-packages/airflow/example_dags/example_xcom.py
[2025-02-27T23:55:48.642+0000] {logging_mixin.py:120} INFO - [2025-02-27T23:55:48.642+0000] {dag.py:2585} INFO - Sync 1 DAGs
[2025-02-27T23:55:48.656+0000] {logging_mixin.py:120} INFO - [2025-02-27T23:55:48.656+0000] {dag.py:3340} INFO - Setting next_dagrun for example_xcom to 2021-01-01T00:00:00+00:00, run_after=2021-01-01T00:00:00+00:00
[2025-02-27T23:55:48.666+0000] {processor.py:176} INFO - Processing /home/airflow/.local/lib/python3.7/site-packages/airflow/example_dags/example_xcom.py took 0.081 seconds
[2025-02-27T23:56:19.311+0000] {processor.py:154} INFO - Started process (PID=1168) to work on /home/airflow/.local/lib/python3.7/site-packages/airflow/example_dags/example_xcom.py
[2025-02-27T23:56:19.313+0000] {processor.py:756} INFO - Processing file /home/airflow/.local/lib/python3.7/site-packages/airflow/example_dags/example_xcom.py for tasks to queue
[2025-02-27T23:56:19.313+0000] {logging_mixin.py:120} INFO - [2025-02-27T23:56:19.313+0000] {dagbag.py:537} INFO - Filling up the DagBag from /home/airflow/.local/lib/python3.7/site-packages/airflow/example_dags/example_xcom.py
[2025-02-27T23:56:19.327+0000] {processor.py:766} INFO - DAG(s) dict_keys(['example_xcom']) retrieved from /home/airflow/.local/lib/python3.7/site-packages/airflow/example_dags/example_xcom.py
[2025-02-27T23:56:19.354+0000] {logging_mixin.py:120} INFO - [2025-02-27T23:56:19.354+0000] {dag.py:2585} INFO - Sync 1 DAGs
[2025-02-27T23:56:19.368+0000] {logging_mixin.py:120} INFO - [2025-02-27T23:56:19.368+0000] {dag.py:3340} INFO - Setting next_dagrun for example_xcom to 2021-01-01T00:00:00+00:00, run_after=2021-01-01T00:00:00+00:00
[2025-02-27T23:56:19.378+0000] {processor.py:176} INFO - Processing /home/airflow/.local/lib/python3.7/site-packages/airflow/example_dags/example_xcom.py took 0.070 seconds
[2025-02-27T23:56:50.122+0000] {processor.py:154} INFO - Started process (PID=1232) to work on /home/airflow/.local/lib/python3.7/site-packages/airflow/example_dags/example_xcom.py
[2025-02-27T23:56:50.123+0000] {processor.py:756} INFO - Processing file /home/airflow/.local/lib/python3.7/site-packages/airflow/example_dags/example_xcom.py for tasks to queue
[2025-02-27T23:56:50.124+0000] {logging_mixin.py:120} INFO - [2025-02-27T23:56:50.124+0000] {dagbag.py:537} INFO - Filling up the DagBag from /home/airflow/.local/lib/python3.7/site-packages/airflow/example_dags/example_xcom.py
[2025-02-27T23:56:50.141+0000] {processor.py:766} INFO - DAG(s) dict_keys(['example_xcom']) retrieved from /home/airflow/.local/lib/python3.7/site-packages/airflow/example_dags/example_xcom.py
[2025-02-27T23:56:50.165+0000] {logging_mixin.py:120} INFO - [2025-02-27T23:56:50.165+0000] {dag.py:2585} INFO - Sync 1 DAGs
[2025-02-27T23:56:50.180+0000] {logging_mixin.py:120} INFO - [2025-02-27T23:56:50.180+0000] {dag.py:3340} INFO - Setting next_dagrun for example_xcom to 2021-01-01T00:00:00+00:00, run_after=2021-01-01T00:00:00+00:00
[2025-02-27T23:56:50.191+0000] {processor.py:176} INFO - Processing /home/airflow/.local/lib/python3.7/site-packages/airflow/example_dags/example_xcom.py took 0.070 seconds
[2025-02-27T23:57:21.002+0000] {processor.py:154} INFO - Started process (PID=1296) to work on /home/airflow/.local/lib/python3.7/site-packages/airflow/example_dags/example_xcom.py
[2025-02-27T23:57:21.004+0000] {processor.py:756} INFO - Processing file /home/airflow/.local/lib/python3.7/site-packages/airflow/example_dags/example_xcom.py for tasks to queue
[2025-02-27T23:57:21.004+0000] {logging_mixin.py:120} INFO - [2025-02-27T23:57:21.004+0000] {dagbag.py:537} INFO - Filling up the DagBag from /home/airflow/.local/lib/python3.7/site-packages/airflow/example_dags/example_xcom.py
[2025-02-27T23:57:21.020+0000] {processor.py:766} INFO - DAG(s) dict_keys(['example_xcom']) retrieved from /home/airflow/.local/lib/python3.7/site-packages/airflow/example_dags/example_xcom.py
[2025-02-27T23:57:21.044+0000] {logging_mixin.py:120} INFO - [2025-02-27T23:57:21.044+0000] {dag.py:2585} INFO - Sync 1 DAGs
[2025-02-27T23:57:21.057+0000] {logging_mixin.py:120} INFO - [2025-02-27T23:57:21.057+0000] {dag.py:3340} INFO - Setting next_dagrun for example_xcom to 2021-01-01T00:00:00+00:00, run_after=2021-01-01T00:00:00+00:00
[2025-02-27T23:57:21.067+0000] {processor.py:176} INFO - Processing /home/airflow/.local/lib/python3.7/site-packages/airflow/example_dags/example_xcom.py took 0.067 seconds
[2025-02-27T23:57:51.893+0000] {processor.py:154} INFO - Started process (PID=1359) to work on /home/airflow/.local/lib/python3.7/site-packages/airflow/example_dags/example_xcom.py
[2025-02-27T23:57:51.896+0000] {processor.py:756} INFO - Processing file /home/airflow/.local/lib/python3.7/site-packages/airflow/example_dags/example_xcom.py for tasks to queue
[2025-02-27T23:57:51.896+0000] {logging_mixin.py:120} INFO - [2025-02-27T23:57:51.896+0000] {dagbag.py:537} INFO - Filling up the DagBag from /home/airflow/.local/lib/python3.7/site-packages/airflow/example_dags/example_xcom.py
[2025-02-27T23:57:51.912+0000] {processor.py:766} INFO - DAG(s) dict_keys(['example_xcom']) retrieved from /home/airflow/.local/lib/python3.7/site-packages/airflow/example_dags/example_xcom.py
[2025-02-27T23:57:51.946+0000] {logging_mixin.py:120} INFO - [2025-02-27T23:57:51.946+0000] {dag.py:2585} INFO - Sync 1 DAGs
[2025-02-27T23:57:51.967+0000] {logging_mixin.py:120} INFO - [2025-02-27T23:57:51.967+0000] {dag.py:3340} INFO - Setting next_dagrun for example_xcom to 2021-01-01T00:00:00+00:00, run_after=2021-01-01T00:00:00+00:00
[2025-02-27T23:57:51.979+0000] {processor.py:176} INFO - Processing /home/airflow/.local/lib/python3.7/site-packages/airflow/example_dags/example_xcom.py took 0.088 seconds
[2025-02-27T23:58:22.764+0000] {processor.py:154} INFO - Started process (PID=1413) to work on /home/airflow/.local/lib/python3.7/site-packages/airflow/example_dags/example_xcom.py
[2025-02-27T23:58:22.766+0000] {processor.py:756} INFO - Processing file /home/airflow/.local/lib/python3.7/site-packages/airflow/example_dags/example_xcom.py for tasks to queue
[2025-02-27T23:58:22.766+0000] {logging_mixin.py:120} INFO - [2025-02-27T23:58:22.766+0000] {dagbag.py:537} INFO - Filling up the DagBag from /home/airflow/.local/lib/python3.7/site-packages/airflow/example_dags/example_xcom.py
[2025-02-27T23:58:22.784+0000] {processor.py:766} INFO - DAG(s) dict_keys(['example_xcom']) retrieved from /home/airflow/.local/lib/python3.7/site-packages/airflow/example_dags/example_xcom.py
[2025-02-27T23:58:22.809+0000] {logging_mixin.py:120} INFO - [2025-02-27T23:58:22.809+0000] {dag.py:2585} INFO - Sync 1 DAGs
[2025-02-27T23:58:22.821+0000] {logging_mixin.py:120} INFO - [2025-02-27T23:58:22.821+0000] {dag.py:3340} INFO - Setting next_dagrun for example_xcom to 2021-01-01T00:00:00+00:00, run_after=2021-01-01T00:00:00+00:00
[2025-02-27T23:58:22.831+0000] {processor.py:176} INFO - Processing /home/airflow/.local/lib/python3.7/site-packages/airflow/example_dags/example_xcom.py took 0.071 seconds
[2025-02-27T23:58:53.532+0000] {processor.py:154} INFO - Started process (PID=1477) to work on /home/airflow/.local/lib/python3.7/site-packages/airflow/example_dags/example_xcom.py
[2025-02-27T23:58:53.533+0000] {processor.py:756} INFO - Processing file /home/airflow/.local/lib/python3.7/site-packages/airflow/example_dags/example_xcom.py for tasks to queue
[2025-02-27T23:58:53.533+0000] {logging_mixin.py:120} INFO - [2025-02-27T23:58:53.533+0000] {dagbag.py:537} INFO - Filling up the DagBag from /home/airflow/.local/lib/python3.7/site-packages/airflow/example_dags/example_xcom.py
[2025-02-27T23:58:53.552+0000] {processor.py:766} INFO - DAG(s) dict_keys(['example_xcom']) retrieved from /home/airflow/.local/lib/python3.7/site-packages/airflow/example_dags/example_xcom.py
[2025-02-27T23:58:53.576+0000] {logging_mixin.py:120} INFO - [2025-02-27T23:58:53.576+0000] {dag.py:2585} INFO - Sync 1 DAGs
[2025-02-27T23:58:53.589+0000] {logging_mixin.py:120} INFO - [2025-02-27T23:58:53.589+0000] {dag.py:3340} INFO - Setting next_dagrun for example_xcom to 2021-01-01T00:00:00+00:00, run_after=2021-01-01T00:00:00+00:00
[2025-02-27T23:58:53.599+0000] {processor.py:176} INFO - Processing /home/airflow/.local/lib/python3.7/site-packages/airflow/example_dags/example_xcom.py took 0.070 seconds
[2025-02-27T23:59:24.287+0000] {processor.py:154} INFO - Started process (PID=1541) to work on /home/airflow/.local/lib/python3.7/site-packages/airflow/example_dags/example_xcom.py
[2025-02-27T23:59:24.288+0000] {processor.py:756} INFO - Processing file /home/airflow/.local/lib/python3.7/site-packages/airflow/example_dags/example_xcom.py for tasks to queue
[2025-02-27T23:59:24.288+0000] {logging_mixin.py:120} INFO - [2025-02-27T23:59:24.288+0000] {dagbag.py:537} INFO - Filling up the DagBag from /home/airflow/.local/lib/python3.7/site-packages/airflow/example_dags/example_xcom.py
[2025-02-27T23:59:24.304+0000] {processor.py:766} INFO - DAG(s) dict_keys(['example_xcom']) retrieved from /home/airflow/.local/lib/python3.7/site-packages/airflow/example_dags/example_xcom.py
[2025-02-27T23:59:24.325+0000] {logging_mixin.py:120} INFO - [2025-02-27T23:59:24.325+0000] {dag.py:2585} INFO - Sync 1 DAGs
[2025-02-27T23:59:24.339+0000] {logging_mixin.py:120} INFO - [2025-02-27T23:59:24.339+0000] {dag.py:3340} INFO - Setting next_dagrun for example_xcom to 2021-01-01T00:00:00+00:00, run_after=2021-01-01T00:00:00+00:00
[2025-02-27T23:59:24.349+0000] {processor.py:176} INFO - Processing /home/airflow/.local/lib/python3.7/site-packages/airflow/example_dags/example_xcom.py took 0.063 seconds
[2025-02-27T23:59:55.046+0000] {processor.py:154} INFO - Started process (PID=1605) to work on /home/airflow/.local/lib/python3.7/site-packages/airflow/example_dags/example_xcom.py
[2025-02-27T23:59:55.048+0000] {processor.py:756} INFO - Processing file /home/airflow/.local/lib/python3.7/site-packages/airflow/example_dags/example_xcom.py for tasks to queue
[2025-02-27T23:59:55.049+0000] {logging_mixin.py:120} INFO - [2025-02-27T23:59:55.049+0000] {dagbag.py:537} INFO - Filling up the DagBag from /home/airflow/.local/lib/python3.7/site-packages/airflow/example_dags/example_xcom.py
[2025-02-27T23:59:55.065+0000] {processor.py:766} INFO - DAG(s) dict_keys(['example_xcom']) retrieved from /home/airflow/.local/lib/python3.7/site-packages/airflow/example_dags/example_xcom.py
[2025-02-27T23:59:55.093+0000] {logging_mixin.py:120} INFO - [2025-02-27T23:59:55.093+0000] {dag.py:2585} INFO - Sync 1 DAGs
[2025-02-27T23:59:55.106+0000] {logging_mixin.py:120} INFO - [2025-02-27T23:59:55.106+0000] {dag.py:3340} INFO - Setting next_dagrun for example_xcom to 2021-01-01T00:00:00+00:00, run_after=2021-01-01T00:00:00+00:00
[2025-02-27T23:59:55.116+0000] {processor.py:176} INFO - Processing /home/airflow/.local/lib/python3.7/site-packages/airflow/example_dags/example_xcom.py took 0.073 seconds
