[2025-02-27T23:47:06.083+0000] {processor.py:154} INFO - Started process (PID=48) to work on /home/airflow/.local/lib/python3.7/site-packages/airflow/example_dags/example_datasets.py
[2025-02-27T23:47:06.086+0000] {processor.py:756} INFO - Processing file /home/airflow/.local/lib/python3.7/site-packages/airflow/example_dags/example_datasets.py for tasks to queue
[2025-02-27T23:47:06.086+0000] {logging_mixin.py:120} INFO - [2025-02-27T23:47:06.086+0000] {dagbag.py:537} INFO - Filling up the DagBag from /home/airflow/.local/lib/python3.7/site-packages/airflow/example_dags/example_datasets.py
[2025-02-27T23:47:06.110+0000] {processor.py:766} INFO - DAG(s) dict_keys(['dataset_produces_1', 'dataset_consumes_1_never_scheduled', 'dataset_consumes_unknown_never_scheduled', 'dataset_produces_2', 'dataset_consumes_1', 'dataset_consumes_1_and_2']) retrieved from /home/airflow/.local/lib/python3.7/site-packages/airflow/example_dags/example_datasets.py
[2025-02-27T23:47:06.204+0000] {logging_mixin.py:120} INFO - [2025-02-27T23:47:06.203+0000] {dag.py:2585} INFO - Sync 6 DAGs
[2025-02-27T23:47:06.230+0000] {logging_mixin.py:120} INFO - [2025-02-27T23:47:06.230+0000] {dag.py:3340} INFO - Setting next_dagrun for dataset_consumes_1 to None, run_after=None
[2025-02-27T23:47:06.233+0000] {logging_mixin.py:120} INFO - [2025-02-27T23:47:06.233+0000] {dag.py:3340} INFO - Setting next_dagrun for dataset_consumes_1_and_2 to None, run_after=None
[2025-02-27T23:47:06.234+0000] {logging_mixin.py:120} INFO - [2025-02-27T23:47:06.234+0000] {dag.py:3340} INFO - Setting next_dagrun for dataset_consumes_1_never_scheduled to None, run_after=None
[2025-02-27T23:47:06.239+0000] {logging_mixin.py:120} INFO - [2025-02-27T23:47:06.239+0000] {dag.py:3340} INFO - Setting next_dagrun for dataset_consumes_unknown_never_scheduled to None, run_after=None
[2025-02-27T23:47:06.244+0000] {logging_mixin.py:120} INFO - [2025-02-27T23:47:06.244+0000] {dag.py:3340} INFO - Setting next_dagrun for dataset_produces_1 to 2025-02-26T00:00:00+00:00, run_after=2025-02-27T00:00:00+00:00
[2025-02-27T23:47:06.246+0000] {logging_mixin.py:120} INFO - [2025-02-27T23:47:06.246+0000] {dag.py:3340} INFO - Setting next_dagrun for dataset_produces_2 to None, run_after=None
[2025-02-27T23:47:06.272+0000] {processor.py:176} INFO - Processing /home/airflow/.local/lib/python3.7/site-packages/airflow/example_dags/example_datasets.py took 0.195 seconds
[2025-02-27T23:47:36.454+0000] {processor.py:154} INFO - Started process (PID=112) to work on /home/airflow/.local/lib/python3.7/site-packages/airflow/example_dags/example_datasets.py
[2025-02-27T23:47:36.455+0000] {processor.py:756} INFO - Processing file /home/airflow/.local/lib/python3.7/site-packages/airflow/example_dags/example_datasets.py for tasks to queue
[2025-02-27T23:47:36.455+0000] {logging_mixin.py:120} INFO - [2025-02-27T23:47:36.455+0000] {dagbag.py:537} INFO - Filling up the DagBag from /home/airflow/.local/lib/python3.7/site-packages/airflow/example_dags/example_datasets.py
[2025-02-27T23:47:36.466+0000] {processor.py:766} INFO - DAG(s) dict_keys(['dataset_consumes_1_and_2', 'dataset_consumes_1', 'dataset_produces_1', 'dataset_consumes_unknown_never_scheduled', 'dataset_produces_2', 'dataset_consumes_1_never_scheduled']) retrieved from /home/airflow/.local/lib/python3.7/site-packages/airflow/example_dags/example_datasets.py
[2025-02-27T23:47:36.494+0000] {logging_mixin.py:120} INFO - [2025-02-27T23:47:36.494+0000] {dag.py:2585} INFO - Sync 6 DAGs
[2025-02-27T23:47:36.508+0000] {logging_mixin.py:120} INFO - [2025-02-27T23:47:36.508+0000] {dag.py:3340} INFO - Setting next_dagrun for dataset_consumes_1 to None, run_after=None
[2025-02-27T23:47:36.510+0000] {logging_mixin.py:120} INFO - [2025-02-27T23:47:36.510+0000] {dag.py:3340} INFO - Setting next_dagrun for dataset_consumes_1_and_2 to None, run_after=None
[2025-02-27T23:47:36.512+0000] {logging_mixin.py:120} INFO - [2025-02-27T23:47:36.512+0000] {dag.py:3340} INFO - Setting next_dagrun for dataset_consumes_1_never_scheduled to None, run_after=None
[2025-02-27T23:47:36.513+0000] {logging_mixin.py:120} INFO - [2025-02-27T23:47:36.513+0000] {dag.py:3340} INFO - Setting next_dagrun for dataset_consumes_unknown_never_scheduled to None, run_after=None
[2025-02-27T23:47:36.514+0000] {logging_mixin.py:120} INFO - [2025-02-27T23:47:36.514+0000] {dag.py:3340} INFO - Setting next_dagrun for dataset_produces_1 to 2025-02-26T00:00:00+00:00, run_after=2025-02-27T00:00:00+00:00
[2025-02-27T23:47:36.515+0000] {logging_mixin.py:120} INFO - [2025-02-27T23:47:36.515+0000] {dag.py:3340} INFO - Setting next_dagrun for dataset_produces_2 to None, run_after=None
[2025-02-27T23:47:36.533+0000] {processor.py:176} INFO - Processing /home/airflow/.local/lib/python3.7/site-packages/airflow/example_dags/example_datasets.py took 0.080 seconds
[2025-02-27T23:48:07.458+0000] {processor.py:154} INFO - Started process (PID=177) to work on /home/airflow/.local/lib/python3.7/site-packages/airflow/example_dags/example_datasets.py
[2025-02-27T23:48:07.459+0000] {processor.py:756} INFO - Processing file /home/airflow/.local/lib/python3.7/site-packages/airflow/example_dags/example_datasets.py for tasks to queue
[2025-02-27T23:48:07.460+0000] {logging_mixin.py:120} INFO - [2025-02-27T23:48:07.460+0000] {dagbag.py:537} INFO - Filling up the DagBag from /home/airflow/.local/lib/python3.7/site-packages/airflow/example_dags/example_datasets.py
[2025-02-27T23:48:07.468+0000] {processor.py:766} INFO - DAG(s) dict_keys(['dataset_produces_1', 'dataset_produces_2', 'dataset_consumes_1', 'dataset_consumes_unknown_never_scheduled', 'dataset_consumes_1_and_2', 'dataset_consumes_1_never_scheduled']) retrieved from /home/airflow/.local/lib/python3.7/site-packages/airflow/example_dags/example_datasets.py
[2025-02-27T23:48:07.484+0000] {logging_mixin.py:120} INFO - [2025-02-27T23:48:07.484+0000] {dag.py:2585} INFO - Sync 6 DAGs
[2025-02-27T23:48:07.499+0000] {logging_mixin.py:120} INFO - [2025-02-27T23:48:07.499+0000] {dag.py:3340} INFO - Setting next_dagrun for dataset_consumes_1 to None, run_after=None
[2025-02-27T23:48:07.501+0000] {logging_mixin.py:120} INFO - [2025-02-27T23:48:07.500+0000] {dag.py:3340} INFO - Setting next_dagrun for dataset_consumes_1_and_2 to None, run_after=None
[2025-02-27T23:48:07.501+0000] {logging_mixin.py:120} INFO - [2025-02-27T23:48:07.501+0000] {dag.py:3340} INFO - Setting next_dagrun for dataset_consumes_1_never_scheduled to None, run_after=None
[2025-02-27T23:48:07.502+0000] {logging_mixin.py:120} INFO - [2025-02-27T23:48:07.502+0000] {dag.py:3340} INFO - Setting next_dagrun for dataset_consumes_unknown_never_scheduled to None, run_after=None
[2025-02-27T23:48:07.504+0000] {logging_mixin.py:120} INFO - [2025-02-27T23:48:07.504+0000] {dag.py:3340} INFO - Setting next_dagrun for dataset_produces_1 to 2025-02-26T00:00:00+00:00, run_after=2025-02-27T00:00:00+00:00
[2025-02-27T23:48:07.504+0000] {logging_mixin.py:120} INFO - [2025-02-27T23:48:07.504+0000] {dag.py:3340} INFO - Setting next_dagrun for dataset_produces_2 to None, run_after=None
[2025-02-27T23:48:07.520+0000] {processor.py:176} INFO - Processing /home/airflow/.local/lib/python3.7/site-packages/airflow/example_dags/example_datasets.py took 0.064 seconds
[2025-02-27T23:48:38.185+0000] {processor.py:154} INFO - Started process (PID=241) to work on /home/airflow/.local/lib/python3.7/site-packages/airflow/example_dags/example_datasets.py
[2025-02-27T23:48:38.186+0000] {processor.py:756} INFO - Processing file /home/airflow/.local/lib/python3.7/site-packages/airflow/example_dags/example_datasets.py for tasks to queue
[2025-02-27T23:48:38.187+0000] {logging_mixin.py:120} INFO - [2025-02-27T23:48:38.187+0000] {dagbag.py:537} INFO - Filling up the DagBag from /home/airflow/.local/lib/python3.7/site-packages/airflow/example_dags/example_datasets.py
[2025-02-27T23:48:38.196+0000] {processor.py:766} INFO - DAG(s) dict_keys(['dataset_produces_1', 'dataset_produces_2', 'dataset_consumes_1_never_scheduled', 'dataset_consumes_1', 'dataset_consumes_unknown_never_scheduled', 'dataset_consumes_1_and_2']) retrieved from /home/airflow/.local/lib/python3.7/site-packages/airflow/example_dags/example_datasets.py
[2025-02-27T23:48:38.246+0000] {logging_mixin.py:120} INFO - [2025-02-27T23:48:38.246+0000] {dag.py:2585} INFO - Sync 6 DAGs
[2025-02-27T23:48:38.260+0000] {logging_mixin.py:120} INFO - [2025-02-27T23:48:38.260+0000] {dag.py:3340} INFO - Setting next_dagrun for dataset_consumes_1 to None, run_after=None
[2025-02-27T23:48:38.261+0000] {logging_mixin.py:120} INFO - [2025-02-27T23:48:38.261+0000] {dag.py:3340} INFO - Setting next_dagrun for dataset_consumes_1_and_2 to None, run_after=None
[2025-02-27T23:48:38.262+0000] {logging_mixin.py:120} INFO - [2025-02-27T23:48:38.262+0000] {dag.py:3340} INFO - Setting next_dagrun for dataset_consumes_1_never_scheduled to None, run_after=None
[2025-02-27T23:48:38.263+0000] {logging_mixin.py:120} INFO - [2025-02-27T23:48:38.263+0000] {dag.py:3340} INFO - Setting next_dagrun for dataset_consumes_unknown_never_scheduled to None, run_after=None
[2025-02-27T23:48:38.264+0000] {logging_mixin.py:120} INFO - [2025-02-27T23:48:38.264+0000] {dag.py:3340} INFO - Setting next_dagrun for dataset_produces_1 to 2025-02-26T00:00:00+00:00, run_after=2025-02-27T00:00:00+00:00
[2025-02-27T23:48:38.265+0000] {logging_mixin.py:120} INFO - [2025-02-27T23:48:38.265+0000] {dag.py:3340} INFO - Setting next_dagrun for dataset_produces_2 to None, run_after=None
[2025-02-27T23:48:38.280+0000] {processor.py:176} INFO - Processing /home/airflow/.local/lib/python3.7/site-packages/airflow/example_dags/example_datasets.py took 0.097 seconds
[2025-02-27T23:49:09.109+0000] {processor.py:154} INFO - Started process (PID=305) to work on /home/airflow/.local/lib/python3.7/site-packages/airflow/example_dags/example_datasets.py
[2025-02-27T23:49:09.110+0000] {processor.py:756} INFO - Processing file /home/airflow/.local/lib/python3.7/site-packages/airflow/example_dags/example_datasets.py for tasks to queue
[2025-02-27T23:49:09.110+0000] {logging_mixin.py:120} INFO - [2025-02-27T23:49:09.110+0000] {dagbag.py:537} INFO - Filling up the DagBag from /home/airflow/.local/lib/python3.7/site-packages/airflow/example_dags/example_datasets.py
[2025-02-27T23:49:09.119+0000] {processor.py:766} INFO - DAG(s) dict_keys(['dataset_consumes_1_never_scheduled', 'dataset_produces_2', 'dataset_consumes_1', 'dataset_consumes_unknown_never_scheduled', 'dataset_produces_1', 'dataset_consumes_1_and_2']) retrieved from /home/airflow/.local/lib/python3.7/site-packages/airflow/example_dags/example_datasets.py
[2025-02-27T23:49:09.147+0000] {logging_mixin.py:120} INFO - [2025-02-27T23:49:09.147+0000] {dag.py:2585} INFO - Sync 6 DAGs
[2025-02-27T23:49:09.161+0000] {logging_mixin.py:120} INFO - [2025-02-27T23:49:09.161+0000] {dag.py:3340} INFO - Setting next_dagrun for dataset_consumes_1 to None, run_after=None
[2025-02-27T23:49:09.163+0000] {logging_mixin.py:120} INFO - [2025-02-27T23:49:09.163+0000] {dag.py:3340} INFO - Setting next_dagrun for dataset_consumes_1_and_2 to None, run_after=None
[2025-02-27T23:49:09.164+0000] {logging_mixin.py:120} INFO - [2025-02-27T23:49:09.164+0000] {dag.py:3340} INFO - Setting next_dagrun for dataset_consumes_1_never_scheduled to None, run_after=None
[2025-02-27T23:49:09.165+0000] {logging_mixin.py:120} INFO - [2025-02-27T23:49:09.165+0000] {dag.py:3340} INFO - Setting next_dagrun for dataset_consumes_unknown_never_scheduled to None, run_after=None
[2025-02-27T23:49:09.166+0000] {logging_mixin.py:120} INFO - [2025-02-27T23:49:09.166+0000] {dag.py:3340} INFO - Setting next_dagrun for dataset_produces_1 to 2025-02-26T00:00:00+00:00, run_after=2025-02-27T00:00:00+00:00
[2025-02-27T23:49:09.167+0000] {logging_mixin.py:120} INFO - [2025-02-27T23:49:09.167+0000] {dag.py:3340} INFO - Setting next_dagrun for dataset_produces_2 to None, run_after=None
[2025-02-27T23:49:09.183+0000] {processor.py:176} INFO - Processing /home/airflow/.local/lib/python3.7/site-packages/airflow/example_dags/example_datasets.py took 0.076 seconds
[2025-02-27T23:49:39.974+0000] {processor.py:154} INFO - Started process (PID=360) to work on /home/airflow/.local/lib/python3.7/site-packages/airflow/example_dags/example_datasets.py
[2025-02-27T23:49:39.974+0000] {processor.py:756} INFO - Processing file /home/airflow/.local/lib/python3.7/site-packages/airflow/example_dags/example_datasets.py for tasks to queue
[2025-02-27T23:49:39.975+0000] {logging_mixin.py:120} INFO - [2025-02-27T23:49:39.975+0000] {dagbag.py:537} INFO - Filling up the DagBag from /home/airflow/.local/lib/python3.7/site-packages/airflow/example_dags/example_datasets.py
[2025-02-27T23:49:39.983+0000] {processor.py:766} INFO - DAG(s) dict_keys(['dataset_produces_1', 'dataset_consumes_1_never_scheduled', 'dataset_consumes_1_and_2', 'dataset_consumes_unknown_never_scheduled', 'dataset_produces_2', 'dataset_consumes_1']) retrieved from /home/airflow/.local/lib/python3.7/site-packages/airflow/example_dags/example_datasets.py
[2025-02-27T23:49:40.011+0000] {logging_mixin.py:120} INFO - [2025-02-27T23:49:40.011+0000] {dag.py:2585} INFO - Sync 6 DAGs
[2025-02-27T23:49:40.024+0000] {logging_mixin.py:120} INFO - [2025-02-27T23:49:40.024+0000] {dag.py:3340} INFO - Setting next_dagrun for dataset_consumes_1 to None, run_after=None
[2025-02-27T23:49:40.025+0000] {logging_mixin.py:120} INFO - [2025-02-27T23:49:40.025+0000] {dag.py:3340} INFO - Setting next_dagrun for dataset_consumes_1_and_2 to None, run_after=None
[2025-02-27T23:49:40.026+0000] {logging_mixin.py:120} INFO - [2025-02-27T23:49:40.026+0000] {dag.py:3340} INFO - Setting next_dagrun for dataset_consumes_1_never_scheduled to None, run_after=None
[2025-02-27T23:49:40.026+0000] {logging_mixin.py:120} INFO - [2025-02-27T23:49:40.026+0000] {dag.py:3340} INFO - Setting next_dagrun for dataset_consumes_unknown_never_scheduled to None, run_after=None
[2025-02-27T23:49:40.028+0000] {logging_mixin.py:120} INFO - [2025-02-27T23:49:40.028+0000] {dag.py:3340} INFO - Setting next_dagrun for dataset_produces_1 to 2025-02-26T00:00:00+00:00, run_after=2025-02-27T00:00:00+00:00
[2025-02-27T23:49:40.029+0000] {logging_mixin.py:120} INFO - [2025-02-27T23:49:40.028+0000] {dag.py:3340} INFO - Setting next_dagrun for dataset_produces_2 to None, run_after=None
[2025-02-27T23:49:40.042+0000] {processor.py:176} INFO - Processing /home/airflow/.local/lib/python3.7/site-packages/airflow/example_dags/example_datasets.py took 0.070 seconds
[2025-02-27T23:50:10.742+0000] {processor.py:154} INFO - Started process (PID=424) to work on /home/airflow/.local/lib/python3.7/site-packages/airflow/example_dags/example_datasets.py
[2025-02-27T23:50:10.743+0000] {processor.py:756} INFO - Processing file /home/airflow/.local/lib/python3.7/site-packages/airflow/example_dags/example_datasets.py for tasks to queue
[2025-02-27T23:50:10.743+0000] {logging_mixin.py:120} INFO - [2025-02-27T23:50:10.743+0000] {dagbag.py:537} INFO - Filling up the DagBag from /home/airflow/.local/lib/python3.7/site-packages/airflow/example_dags/example_datasets.py
[2025-02-27T23:50:10.752+0000] {processor.py:766} INFO - DAG(s) dict_keys(['dataset_consumes_unknown_never_scheduled', 'dataset_consumes_1', 'dataset_produces_2', 'dataset_consumes_1_and_2', 'dataset_consumes_1_never_scheduled', 'dataset_produces_1']) retrieved from /home/airflow/.local/lib/python3.7/site-packages/airflow/example_dags/example_datasets.py
[2025-02-27T23:50:10.780+0000] {logging_mixin.py:120} INFO - [2025-02-27T23:50:10.780+0000] {dag.py:2585} INFO - Sync 6 DAGs
[2025-02-27T23:50:10.793+0000] {logging_mixin.py:120} INFO - [2025-02-27T23:50:10.793+0000] {dag.py:3340} INFO - Setting next_dagrun for dataset_consumes_1 to None, run_after=None
[2025-02-27T23:50:10.795+0000] {logging_mixin.py:120} INFO - [2025-02-27T23:50:10.795+0000] {dag.py:3340} INFO - Setting next_dagrun for dataset_consumes_1_and_2 to None, run_after=None
[2025-02-27T23:50:10.796+0000] {logging_mixin.py:120} INFO - [2025-02-27T23:50:10.796+0000] {dag.py:3340} INFO - Setting next_dagrun for dataset_consumes_1_never_scheduled to None, run_after=None
[2025-02-27T23:50:10.797+0000] {logging_mixin.py:120} INFO - [2025-02-27T23:50:10.797+0000] {dag.py:3340} INFO - Setting next_dagrun for dataset_consumes_unknown_never_scheduled to None, run_after=None
[2025-02-27T23:50:10.798+0000] {logging_mixin.py:120} INFO - [2025-02-27T23:50:10.798+0000] {dag.py:3340} INFO - Setting next_dagrun for dataset_produces_1 to 2025-02-26T00:00:00+00:00, run_after=2025-02-27T00:00:00+00:00
[2025-02-27T23:50:10.799+0000] {logging_mixin.py:120} INFO - [2025-02-27T23:50:10.799+0000] {dag.py:3340} INFO - Setting next_dagrun for dataset_produces_2 to None, run_after=None
[2025-02-27T23:50:10.815+0000] {processor.py:176} INFO - Processing /home/airflow/.local/lib/python3.7/site-packages/airflow/example_dags/example_datasets.py took 0.075 seconds
[2025-02-27T23:50:41.657+0000] {processor.py:154} INFO - Started process (PID=488) to work on /home/airflow/.local/lib/python3.7/site-packages/airflow/example_dags/example_datasets.py
[2025-02-27T23:50:41.658+0000] {processor.py:756} INFO - Processing file /home/airflow/.local/lib/python3.7/site-packages/airflow/example_dags/example_datasets.py for tasks to queue
[2025-02-27T23:50:41.658+0000] {logging_mixin.py:120} INFO - [2025-02-27T23:50:41.658+0000] {dagbag.py:537} INFO - Filling up the DagBag from /home/airflow/.local/lib/python3.7/site-packages/airflow/example_dags/example_datasets.py
[2025-02-27T23:50:41.667+0000] {processor.py:766} INFO - DAG(s) dict_keys(['dataset_consumes_1_and_2', 'dataset_consumes_1', 'dataset_produces_1', 'dataset_consumes_unknown_never_scheduled', 'dataset_produces_2', 'dataset_consumes_1_never_scheduled']) retrieved from /home/airflow/.local/lib/python3.7/site-packages/airflow/example_dags/example_datasets.py
[2025-02-27T23:50:41.699+0000] {logging_mixin.py:120} INFO - [2025-02-27T23:50:41.698+0000] {dag.py:2585} INFO - Sync 6 DAGs
[2025-02-27T23:50:41.711+0000] {logging_mixin.py:120} INFO - [2025-02-27T23:50:41.711+0000] {dag.py:3340} INFO - Setting next_dagrun for dataset_consumes_1 to None, run_after=None
[2025-02-27T23:50:41.713+0000] {logging_mixin.py:120} INFO - [2025-02-27T23:50:41.713+0000] {dag.py:3340} INFO - Setting next_dagrun for dataset_consumes_1_and_2 to None, run_after=None
[2025-02-27T23:50:41.713+0000] {logging_mixin.py:120} INFO - [2025-02-27T23:50:41.713+0000] {dag.py:3340} INFO - Setting next_dagrun for dataset_consumes_1_never_scheduled to None, run_after=None
[2025-02-27T23:50:41.714+0000] {logging_mixin.py:120} INFO - [2025-02-27T23:50:41.714+0000] {dag.py:3340} INFO - Setting next_dagrun for dataset_consumes_unknown_never_scheduled to None, run_after=None
[2025-02-27T23:50:41.715+0000] {logging_mixin.py:120} INFO - [2025-02-27T23:50:41.715+0000] {dag.py:3340} INFO - Setting next_dagrun for dataset_produces_1 to 2025-02-26T00:00:00+00:00, run_after=2025-02-27T00:00:00+00:00
[2025-02-27T23:50:41.716+0000] {logging_mixin.py:120} INFO - [2025-02-27T23:50:41.716+0000] {dag.py:3340} INFO - Setting next_dagrun for dataset_produces_2 to None, run_after=None
[2025-02-27T23:50:41.731+0000] {processor.py:176} INFO - Processing /home/airflow/.local/lib/python3.7/site-packages/airflow/example_dags/example_datasets.py took 0.076 seconds
[2025-02-27T23:51:12.511+0000] {processor.py:154} INFO - Started process (PID=552) to work on /home/airflow/.local/lib/python3.7/site-packages/airflow/example_dags/example_datasets.py
[2025-02-27T23:51:12.511+0000] {processor.py:756} INFO - Processing file /home/airflow/.local/lib/python3.7/site-packages/airflow/example_dags/example_datasets.py for tasks to queue
[2025-02-27T23:51:12.512+0000] {logging_mixin.py:120} INFO - [2025-02-27T23:51:12.512+0000] {dagbag.py:537} INFO - Filling up the DagBag from /home/airflow/.local/lib/python3.7/site-packages/airflow/example_dags/example_datasets.py
[2025-02-27T23:51:12.521+0000] {processor.py:766} INFO - DAG(s) dict_keys(['dataset_consumes_unknown_never_scheduled', 'dataset_produces_1', 'dataset_produces_2', 'dataset_consumes_1_never_scheduled', 'dataset_consumes_1', 'dataset_consumes_1_and_2']) retrieved from /home/airflow/.local/lib/python3.7/site-packages/airflow/example_dags/example_datasets.py
[2025-02-27T23:51:12.549+0000] {logging_mixin.py:120} INFO - [2025-02-27T23:51:12.549+0000] {dag.py:2585} INFO - Sync 6 DAGs
[2025-02-27T23:51:12.563+0000] {logging_mixin.py:120} INFO - [2025-02-27T23:51:12.563+0000] {dag.py:3340} INFO - Setting next_dagrun for dataset_consumes_1 to None, run_after=None
[2025-02-27T23:51:12.566+0000] {logging_mixin.py:120} INFO - [2025-02-27T23:51:12.566+0000] {dag.py:3340} INFO - Setting next_dagrun for dataset_consumes_1_and_2 to None, run_after=None
[2025-02-27T23:51:12.566+0000] {logging_mixin.py:120} INFO - [2025-02-27T23:51:12.566+0000] {dag.py:3340} INFO - Setting next_dagrun for dataset_consumes_1_never_scheduled to None, run_after=None
[2025-02-27T23:51:12.567+0000] {logging_mixin.py:120} INFO - [2025-02-27T23:51:12.567+0000] {dag.py:3340} INFO - Setting next_dagrun for dataset_consumes_unknown_never_scheduled to None, run_after=None
[2025-02-27T23:51:12.569+0000] {logging_mixin.py:120} INFO - [2025-02-27T23:51:12.569+0000] {dag.py:3340} INFO - Setting next_dagrun for dataset_produces_1 to 2025-02-26T00:00:00+00:00, run_after=2025-02-27T00:00:00+00:00
[2025-02-27T23:51:12.570+0000] {logging_mixin.py:120} INFO - [2025-02-27T23:51:12.570+0000] {dag.py:3340} INFO - Setting next_dagrun for dataset_produces_2 to None, run_after=None
[2025-02-27T23:51:12.585+0000] {processor.py:176} INFO - Processing /home/airflow/.local/lib/python3.7/site-packages/airflow/example_dags/example_datasets.py took 0.076 seconds
[2025-02-27T23:51:43.297+0000] {processor.py:154} INFO - Started process (PID=616) to work on /home/airflow/.local/lib/python3.7/site-packages/airflow/example_dags/example_datasets.py
[2025-02-27T23:51:43.298+0000] {processor.py:756} INFO - Processing file /home/airflow/.local/lib/python3.7/site-packages/airflow/example_dags/example_datasets.py for tasks to queue
[2025-02-27T23:51:43.298+0000] {logging_mixin.py:120} INFO - [2025-02-27T23:51:43.298+0000] {dagbag.py:537} INFO - Filling up the DagBag from /home/airflow/.local/lib/python3.7/site-packages/airflow/example_dags/example_datasets.py
[2025-02-27T23:51:43.307+0000] {processor.py:766} INFO - DAG(s) dict_keys(['dataset_consumes_1_never_scheduled', 'dataset_consumes_unknown_never_scheduled', 'dataset_consumes_1_and_2', 'dataset_produces_1', 'dataset_produces_2', 'dataset_consumes_1']) retrieved from /home/airflow/.local/lib/python3.7/site-packages/airflow/example_dags/example_datasets.py
[2025-02-27T23:51:43.335+0000] {logging_mixin.py:120} INFO - [2025-02-27T23:51:43.335+0000] {dag.py:2585} INFO - Sync 6 DAGs
[2025-02-27T23:51:43.349+0000] {logging_mixin.py:120} INFO - [2025-02-27T23:51:43.349+0000] {dag.py:3340} INFO - Setting next_dagrun for dataset_consumes_1 to None, run_after=None
[2025-02-27T23:51:43.352+0000] {logging_mixin.py:120} INFO - [2025-02-27T23:51:43.352+0000] {dag.py:3340} INFO - Setting next_dagrun for dataset_consumes_1_and_2 to None, run_after=None
[2025-02-27T23:51:43.353+0000] {logging_mixin.py:120} INFO - [2025-02-27T23:51:43.353+0000] {dag.py:3340} INFO - Setting next_dagrun for dataset_consumes_1_never_scheduled to None, run_after=None
[2025-02-27T23:51:43.353+0000] {logging_mixin.py:120} INFO - [2025-02-27T23:51:43.353+0000] {dag.py:3340} INFO - Setting next_dagrun for dataset_consumes_unknown_never_scheduled to None, run_after=None
[2025-02-27T23:51:43.355+0000] {logging_mixin.py:120} INFO - [2025-02-27T23:51:43.355+0000] {dag.py:3340} INFO - Setting next_dagrun for dataset_produces_1 to 2025-02-26T00:00:00+00:00, run_after=2025-02-27T00:00:00+00:00
[2025-02-27T23:51:43.355+0000] {logging_mixin.py:120} INFO - [2025-02-27T23:51:43.355+0000] {dag.py:3340} INFO - Setting next_dagrun for dataset_produces_2 to None, run_after=None
[2025-02-27T23:51:43.368+0000] {processor.py:176} INFO - Processing /home/airflow/.local/lib/python3.7/site-packages/airflow/example_dags/example_datasets.py took 0.073 seconds
[2025-02-27T23:52:14.234+0000] {processor.py:154} INFO - Started process (PID=680) to work on /home/airflow/.local/lib/python3.7/site-packages/airflow/example_dags/example_datasets.py
[2025-02-27T23:52:14.235+0000] {processor.py:756} INFO - Processing file /home/airflow/.local/lib/python3.7/site-packages/airflow/example_dags/example_datasets.py for tasks to queue
[2025-02-27T23:52:14.236+0000] {logging_mixin.py:120} INFO - [2025-02-27T23:52:14.236+0000] {dagbag.py:537} INFO - Filling up the DagBag from /home/airflow/.local/lib/python3.7/site-packages/airflow/example_dags/example_datasets.py
[2025-02-27T23:52:14.244+0000] {processor.py:766} INFO - DAG(s) dict_keys(['dataset_consumes_1', 'dataset_consumes_unknown_never_scheduled', 'dataset_consumes_1_and_2', 'dataset_produces_1', 'dataset_produces_2', 'dataset_consumes_1_never_scheduled']) retrieved from /home/airflow/.local/lib/python3.7/site-packages/airflow/example_dags/example_datasets.py
[2025-02-27T23:52:14.272+0000] {logging_mixin.py:120} INFO - [2025-02-27T23:52:14.272+0000] {dag.py:2585} INFO - Sync 6 DAGs
[2025-02-27T23:52:14.285+0000] {logging_mixin.py:120} INFO - [2025-02-27T23:52:14.285+0000] {dag.py:3340} INFO - Setting next_dagrun for dataset_consumes_1 to None, run_after=None
[2025-02-27T23:52:14.287+0000] {logging_mixin.py:120} INFO - [2025-02-27T23:52:14.287+0000] {dag.py:3340} INFO - Setting next_dagrun for dataset_consumes_1_and_2 to None, run_after=None
[2025-02-27T23:52:14.287+0000] {logging_mixin.py:120} INFO - [2025-02-27T23:52:14.287+0000] {dag.py:3340} INFO - Setting next_dagrun for dataset_consumes_1_never_scheduled to None, run_after=None
[2025-02-27T23:52:14.288+0000] {logging_mixin.py:120} INFO - [2025-02-27T23:52:14.288+0000] {dag.py:3340} INFO - Setting next_dagrun for dataset_consumes_unknown_never_scheduled to None, run_after=None
[2025-02-27T23:52:14.289+0000] {logging_mixin.py:120} INFO - [2025-02-27T23:52:14.289+0000] {dag.py:3340} INFO - Setting next_dagrun for dataset_produces_1 to 2025-02-26T00:00:00+00:00, run_after=2025-02-27T00:00:00+00:00
[2025-02-27T23:52:14.290+0000] {logging_mixin.py:120} INFO - [2025-02-27T23:52:14.290+0000] {dag.py:3340} INFO - Setting next_dagrun for dataset_produces_2 to None, run_after=None
[2025-02-27T23:52:14.304+0000] {processor.py:176} INFO - Processing /home/airflow/.local/lib/python3.7/site-packages/airflow/example_dags/example_datasets.py took 0.071 seconds
[2025-02-27T23:52:45.069+0000] {processor.py:154} INFO - Started process (PID=743) to work on /home/airflow/.local/lib/python3.7/site-packages/airflow/example_dags/example_datasets.py
[2025-02-27T23:52:45.070+0000] {processor.py:756} INFO - Processing file /home/airflow/.local/lib/python3.7/site-packages/airflow/example_dags/example_datasets.py for tasks to queue
[2025-02-27T23:52:45.070+0000] {logging_mixin.py:120} INFO - [2025-02-27T23:52:45.070+0000] {dagbag.py:537} INFO - Filling up the DagBag from /home/airflow/.local/lib/python3.7/site-packages/airflow/example_dags/example_datasets.py
[2025-02-27T23:52:45.079+0000] {processor.py:766} INFO - DAG(s) dict_keys(['dataset_produces_2', 'dataset_consumes_1', 'dataset_consumes_1_never_scheduled', 'dataset_produces_1', 'dataset_consumes_1_and_2', 'dataset_consumes_unknown_never_scheduled']) retrieved from /home/airflow/.local/lib/python3.7/site-packages/airflow/example_dags/example_datasets.py
[2025-02-27T23:52:45.107+0000] {logging_mixin.py:120} INFO - [2025-02-27T23:52:45.107+0000] {dag.py:2585} INFO - Sync 6 DAGs
[2025-02-27T23:52:45.119+0000] {logging_mixin.py:120} INFO - [2025-02-27T23:52:45.119+0000] {dag.py:3340} INFO - Setting next_dagrun for dataset_consumes_1 to None, run_after=None
[2025-02-27T23:52:45.121+0000] {logging_mixin.py:120} INFO - [2025-02-27T23:52:45.121+0000] {dag.py:3340} INFO - Setting next_dagrun for dataset_consumes_1_and_2 to None, run_after=None
[2025-02-27T23:52:45.122+0000] {logging_mixin.py:120} INFO - [2025-02-27T23:52:45.122+0000] {dag.py:3340} INFO - Setting next_dagrun for dataset_consumes_1_never_scheduled to None, run_after=None
[2025-02-27T23:52:45.123+0000] {logging_mixin.py:120} INFO - [2025-02-27T23:52:45.122+0000] {dag.py:3340} INFO - Setting next_dagrun for dataset_consumes_unknown_never_scheduled to None, run_after=None
[2025-02-27T23:52:45.124+0000] {logging_mixin.py:120} INFO - [2025-02-27T23:52:45.124+0000] {dag.py:3340} INFO - Setting next_dagrun for dataset_produces_1 to 2025-02-26T00:00:00+00:00, run_after=2025-02-27T00:00:00+00:00
[2025-02-27T23:52:45.125+0000] {logging_mixin.py:120} INFO - [2025-02-27T23:52:45.125+0000] {dag.py:3340} INFO - Setting next_dagrun for dataset_produces_2 to None, run_after=None
[2025-02-27T23:52:45.141+0000] {processor.py:176} INFO - Processing /home/airflow/.local/lib/python3.7/site-packages/airflow/example_dags/example_datasets.py took 0.074 seconds
[2025-02-27T23:53:15.800+0000] {processor.py:154} INFO - Started process (PID=805) to work on /home/airflow/.local/lib/python3.7/site-packages/airflow/example_dags/example_datasets.py
[2025-02-27T23:53:15.802+0000] {processor.py:756} INFO - Processing file /home/airflow/.local/lib/python3.7/site-packages/airflow/example_dags/example_datasets.py for tasks to queue
[2025-02-27T23:53:15.803+0000] {logging_mixin.py:120} INFO - [2025-02-27T23:53:15.802+0000] {dagbag.py:537} INFO - Filling up the DagBag from /home/airflow/.local/lib/python3.7/site-packages/airflow/example_dags/example_datasets.py
[2025-02-27T23:53:15.814+0000] {processor.py:766} INFO - DAG(s) dict_keys(['dataset_consumes_1_never_scheduled', 'dataset_consumes_1', 'dataset_consumes_1_and_2', 'dataset_produces_1', 'dataset_consumes_unknown_never_scheduled', 'dataset_produces_2']) retrieved from /home/airflow/.local/lib/python3.7/site-packages/airflow/example_dags/example_datasets.py
[2025-02-27T23:53:15.848+0000] {logging_mixin.py:120} INFO - [2025-02-27T23:53:15.848+0000] {dag.py:2585} INFO - Sync 6 DAGs
[2025-02-27T23:53:15.862+0000] {logging_mixin.py:120} INFO - [2025-02-27T23:53:15.862+0000] {dag.py:3340} INFO - Setting next_dagrun for dataset_consumes_1 to None, run_after=None
[2025-02-27T23:53:15.864+0000] {logging_mixin.py:120} INFO - [2025-02-27T23:53:15.864+0000] {dag.py:3340} INFO - Setting next_dagrun for dataset_consumes_1_and_2 to None, run_after=None
[2025-02-27T23:53:15.866+0000] {logging_mixin.py:120} INFO - [2025-02-27T23:53:15.866+0000] {dag.py:3340} INFO - Setting next_dagrun for dataset_consumes_1_never_scheduled to None, run_after=None
[2025-02-27T23:53:15.866+0000] {logging_mixin.py:120} INFO - [2025-02-27T23:53:15.866+0000] {dag.py:3340} INFO - Setting next_dagrun for dataset_consumes_unknown_never_scheduled to None, run_after=None
[2025-02-27T23:53:15.868+0000] {logging_mixin.py:120} INFO - [2025-02-27T23:53:15.868+0000] {dag.py:3340} INFO - Setting next_dagrun for dataset_produces_1 to 2025-02-26T00:00:00+00:00, run_after=2025-02-27T00:00:00+00:00
[2025-02-27T23:53:15.869+0000] {logging_mixin.py:120} INFO - [2025-02-27T23:53:15.869+0000] {dag.py:3340} INFO - Setting next_dagrun for dataset_produces_2 to None, run_after=None
[2025-02-27T23:53:15.884+0000] {processor.py:176} INFO - Processing /home/airflow/.local/lib/python3.7/site-packages/airflow/example_dags/example_datasets.py took 0.086 seconds
[2025-02-27T23:53:46.738+0000] {processor.py:154} INFO - Started process (PID=869) to work on /home/airflow/.local/lib/python3.7/site-packages/airflow/example_dags/example_datasets.py
[2025-02-27T23:53:46.740+0000] {processor.py:756} INFO - Processing file /home/airflow/.local/lib/python3.7/site-packages/airflow/example_dags/example_datasets.py for tasks to queue
[2025-02-27T23:53:46.743+0000] {logging_mixin.py:120} INFO - [2025-02-27T23:53:46.743+0000] {dagbag.py:537} INFO - Filling up the DagBag from /home/airflow/.local/lib/python3.7/site-packages/airflow/example_dags/example_datasets.py
[2025-02-27T23:53:46.752+0000] {processor.py:766} INFO - DAG(s) dict_keys(['dataset_consumes_unknown_never_scheduled', 'dataset_consumes_1_never_scheduled', 'dataset_consumes_1_and_2', 'dataset_produces_2', 'dataset_produces_1', 'dataset_consumes_1']) retrieved from /home/airflow/.local/lib/python3.7/site-packages/airflow/example_dags/example_datasets.py
[2025-02-27T23:53:46.782+0000] {logging_mixin.py:120} INFO - [2025-02-27T23:53:46.782+0000] {dag.py:2585} INFO - Sync 6 DAGs
[2025-02-27T23:53:46.795+0000] {logging_mixin.py:120} INFO - [2025-02-27T23:53:46.795+0000] {dag.py:3340} INFO - Setting next_dagrun for dataset_consumes_1 to None, run_after=None
[2025-02-27T23:53:46.797+0000] {logging_mixin.py:120} INFO - [2025-02-27T23:53:46.797+0000] {dag.py:3340} INFO - Setting next_dagrun for dataset_consumes_1_and_2 to None, run_after=None
[2025-02-27T23:53:46.798+0000] {logging_mixin.py:120} INFO - [2025-02-27T23:53:46.798+0000] {dag.py:3340} INFO - Setting next_dagrun for dataset_consumes_1_never_scheduled to None, run_after=None
[2025-02-27T23:53:46.799+0000] {logging_mixin.py:120} INFO - [2025-02-27T23:53:46.799+0000] {dag.py:3340} INFO - Setting next_dagrun for dataset_consumes_unknown_never_scheduled to None, run_after=None
[2025-02-27T23:53:46.800+0000] {logging_mixin.py:120} INFO - [2025-02-27T23:53:46.800+0000] {dag.py:3340} INFO - Setting next_dagrun for dataset_produces_1 to 2025-02-26T00:00:00+00:00, run_after=2025-02-27T00:00:00+00:00
[2025-02-27T23:53:46.801+0000] {logging_mixin.py:120} INFO - [2025-02-27T23:53:46.801+0000] {dag.py:3340} INFO - Setting next_dagrun for dataset_produces_2 to None, run_after=None
[2025-02-27T23:53:46.815+0000] {processor.py:176} INFO - Processing /home/airflow/.local/lib/python3.7/site-packages/airflow/example_dags/example_datasets.py took 0.078 seconds
[2025-02-27T23:54:17.590+0000] {processor.py:154} INFO - Started process (PID=924) to work on /home/airflow/.local/lib/python3.7/site-packages/airflow/example_dags/example_datasets.py
[2025-02-27T23:54:17.591+0000] {processor.py:756} INFO - Processing file /home/airflow/.local/lib/python3.7/site-packages/airflow/example_dags/example_datasets.py for tasks to queue
[2025-02-27T23:54:17.591+0000] {logging_mixin.py:120} INFO - [2025-02-27T23:54:17.591+0000] {dagbag.py:537} INFO - Filling up the DagBag from /home/airflow/.local/lib/python3.7/site-packages/airflow/example_dags/example_datasets.py
[2025-02-27T23:54:17.599+0000] {processor.py:766} INFO - DAG(s) dict_keys(['dataset_produces_2', 'dataset_consumes_1', 'dataset_consumes_1_never_scheduled', 'dataset_consumes_1_and_2', 'dataset_consumes_unknown_never_scheduled', 'dataset_produces_1']) retrieved from /home/airflow/.local/lib/python3.7/site-packages/airflow/example_dags/example_datasets.py
[2025-02-27T23:54:17.629+0000] {logging_mixin.py:120} INFO - [2025-02-27T23:54:17.629+0000] {dag.py:2585} INFO - Sync 6 DAGs
[2025-02-27T23:54:17.643+0000] {logging_mixin.py:120} INFO - [2025-02-27T23:54:17.643+0000] {dag.py:3340} INFO - Setting next_dagrun for dataset_consumes_1 to None, run_after=None
[2025-02-27T23:54:17.645+0000] {logging_mixin.py:120} INFO - [2025-02-27T23:54:17.645+0000] {dag.py:3340} INFO - Setting next_dagrun for dataset_consumes_1_and_2 to None, run_after=None
[2025-02-27T23:54:17.646+0000] {logging_mixin.py:120} INFO - [2025-02-27T23:54:17.646+0000] {dag.py:3340} INFO - Setting next_dagrun for dataset_consumes_1_never_scheduled to None, run_after=None
[2025-02-27T23:54:17.648+0000] {logging_mixin.py:120} INFO - [2025-02-27T23:54:17.648+0000] {dag.py:3340} INFO - Setting next_dagrun for dataset_consumes_unknown_never_scheduled to None, run_after=None
[2025-02-27T23:54:17.649+0000] {logging_mixin.py:120} INFO - [2025-02-27T23:54:17.649+0000] {dag.py:3340} INFO - Setting next_dagrun for dataset_produces_1 to 2025-02-26T00:00:00+00:00, run_after=2025-02-27T00:00:00+00:00
[2025-02-27T23:54:17.650+0000] {logging_mixin.py:120} INFO - [2025-02-27T23:54:17.650+0000] {dag.py:3340} INFO - Setting next_dagrun for dataset_produces_2 to None, run_after=None
[2025-02-27T23:54:17.668+0000] {processor.py:176} INFO - Processing /home/airflow/.local/lib/python3.7/site-packages/airflow/example_dags/example_datasets.py took 0.080 seconds
[2025-02-27T23:54:48.561+0000] {processor.py:154} INFO - Started process (PID=987) to work on /home/airflow/.local/lib/python3.7/site-packages/airflow/example_dags/example_datasets.py
[2025-02-27T23:54:48.562+0000] {processor.py:756} INFO - Processing file /home/airflow/.local/lib/python3.7/site-packages/airflow/example_dags/example_datasets.py for tasks to queue
[2025-02-27T23:54:48.562+0000] {logging_mixin.py:120} INFO - [2025-02-27T23:54:48.562+0000] {dagbag.py:537} INFO - Filling up the DagBag from /home/airflow/.local/lib/python3.7/site-packages/airflow/example_dags/example_datasets.py
[2025-02-27T23:54:48.571+0000] {processor.py:766} INFO - DAG(s) dict_keys(['dataset_produces_1', 'dataset_produces_2', 'dataset_consumes_1', 'dataset_consumes_1_never_scheduled', 'dataset_consumes_1_and_2', 'dataset_consumes_unknown_never_scheduled']) retrieved from /home/airflow/.local/lib/python3.7/site-packages/airflow/example_dags/example_datasets.py
[2025-02-27T23:54:48.598+0000] {logging_mixin.py:120} INFO - [2025-02-27T23:54:48.598+0000] {dag.py:2585} INFO - Sync 6 DAGs
[2025-02-27T23:54:48.611+0000] {logging_mixin.py:120} INFO - [2025-02-27T23:54:48.610+0000] {dag.py:3340} INFO - Setting next_dagrun for dataset_consumes_1 to None, run_after=None
[2025-02-27T23:54:48.613+0000] {logging_mixin.py:120} INFO - [2025-02-27T23:54:48.613+0000] {dag.py:3340} INFO - Setting next_dagrun for dataset_consumes_1_and_2 to None, run_after=None
[2025-02-27T23:54:48.613+0000] {logging_mixin.py:120} INFO - [2025-02-27T23:54:48.613+0000] {dag.py:3340} INFO - Setting next_dagrun for dataset_consumes_1_never_scheduled to None, run_after=None
[2025-02-27T23:54:48.615+0000] {logging_mixin.py:120} INFO - [2025-02-27T23:54:48.615+0000] {dag.py:3340} INFO - Setting next_dagrun for dataset_consumes_unknown_never_scheduled to None, run_after=None
[2025-02-27T23:54:48.617+0000] {logging_mixin.py:120} INFO - [2025-02-27T23:54:48.617+0000] {dag.py:3340} INFO - Setting next_dagrun for dataset_produces_1 to 2025-02-26T00:00:00+00:00, run_after=2025-02-27T00:00:00+00:00
[2025-02-27T23:54:48.618+0000] {logging_mixin.py:120} INFO - [2025-02-27T23:54:48.617+0000] {dag.py:3340} INFO - Setting next_dagrun for dataset_produces_2 to None, run_after=None
[2025-02-27T23:54:48.633+0000] {processor.py:176} INFO - Processing /home/airflow/.local/lib/python3.7/site-packages/airflow/example_dags/example_datasets.py took 0.074 seconds
[2025-02-27T23:55:19.325+0000] {processor.py:154} INFO - Started process (PID=1051) to work on /home/airflow/.local/lib/python3.7/site-packages/airflow/example_dags/example_datasets.py
[2025-02-27T23:55:19.325+0000] {processor.py:756} INFO - Processing file /home/airflow/.local/lib/python3.7/site-packages/airflow/example_dags/example_datasets.py for tasks to queue
[2025-02-27T23:55:19.326+0000] {logging_mixin.py:120} INFO - [2025-02-27T23:55:19.326+0000] {dagbag.py:537} INFO - Filling up the DagBag from /home/airflow/.local/lib/python3.7/site-packages/airflow/example_dags/example_datasets.py
[2025-02-27T23:55:19.335+0000] {processor.py:766} INFO - DAG(s) dict_keys(['dataset_produces_1', 'dataset_consumes_1_and_2', 'dataset_consumes_1_never_scheduled', 'dataset_produces_2', 'dataset_consumes_1', 'dataset_consumes_unknown_never_scheduled']) retrieved from /home/airflow/.local/lib/python3.7/site-packages/airflow/example_dags/example_datasets.py
[2025-02-27T23:55:19.363+0000] {logging_mixin.py:120} INFO - [2025-02-27T23:55:19.363+0000] {dag.py:2585} INFO - Sync 6 DAGs
[2025-02-27T23:55:19.378+0000] {logging_mixin.py:120} INFO - [2025-02-27T23:55:19.378+0000] {dag.py:3340} INFO - Setting next_dagrun for dataset_consumes_1 to None, run_after=None
[2025-02-27T23:55:19.380+0000] {logging_mixin.py:120} INFO - [2025-02-27T23:55:19.380+0000] {dag.py:3340} INFO - Setting next_dagrun for dataset_consumes_1_and_2 to None, run_after=None
[2025-02-27T23:55:19.381+0000] {logging_mixin.py:120} INFO - [2025-02-27T23:55:19.381+0000] {dag.py:3340} INFO - Setting next_dagrun for dataset_consumes_1_never_scheduled to None, run_after=None
[2025-02-27T23:55:19.382+0000] {logging_mixin.py:120} INFO - [2025-02-27T23:55:19.382+0000] {dag.py:3340} INFO - Setting next_dagrun for dataset_consumes_unknown_never_scheduled to None, run_after=None
[2025-02-27T23:55:19.383+0000] {logging_mixin.py:120} INFO - [2025-02-27T23:55:19.383+0000] {dag.py:3340} INFO - Setting next_dagrun for dataset_produces_1 to 2025-02-26T00:00:00+00:00, run_after=2025-02-27T00:00:00+00:00
[2025-02-27T23:55:19.384+0000] {logging_mixin.py:120} INFO - [2025-02-27T23:55:19.384+0000] {dag.py:3340} INFO - Setting next_dagrun for dataset_produces_2 to None, run_after=None
[2025-02-27T23:55:19.399+0000] {processor.py:176} INFO - Processing /home/airflow/.local/lib/python3.7/site-packages/airflow/example_dags/example_datasets.py took 0.076 seconds
[2025-02-27T23:55:50.103+0000] {processor.py:154} INFO - Started process (PID=1115) to work on /home/airflow/.local/lib/python3.7/site-packages/airflow/example_dags/example_datasets.py
[2025-02-27T23:55:50.104+0000] {processor.py:756} INFO - Processing file /home/airflow/.local/lib/python3.7/site-packages/airflow/example_dags/example_datasets.py for tasks to queue
[2025-02-27T23:55:50.104+0000] {logging_mixin.py:120} INFO - [2025-02-27T23:55:50.104+0000] {dagbag.py:537} INFO - Filling up the DagBag from /home/airflow/.local/lib/python3.7/site-packages/airflow/example_dags/example_datasets.py
[2025-02-27T23:55:50.113+0000] {processor.py:766} INFO - DAG(s) dict_keys(['dataset_consumes_1_and_2', 'dataset_consumes_unknown_never_scheduled', 'dataset_consumes_1', 'dataset_consumes_1_never_scheduled', 'dataset_produces_2', 'dataset_produces_1']) retrieved from /home/airflow/.local/lib/python3.7/site-packages/airflow/example_dags/example_datasets.py
[2025-02-27T23:55:50.139+0000] {logging_mixin.py:120} INFO - [2025-02-27T23:55:50.139+0000] {dag.py:2585} INFO - Sync 6 DAGs
[2025-02-27T23:55:50.152+0000] {logging_mixin.py:120} INFO - [2025-02-27T23:55:50.152+0000] {dag.py:3340} INFO - Setting next_dagrun for dataset_consumes_1 to None, run_after=None
[2025-02-27T23:55:50.154+0000] {logging_mixin.py:120} INFO - [2025-02-27T23:55:50.154+0000] {dag.py:3340} INFO - Setting next_dagrun for dataset_consumes_1_and_2 to None, run_after=None
[2025-02-27T23:55:50.155+0000] {logging_mixin.py:120} INFO - [2025-02-27T23:55:50.155+0000] {dag.py:3340} INFO - Setting next_dagrun for dataset_consumes_1_never_scheduled to None, run_after=None
[2025-02-27T23:55:50.155+0000] {logging_mixin.py:120} INFO - [2025-02-27T23:55:50.155+0000] {dag.py:3340} INFO - Setting next_dagrun for dataset_consumes_unknown_never_scheduled to None, run_after=None
[2025-02-27T23:55:50.157+0000] {logging_mixin.py:120} INFO - [2025-02-27T23:55:50.157+0000] {dag.py:3340} INFO - Setting next_dagrun for dataset_produces_1 to 2025-02-26T00:00:00+00:00, run_after=2025-02-27T00:00:00+00:00
[2025-02-27T23:55:50.157+0000] {logging_mixin.py:120} INFO - [2025-02-27T23:55:50.157+0000] {dag.py:3340} INFO - Setting next_dagrun for dataset_produces_2 to None, run_after=None
[2025-02-27T23:55:50.172+0000] {processor.py:176} INFO - Processing /home/airflow/.local/lib/python3.7/site-packages/airflow/example_dags/example_datasets.py took 0.070 seconds
[2025-02-27T23:56:20.799+0000] {processor.py:154} INFO - Started process (PID=1179) to work on /home/airflow/.local/lib/python3.7/site-packages/airflow/example_dags/example_datasets.py
[2025-02-27T23:56:20.800+0000] {processor.py:756} INFO - Processing file /home/airflow/.local/lib/python3.7/site-packages/airflow/example_dags/example_datasets.py for tasks to queue
[2025-02-27T23:56:20.801+0000] {logging_mixin.py:120} INFO - [2025-02-27T23:56:20.800+0000] {dagbag.py:537} INFO - Filling up the DagBag from /home/airflow/.local/lib/python3.7/site-packages/airflow/example_dags/example_datasets.py
[2025-02-27T23:56:20.809+0000] {processor.py:766} INFO - DAG(s) dict_keys(['dataset_produces_1', 'dataset_consumes_1', 'dataset_consumes_1_never_scheduled', 'dataset_consumes_unknown_never_scheduled', 'dataset_consumes_1_and_2', 'dataset_produces_2']) retrieved from /home/airflow/.local/lib/python3.7/site-packages/airflow/example_dags/example_datasets.py
[2025-02-27T23:56:20.836+0000] {logging_mixin.py:120} INFO - [2025-02-27T23:56:20.836+0000] {dag.py:2585} INFO - Sync 6 DAGs
[2025-02-27T23:56:20.850+0000] {logging_mixin.py:120} INFO - [2025-02-27T23:56:20.850+0000] {dag.py:3340} INFO - Setting next_dagrun for dataset_consumes_1 to None, run_after=None
[2025-02-27T23:56:20.852+0000] {logging_mixin.py:120} INFO - [2025-02-27T23:56:20.852+0000] {dag.py:3340} INFO - Setting next_dagrun for dataset_consumes_1_and_2 to None, run_after=None
[2025-02-27T23:56:20.853+0000] {logging_mixin.py:120} INFO - [2025-02-27T23:56:20.853+0000] {dag.py:3340} INFO - Setting next_dagrun for dataset_consumes_1_never_scheduled to None, run_after=None
[2025-02-27T23:56:20.854+0000] {logging_mixin.py:120} INFO - [2025-02-27T23:56:20.854+0000] {dag.py:3340} INFO - Setting next_dagrun for dataset_consumes_unknown_never_scheduled to None, run_after=None
[2025-02-27T23:56:20.855+0000] {logging_mixin.py:120} INFO - [2025-02-27T23:56:20.855+0000] {dag.py:3340} INFO - Setting next_dagrun for dataset_produces_1 to 2025-02-26T00:00:00+00:00, run_after=2025-02-27T00:00:00+00:00
[2025-02-27T23:56:20.856+0000] {logging_mixin.py:120} INFO - [2025-02-27T23:56:20.856+0000] {dag.py:3340} INFO - Setting next_dagrun for dataset_produces_2 to None, run_after=None
[2025-02-27T23:56:20.871+0000] {processor.py:176} INFO - Processing /home/airflow/.local/lib/python3.7/site-packages/airflow/example_dags/example_datasets.py took 0.074 seconds
[2025-02-27T23:56:51.630+0000] {processor.py:154} INFO - Started process (PID=1243) to work on /home/airflow/.local/lib/python3.7/site-packages/airflow/example_dags/example_datasets.py
[2025-02-27T23:56:51.631+0000] {processor.py:756} INFO - Processing file /home/airflow/.local/lib/python3.7/site-packages/airflow/example_dags/example_datasets.py for tasks to queue
[2025-02-27T23:56:51.631+0000] {logging_mixin.py:120} INFO - [2025-02-27T23:56:51.631+0000] {dagbag.py:537} INFO - Filling up the DagBag from /home/airflow/.local/lib/python3.7/site-packages/airflow/example_dags/example_datasets.py
[2025-02-27T23:56:51.639+0000] {processor.py:766} INFO - DAG(s) dict_keys(['dataset_consumes_unknown_never_scheduled', 'dataset_consumes_1_never_scheduled', 'dataset_consumes_1', 'dataset_produces_2', 'dataset_produces_1', 'dataset_consumes_1_and_2']) retrieved from /home/airflow/.local/lib/python3.7/site-packages/airflow/example_dags/example_datasets.py
[2025-02-27T23:56:51.668+0000] {logging_mixin.py:120} INFO - [2025-02-27T23:56:51.668+0000] {dag.py:2585} INFO - Sync 6 DAGs
[2025-02-27T23:56:51.681+0000] {logging_mixin.py:120} INFO - [2025-02-27T23:56:51.681+0000] {dag.py:3340} INFO - Setting next_dagrun for dataset_consumes_1 to None, run_after=None
[2025-02-27T23:56:51.684+0000] {logging_mixin.py:120} INFO - [2025-02-27T23:56:51.684+0000] {dag.py:3340} INFO - Setting next_dagrun for dataset_consumes_1_and_2 to None, run_after=None
[2025-02-27T23:56:51.685+0000] {logging_mixin.py:120} INFO - [2025-02-27T23:56:51.685+0000] {dag.py:3340} INFO - Setting next_dagrun for dataset_consumes_1_never_scheduled to None, run_after=None
[2025-02-27T23:56:51.686+0000] {logging_mixin.py:120} INFO - [2025-02-27T23:56:51.686+0000] {dag.py:3340} INFO - Setting next_dagrun for dataset_consumes_unknown_never_scheduled to None, run_after=None
[2025-02-27T23:56:51.687+0000] {logging_mixin.py:120} INFO - [2025-02-27T23:56:51.687+0000] {dag.py:3340} INFO - Setting next_dagrun for dataset_produces_1 to 2025-02-26T00:00:00+00:00, run_after=2025-02-27T00:00:00+00:00
[2025-02-27T23:56:51.688+0000] {logging_mixin.py:120} INFO - [2025-02-27T23:56:51.688+0000] {dag.py:3340} INFO - Setting next_dagrun for dataset_produces_2 to None, run_after=None
[2025-02-27T23:56:51.703+0000] {processor.py:176} INFO - Processing /home/airflow/.local/lib/python3.7/site-packages/airflow/example_dags/example_datasets.py took 0.075 seconds
[2025-02-27T23:57:22.531+0000] {processor.py:154} INFO - Started process (PID=1307) to work on /home/airflow/.local/lib/python3.7/site-packages/airflow/example_dags/example_datasets.py
[2025-02-27T23:57:22.531+0000] {processor.py:756} INFO - Processing file /home/airflow/.local/lib/python3.7/site-packages/airflow/example_dags/example_datasets.py for tasks to queue
[2025-02-27T23:57:22.532+0000] {logging_mixin.py:120} INFO - [2025-02-27T23:57:22.532+0000] {dagbag.py:537} INFO - Filling up the DagBag from /home/airflow/.local/lib/python3.7/site-packages/airflow/example_dags/example_datasets.py
[2025-02-27T23:57:22.541+0000] {processor.py:766} INFO - DAG(s) dict_keys(['dataset_produces_2', 'dataset_consumes_1_never_scheduled', 'dataset_consumes_1', 'dataset_consumes_1_and_2', 'dataset_consumes_unknown_never_scheduled', 'dataset_produces_1']) retrieved from /home/airflow/.local/lib/python3.7/site-packages/airflow/example_dags/example_datasets.py
[2025-02-27T23:57:22.574+0000] {logging_mixin.py:120} INFO - [2025-02-27T23:57:22.574+0000] {dag.py:2585} INFO - Sync 6 DAGs
[2025-02-27T23:57:22.590+0000] {logging_mixin.py:120} INFO - [2025-02-27T23:57:22.590+0000] {dag.py:3340} INFO - Setting next_dagrun for dataset_consumes_1 to None, run_after=None
[2025-02-27T23:57:22.592+0000] {logging_mixin.py:120} INFO - [2025-02-27T23:57:22.592+0000] {dag.py:3340} INFO - Setting next_dagrun for dataset_consumes_1_and_2 to None, run_after=None
[2025-02-27T23:57:22.593+0000] {logging_mixin.py:120} INFO - [2025-02-27T23:57:22.593+0000] {dag.py:3340} INFO - Setting next_dagrun for dataset_consumes_1_never_scheduled to None, run_after=None
[2025-02-27T23:57:22.594+0000] {logging_mixin.py:120} INFO - [2025-02-27T23:57:22.594+0000] {dag.py:3340} INFO - Setting next_dagrun for dataset_consumes_unknown_never_scheduled to None, run_after=None
[2025-02-27T23:57:22.595+0000] {logging_mixin.py:120} INFO - [2025-02-27T23:57:22.595+0000] {dag.py:3340} INFO - Setting next_dagrun for dataset_produces_1 to 2025-02-26T00:00:00+00:00, run_after=2025-02-27T00:00:00+00:00
[2025-02-27T23:57:22.596+0000] {logging_mixin.py:120} INFO - [2025-02-27T23:57:22.596+0000] {dag.py:3340} INFO - Setting next_dagrun for dataset_produces_2 to None, run_after=None
[2025-02-27T23:57:22.611+0000] {processor.py:176} INFO - Processing /home/airflow/.local/lib/python3.7/site-packages/airflow/example_dags/example_datasets.py took 0.082 seconds
[2025-02-27T23:57:53.458+0000] {processor.py:154} INFO - Started process (PID=1370) to work on /home/airflow/.local/lib/python3.7/site-packages/airflow/example_dags/example_datasets.py
[2025-02-27T23:57:53.459+0000] {processor.py:756} INFO - Processing file /home/airflow/.local/lib/python3.7/site-packages/airflow/example_dags/example_datasets.py for tasks to queue
[2025-02-27T23:57:53.460+0000] {logging_mixin.py:120} INFO - [2025-02-27T23:57:53.460+0000] {dagbag.py:537} INFO - Filling up the DagBag from /home/airflow/.local/lib/python3.7/site-packages/airflow/example_dags/example_datasets.py
[2025-02-27T23:57:53.469+0000] {processor.py:766} INFO - DAG(s) dict_keys(['dataset_produces_2', 'dataset_consumes_1', 'dataset_consumes_unknown_never_scheduled', 'dataset_produces_1', 'dataset_consumes_1_never_scheduled', 'dataset_consumes_1_and_2']) retrieved from /home/airflow/.local/lib/python3.7/site-packages/airflow/example_dags/example_datasets.py
[2025-02-27T23:57:53.504+0000] {logging_mixin.py:120} INFO - [2025-02-27T23:57:53.504+0000] {dag.py:2585} INFO - Sync 6 DAGs
[2025-02-27T23:57:53.519+0000] {logging_mixin.py:120} INFO - [2025-02-27T23:57:53.519+0000] {dag.py:3340} INFO - Setting next_dagrun for dataset_consumes_1 to None, run_after=None
[2025-02-27T23:57:53.521+0000] {logging_mixin.py:120} INFO - [2025-02-27T23:57:53.521+0000] {dag.py:3340} INFO - Setting next_dagrun for dataset_consumes_1_and_2 to None, run_after=None
[2025-02-27T23:57:53.522+0000] {logging_mixin.py:120} INFO - [2025-02-27T23:57:53.522+0000] {dag.py:3340} INFO - Setting next_dagrun for dataset_consumes_1_never_scheduled to None, run_after=None
[2025-02-27T23:57:53.522+0000] {logging_mixin.py:120} INFO - [2025-02-27T23:57:53.522+0000] {dag.py:3340} INFO - Setting next_dagrun for dataset_consumes_unknown_never_scheduled to None, run_after=None
[2025-02-27T23:57:53.524+0000] {logging_mixin.py:120} INFO - [2025-02-27T23:57:53.524+0000] {dag.py:3340} INFO - Setting next_dagrun for dataset_produces_1 to 2025-02-26T00:00:00+00:00, run_after=2025-02-27T00:00:00+00:00
[2025-02-27T23:57:53.524+0000] {logging_mixin.py:120} INFO - [2025-02-27T23:57:53.524+0000] {dag.py:3340} INFO - Setting next_dagrun for dataset_produces_2 to None, run_after=None
[2025-02-27T23:57:53.541+0000] {processor.py:176} INFO - Processing /home/airflow/.local/lib/python3.7/site-packages/airflow/example_dags/example_datasets.py took 0.084 seconds
[2025-02-27T23:58:24.278+0000] {processor.py:154} INFO - Started process (PID=1433) to work on /home/airflow/.local/lib/python3.7/site-packages/airflow/example_dags/example_datasets.py
[2025-02-27T23:58:24.280+0000] {processor.py:756} INFO - Processing file /home/airflow/.local/lib/python3.7/site-packages/airflow/example_dags/example_datasets.py for tasks to queue
[2025-02-27T23:58:24.281+0000] {logging_mixin.py:120} INFO - [2025-02-27T23:58:24.281+0000] {dagbag.py:537} INFO - Filling up the DagBag from /home/airflow/.local/lib/python3.7/site-packages/airflow/example_dags/example_datasets.py
[2025-02-27T23:58:24.289+0000] {processor.py:766} INFO - DAG(s) dict_keys(['dataset_consumes_1_never_scheduled', 'dataset_produces_1', 'dataset_consumes_unknown_never_scheduled', 'dataset_consumes_1_and_2', 'dataset_consumes_1', 'dataset_produces_2']) retrieved from /home/airflow/.local/lib/python3.7/site-packages/airflow/example_dags/example_datasets.py
[2025-02-27T23:58:24.319+0000] {logging_mixin.py:120} INFO - [2025-02-27T23:58:24.319+0000] {dag.py:2585} INFO - Sync 6 DAGs
[2025-02-27T23:58:24.332+0000] {logging_mixin.py:120} INFO - [2025-02-27T23:58:24.332+0000] {dag.py:3340} INFO - Setting next_dagrun for dataset_consumes_1 to None, run_after=None
[2025-02-27T23:58:24.335+0000] {logging_mixin.py:120} INFO - [2025-02-27T23:58:24.335+0000] {dag.py:3340} INFO - Setting next_dagrun for dataset_consumes_1_and_2 to None, run_after=None
[2025-02-27T23:58:24.335+0000] {logging_mixin.py:120} INFO - [2025-02-27T23:58:24.335+0000] {dag.py:3340} INFO - Setting next_dagrun for dataset_consumes_1_never_scheduled to None, run_after=None
[2025-02-27T23:58:24.336+0000] {logging_mixin.py:120} INFO - [2025-02-27T23:58:24.336+0000] {dag.py:3340} INFO - Setting next_dagrun for dataset_consumes_unknown_never_scheduled to None, run_after=None
[2025-02-27T23:58:24.338+0000] {logging_mixin.py:120} INFO - [2025-02-27T23:58:24.338+0000] {dag.py:3340} INFO - Setting next_dagrun for dataset_produces_1 to 2025-02-26T00:00:00+00:00, run_after=2025-02-27T00:00:00+00:00
[2025-02-27T23:58:24.339+0000] {logging_mixin.py:120} INFO - [2025-02-27T23:58:24.339+0000] {dag.py:3340} INFO - Setting next_dagrun for dataset_produces_2 to None, run_after=None
[2025-02-27T23:58:24.355+0000] {processor.py:176} INFO - Processing /home/airflow/.local/lib/python3.7/site-packages/airflow/example_dags/example_datasets.py took 0.078 seconds
[2025-02-27T23:58:55.065+0000] {processor.py:154} INFO - Started process (PID=1488) to work on /home/airflow/.local/lib/python3.7/site-packages/airflow/example_dags/example_datasets.py
[2025-02-27T23:58:55.066+0000] {processor.py:756} INFO - Processing file /home/airflow/.local/lib/python3.7/site-packages/airflow/example_dags/example_datasets.py for tasks to queue
[2025-02-27T23:58:55.067+0000] {logging_mixin.py:120} INFO - [2025-02-27T23:58:55.067+0000] {dagbag.py:537} INFO - Filling up the DagBag from /home/airflow/.local/lib/python3.7/site-packages/airflow/example_dags/example_datasets.py
[2025-02-27T23:58:55.077+0000] {processor.py:766} INFO - DAG(s) dict_keys(['dataset_produces_2', 'dataset_consumes_1_and_2', 'dataset_consumes_1_never_scheduled', 'dataset_consumes_unknown_never_scheduled', 'dataset_consumes_1', 'dataset_produces_1']) retrieved from /home/airflow/.local/lib/python3.7/site-packages/airflow/example_dags/example_datasets.py
[2025-02-27T23:58:55.106+0000] {logging_mixin.py:120} INFO - [2025-02-27T23:58:55.106+0000] {dag.py:2585} INFO - Sync 6 DAGs
[2025-02-27T23:58:55.120+0000] {logging_mixin.py:120} INFO - [2025-02-27T23:58:55.120+0000] {dag.py:3340} INFO - Setting next_dagrun for dataset_consumes_1 to None, run_after=None
[2025-02-27T23:58:55.122+0000] {logging_mixin.py:120} INFO - [2025-02-27T23:58:55.122+0000] {dag.py:3340} INFO - Setting next_dagrun for dataset_consumes_1_and_2 to None, run_after=None
[2025-02-27T23:58:55.123+0000] {logging_mixin.py:120} INFO - [2025-02-27T23:58:55.123+0000] {dag.py:3340} INFO - Setting next_dagrun for dataset_consumes_1_never_scheduled to None, run_after=None
[2025-02-27T23:58:55.123+0000] {logging_mixin.py:120} INFO - [2025-02-27T23:58:55.123+0000] {dag.py:3340} INFO - Setting next_dagrun for dataset_consumes_unknown_never_scheduled to None, run_after=None
[2025-02-27T23:58:55.125+0000] {logging_mixin.py:120} INFO - [2025-02-27T23:58:55.125+0000] {dag.py:3340} INFO - Setting next_dagrun for dataset_produces_1 to 2025-02-26T00:00:00+00:00, run_after=2025-02-27T00:00:00+00:00
[2025-02-27T23:58:55.126+0000] {logging_mixin.py:120} INFO - [2025-02-27T23:58:55.126+0000] {dag.py:3340} INFO - Setting next_dagrun for dataset_produces_2 to None, run_after=None
[2025-02-27T23:58:55.141+0000] {processor.py:176} INFO - Processing /home/airflow/.local/lib/python3.7/site-packages/airflow/example_dags/example_datasets.py took 0.078 seconds
[2025-02-27T23:59:25.740+0000] {processor.py:154} INFO - Started process (PID=1552) to work on /home/airflow/.local/lib/python3.7/site-packages/airflow/example_dags/example_datasets.py
[2025-02-27T23:59:25.741+0000] {processor.py:756} INFO - Processing file /home/airflow/.local/lib/python3.7/site-packages/airflow/example_dags/example_datasets.py for tasks to queue
[2025-02-27T23:59:25.741+0000] {logging_mixin.py:120} INFO - [2025-02-27T23:59:25.741+0000] {dagbag.py:537} INFO - Filling up the DagBag from /home/airflow/.local/lib/python3.7/site-packages/airflow/example_dags/example_datasets.py
[2025-02-27T23:59:25.749+0000] {processor.py:766} INFO - DAG(s) dict_keys(['dataset_produces_2', 'dataset_consumes_1', 'dataset_consumes_1_and_2', 'dataset_consumes_unknown_never_scheduled', 'dataset_consumes_1_never_scheduled', 'dataset_produces_1']) retrieved from /home/airflow/.local/lib/python3.7/site-packages/airflow/example_dags/example_datasets.py
[2025-02-27T23:59:25.774+0000] {logging_mixin.py:120} INFO - [2025-02-27T23:59:25.774+0000] {dag.py:2585} INFO - Sync 6 DAGs
[2025-02-27T23:59:25.789+0000] {logging_mixin.py:120} INFO - [2025-02-27T23:59:25.789+0000] {dag.py:3340} INFO - Setting next_dagrun for dataset_consumes_1 to None, run_after=None
[2025-02-27T23:59:25.791+0000] {logging_mixin.py:120} INFO - [2025-02-27T23:59:25.791+0000] {dag.py:3340} INFO - Setting next_dagrun for dataset_consumes_1_and_2 to None, run_after=None
[2025-02-27T23:59:25.792+0000] {logging_mixin.py:120} INFO - [2025-02-27T23:59:25.792+0000] {dag.py:3340} INFO - Setting next_dagrun for dataset_consumes_1_never_scheduled to None, run_after=None
[2025-02-27T23:59:25.792+0000] {logging_mixin.py:120} INFO - [2025-02-27T23:59:25.792+0000] {dag.py:3340} INFO - Setting next_dagrun for dataset_consumes_unknown_never_scheduled to None, run_after=None
[2025-02-27T23:59:25.794+0000] {logging_mixin.py:120} INFO - [2025-02-27T23:59:25.794+0000] {dag.py:3340} INFO - Setting next_dagrun for dataset_produces_1 to 2025-02-26T00:00:00+00:00, run_after=2025-02-27T00:00:00+00:00
[2025-02-27T23:59:25.795+0000] {logging_mixin.py:120} INFO - [2025-02-27T23:59:25.795+0000] {dag.py:3340} INFO - Setting next_dagrun for dataset_produces_2 to None, run_after=None
[2025-02-27T23:59:25.809+0000] {processor.py:176} INFO - Processing /home/airflow/.local/lib/python3.7/site-packages/airflow/example_dags/example_datasets.py took 0.070 seconds
[2025-02-27T23:59:56.554+0000] {processor.py:154} INFO - Started process (PID=1616) to work on /home/airflow/.local/lib/python3.7/site-packages/airflow/example_dags/example_datasets.py
[2025-02-27T23:59:56.555+0000] {processor.py:756} INFO - Processing file /home/airflow/.local/lib/python3.7/site-packages/airflow/example_dags/example_datasets.py for tasks to queue
[2025-02-27T23:59:56.556+0000] {logging_mixin.py:120} INFO - [2025-02-27T23:59:56.556+0000] {dagbag.py:537} INFO - Filling up the DagBag from /home/airflow/.local/lib/python3.7/site-packages/airflow/example_dags/example_datasets.py
[2025-02-27T23:59:56.564+0000] {processor.py:766} INFO - DAG(s) dict_keys(['dataset_consumes_1_and_2', 'dataset_produces_2', 'dataset_consumes_1', 'dataset_consumes_1_never_scheduled', 'dataset_consumes_unknown_never_scheduled', 'dataset_produces_1']) retrieved from /home/airflow/.local/lib/python3.7/site-packages/airflow/example_dags/example_datasets.py
[2025-02-27T23:59:56.591+0000] {logging_mixin.py:120} INFO - [2025-02-27T23:59:56.591+0000] {dag.py:2585} INFO - Sync 6 DAGs
[2025-02-27T23:59:56.605+0000] {logging_mixin.py:120} INFO - [2025-02-27T23:59:56.605+0000] {dag.py:3340} INFO - Setting next_dagrun for dataset_consumes_1 to None, run_after=None
[2025-02-27T23:59:56.607+0000] {logging_mixin.py:120} INFO - [2025-02-27T23:59:56.607+0000] {dag.py:3340} INFO - Setting next_dagrun for dataset_consumes_1_and_2 to None, run_after=None
[2025-02-27T23:59:56.609+0000] {logging_mixin.py:120} INFO - [2025-02-27T23:59:56.608+0000] {dag.py:3340} INFO - Setting next_dagrun for dataset_consumes_1_never_scheduled to None, run_after=None
[2025-02-27T23:59:56.609+0000] {logging_mixin.py:120} INFO - [2025-02-27T23:59:56.609+0000] {dag.py:3340} INFO - Setting next_dagrun for dataset_consumes_unknown_never_scheduled to None, run_after=None
[2025-02-27T23:59:56.611+0000] {logging_mixin.py:120} INFO - [2025-02-27T23:59:56.611+0000] {dag.py:3340} INFO - Setting next_dagrun for dataset_produces_1 to 2025-02-26T00:00:00+00:00, run_after=2025-02-27T00:00:00+00:00
[2025-02-27T23:59:56.612+0000] {logging_mixin.py:120} INFO - [2025-02-27T23:59:56.612+0000] {dag.py:3340} INFO - Setting next_dagrun for dataset_produces_2 to None, run_after=None
[2025-02-27T23:59:56.625+0000] {processor.py:176} INFO - Processing /home/airflow/.local/lib/python3.7/site-packages/airflow/example_dags/example_datasets.py took 0.073 seconds
