[2025-02-27T23:47:05.962+0000] {processor.py:154} INFO - Started process (PID=46) to work on /home/airflow/.local/lib/python3.7/site-packages/airflow/example_dags/example_branch_labels.py
[2025-02-27T23:47:05.963+0000] {processor.py:756} INFO - Processing file /home/airflow/.local/lib/python3.7/site-packages/airflow/example_dags/example_branch_labels.py for tasks to queue
[2025-02-27T23:47:05.964+0000] {logging_mixin.py:120} INFO - [2025-02-27T23:47:05.964+0000] {dagbag.py:537} INFO - Filling up the DagBag from /home/airflow/.local/lib/python3.7/site-packages/airflow/example_dags/example_branch_labels.py
[2025-02-27T23:47:05.980+0000] {processor.py:766} INFO - DAG(s) dict_keys(['example_branch_labels']) retrieved from /home/airflow/.local/lib/python3.7/site-packages/airflow/example_dags/example_branch_labels.py
[2025-02-27T23:47:06.020+0000] {logging_mixin.py:120} INFO - [2025-02-27T23:47:06.019+0000] {dag.py:2585} INFO - Sync 1 DAGs
[2025-02-27T23:47:06.041+0000] {logging_mixin.py:120} INFO - [2025-02-27T23:47:06.041+0000] {dag.py:3340} INFO - Setting next_dagrun for example_branch_labels to 2025-02-26T00:00:00+00:00, run_after=2025-02-27T00:00:00+00:00
[2025-02-27T23:47:06.062+0000] {processor.py:176} INFO - Processing /home/airflow/.local/lib/python3.7/site-packages/airflow/example_dags/example_branch_labels.py took 0.104 seconds
[2025-02-27T23:47:36.324+0000] {processor.py:154} INFO - Started process (PID=110) to work on /home/airflow/.local/lib/python3.7/site-packages/airflow/example_dags/example_branch_labels.py
[2025-02-27T23:47:36.326+0000] {processor.py:756} INFO - Processing file /home/airflow/.local/lib/python3.7/site-packages/airflow/example_dags/example_branch_labels.py for tasks to queue
[2025-02-27T23:47:36.359+0000] {logging_mixin.py:120} INFO - [2025-02-27T23:47:36.357+0000] {dagbag.py:537} INFO - Filling up the DagBag from /home/airflow/.local/lib/python3.7/site-packages/airflow/example_dags/example_branch_labels.py
[2025-02-27T23:47:36.382+0000] {processor.py:766} INFO - DAG(s) dict_keys(['example_branch_labels']) retrieved from /home/airflow/.local/lib/python3.7/site-packages/airflow/example_dags/example_branch_labels.py
[2025-02-27T23:47:36.410+0000] {logging_mixin.py:120} INFO - [2025-02-27T23:47:36.410+0000] {dag.py:2585} INFO - Sync 1 DAGs
[2025-02-27T23:47:36.431+0000] {logging_mixin.py:120} INFO - [2025-02-27T23:47:36.431+0000] {dag.py:3340} INFO - Setting next_dagrun for example_branch_labels to 2025-02-26T00:00:00+00:00, run_after=2025-02-27T00:00:00+00:00
[2025-02-27T23:47:36.443+0000] {processor.py:176} INFO - Processing /home/airflow/.local/lib/python3.7/site-packages/airflow/example_dags/example_branch_labels.py took 0.121 seconds
[2025-02-27T23:48:07.393+0000] {processor.py:154} INFO - Started process (PID=175) to work on /home/airflow/.local/lib/python3.7/site-packages/airflow/example_dags/example_branch_labels.py
[2025-02-27T23:48:07.395+0000] {processor.py:756} INFO - Processing file /home/airflow/.local/lib/python3.7/site-packages/airflow/example_dags/example_branch_labels.py for tasks to queue
[2025-02-27T23:48:07.396+0000] {logging_mixin.py:120} INFO - [2025-02-27T23:48:07.396+0000] {dagbag.py:537} INFO - Filling up the DagBag from /home/airflow/.local/lib/python3.7/site-packages/airflow/example_dags/example_branch_labels.py
[2025-02-27T23:48:07.410+0000] {processor.py:766} INFO - DAG(s) dict_keys(['example_branch_labels']) retrieved from /home/airflow/.local/lib/python3.7/site-packages/airflow/example_dags/example_branch_labels.py
[2025-02-27T23:48:07.425+0000] {logging_mixin.py:120} INFO - [2025-02-27T23:48:07.425+0000] {dag.py:2585} INFO - Sync 1 DAGs
[2025-02-27T23:48:07.440+0000] {logging_mixin.py:120} INFO - [2025-02-27T23:48:07.440+0000] {dag.py:3340} INFO - Setting next_dagrun for example_branch_labels to 2025-02-26T00:00:00+00:00, run_after=2025-02-27T00:00:00+00:00
[2025-02-27T23:48:07.449+0000] {processor.py:176} INFO - Processing /home/airflow/.local/lib/python3.7/site-packages/airflow/example_dags/example_branch_labels.py took 0.061 seconds
[2025-02-27T23:48:38.104+0000] {processor.py:154} INFO - Started process (PID=239) to work on /home/airflow/.local/lib/python3.7/site-packages/airflow/example_dags/example_branch_labels.py
[2025-02-27T23:48:38.106+0000] {processor.py:756} INFO - Processing file /home/airflow/.local/lib/python3.7/site-packages/airflow/example_dags/example_branch_labels.py for tasks to queue
[2025-02-27T23:48:38.108+0000] {logging_mixin.py:120} INFO - [2025-02-27T23:48:38.107+0000] {dagbag.py:537} INFO - Filling up the DagBag from /home/airflow/.local/lib/python3.7/site-packages/airflow/example_dags/example_branch_labels.py
[2025-02-27T23:48:38.124+0000] {processor.py:766} INFO - DAG(s) dict_keys(['example_branch_labels']) retrieved from /home/airflow/.local/lib/python3.7/site-packages/airflow/example_dags/example_branch_labels.py
[2025-02-27T23:48:38.152+0000] {logging_mixin.py:120} INFO - [2025-02-27T23:48:38.152+0000] {dag.py:2585} INFO - Sync 1 DAGs
[2025-02-27T23:48:38.165+0000] {logging_mixin.py:120} INFO - [2025-02-27T23:48:38.165+0000] {dag.py:3340} INFO - Setting next_dagrun for example_branch_labels to 2025-02-26T00:00:00+00:00, run_after=2025-02-27T00:00:00+00:00
[2025-02-27T23:48:38.175+0000] {processor.py:176} INFO - Processing /home/airflow/.local/lib/python3.7/site-packages/airflow/example_dags/example_branch_labels.py took 0.077 seconds
[2025-02-27T23:49:09.045+0000] {processor.py:154} INFO - Started process (PID=303) to work on /home/airflow/.local/lib/python3.7/site-packages/airflow/example_dags/example_branch_labels.py
[2025-02-27T23:49:09.046+0000] {processor.py:756} INFO - Processing file /home/airflow/.local/lib/python3.7/site-packages/airflow/example_dags/example_branch_labels.py for tasks to queue
[2025-02-27T23:49:09.047+0000] {logging_mixin.py:120} INFO - [2025-02-27T23:49:09.047+0000] {dagbag.py:537} INFO - Filling up the DagBag from /home/airflow/.local/lib/python3.7/site-packages/airflow/example_dags/example_branch_labels.py
[2025-02-27T23:49:09.055+0000] {processor.py:766} INFO - DAG(s) dict_keys(['example_branch_labels']) retrieved from /home/airflow/.local/lib/python3.7/site-packages/airflow/example_dags/example_branch_labels.py
[2025-02-27T23:49:09.076+0000] {logging_mixin.py:120} INFO - [2025-02-27T23:49:09.076+0000] {dag.py:2585} INFO - Sync 1 DAGs
[2025-02-27T23:49:09.089+0000] {logging_mixin.py:120} INFO - [2025-02-27T23:49:09.089+0000] {dag.py:3340} INFO - Setting next_dagrun for example_branch_labels to 2025-02-26T00:00:00+00:00, run_after=2025-02-27T00:00:00+00:00
[2025-02-27T23:49:09.099+0000] {processor.py:176} INFO - Processing /home/airflow/.local/lib/python3.7/site-packages/airflow/example_dags/example_branch_labels.py took 0.056 seconds
[2025-02-27T23:49:39.894+0000] {processor.py:154} INFO - Started process (PID=358) to work on /home/airflow/.local/lib/python3.7/site-packages/airflow/example_dags/example_branch_labels.py
[2025-02-27T23:49:39.896+0000] {processor.py:756} INFO - Processing file /home/airflow/.local/lib/python3.7/site-packages/airflow/example_dags/example_branch_labels.py for tasks to queue
[2025-02-27T23:49:39.897+0000] {logging_mixin.py:120} INFO - [2025-02-27T23:49:39.897+0000] {dagbag.py:537} INFO - Filling up the DagBag from /home/airflow/.local/lib/python3.7/site-packages/airflow/example_dags/example_branch_labels.py
[2025-02-27T23:49:39.914+0000] {processor.py:766} INFO - DAG(s) dict_keys(['example_branch_labels']) retrieved from /home/airflow/.local/lib/python3.7/site-packages/airflow/example_dags/example_branch_labels.py
[2025-02-27T23:49:39.941+0000] {logging_mixin.py:120} INFO - [2025-02-27T23:49:39.941+0000] {dag.py:2585} INFO - Sync 1 DAGs
[2025-02-27T23:49:39.956+0000] {logging_mixin.py:120} INFO - [2025-02-27T23:49:39.956+0000] {dag.py:3340} INFO - Setting next_dagrun for example_branch_labels to 2025-02-26T00:00:00+00:00, run_after=2025-02-27T00:00:00+00:00
[2025-02-27T23:49:39.965+0000] {processor.py:176} INFO - Processing /home/airflow/.local/lib/python3.7/site-packages/airflow/example_dags/example_branch_labels.py took 0.076 seconds
[2025-02-27T23:50:10.665+0000] {processor.py:154} INFO - Started process (PID=422) to work on /home/airflow/.local/lib/python3.7/site-packages/airflow/example_dags/example_branch_labels.py
[2025-02-27T23:50:10.666+0000] {processor.py:756} INFO - Processing file /home/airflow/.local/lib/python3.7/site-packages/airflow/example_dags/example_branch_labels.py for tasks to queue
[2025-02-27T23:50:10.667+0000] {logging_mixin.py:120} INFO - [2025-02-27T23:50:10.667+0000] {dagbag.py:537} INFO - Filling up the DagBag from /home/airflow/.local/lib/python3.7/site-packages/airflow/example_dags/example_branch_labels.py
[2025-02-27T23:50:10.680+0000] {processor.py:766} INFO - DAG(s) dict_keys(['example_branch_labels']) retrieved from /home/airflow/.local/lib/python3.7/site-packages/airflow/example_dags/example_branch_labels.py
[2025-02-27T23:50:10.708+0000] {logging_mixin.py:120} INFO - [2025-02-27T23:50:10.708+0000] {dag.py:2585} INFO - Sync 1 DAGs
[2025-02-27T23:50:10.721+0000] {logging_mixin.py:120} INFO - [2025-02-27T23:50:10.721+0000] {dag.py:3340} INFO - Setting next_dagrun for example_branch_labels to 2025-02-26T00:00:00+00:00, run_after=2025-02-27T00:00:00+00:00
[2025-02-27T23:50:10.731+0000] {processor.py:176} INFO - Processing /home/airflow/.local/lib/python3.7/site-packages/airflow/example_dags/example_branch_labels.py took 0.070 seconds
[2025-02-27T23:50:41.580+0000] {processor.py:154} INFO - Started process (PID=486) to work on /home/airflow/.local/lib/python3.7/site-packages/airflow/example_dags/example_branch_labels.py
[2025-02-27T23:50:41.581+0000] {processor.py:756} INFO - Processing file /home/airflow/.local/lib/python3.7/site-packages/airflow/example_dags/example_branch_labels.py for tasks to queue
[2025-02-27T23:50:41.583+0000] {logging_mixin.py:120} INFO - [2025-02-27T23:50:41.582+0000] {dagbag.py:537} INFO - Filling up the DagBag from /home/airflow/.local/lib/python3.7/site-packages/airflow/example_dags/example_branch_labels.py
[2025-02-27T23:50:41.597+0000] {processor.py:766} INFO - DAG(s) dict_keys(['example_branch_labels']) retrieved from /home/airflow/.local/lib/python3.7/site-packages/airflow/example_dags/example_branch_labels.py
[2025-02-27T23:50:41.624+0000] {logging_mixin.py:120} INFO - [2025-02-27T23:50:41.624+0000] {dag.py:2585} INFO - Sync 1 DAGs
[2025-02-27T23:50:41.638+0000] {logging_mixin.py:120} INFO - [2025-02-27T23:50:41.638+0000] {dag.py:3340} INFO - Setting next_dagrun for example_branch_labels to 2025-02-26T00:00:00+00:00, run_after=2025-02-27T00:00:00+00:00
[2025-02-27T23:50:41.648+0000] {processor.py:176} INFO - Processing /home/airflow/.local/lib/python3.7/site-packages/airflow/example_dags/example_branch_labels.py took 0.073 seconds
[2025-02-27T23:51:12.435+0000] {processor.py:154} INFO - Started process (PID=550) to work on /home/airflow/.local/lib/python3.7/site-packages/airflow/example_dags/example_branch_labels.py
[2025-02-27T23:51:12.437+0000] {processor.py:756} INFO - Processing file /home/airflow/.local/lib/python3.7/site-packages/airflow/example_dags/example_branch_labels.py for tasks to queue
[2025-02-27T23:51:12.438+0000] {logging_mixin.py:120} INFO - [2025-02-27T23:51:12.438+0000] {dagbag.py:537} INFO - Filling up the DagBag from /home/airflow/.local/lib/python3.7/site-packages/airflow/example_dags/example_branch_labels.py
[2025-02-27T23:51:12.452+0000] {processor.py:766} INFO - DAG(s) dict_keys(['example_branch_labels']) retrieved from /home/airflow/.local/lib/python3.7/site-packages/airflow/example_dags/example_branch_labels.py
[2025-02-27T23:51:12.478+0000] {logging_mixin.py:120} INFO - [2025-02-27T23:51:12.478+0000] {dag.py:2585} INFO - Sync 1 DAGs
[2025-02-27T23:51:12.491+0000] {logging_mixin.py:120} INFO - [2025-02-27T23:51:12.491+0000] {dag.py:3340} INFO - Setting next_dagrun for example_branch_labels to 2025-02-26T00:00:00+00:00, run_after=2025-02-27T00:00:00+00:00
[2025-02-27T23:51:12.501+0000] {processor.py:176} INFO - Processing /home/airflow/.local/lib/python3.7/site-packages/airflow/example_dags/example_branch_labels.py took 0.072 seconds
[2025-02-27T23:51:43.219+0000] {processor.py:154} INFO - Started process (PID=614) to work on /home/airflow/.local/lib/python3.7/site-packages/airflow/example_dags/example_branch_labels.py
[2025-02-27T23:51:43.221+0000] {processor.py:756} INFO - Processing file /home/airflow/.local/lib/python3.7/site-packages/airflow/example_dags/example_branch_labels.py for tasks to queue
[2025-02-27T23:51:43.222+0000] {logging_mixin.py:120} INFO - [2025-02-27T23:51:43.222+0000] {dagbag.py:537} INFO - Filling up the DagBag from /home/airflow/.local/lib/python3.7/site-packages/airflow/example_dags/example_branch_labels.py
[2025-02-27T23:51:43.238+0000] {processor.py:766} INFO - DAG(s) dict_keys(['example_branch_labels']) retrieved from /home/airflow/.local/lib/python3.7/site-packages/airflow/example_dags/example_branch_labels.py
[2025-02-27T23:51:43.264+0000] {logging_mixin.py:120} INFO - [2025-02-27T23:51:43.263+0000] {dag.py:2585} INFO - Sync 1 DAGs
[2025-02-27T23:51:43.277+0000] {logging_mixin.py:120} INFO - [2025-02-27T23:51:43.277+0000] {dag.py:3340} INFO - Setting next_dagrun for example_branch_labels to 2025-02-26T00:00:00+00:00, run_after=2025-02-27T00:00:00+00:00
[2025-02-27T23:51:43.288+0000] {processor.py:176} INFO - Processing /home/airflow/.local/lib/python3.7/site-packages/airflow/example_dags/example_branch_labels.py took 0.074 seconds
[2025-02-27T23:52:14.161+0000] {processor.py:154} INFO - Started process (PID=678) to work on /home/airflow/.local/lib/python3.7/site-packages/airflow/example_dags/example_branch_labels.py
[2025-02-27T23:52:14.164+0000] {processor.py:756} INFO - Processing file /home/airflow/.local/lib/python3.7/site-packages/airflow/example_dags/example_branch_labels.py for tasks to queue
[2025-02-27T23:52:14.166+0000] {logging_mixin.py:120} INFO - [2025-02-27T23:52:14.166+0000] {dagbag.py:537} INFO - Filling up the DagBag from /home/airflow/.local/lib/python3.7/site-packages/airflow/example_dags/example_branch_labels.py
[2025-02-27T23:52:14.178+0000] {processor.py:766} INFO - DAG(s) dict_keys(['example_branch_labels']) retrieved from /home/airflow/.local/lib/python3.7/site-packages/airflow/example_dags/example_branch_labels.py
[2025-02-27T23:52:14.203+0000] {logging_mixin.py:120} INFO - [2025-02-27T23:52:14.203+0000] {dag.py:2585} INFO - Sync 1 DAGs
[2025-02-27T23:52:14.216+0000] {logging_mixin.py:120} INFO - [2025-02-27T23:52:14.216+0000] {dag.py:3340} INFO - Setting next_dagrun for example_branch_labels to 2025-02-26T00:00:00+00:00, run_after=2025-02-27T00:00:00+00:00
[2025-02-27T23:52:14.225+0000] {processor.py:176} INFO - Processing /home/airflow/.local/lib/python3.7/site-packages/airflow/example_dags/example_branch_labels.py took 0.068 seconds
[2025-02-27T23:52:44.988+0000] {processor.py:154} INFO - Started process (PID=741) to work on /home/airflow/.local/lib/python3.7/site-packages/airflow/example_dags/example_branch_labels.py
[2025-02-27T23:52:44.992+0000] {processor.py:756} INFO - Processing file /home/airflow/.local/lib/python3.7/site-packages/airflow/example_dags/example_branch_labels.py for tasks to queue
[2025-02-27T23:52:44.993+0000] {logging_mixin.py:120} INFO - [2025-02-27T23:52:44.993+0000] {dagbag.py:537} INFO - Filling up the DagBag from /home/airflow/.local/lib/python3.7/site-packages/airflow/example_dags/example_branch_labels.py
[2025-02-27T23:52:45.009+0000] {processor.py:766} INFO - DAG(s) dict_keys(['example_branch_labels']) retrieved from /home/airflow/.local/lib/python3.7/site-packages/airflow/example_dags/example_branch_labels.py
[2025-02-27T23:52:45.036+0000] {logging_mixin.py:120} INFO - [2025-02-27T23:52:45.036+0000] {dag.py:2585} INFO - Sync 1 DAGs
[2025-02-27T23:52:45.050+0000] {logging_mixin.py:120} INFO - [2025-02-27T23:52:45.050+0000] {dag.py:3340} INFO - Setting next_dagrun for example_branch_labels to 2025-02-26T00:00:00+00:00, run_after=2025-02-27T00:00:00+00:00
[2025-02-27T23:52:45.059+0000] {processor.py:176} INFO - Processing /home/airflow/.local/lib/python3.7/site-packages/airflow/example_dags/example_branch_labels.py took 0.077 seconds
[2025-02-27T23:53:15.736+0000] {processor.py:154} INFO - Started process (PID=803) to work on /home/airflow/.local/lib/python3.7/site-packages/airflow/example_dags/example_branch_labels.py
[2025-02-27T23:53:15.737+0000] {processor.py:756} INFO - Processing file /home/airflow/.local/lib/python3.7/site-packages/airflow/example_dags/example_branch_labels.py for tasks to queue
[2025-02-27T23:53:15.737+0000] {logging_mixin.py:120} INFO - [2025-02-27T23:53:15.737+0000] {dagbag.py:537} INFO - Filling up the DagBag from /home/airflow/.local/lib/python3.7/site-packages/airflow/example_dags/example_branch_labels.py
[2025-02-27T23:53:15.745+0000] {processor.py:766} INFO - DAG(s) dict_keys(['example_branch_labels']) retrieved from /home/airflow/.local/lib/python3.7/site-packages/airflow/example_dags/example_branch_labels.py
[2025-02-27T23:53:15.765+0000] {logging_mixin.py:120} INFO - [2025-02-27T23:53:15.765+0000] {dag.py:2585} INFO - Sync 1 DAGs
[2025-02-27T23:53:15.780+0000] {logging_mixin.py:120} INFO - [2025-02-27T23:53:15.780+0000] {dag.py:3340} INFO - Setting next_dagrun for example_branch_labels to 2025-02-26T00:00:00+00:00, run_after=2025-02-27T00:00:00+00:00
[2025-02-27T23:53:15.790+0000] {processor.py:176} INFO - Processing /home/airflow/.local/lib/python3.7/site-packages/airflow/example_dags/example_branch_labels.py took 0.056 seconds
[2025-02-27T23:53:46.650+0000] {processor.py:154} INFO - Started process (PID=867) to work on /home/airflow/.local/lib/python3.7/site-packages/airflow/example_dags/example_branch_labels.py
[2025-02-27T23:53:46.651+0000] {processor.py:756} INFO - Processing file /home/airflow/.local/lib/python3.7/site-packages/airflow/example_dags/example_branch_labels.py for tasks to queue
[2025-02-27T23:53:46.653+0000] {logging_mixin.py:120} INFO - [2025-02-27T23:53:46.653+0000] {dagbag.py:537} INFO - Filling up the DagBag from /home/airflow/.local/lib/python3.7/site-packages/airflow/example_dags/example_branch_labels.py
[2025-02-27T23:53:46.663+0000] {processor.py:766} INFO - DAG(s) dict_keys(['example_branch_labels']) retrieved from /home/airflow/.local/lib/python3.7/site-packages/airflow/example_dags/example_branch_labels.py
[2025-02-27T23:53:46.702+0000] {logging_mixin.py:120} INFO - [2025-02-27T23:53:46.702+0000] {dag.py:2585} INFO - Sync 1 DAGs
[2025-02-27T23:53:46.718+0000] {logging_mixin.py:120} INFO - [2025-02-27T23:53:46.718+0000] {dag.py:3340} INFO - Setting next_dagrun for example_branch_labels to 2025-02-26T00:00:00+00:00, run_after=2025-02-27T00:00:00+00:00
[2025-02-27T23:53:46.728+0000] {processor.py:176} INFO - Processing /home/airflow/.local/lib/python3.7/site-packages/airflow/example_dags/example_branch_labels.py took 0.080 seconds
[2025-02-27T23:54:17.506+0000] {processor.py:154} INFO - Started process (PID=922) to work on /home/airflow/.local/lib/python3.7/site-packages/airflow/example_dags/example_branch_labels.py
[2025-02-27T23:54:17.508+0000] {processor.py:756} INFO - Processing file /home/airflow/.local/lib/python3.7/site-packages/airflow/example_dags/example_branch_labels.py for tasks to queue
[2025-02-27T23:54:17.509+0000] {logging_mixin.py:120} INFO - [2025-02-27T23:54:17.509+0000] {dagbag.py:537} INFO - Filling up the DagBag from /home/airflow/.local/lib/python3.7/site-packages/airflow/example_dags/example_branch_labels.py
[2025-02-27T23:54:17.523+0000] {processor.py:766} INFO - DAG(s) dict_keys(['example_branch_labels']) retrieved from /home/airflow/.local/lib/python3.7/site-packages/airflow/example_dags/example_branch_labels.py
[2025-02-27T23:54:17.555+0000] {logging_mixin.py:120} INFO - [2025-02-27T23:54:17.554+0000] {dag.py:2585} INFO - Sync 1 DAGs
[2025-02-27T23:54:17.571+0000] {logging_mixin.py:120} INFO - [2025-02-27T23:54:17.571+0000] {dag.py:3340} INFO - Setting next_dagrun for example_branch_labels to 2025-02-26T00:00:00+00:00, run_after=2025-02-27T00:00:00+00:00
[2025-02-27T23:54:17.580+0000] {processor.py:176} INFO - Processing /home/airflow/.local/lib/python3.7/site-packages/airflow/example_dags/example_branch_labels.py took 0.077 seconds
[2025-02-27T23:54:48.478+0000] {processor.py:154} INFO - Started process (PID=985) to work on /home/airflow/.local/lib/python3.7/site-packages/airflow/example_dags/example_branch_labels.py
[2025-02-27T23:54:48.481+0000] {processor.py:756} INFO - Processing file /home/airflow/.local/lib/python3.7/site-packages/airflow/example_dags/example_branch_labels.py for tasks to queue
[2025-02-27T23:54:48.482+0000] {logging_mixin.py:120} INFO - [2025-02-27T23:54:48.482+0000] {dagbag.py:537} INFO - Filling up the DagBag from /home/airflow/.local/lib/python3.7/site-packages/airflow/example_dags/example_branch_labels.py
[2025-02-27T23:54:48.501+0000] {processor.py:766} INFO - DAG(s) dict_keys(['example_branch_labels']) retrieved from /home/airflow/.local/lib/python3.7/site-packages/airflow/example_dags/example_branch_labels.py
[2025-02-27T23:54:48.529+0000] {logging_mixin.py:120} INFO - [2025-02-27T23:54:48.529+0000] {dag.py:2585} INFO - Sync 1 DAGs
[2025-02-27T23:54:48.542+0000] {logging_mixin.py:120} INFO - [2025-02-27T23:54:48.542+0000] {dag.py:3340} INFO - Setting next_dagrun for example_branch_labels to 2025-02-26T00:00:00+00:00, run_after=2025-02-27T00:00:00+00:00
[2025-02-27T23:54:48.551+0000] {processor.py:176} INFO - Processing /home/airflow/.local/lib/python3.7/site-packages/airflow/example_dags/example_branch_labels.py took 0.079 seconds
[2025-02-27T23:55:19.250+0000] {processor.py:154} INFO - Started process (PID=1049) to work on /home/airflow/.local/lib/python3.7/site-packages/airflow/example_dags/example_branch_labels.py
[2025-02-27T23:55:19.251+0000] {processor.py:756} INFO - Processing file /home/airflow/.local/lib/python3.7/site-packages/airflow/example_dags/example_branch_labels.py for tasks to queue
[2025-02-27T23:55:19.252+0000] {logging_mixin.py:120} INFO - [2025-02-27T23:55:19.252+0000] {dagbag.py:537} INFO - Filling up the DagBag from /home/airflow/.local/lib/python3.7/site-packages/airflow/example_dags/example_branch_labels.py
[2025-02-27T23:55:19.264+0000] {processor.py:766} INFO - DAG(s) dict_keys(['example_branch_labels']) retrieved from /home/airflow/.local/lib/python3.7/site-packages/airflow/example_dags/example_branch_labels.py
[2025-02-27T23:55:19.290+0000] {logging_mixin.py:120} INFO - [2025-02-27T23:55:19.290+0000] {dag.py:2585} INFO - Sync 1 DAGs
[2025-02-27T23:55:19.304+0000] {logging_mixin.py:120} INFO - [2025-02-27T23:55:19.304+0000] {dag.py:3340} INFO - Setting next_dagrun for example_branch_labels to 2025-02-26T00:00:00+00:00, run_after=2025-02-27T00:00:00+00:00
[2025-02-27T23:55:19.314+0000] {processor.py:176} INFO - Processing /home/airflow/.local/lib/python3.7/site-packages/airflow/example_dags/example_branch_labels.py took 0.068 seconds
[2025-02-27T23:55:50.024+0000] {processor.py:154} INFO - Started process (PID=1113) to work on /home/airflow/.local/lib/python3.7/site-packages/airflow/example_dags/example_branch_labels.py
[2025-02-27T23:55:50.027+0000] {processor.py:756} INFO - Processing file /home/airflow/.local/lib/python3.7/site-packages/airflow/example_dags/example_branch_labels.py for tasks to queue
[2025-02-27T23:55:50.028+0000] {logging_mixin.py:120} INFO - [2025-02-27T23:55:50.028+0000] {dagbag.py:537} INFO - Filling up the DagBag from /home/airflow/.local/lib/python3.7/site-packages/airflow/example_dags/example_branch_labels.py
[2025-02-27T23:55:50.044+0000] {processor.py:766} INFO - DAG(s) dict_keys(['example_branch_labels']) retrieved from /home/airflow/.local/lib/python3.7/site-packages/airflow/example_dags/example_branch_labels.py
[2025-02-27T23:55:50.070+0000] {logging_mixin.py:120} INFO - [2025-02-27T23:55:50.070+0000] {dag.py:2585} INFO - Sync 1 DAGs
[2025-02-27T23:55:50.084+0000] {logging_mixin.py:120} INFO - [2025-02-27T23:55:50.084+0000] {dag.py:3340} INFO - Setting next_dagrun for example_branch_labels to 2025-02-26T00:00:00+00:00, run_after=2025-02-27T00:00:00+00:00
[2025-02-27T23:55:50.093+0000] {processor.py:176} INFO - Processing /home/airflow/.local/lib/python3.7/site-packages/airflow/example_dags/example_branch_labels.py took 0.074 seconds
[2025-02-27T23:56:20.726+0000] {processor.py:154} INFO - Started process (PID=1177) to work on /home/airflow/.local/lib/python3.7/site-packages/airflow/example_dags/example_branch_labels.py
[2025-02-27T23:56:20.728+0000] {processor.py:756} INFO - Processing file /home/airflow/.local/lib/python3.7/site-packages/airflow/example_dags/example_branch_labels.py for tasks to queue
[2025-02-27T23:56:20.729+0000] {logging_mixin.py:120} INFO - [2025-02-27T23:56:20.729+0000] {dagbag.py:537} INFO - Filling up the DagBag from /home/airflow/.local/lib/python3.7/site-packages/airflow/example_dags/example_branch_labels.py
[2025-02-27T23:56:20.739+0000] {processor.py:766} INFO - DAG(s) dict_keys(['example_branch_labels']) retrieved from /home/airflow/.local/lib/python3.7/site-packages/airflow/example_dags/example_branch_labels.py
[2025-02-27T23:56:20.763+0000] {logging_mixin.py:120} INFO - [2025-02-27T23:56:20.763+0000] {dag.py:2585} INFO - Sync 1 DAGs
[2025-02-27T23:56:20.778+0000] {logging_mixin.py:120} INFO - [2025-02-27T23:56:20.778+0000] {dag.py:3340} INFO - Setting next_dagrun for example_branch_labels to 2025-02-26T00:00:00+00:00, run_after=2025-02-27T00:00:00+00:00
[2025-02-27T23:56:20.789+0000] {processor.py:176} INFO - Processing /home/airflow/.local/lib/python3.7/site-packages/airflow/example_dags/example_branch_labels.py took 0.066 seconds
[2025-02-27T23:56:51.552+0000] {processor.py:154} INFO - Started process (PID=1241) to work on /home/airflow/.local/lib/python3.7/site-packages/airflow/example_dags/example_branch_labels.py
[2025-02-27T23:56:51.554+0000] {processor.py:756} INFO - Processing file /home/airflow/.local/lib/python3.7/site-packages/airflow/example_dags/example_branch_labels.py for tasks to queue
[2025-02-27T23:56:51.554+0000] {logging_mixin.py:120} INFO - [2025-02-27T23:56:51.554+0000] {dagbag.py:537} INFO - Filling up the DagBag from /home/airflow/.local/lib/python3.7/site-packages/airflow/example_dags/example_branch_labels.py
[2025-02-27T23:56:51.568+0000] {processor.py:766} INFO - DAG(s) dict_keys(['example_branch_labels']) retrieved from /home/airflow/.local/lib/python3.7/site-packages/airflow/example_dags/example_branch_labels.py
[2025-02-27T23:56:51.595+0000] {logging_mixin.py:120} INFO - [2025-02-27T23:56:51.595+0000] {dag.py:2585} INFO - Sync 1 DAGs
[2025-02-27T23:56:51.610+0000] {logging_mixin.py:120} INFO - [2025-02-27T23:56:51.610+0000] {dag.py:3340} INFO - Setting next_dagrun for example_branch_labels to 2025-02-26T00:00:00+00:00, run_after=2025-02-27T00:00:00+00:00
[2025-02-27T23:56:51.619+0000] {processor.py:176} INFO - Processing /home/airflow/.local/lib/python3.7/site-packages/airflow/example_dags/example_branch_labels.py took 0.071 seconds
[2025-02-27T23:57:22.454+0000] {processor.py:154} INFO - Started process (PID=1305) to work on /home/airflow/.local/lib/python3.7/site-packages/airflow/example_dags/example_branch_labels.py
[2025-02-27T23:57:22.456+0000] {processor.py:756} INFO - Processing file /home/airflow/.local/lib/python3.7/site-packages/airflow/example_dags/example_branch_labels.py for tasks to queue
[2025-02-27T23:57:22.456+0000] {logging_mixin.py:120} INFO - [2025-02-27T23:57:22.456+0000] {dagbag.py:537} INFO - Filling up the DagBag from /home/airflow/.local/lib/python3.7/site-packages/airflow/example_dags/example_branch_labels.py
[2025-02-27T23:57:22.470+0000] {processor.py:766} INFO - DAG(s) dict_keys(['example_branch_labels']) retrieved from /home/airflow/.local/lib/python3.7/site-packages/airflow/example_dags/example_branch_labels.py
[2025-02-27T23:57:22.495+0000] {logging_mixin.py:120} INFO - [2025-02-27T23:57:22.495+0000] {dag.py:2585} INFO - Sync 1 DAGs
[2025-02-27T23:57:22.510+0000] {logging_mixin.py:120} INFO - [2025-02-27T23:57:22.510+0000] {dag.py:3340} INFO - Setting next_dagrun for example_branch_labels to 2025-02-26T00:00:00+00:00, run_after=2025-02-27T00:00:00+00:00
[2025-02-27T23:57:22.521+0000] {processor.py:176} INFO - Processing /home/airflow/.local/lib/python3.7/site-packages/airflow/example_dags/example_branch_labels.py took 0.070 seconds
[2025-02-27T23:57:53.381+0000] {processor.py:154} INFO - Started process (PID=1368) to work on /home/airflow/.local/lib/python3.7/site-packages/airflow/example_dags/example_branch_labels.py
[2025-02-27T23:57:53.382+0000] {processor.py:756} INFO - Processing file /home/airflow/.local/lib/python3.7/site-packages/airflow/example_dags/example_branch_labels.py for tasks to queue
[2025-02-27T23:57:53.383+0000] {logging_mixin.py:120} INFO - [2025-02-27T23:57:53.383+0000] {dagbag.py:537} INFO - Filling up the DagBag from /home/airflow/.local/lib/python3.7/site-packages/airflow/example_dags/example_branch_labels.py
[2025-02-27T23:57:53.398+0000] {processor.py:766} INFO - DAG(s) dict_keys(['example_branch_labels']) retrieved from /home/airflow/.local/lib/python3.7/site-packages/airflow/example_dags/example_branch_labels.py
[2025-02-27T23:57:53.421+0000] {logging_mixin.py:120} INFO - [2025-02-27T23:57:53.421+0000] {dag.py:2585} INFO - Sync 1 DAGs
[2025-02-27T23:57:53.438+0000] {logging_mixin.py:120} INFO - [2025-02-27T23:57:53.438+0000] {dag.py:3340} INFO - Setting next_dagrun for example_branch_labels to 2025-02-26T00:00:00+00:00, run_after=2025-02-27T00:00:00+00:00
[2025-02-27T23:57:53.448+0000] {processor.py:176} INFO - Processing /home/airflow/.local/lib/python3.7/site-packages/airflow/example_dags/example_branch_labels.py took 0.070 seconds
[2025-02-27T23:58:24.189+0000] {processor.py:154} INFO - Started process (PID=1431) to work on /home/airflow/.local/lib/python3.7/site-packages/airflow/example_dags/example_branch_labels.py
[2025-02-27T23:58:24.191+0000] {processor.py:756} INFO - Processing file /home/airflow/.local/lib/python3.7/site-packages/airflow/example_dags/example_branch_labels.py for tasks to queue
[2025-02-27T23:58:24.191+0000] {logging_mixin.py:120} INFO - [2025-02-27T23:58:24.191+0000] {dagbag.py:537} INFO - Filling up the DagBag from /home/airflow/.local/lib/python3.7/site-packages/airflow/example_dags/example_branch_labels.py
[2025-02-27T23:58:24.201+0000] {processor.py:766} INFO - DAG(s) dict_keys(['example_branch_labels']) retrieved from /home/airflow/.local/lib/python3.7/site-packages/airflow/example_dags/example_branch_labels.py
[2025-02-27T23:58:24.232+0000] {logging_mixin.py:120} INFO - [2025-02-27T23:58:24.232+0000] {dag.py:2585} INFO - Sync 1 DAGs
[2025-02-27T23:58:24.247+0000] {logging_mixin.py:120} INFO - [2025-02-27T23:58:24.247+0000] {dag.py:3340} INFO - Setting next_dagrun for example_branch_labels to 2025-02-26T00:00:00+00:00, run_after=2025-02-27T00:00:00+00:00
[2025-02-27T23:58:24.260+0000] {processor.py:176} INFO - Processing /home/airflow/.local/lib/python3.7/site-packages/airflow/example_dags/example_branch_labels.py took 0.076 seconds
[2025-02-27T23:58:54.990+0000] {processor.py:154} INFO - Started process (PID=1486) to work on /home/airflow/.local/lib/python3.7/site-packages/airflow/example_dags/example_branch_labels.py
[2025-02-27T23:58:54.991+0000] {processor.py:756} INFO - Processing file /home/airflow/.local/lib/python3.7/site-packages/airflow/example_dags/example_branch_labels.py for tasks to queue
[2025-02-27T23:58:54.992+0000] {logging_mixin.py:120} INFO - [2025-02-27T23:58:54.992+0000] {dagbag.py:537} INFO - Filling up the DagBag from /home/airflow/.local/lib/python3.7/site-packages/airflow/example_dags/example_branch_labels.py
[2025-02-27T23:58:55.002+0000] {processor.py:766} INFO - DAG(s) dict_keys(['example_branch_labels']) retrieved from /home/airflow/.local/lib/python3.7/site-packages/airflow/example_dags/example_branch_labels.py
[2025-02-27T23:58:55.031+0000] {logging_mixin.py:120} INFO - [2025-02-27T23:58:55.031+0000] {dag.py:2585} INFO - Sync 1 DAGs
[2025-02-27T23:58:55.045+0000] {logging_mixin.py:120} INFO - [2025-02-27T23:58:55.045+0000] {dag.py:3340} INFO - Setting next_dagrun for example_branch_labels to 2025-02-26T00:00:00+00:00, run_after=2025-02-27T00:00:00+00:00
[2025-02-27T23:58:55.055+0000] {processor.py:176} INFO - Processing /home/airflow/.local/lib/python3.7/site-packages/airflow/example_dags/example_branch_labels.py took 0.070 seconds
[2025-02-27T23:59:25.669+0000] {processor.py:154} INFO - Started process (PID=1550) to work on /home/airflow/.local/lib/python3.7/site-packages/airflow/example_dags/example_branch_labels.py
[2025-02-27T23:59:25.670+0000] {processor.py:756} INFO - Processing file /home/airflow/.local/lib/python3.7/site-packages/airflow/example_dags/example_branch_labels.py for tasks to queue
[2025-02-27T23:59:25.671+0000] {logging_mixin.py:120} INFO - [2025-02-27T23:59:25.671+0000] {dagbag.py:537} INFO - Filling up the DagBag from /home/airflow/.local/lib/python3.7/site-packages/airflow/example_dags/example_branch_labels.py
[2025-02-27T23:59:25.680+0000] {processor.py:766} INFO - DAG(s) dict_keys(['example_branch_labels']) retrieved from /home/airflow/.local/lib/python3.7/site-packages/airflow/example_dags/example_branch_labels.py
[2025-02-27T23:59:25.702+0000] {logging_mixin.py:120} INFO - [2025-02-27T23:59:25.702+0000] {dag.py:2585} INFO - Sync 1 DAGs
[2025-02-27T23:59:25.717+0000] {logging_mixin.py:120} INFO - [2025-02-27T23:59:25.717+0000] {dag.py:3340} INFO - Setting next_dagrun for example_branch_labels to 2025-02-26T00:00:00+00:00, run_after=2025-02-27T00:00:00+00:00
[2025-02-27T23:59:25.730+0000] {processor.py:176} INFO - Processing /home/airflow/.local/lib/python3.7/site-packages/airflow/example_dags/example_branch_labels.py took 0.063 seconds
[2025-02-27T23:59:56.479+0000] {processor.py:154} INFO - Started process (PID=1614) to work on /home/airflow/.local/lib/python3.7/site-packages/airflow/example_dags/example_branch_labels.py
[2025-02-27T23:59:56.481+0000] {processor.py:756} INFO - Processing file /home/airflow/.local/lib/python3.7/site-packages/airflow/example_dags/example_branch_labels.py for tasks to queue
[2025-02-27T23:59:56.482+0000] {logging_mixin.py:120} INFO - [2025-02-27T23:59:56.482+0000] {dagbag.py:537} INFO - Filling up the DagBag from /home/airflow/.local/lib/python3.7/site-packages/airflow/example_dags/example_branch_labels.py
[2025-02-27T23:59:56.496+0000] {processor.py:766} INFO - DAG(s) dict_keys(['example_branch_labels']) retrieved from /home/airflow/.local/lib/python3.7/site-packages/airflow/example_dags/example_branch_labels.py
[2025-02-27T23:59:56.519+0000] {logging_mixin.py:120} INFO - [2025-02-27T23:59:56.519+0000] {dag.py:2585} INFO - Sync 1 DAGs
[2025-02-27T23:59:56.533+0000] {logging_mixin.py:120} INFO - [2025-02-27T23:59:56.533+0000] {dag.py:3340} INFO - Setting next_dagrun for example_branch_labels to 2025-02-26T00:00:00+00:00, run_after=2025-02-27T00:00:00+00:00
[2025-02-27T23:59:56.543+0000] {processor.py:176} INFO - Processing /home/airflow/.local/lib/python3.7/site-packages/airflow/example_dags/example_branch_labels.py took 0.066 seconds
