[2025-02-27T23:47:08.291+0000] {processor.py:154} INFO - Started process (PID=68) to work on /home/airflow/.local/lib/python3.7/site-packages/airflow/example_dags/example_branch_operator.py
[2025-02-27T23:47:08.292+0000] {processor.py:756} INFO - Processing file /home/airflow/.local/lib/python3.7/site-packages/airflow/example_dags/example_branch_operator.py for tasks to queue
[2025-02-27T23:47:08.294+0000] {logging_mixin.py:120} INFO - [2025-02-27T23:47:08.294+0000] {dagbag.py:537} INFO - Filling up the DagBag from /home/airflow/.local/lib/python3.7/site-packages/airflow/example_dags/example_branch_operator.py
[2025-02-27T23:47:08.307+0000] {processor.py:766} INFO - DAG(s) dict_keys(['example_branch_operator']) retrieved from /home/airflow/.local/lib/python3.7/site-packages/airflow/example_dags/example_branch_operator.py
[2025-02-27T23:47:08.337+0000] {logging_mixin.py:120} INFO - [2025-02-27T23:47:08.336+0000] {dag.py:2585} INFO - Sync 1 DAGs
[2025-02-27T23:47:08.358+0000] {logging_mixin.py:120} INFO - [2025-02-27T23:47:08.358+0000] {dag.py:3340} INFO - Setting next_dagrun for example_branch_operator to 2025-02-26T00:00:00+00:00, run_after=2025-02-27T00:00:00+00:00
[2025-02-27T23:47:08.382+0000] {processor.py:176} INFO - Processing /home/airflow/.local/lib/python3.7/site-packages/airflow/example_dags/example_branch_operator.py took 0.094 seconds
[2025-02-27T23:47:38.549+0000] {processor.py:154} INFO - Started process (PID=132) to work on /home/airflow/.local/lib/python3.7/site-packages/airflow/example_dags/example_branch_operator.py
[2025-02-27T23:47:38.550+0000] {processor.py:756} INFO - Processing file /home/airflow/.local/lib/python3.7/site-packages/airflow/example_dags/example_branch_operator.py for tasks to queue
[2025-02-27T23:47:38.550+0000] {logging_mixin.py:120} INFO - [2025-02-27T23:47:38.550+0000] {dagbag.py:537} INFO - Filling up the DagBag from /home/airflow/.local/lib/python3.7/site-packages/airflow/example_dags/example_branch_operator.py
[2025-02-27T23:47:38.560+0000] {processor.py:766} INFO - DAG(s) dict_keys(['example_branch_operator']) retrieved from /home/airflow/.local/lib/python3.7/site-packages/airflow/example_dags/example_branch_operator.py
[2025-02-27T23:47:38.582+0000] {logging_mixin.py:120} INFO - [2025-02-27T23:47:38.582+0000] {dag.py:2585} INFO - Sync 1 DAGs
[2025-02-27T23:47:38.599+0000] {logging_mixin.py:120} INFO - [2025-02-27T23:47:38.599+0000] {dag.py:3340} INFO - Setting next_dagrun for example_branch_operator to 2025-02-26T00:00:00+00:00, run_after=2025-02-27T00:00:00+00:00
[2025-02-27T23:47:38.610+0000] {processor.py:176} INFO - Processing /home/airflow/.local/lib/python3.7/site-packages/airflow/example_dags/example_branch_operator.py took 0.063 seconds
[2025-02-27T23:48:09.112+0000] {processor.py:154} INFO - Started process (PID=197) to work on /home/airflow/.local/lib/python3.7/site-packages/airflow/example_dags/example_branch_operator.py
[2025-02-27T23:48:09.112+0000] {processor.py:756} INFO - Processing file /home/airflow/.local/lib/python3.7/site-packages/airflow/example_dags/example_branch_operator.py for tasks to queue
[2025-02-27T23:48:09.113+0000] {logging_mixin.py:120} INFO - [2025-02-27T23:48:09.113+0000] {dagbag.py:537} INFO - Filling up the DagBag from /home/airflow/.local/lib/python3.7/site-packages/airflow/example_dags/example_branch_operator.py
[2025-02-27T23:48:09.122+0000] {processor.py:766} INFO - DAG(s) dict_keys(['example_branch_operator']) retrieved from /home/airflow/.local/lib/python3.7/site-packages/airflow/example_dags/example_branch_operator.py
[2025-02-27T23:48:09.134+0000] {logging_mixin.py:120} INFO - [2025-02-27T23:48:09.134+0000] {dag.py:2585} INFO - Sync 1 DAGs
[2025-02-27T23:48:09.149+0000] {logging_mixin.py:120} INFO - [2025-02-27T23:48:09.149+0000] {dag.py:3340} INFO - Setting next_dagrun for example_branch_operator to 2025-02-26T00:00:00+00:00, run_after=2025-02-27T00:00:00+00:00
[2025-02-27T23:48:09.159+0000] {processor.py:176} INFO - Processing /home/airflow/.local/lib/python3.7/site-packages/airflow/example_dags/example_branch_operator.py took 0.049 seconds
[2025-02-27T23:48:40.078+0000] {processor.py:154} INFO - Started process (PID=261) to work on /home/airflow/.local/lib/python3.7/site-packages/airflow/example_dags/example_branch_operator.py
[2025-02-27T23:48:40.079+0000] {processor.py:756} INFO - Processing file /home/airflow/.local/lib/python3.7/site-packages/airflow/example_dags/example_branch_operator.py for tasks to queue
[2025-02-27T23:48:40.079+0000] {logging_mixin.py:120} INFO - [2025-02-27T23:48:40.079+0000] {dagbag.py:537} INFO - Filling up the DagBag from /home/airflow/.local/lib/python3.7/site-packages/airflow/example_dags/example_branch_operator.py
[2025-02-27T23:48:40.089+0000] {processor.py:766} INFO - DAG(s) dict_keys(['example_branch_operator']) retrieved from /home/airflow/.local/lib/python3.7/site-packages/airflow/example_dags/example_branch_operator.py
[2025-02-27T23:48:40.110+0000] {logging_mixin.py:120} INFO - [2025-02-27T23:48:40.110+0000] {dag.py:2585} INFO - Sync 1 DAGs
[2025-02-27T23:48:40.123+0000] {logging_mixin.py:120} INFO - [2025-02-27T23:48:40.123+0000] {dag.py:3340} INFO - Setting next_dagrun for example_branch_operator to 2025-02-26T00:00:00+00:00, run_after=2025-02-27T00:00:00+00:00
[2025-02-27T23:48:40.132+0000] {processor.py:176} INFO - Processing /home/airflow/.local/lib/python3.7/site-packages/airflow/example_dags/example_branch_operator.py took 0.056 seconds
[2025-02-27T23:49:11.033+0000] {processor.py:154} INFO - Started process (PID=325) to work on /home/airflow/.local/lib/python3.7/site-packages/airflow/example_dags/example_branch_operator.py
[2025-02-27T23:49:11.034+0000] {processor.py:756} INFO - Processing file /home/airflow/.local/lib/python3.7/site-packages/airflow/example_dags/example_branch_operator.py for tasks to queue
[2025-02-27T23:49:11.034+0000] {logging_mixin.py:120} INFO - [2025-02-27T23:49:11.034+0000] {dagbag.py:537} INFO - Filling up the DagBag from /home/airflow/.local/lib/python3.7/site-packages/airflow/example_dags/example_branch_operator.py
[2025-02-27T23:49:11.043+0000] {processor.py:766} INFO - DAG(s) dict_keys(['example_branch_operator']) retrieved from /home/airflow/.local/lib/python3.7/site-packages/airflow/example_dags/example_branch_operator.py
[2025-02-27T23:49:11.066+0000] {logging_mixin.py:120} INFO - [2025-02-27T23:49:11.065+0000] {dag.py:2585} INFO - Sync 1 DAGs
[2025-02-27T23:49:11.080+0000] {logging_mixin.py:120} INFO - [2025-02-27T23:49:11.080+0000] {dag.py:3340} INFO - Setting next_dagrun for example_branch_operator to 2025-02-26T00:00:00+00:00, run_after=2025-02-27T00:00:00+00:00
[2025-02-27T23:49:11.090+0000] {processor.py:176} INFO - Processing /home/airflow/.local/lib/python3.7/site-packages/airflow/example_dags/example_branch_operator.py took 0.059 seconds
[2025-02-27T23:49:41.805+0000] {processor.py:154} INFO - Started process (PID=389) to work on /home/airflow/.local/lib/python3.7/site-packages/airflow/example_dags/example_branch_operator.py
[2025-02-27T23:49:41.806+0000] {processor.py:756} INFO - Processing file /home/airflow/.local/lib/python3.7/site-packages/airflow/example_dags/example_branch_operator.py for tasks to queue
[2025-02-27T23:49:41.806+0000] {logging_mixin.py:120} INFO - [2025-02-27T23:49:41.806+0000] {dagbag.py:537} INFO - Filling up the DagBag from /home/airflow/.local/lib/python3.7/site-packages/airflow/example_dags/example_branch_operator.py
[2025-02-27T23:49:41.815+0000] {processor.py:766} INFO - DAG(s) dict_keys(['example_branch_operator']) retrieved from /home/airflow/.local/lib/python3.7/site-packages/airflow/example_dags/example_branch_operator.py
[2025-02-27T23:49:41.836+0000] {logging_mixin.py:120} INFO - [2025-02-27T23:49:41.836+0000] {dag.py:2585} INFO - Sync 1 DAGs
[2025-02-27T23:49:41.850+0000] {logging_mixin.py:120} INFO - [2025-02-27T23:49:41.850+0000] {dag.py:3340} INFO - Setting next_dagrun for example_branch_operator to 2025-02-26T00:00:00+00:00, run_after=2025-02-27T00:00:00+00:00
[2025-02-27T23:49:41.860+0000] {processor.py:176} INFO - Processing /home/airflow/.local/lib/python3.7/site-packages/airflow/example_dags/example_branch_operator.py took 0.057 seconds
[2025-02-27T23:50:12.624+0000] {processor.py:154} INFO - Started process (PID=453) to work on /home/airflow/.local/lib/python3.7/site-packages/airflow/example_dags/example_branch_operator.py
[2025-02-27T23:50:12.624+0000] {processor.py:756} INFO - Processing file /home/airflow/.local/lib/python3.7/site-packages/airflow/example_dags/example_branch_operator.py for tasks to queue
[2025-02-27T23:50:12.625+0000] {logging_mixin.py:120} INFO - [2025-02-27T23:50:12.625+0000] {dagbag.py:537} INFO - Filling up the DagBag from /home/airflow/.local/lib/python3.7/site-packages/airflow/example_dags/example_branch_operator.py
[2025-02-27T23:50:12.633+0000] {processor.py:766} INFO - DAG(s) dict_keys(['example_branch_operator']) retrieved from /home/airflow/.local/lib/python3.7/site-packages/airflow/example_dags/example_branch_operator.py
[2025-02-27T23:50:12.655+0000] {logging_mixin.py:120} INFO - [2025-02-27T23:50:12.655+0000] {dag.py:2585} INFO - Sync 1 DAGs
[2025-02-27T23:50:12.669+0000] {logging_mixin.py:120} INFO - [2025-02-27T23:50:12.668+0000] {dag.py:3340} INFO - Setting next_dagrun for example_branch_operator to 2025-02-26T00:00:00+00:00, run_after=2025-02-27T00:00:00+00:00
[2025-02-27T23:50:12.679+0000] {processor.py:176} INFO - Processing /home/airflow/.local/lib/python3.7/site-packages/airflow/example_dags/example_branch_operator.py took 0.058 seconds
[2025-02-27T23:50:43.515+0000] {processor.py:154} INFO - Started process (PID=508) to work on /home/airflow/.local/lib/python3.7/site-packages/airflow/example_dags/example_branch_operator.py
[2025-02-27T23:50:43.517+0000] {processor.py:756} INFO - Processing file /home/airflow/.local/lib/python3.7/site-packages/airflow/example_dags/example_branch_operator.py for tasks to queue
[2025-02-27T23:50:43.517+0000] {logging_mixin.py:120} INFO - [2025-02-27T23:50:43.517+0000] {dagbag.py:537} INFO - Filling up the DagBag from /home/airflow/.local/lib/python3.7/site-packages/airflow/example_dags/example_branch_operator.py
[2025-02-27T23:50:43.526+0000] {processor.py:766} INFO - DAG(s) dict_keys(['example_branch_operator']) retrieved from /home/airflow/.local/lib/python3.7/site-packages/airflow/example_dags/example_branch_operator.py
[2025-02-27T23:50:43.548+0000] {logging_mixin.py:120} INFO - [2025-02-27T23:50:43.547+0000] {dag.py:2585} INFO - Sync 1 DAGs
[2025-02-27T23:50:43.561+0000] {logging_mixin.py:120} INFO - [2025-02-27T23:50:43.561+0000] {dag.py:3340} INFO - Setting next_dagrun for example_branch_operator to 2025-02-26T00:00:00+00:00, run_after=2025-02-27T00:00:00+00:00
[2025-02-27T23:50:43.571+0000] {processor.py:176} INFO - Processing /home/airflow/.local/lib/python3.7/site-packages/airflow/example_dags/example_branch_operator.py took 0.059 seconds
[2025-02-27T23:51:14.370+0000] {processor.py:154} INFO - Started process (PID=572) to work on /home/airflow/.local/lib/python3.7/site-packages/airflow/example_dags/example_branch_operator.py
[2025-02-27T23:51:14.371+0000] {processor.py:756} INFO - Processing file /home/airflow/.local/lib/python3.7/site-packages/airflow/example_dags/example_branch_operator.py for tasks to queue
[2025-02-27T23:51:14.371+0000] {logging_mixin.py:120} INFO - [2025-02-27T23:51:14.371+0000] {dagbag.py:537} INFO - Filling up the DagBag from /home/airflow/.local/lib/python3.7/site-packages/airflow/example_dags/example_branch_operator.py
[2025-02-27T23:51:14.380+0000] {processor.py:766} INFO - DAG(s) dict_keys(['example_branch_operator']) retrieved from /home/airflow/.local/lib/python3.7/site-packages/airflow/example_dags/example_branch_operator.py
[2025-02-27T23:51:14.402+0000] {logging_mixin.py:120} INFO - [2025-02-27T23:51:14.402+0000] {dag.py:2585} INFO - Sync 1 DAGs
[2025-02-27T23:51:14.415+0000] {logging_mixin.py:120} INFO - [2025-02-27T23:51:14.415+0000] {dag.py:3340} INFO - Setting next_dagrun for example_branch_operator to 2025-02-26T00:00:00+00:00, run_after=2025-02-27T00:00:00+00:00
[2025-02-27T23:51:14.424+0000] {processor.py:176} INFO - Processing /home/airflow/.local/lib/python3.7/site-packages/airflow/example_dags/example_branch_operator.py took 0.055 seconds
[2025-02-27T23:51:45.238+0000] {processor.py:154} INFO - Started process (PID=636) to work on /home/airflow/.local/lib/python3.7/site-packages/airflow/example_dags/example_branch_operator.py
[2025-02-27T23:51:45.238+0000] {processor.py:756} INFO - Processing file /home/airflow/.local/lib/python3.7/site-packages/airflow/example_dags/example_branch_operator.py for tasks to queue
[2025-02-27T23:51:45.239+0000] {logging_mixin.py:120} INFO - [2025-02-27T23:51:45.239+0000] {dagbag.py:537} INFO - Filling up the DagBag from /home/airflow/.local/lib/python3.7/site-packages/airflow/example_dags/example_branch_operator.py
[2025-02-27T23:51:45.247+0000] {processor.py:766} INFO - DAG(s) dict_keys(['example_branch_operator']) retrieved from /home/airflow/.local/lib/python3.7/site-packages/airflow/example_dags/example_branch_operator.py
[2025-02-27T23:51:45.269+0000] {logging_mixin.py:120} INFO - [2025-02-27T23:51:45.269+0000] {dag.py:2585} INFO - Sync 1 DAGs
[2025-02-27T23:51:45.283+0000] {logging_mixin.py:120} INFO - [2025-02-27T23:51:45.282+0000] {dag.py:3340} INFO - Setting next_dagrun for example_branch_operator to 2025-02-26T00:00:00+00:00, run_after=2025-02-27T00:00:00+00:00
[2025-02-27T23:51:45.292+0000] {processor.py:176} INFO - Processing /home/airflow/.local/lib/python3.7/site-packages/airflow/example_dags/example_branch_operator.py took 0.056 seconds
[2025-02-27T23:52:16.103+0000] {processor.py:154} INFO - Started process (PID=700) to work on /home/airflow/.local/lib/python3.7/site-packages/airflow/example_dags/example_branch_operator.py
[2025-02-27T23:52:16.104+0000] {processor.py:756} INFO - Processing file /home/airflow/.local/lib/python3.7/site-packages/airflow/example_dags/example_branch_operator.py for tasks to queue
[2025-02-27T23:52:16.105+0000] {logging_mixin.py:120} INFO - [2025-02-27T23:52:16.105+0000] {dagbag.py:537} INFO - Filling up the DagBag from /home/airflow/.local/lib/python3.7/site-packages/airflow/example_dags/example_branch_operator.py
[2025-02-27T23:52:16.114+0000] {processor.py:766} INFO - DAG(s) dict_keys(['example_branch_operator']) retrieved from /home/airflow/.local/lib/python3.7/site-packages/airflow/example_dags/example_branch_operator.py
[2025-02-27T23:52:16.136+0000] {logging_mixin.py:120} INFO - [2025-02-27T23:52:16.136+0000] {dag.py:2585} INFO - Sync 1 DAGs
[2025-02-27T23:52:16.150+0000] {logging_mixin.py:120} INFO - [2025-02-27T23:52:16.150+0000] {dag.py:3340} INFO - Setting next_dagrun for example_branch_operator to 2025-02-26T00:00:00+00:00, run_after=2025-02-27T00:00:00+00:00
[2025-02-27T23:52:16.159+0000] {processor.py:176} INFO - Processing /home/airflow/.local/lib/python3.7/site-packages/airflow/example_dags/example_branch_operator.py took 0.057 seconds
[2025-02-27T23:52:46.942+0000] {processor.py:154} INFO - Started process (PID=763) to work on /home/airflow/.local/lib/python3.7/site-packages/airflow/example_dags/example_branch_operator.py
[2025-02-27T23:52:46.942+0000] {processor.py:756} INFO - Processing file /home/airflow/.local/lib/python3.7/site-packages/airflow/example_dags/example_branch_operator.py for tasks to queue
[2025-02-27T23:52:46.943+0000] {logging_mixin.py:120} INFO - [2025-02-27T23:52:46.943+0000] {dagbag.py:537} INFO - Filling up the DagBag from /home/airflow/.local/lib/python3.7/site-packages/airflow/example_dags/example_branch_operator.py
[2025-02-27T23:52:46.953+0000] {processor.py:766} INFO - DAG(s) dict_keys(['example_branch_operator']) retrieved from /home/airflow/.local/lib/python3.7/site-packages/airflow/example_dags/example_branch_operator.py
[2025-02-27T23:52:46.976+0000] {logging_mixin.py:120} INFO - [2025-02-27T23:52:46.976+0000] {dag.py:2585} INFO - Sync 1 DAGs
[2025-02-27T23:52:46.989+0000] {logging_mixin.py:120} INFO - [2025-02-27T23:52:46.989+0000] {dag.py:3340} INFO - Setting next_dagrun for example_branch_operator to 2025-02-26T00:00:00+00:00, run_after=2025-02-27T00:00:00+00:00
[2025-02-27T23:52:46.999+0000] {processor.py:176} INFO - Processing /home/airflow/.local/lib/python3.7/site-packages/airflow/example_dags/example_branch_operator.py took 0.059 seconds
[2025-02-27T23:53:17.695+0000] {processor.py:154} INFO - Started process (PID=825) to work on /home/airflow/.local/lib/python3.7/site-packages/airflow/example_dags/example_branch_operator.py
[2025-02-27T23:53:17.696+0000] {processor.py:756} INFO - Processing file /home/airflow/.local/lib/python3.7/site-packages/airflow/example_dags/example_branch_operator.py for tasks to queue
[2025-02-27T23:53:17.696+0000] {logging_mixin.py:120} INFO - [2025-02-27T23:53:17.696+0000] {dagbag.py:537} INFO - Filling up the DagBag from /home/airflow/.local/lib/python3.7/site-packages/airflow/example_dags/example_branch_operator.py
[2025-02-27T23:53:17.705+0000] {processor.py:766} INFO - DAG(s) dict_keys(['example_branch_operator']) retrieved from /home/airflow/.local/lib/python3.7/site-packages/airflow/example_dags/example_branch_operator.py
[2025-02-27T23:53:17.727+0000] {logging_mixin.py:120} INFO - [2025-02-27T23:53:17.727+0000] {dag.py:2585} INFO - Sync 1 DAGs
[2025-02-27T23:53:17.741+0000] {logging_mixin.py:120} INFO - [2025-02-27T23:53:17.741+0000] {dag.py:3340} INFO - Setting next_dagrun for example_branch_operator to 2025-02-26T00:00:00+00:00, run_after=2025-02-27T00:00:00+00:00
[2025-02-27T23:53:17.751+0000] {processor.py:176} INFO - Processing /home/airflow/.local/lib/python3.7/site-packages/airflow/example_dags/example_branch_operator.py took 0.058 seconds
[2025-02-27T23:53:48.593+0000] {processor.py:154} INFO - Started process (PID=889) to work on /home/airflow/.local/lib/python3.7/site-packages/airflow/example_dags/example_branch_operator.py
[2025-02-27T23:53:48.594+0000] {processor.py:756} INFO - Processing file /home/airflow/.local/lib/python3.7/site-packages/airflow/example_dags/example_branch_operator.py for tasks to queue
[2025-02-27T23:53:48.595+0000] {logging_mixin.py:120} INFO - [2025-02-27T23:53:48.595+0000] {dagbag.py:537} INFO - Filling up the DagBag from /home/airflow/.local/lib/python3.7/site-packages/airflow/example_dags/example_branch_operator.py
[2025-02-27T23:53:48.604+0000] {processor.py:766} INFO - DAG(s) dict_keys(['example_branch_operator']) retrieved from /home/airflow/.local/lib/python3.7/site-packages/airflow/example_dags/example_branch_operator.py
[2025-02-27T23:53:48.625+0000] {logging_mixin.py:120} INFO - [2025-02-27T23:53:48.624+0000] {dag.py:2585} INFO - Sync 1 DAGs
[2025-02-27T23:53:48.638+0000] {logging_mixin.py:120} INFO - [2025-02-27T23:53:48.638+0000] {dag.py:3340} INFO - Setting next_dagrun for example_branch_operator to 2025-02-26T00:00:00+00:00, run_after=2025-02-27T00:00:00+00:00
[2025-02-27T23:53:48.648+0000] {processor.py:176} INFO - Processing /home/airflow/.local/lib/python3.7/site-packages/airflow/example_dags/example_branch_operator.py took 0.056 seconds
[2025-02-27T23:54:19.587+0000] {processor.py:154} INFO - Started process (PID=952) to work on /home/airflow/.local/lib/python3.7/site-packages/airflow/example_dags/example_branch_operator.py
[2025-02-27T23:54:19.587+0000] {processor.py:756} INFO - Processing file /home/airflow/.local/lib/python3.7/site-packages/airflow/example_dags/example_branch_operator.py for tasks to queue
[2025-02-27T23:54:19.588+0000] {logging_mixin.py:120} INFO - [2025-02-27T23:54:19.588+0000] {dagbag.py:537} INFO - Filling up the DagBag from /home/airflow/.local/lib/python3.7/site-packages/airflow/example_dags/example_branch_operator.py
[2025-02-27T23:54:19.597+0000] {processor.py:766} INFO - DAG(s) dict_keys(['example_branch_operator']) retrieved from /home/airflow/.local/lib/python3.7/site-packages/airflow/example_dags/example_branch_operator.py
[2025-02-27T23:54:19.618+0000] {logging_mixin.py:120} INFO - [2025-02-27T23:54:19.618+0000] {dag.py:2585} INFO - Sync 1 DAGs
[2025-02-27T23:54:19.632+0000] {logging_mixin.py:120} INFO - [2025-02-27T23:54:19.632+0000] {dag.py:3340} INFO - Setting next_dagrun for example_branch_operator to 2025-02-26T00:00:00+00:00, run_after=2025-02-27T00:00:00+00:00
[2025-02-27T23:54:19.642+0000] {processor.py:176} INFO - Processing /home/airflow/.local/lib/python3.7/site-packages/airflow/example_dags/example_branch_operator.py took 0.057 seconds
[2025-02-27T23:54:50.418+0000] {processor.py:154} INFO - Started process (PID=1016) to work on /home/airflow/.local/lib/python3.7/site-packages/airflow/example_dags/example_branch_operator.py
[2025-02-27T23:54:50.419+0000] {processor.py:756} INFO - Processing file /home/airflow/.local/lib/python3.7/site-packages/airflow/example_dags/example_branch_operator.py for tasks to queue
[2025-02-27T23:54:50.419+0000] {logging_mixin.py:120} INFO - [2025-02-27T23:54:50.419+0000] {dagbag.py:537} INFO - Filling up the DagBag from /home/airflow/.local/lib/python3.7/site-packages/airflow/example_dags/example_branch_operator.py
[2025-02-27T23:54:50.430+0000] {processor.py:766} INFO - DAG(s) dict_keys(['example_branch_operator']) retrieved from /home/airflow/.local/lib/python3.7/site-packages/airflow/example_dags/example_branch_operator.py
[2025-02-27T23:54:50.455+0000] {logging_mixin.py:120} INFO - [2025-02-27T23:54:50.455+0000] {dag.py:2585} INFO - Sync 1 DAGs
[2025-02-27T23:54:50.468+0000] {logging_mixin.py:120} INFO - [2025-02-27T23:54:50.468+0000] {dag.py:3340} INFO - Setting next_dagrun for example_branch_operator to 2025-02-26T00:00:00+00:00, run_after=2025-02-27T00:00:00+00:00
[2025-02-27T23:54:50.478+0000] {processor.py:176} INFO - Processing /home/airflow/.local/lib/python3.7/site-packages/airflow/example_dags/example_branch_operator.py took 0.062 seconds
[2025-02-27T23:55:21.173+0000] {processor.py:154} INFO - Started process (PID=1071) to work on /home/airflow/.local/lib/python3.7/site-packages/airflow/example_dags/example_branch_operator.py
[2025-02-27T23:55:21.174+0000] {processor.py:756} INFO - Processing file /home/airflow/.local/lib/python3.7/site-packages/airflow/example_dags/example_branch_operator.py for tasks to queue
[2025-02-27T23:55:21.174+0000] {logging_mixin.py:120} INFO - [2025-02-27T23:55:21.174+0000] {dagbag.py:537} INFO - Filling up the DagBag from /home/airflow/.local/lib/python3.7/site-packages/airflow/example_dags/example_branch_operator.py
[2025-02-27T23:55:21.184+0000] {processor.py:766} INFO - DAG(s) dict_keys(['example_branch_operator']) retrieved from /home/airflow/.local/lib/python3.7/site-packages/airflow/example_dags/example_branch_operator.py
[2025-02-27T23:55:21.204+0000] {logging_mixin.py:120} INFO - [2025-02-27T23:55:21.204+0000] {dag.py:2585} INFO - Sync 1 DAGs
[2025-02-27T23:55:21.218+0000] {logging_mixin.py:120} INFO - [2025-02-27T23:55:21.218+0000] {dag.py:3340} INFO - Setting next_dagrun for example_branch_operator to 2025-02-26T00:00:00+00:00, run_after=2025-02-27T00:00:00+00:00
[2025-02-27T23:55:21.229+0000] {processor.py:176} INFO - Processing /home/airflow/.local/lib/python3.7/site-packages/airflow/example_dags/example_branch_operator.py took 0.057 seconds
[2025-02-27T23:55:51.916+0000] {processor.py:154} INFO - Started process (PID=1135) to work on /home/airflow/.local/lib/python3.7/site-packages/airflow/example_dags/example_branch_operator.py
[2025-02-27T23:55:51.917+0000] {processor.py:756} INFO - Processing file /home/airflow/.local/lib/python3.7/site-packages/airflow/example_dags/example_branch_operator.py for tasks to queue
[2025-02-27T23:55:51.918+0000] {logging_mixin.py:120} INFO - [2025-02-27T23:55:51.918+0000] {dagbag.py:537} INFO - Filling up the DagBag from /home/airflow/.local/lib/python3.7/site-packages/airflow/example_dags/example_branch_operator.py
[2025-02-27T23:55:51.927+0000] {processor.py:766} INFO - DAG(s) dict_keys(['example_branch_operator']) retrieved from /home/airflow/.local/lib/python3.7/site-packages/airflow/example_dags/example_branch_operator.py
[2025-02-27T23:55:51.947+0000] {logging_mixin.py:120} INFO - [2025-02-27T23:55:51.947+0000] {dag.py:2585} INFO - Sync 1 DAGs
[2025-02-27T23:55:51.961+0000] {logging_mixin.py:120} INFO - [2025-02-27T23:55:51.961+0000] {dag.py:3340} INFO - Setting next_dagrun for example_branch_operator to 2025-02-26T00:00:00+00:00, run_after=2025-02-27T00:00:00+00:00
[2025-02-27T23:55:51.970+0000] {processor.py:176} INFO - Processing /home/airflow/.local/lib/python3.7/site-packages/airflow/example_dags/example_branch_operator.py took 0.055 seconds
[2025-02-27T23:56:22.701+0000] {processor.py:154} INFO - Started process (PID=1199) to work on /home/airflow/.local/lib/python3.7/site-packages/airflow/example_dags/example_branch_operator.py
[2025-02-27T23:56:22.701+0000] {processor.py:756} INFO - Processing file /home/airflow/.local/lib/python3.7/site-packages/airflow/example_dags/example_branch_operator.py for tasks to queue
[2025-02-27T23:56:22.702+0000] {logging_mixin.py:120} INFO - [2025-02-27T23:56:22.702+0000] {dagbag.py:537} INFO - Filling up the DagBag from /home/airflow/.local/lib/python3.7/site-packages/airflow/example_dags/example_branch_operator.py
[2025-02-27T23:56:22.710+0000] {processor.py:766} INFO - DAG(s) dict_keys(['example_branch_operator']) retrieved from /home/airflow/.local/lib/python3.7/site-packages/airflow/example_dags/example_branch_operator.py
[2025-02-27T23:56:22.733+0000] {logging_mixin.py:120} INFO - [2025-02-27T23:56:22.733+0000] {dag.py:2585} INFO - Sync 1 DAGs
[2025-02-27T23:56:22.746+0000] {logging_mixin.py:120} INFO - [2025-02-27T23:56:22.746+0000] {dag.py:3340} INFO - Setting next_dagrun for example_branch_operator to 2025-02-26T00:00:00+00:00, run_after=2025-02-27T00:00:00+00:00
[2025-02-27T23:56:22.756+0000] {processor.py:176} INFO - Processing /home/airflow/.local/lib/python3.7/site-packages/airflow/example_dags/example_branch_operator.py took 0.058 seconds
[2025-02-27T23:56:53.521+0000] {processor.py:154} INFO - Started process (PID=1263) to work on /home/airflow/.local/lib/python3.7/site-packages/airflow/example_dags/example_branch_operator.py
[2025-02-27T23:56:53.522+0000] {processor.py:756} INFO - Processing file /home/airflow/.local/lib/python3.7/site-packages/airflow/example_dags/example_branch_operator.py for tasks to queue
[2025-02-27T23:56:53.522+0000] {logging_mixin.py:120} INFO - [2025-02-27T23:56:53.522+0000] {dagbag.py:537} INFO - Filling up the DagBag from /home/airflow/.local/lib/python3.7/site-packages/airflow/example_dags/example_branch_operator.py
[2025-02-27T23:56:53.531+0000] {processor.py:766} INFO - DAG(s) dict_keys(['example_branch_operator']) retrieved from /home/airflow/.local/lib/python3.7/site-packages/airflow/example_dags/example_branch_operator.py
[2025-02-27T23:56:53.554+0000] {logging_mixin.py:120} INFO - [2025-02-27T23:56:53.554+0000] {dag.py:2585} INFO - Sync 1 DAGs
[2025-02-27T23:56:53.568+0000] {logging_mixin.py:120} INFO - [2025-02-27T23:56:53.568+0000] {dag.py:3340} INFO - Setting next_dagrun for example_branch_operator to 2025-02-26T00:00:00+00:00, run_after=2025-02-27T00:00:00+00:00
[2025-02-27T23:56:53.579+0000] {processor.py:176} INFO - Processing /home/airflow/.local/lib/python3.7/site-packages/airflow/example_dags/example_branch_operator.py took 0.060 seconds
[2025-02-27T23:57:24.463+0000] {processor.py:154} INFO - Started process (PID=1327) to work on /home/airflow/.local/lib/python3.7/site-packages/airflow/example_dags/example_branch_operator.py
[2025-02-27T23:57:24.463+0000] {processor.py:756} INFO - Processing file /home/airflow/.local/lib/python3.7/site-packages/airflow/example_dags/example_branch_operator.py for tasks to queue
[2025-02-27T23:57:24.464+0000] {logging_mixin.py:120} INFO - [2025-02-27T23:57:24.464+0000] {dagbag.py:537} INFO - Filling up the DagBag from /home/airflow/.local/lib/python3.7/site-packages/airflow/example_dags/example_branch_operator.py
[2025-02-27T23:57:24.473+0000] {processor.py:766} INFO - DAG(s) dict_keys(['example_branch_operator']) retrieved from /home/airflow/.local/lib/python3.7/site-packages/airflow/example_dags/example_branch_operator.py
[2025-02-27T23:57:24.494+0000] {logging_mixin.py:120} INFO - [2025-02-27T23:57:24.494+0000] {dag.py:2585} INFO - Sync 1 DAGs
[2025-02-27T23:57:24.509+0000] {logging_mixin.py:120} INFO - [2025-02-27T23:57:24.508+0000] {dag.py:3340} INFO - Setting next_dagrun for example_branch_operator to 2025-02-26T00:00:00+00:00, run_after=2025-02-27T00:00:00+00:00
[2025-02-27T23:57:24.518+0000] {processor.py:176} INFO - Processing /home/airflow/.local/lib/python3.7/site-packages/airflow/example_dags/example_branch_operator.py took 0.057 seconds
[2025-02-27T23:57:55.334+0000] {processor.py:154} INFO - Started process (PID=1390) to work on /home/airflow/.local/lib/python3.7/site-packages/airflow/example_dags/example_branch_operator.py
[2025-02-27T23:57:55.335+0000] {processor.py:756} INFO - Processing file /home/airflow/.local/lib/python3.7/site-packages/airflow/example_dags/example_branch_operator.py for tasks to queue
[2025-02-27T23:57:55.336+0000] {logging_mixin.py:120} INFO - [2025-02-27T23:57:55.335+0000] {dagbag.py:537} INFO - Filling up the DagBag from /home/airflow/.local/lib/python3.7/site-packages/airflow/example_dags/example_branch_operator.py
[2025-02-27T23:57:55.345+0000] {processor.py:766} INFO - DAG(s) dict_keys(['example_branch_operator']) retrieved from /home/airflow/.local/lib/python3.7/site-packages/airflow/example_dags/example_branch_operator.py
[2025-02-27T23:57:55.367+0000] {logging_mixin.py:120} INFO - [2025-02-27T23:57:55.367+0000] {dag.py:2585} INFO - Sync 1 DAGs
[2025-02-27T23:57:55.384+0000] {logging_mixin.py:120} INFO - [2025-02-27T23:57:55.384+0000] {dag.py:3340} INFO - Setting next_dagrun for example_branch_operator to 2025-02-26T00:00:00+00:00, run_after=2025-02-27T00:00:00+00:00
[2025-02-27T23:57:55.394+0000] {processor.py:176} INFO - Processing /home/airflow/.local/lib/python3.7/site-packages/airflow/example_dags/example_branch_operator.py took 0.062 seconds
[2025-02-27T23:58:26.141+0000] {processor.py:154} INFO - Started process (PID=1453) to work on /home/airflow/.local/lib/python3.7/site-packages/airflow/example_dags/example_branch_operator.py
[2025-02-27T23:58:26.142+0000] {processor.py:756} INFO - Processing file /home/airflow/.local/lib/python3.7/site-packages/airflow/example_dags/example_branch_operator.py for tasks to queue
[2025-02-27T23:58:26.143+0000] {logging_mixin.py:120} INFO - [2025-02-27T23:58:26.142+0000] {dagbag.py:537} INFO - Filling up the DagBag from /home/airflow/.local/lib/python3.7/site-packages/airflow/example_dags/example_branch_operator.py
[2025-02-27T23:58:26.152+0000] {processor.py:766} INFO - DAG(s) dict_keys(['example_branch_operator']) retrieved from /home/airflow/.local/lib/python3.7/site-packages/airflow/example_dags/example_branch_operator.py
[2025-02-27T23:58:26.178+0000] {logging_mixin.py:120} INFO - [2025-02-27T23:58:26.178+0000] {dag.py:2585} INFO - Sync 1 DAGs
[2025-02-27T23:58:26.191+0000] {logging_mixin.py:120} INFO - [2025-02-27T23:58:26.191+0000] {dag.py:3340} INFO - Setting next_dagrun for example_branch_operator to 2025-02-26T00:00:00+00:00, run_after=2025-02-27T00:00:00+00:00
[2025-02-27T23:58:26.200+0000] {processor.py:176} INFO - Processing /home/airflow/.local/lib/python3.7/site-packages/airflow/example_dags/example_branch_operator.py took 0.061 seconds
[2025-02-27T23:58:56.911+0000] {processor.py:154} INFO - Started process (PID=1517) to work on /home/airflow/.local/lib/python3.7/site-packages/airflow/example_dags/example_branch_operator.py
[2025-02-27T23:58:56.912+0000] {processor.py:756} INFO - Processing file /home/airflow/.local/lib/python3.7/site-packages/airflow/example_dags/example_branch_operator.py for tasks to queue
[2025-02-27T23:58:56.913+0000] {logging_mixin.py:120} INFO - [2025-02-27T23:58:56.913+0000] {dagbag.py:537} INFO - Filling up the DagBag from /home/airflow/.local/lib/python3.7/site-packages/airflow/example_dags/example_branch_operator.py
[2025-02-27T23:58:56.921+0000] {processor.py:766} INFO - DAG(s) dict_keys(['example_branch_operator']) retrieved from /home/airflow/.local/lib/python3.7/site-packages/airflow/example_dags/example_branch_operator.py
[2025-02-27T23:58:56.942+0000] {logging_mixin.py:120} INFO - [2025-02-27T23:58:56.942+0000] {dag.py:2585} INFO - Sync 1 DAGs
[2025-02-27T23:58:56.955+0000] {logging_mixin.py:120} INFO - [2025-02-27T23:58:56.954+0000] {dag.py:3340} INFO - Setting next_dagrun for example_branch_operator to 2025-02-26T00:00:00+00:00, run_after=2025-02-27T00:00:00+00:00
[2025-02-27T23:58:56.965+0000] {processor.py:176} INFO - Processing /home/airflow/.local/lib/python3.7/site-packages/airflow/example_dags/example_branch_operator.py took 0.056 seconds
[2025-02-27T23:59:27.618+0000] {processor.py:154} INFO - Started process (PID=1579) to work on /home/airflow/.local/lib/python3.7/site-packages/airflow/example_dags/example_branch_operator.py
[2025-02-27T23:59:27.619+0000] {processor.py:756} INFO - Processing file /home/airflow/.local/lib/python3.7/site-packages/airflow/example_dags/example_branch_operator.py for tasks to queue
[2025-02-27T23:59:27.619+0000] {logging_mixin.py:120} INFO - [2025-02-27T23:59:27.619+0000] {dagbag.py:537} INFO - Filling up the DagBag from /home/airflow/.local/lib/python3.7/site-packages/airflow/example_dags/example_branch_operator.py
[2025-02-27T23:59:27.630+0000] {processor.py:766} INFO - DAG(s) dict_keys(['example_branch_operator']) retrieved from /home/airflow/.local/lib/python3.7/site-packages/airflow/example_dags/example_branch_operator.py
[2025-02-27T23:59:27.653+0000] {logging_mixin.py:120} INFO - [2025-02-27T23:59:27.653+0000] {dag.py:2585} INFO - Sync 1 DAGs
[2025-02-27T23:59:27.670+0000] {logging_mixin.py:120} INFO - [2025-02-27T23:59:27.670+0000] {dag.py:3340} INFO - Setting next_dagrun for example_branch_operator to 2025-02-26T00:00:00+00:00, run_after=2025-02-27T00:00:00+00:00
[2025-02-27T23:59:27.683+0000] {processor.py:176} INFO - Processing /home/airflow/.local/lib/python3.7/site-packages/airflow/example_dags/example_branch_operator.py took 0.067 seconds
[2025-02-27T23:59:58.476+0000] {processor.py:154} INFO - Started process (PID=1636) to work on /home/airflow/.local/lib/python3.7/site-packages/airflow/example_dags/example_branch_operator.py
[2025-02-27T23:59:58.477+0000] {processor.py:756} INFO - Processing file /home/airflow/.local/lib/python3.7/site-packages/airflow/example_dags/example_branch_operator.py for tasks to queue
[2025-02-27T23:59:58.478+0000] {logging_mixin.py:120} INFO - [2025-02-27T23:59:58.478+0000] {dagbag.py:537} INFO - Filling up the DagBag from /home/airflow/.local/lib/python3.7/site-packages/airflow/example_dags/example_branch_operator.py
[2025-02-27T23:59:58.489+0000] {processor.py:766} INFO - DAG(s) dict_keys(['example_branch_operator']) retrieved from /home/airflow/.local/lib/python3.7/site-packages/airflow/example_dags/example_branch_operator.py
[2025-02-27T23:59:58.510+0000] {logging_mixin.py:120} INFO - [2025-02-27T23:59:58.510+0000] {dag.py:2585} INFO - Sync 1 DAGs
[2025-02-27T23:59:58.522+0000] {logging_mixin.py:120} INFO - [2025-02-27T23:59:58.522+0000] {dag.py:3340} INFO - Setting next_dagrun for example_branch_operator to 2025-02-26T00:00:00+00:00, run_after=2025-02-27T00:00:00+00:00
[2025-02-27T23:59:58.532+0000] {processor.py:176} INFO - Processing /home/airflow/.local/lib/python3.7/site-packages/airflow/example_dags/example_branch_operator.py took 0.057 seconds
