[2025-02-27T23:47:07.107+0000] {processor.py:154} INFO - Started process (PID=58) to work on /home/airflow/.local/lib/python3.7/site-packages/airflow/example_dags/example_latest_only_with_trigger.py
[2025-02-27T23:47:07.111+0000] {processor.py:756} INFO - Processing file /home/airflow/.local/lib/python3.7/site-packages/airflow/example_dags/example_latest_only_with_trigger.py for tasks to queue
[2025-02-27T23:47:07.114+0000] {logging_mixin.py:120} INFO - [2025-02-27T23:47:07.113+0000] {dagbag.py:537} INFO - Filling up the DagBag from /home/airflow/.local/lib/python3.7/site-packages/airflow/example_dags/example_latest_only_with_trigger.py
[2025-02-27T23:47:07.136+0000] {processor.py:766} INFO - DAG(s) dict_keys(['latest_only_with_trigger']) retrieved from /home/airflow/.local/lib/python3.7/site-packages/airflow/example_dags/example_latest_only_with_trigger.py
[2025-02-27T23:47:07.203+0000] {logging_mixin.py:120} INFO - [2025-02-27T23:47:07.203+0000] {dag.py:2585} INFO - Sync 1 DAGs
[2025-02-27T23:47:07.229+0000] {logging_mixin.py:120} INFO - [2025-02-27T23:47:07.229+0000] {dag.py:3340} INFO - Setting next_dagrun for latest_only_with_trigger to 2025-02-27T19:47:07.229202+00:00, run_after=2025-02-27T23:47:07.229202+00:00
[2025-02-27T23:47:07.257+0000] {processor.py:176} INFO - Processing /home/airflow/.local/lib/python3.7/site-packages/airflow/example_dags/example_latest_only_with_trigger.py took 0.167 seconds
[2025-02-27T23:47:38.065+0000] {processor.py:154} INFO - Started process (PID=122) to work on /home/airflow/.local/lib/python3.7/site-packages/airflow/example_dags/example_latest_only_with_trigger.py
[2025-02-27T23:47:38.066+0000] {processor.py:756} INFO - Processing file /home/airflow/.local/lib/python3.7/site-packages/airflow/example_dags/example_latest_only_with_trigger.py for tasks to queue
[2025-02-27T23:47:38.067+0000] {logging_mixin.py:120} INFO - [2025-02-27T23:47:38.067+0000] {dagbag.py:537} INFO - Filling up the DagBag from /home/airflow/.local/lib/python3.7/site-packages/airflow/example_dags/example_latest_only_with_trigger.py
[2025-02-27T23:47:38.076+0000] {processor.py:766} INFO - DAG(s) dict_keys(['latest_only_with_trigger']) retrieved from /home/airflow/.local/lib/python3.7/site-packages/airflow/example_dags/example_latest_only_with_trigger.py
[2025-02-27T23:47:38.106+0000] {logging_mixin.py:120} INFO - [2025-02-27T23:47:38.106+0000] {dag.py:2585} INFO - Sync 1 DAGs
[2025-02-27T23:47:38.127+0000] {logging_mixin.py:120} INFO - [2025-02-27T23:47:38.127+0000] {dag.py:3340} INFO - Setting next_dagrun for latest_only_with_trigger to 2025-02-27T19:47:38.127008+00:00, run_after=2025-02-27T23:47:38.127008+00:00
[2025-02-27T23:47:38.146+0000] {processor.py:176} INFO - Processing /home/airflow/.local/lib/python3.7/site-packages/airflow/example_dags/example_latest_only_with_trigger.py took 0.083 seconds
[2025-02-27T23:48:08.813+0000] {processor.py:154} INFO - Started process (PID=187) to work on /home/airflow/.local/lib/python3.7/site-packages/airflow/example_dags/example_latest_only_with_trigger.py
[2025-02-27T23:48:08.814+0000] {processor.py:756} INFO - Processing file /home/airflow/.local/lib/python3.7/site-packages/airflow/example_dags/example_latest_only_with_trigger.py for tasks to queue
[2025-02-27T23:48:08.814+0000] {logging_mixin.py:120} INFO - [2025-02-27T23:48:08.814+0000] {dagbag.py:537} INFO - Filling up the DagBag from /home/airflow/.local/lib/python3.7/site-packages/airflow/example_dags/example_latest_only_with_trigger.py
[2025-02-27T23:48:08.821+0000] {processor.py:766} INFO - DAG(s) dict_keys(['latest_only_with_trigger']) retrieved from /home/airflow/.local/lib/python3.7/site-packages/airflow/example_dags/example_latest_only_with_trigger.py
[2025-02-27T23:48:08.834+0000] {logging_mixin.py:120} INFO - [2025-02-27T23:48:08.834+0000] {dag.py:2585} INFO - Sync 1 DAGs
[2025-02-27T23:48:08.848+0000] {logging_mixin.py:120} INFO - [2025-02-27T23:48:08.848+0000] {dag.py:3340} INFO - Setting next_dagrun for latest_only_with_trigger to 2025-02-27T19:48:08.848469+00:00, run_after=2025-02-27T23:48:08.848469+00:00
[2025-02-27T23:48:08.858+0000] {processor.py:176} INFO - Processing /home/airflow/.local/lib/python3.7/site-packages/airflow/example_dags/example_latest_only_with_trigger.py took 0.047 seconds
[2025-02-27T23:48:39.685+0000] {processor.py:154} INFO - Started process (PID=251) to work on /home/airflow/.local/lib/python3.7/site-packages/airflow/example_dags/example_latest_only_with_trigger.py
[2025-02-27T23:48:39.685+0000] {processor.py:756} INFO - Processing file /home/airflow/.local/lib/python3.7/site-packages/airflow/example_dags/example_latest_only_with_trigger.py for tasks to queue
[2025-02-27T23:48:39.686+0000] {logging_mixin.py:120} INFO - [2025-02-27T23:48:39.686+0000] {dagbag.py:537} INFO - Filling up the DagBag from /home/airflow/.local/lib/python3.7/site-packages/airflow/example_dags/example_latest_only_with_trigger.py
[2025-02-27T23:48:39.693+0000] {processor.py:766} INFO - DAG(s) dict_keys(['latest_only_with_trigger']) retrieved from /home/airflow/.local/lib/python3.7/site-packages/airflow/example_dags/example_latest_only_with_trigger.py
[2025-02-27T23:48:39.714+0000] {logging_mixin.py:120} INFO - [2025-02-27T23:48:39.714+0000] {dag.py:2585} INFO - Sync 1 DAGs
[2025-02-27T23:48:39.726+0000] {logging_mixin.py:120} INFO - [2025-02-27T23:48:39.726+0000] {dag.py:3340} INFO - Setting next_dagrun for latest_only_with_trigger to 2025-02-27T19:48:39.726447+00:00, run_after=2025-02-27T23:48:39.726447+00:00
[2025-02-27T23:48:39.736+0000] {processor.py:176} INFO - Processing /home/airflow/.local/lib/python3.7/site-packages/airflow/example_dags/example_latest_only_with_trigger.py took 0.053 seconds
[2025-02-27T23:49:10.620+0000] {processor.py:154} INFO - Started process (PID=315) to work on /home/airflow/.local/lib/python3.7/site-packages/airflow/example_dags/example_latest_only_with_trigger.py
[2025-02-27T23:49:10.620+0000] {processor.py:756} INFO - Processing file /home/airflow/.local/lib/python3.7/site-packages/airflow/example_dags/example_latest_only_with_trigger.py for tasks to queue
[2025-02-27T23:49:10.621+0000] {logging_mixin.py:120} INFO - [2025-02-27T23:49:10.621+0000] {dagbag.py:537} INFO - Filling up the DagBag from /home/airflow/.local/lib/python3.7/site-packages/airflow/example_dags/example_latest_only_with_trigger.py
[2025-02-27T23:49:10.629+0000] {processor.py:766} INFO - DAG(s) dict_keys(['latest_only_with_trigger']) retrieved from /home/airflow/.local/lib/python3.7/site-packages/airflow/example_dags/example_latest_only_with_trigger.py
[2025-02-27T23:49:10.649+0000] {logging_mixin.py:120} INFO - [2025-02-27T23:49:10.649+0000] {dag.py:2585} INFO - Sync 1 DAGs
[2025-02-27T23:49:10.662+0000] {logging_mixin.py:120} INFO - [2025-02-27T23:49:10.662+0000] {dag.py:3340} INFO - Setting next_dagrun for latest_only_with_trigger to 2025-02-27T19:49:10.661962+00:00, run_after=2025-02-27T23:49:10.661962+00:00
[2025-02-27T23:49:10.671+0000] {processor.py:176} INFO - Processing /home/airflow/.local/lib/python3.7/site-packages/airflow/example_dags/example_latest_only_with_trigger.py took 0.053 seconds
[2025-02-27T23:49:41.411+0000] {processor.py:154} INFO - Started process (PID=379) to work on /home/airflow/.local/lib/python3.7/site-packages/airflow/example_dags/example_latest_only_with_trigger.py
[2025-02-27T23:49:41.412+0000] {processor.py:756} INFO - Processing file /home/airflow/.local/lib/python3.7/site-packages/airflow/example_dags/example_latest_only_with_trigger.py for tasks to queue
[2025-02-27T23:49:41.412+0000] {logging_mixin.py:120} INFO - [2025-02-27T23:49:41.412+0000] {dagbag.py:537} INFO - Filling up the DagBag from /home/airflow/.local/lib/python3.7/site-packages/airflow/example_dags/example_latest_only_with_trigger.py
[2025-02-27T23:49:41.419+0000] {processor.py:766} INFO - DAG(s) dict_keys(['latest_only_with_trigger']) retrieved from /home/airflow/.local/lib/python3.7/site-packages/airflow/example_dags/example_latest_only_with_trigger.py
[2025-02-27T23:49:41.439+0000] {logging_mixin.py:120} INFO - [2025-02-27T23:49:41.439+0000] {dag.py:2585} INFO - Sync 1 DAGs
[2025-02-27T23:49:41.452+0000] {logging_mixin.py:120} INFO - [2025-02-27T23:49:41.452+0000] {dag.py:3340} INFO - Setting next_dagrun for latest_only_with_trigger to 2025-02-27T19:49:41.451894+00:00, run_after=2025-02-27T23:49:41.451894+00:00
[2025-02-27T23:49:41.462+0000] {processor.py:176} INFO - Processing /home/airflow/.local/lib/python3.7/site-packages/airflow/example_dags/example_latest_only_with_trigger.py took 0.052 seconds
[2025-02-27T23:50:12.218+0000] {processor.py:154} INFO - Started process (PID=441) to work on /home/airflow/.local/lib/python3.7/site-packages/airflow/example_dags/example_latest_only_with_trigger.py
[2025-02-27T23:50:12.219+0000] {processor.py:756} INFO - Processing file /home/airflow/.local/lib/python3.7/site-packages/airflow/example_dags/example_latest_only_with_trigger.py for tasks to queue
[2025-02-27T23:50:12.219+0000] {logging_mixin.py:120} INFO - [2025-02-27T23:50:12.219+0000] {dagbag.py:537} INFO - Filling up the DagBag from /home/airflow/.local/lib/python3.7/site-packages/airflow/example_dags/example_latest_only_with_trigger.py
[2025-02-27T23:50:12.228+0000] {processor.py:766} INFO - DAG(s) dict_keys(['latest_only_with_trigger']) retrieved from /home/airflow/.local/lib/python3.7/site-packages/airflow/example_dags/example_latest_only_with_trigger.py
[2025-02-27T23:50:12.249+0000] {logging_mixin.py:120} INFO - [2025-02-27T23:50:12.249+0000] {dag.py:2585} INFO - Sync 1 DAGs
[2025-02-27T23:50:12.262+0000] {logging_mixin.py:120} INFO - [2025-02-27T23:50:12.262+0000] {dag.py:3340} INFO - Setting next_dagrun for latest_only_with_trigger to 2025-02-27T19:50:12.262180+00:00, run_after=2025-02-27T23:50:12.262180+00:00
[2025-02-27T23:50:12.272+0000] {processor.py:176} INFO - Processing /home/airflow/.local/lib/python3.7/site-packages/airflow/example_dags/example_latest_only_with_trigger.py took 0.056 seconds
[2025-02-27T23:50:43.115+0000] {processor.py:154} INFO - Started process (PID=498) to work on /home/airflow/.local/lib/python3.7/site-packages/airflow/example_dags/example_latest_only_with_trigger.py
[2025-02-27T23:50:43.116+0000] {processor.py:756} INFO - Processing file /home/airflow/.local/lib/python3.7/site-packages/airflow/example_dags/example_latest_only_with_trigger.py for tasks to queue
[2025-02-27T23:50:43.116+0000] {logging_mixin.py:120} INFO - [2025-02-27T23:50:43.116+0000] {dagbag.py:537} INFO - Filling up the DagBag from /home/airflow/.local/lib/python3.7/site-packages/airflow/example_dags/example_latest_only_with_trigger.py
[2025-02-27T23:50:43.124+0000] {processor.py:766} INFO - DAG(s) dict_keys(['latest_only_with_trigger']) retrieved from /home/airflow/.local/lib/python3.7/site-packages/airflow/example_dags/example_latest_only_with_trigger.py
[2025-02-27T23:50:43.144+0000] {logging_mixin.py:120} INFO - [2025-02-27T23:50:43.143+0000] {dag.py:2585} INFO - Sync 1 DAGs
[2025-02-27T23:50:43.155+0000] {logging_mixin.py:120} INFO - [2025-02-27T23:50:43.155+0000] {dag.py:3340} INFO - Setting next_dagrun for latest_only_with_trigger to 2025-02-27T19:50:43.155234+00:00, run_after=2025-02-27T23:50:43.155234+00:00
[2025-02-27T23:50:43.164+0000] {processor.py:176} INFO - Processing /home/airflow/.local/lib/python3.7/site-packages/airflow/example_dags/example_latest_only_with_trigger.py took 0.051 seconds
[2025-02-27T23:51:13.986+0000] {processor.py:154} INFO - Started process (PID=562) to work on /home/airflow/.local/lib/python3.7/site-packages/airflow/example_dags/example_latest_only_with_trigger.py
[2025-02-27T23:51:13.987+0000] {processor.py:756} INFO - Processing file /home/airflow/.local/lib/python3.7/site-packages/airflow/example_dags/example_latest_only_with_trigger.py for tasks to queue
[2025-02-27T23:51:13.987+0000] {logging_mixin.py:120} INFO - [2025-02-27T23:51:13.987+0000] {dagbag.py:537} INFO - Filling up the DagBag from /home/airflow/.local/lib/python3.7/site-packages/airflow/example_dags/example_latest_only_with_trigger.py
[2025-02-27T23:51:13.995+0000] {processor.py:766} INFO - DAG(s) dict_keys(['latest_only_with_trigger']) retrieved from /home/airflow/.local/lib/python3.7/site-packages/airflow/example_dags/example_latest_only_with_trigger.py
[2025-02-27T23:51:14.014+0000] {logging_mixin.py:120} INFO - [2025-02-27T23:51:14.014+0000] {dag.py:2585} INFO - Sync 1 DAGs
[2025-02-27T23:51:14.027+0000] {logging_mixin.py:120} INFO - [2025-02-27T23:51:14.027+0000] {dag.py:3340} INFO - Setting next_dagrun for latest_only_with_trigger to 2025-02-27T19:51:14.027195+00:00, run_after=2025-02-27T23:51:14.027195+00:00
[2025-02-27T23:51:14.037+0000] {processor.py:176} INFO - Processing /home/airflow/.local/lib/python3.7/site-packages/airflow/example_dags/example_latest_only_with_trigger.py took 0.053 seconds
[2025-02-27T23:51:44.848+0000] {processor.py:154} INFO - Started process (PID=626) to work on /home/airflow/.local/lib/python3.7/site-packages/airflow/example_dags/example_latest_only_with_trigger.py
[2025-02-27T23:51:44.849+0000] {processor.py:756} INFO - Processing file /home/airflow/.local/lib/python3.7/site-packages/airflow/example_dags/example_latest_only_with_trigger.py for tasks to queue
[2025-02-27T23:51:44.849+0000] {logging_mixin.py:120} INFO - [2025-02-27T23:51:44.849+0000] {dagbag.py:537} INFO - Filling up the DagBag from /home/airflow/.local/lib/python3.7/site-packages/airflow/example_dags/example_latest_only_with_trigger.py
[2025-02-27T23:51:44.857+0000] {processor.py:766} INFO - DAG(s) dict_keys(['latest_only_with_trigger']) retrieved from /home/airflow/.local/lib/python3.7/site-packages/airflow/example_dags/example_latest_only_with_trigger.py
[2025-02-27T23:51:44.877+0000] {logging_mixin.py:120} INFO - [2025-02-27T23:51:44.877+0000] {dag.py:2585} INFO - Sync 1 DAGs
[2025-02-27T23:51:44.889+0000] {logging_mixin.py:120} INFO - [2025-02-27T23:51:44.889+0000] {dag.py:3340} INFO - Setting next_dagrun for latest_only_with_trigger to 2025-02-27T19:51:44.889605+00:00, run_after=2025-02-27T23:51:44.889605+00:00
[2025-02-27T23:51:44.898+0000] {processor.py:176} INFO - Processing /home/airflow/.local/lib/python3.7/site-packages/airflow/example_dags/example_latest_only_with_trigger.py took 0.053 seconds
[2025-02-27T23:52:15.698+0000] {processor.py:154} INFO - Started process (PID=690) to work on /home/airflow/.local/lib/python3.7/site-packages/airflow/example_dags/example_latest_only_with_trigger.py
[2025-02-27T23:52:15.699+0000] {processor.py:756} INFO - Processing file /home/airflow/.local/lib/python3.7/site-packages/airflow/example_dags/example_latest_only_with_trigger.py for tasks to queue
[2025-02-27T23:52:15.700+0000] {logging_mixin.py:120} INFO - [2025-02-27T23:52:15.700+0000] {dagbag.py:537} INFO - Filling up the DagBag from /home/airflow/.local/lib/python3.7/site-packages/airflow/example_dags/example_latest_only_with_trigger.py
[2025-02-27T23:52:15.707+0000] {processor.py:766} INFO - DAG(s) dict_keys(['latest_only_with_trigger']) retrieved from /home/airflow/.local/lib/python3.7/site-packages/airflow/example_dags/example_latest_only_with_trigger.py
[2025-02-27T23:52:15.728+0000] {logging_mixin.py:120} INFO - [2025-02-27T23:52:15.728+0000] {dag.py:2585} INFO - Sync 1 DAGs
[2025-02-27T23:52:15.739+0000] {logging_mixin.py:120} INFO - [2025-02-27T23:52:15.739+0000] {dag.py:3340} INFO - Setting next_dagrun for latest_only_with_trigger to 2025-02-27T19:52:15.739593+00:00, run_after=2025-02-27T23:52:15.739593+00:00
[2025-02-27T23:52:15.749+0000] {processor.py:176} INFO - Processing /home/airflow/.local/lib/python3.7/site-packages/airflow/example_dags/example_latest_only_with_trigger.py took 0.052 seconds
[2025-02-27T23:52:46.532+0000] {processor.py:154} INFO - Started process (PID=753) to work on /home/airflow/.local/lib/python3.7/site-packages/airflow/example_dags/example_latest_only_with_trigger.py
[2025-02-27T23:52:46.533+0000] {processor.py:756} INFO - Processing file /home/airflow/.local/lib/python3.7/site-packages/airflow/example_dags/example_latest_only_with_trigger.py for tasks to queue
[2025-02-27T23:52:46.534+0000] {logging_mixin.py:120} INFO - [2025-02-27T23:52:46.534+0000] {dagbag.py:537} INFO - Filling up the DagBag from /home/airflow/.local/lib/python3.7/site-packages/airflow/example_dags/example_latest_only_with_trigger.py
[2025-02-27T23:52:46.541+0000] {processor.py:766} INFO - DAG(s) dict_keys(['latest_only_with_trigger']) retrieved from /home/airflow/.local/lib/python3.7/site-packages/airflow/example_dags/example_latest_only_with_trigger.py
[2025-02-27T23:52:46.561+0000] {logging_mixin.py:120} INFO - [2025-02-27T23:52:46.561+0000] {dag.py:2585} INFO - Sync 1 DAGs
[2025-02-27T23:52:46.574+0000] {logging_mixin.py:120} INFO - [2025-02-27T23:52:46.574+0000] {dag.py:3340} INFO - Setting next_dagrun for latest_only_with_trigger to 2025-02-27T19:52:46.574150+00:00, run_after=2025-02-27T23:52:46.574150+00:00
[2025-02-27T23:52:46.584+0000] {processor.py:176} INFO - Processing /home/airflow/.local/lib/python3.7/site-packages/airflow/example_dags/example_latest_only_with_trigger.py took 0.054 seconds
[2025-02-27T23:53:17.296+0000] {processor.py:154} INFO - Started process (PID=815) to work on /home/airflow/.local/lib/python3.7/site-packages/airflow/example_dags/example_latest_only_with_trigger.py
[2025-02-27T23:53:17.296+0000] {processor.py:756} INFO - Processing file /home/airflow/.local/lib/python3.7/site-packages/airflow/example_dags/example_latest_only_with_trigger.py for tasks to queue
[2025-02-27T23:53:17.296+0000] {logging_mixin.py:120} INFO - [2025-02-27T23:53:17.296+0000] {dagbag.py:537} INFO - Filling up the DagBag from /home/airflow/.local/lib/python3.7/site-packages/airflow/example_dags/example_latest_only_with_trigger.py
[2025-02-27T23:53:17.304+0000] {processor.py:766} INFO - DAG(s) dict_keys(['latest_only_with_trigger']) retrieved from /home/airflow/.local/lib/python3.7/site-packages/airflow/example_dags/example_latest_only_with_trigger.py
[2025-02-27T23:53:17.324+0000] {logging_mixin.py:120} INFO - [2025-02-27T23:53:17.324+0000] {dag.py:2585} INFO - Sync 1 DAGs
[2025-02-27T23:53:17.338+0000] {logging_mixin.py:120} INFO - [2025-02-27T23:53:17.338+0000] {dag.py:3340} INFO - Setting next_dagrun for latest_only_with_trigger to 2025-02-27T19:53:17.338147+00:00, run_after=2025-02-27T23:53:17.338147+00:00
[2025-02-27T23:53:17.348+0000] {processor.py:176} INFO - Processing /home/airflow/.local/lib/python3.7/site-packages/airflow/example_dags/example_latest_only_with_trigger.py took 0.054 seconds
[2025-02-27T23:53:48.203+0000] {processor.py:154} INFO - Started process (PID=879) to work on /home/airflow/.local/lib/python3.7/site-packages/airflow/example_dags/example_latest_only_with_trigger.py
[2025-02-27T23:53:48.204+0000] {processor.py:756} INFO - Processing file /home/airflow/.local/lib/python3.7/site-packages/airflow/example_dags/example_latest_only_with_trigger.py for tasks to queue
[2025-02-27T23:53:48.204+0000] {logging_mixin.py:120} INFO - [2025-02-27T23:53:48.204+0000] {dagbag.py:537} INFO - Filling up the DagBag from /home/airflow/.local/lib/python3.7/site-packages/airflow/example_dags/example_latest_only_with_trigger.py
[2025-02-27T23:53:48.211+0000] {processor.py:766} INFO - DAG(s) dict_keys(['latest_only_with_trigger']) retrieved from /home/airflow/.local/lib/python3.7/site-packages/airflow/example_dags/example_latest_only_with_trigger.py
[2025-02-27T23:53:48.232+0000] {logging_mixin.py:120} INFO - [2025-02-27T23:53:48.232+0000] {dag.py:2585} INFO - Sync 1 DAGs
[2025-02-27T23:53:48.244+0000] {logging_mixin.py:120} INFO - [2025-02-27T23:53:48.244+0000] {dag.py:3340} INFO - Setting next_dagrun for latest_only_with_trigger to 2025-02-27T19:53:48.244210+00:00, run_after=2025-02-27T23:53:48.244210+00:00
[2025-02-27T23:53:48.254+0000] {processor.py:176} INFO - Processing /home/airflow/.local/lib/python3.7/site-packages/airflow/example_dags/example_latest_only_with_trigger.py took 0.052 seconds
[2025-02-27T23:54:19.197+0000] {processor.py:154} INFO - Started process (PID=942) to work on /home/airflow/.local/lib/python3.7/site-packages/airflow/example_dags/example_latest_only_with_trigger.py
[2025-02-27T23:54:19.198+0000] {processor.py:756} INFO - Processing file /home/airflow/.local/lib/python3.7/site-packages/airflow/example_dags/example_latest_only_with_trigger.py for tasks to queue
[2025-02-27T23:54:19.198+0000] {logging_mixin.py:120} INFO - [2025-02-27T23:54:19.198+0000] {dagbag.py:537} INFO - Filling up the DagBag from /home/airflow/.local/lib/python3.7/site-packages/airflow/example_dags/example_latest_only_with_trigger.py
[2025-02-27T23:54:19.206+0000] {processor.py:766} INFO - DAG(s) dict_keys(['latest_only_with_trigger']) retrieved from /home/airflow/.local/lib/python3.7/site-packages/airflow/example_dags/example_latest_only_with_trigger.py
[2025-02-27T23:54:19.228+0000] {logging_mixin.py:120} INFO - [2025-02-27T23:54:19.228+0000] {dag.py:2585} INFO - Sync 1 DAGs
[2025-02-27T23:54:19.239+0000] {logging_mixin.py:120} INFO - [2025-02-27T23:54:19.239+0000] {dag.py:3340} INFO - Setting next_dagrun for latest_only_with_trigger to 2025-02-27T19:54:19.239716+00:00, run_after=2025-02-27T23:54:19.239716+00:00
[2025-02-27T23:54:19.248+0000] {processor.py:176} INFO - Processing /home/airflow/.local/lib/python3.7/site-packages/airflow/example_dags/example_latest_only_with_trigger.py took 0.053 seconds
[2025-02-27T23:54:49.993+0000] {processor.py:154} INFO - Started process (PID=1004) to work on /home/airflow/.local/lib/python3.7/site-packages/airflow/example_dags/example_latest_only_with_trigger.py
[2025-02-27T23:54:49.994+0000] {processor.py:756} INFO - Processing file /home/airflow/.local/lib/python3.7/site-packages/airflow/example_dags/example_latest_only_with_trigger.py for tasks to queue
[2025-02-27T23:54:49.995+0000] {logging_mixin.py:120} INFO - [2025-02-27T23:54:49.994+0000] {dagbag.py:537} INFO - Filling up the DagBag from /home/airflow/.local/lib/python3.7/site-packages/airflow/example_dags/example_latest_only_with_trigger.py
[2025-02-27T23:54:50.003+0000] {processor.py:766} INFO - DAG(s) dict_keys(['latest_only_with_trigger']) retrieved from /home/airflow/.local/lib/python3.7/site-packages/airflow/example_dags/example_latest_only_with_trigger.py
[2025-02-27T23:54:50.025+0000] {logging_mixin.py:120} INFO - [2025-02-27T23:54:50.024+0000] {dag.py:2585} INFO - Sync 1 DAGs
[2025-02-27T23:54:50.038+0000] {logging_mixin.py:120} INFO - [2025-02-27T23:54:50.038+0000] {dag.py:3340} INFO - Setting next_dagrun for latest_only_with_trigger to 2025-02-27T19:54:50.038049+00:00, run_after=2025-02-27T23:54:50.038049+00:00
[2025-02-27T23:54:50.048+0000] {processor.py:176} INFO - Processing /home/airflow/.local/lib/python3.7/site-packages/airflow/example_dags/example_latest_only_with_trigger.py took 0.056 seconds
[2025-02-27T23:55:20.785+0000] {processor.py:154} INFO - Started process (PID=1061) to work on /home/airflow/.local/lib/python3.7/site-packages/airflow/example_dags/example_latest_only_with_trigger.py
[2025-02-27T23:55:20.786+0000] {processor.py:756} INFO - Processing file /home/airflow/.local/lib/python3.7/site-packages/airflow/example_dags/example_latest_only_with_trigger.py for tasks to queue
[2025-02-27T23:55:20.786+0000] {logging_mixin.py:120} INFO - [2025-02-27T23:55:20.786+0000] {dagbag.py:537} INFO - Filling up the DagBag from /home/airflow/.local/lib/python3.7/site-packages/airflow/example_dags/example_latest_only_with_trigger.py
[2025-02-27T23:55:20.793+0000] {processor.py:766} INFO - DAG(s) dict_keys(['latest_only_with_trigger']) retrieved from /home/airflow/.local/lib/python3.7/site-packages/airflow/example_dags/example_latest_only_with_trigger.py
[2025-02-27T23:55:20.812+0000] {logging_mixin.py:120} INFO - [2025-02-27T23:55:20.812+0000] {dag.py:2585} INFO - Sync 1 DAGs
[2025-02-27T23:55:20.824+0000] {logging_mixin.py:120} INFO - [2025-02-27T23:55:20.824+0000] {dag.py:3340} INFO - Setting next_dagrun for latest_only_with_trigger to 2025-02-27T19:55:20.824366+00:00, run_after=2025-02-27T23:55:20.824366+00:00
[2025-02-27T23:55:20.833+0000] {processor.py:176} INFO - Processing /home/airflow/.local/lib/python3.7/site-packages/airflow/example_dags/example_latest_only_with_trigger.py took 0.051 seconds
[2025-02-27T23:55:51.532+0000] {processor.py:154} INFO - Started process (PID=1125) to work on /home/airflow/.local/lib/python3.7/site-packages/airflow/example_dags/example_latest_only_with_trigger.py
[2025-02-27T23:55:51.532+0000] {processor.py:756} INFO - Processing file /home/airflow/.local/lib/python3.7/site-packages/airflow/example_dags/example_latest_only_with_trigger.py for tasks to queue
[2025-02-27T23:55:51.533+0000] {logging_mixin.py:120} INFO - [2025-02-27T23:55:51.533+0000] {dagbag.py:537} INFO - Filling up the DagBag from /home/airflow/.local/lib/python3.7/site-packages/airflow/example_dags/example_latest_only_with_trigger.py
[2025-02-27T23:55:51.540+0000] {processor.py:766} INFO - DAG(s) dict_keys(['latest_only_with_trigger']) retrieved from /home/airflow/.local/lib/python3.7/site-packages/airflow/example_dags/example_latest_only_with_trigger.py
[2025-02-27T23:55:51.559+0000] {logging_mixin.py:120} INFO - [2025-02-27T23:55:51.559+0000] {dag.py:2585} INFO - Sync 1 DAGs
[2025-02-27T23:55:51.572+0000] {logging_mixin.py:120} INFO - [2025-02-27T23:55:51.572+0000] {dag.py:3340} INFO - Setting next_dagrun for latest_only_with_trigger to 2025-02-27T19:55:51.571880+00:00, run_after=2025-02-27T23:55:51.571880+00:00
[2025-02-27T23:55:51.581+0000] {processor.py:176} INFO - Processing /home/airflow/.local/lib/python3.7/site-packages/airflow/example_dags/example_latest_only_with_trigger.py took 0.050 seconds
[2025-02-27T23:56:22.287+0000] {processor.py:154} INFO - Started process (PID=1189) to work on /home/airflow/.local/lib/python3.7/site-packages/airflow/example_dags/example_latest_only_with_trigger.py
[2025-02-27T23:56:22.288+0000] {processor.py:756} INFO - Processing file /home/airflow/.local/lib/python3.7/site-packages/airflow/example_dags/example_latest_only_with_trigger.py for tasks to queue
[2025-02-27T23:56:22.289+0000] {logging_mixin.py:120} INFO - [2025-02-27T23:56:22.288+0000] {dagbag.py:537} INFO - Filling up the DagBag from /home/airflow/.local/lib/python3.7/site-packages/airflow/example_dags/example_latest_only_with_trigger.py
[2025-02-27T23:56:22.296+0000] {processor.py:766} INFO - DAG(s) dict_keys(['latest_only_with_trigger']) retrieved from /home/airflow/.local/lib/python3.7/site-packages/airflow/example_dags/example_latest_only_with_trigger.py
[2025-02-27T23:56:22.316+0000] {logging_mixin.py:120} INFO - [2025-02-27T23:56:22.316+0000] {dag.py:2585} INFO - Sync 1 DAGs
[2025-02-27T23:56:22.329+0000] {logging_mixin.py:120} INFO - [2025-02-27T23:56:22.328+0000] {dag.py:3340} INFO - Setting next_dagrun for latest_only_with_trigger to 2025-02-27T19:56:22.328801+00:00, run_after=2025-02-27T23:56:22.328801+00:00
[2025-02-27T23:56:22.339+0000] {processor.py:176} INFO - Processing /home/airflow/.local/lib/python3.7/site-packages/airflow/example_dags/example_latest_only_with_trigger.py took 0.053 seconds
[2025-02-27T23:56:53.115+0000] {processor.py:154} INFO - Started process (PID=1253) to work on /home/airflow/.local/lib/python3.7/site-packages/airflow/example_dags/example_latest_only_with_trigger.py
[2025-02-27T23:56:53.116+0000] {processor.py:756} INFO - Processing file /home/airflow/.local/lib/python3.7/site-packages/airflow/example_dags/example_latest_only_with_trigger.py for tasks to queue
[2025-02-27T23:56:53.116+0000] {logging_mixin.py:120} INFO - [2025-02-27T23:56:53.116+0000] {dagbag.py:537} INFO - Filling up the DagBag from /home/airflow/.local/lib/python3.7/site-packages/airflow/example_dags/example_latest_only_with_trigger.py
[2025-02-27T23:56:53.124+0000] {processor.py:766} INFO - DAG(s) dict_keys(['latest_only_with_trigger']) retrieved from /home/airflow/.local/lib/python3.7/site-packages/airflow/example_dags/example_latest_only_with_trigger.py
[2025-02-27T23:56:53.142+0000] {logging_mixin.py:120} INFO - [2025-02-27T23:56:53.142+0000] {dag.py:2585} INFO - Sync 1 DAGs
[2025-02-27T23:56:53.154+0000] {logging_mixin.py:120} INFO - [2025-02-27T23:56:53.154+0000] {dag.py:3340} INFO - Setting next_dagrun for latest_only_with_trigger to 2025-02-27T19:56:53.154671+00:00, run_after=2025-02-27T23:56:53.154671+00:00
[2025-02-27T23:56:53.164+0000] {processor.py:176} INFO - Processing /home/airflow/.local/lib/python3.7/site-packages/airflow/example_dags/example_latest_only_with_trigger.py took 0.051 seconds
[2025-02-27T23:57:24.049+0000] {processor.py:154} INFO - Started process (PID=1317) to work on /home/airflow/.local/lib/python3.7/site-packages/airflow/example_dags/example_latest_only_with_trigger.py
[2025-02-27T23:57:24.055+0000] {processor.py:756} INFO - Processing file /home/airflow/.local/lib/python3.7/site-packages/airflow/example_dags/example_latest_only_with_trigger.py for tasks to queue
[2025-02-27T23:57:24.055+0000] {logging_mixin.py:120} INFO - [2025-02-27T23:57:24.055+0000] {dagbag.py:537} INFO - Filling up the DagBag from /home/airflow/.local/lib/python3.7/site-packages/airflow/example_dags/example_latest_only_with_trigger.py
[2025-02-27T23:57:24.064+0000] {processor.py:766} INFO - DAG(s) dict_keys(['latest_only_with_trigger']) retrieved from /home/airflow/.local/lib/python3.7/site-packages/airflow/example_dags/example_latest_only_with_trigger.py
[2025-02-27T23:57:24.090+0000] {logging_mixin.py:120} INFO - [2025-02-27T23:57:24.090+0000] {dag.py:2585} INFO - Sync 1 DAGs
[2025-02-27T23:57:24.106+0000] {logging_mixin.py:120} INFO - [2025-02-27T23:57:24.106+0000] {dag.py:3340} INFO - Setting next_dagrun for latest_only_with_trigger to 2025-02-27T19:57:24.106499+00:00, run_after=2025-02-27T23:57:24.106499+00:00
[2025-02-27T23:57:24.116+0000] {processor.py:176} INFO - Processing /home/airflow/.local/lib/python3.7/site-packages/airflow/example_dags/example_latest_only_with_trigger.py took 0.070 seconds
[2025-02-27T23:57:54.904+0000] {processor.py:154} INFO - Started process (PID=1380) to work on /home/airflow/.local/lib/python3.7/site-packages/airflow/example_dags/example_latest_only_with_trigger.py
[2025-02-27T23:57:54.905+0000] {processor.py:756} INFO - Processing file /home/airflow/.local/lib/python3.7/site-packages/airflow/example_dags/example_latest_only_with_trigger.py for tasks to queue
[2025-02-27T23:57:54.906+0000] {logging_mixin.py:120} INFO - [2025-02-27T23:57:54.906+0000] {dagbag.py:537} INFO - Filling up the DagBag from /home/airflow/.local/lib/python3.7/site-packages/airflow/example_dags/example_latest_only_with_trigger.py
[2025-02-27T23:57:54.913+0000] {processor.py:766} INFO - DAG(s) dict_keys(['latest_only_with_trigger']) retrieved from /home/airflow/.local/lib/python3.7/site-packages/airflow/example_dags/example_latest_only_with_trigger.py
[2025-02-27T23:57:54.934+0000] {logging_mixin.py:120} INFO - [2025-02-27T23:57:54.934+0000] {dag.py:2585} INFO - Sync 1 DAGs
[2025-02-27T23:57:54.948+0000] {logging_mixin.py:120} INFO - [2025-02-27T23:57:54.948+0000] {dag.py:3340} INFO - Setting next_dagrun for latest_only_with_trigger to 2025-02-27T19:57:54.948191+00:00, run_after=2025-02-27T23:57:54.948191+00:00
[2025-02-27T23:57:54.958+0000] {processor.py:176} INFO - Processing /home/airflow/.local/lib/python3.7/site-packages/airflow/example_dags/example_latest_only_with_trigger.py took 0.057 seconds
[2025-02-27T23:58:25.740+0000] {processor.py:154} INFO - Started process (PID=1443) to work on /home/airflow/.local/lib/python3.7/site-packages/airflow/example_dags/example_latest_only_with_trigger.py
[2025-02-27T23:58:25.740+0000] {processor.py:756} INFO - Processing file /home/airflow/.local/lib/python3.7/site-packages/airflow/example_dags/example_latest_only_with_trigger.py for tasks to queue
[2025-02-27T23:58:25.741+0000] {logging_mixin.py:120} INFO - [2025-02-27T23:58:25.741+0000] {dagbag.py:537} INFO - Filling up the DagBag from /home/airflow/.local/lib/python3.7/site-packages/airflow/example_dags/example_latest_only_with_trigger.py
[2025-02-27T23:58:25.748+0000] {processor.py:766} INFO - DAG(s) dict_keys(['latest_only_with_trigger']) retrieved from /home/airflow/.local/lib/python3.7/site-packages/airflow/example_dags/example_latest_only_with_trigger.py
[2025-02-27T23:58:25.770+0000] {logging_mixin.py:120} INFO - [2025-02-27T23:58:25.770+0000] {dag.py:2585} INFO - Sync 1 DAGs
[2025-02-27T23:58:25.783+0000] {logging_mixin.py:120} INFO - [2025-02-27T23:58:25.783+0000] {dag.py:3340} INFO - Setting next_dagrun for latest_only_with_trigger to 2025-02-27T19:58:25.783645+00:00, run_after=2025-02-27T23:58:25.783645+00:00
[2025-02-27T23:58:25.793+0000] {processor.py:176} INFO - Processing /home/airflow/.local/lib/python3.7/site-packages/airflow/example_dags/example_latest_only_with_trigger.py took 0.056 seconds
[2025-02-27T23:58:56.440+0000] {processor.py:154} INFO - Started process (PID=1507) to work on /home/airflow/.local/lib/python3.7/site-packages/airflow/example_dags/example_latest_only_with_trigger.py
[2025-02-27T23:58:56.441+0000] {processor.py:756} INFO - Processing file /home/airflow/.local/lib/python3.7/site-packages/airflow/example_dags/example_latest_only_with_trigger.py for tasks to queue
[2025-02-27T23:58:56.442+0000] {logging_mixin.py:120} INFO - [2025-02-27T23:58:56.442+0000] {dagbag.py:537} INFO - Filling up the DagBag from /home/airflow/.local/lib/python3.7/site-packages/airflow/example_dags/example_latest_only_with_trigger.py
[2025-02-27T23:58:56.449+0000] {processor.py:766} INFO - DAG(s) dict_keys(['latest_only_with_trigger']) retrieved from /home/airflow/.local/lib/python3.7/site-packages/airflow/example_dags/example_latest_only_with_trigger.py
[2025-02-27T23:58:56.469+0000] {logging_mixin.py:120} INFO - [2025-02-27T23:58:56.469+0000] {dag.py:2585} INFO - Sync 1 DAGs
[2025-02-27T23:58:56.482+0000] {logging_mixin.py:120} INFO - [2025-02-27T23:58:56.481+0000] {dag.py:3340} INFO - Setting next_dagrun for latest_only_with_trigger to 2025-02-27T19:58:56.481815+00:00, run_after=2025-02-27T23:58:56.481815+00:00
[2025-02-27T23:58:56.495+0000] {processor.py:176} INFO - Processing /home/airflow/.local/lib/python3.7/site-packages/airflow/example_dags/example_latest_only_with_trigger.py took 0.057 seconds
[2025-02-27T23:59:27.205+0000] {processor.py:154} INFO - Started process (PID=1562) to work on /home/airflow/.local/lib/python3.7/site-packages/airflow/example_dags/example_latest_only_with_trigger.py
[2025-02-27T23:59:27.206+0000] {processor.py:756} INFO - Processing file /home/airflow/.local/lib/python3.7/site-packages/airflow/example_dags/example_latest_only_with_trigger.py for tasks to queue
[2025-02-27T23:59:27.206+0000] {logging_mixin.py:120} INFO - [2025-02-27T23:59:27.206+0000] {dagbag.py:537} INFO - Filling up the DagBag from /home/airflow/.local/lib/python3.7/site-packages/airflow/example_dags/example_latest_only_with_trigger.py
[2025-02-27T23:59:27.213+0000] {processor.py:766} INFO - DAG(s) dict_keys(['latest_only_with_trigger']) retrieved from /home/airflow/.local/lib/python3.7/site-packages/airflow/example_dags/example_latest_only_with_trigger.py
[2025-02-27T23:59:27.233+0000] {logging_mixin.py:120} INFO - [2025-02-27T23:59:27.233+0000] {dag.py:2585} INFO - Sync 1 DAGs
[2025-02-27T23:59:27.245+0000] {logging_mixin.py:120} INFO - [2025-02-27T23:59:27.245+0000] {dag.py:3340} INFO - Setting next_dagrun for latest_only_with_trigger to 2025-02-27T19:59:27.245627+00:00, run_after=2025-02-27T23:59:27.245627+00:00
[2025-02-27T23:59:27.255+0000] {processor.py:176} INFO - Processing /home/airflow/.local/lib/python3.7/site-packages/airflow/example_dags/example_latest_only_with_trigger.py took 0.051 seconds
[2025-02-27T23:59:58.022+0000] {processor.py:154} INFO - Started process (PID=1626) to work on /home/airflow/.local/lib/python3.7/site-packages/airflow/example_dags/example_latest_only_with_trigger.py
[2025-02-27T23:59:58.023+0000] {processor.py:756} INFO - Processing file /home/airflow/.local/lib/python3.7/site-packages/airflow/example_dags/example_latest_only_with_trigger.py for tasks to queue
[2025-02-27T23:59:58.023+0000] {logging_mixin.py:120} INFO - [2025-02-27T23:59:58.023+0000] {dagbag.py:537} INFO - Filling up the DagBag from /home/airflow/.local/lib/python3.7/site-packages/airflow/example_dags/example_latest_only_with_trigger.py
[2025-02-27T23:59:58.030+0000] {processor.py:766} INFO - DAG(s) dict_keys(['latest_only_with_trigger']) retrieved from /home/airflow/.local/lib/python3.7/site-packages/airflow/example_dags/example_latest_only_with_trigger.py
[2025-02-27T23:59:58.050+0000] {logging_mixin.py:120} INFO - [2025-02-27T23:59:58.050+0000] {dag.py:2585} INFO - Sync 1 DAGs
[2025-02-27T23:59:58.063+0000] {logging_mixin.py:120} INFO - [2025-02-27T23:59:58.063+0000] {dag.py:3340} INFO - Setting next_dagrun for latest_only_with_trigger to 2025-02-27T19:59:58.063050+00:00, run_after=2025-02-27T23:59:58.063050+00:00
[2025-02-27T23:59:58.073+0000] {processor.py:176} INFO - Processing /home/airflow/.local/lib/python3.7/site-packages/airflow/example_dags/example_latest_only_with_trigger.py took 0.053 seconds
