[2025-02-27T23:47:05.721+0000] {processor.py:154} INFO - Started process (PID=43) to work on /home/airflow/.local/lib/python3.7/site-packages/airflow/example_dags/example_python_operator.py
[2025-02-27T23:47:05.722+0000] {processor.py:756} INFO - Processing file /home/airflow/.local/lib/python3.7/site-packages/airflow/example_dags/example_python_operator.py for tasks to queue
[2025-02-27T23:47:05.723+0000] {logging_mixin.py:120} INFO - [2025-02-27T23:47:05.723+0000] {dagbag.py:537} INFO - Filling up the DagBag from /home/airflow/.local/lib/python3.7/site-packages/airflow/example_dags/example_python_operator.py
[2025-02-27T23:47:05.738+0000] {logging_mixin.py:120} INFO - [2025-02-27T23:47:05.738+0000] {taskmixin.py:205} WARNING - Dependency <Task(_PythonDecoratedOperator): print_the_context>, log_sql_query already registered for DAG: example_python_operator
[2025-02-27T23:47:05.738+0000] {logging_mixin.py:120} INFO - [2025-02-27T23:47:05.738+0000] {taskmixin.py:205} WARNING - Dependency <Task(_PythonDecoratedOperator): log_sql_query>, print_the_context already registered for DAG: example_python_operator
[2025-02-27T23:47:05.739+0000] {logging_mixin.py:120} INFO - [2025-02-27T23:47:05.738+0000] {taskmixin.py:205} WARNING - Dependency <Task(_PythonDecoratedOperator): print_the_context>, log_sql_query already registered for DAG: example_python_operator
[2025-02-27T23:47:05.739+0000] {logging_mixin.py:120} INFO - [2025-02-27T23:47:05.739+0000] {taskmixin.py:205} WARNING - Dependency <Task(_PythonDecoratedOperator): log_sql_query>, print_the_context already registered for DAG: example_python_operator
[2025-02-27T23:47:05.739+0000] {logging_mixin.py:120} INFO - [2025-02-27T23:47:05.739+0000] {taskmixin.py:205} WARNING - Dependency <Task(_PythonDecoratedOperator): print_the_context>, log_sql_query already registered for DAG: example_python_operator
[2025-02-27T23:47:05.740+0000] {logging_mixin.py:120} INFO - [2025-02-27T23:47:05.740+0000] {taskmixin.py:205} WARNING - Dependency <Task(_PythonDecoratedOperator): log_sql_query>, print_the_context already registered for DAG: example_python_operator
[2025-02-27T23:47:05.740+0000] {logging_mixin.py:120} INFO - [2025-02-27T23:47:05.740+0000] {taskmixin.py:205} WARNING - Dependency <Task(_PythonDecoratedOperator): print_the_context>, log_sql_query already registered for DAG: example_python_operator
[2025-02-27T23:47:05.740+0000] {logging_mixin.py:120} INFO - [2025-02-27T23:47:05.740+0000] {taskmixin.py:205} WARNING - Dependency <Task(_PythonDecoratedOperator): log_sql_query>, print_the_context already registered for DAG: example_python_operator
[2025-02-27T23:47:05.750+0000] {processor.py:766} INFO - DAG(s) dict_keys(['example_python_operator']) retrieved from /home/airflow/.local/lib/python3.7/site-packages/airflow/example_dags/example_python_operator.py
[2025-02-27T23:47:05.805+0000] {logging_mixin.py:120} INFO - [2025-02-27T23:47:05.805+0000] {dag.py:2585} INFO - Sync 1 DAGs
[2025-02-27T23:47:05.830+0000] {logging_mixin.py:120} INFO - [2025-02-27T23:47:05.830+0000] {dag.py:3340} INFO - Setting next_dagrun for example_python_operator to None, run_after=None
[2025-02-27T23:47:05.844+0000] {processor.py:176} INFO - Processing /home/airflow/.local/lib/python3.7/site-packages/airflow/example_dags/example_python_operator.py took 0.126 seconds
[2025-02-27T23:47:36.148+0000] {processor.py:154} INFO - Started process (PID=107) to work on /home/airflow/.local/lib/python3.7/site-packages/airflow/example_dags/example_python_operator.py
[2025-02-27T23:47:36.148+0000] {processor.py:756} INFO - Processing file /home/airflow/.local/lib/python3.7/site-packages/airflow/example_dags/example_python_operator.py for tasks to queue
[2025-02-27T23:47:36.149+0000] {logging_mixin.py:120} INFO - [2025-02-27T23:47:36.149+0000] {dagbag.py:537} INFO - Filling up the DagBag from /home/airflow/.local/lib/python3.7/site-packages/airflow/example_dags/example_python_operator.py
[2025-02-27T23:47:36.160+0000] {logging_mixin.py:120} INFO - [2025-02-27T23:47:36.160+0000] {taskmixin.py:205} WARNING - Dependency <Task(_PythonDecoratedOperator): print_the_context>, log_sql_query already registered for DAG: example_python_operator
[2025-02-27T23:47:36.164+0000] {logging_mixin.py:120} INFO - [2025-02-27T23:47:36.164+0000] {taskmixin.py:205} WARNING - Dependency <Task(_PythonDecoratedOperator): log_sql_query>, print_the_context already registered for DAG: example_python_operator
[2025-02-27T23:47:36.165+0000] {logging_mixin.py:120} INFO - [2025-02-27T23:47:36.165+0000] {taskmixin.py:205} WARNING - Dependency <Task(_PythonDecoratedOperator): print_the_context>, log_sql_query already registered for DAG: example_python_operator
[2025-02-27T23:47:36.165+0000] {logging_mixin.py:120} INFO - [2025-02-27T23:47:36.165+0000] {taskmixin.py:205} WARNING - Dependency <Task(_PythonDecoratedOperator): log_sql_query>, print_the_context already registered for DAG: example_python_operator
[2025-02-27T23:47:36.166+0000] {logging_mixin.py:120} INFO - [2025-02-27T23:47:36.166+0000] {taskmixin.py:205} WARNING - Dependency <Task(_PythonDecoratedOperator): print_the_context>, log_sql_query already registered for DAG: example_python_operator
[2025-02-27T23:47:36.166+0000] {logging_mixin.py:120} INFO - [2025-02-27T23:47:36.166+0000] {taskmixin.py:205} WARNING - Dependency <Task(_PythonDecoratedOperator): log_sql_query>, print_the_context already registered for DAG: example_python_operator
[2025-02-27T23:47:36.166+0000] {logging_mixin.py:120} INFO - [2025-02-27T23:47:36.166+0000] {taskmixin.py:205} WARNING - Dependency <Task(_PythonDecoratedOperator): print_the_context>, log_sql_query already registered for DAG: example_python_operator
[2025-02-27T23:47:36.167+0000] {logging_mixin.py:120} INFO - [2025-02-27T23:47:36.167+0000] {taskmixin.py:205} WARNING - Dependency <Task(_PythonDecoratedOperator): log_sql_query>, print_the_context already registered for DAG: example_python_operator
[2025-02-27T23:47:36.172+0000] {processor.py:766} INFO - DAG(s) dict_keys(['example_python_operator']) retrieved from /home/airflow/.local/lib/python3.7/site-packages/airflow/example_dags/example_python_operator.py
[2025-02-27T23:47:36.197+0000] {logging_mixin.py:120} INFO - [2025-02-27T23:47:36.197+0000] {dag.py:2585} INFO - Sync 1 DAGs
[2025-02-27T23:47:36.214+0000] {logging_mixin.py:120} INFO - [2025-02-27T23:47:36.214+0000] {dag.py:3340} INFO - Setting next_dagrun for example_python_operator to None, run_after=None
[2025-02-27T23:47:36.224+0000] {processor.py:176} INFO - Processing /home/airflow/.local/lib/python3.7/site-packages/airflow/example_dags/example_python_operator.py took 0.078 seconds
[2025-02-27T23:48:06.258+0000] {processor.py:154} INFO - Started process (PID=172) to work on /home/airflow/.local/lib/python3.7/site-packages/airflow/example_dags/example_python_operator.py
[2025-02-27T23:48:06.259+0000] {processor.py:756} INFO - Processing file /home/airflow/.local/lib/python3.7/site-packages/airflow/example_dags/example_python_operator.py for tasks to queue
[2025-02-27T23:48:06.260+0000] {logging_mixin.py:120} INFO - [2025-02-27T23:48:06.260+0000] {dagbag.py:537} INFO - Filling up the DagBag from /home/airflow/.local/lib/python3.7/site-packages/airflow/example_dags/example_python_operator.py
[2025-02-27T23:48:06.269+0000] {logging_mixin.py:120} INFO - [2025-02-27T23:48:06.269+0000] {taskmixin.py:205} WARNING - Dependency <Task(_PythonDecoratedOperator): print_the_context>, log_sql_query already registered for DAG: example_python_operator
[2025-02-27T23:48:06.269+0000] {logging_mixin.py:120} INFO - [2025-02-27T23:48:06.269+0000] {taskmixin.py:205} WARNING - Dependency <Task(_PythonDecoratedOperator): log_sql_query>, print_the_context already registered for DAG: example_python_operator
[2025-02-27T23:48:06.270+0000] {logging_mixin.py:120} INFO - [2025-02-27T23:48:06.270+0000] {taskmixin.py:205} WARNING - Dependency <Task(_PythonDecoratedOperator): print_the_context>, log_sql_query already registered for DAG: example_python_operator
[2025-02-27T23:48:06.270+0000] {logging_mixin.py:120} INFO - [2025-02-27T23:48:06.270+0000] {taskmixin.py:205} WARNING - Dependency <Task(_PythonDecoratedOperator): log_sql_query>, print_the_context already registered for DAG: example_python_operator
[2025-02-27T23:48:06.271+0000] {logging_mixin.py:120} INFO - [2025-02-27T23:48:06.271+0000] {taskmixin.py:205} WARNING - Dependency <Task(_PythonDecoratedOperator): print_the_context>, log_sql_query already registered for DAG: example_python_operator
[2025-02-27T23:48:06.271+0000] {logging_mixin.py:120} INFO - [2025-02-27T23:48:06.271+0000] {taskmixin.py:205} WARNING - Dependency <Task(_PythonDecoratedOperator): log_sql_query>, print_the_context already registered for DAG: example_python_operator
[2025-02-27T23:48:06.272+0000] {logging_mixin.py:120} INFO - [2025-02-27T23:48:06.272+0000] {taskmixin.py:205} WARNING - Dependency <Task(_PythonDecoratedOperator): print_the_context>, log_sql_query already registered for DAG: example_python_operator
[2025-02-27T23:48:06.272+0000] {logging_mixin.py:120} INFO - [2025-02-27T23:48:06.272+0000] {taskmixin.py:205} WARNING - Dependency <Task(_PythonDecoratedOperator): log_sql_query>, print_the_context already registered for DAG: example_python_operator
[2025-02-27T23:48:06.276+0000] {processor.py:766} INFO - DAG(s) dict_keys(['example_python_operator']) retrieved from /home/airflow/.local/lib/python3.7/site-packages/airflow/example_dags/example_python_operator.py
[2025-02-27T23:48:06.289+0000] {logging_mixin.py:120} INFO - [2025-02-27T23:48:06.289+0000] {dag.py:2585} INFO - Sync 1 DAGs
[2025-02-27T23:48:06.302+0000] {logging_mixin.py:120} INFO - [2025-02-27T23:48:06.302+0000] {dag.py:3340} INFO - Setting next_dagrun for example_python_operator to None, run_after=None
[2025-02-27T23:48:06.311+0000] {processor.py:176} INFO - Processing /home/airflow/.local/lib/python3.7/site-packages/airflow/example_dags/example_python_operator.py took 0.054 seconds
[2025-02-27T23:48:36.944+0000] {processor.py:154} INFO - Started process (PID=236) to work on /home/airflow/.local/lib/python3.7/site-packages/airflow/example_dags/example_python_operator.py
[2025-02-27T23:48:36.945+0000] {processor.py:756} INFO - Processing file /home/airflow/.local/lib/python3.7/site-packages/airflow/example_dags/example_python_operator.py for tasks to queue
[2025-02-27T23:48:36.945+0000] {logging_mixin.py:120} INFO - [2025-02-27T23:48:36.945+0000] {dagbag.py:537} INFO - Filling up the DagBag from /home/airflow/.local/lib/python3.7/site-packages/airflow/example_dags/example_python_operator.py
[2025-02-27T23:48:36.953+0000] {logging_mixin.py:120} INFO - [2025-02-27T23:48:36.953+0000] {taskmixin.py:205} WARNING - Dependency <Task(_PythonDecoratedOperator): print_the_context>, log_sql_query already registered for DAG: example_python_operator
[2025-02-27T23:48:36.954+0000] {logging_mixin.py:120} INFO - [2025-02-27T23:48:36.954+0000] {taskmixin.py:205} WARNING - Dependency <Task(_PythonDecoratedOperator): log_sql_query>, print_the_context already registered for DAG: example_python_operator
[2025-02-27T23:48:36.954+0000] {logging_mixin.py:120} INFO - [2025-02-27T23:48:36.954+0000] {taskmixin.py:205} WARNING - Dependency <Task(_PythonDecoratedOperator): print_the_context>, log_sql_query already registered for DAG: example_python_operator
[2025-02-27T23:48:36.954+0000] {logging_mixin.py:120} INFO - [2025-02-27T23:48:36.954+0000] {taskmixin.py:205} WARNING - Dependency <Task(_PythonDecoratedOperator): log_sql_query>, print_the_context already registered for DAG: example_python_operator
[2025-02-27T23:48:36.955+0000] {logging_mixin.py:120} INFO - [2025-02-27T23:48:36.955+0000] {taskmixin.py:205} WARNING - Dependency <Task(_PythonDecoratedOperator): print_the_context>, log_sql_query already registered for DAG: example_python_operator
[2025-02-27T23:48:36.955+0000] {logging_mixin.py:120} INFO - [2025-02-27T23:48:36.955+0000] {taskmixin.py:205} WARNING - Dependency <Task(_PythonDecoratedOperator): log_sql_query>, print_the_context already registered for DAG: example_python_operator
[2025-02-27T23:48:36.955+0000] {logging_mixin.py:120} INFO - [2025-02-27T23:48:36.955+0000] {taskmixin.py:205} WARNING - Dependency <Task(_PythonDecoratedOperator): print_the_context>, log_sql_query already registered for DAG: example_python_operator
[2025-02-27T23:48:36.956+0000] {logging_mixin.py:120} INFO - [2025-02-27T23:48:36.956+0000] {taskmixin.py:205} WARNING - Dependency <Task(_PythonDecoratedOperator): log_sql_query>, print_the_context already registered for DAG: example_python_operator
[2025-02-27T23:48:36.959+0000] {processor.py:766} INFO - DAG(s) dict_keys(['example_python_operator']) retrieved from /home/airflow/.local/lib/python3.7/site-packages/airflow/example_dags/example_python_operator.py
[2025-02-27T23:48:36.980+0000] {logging_mixin.py:120} INFO - [2025-02-27T23:48:36.980+0000] {dag.py:2585} INFO - Sync 1 DAGs
[2025-02-27T23:48:36.993+0000] {logging_mixin.py:120} INFO - [2025-02-27T23:48:36.993+0000] {dag.py:3340} INFO - Setting next_dagrun for example_python_operator to None, run_after=None
[2025-02-27T23:48:37.002+0000] {processor.py:176} INFO - Processing /home/airflow/.local/lib/python3.7/site-packages/airflow/example_dags/example_python_operator.py took 0.060 seconds
[2025-02-27T23:49:07.886+0000] {processor.py:154} INFO - Started process (PID=291) to work on /home/airflow/.local/lib/python3.7/site-packages/airflow/example_dags/example_python_operator.py
[2025-02-27T23:49:07.888+0000] {processor.py:756} INFO - Processing file /home/airflow/.local/lib/python3.7/site-packages/airflow/example_dags/example_python_operator.py for tasks to queue
[2025-02-27T23:49:07.889+0000] {logging_mixin.py:120} INFO - [2025-02-27T23:49:07.889+0000] {dagbag.py:537} INFO - Filling up the DagBag from /home/airflow/.local/lib/python3.7/site-packages/airflow/example_dags/example_python_operator.py
[2025-02-27T23:49:07.899+0000] {logging_mixin.py:120} INFO - [2025-02-27T23:49:07.899+0000] {taskmixin.py:205} WARNING - Dependency <Task(_PythonDecoratedOperator): print_the_context>, log_sql_query already registered for DAG: example_python_operator
[2025-02-27T23:49:07.902+0000] {logging_mixin.py:120} INFO - [2025-02-27T23:49:07.902+0000] {taskmixin.py:205} WARNING - Dependency <Task(_PythonDecoratedOperator): log_sql_query>, print_the_context already registered for DAG: example_python_operator
[2025-02-27T23:49:07.902+0000] {logging_mixin.py:120} INFO - [2025-02-27T23:49:07.902+0000] {taskmixin.py:205} WARNING - Dependency <Task(_PythonDecoratedOperator): print_the_context>, log_sql_query already registered for DAG: example_python_operator
[2025-02-27T23:49:07.903+0000] {logging_mixin.py:120} INFO - [2025-02-27T23:49:07.903+0000] {taskmixin.py:205} WARNING - Dependency <Task(_PythonDecoratedOperator): log_sql_query>, print_the_context already registered for DAG: example_python_operator
[2025-02-27T23:49:07.903+0000] {logging_mixin.py:120} INFO - [2025-02-27T23:49:07.903+0000] {taskmixin.py:205} WARNING - Dependency <Task(_PythonDecoratedOperator): print_the_context>, log_sql_query already registered for DAG: example_python_operator
[2025-02-27T23:49:07.904+0000] {logging_mixin.py:120} INFO - [2025-02-27T23:49:07.904+0000] {taskmixin.py:205} WARNING - Dependency <Task(_PythonDecoratedOperator): log_sql_query>, print_the_context already registered for DAG: example_python_operator
[2025-02-27T23:49:07.904+0000] {logging_mixin.py:120} INFO - [2025-02-27T23:49:07.904+0000] {taskmixin.py:205} WARNING - Dependency <Task(_PythonDecoratedOperator): print_the_context>, log_sql_query already registered for DAG: example_python_operator
[2025-02-27T23:49:07.904+0000] {logging_mixin.py:120} INFO - [2025-02-27T23:49:07.904+0000] {taskmixin.py:205} WARNING - Dependency <Task(_PythonDecoratedOperator): log_sql_query>, print_the_context already registered for DAG: example_python_operator
[2025-02-27T23:49:07.909+0000] {processor.py:766} INFO - DAG(s) dict_keys(['example_python_operator']) retrieved from /home/airflow/.local/lib/python3.7/site-packages/airflow/example_dags/example_python_operator.py
[2025-02-27T23:49:07.941+0000] {logging_mixin.py:120} INFO - [2025-02-27T23:49:07.940+0000] {dag.py:2585} INFO - Sync 1 DAGs
[2025-02-27T23:49:07.955+0000] {logging_mixin.py:120} INFO - [2025-02-27T23:49:07.955+0000] {dag.py:3340} INFO - Setting next_dagrun for example_python_operator to None, run_after=None
[2025-02-27T23:49:07.968+0000] {processor.py:176} INFO - Processing /home/airflow/.local/lib/python3.7/site-packages/airflow/example_dags/example_python_operator.py took 0.084 seconds
[2025-02-27T23:49:38.729+0000] {processor.py:154} INFO - Started process (PID=355) to work on /home/airflow/.local/lib/python3.7/site-packages/airflow/example_dags/example_python_operator.py
[2025-02-27T23:49:38.730+0000] {processor.py:756} INFO - Processing file /home/airflow/.local/lib/python3.7/site-packages/airflow/example_dags/example_python_operator.py for tasks to queue
[2025-02-27T23:49:38.730+0000] {logging_mixin.py:120} INFO - [2025-02-27T23:49:38.730+0000] {dagbag.py:537} INFO - Filling up the DagBag from /home/airflow/.local/lib/python3.7/site-packages/airflow/example_dags/example_python_operator.py
[2025-02-27T23:49:38.738+0000] {logging_mixin.py:120} INFO - [2025-02-27T23:49:38.738+0000] {taskmixin.py:205} WARNING - Dependency <Task(_PythonDecoratedOperator): print_the_context>, log_sql_query already registered for DAG: example_python_operator
[2025-02-27T23:49:38.738+0000] {logging_mixin.py:120} INFO - [2025-02-27T23:49:38.738+0000] {taskmixin.py:205} WARNING - Dependency <Task(_PythonDecoratedOperator): log_sql_query>, print_the_context already registered for DAG: example_python_operator
[2025-02-27T23:49:38.739+0000] {logging_mixin.py:120} INFO - [2025-02-27T23:49:38.739+0000] {taskmixin.py:205} WARNING - Dependency <Task(_PythonDecoratedOperator): print_the_context>, log_sql_query already registered for DAG: example_python_operator
[2025-02-27T23:49:38.739+0000] {logging_mixin.py:120} INFO - [2025-02-27T23:49:38.739+0000] {taskmixin.py:205} WARNING - Dependency <Task(_PythonDecoratedOperator): log_sql_query>, print_the_context already registered for DAG: example_python_operator
[2025-02-27T23:49:38.739+0000] {logging_mixin.py:120} INFO - [2025-02-27T23:49:38.739+0000] {taskmixin.py:205} WARNING - Dependency <Task(_PythonDecoratedOperator): print_the_context>, log_sql_query already registered for DAG: example_python_operator
[2025-02-27T23:49:38.740+0000] {logging_mixin.py:120} INFO - [2025-02-27T23:49:38.740+0000] {taskmixin.py:205} WARNING - Dependency <Task(_PythonDecoratedOperator): log_sql_query>, print_the_context already registered for DAG: example_python_operator
[2025-02-27T23:49:38.740+0000] {logging_mixin.py:120} INFO - [2025-02-27T23:49:38.740+0000] {taskmixin.py:205} WARNING - Dependency <Task(_PythonDecoratedOperator): print_the_context>, log_sql_query already registered for DAG: example_python_operator
[2025-02-27T23:49:38.740+0000] {logging_mixin.py:120} INFO - [2025-02-27T23:49:38.740+0000] {taskmixin.py:205} WARNING - Dependency <Task(_PythonDecoratedOperator): log_sql_query>, print_the_context already registered for DAG: example_python_operator
[2025-02-27T23:49:38.744+0000] {processor.py:766} INFO - DAG(s) dict_keys(['example_python_operator']) retrieved from /home/airflow/.local/lib/python3.7/site-packages/airflow/example_dags/example_python_operator.py
[2025-02-27T23:49:38.765+0000] {logging_mixin.py:120} INFO - [2025-02-27T23:49:38.765+0000] {dag.py:2585} INFO - Sync 1 DAGs
[2025-02-27T23:49:38.778+0000] {logging_mixin.py:120} INFO - [2025-02-27T23:49:38.778+0000] {dag.py:3340} INFO - Setting next_dagrun for example_python_operator to None, run_after=None
[2025-02-27T23:49:38.787+0000] {processor.py:176} INFO - Processing /home/airflow/.local/lib/python3.7/site-packages/airflow/example_dags/example_python_operator.py took 0.060 seconds
[2025-02-27T23:50:09.508+0000] {processor.py:154} INFO - Started process (PID=419) to work on /home/airflow/.local/lib/python3.7/site-packages/airflow/example_dags/example_python_operator.py
[2025-02-27T23:50:09.509+0000] {processor.py:756} INFO - Processing file /home/airflow/.local/lib/python3.7/site-packages/airflow/example_dags/example_python_operator.py for tasks to queue
[2025-02-27T23:50:09.509+0000] {logging_mixin.py:120} INFO - [2025-02-27T23:50:09.509+0000] {dagbag.py:537} INFO - Filling up the DagBag from /home/airflow/.local/lib/python3.7/site-packages/airflow/example_dags/example_python_operator.py
[2025-02-27T23:50:09.517+0000] {logging_mixin.py:120} INFO - [2025-02-27T23:50:09.517+0000] {taskmixin.py:205} WARNING - Dependency <Task(_PythonDecoratedOperator): print_the_context>, log_sql_query already registered for DAG: example_python_operator
[2025-02-27T23:50:09.517+0000] {logging_mixin.py:120} INFO - [2025-02-27T23:50:09.517+0000] {taskmixin.py:205} WARNING - Dependency <Task(_PythonDecoratedOperator): log_sql_query>, print_the_context already registered for DAG: example_python_operator
[2025-02-27T23:50:09.518+0000] {logging_mixin.py:120} INFO - [2025-02-27T23:50:09.518+0000] {taskmixin.py:205} WARNING - Dependency <Task(_PythonDecoratedOperator): print_the_context>, log_sql_query already registered for DAG: example_python_operator
[2025-02-27T23:50:09.518+0000] {logging_mixin.py:120} INFO - [2025-02-27T23:50:09.518+0000] {taskmixin.py:205} WARNING - Dependency <Task(_PythonDecoratedOperator): log_sql_query>, print_the_context already registered for DAG: example_python_operator
[2025-02-27T23:50:09.518+0000] {logging_mixin.py:120} INFO - [2025-02-27T23:50:09.518+0000] {taskmixin.py:205} WARNING - Dependency <Task(_PythonDecoratedOperator): print_the_context>, log_sql_query already registered for DAG: example_python_operator
[2025-02-27T23:50:09.518+0000] {logging_mixin.py:120} INFO - [2025-02-27T23:50:09.518+0000] {taskmixin.py:205} WARNING - Dependency <Task(_PythonDecoratedOperator): log_sql_query>, print_the_context already registered for DAG: example_python_operator
[2025-02-27T23:50:09.519+0000] {logging_mixin.py:120} INFO - [2025-02-27T23:50:09.519+0000] {taskmixin.py:205} WARNING - Dependency <Task(_PythonDecoratedOperator): print_the_context>, log_sql_query already registered for DAG: example_python_operator
[2025-02-27T23:50:09.519+0000] {logging_mixin.py:120} INFO - [2025-02-27T23:50:09.519+0000] {taskmixin.py:205} WARNING - Dependency <Task(_PythonDecoratedOperator): log_sql_query>, print_the_context already registered for DAG: example_python_operator
[2025-02-27T23:50:09.522+0000] {processor.py:766} INFO - DAG(s) dict_keys(['example_python_operator']) retrieved from /home/airflow/.local/lib/python3.7/site-packages/airflow/example_dags/example_python_operator.py
[2025-02-27T23:50:09.543+0000] {logging_mixin.py:120} INFO - [2025-02-27T23:50:09.543+0000] {dag.py:2585} INFO - Sync 1 DAGs
[2025-02-27T23:50:09.554+0000] {logging_mixin.py:120} INFO - [2025-02-27T23:50:09.554+0000] {dag.py:3340} INFO - Setting next_dagrun for example_python_operator to None, run_after=None
[2025-02-27T23:50:09.562+0000] {processor.py:176} INFO - Processing /home/airflow/.local/lib/python3.7/site-packages/airflow/example_dags/example_python_operator.py took 0.056 seconds
[2025-02-27T23:50:40.432+0000] {processor.py:154} INFO - Started process (PID=483) to work on /home/airflow/.local/lib/python3.7/site-packages/airflow/example_dags/example_python_operator.py
[2025-02-27T23:50:40.432+0000] {processor.py:756} INFO - Processing file /home/airflow/.local/lib/python3.7/site-packages/airflow/example_dags/example_python_operator.py for tasks to queue
[2025-02-27T23:50:40.433+0000] {logging_mixin.py:120} INFO - [2025-02-27T23:50:40.433+0000] {dagbag.py:537} INFO - Filling up the DagBag from /home/airflow/.local/lib/python3.7/site-packages/airflow/example_dags/example_python_operator.py
[2025-02-27T23:50:40.440+0000] {logging_mixin.py:120} INFO - [2025-02-27T23:50:40.440+0000] {taskmixin.py:205} WARNING - Dependency <Task(_PythonDecoratedOperator): print_the_context>, log_sql_query already registered for DAG: example_python_operator
[2025-02-27T23:50:40.440+0000] {logging_mixin.py:120} INFO - [2025-02-27T23:50:40.440+0000] {taskmixin.py:205} WARNING - Dependency <Task(_PythonDecoratedOperator): log_sql_query>, print_the_context already registered for DAG: example_python_operator
[2025-02-27T23:50:40.441+0000] {logging_mixin.py:120} INFO - [2025-02-27T23:50:40.441+0000] {taskmixin.py:205} WARNING - Dependency <Task(_PythonDecoratedOperator): print_the_context>, log_sql_query already registered for DAG: example_python_operator
[2025-02-27T23:50:40.441+0000] {logging_mixin.py:120} INFO - [2025-02-27T23:50:40.441+0000] {taskmixin.py:205} WARNING - Dependency <Task(_PythonDecoratedOperator): log_sql_query>, print_the_context already registered for DAG: example_python_operator
[2025-02-27T23:50:40.441+0000] {logging_mixin.py:120} INFO - [2025-02-27T23:50:40.441+0000] {taskmixin.py:205} WARNING - Dependency <Task(_PythonDecoratedOperator): print_the_context>, log_sql_query already registered for DAG: example_python_operator
[2025-02-27T23:50:40.442+0000] {logging_mixin.py:120} INFO - [2025-02-27T23:50:40.442+0000] {taskmixin.py:205} WARNING - Dependency <Task(_PythonDecoratedOperator): log_sql_query>, print_the_context already registered for DAG: example_python_operator
[2025-02-27T23:50:40.442+0000] {logging_mixin.py:120} INFO - [2025-02-27T23:50:40.442+0000] {taskmixin.py:205} WARNING - Dependency <Task(_PythonDecoratedOperator): print_the_context>, log_sql_query already registered for DAG: example_python_operator
[2025-02-27T23:50:40.442+0000] {logging_mixin.py:120} INFO - [2025-02-27T23:50:40.442+0000] {taskmixin.py:205} WARNING - Dependency <Task(_PythonDecoratedOperator): log_sql_query>, print_the_context already registered for DAG: example_python_operator
[2025-02-27T23:50:40.446+0000] {processor.py:766} INFO - DAG(s) dict_keys(['example_python_operator']) retrieved from /home/airflow/.local/lib/python3.7/site-packages/airflow/example_dags/example_python_operator.py
[2025-02-27T23:50:40.466+0000] {logging_mixin.py:120} INFO - [2025-02-27T23:50:40.466+0000] {dag.py:2585} INFO - Sync 1 DAGs
[2025-02-27T23:50:40.477+0000] {logging_mixin.py:120} INFO - [2025-02-27T23:50:40.477+0000] {dag.py:3340} INFO - Setting next_dagrun for example_python_operator to None, run_after=None
[2025-02-27T23:50:40.486+0000] {processor.py:176} INFO - Processing /home/airflow/.local/lib/python3.7/site-packages/airflow/example_dags/example_python_operator.py took 0.056 seconds
[2025-02-27T23:51:11.287+0000] {processor.py:154} INFO - Started process (PID=547) to work on /home/airflow/.local/lib/python3.7/site-packages/airflow/example_dags/example_python_operator.py
[2025-02-27T23:51:11.288+0000] {processor.py:756} INFO - Processing file /home/airflow/.local/lib/python3.7/site-packages/airflow/example_dags/example_python_operator.py for tasks to queue
[2025-02-27T23:51:11.288+0000] {logging_mixin.py:120} INFO - [2025-02-27T23:51:11.288+0000] {dagbag.py:537} INFO - Filling up the DagBag from /home/airflow/.local/lib/python3.7/site-packages/airflow/example_dags/example_python_operator.py
[2025-02-27T23:51:11.296+0000] {logging_mixin.py:120} INFO - [2025-02-27T23:51:11.296+0000] {taskmixin.py:205} WARNING - Dependency <Task(_PythonDecoratedOperator): print_the_context>, log_sql_query already registered for DAG: example_python_operator
[2025-02-27T23:51:11.297+0000] {logging_mixin.py:120} INFO - [2025-02-27T23:51:11.297+0000] {taskmixin.py:205} WARNING - Dependency <Task(_PythonDecoratedOperator): log_sql_query>, print_the_context already registered for DAG: example_python_operator
[2025-02-27T23:51:11.297+0000] {logging_mixin.py:120} INFO - [2025-02-27T23:51:11.297+0000] {taskmixin.py:205} WARNING - Dependency <Task(_PythonDecoratedOperator): print_the_context>, log_sql_query already registered for DAG: example_python_operator
[2025-02-27T23:51:11.298+0000] {logging_mixin.py:120} INFO - [2025-02-27T23:51:11.298+0000] {taskmixin.py:205} WARNING - Dependency <Task(_PythonDecoratedOperator): log_sql_query>, print_the_context already registered for DAG: example_python_operator
[2025-02-27T23:51:11.299+0000] {logging_mixin.py:120} INFO - [2025-02-27T23:51:11.299+0000] {taskmixin.py:205} WARNING - Dependency <Task(_PythonDecoratedOperator): print_the_context>, log_sql_query already registered for DAG: example_python_operator
[2025-02-27T23:51:11.299+0000] {logging_mixin.py:120} INFO - [2025-02-27T23:51:11.299+0000] {taskmixin.py:205} WARNING - Dependency <Task(_PythonDecoratedOperator): log_sql_query>, print_the_context already registered for DAG: example_python_operator
[2025-02-27T23:51:11.300+0000] {logging_mixin.py:120} INFO - [2025-02-27T23:51:11.300+0000] {taskmixin.py:205} WARNING - Dependency <Task(_PythonDecoratedOperator): print_the_context>, log_sql_query already registered for DAG: example_python_operator
[2025-02-27T23:51:11.301+0000] {logging_mixin.py:120} INFO - [2025-02-27T23:51:11.301+0000] {taskmixin.py:205} WARNING - Dependency <Task(_PythonDecoratedOperator): log_sql_query>, print_the_context already registered for DAG: example_python_operator
[2025-02-27T23:51:11.305+0000] {processor.py:766} INFO - DAG(s) dict_keys(['example_python_operator']) retrieved from /home/airflow/.local/lib/python3.7/site-packages/airflow/example_dags/example_python_operator.py
[2025-02-27T23:51:11.329+0000] {logging_mixin.py:120} INFO - [2025-02-27T23:51:11.328+0000] {dag.py:2585} INFO - Sync 1 DAGs
[2025-02-27T23:51:11.341+0000] {logging_mixin.py:120} INFO - [2025-02-27T23:51:11.341+0000] {dag.py:3340} INFO - Setting next_dagrun for example_python_operator to None, run_after=None
[2025-02-27T23:51:11.350+0000] {processor.py:176} INFO - Processing /home/airflow/.local/lib/python3.7/site-packages/airflow/example_dags/example_python_operator.py took 0.065 seconds
[2025-02-27T23:51:42.070+0000] {processor.py:154} INFO - Started process (PID=611) to work on /home/airflow/.local/lib/python3.7/site-packages/airflow/example_dags/example_python_operator.py
[2025-02-27T23:51:42.070+0000] {processor.py:756} INFO - Processing file /home/airflow/.local/lib/python3.7/site-packages/airflow/example_dags/example_python_operator.py for tasks to queue
[2025-02-27T23:51:42.071+0000] {logging_mixin.py:120} INFO - [2025-02-27T23:51:42.071+0000] {dagbag.py:537} INFO - Filling up the DagBag from /home/airflow/.local/lib/python3.7/site-packages/airflow/example_dags/example_python_operator.py
[2025-02-27T23:51:42.078+0000] {logging_mixin.py:120} INFO - [2025-02-27T23:51:42.078+0000] {taskmixin.py:205} WARNING - Dependency <Task(_PythonDecoratedOperator): print_the_context>, log_sql_query already registered for DAG: example_python_operator
[2025-02-27T23:51:42.079+0000] {logging_mixin.py:120} INFO - [2025-02-27T23:51:42.079+0000] {taskmixin.py:205} WARNING - Dependency <Task(_PythonDecoratedOperator): log_sql_query>, print_the_context already registered for DAG: example_python_operator
[2025-02-27T23:51:42.079+0000] {logging_mixin.py:120} INFO - [2025-02-27T23:51:42.079+0000] {taskmixin.py:205} WARNING - Dependency <Task(_PythonDecoratedOperator): print_the_context>, log_sql_query already registered for DAG: example_python_operator
[2025-02-27T23:51:42.079+0000] {logging_mixin.py:120} INFO - [2025-02-27T23:51:42.079+0000] {taskmixin.py:205} WARNING - Dependency <Task(_PythonDecoratedOperator): log_sql_query>, print_the_context already registered for DAG: example_python_operator
[2025-02-27T23:51:42.080+0000] {logging_mixin.py:120} INFO - [2025-02-27T23:51:42.080+0000] {taskmixin.py:205} WARNING - Dependency <Task(_PythonDecoratedOperator): print_the_context>, log_sql_query already registered for DAG: example_python_operator
[2025-02-27T23:51:42.080+0000] {logging_mixin.py:120} INFO - [2025-02-27T23:51:42.080+0000] {taskmixin.py:205} WARNING - Dependency <Task(_PythonDecoratedOperator): log_sql_query>, print_the_context already registered for DAG: example_python_operator
[2025-02-27T23:51:42.080+0000] {logging_mixin.py:120} INFO - [2025-02-27T23:51:42.080+0000] {taskmixin.py:205} WARNING - Dependency <Task(_PythonDecoratedOperator): print_the_context>, log_sql_query already registered for DAG: example_python_operator
[2025-02-27T23:51:42.080+0000] {logging_mixin.py:120} INFO - [2025-02-27T23:51:42.080+0000] {taskmixin.py:205} WARNING - Dependency <Task(_PythonDecoratedOperator): log_sql_query>, print_the_context already registered for DAG: example_python_operator
[2025-02-27T23:51:42.084+0000] {processor.py:766} INFO - DAG(s) dict_keys(['example_python_operator']) retrieved from /home/airflow/.local/lib/python3.7/site-packages/airflow/example_dags/example_python_operator.py
[2025-02-27T23:51:42.104+0000] {logging_mixin.py:120} INFO - [2025-02-27T23:51:42.103+0000] {dag.py:2585} INFO - Sync 1 DAGs
[2025-02-27T23:51:42.116+0000] {logging_mixin.py:120} INFO - [2025-02-27T23:51:42.116+0000] {dag.py:3340} INFO - Setting next_dagrun for example_python_operator to None, run_after=None
[2025-02-27T23:51:42.126+0000] {processor.py:176} INFO - Processing /home/airflow/.local/lib/python3.7/site-packages/airflow/example_dags/example_python_operator.py took 0.058 seconds
[2025-02-27T23:52:13.020+0000] {processor.py:154} INFO - Started process (PID=675) to work on /home/airflow/.local/lib/python3.7/site-packages/airflow/example_dags/example_python_operator.py
[2025-02-27T23:52:13.021+0000] {processor.py:756} INFO - Processing file /home/airflow/.local/lib/python3.7/site-packages/airflow/example_dags/example_python_operator.py for tasks to queue
[2025-02-27T23:52:13.021+0000] {logging_mixin.py:120} INFO - [2025-02-27T23:52:13.021+0000] {dagbag.py:537} INFO - Filling up the DagBag from /home/airflow/.local/lib/python3.7/site-packages/airflow/example_dags/example_python_operator.py
[2025-02-27T23:52:13.029+0000] {logging_mixin.py:120} INFO - [2025-02-27T23:52:13.029+0000] {taskmixin.py:205} WARNING - Dependency <Task(_PythonDecoratedOperator): print_the_context>, log_sql_query already registered for DAG: example_python_operator
[2025-02-27T23:52:13.029+0000] {logging_mixin.py:120} INFO - [2025-02-27T23:52:13.029+0000] {taskmixin.py:205} WARNING - Dependency <Task(_PythonDecoratedOperator): log_sql_query>, print_the_context already registered for DAG: example_python_operator
[2025-02-27T23:52:13.030+0000] {logging_mixin.py:120} INFO - [2025-02-27T23:52:13.030+0000] {taskmixin.py:205} WARNING - Dependency <Task(_PythonDecoratedOperator): print_the_context>, log_sql_query already registered for DAG: example_python_operator
[2025-02-27T23:52:13.030+0000] {logging_mixin.py:120} INFO - [2025-02-27T23:52:13.030+0000] {taskmixin.py:205} WARNING - Dependency <Task(_PythonDecoratedOperator): log_sql_query>, print_the_context already registered for DAG: example_python_operator
[2025-02-27T23:52:13.030+0000] {logging_mixin.py:120} INFO - [2025-02-27T23:52:13.030+0000] {taskmixin.py:205} WARNING - Dependency <Task(_PythonDecoratedOperator): print_the_context>, log_sql_query already registered for DAG: example_python_operator
[2025-02-27T23:52:13.030+0000] {logging_mixin.py:120} INFO - [2025-02-27T23:52:13.030+0000] {taskmixin.py:205} WARNING - Dependency <Task(_PythonDecoratedOperator): log_sql_query>, print_the_context already registered for DAG: example_python_operator
[2025-02-27T23:52:13.031+0000] {logging_mixin.py:120} INFO - [2025-02-27T23:52:13.031+0000] {taskmixin.py:205} WARNING - Dependency <Task(_PythonDecoratedOperator): print_the_context>, log_sql_query already registered for DAG: example_python_operator
[2025-02-27T23:52:13.031+0000] {logging_mixin.py:120} INFO - [2025-02-27T23:52:13.031+0000] {taskmixin.py:205} WARNING - Dependency <Task(_PythonDecoratedOperator): log_sql_query>, print_the_context already registered for DAG: example_python_operator
[2025-02-27T23:52:13.034+0000] {processor.py:766} INFO - DAG(s) dict_keys(['example_python_operator']) retrieved from /home/airflow/.local/lib/python3.7/site-packages/airflow/example_dags/example_python_operator.py
[2025-02-27T23:52:13.054+0000] {logging_mixin.py:120} INFO - [2025-02-27T23:52:13.054+0000] {dag.py:2585} INFO - Sync 1 DAGs
[2025-02-27T23:52:13.065+0000] {logging_mixin.py:120} INFO - [2025-02-27T23:52:13.065+0000] {dag.py:3340} INFO - Setting next_dagrun for example_python_operator to None, run_after=None
[2025-02-27T23:52:13.074+0000] {processor.py:176} INFO - Processing /home/airflow/.local/lib/python3.7/site-packages/airflow/example_dags/example_python_operator.py took 0.056 seconds
[2025-02-27T23:52:43.806+0000] {processor.py:154} INFO - Started process (PID=738) to work on /home/airflow/.local/lib/python3.7/site-packages/airflow/example_dags/example_python_operator.py
[2025-02-27T23:52:43.806+0000] {processor.py:756} INFO - Processing file /home/airflow/.local/lib/python3.7/site-packages/airflow/example_dags/example_python_operator.py for tasks to queue
[2025-02-27T23:52:43.807+0000] {logging_mixin.py:120} INFO - [2025-02-27T23:52:43.807+0000] {dagbag.py:537} INFO - Filling up the DagBag from /home/airflow/.local/lib/python3.7/site-packages/airflow/example_dags/example_python_operator.py
[2025-02-27T23:52:43.814+0000] {logging_mixin.py:120} INFO - [2025-02-27T23:52:43.814+0000] {taskmixin.py:205} WARNING - Dependency <Task(_PythonDecoratedOperator): print_the_context>, log_sql_query already registered for DAG: example_python_operator
[2025-02-27T23:52:43.814+0000] {logging_mixin.py:120} INFO - [2025-02-27T23:52:43.814+0000] {taskmixin.py:205} WARNING - Dependency <Task(_PythonDecoratedOperator): log_sql_query>, print_the_context already registered for DAG: example_python_operator
[2025-02-27T23:52:43.815+0000] {logging_mixin.py:120} INFO - [2025-02-27T23:52:43.815+0000] {taskmixin.py:205} WARNING - Dependency <Task(_PythonDecoratedOperator): print_the_context>, log_sql_query already registered for DAG: example_python_operator
[2025-02-27T23:52:43.815+0000] {logging_mixin.py:120} INFO - [2025-02-27T23:52:43.815+0000] {taskmixin.py:205} WARNING - Dependency <Task(_PythonDecoratedOperator): log_sql_query>, print_the_context already registered for DAG: example_python_operator
[2025-02-27T23:52:43.815+0000] {logging_mixin.py:120} INFO - [2025-02-27T23:52:43.815+0000] {taskmixin.py:205} WARNING - Dependency <Task(_PythonDecoratedOperator): print_the_context>, log_sql_query already registered for DAG: example_python_operator
[2025-02-27T23:52:43.816+0000] {logging_mixin.py:120} INFO - [2025-02-27T23:52:43.816+0000] {taskmixin.py:205} WARNING - Dependency <Task(_PythonDecoratedOperator): log_sql_query>, print_the_context already registered for DAG: example_python_operator
[2025-02-27T23:52:43.816+0000] {logging_mixin.py:120} INFO - [2025-02-27T23:52:43.816+0000] {taskmixin.py:205} WARNING - Dependency <Task(_PythonDecoratedOperator): print_the_context>, log_sql_query already registered for DAG: example_python_operator
[2025-02-27T23:52:43.816+0000] {logging_mixin.py:120} INFO - [2025-02-27T23:52:43.816+0000] {taskmixin.py:205} WARNING - Dependency <Task(_PythonDecoratedOperator): log_sql_query>, print_the_context already registered for DAG: example_python_operator
[2025-02-27T23:52:43.819+0000] {processor.py:766} INFO - DAG(s) dict_keys(['example_python_operator']) retrieved from /home/airflow/.local/lib/python3.7/site-packages/airflow/example_dags/example_python_operator.py
[2025-02-27T23:52:43.839+0000] {logging_mixin.py:120} INFO - [2025-02-27T23:52:43.839+0000] {dag.py:2585} INFO - Sync 1 DAGs
[2025-02-27T23:52:43.851+0000] {logging_mixin.py:120} INFO - [2025-02-27T23:52:43.851+0000] {dag.py:3340} INFO - Setting next_dagrun for example_python_operator to None, run_after=None
[2025-02-27T23:52:43.864+0000] {processor.py:176} INFO - Processing /home/airflow/.local/lib/python3.7/site-packages/airflow/example_dags/example_python_operator.py took 0.060 seconds
[2025-02-27T23:53:14.600+0000] {processor.py:154} INFO - Started process (PID=800) to work on /home/airflow/.local/lib/python3.7/site-packages/airflow/example_dags/example_python_operator.py
[2025-02-27T23:53:14.600+0000] {processor.py:756} INFO - Processing file /home/airflow/.local/lib/python3.7/site-packages/airflow/example_dags/example_python_operator.py for tasks to queue
[2025-02-27T23:53:14.601+0000] {logging_mixin.py:120} INFO - [2025-02-27T23:53:14.601+0000] {dagbag.py:537} INFO - Filling up the DagBag from /home/airflow/.local/lib/python3.7/site-packages/airflow/example_dags/example_python_operator.py
[2025-02-27T23:53:14.609+0000] {logging_mixin.py:120} INFO - [2025-02-27T23:53:14.609+0000] {taskmixin.py:205} WARNING - Dependency <Task(_PythonDecoratedOperator): print_the_context>, log_sql_query already registered for DAG: example_python_operator
[2025-02-27T23:53:14.609+0000] {logging_mixin.py:120} INFO - [2025-02-27T23:53:14.609+0000] {taskmixin.py:205} WARNING - Dependency <Task(_PythonDecoratedOperator): log_sql_query>, print_the_context already registered for DAG: example_python_operator
[2025-02-27T23:53:14.610+0000] {logging_mixin.py:120} INFO - [2025-02-27T23:53:14.609+0000] {taskmixin.py:205} WARNING - Dependency <Task(_PythonDecoratedOperator): print_the_context>, log_sql_query already registered for DAG: example_python_operator
[2025-02-27T23:53:14.610+0000] {logging_mixin.py:120} INFO - [2025-02-27T23:53:14.610+0000] {taskmixin.py:205} WARNING - Dependency <Task(_PythonDecoratedOperator): log_sql_query>, print_the_context already registered for DAG: example_python_operator
[2025-02-27T23:53:14.610+0000] {logging_mixin.py:120} INFO - [2025-02-27T23:53:14.610+0000] {taskmixin.py:205} WARNING - Dependency <Task(_PythonDecoratedOperator): print_the_context>, log_sql_query already registered for DAG: example_python_operator
[2025-02-27T23:53:14.610+0000] {logging_mixin.py:120} INFO - [2025-02-27T23:53:14.610+0000] {taskmixin.py:205} WARNING - Dependency <Task(_PythonDecoratedOperator): log_sql_query>, print_the_context already registered for DAG: example_python_operator
[2025-02-27T23:53:14.611+0000] {logging_mixin.py:120} INFO - [2025-02-27T23:53:14.611+0000] {taskmixin.py:205} WARNING - Dependency <Task(_PythonDecoratedOperator): print_the_context>, log_sql_query already registered for DAG: example_python_operator
[2025-02-27T23:53:14.611+0000] {logging_mixin.py:120} INFO - [2025-02-27T23:53:14.611+0000] {taskmixin.py:205} WARNING - Dependency <Task(_PythonDecoratedOperator): log_sql_query>, print_the_context already registered for DAG: example_python_operator
[2025-02-27T23:53:14.614+0000] {processor.py:766} INFO - DAG(s) dict_keys(['example_python_operator']) retrieved from /home/airflow/.local/lib/python3.7/site-packages/airflow/example_dags/example_python_operator.py
[2025-02-27T23:53:14.633+0000] {logging_mixin.py:120} INFO - [2025-02-27T23:53:14.633+0000] {dag.py:2585} INFO - Sync 1 DAGs
[2025-02-27T23:53:14.645+0000] {logging_mixin.py:120} INFO - [2025-02-27T23:53:14.645+0000] {dag.py:3340} INFO - Setting next_dagrun for example_python_operator to None, run_after=None
[2025-02-27T23:53:14.654+0000] {processor.py:176} INFO - Processing /home/airflow/.local/lib/python3.7/site-packages/airflow/example_dags/example_python_operator.py took 0.057 seconds
[2025-02-27T23:53:45.488+0000] {processor.py:154} INFO - Started process (PID=855) to work on /home/airflow/.local/lib/python3.7/site-packages/airflow/example_dags/example_python_operator.py
[2025-02-27T23:53:45.489+0000] {processor.py:756} INFO - Processing file /home/airflow/.local/lib/python3.7/site-packages/airflow/example_dags/example_python_operator.py for tasks to queue
[2025-02-27T23:53:45.489+0000] {logging_mixin.py:120} INFO - [2025-02-27T23:53:45.489+0000] {dagbag.py:537} INFO - Filling up the DagBag from /home/airflow/.local/lib/python3.7/site-packages/airflow/example_dags/example_python_operator.py
[2025-02-27T23:53:45.496+0000] {logging_mixin.py:120} INFO - [2025-02-27T23:53:45.496+0000] {taskmixin.py:205} WARNING - Dependency <Task(_PythonDecoratedOperator): print_the_context>, log_sql_query already registered for DAG: example_python_operator
[2025-02-27T23:53:45.497+0000] {logging_mixin.py:120} INFO - [2025-02-27T23:53:45.497+0000] {taskmixin.py:205} WARNING - Dependency <Task(_PythonDecoratedOperator): log_sql_query>, print_the_context already registered for DAG: example_python_operator
[2025-02-27T23:53:45.497+0000] {logging_mixin.py:120} INFO - [2025-02-27T23:53:45.497+0000] {taskmixin.py:205} WARNING - Dependency <Task(_PythonDecoratedOperator): print_the_context>, log_sql_query already registered for DAG: example_python_operator
[2025-02-27T23:53:45.497+0000] {logging_mixin.py:120} INFO - [2025-02-27T23:53:45.497+0000] {taskmixin.py:205} WARNING - Dependency <Task(_PythonDecoratedOperator): log_sql_query>, print_the_context already registered for DAG: example_python_operator
[2025-02-27T23:53:45.498+0000] {logging_mixin.py:120} INFO - [2025-02-27T23:53:45.498+0000] {taskmixin.py:205} WARNING - Dependency <Task(_PythonDecoratedOperator): print_the_context>, log_sql_query already registered for DAG: example_python_operator
[2025-02-27T23:53:45.498+0000] {logging_mixin.py:120} INFO - [2025-02-27T23:53:45.498+0000] {taskmixin.py:205} WARNING - Dependency <Task(_PythonDecoratedOperator): log_sql_query>, print_the_context already registered for DAG: example_python_operator
[2025-02-27T23:53:45.498+0000] {logging_mixin.py:120} INFO - [2025-02-27T23:53:45.498+0000] {taskmixin.py:205} WARNING - Dependency <Task(_PythonDecoratedOperator): print_the_context>, log_sql_query already registered for DAG: example_python_operator
[2025-02-27T23:53:45.499+0000] {logging_mixin.py:120} INFO - [2025-02-27T23:53:45.498+0000] {taskmixin.py:205} WARNING - Dependency <Task(_PythonDecoratedOperator): log_sql_query>, print_the_context already registered for DAG: example_python_operator
[2025-02-27T23:53:45.502+0000] {processor.py:766} INFO - DAG(s) dict_keys(['example_python_operator']) retrieved from /home/airflow/.local/lib/python3.7/site-packages/airflow/example_dags/example_python_operator.py
[2025-02-27T23:53:45.522+0000] {logging_mixin.py:120} INFO - [2025-02-27T23:53:45.522+0000] {dag.py:2585} INFO - Sync 1 DAGs
[2025-02-27T23:53:45.534+0000] {logging_mixin.py:120} INFO - [2025-02-27T23:53:45.534+0000] {dag.py:3340} INFO - Setting next_dagrun for example_python_operator to None, run_after=None
[2025-02-27T23:53:45.543+0000] {processor.py:176} INFO - Processing /home/airflow/.local/lib/python3.7/site-packages/airflow/example_dags/example_python_operator.py took 0.057 seconds
[2025-02-27T23:54:16.334+0000] {processor.py:154} INFO - Started process (PID=919) to work on /home/airflow/.local/lib/python3.7/site-packages/airflow/example_dags/example_python_operator.py
[2025-02-27T23:54:16.335+0000] {processor.py:756} INFO - Processing file /home/airflow/.local/lib/python3.7/site-packages/airflow/example_dags/example_python_operator.py for tasks to queue
[2025-02-27T23:54:16.336+0000] {logging_mixin.py:120} INFO - [2025-02-27T23:54:16.336+0000] {dagbag.py:537} INFO - Filling up the DagBag from /home/airflow/.local/lib/python3.7/site-packages/airflow/example_dags/example_python_operator.py
[2025-02-27T23:54:16.344+0000] {logging_mixin.py:120} INFO - [2025-02-27T23:54:16.344+0000] {taskmixin.py:205} WARNING - Dependency <Task(_PythonDecoratedOperator): print_the_context>, log_sql_query already registered for DAG: example_python_operator
[2025-02-27T23:54:16.344+0000] {logging_mixin.py:120} INFO - [2025-02-27T23:54:16.344+0000] {taskmixin.py:205} WARNING - Dependency <Task(_PythonDecoratedOperator): log_sql_query>, print_the_context already registered for DAG: example_python_operator
[2025-02-27T23:54:16.345+0000] {logging_mixin.py:120} INFO - [2025-02-27T23:54:16.345+0000] {taskmixin.py:205} WARNING - Dependency <Task(_PythonDecoratedOperator): print_the_context>, log_sql_query already registered for DAG: example_python_operator
[2025-02-27T23:54:16.345+0000] {logging_mixin.py:120} INFO - [2025-02-27T23:54:16.345+0000] {taskmixin.py:205} WARNING - Dependency <Task(_PythonDecoratedOperator): log_sql_query>, print_the_context already registered for DAG: example_python_operator
[2025-02-27T23:54:16.346+0000] {logging_mixin.py:120} INFO - [2025-02-27T23:54:16.346+0000] {taskmixin.py:205} WARNING - Dependency <Task(_PythonDecoratedOperator): print_the_context>, log_sql_query already registered for DAG: example_python_operator
[2025-02-27T23:54:16.346+0000] {logging_mixin.py:120} INFO - [2025-02-27T23:54:16.346+0000] {taskmixin.py:205} WARNING - Dependency <Task(_PythonDecoratedOperator): log_sql_query>, print_the_context already registered for DAG: example_python_operator
[2025-02-27T23:54:16.346+0000] {logging_mixin.py:120} INFO - [2025-02-27T23:54:16.346+0000] {taskmixin.py:205} WARNING - Dependency <Task(_PythonDecoratedOperator): print_the_context>, log_sql_query already registered for DAG: example_python_operator
[2025-02-27T23:54:16.347+0000] {logging_mixin.py:120} INFO - [2025-02-27T23:54:16.347+0000] {taskmixin.py:205} WARNING - Dependency <Task(_PythonDecoratedOperator): log_sql_query>, print_the_context already registered for DAG: example_python_operator
[2025-02-27T23:54:16.351+0000] {processor.py:766} INFO - DAG(s) dict_keys(['example_python_operator']) retrieved from /home/airflow/.local/lib/python3.7/site-packages/airflow/example_dags/example_python_operator.py
[2025-02-27T23:54:16.374+0000] {logging_mixin.py:120} INFO - [2025-02-27T23:54:16.374+0000] {dag.py:2585} INFO - Sync 1 DAGs
[2025-02-27T23:54:16.386+0000] {logging_mixin.py:120} INFO - [2025-02-27T23:54:16.386+0000] {dag.py:3340} INFO - Setting next_dagrun for example_python_operator to None, run_after=None
[2025-02-27T23:54:16.397+0000] {processor.py:176} INFO - Processing /home/airflow/.local/lib/python3.7/site-packages/airflow/example_dags/example_python_operator.py took 0.065 seconds
[2025-02-27T23:54:47.315+0000] {processor.py:154} INFO - Started process (PID=982) to work on /home/airflow/.local/lib/python3.7/site-packages/airflow/example_dags/example_python_operator.py
[2025-02-27T23:54:47.316+0000] {processor.py:756} INFO - Processing file /home/airflow/.local/lib/python3.7/site-packages/airflow/example_dags/example_python_operator.py for tasks to queue
[2025-02-27T23:54:47.316+0000] {logging_mixin.py:120} INFO - [2025-02-27T23:54:47.316+0000] {dagbag.py:537} INFO - Filling up the DagBag from /home/airflow/.local/lib/python3.7/site-packages/airflow/example_dags/example_python_operator.py
[2025-02-27T23:54:47.324+0000] {logging_mixin.py:120} INFO - [2025-02-27T23:54:47.323+0000] {taskmixin.py:205} WARNING - Dependency <Task(_PythonDecoratedOperator): print_the_context>, log_sql_query already registered for DAG: example_python_operator
[2025-02-27T23:54:47.324+0000] {logging_mixin.py:120} INFO - [2025-02-27T23:54:47.324+0000] {taskmixin.py:205} WARNING - Dependency <Task(_PythonDecoratedOperator): log_sql_query>, print_the_context already registered for DAG: example_python_operator
[2025-02-27T23:54:47.324+0000] {logging_mixin.py:120} INFO - [2025-02-27T23:54:47.324+0000] {taskmixin.py:205} WARNING - Dependency <Task(_PythonDecoratedOperator): print_the_context>, log_sql_query already registered for DAG: example_python_operator
[2025-02-27T23:54:47.324+0000] {logging_mixin.py:120} INFO - [2025-02-27T23:54:47.324+0000] {taskmixin.py:205} WARNING - Dependency <Task(_PythonDecoratedOperator): log_sql_query>, print_the_context already registered for DAG: example_python_operator
[2025-02-27T23:54:47.325+0000] {logging_mixin.py:120} INFO - [2025-02-27T23:54:47.325+0000] {taskmixin.py:205} WARNING - Dependency <Task(_PythonDecoratedOperator): print_the_context>, log_sql_query already registered for DAG: example_python_operator
[2025-02-27T23:54:47.325+0000] {logging_mixin.py:120} INFO - [2025-02-27T23:54:47.325+0000] {taskmixin.py:205} WARNING - Dependency <Task(_PythonDecoratedOperator): log_sql_query>, print_the_context already registered for DAG: example_python_operator
[2025-02-27T23:54:47.325+0000] {logging_mixin.py:120} INFO - [2025-02-27T23:54:47.325+0000] {taskmixin.py:205} WARNING - Dependency <Task(_PythonDecoratedOperator): print_the_context>, log_sql_query already registered for DAG: example_python_operator
[2025-02-27T23:54:47.325+0000] {logging_mixin.py:120} INFO - [2025-02-27T23:54:47.325+0000] {taskmixin.py:205} WARNING - Dependency <Task(_PythonDecoratedOperator): log_sql_query>, print_the_context already registered for DAG: example_python_operator
[2025-02-27T23:54:47.329+0000] {processor.py:766} INFO - DAG(s) dict_keys(['example_python_operator']) retrieved from /home/airflow/.local/lib/python3.7/site-packages/airflow/example_dags/example_python_operator.py
[2025-02-27T23:54:47.349+0000] {logging_mixin.py:120} INFO - [2025-02-27T23:54:47.349+0000] {dag.py:2585} INFO - Sync 1 DAGs
[2025-02-27T23:54:47.360+0000] {logging_mixin.py:120} INFO - [2025-02-27T23:54:47.360+0000] {dag.py:3340} INFO - Setting next_dagrun for example_python_operator to None, run_after=None
[2025-02-27T23:54:47.370+0000] {processor.py:176} INFO - Processing /home/airflow/.local/lib/python3.7/site-packages/airflow/example_dags/example_python_operator.py took 0.057 seconds
[2025-02-27T23:55:18.105+0000] {processor.py:154} INFO - Started process (PID=1046) to work on /home/airflow/.local/lib/python3.7/site-packages/airflow/example_dags/example_python_operator.py
[2025-02-27T23:55:18.105+0000] {processor.py:756} INFO - Processing file /home/airflow/.local/lib/python3.7/site-packages/airflow/example_dags/example_python_operator.py for tasks to queue
[2025-02-27T23:55:18.106+0000] {logging_mixin.py:120} INFO - [2025-02-27T23:55:18.106+0000] {dagbag.py:537} INFO - Filling up the DagBag from /home/airflow/.local/lib/python3.7/site-packages/airflow/example_dags/example_python_operator.py
[2025-02-27T23:55:18.114+0000] {logging_mixin.py:120} INFO - [2025-02-27T23:55:18.114+0000] {taskmixin.py:205} WARNING - Dependency <Task(_PythonDecoratedOperator): print_the_context>, log_sql_query already registered for DAG: example_python_operator
[2025-02-27T23:55:18.114+0000] {logging_mixin.py:120} INFO - [2025-02-27T23:55:18.114+0000] {taskmixin.py:205} WARNING - Dependency <Task(_PythonDecoratedOperator): log_sql_query>, print_the_context already registered for DAG: example_python_operator
[2025-02-27T23:55:18.114+0000] {logging_mixin.py:120} INFO - [2025-02-27T23:55:18.114+0000] {taskmixin.py:205} WARNING - Dependency <Task(_PythonDecoratedOperator): print_the_context>, log_sql_query already registered for DAG: example_python_operator
[2025-02-27T23:55:18.114+0000] {logging_mixin.py:120} INFO - [2025-02-27T23:55:18.114+0000] {taskmixin.py:205} WARNING - Dependency <Task(_PythonDecoratedOperator): log_sql_query>, print_the_context already registered for DAG: example_python_operator
[2025-02-27T23:55:18.115+0000] {logging_mixin.py:120} INFO - [2025-02-27T23:55:18.115+0000] {taskmixin.py:205} WARNING - Dependency <Task(_PythonDecoratedOperator): print_the_context>, log_sql_query already registered for DAG: example_python_operator
[2025-02-27T23:55:18.115+0000] {logging_mixin.py:120} INFO - [2025-02-27T23:55:18.115+0000] {taskmixin.py:205} WARNING - Dependency <Task(_PythonDecoratedOperator): log_sql_query>, print_the_context already registered for DAG: example_python_operator
[2025-02-27T23:55:18.115+0000] {logging_mixin.py:120} INFO - [2025-02-27T23:55:18.115+0000] {taskmixin.py:205} WARNING - Dependency <Task(_PythonDecoratedOperator): print_the_context>, log_sql_query already registered for DAG: example_python_operator
[2025-02-27T23:55:18.115+0000] {logging_mixin.py:120} INFO - [2025-02-27T23:55:18.115+0000] {taskmixin.py:205} WARNING - Dependency <Task(_PythonDecoratedOperator): log_sql_query>, print_the_context already registered for DAG: example_python_operator
[2025-02-27T23:55:18.119+0000] {processor.py:766} INFO - DAG(s) dict_keys(['example_python_operator']) retrieved from /home/airflow/.local/lib/python3.7/site-packages/airflow/example_dags/example_python_operator.py
[2025-02-27T23:55:18.140+0000] {logging_mixin.py:120} INFO - [2025-02-27T23:55:18.140+0000] {dag.py:2585} INFO - Sync 1 DAGs
[2025-02-27T23:55:18.152+0000] {logging_mixin.py:120} INFO - [2025-02-27T23:55:18.152+0000] {dag.py:3340} INFO - Setting next_dagrun for example_python_operator to None, run_after=None
[2025-02-27T23:55:18.162+0000] {processor.py:176} INFO - Processing /home/airflow/.local/lib/python3.7/site-packages/airflow/example_dags/example_python_operator.py took 0.059 seconds
[2025-02-27T23:55:48.867+0000] {processor.py:154} INFO - Started process (PID=1110) to work on /home/airflow/.local/lib/python3.7/site-packages/airflow/example_dags/example_python_operator.py
[2025-02-27T23:55:48.868+0000] {processor.py:756} INFO - Processing file /home/airflow/.local/lib/python3.7/site-packages/airflow/example_dags/example_python_operator.py for tasks to queue
[2025-02-27T23:55:48.868+0000] {logging_mixin.py:120} INFO - [2025-02-27T23:55:48.868+0000] {dagbag.py:537} INFO - Filling up the DagBag from /home/airflow/.local/lib/python3.7/site-packages/airflow/example_dags/example_python_operator.py
[2025-02-27T23:55:48.876+0000] {logging_mixin.py:120} INFO - [2025-02-27T23:55:48.875+0000] {taskmixin.py:205} WARNING - Dependency <Task(_PythonDecoratedOperator): print_the_context>, log_sql_query already registered for DAG: example_python_operator
[2025-02-27T23:55:48.876+0000] {logging_mixin.py:120} INFO - [2025-02-27T23:55:48.876+0000] {taskmixin.py:205} WARNING - Dependency <Task(_PythonDecoratedOperator): log_sql_query>, print_the_context already registered for DAG: example_python_operator
[2025-02-27T23:55:48.876+0000] {logging_mixin.py:120} INFO - [2025-02-27T23:55:48.876+0000] {taskmixin.py:205} WARNING - Dependency <Task(_PythonDecoratedOperator): print_the_context>, log_sql_query already registered for DAG: example_python_operator
[2025-02-27T23:55:48.876+0000] {logging_mixin.py:120} INFO - [2025-02-27T23:55:48.876+0000] {taskmixin.py:205} WARNING - Dependency <Task(_PythonDecoratedOperator): log_sql_query>, print_the_context already registered for DAG: example_python_operator
[2025-02-27T23:55:48.877+0000] {logging_mixin.py:120} INFO - [2025-02-27T23:55:48.877+0000] {taskmixin.py:205} WARNING - Dependency <Task(_PythonDecoratedOperator): print_the_context>, log_sql_query already registered for DAG: example_python_operator
[2025-02-27T23:55:48.877+0000] {logging_mixin.py:120} INFO - [2025-02-27T23:55:48.877+0000] {taskmixin.py:205} WARNING - Dependency <Task(_PythonDecoratedOperator): log_sql_query>, print_the_context already registered for DAG: example_python_operator
[2025-02-27T23:55:48.877+0000] {logging_mixin.py:120} INFO - [2025-02-27T23:55:48.877+0000] {taskmixin.py:205} WARNING - Dependency <Task(_PythonDecoratedOperator): print_the_context>, log_sql_query already registered for DAG: example_python_operator
[2025-02-27T23:55:48.877+0000] {logging_mixin.py:120} INFO - [2025-02-27T23:55:48.877+0000] {taskmixin.py:205} WARNING - Dependency <Task(_PythonDecoratedOperator): log_sql_query>, print_the_context already registered for DAG: example_python_operator
[2025-02-27T23:55:48.881+0000] {processor.py:766} INFO - DAG(s) dict_keys(['example_python_operator']) retrieved from /home/airflow/.local/lib/python3.7/site-packages/airflow/example_dags/example_python_operator.py
[2025-02-27T23:55:48.901+0000] {logging_mixin.py:120} INFO - [2025-02-27T23:55:48.901+0000] {dag.py:2585} INFO - Sync 1 DAGs
[2025-02-27T23:55:48.912+0000] {logging_mixin.py:120} INFO - [2025-02-27T23:55:48.912+0000] {dag.py:3340} INFO - Setting next_dagrun for example_python_operator to None, run_after=None
[2025-02-27T23:55:48.921+0000] {processor.py:176} INFO - Processing /home/airflow/.local/lib/python3.7/site-packages/airflow/example_dags/example_python_operator.py took 0.056 seconds
[2025-02-27T23:56:19.584+0000] {processor.py:154} INFO - Started process (PID=1174) to work on /home/airflow/.local/lib/python3.7/site-packages/airflow/example_dags/example_python_operator.py
[2025-02-27T23:56:19.585+0000] {processor.py:756} INFO - Processing file /home/airflow/.local/lib/python3.7/site-packages/airflow/example_dags/example_python_operator.py for tasks to queue
[2025-02-27T23:56:19.585+0000] {logging_mixin.py:120} INFO - [2025-02-27T23:56:19.585+0000] {dagbag.py:537} INFO - Filling up the DagBag from /home/airflow/.local/lib/python3.7/site-packages/airflow/example_dags/example_python_operator.py
[2025-02-27T23:56:19.592+0000] {logging_mixin.py:120} INFO - [2025-02-27T23:56:19.592+0000] {taskmixin.py:205} WARNING - Dependency <Task(_PythonDecoratedOperator): print_the_context>, log_sql_query already registered for DAG: example_python_operator
[2025-02-27T23:56:19.593+0000] {logging_mixin.py:120} INFO - [2025-02-27T23:56:19.593+0000] {taskmixin.py:205} WARNING - Dependency <Task(_PythonDecoratedOperator): log_sql_query>, print_the_context already registered for DAG: example_python_operator
[2025-02-27T23:56:19.593+0000] {logging_mixin.py:120} INFO - [2025-02-27T23:56:19.593+0000] {taskmixin.py:205} WARNING - Dependency <Task(_PythonDecoratedOperator): print_the_context>, log_sql_query already registered for DAG: example_python_operator
[2025-02-27T23:56:19.593+0000] {logging_mixin.py:120} INFO - [2025-02-27T23:56:19.593+0000] {taskmixin.py:205} WARNING - Dependency <Task(_PythonDecoratedOperator): log_sql_query>, print_the_context already registered for DAG: example_python_operator
[2025-02-27T23:56:19.594+0000] {logging_mixin.py:120} INFO - [2025-02-27T23:56:19.594+0000] {taskmixin.py:205} WARNING - Dependency <Task(_PythonDecoratedOperator): print_the_context>, log_sql_query already registered for DAG: example_python_operator
[2025-02-27T23:56:19.594+0000] {logging_mixin.py:120} INFO - [2025-02-27T23:56:19.594+0000] {taskmixin.py:205} WARNING - Dependency <Task(_PythonDecoratedOperator): log_sql_query>, print_the_context already registered for DAG: example_python_operator
[2025-02-27T23:56:19.594+0000] {logging_mixin.py:120} INFO - [2025-02-27T23:56:19.594+0000] {taskmixin.py:205} WARNING - Dependency <Task(_PythonDecoratedOperator): print_the_context>, log_sql_query already registered for DAG: example_python_operator
[2025-02-27T23:56:19.595+0000] {logging_mixin.py:120} INFO - [2025-02-27T23:56:19.595+0000] {taskmixin.py:205} WARNING - Dependency <Task(_PythonDecoratedOperator): log_sql_query>, print_the_context already registered for DAG: example_python_operator
[2025-02-27T23:56:19.598+0000] {processor.py:766} INFO - DAG(s) dict_keys(['example_python_operator']) retrieved from /home/airflow/.local/lib/python3.7/site-packages/airflow/example_dags/example_python_operator.py
[2025-02-27T23:56:19.617+0000] {logging_mixin.py:120} INFO - [2025-02-27T23:56:19.617+0000] {dag.py:2585} INFO - Sync 1 DAGs
[2025-02-27T23:56:19.630+0000] {logging_mixin.py:120} INFO - [2025-02-27T23:56:19.630+0000] {dag.py:3340} INFO - Setting next_dagrun for example_python_operator to None, run_after=None
[2025-02-27T23:56:19.640+0000] {processor.py:176} INFO - Processing /home/airflow/.local/lib/python3.7/site-packages/airflow/example_dags/example_python_operator.py took 0.057 seconds
[2025-02-27T23:56:50.403+0000] {processor.py:154} INFO - Started process (PID=1238) to work on /home/airflow/.local/lib/python3.7/site-packages/airflow/example_dags/example_python_operator.py
[2025-02-27T23:56:50.404+0000] {processor.py:756} INFO - Processing file /home/airflow/.local/lib/python3.7/site-packages/airflow/example_dags/example_python_operator.py for tasks to queue
[2025-02-27T23:56:50.404+0000] {logging_mixin.py:120} INFO - [2025-02-27T23:56:50.404+0000] {dagbag.py:537} INFO - Filling up the DagBag from /home/airflow/.local/lib/python3.7/site-packages/airflow/example_dags/example_python_operator.py
[2025-02-27T23:56:50.411+0000] {logging_mixin.py:120} INFO - [2025-02-27T23:56:50.411+0000] {taskmixin.py:205} WARNING - Dependency <Task(_PythonDecoratedOperator): print_the_context>, log_sql_query already registered for DAG: example_python_operator
[2025-02-27T23:56:50.412+0000] {logging_mixin.py:120} INFO - [2025-02-27T23:56:50.412+0000] {taskmixin.py:205} WARNING - Dependency <Task(_PythonDecoratedOperator): log_sql_query>, print_the_context already registered for DAG: example_python_operator
[2025-02-27T23:56:50.412+0000] {logging_mixin.py:120} INFO - [2025-02-27T23:56:50.412+0000] {taskmixin.py:205} WARNING - Dependency <Task(_PythonDecoratedOperator): print_the_context>, log_sql_query already registered for DAG: example_python_operator
[2025-02-27T23:56:50.413+0000] {logging_mixin.py:120} INFO - [2025-02-27T23:56:50.412+0000] {taskmixin.py:205} WARNING - Dependency <Task(_PythonDecoratedOperator): log_sql_query>, print_the_context already registered for DAG: example_python_operator
[2025-02-27T23:56:50.413+0000] {logging_mixin.py:120} INFO - [2025-02-27T23:56:50.413+0000] {taskmixin.py:205} WARNING - Dependency <Task(_PythonDecoratedOperator): print_the_context>, log_sql_query already registered for DAG: example_python_operator
[2025-02-27T23:56:50.413+0000] {logging_mixin.py:120} INFO - [2025-02-27T23:56:50.413+0000] {taskmixin.py:205} WARNING - Dependency <Task(_PythonDecoratedOperator): log_sql_query>, print_the_context already registered for DAG: example_python_operator
[2025-02-27T23:56:50.413+0000] {logging_mixin.py:120} INFO - [2025-02-27T23:56:50.413+0000] {taskmixin.py:205} WARNING - Dependency <Task(_PythonDecoratedOperator): print_the_context>, log_sql_query already registered for DAG: example_python_operator
[2025-02-27T23:56:50.414+0000] {logging_mixin.py:120} INFO - [2025-02-27T23:56:50.414+0000] {taskmixin.py:205} WARNING - Dependency <Task(_PythonDecoratedOperator): log_sql_query>, print_the_context already registered for DAG: example_python_operator
[2025-02-27T23:56:50.417+0000] {processor.py:766} INFO - DAG(s) dict_keys(['example_python_operator']) retrieved from /home/airflow/.local/lib/python3.7/site-packages/airflow/example_dags/example_python_operator.py
[2025-02-27T23:56:50.438+0000] {logging_mixin.py:120} INFO - [2025-02-27T23:56:50.438+0000] {dag.py:2585} INFO - Sync 1 DAGs
[2025-02-27T23:56:50.449+0000] {logging_mixin.py:120} INFO - [2025-02-27T23:56:50.449+0000] {dag.py:3340} INFO - Setting next_dagrun for example_python_operator to None, run_after=None
[2025-02-27T23:56:50.459+0000] {processor.py:176} INFO - Processing /home/airflow/.local/lib/python3.7/site-packages/airflow/example_dags/example_python_operator.py took 0.059 seconds
[2025-02-27T23:57:21.283+0000] {processor.py:154} INFO - Started process (PID=1302) to work on /home/airflow/.local/lib/python3.7/site-packages/airflow/example_dags/example_python_operator.py
[2025-02-27T23:57:21.283+0000] {processor.py:756} INFO - Processing file /home/airflow/.local/lib/python3.7/site-packages/airflow/example_dags/example_python_operator.py for tasks to queue
[2025-02-27T23:57:21.284+0000] {logging_mixin.py:120} INFO - [2025-02-27T23:57:21.284+0000] {dagbag.py:537} INFO - Filling up the DagBag from /home/airflow/.local/lib/python3.7/site-packages/airflow/example_dags/example_python_operator.py
[2025-02-27T23:57:21.292+0000] {logging_mixin.py:120} INFO - [2025-02-27T23:57:21.292+0000] {taskmixin.py:205} WARNING - Dependency <Task(_PythonDecoratedOperator): print_the_context>, log_sql_query already registered for DAG: example_python_operator
[2025-02-27T23:57:21.292+0000] {logging_mixin.py:120} INFO - [2025-02-27T23:57:21.292+0000] {taskmixin.py:205} WARNING - Dependency <Task(_PythonDecoratedOperator): log_sql_query>, print_the_context already registered for DAG: example_python_operator
[2025-02-27T23:57:21.293+0000] {logging_mixin.py:120} INFO - [2025-02-27T23:57:21.293+0000] {taskmixin.py:205} WARNING - Dependency <Task(_PythonDecoratedOperator): print_the_context>, log_sql_query already registered for DAG: example_python_operator
[2025-02-27T23:57:21.293+0000] {logging_mixin.py:120} INFO - [2025-02-27T23:57:21.293+0000] {taskmixin.py:205} WARNING - Dependency <Task(_PythonDecoratedOperator): log_sql_query>, print_the_context already registered for DAG: example_python_operator
[2025-02-27T23:57:21.294+0000] {logging_mixin.py:120} INFO - [2025-02-27T23:57:21.294+0000] {taskmixin.py:205} WARNING - Dependency <Task(_PythonDecoratedOperator): print_the_context>, log_sql_query already registered for DAG: example_python_operator
[2025-02-27T23:57:21.294+0000] {logging_mixin.py:120} INFO - [2025-02-27T23:57:21.294+0000] {taskmixin.py:205} WARNING - Dependency <Task(_PythonDecoratedOperator): log_sql_query>, print_the_context already registered for DAG: example_python_operator
[2025-02-27T23:57:21.294+0000] {logging_mixin.py:120} INFO - [2025-02-27T23:57:21.294+0000] {taskmixin.py:205} WARNING - Dependency <Task(_PythonDecoratedOperator): print_the_context>, log_sql_query already registered for DAG: example_python_operator
[2025-02-27T23:57:21.294+0000] {logging_mixin.py:120} INFO - [2025-02-27T23:57:21.294+0000] {taskmixin.py:205} WARNING - Dependency <Task(_PythonDecoratedOperator): log_sql_query>, print_the_context already registered for DAG: example_python_operator
[2025-02-27T23:57:21.298+0000] {processor.py:766} INFO - DAG(s) dict_keys(['example_python_operator']) retrieved from /home/airflow/.local/lib/python3.7/site-packages/airflow/example_dags/example_python_operator.py
[2025-02-27T23:57:21.318+0000] {logging_mixin.py:120} INFO - [2025-02-27T23:57:21.318+0000] {dag.py:2585} INFO - Sync 1 DAGs
[2025-02-27T23:57:21.332+0000] {logging_mixin.py:120} INFO - [2025-02-27T23:57:21.332+0000] {dag.py:3340} INFO - Setting next_dagrun for example_python_operator to None, run_after=None
[2025-02-27T23:57:21.344+0000] {processor.py:176} INFO - Processing /home/airflow/.local/lib/python3.7/site-packages/airflow/example_dags/example_python_operator.py took 0.063 seconds
[2025-02-27T23:57:52.229+0000] {processor.py:154} INFO - Started process (PID=1365) to work on /home/airflow/.local/lib/python3.7/site-packages/airflow/example_dags/example_python_operator.py
[2025-02-27T23:57:52.231+0000] {processor.py:756} INFO - Processing file /home/airflow/.local/lib/python3.7/site-packages/airflow/example_dags/example_python_operator.py for tasks to queue
[2025-02-27T23:57:52.231+0000] {logging_mixin.py:120} INFO - [2025-02-27T23:57:52.231+0000] {dagbag.py:537} INFO - Filling up the DagBag from /home/airflow/.local/lib/python3.7/site-packages/airflow/example_dags/example_python_operator.py
[2025-02-27T23:57:52.240+0000] {logging_mixin.py:120} INFO - [2025-02-27T23:57:52.240+0000] {taskmixin.py:205} WARNING - Dependency <Task(_PythonDecoratedOperator): print_the_context>, log_sql_query already registered for DAG: example_python_operator
[2025-02-27T23:57:52.242+0000] {logging_mixin.py:120} INFO - [2025-02-27T23:57:52.242+0000] {taskmixin.py:205} WARNING - Dependency <Task(_PythonDecoratedOperator): log_sql_query>, print_the_context already registered for DAG: example_python_operator
[2025-02-27T23:57:52.244+0000] {logging_mixin.py:120} INFO - [2025-02-27T23:57:52.244+0000] {taskmixin.py:205} WARNING - Dependency <Task(_PythonDecoratedOperator): print_the_context>, log_sql_query already registered for DAG: example_python_operator
[2025-02-27T23:57:52.245+0000] {logging_mixin.py:120} INFO - [2025-02-27T23:57:52.245+0000] {taskmixin.py:205} WARNING - Dependency <Task(_PythonDecoratedOperator): log_sql_query>, print_the_context already registered for DAG: example_python_operator
[2025-02-27T23:57:52.245+0000] {logging_mixin.py:120} INFO - [2025-02-27T23:57:52.245+0000] {taskmixin.py:205} WARNING - Dependency <Task(_PythonDecoratedOperator): print_the_context>, log_sql_query already registered for DAG: example_python_operator
[2025-02-27T23:57:52.246+0000] {logging_mixin.py:120} INFO - [2025-02-27T23:57:52.246+0000] {taskmixin.py:205} WARNING - Dependency <Task(_PythonDecoratedOperator): log_sql_query>, print_the_context already registered for DAG: example_python_operator
[2025-02-27T23:57:52.246+0000] {logging_mixin.py:120} INFO - [2025-02-27T23:57:52.246+0000] {taskmixin.py:205} WARNING - Dependency <Task(_PythonDecoratedOperator): print_the_context>, log_sql_query already registered for DAG: example_python_operator
[2025-02-27T23:57:52.246+0000] {logging_mixin.py:120} INFO - [2025-02-27T23:57:52.246+0000] {taskmixin.py:205} WARNING - Dependency <Task(_PythonDecoratedOperator): log_sql_query>, print_the_context already registered for DAG: example_python_operator
[2025-02-27T23:57:52.251+0000] {processor.py:766} INFO - DAG(s) dict_keys(['example_python_operator']) retrieved from /home/airflow/.local/lib/python3.7/site-packages/airflow/example_dags/example_python_operator.py
[2025-02-27T23:57:52.272+0000] {logging_mixin.py:120} INFO - [2025-02-27T23:57:52.272+0000] {dag.py:2585} INFO - Sync 1 DAGs
[2025-02-27T23:57:52.284+0000] {logging_mixin.py:120} INFO - [2025-02-27T23:57:52.284+0000] {dag.py:3340} INFO - Setting next_dagrun for example_python_operator to None, run_after=None
[2025-02-27T23:57:52.293+0000] {processor.py:176} INFO - Processing /home/airflow/.local/lib/python3.7/site-packages/airflow/example_dags/example_python_operator.py took 0.067 seconds
[2025-02-27T23:58:23.043+0000] {processor.py:154} INFO - Started process (PID=1419) to work on /home/airflow/.local/lib/python3.7/site-packages/airflow/example_dags/example_python_operator.py
[2025-02-27T23:58:23.045+0000] {processor.py:756} INFO - Processing file /home/airflow/.local/lib/python3.7/site-packages/airflow/example_dags/example_python_operator.py for tasks to queue
[2025-02-27T23:58:23.045+0000] {logging_mixin.py:120} INFO - [2025-02-27T23:58:23.045+0000] {dagbag.py:537} INFO - Filling up the DagBag from /home/airflow/.local/lib/python3.7/site-packages/airflow/example_dags/example_python_operator.py
[2025-02-27T23:58:23.053+0000] {logging_mixin.py:120} INFO - [2025-02-27T23:58:23.053+0000] {taskmixin.py:205} WARNING - Dependency <Task(_PythonDecoratedOperator): print_the_context>, log_sql_query already registered for DAG: example_python_operator
[2025-02-27T23:58:23.053+0000] {logging_mixin.py:120} INFO - [2025-02-27T23:58:23.053+0000] {taskmixin.py:205} WARNING - Dependency <Task(_PythonDecoratedOperator): log_sql_query>, print_the_context already registered for DAG: example_python_operator
[2025-02-27T23:58:23.053+0000] {logging_mixin.py:120} INFO - [2025-02-27T23:58:23.053+0000] {taskmixin.py:205} WARNING - Dependency <Task(_PythonDecoratedOperator): print_the_context>, log_sql_query already registered for DAG: example_python_operator
[2025-02-27T23:58:23.054+0000] {logging_mixin.py:120} INFO - [2025-02-27T23:58:23.054+0000] {taskmixin.py:205} WARNING - Dependency <Task(_PythonDecoratedOperator): log_sql_query>, print_the_context already registered for DAG: example_python_operator
[2025-02-27T23:58:23.054+0000] {logging_mixin.py:120} INFO - [2025-02-27T23:58:23.054+0000] {taskmixin.py:205} WARNING - Dependency <Task(_PythonDecoratedOperator): print_the_context>, log_sql_query already registered for DAG: example_python_operator
[2025-02-27T23:58:23.054+0000] {logging_mixin.py:120} INFO - [2025-02-27T23:58:23.054+0000] {taskmixin.py:205} WARNING - Dependency <Task(_PythonDecoratedOperator): log_sql_query>, print_the_context already registered for DAG: example_python_operator
[2025-02-27T23:58:23.055+0000] {logging_mixin.py:120} INFO - [2025-02-27T23:58:23.055+0000] {taskmixin.py:205} WARNING - Dependency <Task(_PythonDecoratedOperator): print_the_context>, log_sql_query already registered for DAG: example_python_operator
[2025-02-27T23:58:23.055+0000] {logging_mixin.py:120} INFO - [2025-02-27T23:58:23.055+0000] {taskmixin.py:205} WARNING - Dependency <Task(_PythonDecoratedOperator): log_sql_query>, print_the_context already registered for DAG: example_python_operator
[2025-02-27T23:58:23.059+0000] {processor.py:766} INFO - DAG(s) dict_keys(['example_python_operator']) retrieved from /home/airflow/.local/lib/python3.7/site-packages/airflow/example_dags/example_python_operator.py
[2025-02-27T23:58:23.079+0000] {logging_mixin.py:120} INFO - [2025-02-27T23:58:23.079+0000] {dag.py:2585} INFO - Sync 1 DAGs
[2025-02-27T23:58:23.091+0000] {logging_mixin.py:120} INFO - [2025-02-27T23:58:23.091+0000] {dag.py:3340} INFO - Setting next_dagrun for example_python_operator to None, run_after=None
[2025-02-27T23:58:23.101+0000] {processor.py:176} INFO - Processing /home/airflow/.local/lib/python3.7/site-packages/airflow/example_dags/example_python_operator.py took 0.059 seconds
[2025-02-27T23:58:53.840+0000] {processor.py:154} INFO - Started process (PID=1483) to work on /home/airflow/.local/lib/python3.7/site-packages/airflow/example_dags/example_python_operator.py
[2025-02-27T23:58:53.841+0000] {processor.py:756} INFO - Processing file /home/airflow/.local/lib/python3.7/site-packages/airflow/example_dags/example_python_operator.py for tasks to queue
[2025-02-27T23:58:53.841+0000] {logging_mixin.py:120} INFO - [2025-02-27T23:58:53.841+0000] {dagbag.py:537} INFO - Filling up the DagBag from /home/airflow/.local/lib/python3.7/site-packages/airflow/example_dags/example_python_operator.py
[2025-02-27T23:58:53.849+0000] {logging_mixin.py:120} INFO - [2025-02-27T23:58:53.849+0000] {taskmixin.py:205} WARNING - Dependency <Task(_PythonDecoratedOperator): print_the_context>, log_sql_query already registered for DAG: example_python_operator
[2025-02-27T23:58:53.849+0000] {logging_mixin.py:120} INFO - [2025-02-27T23:58:53.849+0000] {taskmixin.py:205} WARNING - Dependency <Task(_PythonDecoratedOperator): log_sql_query>, print_the_context already registered for DAG: example_python_operator
[2025-02-27T23:58:53.850+0000] {logging_mixin.py:120} INFO - [2025-02-27T23:58:53.850+0000] {taskmixin.py:205} WARNING - Dependency <Task(_PythonDecoratedOperator): print_the_context>, log_sql_query already registered for DAG: example_python_operator
[2025-02-27T23:58:53.850+0000] {logging_mixin.py:120} INFO - [2025-02-27T23:58:53.850+0000] {taskmixin.py:205} WARNING - Dependency <Task(_PythonDecoratedOperator): log_sql_query>, print_the_context already registered for DAG: example_python_operator
[2025-02-27T23:58:53.850+0000] {logging_mixin.py:120} INFO - [2025-02-27T23:58:53.850+0000] {taskmixin.py:205} WARNING - Dependency <Task(_PythonDecoratedOperator): print_the_context>, log_sql_query already registered for DAG: example_python_operator
[2025-02-27T23:58:53.851+0000] {logging_mixin.py:120} INFO - [2025-02-27T23:58:53.851+0000] {taskmixin.py:205} WARNING - Dependency <Task(_PythonDecoratedOperator): log_sql_query>, print_the_context already registered for DAG: example_python_operator
[2025-02-27T23:58:53.851+0000] {logging_mixin.py:120} INFO - [2025-02-27T23:58:53.851+0000] {taskmixin.py:205} WARNING - Dependency <Task(_PythonDecoratedOperator): print_the_context>, log_sql_query already registered for DAG: example_python_operator
[2025-02-27T23:58:53.851+0000] {logging_mixin.py:120} INFO - [2025-02-27T23:58:53.851+0000] {taskmixin.py:205} WARNING - Dependency <Task(_PythonDecoratedOperator): log_sql_query>, print_the_context already registered for DAG: example_python_operator
[2025-02-27T23:58:53.855+0000] {processor.py:766} INFO - DAG(s) dict_keys(['example_python_operator']) retrieved from /home/airflow/.local/lib/python3.7/site-packages/airflow/example_dags/example_python_operator.py
[2025-02-27T23:58:53.875+0000] {logging_mixin.py:120} INFO - [2025-02-27T23:58:53.875+0000] {dag.py:2585} INFO - Sync 1 DAGs
[2025-02-27T23:58:53.886+0000] {logging_mixin.py:120} INFO - [2025-02-27T23:58:53.886+0000] {dag.py:3340} INFO - Setting next_dagrun for example_python_operator to None, run_after=None
[2025-02-27T23:58:53.896+0000] {processor.py:176} INFO - Processing /home/airflow/.local/lib/python3.7/site-packages/airflow/example_dags/example_python_operator.py took 0.058 seconds
[2025-02-27T23:59:24.569+0000] {processor.py:154} INFO - Started process (PID=1547) to work on /home/airflow/.local/lib/python3.7/site-packages/airflow/example_dags/example_python_operator.py
[2025-02-27T23:59:24.570+0000] {processor.py:756} INFO - Processing file /home/airflow/.local/lib/python3.7/site-packages/airflow/example_dags/example_python_operator.py for tasks to queue
[2025-02-27T23:59:24.571+0000] {logging_mixin.py:120} INFO - [2025-02-27T23:59:24.571+0000] {dagbag.py:537} INFO - Filling up the DagBag from /home/airflow/.local/lib/python3.7/site-packages/airflow/example_dags/example_python_operator.py
[2025-02-27T23:59:24.580+0000] {logging_mixin.py:120} INFO - [2025-02-27T23:59:24.579+0000] {taskmixin.py:205} WARNING - Dependency <Task(_PythonDecoratedOperator): print_the_context>, log_sql_query already registered for DAG: example_python_operator
[2025-02-27T23:59:24.580+0000] {logging_mixin.py:120} INFO - [2025-02-27T23:59:24.580+0000] {taskmixin.py:205} WARNING - Dependency <Task(_PythonDecoratedOperator): log_sql_query>, print_the_context already registered for DAG: example_python_operator
[2025-02-27T23:59:24.580+0000] {logging_mixin.py:120} INFO - [2025-02-27T23:59:24.580+0000] {taskmixin.py:205} WARNING - Dependency <Task(_PythonDecoratedOperator): print_the_context>, log_sql_query already registered for DAG: example_python_operator
[2025-02-27T23:59:24.580+0000] {logging_mixin.py:120} INFO - [2025-02-27T23:59:24.580+0000] {taskmixin.py:205} WARNING - Dependency <Task(_PythonDecoratedOperator): log_sql_query>, print_the_context already registered for DAG: example_python_operator
[2025-02-27T23:59:24.581+0000] {logging_mixin.py:120} INFO - [2025-02-27T23:59:24.581+0000] {taskmixin.py:205} WARNING - Dependency <Task(_PythonDecoratedOperator): print_the_context>, log_sql_query already registered for DAG: example_python_operator
[2025-02-27T23:59:24.581+0000] {logging_mixin.py:120} INFO - [2025-02-27T23:59:24.581+0000] {taskmixin.py:205} WARNING - Dependency <Task(_PythonDecoratedOperator): log_sql_query>, print_the_context already registered for DAG: example_python_operator
[2025-02-27T23:59:24.581+0000] {logging_mixin.py:120} INFO - [2025-02-27T23:59:24.581+0000] {taskmixin.py:205} WARNING - Dependency <Task(_PythonDecoratedOperator): print_the_context>, log_sql_query already registered for DAG: example_python_operator
[2025-02-27T23:59:24.582+0000] {logging_mixin.py:120} INFO - [2025-02-27T23:59:24.582+0000] {taskmixin.py:205} WARNING - Dependency <Task(_PythonDecoratedOperator): log_sql_query>, print_the_context already registered for DAG: example_python_operator
[2025-02-27T23:59:24.585+0000] {processor.py:766} INFO - DAG(s) dict_keys(['example_python_operator']) retrieved from /home/airflow/.local/lib/python3.7/site-packages/airflow/example_dags/example_python_operator.py
[2025-02-27T23:59:24.606+0000] {logging_mixin.py:120} INFO - [2025-02-27T23:59:24.606+0000] {dag.py:2585} INFO - Sync 1 DAGs
[2025-02-27T23:59:24.619+0000] {logging_mixin.py:120} INFO - [2025-02-27T23:59:24.619+0000] {dag.py:3340} INFO - Setting next_dagrun for example_python_operator to None, run_after=None
[2025-02-27T23:59:24.628+0000] {processor.py:176} INFO - Processing /home/airflow/.local/lib/python3.7/site-packages/airflow/example_dags/example_python_operator.py took 0.060 seconds
[2025-02-27T23:59:55.322+0000] {processor.py:154} INFO - Started process (PID=1611) to work on /home/airflow/.local/lib/python3.7/site-packages/airflow/example_dags/example_python_operator.py
[2025-02-27T23:59:55.323+0000] {processor.py:756} INFO - Processing file /home/airflow/.local/lib/python3.7/site-packages/airflow/example_dags/example_python_operator.py for tasks to queue
[2025-02-27T23:59:55.324+0000] {logging_mixin.py:120} INFO - [2025-02-27T23:59:55.324+0000] {dagbag.py:537} INFO - Filling up the DagBag from /home/airflow/.local/lib/python3.7/site-packages/airflow/example_dags/example_python_operator.py
[2025-02-27T23:59:55.331+0000] {logging_mixin.py:120} INFO - [2025-02-27T23:59:55.331+0000] {taskmixin.py:205} WARNING - Dependency <Task(_PythonDecoratedOperator): print_the_context>, log_sql_query already registered for DAG: example_python_operator
[2025-02-27T23:59:55.332+0000] {logging_mixin.py:120} INFO - [2025-02-27T23:59:55.331+0000] {taskmixin.py:205} WARNING - Dependency <Task(_PythonDecoratedOperator): log_sql_query>, print_the_context already registered for DAG: example_python_operator
[2025-02-27T23:59:55.332+0000] {logging_mixin.py:120} INFO - [2025-02-27T23:59:55.332+0000] {taskmixin.py:205} WARNING - Dependency <Task(_PythonDecoratedOperator): print_the_context>, log_sql_query already registered for DAG: example_python_operator
[2025-02-27T23:59:55.332+0000] {logging_mixin.py:120} INFO - [2025-02-27T23:59:55.332+0000] {taskmixin.py:205} WARNING - Dependency <Task(_PythonDecoratedOperator): log_sql_query>, print_the_context already registered for DAG: example_python_operator
[2025-02-27T23:59:55.333+0000] {logging_mixin.py:120} INFO - [2025-02-27T23:59:55.333+0000] {taskmixin.py:205} WARNING - Dependency <Task(_PythonDecoratedOperator): print_the_context>, log_sql_query already registered for DAG: example_python_operator
[2025-02-27T23:59:55.333+0000] {logging_mixin.py:120} INFO - [2025-02-27T23:59:55.333+0000] {taskmixin.py:205} WARNING - Dependency <Task(_PythonDecoratedOperator): log_sql_query>, print_the_context already registered for DAG: example_python_operator
[2025-02-27T23:59:55.333+0000] {logging_mixin.py:120} INFO - [2025-02-27T23:59:55.333+0000] {taskmixin.py:205} WARNING - Dependency <Task(_PythonDecoratedOperator): print_the_context>, log_sql_query already registered for DAG: example_python_operator
[2025-02-27T23:59:55.334+0000] {logging_mixin.py:120} INFO - [2025-02-27T23:59:55.334+0000] {taskmixin.py:205} WARNING - Dependency <Task(_PythonDecoratedOperator): log_sql_query>, print_the_context already registered for DAG: example_python_operator
[2025-02-27T23:59:55.338+0000] {processor.py:766} INFO - DAG(s) dict_keys(['example_python_operator']) retrieved from /home/airflow/.local/lib/python3.7/site-packages/airflow/example_dags/example_python_operator.py
[2025-02-27T23:59:55.359+0000] {logging_mixin.py:120} INFO - [2025-02-27T23:59:55.359+0000] {dag.py:2585} INFO - Sync 1 DAGs
[2025-02-27T23:59:55.371+0000] {logging_mixin.py:120} INFO - [2025-02-27T23:59:55.371+0000] {dag.py:3340} INFO - Setting next_dagrun for example_python_operator to None, run_after=None
[2025-02-27T23:59:55.381+0000] {processor.py:176} INFO - Processing /home/airflow/.local/lib/python3.7/site-packages/airflow/example_dags/example_python_operator.py took 0.060 seconds
