[2025-02-27T23:47:05.859+0000] {processor.py:154} INFO - Started process (PID=45) to work on /home/airflow/.local/lib/python3.7/site-packages/airflow/example_dags/example_kubernetes_executor.py
[2025-02-27T23:47:05.861+0000] {processor.py:756} INFO - Processing file /home/airflow/.local/lib/python3.7/site-packages/airflow/example_dags/example_kubernetes_executor.py for tasks to queue
[2025-02-27T23:47:05.861+0000] {logging_mixin.py:120} INFO - [2025-02-27T23:47:05.861+0000] {dagbag.py:537} INFO - Filling up the DagBag from /home/airflow/.local/lib/python3.7/site-packages/airflow/example_dags/example_kubernetes_executor.py
[2025-02-27T23:47:05.889+0000] {processor.py:766} INFO - DAG(s) dict_keys(['example_kubernetes_executor']) retrieved from /home/airflow/.local/lib/python3.7/site-packages/airflow/example_dags/example_kubernetes_executor.py
[2025-02-27T23:47:05.934+0000] {logging_mixin.py:120} INFO - [2025-02-27T23:47:05.934+0000] {dag.py:2585} INFO - Sync 1 DAGs
[2025-02-27T23:47:05.963+0000] {logging_mixin.py:120} INFO - [2025-02-27T23:47:05.962+0000] {dag.py:3340} INFO - Setting next_dagrun for example_kubernetes_executor to None, run_after=None
[2025-02-27T23:47:05.977+0000] {processor.py:176} INFO - Processing /home/airflow/.local/lib/python3.7/site-packages/airflow/example_dags/example_kubernetes_executor.py took 0.120 seconds
[2025-02-27T23:47:36.236+0000] {processor.py:154} INFO - Started process (PID=109) to work on /home/airflow/.local/lib/python3.7/site-packages/airflow/example_dags/example_kubernetes_executor.py
[2025-02-27T23:47:36.237+0000] {processor.py:756} INFO - Processing file /home/airflow/.local/lib/python3.7/site-packages/airflow/example_dags/example_kubernetes_executor.py for tasks to queue
[2025-02-27T23:47:36.237+0000] {logging_mixin.py:120} INFO - [2025-02-27T23:47:36.237+0000] {dagbag.py:537} INFO - Filling up the DagBag from /home/airflow/.local/lib/python3.7/site-packages/airflow/example_dags/example_kubernetes_executor.py
[2025-02-27T23:47:36.255+0000] {processor.py:766} INFO - DAG(s) dict_keys(['example_kubernetes_executor']) retrieved from /home/airflow/.local/lib/python3.7/site-packages/airflow/example_dags/example_kubernetes_executor.py
[2025-02-27T23:47:36.281+0000] {logging_mixin.py:120} INFO - [2025-02-27T23:47:36.280+0000] {dag.py:2585} INFO - Sync 1 DAGs
[2025-02-27T23:47:36.295+0000] {logging_mixin.py:120} INFO - [2025-02-27T23:47:36.295+0000] {dag.py:3340} INFO - Setting next_dagrun for example_kubernetes_executor to None, run_after=None
[2025-02-27T23:47:36.314+0000] {processor.py:176} INFO - Processing /home/airflow/.local/lib/python3.7/site-packages/airflow/example_dags/example_kubernetes_executor.py took 0.079 seconds
[2025-02-27T23:48:06.373+0000] {processor.py:154} INFO - Started process (PID=174) to work on /home/airflow/.local/lib/python3.7/site-packages/airflow/example_dags/example_kubernetes_executor.py
[2025-02-27T23:48:06.374+0000] {processor.py:756} INFO - Processing file /home/airflow/.local/lib/python3.7/site-packages/airflow/example_dags/example_kubernetes_executor.py for tasks to queue
[2025-02-27T23:48:06.374+0000] {logging_mixin.py:120} INFO - [2025-02-27T23:48:06.374+0000] {dagbag.py:537} INFO - Filling up the DagBag from /home/airflow/.local/lib/python3.7/site-packages/airflow/example_dags/example_kubernetes_executor.py
[2025-02-27T23:48:06.388+0000] {processor.py:766} INFO - DAG(s) dict_keys(['example_kubernetes_executor']) retrieved from /home/airflow/.local/lib/python3.7/site-packages/airflow/example_dags/example_kubernetes_executor.py
[2025-02-27T23:48:06.401+0000] {logging_mixin.py:120} INFO - [2025-02-27T23:48:06.401+0000] {dag.py:2585} INFO - Sync 1 DAGs
[2025-02-27T23:48:06.414+0000] {logging_mixin.py:120} INFO - [2025-02-27T23:48:06.414+0000] {dag.py:3340} INFO - Setting next_dagrun for example_kubernetes_executor to None, run_after=None
[2025-02-27T23:48:06.424+0000] {processor.py:176} INFO - Processing /home/airflow/.local/lib/python3.7/site-packages/airflow/example_dags/example_kubernetes_executor.py took 0.053 seconds
[2025-02-27T23:48:37.015+0000] {processor.py:154} INFO - Started process (PID=238) to work on /home/airflow/.local/lib/python3.7/site-packages/airflow/example_dags/example_kubernetes_executor.py
[2025-02-27T23:48:37.016+0000] {processor.py:756} INFO - Processing file /home/airflow/.local/lib/python3.7/site-packages/airflow/example_dags/example_kubernetes_executor.py for tasks to queue
[2025-02-27T23:48:37.016+0000] {logging_mixin.py:120} INFO - [2025-02-27T23:48:37.016+0000] {dagbag.py:537} INFO - Filling up the DagBag from /home/airflow/.local/lib/python3.7/site-packages/airflow/example_dags/example_kubernetes_executor.py
[2025-02-27T23:48:37.033+0000] {processor.py:766} INFO - DAG(s) dict_keys(['example_kubernetes_executor']) retrieved from /home/airflow/.local/lib/python3.7/site-packages/airflow/example_dags/example_kubernetes_executor.py
[2025-02-27T23:48:37.054+0000] {logging_mixin.py:120} INFO - [2025-02-27T23:48:37.054+0000] {dag.py:2585} INFO - Sync 1 DAGs
[2025-02-27T23:48:37.066+0000] {logging_mixin.py:120} INFO - [2025-02-27T23:48:37.066+0000] {dag.py:3340} INFO - Setting next_dagrun for example_kubernetes_executor to None, run_after=None
[2025-02-27T23:48:37.076+0000] {processor.py:176} INFO - Processing /home/airflow/.local/lib/python3.7/site-packages/airflow/example_dags/example_kubernetes_executor.py took 0.063 seconds
[2025-02-27T23:49:07.980+0000] {processor.py:154} INFO - Started process (PID=293) to work on /home/airflow/.local/lib/python3.7/site-packages/airflow/example_dags/example_kubernetes_executor.py
[2025-02-27T23:49:07.981+0000] {processor.py:756} INFO - Processing file /home/airflow/.local/lib/python3.7/site-packages/airflow/example_dags/example_kubernetes_executor.py for tasks to queue
[2025-02-27T23:49:07.981+0000] {logging_mixin.py:120} INFO - [2025-02-27T23:49:07.981+0000] {dagbag.py:537} INFO - Filling up the DagBag from /home/airflow/.local/lib/python3.7/site-packages/airflow/example_dags/example_kubernetes_executor.py
[2025-02-27T23:49:07.997+0000] {processor.py:766} INFO - DAG(s) dict_keys(['example_kubernetes_executor']) retrieved from /home/airflow/.local/lib/python3.7/site-packages/airflow/example_dags/example_kubernetes_executor.py
[2025-02-27T23:49:08.019+0000] {logging_mixin.py:120} INFO - [2025-02-27T23:49:08.019+0000] {dag.py:2585} INFO - Sync 1 DAGs
[2025-02-27T23:49:08.032+0000] {logging_mixin.py:120} INFO - [2025-02-27T23:49:08.032+0000] {dag.py:3340} INFO - Setting next_dagrun for example_kubernetes_executor to None, run_after=None
[2025-02-27T23:49:08.042+0000] {processor.py:176} INFO - Processing /home/airflow/.local/lib/python3.7/site-packages/airflow/example_dags/example_kubernetes_executor.py took 0.065 seconds
[2025-02-27T23:49:38.798+0000] {processor.py:154} INFO - Started process (PID=357) to work on /home/airflow/.local/lib/python3.7/site-packages/airflow/example_dags/example_kubernetes_executor.py
[2025-02-27T23:49:38.799+0000] {processor.py:756} INFO - Processing file /home/airflow/.local/lib/python3.7/site-packages/airflow/example_dags/example_kubernetes_executor.py for tasks to queue
[2025-02-27T23:49:38.799+0000] {logging_mixin.py:120} INFO - [2025-02-27T23:49:38.799+0000] {dagbag.py:537} INFO - Filling up the DagBag from /home/airflow/.local/lib/python3.7/site-packages/airflow/example_dags/example_kubernetes_executor.py
[2025-02-27T23:49:38.812+0000] {processor.py:766} INFO - DAG(s) dict_keys(['example_kubernetes_executor']) retrieved from /home/airflow/.local/lib/python3.7/site-packages/airflow/example_dags/example_kubernetes_executor.py
[2025-02-27T23:49:38.833+0000] {logging_mixin.py:120} INFO - [2025-02-27T23:49:38.833+0000] {dag.py:2585} INFO - Sync 1 DAGs
[2025-02-27T23:49:38.845+0000] {logging_mixin.py:120} INFO - [2025-02-27T23:49:38.845+0000] {dag.py:3340} INFO - Setting next_dagrun for example_kubernetes_executor to None, run_after=None
[2025-02-27T23:49:38.854+0000] {processor.py:176} INFO - Processing /home/airflow/.local/lib/python3.7/site-packages/airflow/example_dags/example_kubernetes_executor.py took 0.059 seconds
[2025-02-27T23:50:09.573+0000] {processor.py:154} INFO - Started process (PID=421) to work on /home/airflow/.local/lib/python3.7/site-packages/airflow/example_dags/example_kubernetes_executor.py
[2025-02-27T23:50:09.574+0000] {processor.py:756} INFO - Processing file /home/airflow/.local/lib/python3.7/site-packages/airflow/example_dags/example_kubernetes_executor.py for tasks to queue
[2025-02-27T23:50:09.574+0000] {logging_mixin.py:120} INFO - [2025-02-27T23:50:09.574+0000] {dagbag.py:537} INFO - Filling up the DagBag from /home/airflow/.local/lib/python3.7/site-packages/airflow/example_dags/example_kubernetes_executor.py
[2025-02-27T23:50:09.588+0000] {processor.py:766} INFO - DAG(s) dict_keys(['example_kubernetes_executor']) retrieved from /home/airflow/.local/lib/python3.7/site-packages/airflow/example_dags/example_kubernetes_executor.py
[2025-02-27T23:50:09.610+0000] {logging_mixin.py:120} INFO - [2025-02-27T23:50:09.610+0000] {dag.py:2585} INFO - Sync 1 DAGs
[2025-02-27T23:50:09.623+0000] {logging_mixin.py:120} INFO - [2025-02-27T23:50:09.622+0000] {dag.py:3340} INFO - Setting next_dagrun for example_kubernetes_executor to None, run_after=None
[2025-02-27T23:50:09.633+0000] {processor.py:176} INFO - Processing /home/airflow/.local/lib/python3.7/site-packages/airflow/example_dags/example_kubernetes_executor.py took 0.061 seconds
[2025-02-27T23:50:40.557+0000] {processor.py:154} INFO - Started process (PID=485) to work on /home/airflow/.local/lib/python3.7/site-packages/airflow/example_dags/example_kubernetes_executor.py
[2025-02-27T23:50:40.558+0000] {processor.py:756} INFO - Processing file /home/airflow/.local/lib/python3.7/site-packages/airflow/example_dags/example_kubernetes_executor.py for tasks to queue
[2025-02-27T23:50:40.558+0000] {logging_mixin.py:120} INFO - [2025-02-27T23:50:40.558+0000] {dagbag.py:537} INFO - Filling up the DagBag from /home/airflow/.local/lib/python3.7/site-packages/airflow/example_dags/example_kubernetes_executor.py
[2025-02-27T23:50:40.571+0000] {processor.py:766} INFO - DAG(s) dict_keys(['example_kubernetes_executor']) retrieved from /home/airflow/.local/lib/python3.7/site-packages/airflow/example_dags/example_kubernetes_executor.py
[2025-02-27T23:50:40.594+0000] {logging_mixin.py:120} INFO - [2025-02-27T23:50:40.594+0000] {dag.py:2585} INFO - Sync 1 DAGs
[2025-02-27T23:50:40.606+0000] {logging_mixin.py:120} INFO - [2025-02-27T23:50:40.606+0000] {dag.py:3340} INFO - Setting next_dagrun for example_kubernetes_executor to None, run_after=None
[2025-02-27T23:50:40.617+0000] {processor.py:176} INFO - Processing /home/airflow/.local/lib/python3.7/site-packages/airflow/example_dags/example_kubernetes_executor.py took 0.061 seconds
[2025-02-27T23:51:11.361+0000] {processor.py:154} INFO - Started process (PID=549) to work on /home/airflow/.local/lib/python3.7/site-packages/airflow/example_dags/example_kubernetes_executor.py
[2025-02-27T23:51:11.361+0000] {processor.py:756} INFO - Processing file /home/airflow/.local/lib/python3.7/site-packages/airflow/example_dags/example_kubernetes_executor.py for tasks to queue
[2025-02-27T23:51:11.362+0000] {logging_mixin.py:120} INFO - [2025-02-27T23:51:11.362+0000] {dagbag.py:537} INFO - Filling up the DagBag from /home/airflow/.local/lib/python3.7/site-packages/airflow/example_dags/example_kubernetes_executor.py
[2025-02-27T23:51:11.376+0000] {processor.py:766} INFO - DAG(s) dict_keys(['example_kubernetes_executor']) retrieved from /home/airflow/.local/lib/python3.7/site-packages/airflow/example_dags/example_kubernetes_executor.py
[2025-02-27T23:51:11.398+0000] {logging_mixin.py:120} INFO - [2025-02-27T23:51:11.398+0000] {dag.py:2585} INFO - Sync 1 DAGs
[2025-02-27T23:51:11.411+0000] {logging_mixin.py:120} INFO - [2025-02-27T23:51:11.411+0000] {dag.py:3340} INFO - Setting next_dagrun for example_kubernetes_executor to None, run_after=None
[2025-02-27T23:51:11.419+0000] {processor.py:176} INFO - Processing /home/airflow/.local/lib/python3.7/site-packages/airflow/example_dags/example_kubernetes_executor.py took 0.060 seconds
[2025-02-27T23:51:42.194+0000] {processor.py:154} INFO - Started process (PID=613) to work on /home/airflow/.local/lib/python3.7/site-packages/airflow/example_dags/example_kubernetes_executor.py
[2025-02-27T23:51:42.195+0000] {processor.py:756} INFO - Processing file /home/airflow/.local/lib/python3.7/site-packages/airflow/example_dags/example_kubernetes_executor.py for tasks to queue
[2025-02-27T23:51:42.195+0000] {logging_mixin.py:120} INFO - [2025-02-27T23:51:42.195+0000] {dagbag.py:537} INFO - Filling up the DagBag from /home/airflow/.local/lib/python3.7/site-packages/airflow/example_dags/example_kubernetes_executor.py
[2025-02-27T23:51:42.209+0000] {processor.py:766} INFO - DAG(s) dict_keys(['example_kubernetes_executor']) retrieved from /home/airflow/.local/lib/python3.7/site-packages/airflow/example_dags/example_kubernetes_executor.py
[2025-02-27T23:51:42.231+0000] {logging_mixin.py:120} INFO - [2025-02-27T23:51:42.231+0000] {dag.py:2585} INFO - Sync 1 DAGs
[2025-02-27T23:51:42.244+0000] {logging_mixin.py:120} INFO - [2025-02-27T23:51:42.244+0000] {dag.py:3340} INFO - Setting next_dagrun for example_kubernetes_executor to None, run_after=None
[2025-02-27T23:51:42.256+0000] {processor.py:176} INFO - Processing /home/airflow/.local/lib/python3.7/site-packages/airflow/example_dags/example_kubernetes_executor.py took 0.064 seconds
[2025-02-27T23:52:13.144+0000] {processor.py:154} INFO - Started process (PID=677) to work on /home/airflow/.local/lib/python3.7/site-packages/airflow/example_dags/example_kubernetes_executor.py
[2025-02-27T23:52:13.144+0000] {processor.py:756} INFO - Processing file /home/airflow/.local/lib/python3.7/site-packages/airflow/example_dags/example_kubernetes_executor.py for tasks to queue
[2025-02-27T23:52:13.145+0000] {logging_mixin.py:120} INFO - [2025-02-27T23:52:13.145+0000] {dagbag.py:537} INFO - Filling up the DagBag from /home/airflow/.local/lib/python3.7/site-packages/airflow/example_dags/example_kubernetes_executor.py
[2025-02-27T23:52:13.159+0000] {processor.py:766} INFO - DAG(s) dict_keys(['example_kubernetes_executor']) retrieved from /home/airflow/.local/lib/python3.7/site-packages/airflow/example_dags/example_kubernetes_executor.py
[2025-02-27T23:52:13.181+0000] {logging_mixin.py:120} INFO - [2025-02-27T23:52:13.181+0000] {dag.py:2585} INFO - Sync 1 DAGs
[2025-02-27T23:52:13.194+0000] {logging_mixin.py:120} INFO - [2025-02-27T23:52:13.194+0000] {dag.py:3340} INFO - Setting next_dagrun for example_kubernetes_executor to None, run_after=None
[2025-02-27T23:52:13.203+0000] {processor.py:176} INFO - Processing /home/airflow/.local/lib/python3.7/site-packages/airflow/example_dags/example_kubernetes_executor.py took 0.061 seconds
[2025-02-27T23:52:43.953+0000] {processor.py:154} INFO - Started process (PID=740) to work on /home/airflow/.local/lib/python3.7/site-packages/airflow/example_dags/example_kubernetes_executor.py
[2025-02-27T23:52:43.955+0000] {processor.py:756} INFO - Processing file /home/airflow/.local/lib/python3.7/site-packages/airflow/example_dags/example_kubernetes_executor.py for tasks to queue
[2025-02-27T23:52:43.956+0000] {logging_mixin.py:120} INFO - [2025-02-27T23:52:43.956+0000] {dagbag.py:537} INFO - Filling up the DagBag from /home/airflow/.local/lib/python3.7/site-packages/airflow/example_dags/example_kubernetes_executor.py
[2025-02-27T23:52:43.972+0000] {processor.py:766} INFO - DAG(s) dict_keys(['example_kubernetes_executor']) retrieved from /home/airflow/.local/lib/python3.7/site-packages/airflow/example_dags/example_kubernetes_executor.py
[2025-02-27T23:52:43.994+0000] {logging_mixin.py:120} INFO - [2025-02-27T23:52:43.994+0000] {dag.py:2585} INFO - Sync 1 DAGs
[2025-02-27T23:52:44.007+0000] {logging_mixin.py:120} INFO - [2025-02-27T23:52:44.007+0000] {dag.py:3340} INFO - Setting next_dagrun for example_kubernetes_executor to None, run_after=None
[2025-02-27T23:52:44.017+0000] {processor.py:176} INFO - Processing /home/airflow/.local/lib/python3.7/site-packages/airflow/example_dags/example_kubernetes_executor.py took 0.066 seconds
[2025-02-27T23:53:14.665+0000] {processor.py:154} INFO - Started process (PID=802) to work on /home/airflow/.local/lib/python3.7/site-packages/airflow/example_dags/example_kubernetes_executor.py
[2025-02-27T23:53:14.666+0000] {processor.py:756} INFO - Processing file /home/airflow/.local/lib/python3.7/site-packages/airflow/example_dags/example_kubernetes_executor.py for tasks to queue
[2025-02-27T23:53:14.666+0000] {logging_mixin.py:120} INFO - [2025-02-27T23:53:14.666+0000] {dagbag.py:537} INFO - Filling up the DagBag from /home/airflow/.local/lib/python3.7/site-packages/airflow/example_dags/example_kubernetes_executor.py
[2025-02-27T23:53:14.680+0000] {processor.py:766} INFO - DAG(s) dict_keys(['example_kubernetes_executor']) retrieved from /home/airflow/.local/lib/python3.7/site-packages/airflow/example_dags/example_kubernetes_executor.py
[2025-02-27T23:53:14.700+0000] {logging_mixin.py:120} INFO - [2025-02-27T23:53:14.700+0000] {dag.py:2585} INFO - Sync 1 DAGs
[2025-02-27T23:53:14.712+0000] {logging_mixin.py:120} INFO - [2025-02-27T23:53:14.712+0000] {dag.py:3340} INFO - Setting next_dagrun for example_kubernetes_executor to None, run_after=None
[2025-02-27T23:53:14.721+0000] {processor.py:176} INFO - Processing /home/airflow/.local/lib/python3.7/site-packages/airflow/example_dags/example_kubernetes_executor.py took 0.057 seconds
[2025-02-27T23:53:45.612+0000] {processor.py:154} INFO - Started process (PID=857) to work on /home/airflow/.local/lib/python3.7/site-packages/airflow/example_dags/example_kubernetes_executor.py
[2025-02-27T23:53:45.613+0000] {processor.py:756} INFO - Processing file /home/airflow/.local/lib/python3.7/site-packages/airflow/example_dags/example_kubernetes_executor.py for tasks to queue
[2025-02-27T23:53:45.613+0000] {logging_mixin.py:120} INFO - [2025-02-27T23:53:45.613+0000] {dagbag.py:537} INFO - Filling up the DagBag from /home/airflow/.local/lib/python3.7/site-packages/airflow/example_dags/example_kubernetes_executor.py
[2025-02-27T23:53:45.627+0000] {processor.py:766} INFO - DAG(s) dict_keys(['example_kubernetes_executor']) retrieved from /home/airflow/.local/lib/python3.7/site-packages/airflow/example_dags/example_kubernetes_executor.py
[2025-02-27T23:53:45.650+0000] {logging_mixin.py:120} INFO - [2025-02-27T23:53:45.650+0000] {dag.py:2585} INFO - Sync 1 DAGs
[2025-02-27T23:53:45.665+0000] {logging_mixin.py:120} INFO - [2025-02-27T23:53:45.665+0000] {dag.py:3340} INFO - Setting next_dagrun for example_kubernetes_executor to None, run_after=None
[2025-02-27T23:53:45.678+0000] {processor.py:176} INFO - Processing /home/airflow/.local/lib/python3.7/site-packages/airflow/example_dags/example_kubernetes_executor.py took 0.068 seconds
[2025-02-27T23:54:16.412+0000] {processor.py:154} INFO - Started process (PID=921) to work on /home/airflow/.local/lib/python3.7/site-packages/airflow/example_dags/example_kubernetes_executor.py
[2025-02-27T23:54:16.413+0000] {processor.py:756} INFO - Processing file /home/airflow/.local/lib/python3.7/site-packages/airflow/example_dags/example_kubernetes_executor.py for tasks to queue
[2025-02-27T23:54:16.414+0000] {logging_mixin.py:120} INFO - [2025-02-27T23:54:16.413+0000] {dagbag.py:537} INFO - Filling up the DagBag from /home/airflow/.local/lib/python3.7/site-packages/airflow/example_dags/example_kubernetes_executor.py
[2025-02-27T23:54:16.432+0000] {processor.py:766} INFO - DAG(s) dict_keys(['example_kubernetes_executor']) retrieved from /home/airflow/.local/lib/python3.7/site-packages/airflow/example_dags/example_kubernetes_executor.py
[2025-02-27T23:54:16.454+0000] {logging_mixin.py:120} INFO - [2025-02-27T23:54:16.454+0000] {dag.py:2585} INFO - Sync 1 DAGs
[2025-02-27T23:54:16.467+0000] {logging_mixin.py:120} INFO - [2025-02-27T23:54:16.467+0000] {dag.py:3340} INFO - Setting next_dagrun for example_kubernetes_executor to None, run_after=None
[2025-02-27T23:54:16.476+0000] {processor.py:176} INFO - Processing /home/airflow/.local/lib/python3.7/site-packages/airflow/example_dags/example_kubernetes_executor.py took 0.068 seconds
[2025-02-27T23:54:47.381+0000] {processor.py:154} INFO - Started process (PID=984) to work on /home/airflow/.local/lib/python3.7/site-packages/airflow/example_dags/example_kubernetes_executor.py
[2025-02-27T23:54:47.382+0000] {processor.py:756} INFO - Processing file /home/airflow/.local/lib/python3.7/site-packages/airflow/example_dags/example_kubernetes_executor.py for tasks to queue
[2025-02-27T23:54:47.382+0000] {logging_mixin.py:120} INFO - [2025-02-27T23:54:47.382+0000] {dagbag.py:537} INFO - Filling up the DagBag from /home/airflow/.local/lib/python3.7/site-packages/airflow/example_dags/example_kubernetes_executor.py
[2025-02-27T23:54:47.396+0000] {processor.py:766} INFO - DAG(s) dict_keys(['example_kubernetes_executor']) retrieved from /home/airflow/.local/lib/python3.7/site-packages/airflow/example_dags/example_kubernetes_executor.py
[2025-02-27T23:54:47.415+0000] {logging_mixin.py:120} INFO - [2025-02-27T23:54:47.415+0000] {dag.py:2585} INFO - Sync 1 DAGs
[2025-02-27T23:54:47.426+0000] {logging_mixin.py:120} INFO - [2025-02-27T23:54:47.426+0000] {dag.py:3340} INFO - Setting next_dagrun for example_kubernetes_executor to None, run_after=None
[2025-02-27T23:54:47.436+0000] {processor.py:176} INFO - Processing /home/airflow/.local/lib/python3.7/site-packages/airflow/example_dags/example_kubernetes_executor.py took 0.057 seconds
[2025-02-27T23:55:18.174+0000] {processor.py:154} INFO - Started process (PID=1048) to work on /home/airflow/.local/lib/python3.7/site-packages/airflow/example_dags/example_kubernetes_executor.py
[2025-02-27T23:55:18.175+0000] {processor.py:756} INFO - Processing file /home/airflow/.local/lib/python3.7/site-packages/airflow/example_dags/example_kubernetes_executor.py for tasks to queue
[2025-02-27T23:55:18.175+0000] {logging_mixin.py:120} INFO - [2025-02-27T23:55:18.175+0000] {dagbag.py:537} INFO - Filling up the DagBag from /home/airflow/.local/lib/python3.7/site-packages/airflow/example_dags/example_kubernetes_executor.py
[2025-02-27T23:55:18.190+0000] {processor.py:766} INFO - DAG(s) dict_keys(['example_kubernetes_executor']) retrieved from /home/airflow/.local/lib/python3.7/site-packages/airflow/example_dags/example_kubernetes_executor.py
[2025-02-27T23:55:18.211+0000] {logging_mixin.py:120} INFO - [2025-02-27T23:55:18.211+0000] {dag.py:2585} INFO - Sync 1 DAGs
[2025-02-27T23:55:18.223+0000] {logging_mixin.py:120} INFO - [2025-02-27T23:55:18.223+0000] {dag.py:3340} INFO - Setting next_dagrun for example_kubernetes_executor to None, run_after=None
[2025-02-27T23:55:18.232+0000] {processor.py:176} INFO - Processing /home/airflow/.local/lib/python3.7/site-packages/airflow/example_dags/example_kubernetes_executor.py took 0.060 seconds
[2025-02-27T23:55:48.992+0000] {processor.py:154} INFO - Started process (PID=1112) to work on /home/airflow/.local/lib/python3.7/site-packages/airflow/example_dags/example_kubernetes_executor.py
[2025-02-27T23:55:48.993+0000] {processor.py:756} INFO - Processing file /home/airflow/.local/lib/python3.7/site-packages/airflow/example_dags/example_kubernetes_executor.py for tasks to queue
[2025-02-27T23:55:48.993+0000] {logging_mixin.py:120} INFO - [2025-02-27T23:55:48.993+0000] {dagbag.py:537} INFO - Filling up the DagBag from /home/airflow/.local/lib/python3.7/site-packages/airflow/example_dags/example_kubernetes_executor.py
[2025-02-27T23:55:49.008+0000] {processor.py:766} INFO - DAG(s) dict_keys(['example_kubernetes_executor']) retrieved from /home/airflow/.local/lib/python3.7/site-packages/airflow/example_dags/example_kubernetes_executor.py
[2025-02-27T23:55:49.030+0000] {logging_mixin.py:120} INFO - [2025-02-27T23:55:49.030+0000] {dag.py:2585} INFO - Sync 1 DAGs
[2025-02-27T23:55:49.041+0000] {logging_mixin.py:120} INFO - [2025-02-27T23:55:49.041+0000] {dag.py:3340} INFO - Setting next_dagrun for example_kubernetes_executor to None, run_after=None
[2025-02-27T23:55:49.049+0000] {processor.py:176} INFO - Processing /home/airflow/.local/lib/python3.7/site-packages/airflow/example_dags/example_kubernetes_executor.py took 0.059 seconds
[2025-02-27T23:56:19.710+0000] {processor.py:154} INFO - Started process (PID=1176) to work on /home/airflow/.local/lib/python3.7/site-packages/airflow/example_dags/example_kubernetes_executor.py
[2025-02-27T23:56:19.711+0000] {processor.py:756} INFO - Processing file /home/airflow/.local/lib/python3.7/site-packages/airflow/example_dags/example_kubernetes_executor.py for tasks to queue
[2025-02-27T23:56:19.711+0000] {logging_mixin.py:120} INFO - [2025-02-27T23:56:19.711+0000] {dagbag.py:537} INFO - Filling up the DagBag from /home/airflow/.local/lib/python3.7/site-packages/airflow/example_dags/example_kubernetes_executor.py
[2025-02-27T23:56:19.726+0000] {processor.py:766} INFO - DAG(s) dict_keys(['example_kubernetes_executor']) retrieved from /home/airflow/.local/lib/python3.7/site-packages/airflow/example_dags/example_kubernetes_executor.py
[2025-02-27T23:56:19.748+0000] {logging_mixin.py:120} INFO - [2025-02-27T23:56:19.748+0000] {dag.py:2585} INFO - Sync 1 DAGs
[2025-02-27T23:56:19.759+0000] {logging_mixin.py:120} INFO - [2025-02-27T23:56:19.759+0000] {dag.py:3340} INFO - Setting next_dagrun for example_kubernetes_executor to None, run_after=None
[2025-02-27T23:56:19.773+0000] {processor.py:176} INFO - Processing /home/airflow/.local/lib/python3.7/site-packages/airflow/example_dags/example_kubernetes_executor.py took 0.065 seconds
[2025-02-27T23:56:50.530+0000] {processor.py:154} INFO - Started process (PID=1240) to work on /home/airflow/.local/lib/python3.7/site-packages/airflow/example_dags/example_kubernetes_executor.py
[2025-02-27T23:56:50.531+0000] {processor.py:756} INFO - Processing file /home/airflow/.local/lib/python3.7/site-packages/airflow/example_dags/example_kubernetes_executor.py for tasks to queue
[2025-02-27T23:56:50.531+0000] {logging_mixin.py:120} INFO - [2025-02-27T23:56:50.531+0000] {dagbag.py:537} INFO - Filling up the DagBag from /home/airflow/.local/lib/python3.7/site-packages/airflow/example_dags/example_kubernetes_executor.py
[2025-02-27T23:56:50.546+0000] {processor.py:766} INFO - DAG(s) dict_keys(['example_kubernetes_executor']) retrieved from /home/airflow/.local/lib/python3.7/site-packages/airflow/example_dags/example_kubernetes_executor.py
[2025-02-27T23:56:50.566+0000] {logging_mixin.py:120} INFO - [2025-02-27T23:56:50.566+0000] {dag.py:2585} INFO - Sync 1 DAGs
[2025-02-27T23:56:50.577+0000] {logging_mixin.py:120} INFO - [2025-02-27T23:56:50.577+0000] {dag.py:3340} INFO - Setting next_dagrun for example_kubernetes_executor to None, run_after=None
[2025-02-27T23:56:50.588+0000] {processor.py:176} INFO - Processing /home/airflow/.local/lib/python3.7/site-packages/airflow/example_dags/example_kubernetes_executor.py took 0.060 seconds
[2025-02-27T23:57:21.357+0000] {processor.py:154} INFO - Started process (PID=1304) to work on /home/airflow/.local/lib/python3.7/site-packages/airflow/example_dags/example_kubernetes_executor.py
[2025-02-27T23:57:21.358+0000] {processor.py:756} INFO - Processing file /home/airflow/.local/lib/python3.7/site-packages/airflow/example_dags/example_kubernetes_executor.py for tasks to queue
[2025-02-27T23:57:21.359+0000] {logging_mixin.py:120} INFO - [2025-02-27T23:57:21.358+0000] {dagbag.py:537} INFO - Filling up the DagBag from /home/airflow/.local/lib/python3.7/site-packages/airflow/example_dags/example_kubernetes_executor.py
[2025-02-27T23:57:21.373+0000] {processor.py:766} INFO - DAG(s) dict_keys(['example_kubernetes_executor']) retrieved from /home/airflow/.local/lib/python3.7/site-packages/airflow/example_dags/example_kubernetes_executor.py
[2025-02-27T23:57:21.394+0000] {logging_mixin.py:120} INFO - [2025-02-27T23:57:21.393+0000] {dag.py:2585} INFO - Sync 1 DAGs
[2025-02-27T23:57:21.407+0000] {logging_mixin.py:120} INFO - [2025-02-27T23:57:21.407+0000] {dag.py:3340} INFO - Setting next_dagrun for example_kubernetes_executor to None, run_after=None
[2025-02-27T23:57:21.421+0000] {processor.py:176} INFO - Processing /home/airflow/.local/lib/python3.7/site-packages/airflow/example_dags/example_kubernetes_executor.py took 0.066 seconds
[2025-02-27T23:57:52.306+0000] {processor.py:154} INFO - Started process (PID=1367) to work on /home/airflow/.local/lib/python3.7/site-packages/airflow/example_dags/example_kubernetes_executor.py
[2025-02-27T23:57:52.308+0000] {processor.py:756} INFO - Processing file /home/airflow/.local/lib/python3.7/site-packages/airflow/example_dags/example_kubernetes_executor.py for tasks to queue
[2025-02-27T23:57:52.308+0000] {logging_mixin.py:120} INFO - [2025-02-27T23:57:52.308+0000] {dagbag.py:537} INFO - Filling up the DagBag from /home/airflow/.local/lib/python3.7/site-packages/airflow/example_dags/example_kubernetes_executor.py
[2025-02-27T23:57:52.323+0000] {processor.py:766} INFO - DAG(s) dict_keys(['example_kubernetes_executor']) retrieved from /home/airflow/.local/lib/python3.7/site-packages/airflow/example_dags/example_kubernetes_executor.py
[2025-02-27T23:57:52.343+0000] {logging_mixin.py:120} INFO - [2025-02-27T23:57:52.343+0000] {dag.py:2585} INFO - Sync 1 DAGs
[2025-02-27T23:57:52.355+0000] {logging_mixin.py:120} INFO - [2025-02-27T23:57:52.355+0000] {dag.py:3340} INFO - Setting next_dagrun for example_kubernetes_executor to None, run_after=None
[2025-02-27T23:57:52.364+0000] {processor.py:176} INFO - Processing /home/airflow/.local/lib/python3.7/site-packages/airflow/example_dags/example_kubernetes_executor.py took 0.060 seconds
[2025-02-27T23:58:23.175+0000] {processor.py:154} INFO - Started process (PID=1421) to work on /home/airflow/.local/lib/python3.7/site-packages/airflow/example_dags/example_kubernetes_executor.py
[2025-02-27T23:58:23.176+0000] {processor.py:756} INFO - Processing file /home/airflow/.local/lib/python3.7/site-packages/airflow/example_dags/example_kubernetes_executor.py for tasks to queue
[2025-02-27T23:58:23.177+0000] {logging_mixin.py:120} INFO - [2025-02-27T23:58:23.177+0000] {dagbag.py:537} INFO - Filling up the DagBag from /home/airflow/.local/lib/python3.7/site-packages/airflow/example_dags/example_kubernetes_executor.py
[2025-02-27T23:58:23.190+0000] {processor.py:766} INFO - DAG(s) dict_keys(['example_kubernetes_executor']) retrieved from /home/airflow/.local/lib/python3.7/site-packages/airflow/example_dags/example_kubernetes_executor.py
[2025-02-27T23:58:23.212+0000] {logging_mixin.py:120} INFO - [2025-02-27T23:58:23.212+0000] {dag.py:2585} INFO - Sync 1 DAGs
[2025-02-27T23:58:23.224+0000] {logging_mixin.py:120} INFO - [2025-02-27T23:58:23.224+0000] {dag.py:3340} INFO - Setting next_dagrun for example_kubernetes_executor to None, run_after=None
[2025-02-27T23:58:23.234+0000] {processor.py:176} INFO - Processing /home/airflow/.local/lib/python3.7/site-packages/airflow/example_dags/example_kubernetes_executor.py took 0.061 seconds
[2025-02-27T23:58:53.966+0000] {processor.py:154} INFO - Started process (PID=1485) to work on /home/airflow/.local/lib/python3.7/site-packages/airflow/example_dags/example_kubernetes_executor.py
[2025-02-27T23:58:53.968+0000] {processor.py:756} INFO - Processing file /home/airflow/.local/lib/python3.7/site-packages/airflow/example_dags/example_kubernetes_executor.py for tasks to queue
[2025-02-27T23:58:53.968+0000] {logging_mixin.py:120} INFO - [2025-02-27T23:58:53.968+0000] {dagbag.py:537} INFO - Filling up the DagBag from /home/airflow/.local/lib/python3.7/site-packages/airflow/example_dags/example_kubernetes_executor.py
[2025-02-27T23:58:53.983+0000] {processor.py:766} INFO - DAG(s) dict_keys(['example_kubernetes_executor']) retrieved from /home/airflow/.local/lib/python3.7/site-packages/airflow/example_dags/example_kubernetes_executor.py
[2025-02-27T23:58:54.004+0000] {logging_mixin.py:120} INFO - [2025-02-27T23:58:54.004+0000] {dag.py:2585} INFO - Sync 1 DAGs
[2025-02-27T23:58:54.016+0000] {logging_mixin.py:120} INFO - [2025-02-27T23:58:54.016+0000] {dag.py:3340} INFO - Setting next_dagrun for example_kubernetes_executor to None, run_after=None
[2025-02-27T23:58:54.035+0000] {processor.py:176} INFO - Processing /home/airflow/.local/lib/python3.7/site-packages/airflow/example_dags/example_kubernetes_executor.py took 0.070 seconds
[2025-02-27T23:59:24.639+0000] {processor.py:154} INFO - Started process (PID=1549) to work on /home/airflow/.local/lib/python3.7/site-packages/airflow/example_dags/example_kubernetes_executor.py
[2025-02-27T23:59:24.639+0000] {processor.py:756} INFO - Processing file /home/airflow/.local/lib/python3.7/site-packages/airflow/example_dags/example_kubernetes_executor.py for tasks to queue
[2025-02-27T23:59:24.640+0000] {logging_mixin.py:120} INFO - [2025-02-27T23:59:24.640+0000] {dagbag.py:537} INFO - Filling up the DagBag from /home/airflow/.local/lib/python3.7/site-packages/airflow/example_dags/example_kubernetes_executor.py
[2025-02-27T23:59:24.654+0000] {processor.py:766} INFO - DAG(s) dict_keys(['example_kubernetes_executor']) retrieved from /home/airflow/.local/lib/python3.7/site-packages/airflow/example_dags/example_kubernetes_executor.py
[2025-02-27T23:59:24.673+0000] {logging_mixin.py:120} INFO - [2025-02-27T23:59:24.673+0000] {dag.py:2585} INFO - Sync 1 DAGs
[2025-02-27T23:59:24.686+0000] {logging_mixin.py:120} INFO - [2025-02-27T23:59:24.686+0000] {dag.py:3340} INFO - Setting next_dagrun for example_kubernetes_executor to None, run_after=None
[2025-02-27T23:59:24.694+0000] {processor.py:176} INFO - Processing /home/airflow/.local/lib/python3.7/site-packages/airflow/example_dags/example_kubernetes_executor.py took 0.057 seconds
[2025-02-27T23:59:55.393+0000] {processor.py:154} INFO - Started process (PID=1613) to work on /home/airflow/.local/lib/python3.7/site-packages/airflow/example_dags/example_kubernetes_executor.py
[2025-02-27T23:59:55.394+0000] {processor.py:756} INFO - Processing file /home/airflow/.local/lib/python3.7/site-packages/airflow/example_dags/example_kubernetes_executor.py for tasks to queue
[2025-02-27T23:59:55.394+0000] {logging_mixin.py:120} INFO - [2025-02-27T23:59:55.394+0000] {dagbag.py:537} INFO - Filling up the DagBag from /home/airflow/.local/lib/python3.7/site-packages/airflow/example_dags/example_kubernetes_executor.py
[2025-02-27T23:59:55.407+0000] {processor.py:766} INFO - DAG(s) dict_keys(['example_kubernetes_executor']) retrieved from /home/airflow/.local/lib/python3.7/site-packages/airflow/example_dags/example_kubernetes_executor.py
[2025-02-27T23:59:55.428+0000] {logging_mixin.py:120} INFO - [2025-02-27T23:59:55.427+0000] {dag.py:2585} INFO - Sync 1 DAGs
[2025-02-27T23:59:55.440+0000] {logging_mixin.py:120} INFO - [2025-02-27T23:59:55.439+0000] {dag.py:3340} INFO - Setting next_dagrun for example_kubernetes_executor to None, run_after=None
[2025-02-27T23:59:55.449+0000] {processor.py:176} INFO - Processing /home/airflow/.local/lib/python3.7/site-packages/airflow/example_dags/example_kubernetes_executor.py took 0.058 seconds
