[2025-02-27T23:47:06.775+0000] {processor.py:154} INFO - Started process (PID=56) to work on /home/airflow/.local/lib/python3.7/site-packages/airflow/example_dags/example_short_circuit_operator.py
[2025-02-27T23:47:06.777+0000] {processor.py:756} INFO - Processing file /home/airflow/.local/lib/python3.7/site-packages/airflow/example_dags/example_short_circuit_operator.py for tasks to queue
[2025-02-27T23:47:06.778+0000] {logging_mixin.py:120} INFO - [2025-02-27T23:47:06.778+0000] {dagbag.py:537} INFO - Filling up the DagBag from /home/airflow/.local/lib/python3.7/site-packages/airflow/example_dags/example_short_circuit_operator.py
[2025-02-27T23:47:06.798+0000] {processor.py:766} INFO - DAG(s) dict_keys(['example_short_circuit_operator']) retrieved from /home/airflow/.local/lib/python3.7/site-packages/airflow/example_dags/example_short_circuit_operator.py
[2025-02-27T23:47:06.855+0000] {logging_mixin.py:120} INFO - [2025-02-27T23:47:06.855+0000] {dag.py:2585} INFO - Sync 1 DAGs
[2025-02-27T23:47:06.877+0000] {logging_mixin.py:120} INFO - [2025-02-27T23:47:06.877+0000] {dag.py:3340} INFO - Setting next_dagrun for example_short_circuit_operator to 2025-02-26T23:47:06.876773+00:00, run_after=2025-02-27T23:47:06.876773+00:00
[2025-02-27T23:47:06.902+0000] {processor.py:176} INFO - Processing /home/airflow/.local/lib/python3.7/site-packages/airflow/example_dags/example_short_circuit_operator.py took 0.133 seconds
[2025-02-27T23:47:36.944+0000] {processor.py:154} INFO - Started process (PID=119) to work on /home/airflow/.local/lib/python3.7/site-packages/airflow/example_dags/example_short_circuit_operator.py
[2025-02-27T23:47:36.945+0000] {processor.py:756} INFO - Processing file /home/airflow/.local/lib/python3.7/site-packages/airflow/example_dags/example_short_circuit_operator.py for tasks to queue
[2025-02-27T23:47:36.945+0000] {logging_mixin.py:120} INFO - [2025-02-27T23:47:36.945+0000] {dagbag.py:537} INFO - Filling up the DagBag from /home/airflow/.local/lib/python3.7/site-packages/airflow/example_dags/example_short_circuit_operator.py
[2025-02-27T23:47:36.957+0000] {processor.py:766} INFO - DAG(s) dict_keys(['example_short_circuit_operator']) retrieved from /home/airflow/.local/lib/python3.7/site-packages/airflow/example_dags/example_short_circuit_operator.py
[2025-02-27T23:47:36.980+0000] {logging_mixin.py:120} INFO - [2025-02-27T23:47:36.980+0000] {dag.py:2585} INFO - Sync 1 DAGs
[2025-02-27T23:47:36.994+0000] {logging_mixin.py:120} INFO - [2025-02-27T23:47:36.994+0000] {dag.py:3340} INFO - Setting next_dagrun for example_short_circuit_operator to 2025-02-26T23:47:36.994359+00:00, run_after=2025-02-27T23:47:36.994359+00:00
[2025-02-27T23:47:37.006+0000] {processor.py:176} INFO - Processing /home/airflow/.local/lib/python3.7/site-packages/airflow/example_dags/example_short_circuit_operator.py took 0.064 seconds
[2025-02-27T23:48:07.691+0000] {processor.py:154} INFO - Started process (PID=184) to work on /home/airflow/.local/lib/python3.7/site-packages/airflow/example_dags/example_short_circuit_operator.py
[2025-02-27T23:48:07.692+0000] {processor.py:756} INFO - Processing file /home/airflow/.local/lib/python3.7/site-packages/airflow/example_dags/example_short_circuit_operator.py for tasks to queue
[2025-02-27T23:48:07.692+0000] {logging_mixin.py:120} INFO - [2025-02-27T23:48:07.692+0000] {dagbag.py:537} INFO - Filling up the DagBag from /home/airflow/.local/lib/python3.7/site-packages/airflow/example_dags/example_short_circuit_operator.py
[2025-02-27T23:48:07.701+0000] {processor.py:766} INFO - DAG(s) dict_keys(['example_short_circuit_operator']) retrieved from /home/airflow/.local/lib/python3.7/site-packages/airflow/example_dags/example_short_circuit_operator.py
[2025-02-27T23:48:07.714+0000] {logging_mixin.py:120} INFO - [2025-02-27T23:48:07.714+0000] {dag.py:2585} INFO - Sync 1 DAGs
[2025-02-27T23:48:07.727+0000] {logging_mixin.py:120} INFO - [2025-02-27T23:48:07.727+0000] {dag.py:3340} INFO - Setting next_dagrun for example_short_circuit_operator to 2025-02-26T23:48:07.727110+00:00, run_after=2025-02-27T23:48:07.727110+00:00
[2025-02-27T23:48:07.736+0000] {processor.py:176} INFO - Processing /home/airflow/.local/lib/python3.7/site-packages/airflow/example_dags/example_short_circuit_operator.py took 0.047 seconds
[2025-02-27T23:48:38.505+0000] {processor.py:154} INFO - Started process (PID=248) to work on /home/airflow/.local/lib/python3.7/site-packages/airflow/example_dags/example_short_circuit_operator.py
[2025-02-27T23:48:38.506+0000] {processor.py:756} INFO - Processing file /home/airflow/.local/lib/python3.7/site-packages/airflow/example_dags/example_short_circuit_operator.py for tasks to queue
[2025-02-27T23:48:38.506+0000] {logging_mixin.py:120} INFO - [2025-02-27T23:48:38.506+0000] {dagbag.py:537} INFO - Filling up the DagBag from /home/airflow/.local/lib/python3.7/site-packages/airflow/example_dags/example_short_circuit_operator.py
[2025-02-27T23:48:38.515+0000] {processor.py:766} INFO - DAG(s) dict_keys(['example_short_circuit_operator']) retrieved from /home/airflow/.local/lib/python3.7/site-packages/airflow/example_dags/example_short_circuit_operator.py
[2025-02-27T23:48:38.552+0000] {logging_mixin.py:120} INFO - [2025-02-27T23:48:38.552+0000] {dag.py:2585} INFO - Sync 1 DAGs
[2025-02-27T23:48:38.567+0000] {logging_mixin.py:120} INFO - [2025-02-27T23:48:38.567+0000] {dag.py:3340} INFO - Setting next_dagrun for example_short_circuit_operator to 2025-02-26T23:48:38.567030+00:00, run_after=2025-02-27T23:48:38.567030+00:00
[2025-02-27T23:48:38.579+0000] {processor.py:176} INFO - Processing /home/airflow/.local/lib/python3.7/site-packages/airflow/example_dags/example_short_circuit_operator.py took 0.076 seconds
[2025-02-27T23:49:09.436+0000] {processor.py:154} INFO - Started process (PID=312) to work on /home/airflow/.local/lib/python3.7/site-packages/airflow/example_dags/example_short_circuit_operator.py
[2025-02-27T23:49:09.437+0000] {processor.py:756} INFO - Processing file /home/airflow/.local/lib/python3.7/site-packages/airflow/example_dags/example_short_circuit_operator.py for tasks to queue
[2025-02-27T23:49:09.438+0000] {logging_mixin.py:120} INFO - [2025-02-27T23:49:09.437+0000] {dagbag.py:537} INFO - Filling up the DagBag from /home/airflow/.local/lib/python3.7/site-packages/airflow/example_dags/example_short_circuit_operator.py
[2025-02-27T23:49:09.447+0000] {processor.py:766} INFO - DAG(s) dict_keys(['example_short_circuit_operator']) retrieved from /home/airflow/.local/lib/python3.7/site-packages/airflow/example_dags/example_short_circuit_operator.py
[2025-02-27T23:49:09.469+0000] {logging_mixin.py:120} INFO - [2025-02-27T23:49:09.468+0000] {dag.py:2585} INFO - Sync 1 DAGs
[2025-02-27T23:49:09.481+0000] {logging_mixin.py:120} INFO - [2025-02-27T23:49:09.481+0000] {dag.py:3340} INFO - Setting next_dagrun for example_short_circuit_operator to 2025-02-26T23:49:09.481274+00:00, run_after=2025-02-27T23:49:09.481274+00:00
[2025-02-27T23:49:09.491+0000] {processor.py:176} INFO - Processing /home/airflow/.local/lib/python3.7/site-packages/airflow/example_dags/example_short_circuit_operator.py took 0.057 seconds
[2025-02-27T23:49:40.330+0000] {processor.py:154} INFO - Started process (PID=376) to work on /home/airflow/.local/lib/python3.7/site-packages/airflow/example_dags/example_short_circuit_operator.py
[2025-02-27T23:49:40.331+0000] {processor.py:756} INFO - Processing file /home/airflow/.local/lib/python3.7/site-packages/airflow/example_dags/example_short_circuit_operator.py for tasks to queue
[2025-02-27T23:49:40.331+0000] {logging_mixin.py:120} INFO - [2025-02-27T23:49:40.331+0000] {dagbag.py:537} INFO - Filling up the DagBag from /home/airflow/.local/lib/python3.7/site-packages/airflow/example_dags/example_short_circuit_operator.py
[2025-02-27T23:49:40.340+0000] {processor.py:766} INFO - DAG(s) dict_keys(['example_short_circuit_operator']) retrieved from /home/airflow/.local/lib/python3.7/site-packages/airflow/example_dags/example_short_circuit_operator.py
[2025-02-27T23:49:40.362+0000] {logging_mixin.py:120} INFO - [2025-02-27T23:49:40.362+0000] {dag.py:2585} INFO - Sync 1 DAGs
[2025-02-27T23:49:40.376+0000] {logging_mixin.py:120} INFO - [2025-02-27T23:49:40.376+0000] {dag.py:3340} INFO - Setting next_dagrun for example_short_circuit_operator to 2025-02-26T23:49:40.376447+00:00, run_after=2025-02-27T23:49:40.376447+00:00
[2025-02-27T23:49:40.388+0000] {processor.py:176} INFO - Processing /home/airflow/.local/lib/python3.7/site-packages/airflow/example_dags/example_short_circuit_operator.py took 0.059 seconds
[2025-02-27T23:50:11.038+0000] {processor.py:154} INFO - Started process (PID=431) to work on /home/airflow/.local/lib/python3.7/site-packages/airflow/example_dags/example_short_circuit_operator.py
[2025-02-27T23:50:11.039+0000] {processor.py:756} INFO - Processing file /home/airflow/.local/lib/python3.7/site-packages/airflow/example_dags/example_short_circuit_operator.py for tasks to queue
[2025-02-27T23:50:11.039+0000] {logging_mixin.py:120} INFO - [2025-02-27T23:50:11.039+0000] {dagbag.py:537} INFO - Filling up the DagBag from /home/airflow/.local/lib/python3.7/site-packages/airflow/example_dags/example_short_circuit_operator.py
[2025-02-27T23:50:11.048+0000] {processor.py:766} INFO - DAG(s) dict_keys(['example_short_circuit_operator']) retrieved from /home/airflow/.local/lib/python3.7/site-packages/airflow/example_dags/example_short_circuit_operator.py
[2025-02-27T23:50:11.069+0000] {logging_mixin.py:120} INFO - [2025-02-27T23:50:11.069+0000] {dag.py:2585} INFO - Sync 1 DAGs
[2025-02-27T23:50:11.082+0000] {logging_mixin.py:120} INFO - [2025-02-27T23:50:11.082+0000] {dag.py:3340} INFO - Setting next_dagrun for example_short_circuit_operator to 2025-02-26T23:50:11.081966+00:00, run_after=2025-02-27T23:50:11.081966+00:00
[2025-02-27T23:50:11.092+0000] {processor.py:176} INFO - Processing /home/airflow/.local/lib/python3.7/site-packages/airflow/example_dags/example_short_circuit_operator.py took 0.056 seconds
[2025-02-27T23:50:41.955+0000] {processor.py:154} INFO - Started process (PID=495) to work on /home/airflow/.local/lib/python3.7/site-packages/airflow/example_dags/example_short_circuit_operator.py
[2025-02-27T23:50:41.956+0000] {processor.py:756} INFO - Processing file /home/airflow/.local/lib/python3.7/site-packages/airflow/example_dags/example_short_circuit_operator.py for tasks to queue
[2025-02-27T23:50:41.956+0000] {logging_mixin.py:120} INFO - [2025-02-27T23:50:41.956+0000] {dagbag.py:537} INFO - Filling up the DagBag from /home/airflow/.local/lib/python3.7/site-packages/airflow/example_dags/example_short_circuit_operator.py
[2025-02-27T23:50:41.966+0000] {processor.py:766} INFO - DAG(s) dict_keys(['example_short_circuit_operator']) retrieved from /home/airflow/.local/lib/python3.7/site-packages/airflow/example_dags/example_short_circuit_operator.py
[2025-02-27T23:50:41.987+0000] {logging_mixin.py:120} INFO - [2025-02-27T23:50:41.987+0000] {dag.py:2585} INFO - Sync 1 DAGs
[2025-02-27T23:50:41.999+0000] {logging_mixin.py:120} INFO - [2025-02-27T23:50:41.999+0000] {dag.py:3340} INFO - Setting next_dagrun for example_short_circuit_operator to 2025-02-26T23:50:41.999363+00:00, run_after=2025-02-27T23:50:41.999363+00:00
[2025-02-27T23:50:42.008+0000] {processor.py:176} INFO - Processing /home/airflow/.local/lib/python3.7/site-packages/airflow/example_dags/example_short_circuit_operator.py took 0.055 seconds
[2025-02-27T23:51:12.807+0000] {processor.py:154} INFO - Started process (PID=559) to work on /home/airflow/.local/lib/python3.7/site-packages/airflow/example_dags/example_short_circuit_operator.py
[2025-02-27T23:51:12.807+0000] {processor.py:756} INFO - Processing file /home/airflow/.local/lib/python3.7/site-packages/airflow/example_dags/example_short_circuit_operator.py for tasks to queue
[2025-02-27T23:51:12.808+0000] {logging_mixin.py:120} INFO - [2025-02-27T23:51:12.808+0000] {dagbag.py:537} INFO - Filling up the DagBag from /home/airflow/.local/lib/python3.7/site-packages/airflow/example_dags/example_short_circuit_operator.py
[2025-02-27T23:51:12.816+0000] {processor.py:766} INFO - DAG(s) dict_keys(['example_short_circuit_operator']) retrieved from /home/airflow/.local/lib/python3.7/site-packages/airflow/example_dags/example_short_circuit_operator.py
[2025-02-27T23:51:12.835+0000] {logging_mixin.py:120} INFO - [2025-02-27T23:51:12.835+0000] {dag.py:2585} INFO - Sync 1 DAGs
[2025-02-27T23:51:12.846+0000] {logging_mixin.py:120} INFO - [2025-02-27T23:51:12.846+0000] {dag.py:3340} INFO - Setting next_dagrun for example_short_circuit_operator to 2025-02-26T23:51:12.846568+00:00, run_after=2025-02-27T23:51:12.846568+00:00
[2025-02-27T23:51:12.857+0000] {processor.py:176} INFO - Processing /home/airflow/.local/lib/python3.7/site-packages/airflow/example_dags/example_short_circuit_operator.py took 0.052 seconds
[2025-02-27T23:51:43.668+0000] {processor.py:154} INFO - Started process (PID=623) to work on /home/airflow/.local/lib/python3.7/site-packages/airflow/example_dags/example_short_circuit_operator.py
[2025-02-27T23:51:43.672+0000] {processor.py:756} INFO - Processing file /home/airflow/.local/lib/python3.7/site-packages/airflow/example_dags/example_short_circuit_operator.py for tasks to queue
[2025-02-27T23:51:43.672+0000] {logging_mixin.py:120} INFO - [2025-02-27T23:51:43.672+0000] {dagbag.py:537} INFO - Filling up the DagBag from /home/airflow/.local/lib/python3.7/site-packages/airflow/example_dags/example_short_circuit_operator.py
[2025-02-27T23:51:43.681+0000] {processor.py:766} INFO - DAG(s) dict_keys(['example_short_circuit_operator']) retrieved from /home/airflow/.local/lib/python3.7/site-packages/airflow/example_dags/example_short_circuit_operator.py
[2025-02-27T23:51:43.702+0000] {logging_mixin.py:120} INFO - [2025-02-27T23:51:43.702+0000] {dag.py:2585} INFO - Sync 1 DAGs
[2025-02-27T23:51:43.716+0000] {logging_mixin.py:120} INFO - [2025-02-27T23:51:43.716+0000] {dag.py:3340} INFO - Setting next_dagrun for example_short_circuit_operator to 2025-02-26T23:51:43.716498+00:00, run_after=2025-02-27T23:51:43.716498+00:00
[2025-02-27T23:51:43.725+0000] {processor.py:176} INFO - Processing /home/airflow/.local/lib/python3.7/site-packages/airflow/example_dags/example_short_circuit_operator.py took 0.060 seconds
[2025-02-27T23:52:14.521+0000] {processor.py:154} INFO - Started process (PID=687) to work on /home/airflow/.local/lib/python3.7/site-packages/airflow/example_dags/example_short_circuit_operator.py
[2025-02-27T23:52:14.522+0000] {processor.py:756} INFO - Processing file /home/airflow/.local/lib/python3.7/site-packages/airflow/example_dags/example_short_circuit_operator.py for tasks to queue
[2025-02-27T23:52:14.522+0000] {logging_mixin.py:120} INFO - [2025-02-27T23:52:14.522+0000] {dagbag.py:537} INFO - Filling up the DagBag from /home/airflow/.local/lib/python3.7/site-packages/airflow/example_dags/example_short_circuit_operator.py
[2025-02-27T23:52:14.530+0000] {processor.py:766} INFO - DAG(s) dict_keys(['example_short_circuit_operator']) retrieved from /home/airflow/.local/lib/python3.7/site-packages/airflow/example_dags/example_short_circuit_operator.py
[2025-02-27T23:52:14.550+0000] {logging_mixin.py:120} INFO - [2025-02-27T23:52:14.550+0000] {dag.py:2585} INFO - Sync 1 DAGs
[2025-02-27T23:52:14.562+0000] {logging_mixin.py:120} INFO - [2025-02-27T23:52:14.562+0000] {dag.py:3340} INFO - Setting next_dagrun for example_short_circuit_operator to 2025-02-26T23:52:14.562120+00:00, run_after=2025-02-27T23:52:14.562120+00:00
[2025-02-27T23:52:14.571+0000] {processor.py:176} INFO - Processing /home/airflow/.local/lib/python3.7/site-packages/airflow/example_dags/example_short_circuit_operator.py took 0.052 seconds
[2025-02-27T23:52:45.417+0000] {processor.py:154} INFO - Started process (PID=750) to work on /home/airflow/.local/lib/python3.7/site-packages/airflow/example_dags/example_short_circuit_operator.py
[2025-02-27T23:52:45.418+0000] {processor.py:756} INFO - Processing file /home/airflow/.local/lib/python3.7/site-packages/airflow/example_dags/example_short_circuit_operator.py for tasks to queue
[2025-02-27T23:52:45.418+0000] {logging_mixin.py:120} INFO - [2025-02-27T23:52:45.418+0000] {dagbag.py:537} INFO - Filling up the DagBag from /home/airflow/.local/lib/python3.7/site-packages/airflow/example_dags/example_short_circuit_operator.py
[2025-02-27T23:52:45.427+0000] {processor.py:766} INFO - DAG(s) dict_keys(['example_short_circuit_operator']) retrieved from /home/airflow/.local/lib/python3.7/site-packages/airflow/example_dags/example_short_circuit_operator.py
[2025-02-27T23:52:45.448+0000] {logging_mixin.py:120} INFO - [2025-02-27T23:52:45.448+0000] {dag.py:2585} INFO - Sync 1 DAGs
[2025-02-27T23:52:45.460+0000] {logging_mixin.py:120} INFO - [2025-02-27T23:52:45.460+0000] {dag.py:3340} INFO - Setting next_dagrun for example_short_circuit_operator to 2025-02-26T23:52:45.460001+00:00, run_after=2025-02-27T23:52:45.460001+00:00
[2025-02-27T23:52:45.468+0000] {processor.py:176} INFO - Processing /home/airflow/.local/lib/python3.7/site-packages/airflow/example_dags/example_short_circuit_operator.py took 0.053 seconds
[2025-02-27T23:53:16.166+0000] {processor.py:154} INFO - Started process (PID=812) to work on /home/airflow/.local/lib/python3.7/site-packages/airflow/example_dags/example_short_circuit_operator.py
[2025-02-27T23:53:16.167+0000] {processor.py:756} INFO - Processing file /home/airflow/.local/lib/python3.7/site-packages/airflow/example_dags/example_short_circuit_operator.py for tasks to queue
[2025-02-27T23:53:16.167+0000] {logging_mixin.py:120} INFO - [2025-02-27T23:53:16.167+0000] {dagbag.py:537} INFO - Filling up the DagBag from /home/airflow/.local/lib/python3.7/site-packages/airflow/example_dags/example_short_circuit_operator.py
[2025-02-27T23:53:16.176+0000] {processor.py:766} INFO - DAG(s) dict_keys(['example_short_circuit_operator']) retrieved from /home/airflow/.local/lib/python3.7/site-packages/airflow/example_dags/example_short_circuit_operator.py
[2025-02-27T23:53:16.196+0000] {logging_mixin.py:120} INFO - [2025-02-27T23:53:16.196+0000] {dag.py:2585} INFO - Sync 1 DAGs
[2025-02-27T23:53:16.209+0000] {logging_mixin.py:120} INFO - [2025-02-27T23:53:16.209+0000] {dag.py:3340} INFO - Setting next_dagrun for example_short_circuit_operator to 2025-02-26T23:53:16.208978+00:00, run_after=2025-02-27T23:53:16.208978+00:00
[2025-02-27T23:53:16.217+0000] {processor.py:176} INFO - Processing /home/airflow/.local/lib/python3.7/site-packages/airflow/example_dags/example_short_circuit_operator.py took 0.053 seconds
[2025-02-27T23:53:47.073+0000] {processor.py:154} INFO - Started process (PID=876) to work on /home/airflow/.local/lib/python3.7/site-packages/airflow/example_dags/example_short_circuit_operator.py
[2025-02-27T23:53:47.074+0000] {processor.py:756} INFO - Processing file /home/airflow/.local/lib/python3.7/site-packages/airflow/example_dags/example_short_circuit_operator.py for tasks to queue
[2025-02-27T23:53:47.074+0000] {logging_mixin.py:120} INFO - [2025-02-27T23:53:47.074+0000] {dagbag.py:537} INFO - Filling up the DagBag from /home/airflow/.local/lib/python3.7/site-packages/airflow/example_dags/example_short_circuit_operator.py
[2025-02-27T23:53:47.082+0000] {processor.py:766} INFO - DAG(s) dict_keys(['example_short_circuit_operator']) retrieved from /home/airflow/.local/lib/python3.7/site-packages/airflow/example_dags/example_short_circuit_operator.py
[2025-02-27T23:53:47.102+0000] {logging_mixin.py:120} INFO - [2025-02-27T23:53:47.102+0000] {dag.py:2585} INFO - Sync 1 DAGs
[2025-02-27T23:53:47.115+0000] {logging_mixin.py:120} INFO - [2025-02-27T23:53:47.114+0000] {dag.py:3340} INFO - Setting next_dagrun for example_short_circuit_operator to 2025-02-26T23:53:47.114803+00:00, run_after=2025-02-27T23:53:47.114803+00:00
[2025-02-27T23:53:47.124+0000] {processor.py:176} INFO - Processing /home/airflow/.local/lib/python3.7/site-packages/airflow/example_dags/example_short_circuit_operator.py took 0.053 seconds
[2025-02-27T23:54:18.104+0000] {processor.py:154} INFO - Started process (PID=939) to work on /home/airflow/.local/lib/python3.7/site-packages/airflow/example_dags/example_short_circuit_operator.py
[2025-02-27T23:54:18.105+0000] {processor.py:756} INFO - Processing file /home/airflow/.local/lib/python3.7/site-packages/airflow/example_dags/example_short_circuit_operator.py for tasks to queue
[2025-02-27T23:54:18.106+0000] {logging_mixin.py:120} INFO - [2025-02-27T23:54:18.106+0000] {dagbag.py:537} INFO - Filling up the DagBag from /home/airflow/.local/lib/python3.7/site-packages/airflow/example_dags/example_short_circuit_operator.py
[2025-02-27T23:54:18.115+0000] {processor.py:766} INFO - DAG(s) dict_keys(['example_short_circuit_operator']) retrieved from /home/airflow/.local/lib/python3.7/site-packages/airflow/example_dags/example_short_circuit_operator.py
[2025-02-27T23:54:18.138+0000] {logging_mixin.py:120} INFO - [2025-02-27T23:54:18.138+0000] {dag.py:2585} INFO - Sync 1 DAGs
[2025-02-27T23:54:18.151+0000] {logging_mixin.py:120} INFO - [2025-02-27T23:54:18.151+0000] {dag.py:3340} INFO - Setting next_dagrun for example_short_circuit_operator to 2025-02-26T23:54:18.151563+00:00, run_after=2025-02-27T23:54:18.151563+00:00
[2025-02-27T23:54:18.162+0000] {processor.py:176} INFO - Processing /home/airflow/.local/lib/python3.7/site-packages/airflow/example_dags/example_short_circuit_operator.py took 0.060 seconds
[2025-02-27T23:54:48.851+0000] {processor.py:154} INFO - Started process (PID=994) to work on /home/airflow/.local/lib/python3.7/site-packages/airflow/example_dags/example_short_circuit_operator.py
[2025-02-27T23:54:48.851+0000] {processor.py:756} INFO - Processing file /home/airflow/.local/lib/python3.7/site-packages/airflow/example_dags/example_short_circuit_operator.py for tasks to queue
[2025-02-27T23:54:48.851+0000] {logging_mixin.py:120} INFO - [2025-02-27T23:54:48.851+0000] {dagbag.py:537} INFO - Filling up the DagBag from /home/airflow/.local/lib/python3.7/site-packages/airflow/example_dags/example_short_circuit_operator.py
[2025-02-27T23:54:48.859+0000] {processor.py:766} INFO - DAG(s) dict_keys(['example_short_circuit_operator']) retrieved from /home/airflow/.local/lib/python3.7/site-packages/airflow/example_dags/example_short_circuit_operator.py
[2025-02-27T23:54:48.879+0000] {logging_mixin.py:120} INFO - [2025-02-27T23:54:48.879+0000] {dag.py:2585} INFO - Sync 1 DAGs
[2025-02-27T23:54:48.891+0000] {logging_mixin.py:120} INFO - [2025-02-27T23:54:48.891+0000] {dag.py:3340} INFO - Setting next_dagrun for example_short_circuit_operator to 2025-02-26T23:54:48.890949+00:00, run_after=2025-02-27T23:54:48.890949+00:00
[2025-02-27T23:54:48.900+0000] {processor.py:176} INFO - Processing /home/airflow/.local/lib/python3.7/site-packages/airflow/example_dags/example_short_circuit_operator.py took 0.051 seconds
[2025-02-27T23:55:19.622+0000] {processor.py:154} INFO - Started process (PID=1058) to work on /home/airflow/.local/lib/python3.7/site-packages/airflow/example_dags/example_short_circuit_operator.py
[2025-02-27T23:55:19.623+0000] {processor.py:756} INFO - Processing file /home/airflow/.local/lib/python3.7/site-packages/airflow/example_dags/example_short_circuit_operator.py for tasks to queue
[2025-02-27T23:55:19.623+0000] {logging_mixin.py:120} INFO - [2025-02-27T23:55:19.623+0000] {dagbag.py:537} INFO - Filling up the DagBag from /home/airflow/.local/lib/python3.7/site-packages/airflow/example_dags/example_short_circuit_operator.py
[2025-02-27T23:55:19.631+0000] {processor.py:766} INFO - DAG(s) dict_keys(['example_short_circuit_operator']) retrieved from /home/airflow/.local/lib/python3.7/site-packages/airflow/example_dags/example_short_circuit_operator.py
[2025-02-27T23:55:19.651+0000] {logging_mixin.py:120} INFO - [2025-02-27T23:55:19.651+0000] {dag.py:2585} INFO - Sync 1 DAGs
[2025-02-27T23:55:19.663+0000] {logging_mixin.py:120} INFO - [2025-02-27T23:55:19.663+0000] {dag.py:3340} INFO - Setting next_dagrun for example_short_circuit_operator to 2025-02-26T23:55:19.663274+00:00, run_after=2025-02-27T23:55:19.663274+00:00
[2025-02-27T23:55:19.672+0000] {processor.py:176} INFO - Processing /home/airflow/.local/lib/python3.7/site-packages/airflow/example_dags/example_short_circuit_operator.py took 0.052 seconds
[2025-02-27T23:55:50.449+0000] {processor.py:154} INFO - Started process (PID=1122) to work on /home/airflow/.local/lib/python3.7/site-packages/airflow/example_dags/example_short_circuit_operator.py
[2025-02-27T23:55:50.450+0000] {processor.py:756} INFO - Processing file /home/airflow/.local/lib/python3.7/site-packages/airflow/example_dags/example_short_circuit_operator.py for tasks to queue
[2025-02-27T23:55:50.451+0000] {logging_mixin.py:120} INFO - [2025-02-27T23:55:50.451+0000] {dagbag.py:537} INFO - Filling up the DagBag from /home/airflow/.local/lib/python3.7/site-packages/airflow/example_dags/example_short_circuit_operator.py
[2025-02-27T23:55:50.459+0000] {processor.py:766} INFO - DAG(s) dict_keys(['example_short_circuit_operator']) retrieved from /home/airflow/.local/lib/python3.7/site-packages/airflow/example_dags/example_short_circuit_operator.py
[2025-02-27T23:55:50.479+0000] {logging_mixin.py:120} INFO - [2025-02-27T23:55:50.479+0000] {dag.py:2585} INFO - Sync 1 DAGs
[2025-02-27T23:55:50.490+0000] {logging_mixin.py:120} INFO - [2025-02-27T23:55:50.490+0000] {dag.py:3340} INFO - Setting next_dagrun for example_short_circuit_operator to 2025-02-26T23:55:50.490780+00:00, run_after=2025-02-27T23:55:50.490780+00:00
[2025-02-27T23:55:50.499+0000] {processor.py:176} INFO - Processing /home/airflow/.local/lib/python3.7/site-packages/airflow/example_dags/example_short_circuit_operator.py took 0.052 seconds
[2025-02-27T23:56:21.165+0000] {processor.py:154} INFO - Started process (PID=1186) to work on /home/airflow/.local/lib/python3.7/site-packages/airflow/example_dags/example_short_circuit_operator.py
[2025-02-27T23:56:21.167+0000] {processor.py:756} INFO - Processing file /home/airflow/.local/lib/python3.7/site-packages/airflow/example_dags/example_short_circuit_operator.py for tasks to queue
[2025-02-27T23:56:21.168+0000] {logging_mixin.py:120} INFO - [2025-02-27T23:56:21.168+0000] {dagbag.py:537} INFO - Filling up the DagBag from /home/airflow/.local/lib/python3.7/site-packages/airflow/example_dags/example_short_circuit_operator.py
[2025-02-27T23:56:21.177+0000] {processor.py:766} INFO - DAG(s) dict_keys(['example_short_circuit_operator']) retrieved from /home/airflow/.local/lib/python3.7/site-packages/airflow/example_dags/example_short_circuit_operator.py
[2025-02-27T23:56:21.198+0000] {logging_mixin.py:120} INFO - [2025-02-27T23:56:21.198+0000] {dag.py:2585} INFO - Sync 1 DAGs
[2025-02-27T23:56:21.210+0000] {logging_mixin.py:120} INFO - [2025-02-27T23:56:21.210+0000] {dag.py:3340} INFO - Setting next_dagrun for example_short_circuit_operator to 2025-02-26T23:56:21.210728+00:00, run_after=2025-02-27T23:56:21.210728+00:00
[2025-02-27T23:56:21.221+0000] {processor.py:176} INFO - Processing /home/airflow/.local/lib/python3.7/site-packages/airflow/example_dags/example_short_circuit_operator.py took 0.057 seconds
[2025-02-27T23:56:51.998+0000] {processor.py:154} INFO - Started process (PID=1250) to work on /home/airflow/.local/lib/python3.7/site-packages/airflow/example_dags/example_short_circuit_operator.py
[2025-02-27T23:56:51.999+0000] {processor.py:756} INFO - Processing file /home/airflow/.local/lib/python3.7/site-packages/airflow/example_dags/example_short_circuit_operator.py for tasks to queue
[2025-02-27T23:56:51.999+0000] {logging_mixin.py:120} INFO - [2025-02-27T23:56:51.999+0000] {dagbag.py:537} INFO - Filling up the DagBag from /home/airflow/.local/lib/python3.7/site-packages/airflow/example_dags/example_short_circuit_operator.py
[2025-02-27T23:56:52.008+0000] {processor.py:766} INFO - DAG(s) dict_keys(['example_short_circuit_operator']) retrieved from /home/airflow/.local/lib/python3.7/site-packages/airflow/example_dags/example_short_circuit_operator.py
[2025-02-27T23:56:52.027+0000] {logging_mixin.py:120} INFO - [2025-02-27T23:56:52.027+0000] {dag.py:2585} INFO - Sync 1 DAGs
[2025-02-27T23:56:52.040+0000] {logging_mixin.py:120} INFO - [2025-02-27T23:56:52.040+0000] {dag.py:3340} INFO - Setting next_dagrun for example_short_circuit_operator to 2025-02-26T23:56:52.040525+00:00, run_after=2025-02-27T23:56:52.040525+00:00
[2025-02-27T23:56:52.050+0000] {processor.py:176} INFO - Processing /home/airflow/.local/lib/python3.7/site-packages/airflow/example_dags/example_short_circuit_operator.py took 0.053 seconds
[2025-02-27T23:57:22.942+0000] {processor.py:154} INFO - Started process (PID=1314) to work on /home/airflow/.local/lib/python3.7/site-packages/airflow/example_dags/example_short_circuit_operator.py
[2025-02-27T23:57:22.943+0000] {processor.py:756} INFO - Processing file /home/airflow/.local/lib/python3.7/site-packages/airflow/example_dags/example_short_circuit_operator.py for tasks to queue
[2025-02-27T23:57:22.943+0000] {logging_mixin.py:120} INFO - [2025-02-27T23:57:22.943+0000] {dagbag.py:537} INFO - Filling up the DagBag from /home/airflow/.local/lib/python3.7/site-packages/airflow/example_dags/example_short_circuit_operator.py
[2025-02-27T23:57:22.952+0000] {processor.py:766} INFO - DAG(s) dict_keys(['example_short_circuit_operator']) retrieved from /home/airflow/.local/lib/python3.7/site-packages/airflow/example_dags/example_short_circuit_operator.py
[2025-02-27T23:57:22.973+0000] {logging_mixin.py:120} INFO - [2025-02-27T23:57:22.973+0000] {dag.py:2585} INFO - Sync 1 DAGs
[2025-02-27T23:57:22.987+0000] {logging_mixin.py:120} INFO - [2025-02-27T23:57:22.987+0000] {dag.py:3340} INFO - Setting next_dagrun for example_short_circuit_operator to 2025-02-26T23:57:22.987193+00:00, run_after=2025-02-27T23:57:22.987193+00:00
[2025-02-27T23:57:22.997+0000] {processor.py:176} INFO - Processing /home/airflow/.local/lib/python3.7/site-packages/airflow/example_dags/example_short_circuit_operator.py took 0.057 seconds
[2025-02-27T23:57:53.762+0000] {processor.py:154} INFO - Started process (PID=1377) to work on /home/airflow/.local/lib/python3.7/site-packages/airflow/example_dags/example_short_circuit_operator.py
[2025-02-27T23:57:53.763+0000] {processor.py:756} INFO - Processing file /home/airflow/.local/lib/python3.7/site-packages/airflow/example_dags/example_short_circuit_operator.py for tasks to queue
[2025-02-27T23:57:53.764+0000] {logging_mixin.py:120} INFO - [2025-02-27T23:57:53.764+0000] {dagbag.py:537} INFO - Filling up the DagBag from /home/airflow/.local/lib/python3.7/site-packages/airflow/example_dags/example_short_circuit_operator.py
[2025-02-27T23:57:53.772+0000] {processor.py:766} INFO - DAG(s) dict_keys(['example_short_circuit_operator']) retrieved from /home/airflow/.local/lib/python3.7/site-packages/airflow/example_dags/example_short_circuit_operator.py
[2025-02-27T23:57:53.792+0000] {logging_mixin.py:120} INFO - [2025-02-27T23:57:53.792+0000] {dag.py:2585} INFO - Sync 1 DAGs
[2025-02-27T23:57:53.805+0000] {logging_mixin.py:120} INFO - [2025-02-27T23:57:53.805+0000] {dag.py:3340} INFO - Setting next_dagrun for example_short_circuit_operator to 2025-02-26T23:57:53.804910+00:00, run_after=2025-02-27T23:57:53.804910+00:00
[2025-02-27T23:57:53.814+0000] {processor.py:176} INFO - Processing /home/airflow/.local/lib/python3.7/site-packages/airflow/example_dags/example_short_circuit_operator.py took 0.054 seconds
[2025-02-27T23:58:24.635+0000] {processor.py:154} INFO - Started process (PID=1440) to work on /home/airflow/.local/lib/python3.7/site-packages/airflow/example_dags/example_short_circuit_operator.py
[2025-02-27T23:58:24.636+0000] {processor.py:756} INFO - Processing file /home/airflow/.local/lib/python3.7/site-packages/airflow/example_dags/example_short_circuit_operator.py for tasks to queue
[2025-02-27T23:58:24.636+0000] {logging_mixin.py:120} INFO - [2025-02-27T23:58:24.636+0000] {dagbag.py:537} INFO - Filling up the DagBag from /home/airflow/.local/lib/python3.7/site-packages/airflow/example_dags/example_short_circuit_operator.py
[2025-02-27T23:58:24.645+0000] {processor.py:766} INFO - DAG(s) dict_keys(['example_short_circuit_operator']) retrieved from /home/airflow/.local/lib/python3.7/site-packages/airflow/example_dags/example_short_circuit_operator.py
[2025-02-27T23:58:24.666+0000] {logging_mixin.py:120} INFO - [2025-02-27T23:58:24.666+0000] {dag.py:2585} INFO - Sync 1 DAGs
[2025-02-27T23:58:24.677+0000] {logging_mixin.py:120} INFO - [2025-02-27T23:58:24.677+0000] {dag.py:3340} INFO - Setting next_dagrun for example_short_circuit_operator to 2025-02-26T23:58:24.677004+00:00, run_after=2025-02-27T23:58:24.677004+00:00
[2025-02-27T23:58:24.687+0000] {processor.py:176} INFO - Processing /home/airflow/.local/lib/python3.7/site-packages/airflow/example_dags/example_short_circuit_operator.py took 0.053 seconds
[2025-02-27T23:58:55.358+0000] {processor.py:154} INFO - Started process (PID=1495) to work on /home/airflow/.local/lib/python3.7/site-packages/airflow/example_dags/example_short_circuit_operator.py
[2025-02-27T23:58:55.359+0000] {processor.py:756} INFO - Processing file /home/airflow/.local/lib/python3.7/site-packages/airflow/example_dags/example_short_circuit_operator.py for tasks to queue
[2025-02-27T23:58:55.359+0000] {logging_mixin.py:120} INFO - [2025-02-27T23:58:55.359+0000] {dagbag.py:537} INFO - Filling up the DagBag from /home/airflow/.local/lib/python3.7/site-packages/airflow/example_dags/example_short_circuit_operator.py
[2025-02-27T23:58:55.367+0000] {processor.py:766} INFO - DAG(s) dict_keys(['example_short_circuit_operator']) retrieved from /home/airflow/.local/lib/python3.7/site-packages/airflow/example_dags/example_short_circuit_operator.py
[2025-02-27T23:58:55.386+0000] {logging_mixin.py:120} INFO - [2025-02-27T23:58:55.386+0000] {dag.py:2585} INFO - Sync 1 DAGs
[2025-02-27T23:58:55.397+0000] {logging_mixin.py:120} INFO - [2025-02-27T23:58:55.397+0000] {dag.py:3340} INFO - Setting next_dagrun for example_short_circuit_operator to 2025-02-26T23:58:55.397438+00:00, run_after=2025-02-27T23:58:55.397438+00:00
[2025-02-27T23:58:55.406+0000] {processor.py:176} INFO - Processing /home/airflow/.local/lib/python3.7/site-packages/airflow/example_dags/example_short_circuit_operator.py took 0.050 seconds
[2025-02-27T23:59:26.091+0000] {processor.py:154} INFO - Started process (PID=1559) to work on /home/airflow/.local/lib/python3.7/site-packages/airflow/example_dags/example_short_circuit_operator.py
[2025-02-27T23:59:26.092+0000] {processor.py:756} INFO - Processing file /home/airflow/.local/lib/python3.7/site-packages/airflow/example_dags/example_short_circuit_operator.py for tasks to queue
[2025-02-27T23:59:26.092+0000] {logging_mixin.py:120} INFO - [2025-02-27T23:59:26.092+0000] {dagbag.py:537} INFO - Filling up the DagBag from /home/airflow/.local/lib/python3.7/site-packages/airflow/example_dags/example_short_circuit_operator.py
[2025-02-27T23:59:26.101+0000] {processor.py:766} INFO - DAG(s) dict_keys(['example_short_circuit_operator']) retrieved from /home/airflow/.local/lib/python3.7/site-packages/airflow/example_dags/example_short_circuit_operator.py
[2025-02-27T23:59:26.121+0000] {logging_mixin.py:120} INFO - [2025-02-27T23:59:26.121+0000] {dag.py:2585} INFO - Sync 1 DAGs
[2025-02-27T23:59:26.132+0000] {logging_mixin.py:120} INFO - [2025-02-27T23:59:26.132+0000] {dag.py:3340} INFO - Setting next_dagrun for example_short_circuit_operator to 2025-02-26T23:59:26.132816+00:00, run_after=2025-02-27T23:59:26.132816+00:00
[2025-02-27T23:59:26.141+0000] {processor.py:176} INFO - Processing /home/airflow/.local/lib/python3.7/site-packages/airflow/example_dags/example_short_circuit_operator.py took 0.052 seconds
[2025-02-27T23:59:56.907+0000] {processor.py:154} INFO - Started process (PID=1623) to work on /home/airflow/.local/lib/python3.7/site-packages/airflow/example_dags/example_short_circuit_operator.py
[2025-02-27T23:59:56.908+0000] {processor.py:756} INFO - Processing file /home/airflow/.local/lib/python3.7/site-packages/airflow/example_dags/example_short_circuit_operator.py for tasks to queue
[2025-02-27T23:59:56.908+0000] {logging_mixin.py:120} INFO - [2025-02-27T23:59:56.908+0000] {dagbag.py:537} INFO - Filling up the DagBag from /home/airflow/.local/lib/python3.7/site-packages/airflow/example_dags/example_short_circuit_operator.py
[2025-02-27T23:59:56.917+0000] {processor.py:766} INFO - DAG(s) dict_keys(['example_short_circuit_operator']) retrieved from /home/airflow/.local/lib/python3.7/site-packages/airflow/example_dags/example_short_circuit_operator.py
[2025-02-27T23:59:56.936+0000] {logging_mixin.py:120} INFO - [2025-02-27T23:59:56.936+0000] {dag.py:2585} INFO - Sync 1 DAGs
[2025-02-27T23:59:56.949+0000] {logging_mixin.py:120} INFO - [2025-02-27T23:59:56.949+0000] {dag.py:3340} INFO - Setting next_dagrun for example_short_circuit_operator to 2025-02-26T23:59:56.949081+00:00, run_after=2025-02-27T23:59:56.949081+00:00
[2025-02-27T23:59:56.958+0000] {processor.py:176} INFO - Processing /home/airflow/.local/lib/python3.7/site-packages/airflow/example_dags/example_short_circuit_operator.py took 0.053 seconds
