[2025-02-27T23:47:08.085+0000] {processor.py:154} INFO - Started process (PID=65) to work on /home/airflow/.local/lib/python3.7/site-packages/airflow/example_dags/example_local_kubernetes_executor.py
[2025-02-27T23:47:08.088+0000] {processor.py:756} INFO - Processing file /home/airflow/.local/lib/python3.7/site-packages/airflow/example_dags/example_local_kubernetes_executor.py for tasks to queue
[2025-02-27T23:47:08.091+0000] {logging_mixin.py:120} INFO - [2025-02-27T23:47:08.090+0000] {dagbag.py:537} INFO - Filling up the DagBag from /home/airflow/.local/lib/python3.7/site-packages/airflow/example_dags/example_local_kubernetes_executor.py
[2025-02-27T23:47:08.125+0000] {processor.py:766} INFO - DAG(s) dict_keys(['example_local_kubernetes_executor']) retrieved from /home/airflow/.local/lib/python3.7/site-packages/airflow/example_dags/example_local_kubernetes_executor.py
[2025-02-27T23:47:08.164+0000] {logging_mixin.py:120} INFO - [2025-02-27T23:47:08.164+0000] {dag.py:2585} INFO - Sync 1 DAGs
[2025-02-27T23:47:08.197+0000] {logging_mixin.py:120} INFO - [2025-02-27T23:47:08.197+0000] {dag.py:3340} INFO - Setting next_dagrun for example_local_kubernetes_executor to None, run_after=None
[2025-02-27T23:47:08.215+0000] {processor.py:176} INFO - Processing /home/airflow/.local/lib/python3.7/site-packages/airflow/example_dags/example_local_kubernetes_executor.py took 0.140 seconds
[2025-02-27T23:47:38.367+0000] {processor.py:154} INFO - Started process (PID=129) to work on /home/airflow/.local/lib/python3.7/site-packages/airflow/example_dags/example_local_kubernetes_executor.py
[2025-02-27T23:47:38.368+0000] {processor.py:756} INFO - Processing file /home/airflow/.local/lib/python3.7/site-packages/airflow/example_dags/example_local_kubernetes_executor.py for tasks to queue
[2025-02-27T23:47:38.368+0000] {logging_mixin.py:120} INFO - [2025-02-27T23:47:38.368+0000] {dagbag.py:537} INFO - Filling up the DagBag from /home/airflow/.local/lib/python3.7/site-packages/airflow/example_dags/example_local_kubernetes_executor.py
[2025-02-27T23:47:38.380+0000] {processor.py:766} INFO - DAG(s) dict_keys(['example_local_kubernetes_executor']) retrieved from /home/airflow/.local/lib/python3.7/site-packages/airflow/example_dags/example_local_kubernetes_executor.py
[2025-02-27T23:47:38.400+0000] {logging_mixin.py:120} INFO - [2025-02-27T23:47:38.400+0000] {dag.py:2585} INFO - Sync 1 DAGs
[2025-02-27T23:47:38.433+0000] {logging_mixin.py:120} INFO - [2025-02-27T23:47:38.433+0000] {dag.py:3340} INFO - Setting next_dagrun for example_local_kubernetes_executor to None, run_after=None
[2025-02-27T23:47:38.454+0000] {processor.py:176} INFO - Processing /home/airflow/.local/lib/python3.7/site-packages/airflow/example_dags/example_local_kubernetes_executor.py took 0.088 seconds
[2025-02-27T23:48:09.007+0000] {processor.py:154} INFO - Started process (PID=194) to work on /home/airflow/.local/lib/python3.7/site-packages/airflow/example_dags/example_local_kubernetes_executor.py
[2025-02-27T23:48:09.008+0000] {processor.py:756} INFO - Processing file /home/airflow/.local/lib/python3.7/site-packages/airflow/example_dags/example_local_kubernetes_executor.py for tasks to queue
[2025-02-27T23:48:09.008+0000] {logging_mixin.py:120} INFO - [2025-02-27T23:48:09.008+0000] {dagbag.py:537} INFO - Filling up the DagBag from /home/airflow/.local/lib/python3.7/site-packages/airflow/example_dags/example_local_kubernetes_executor.py
[2025-02-27T23:48:09.020+0000] {processor.py:766} INFO - DAG(s) dict_keys(['example_local_kubernetes_executor']) retrieved from /home/airflow/.local/lib/python3.7/site-packages/airflow/example_dags/example_local_kubernetes_executor.py
[2025-02-27T23:48:09.033+0000] {logging_mixin.py:120} INFO - [2025-02-27T23:48:09.033+0000] {dag.py:2585} INFO - Sync 1 DAGs
[2025-02-27T23:48:09.049+0000] {logging_mixin.py:120} INFO - [2025-02-27T23:48:09.048+0000] {dag.py:3340} INFO - Setting next_dagrun for example_local_kubernetes_executor to None, run_after=None
[2025-02-27T23:48:09.059+0000] {processor.py:176} INFO - Processing /home/airflow/.local/lib/python3.7/site-packages/airflow/example_dags/example_local_kubernetes_executor.py took 0.054 seconds
[2025-02-27T23:48:39.955+0000] {processor.py:154} INFO - Started process (PID=258) to work on /home/airflow/.local/lib/python3.7/site-packages/airflow/example_dags/example_local_kubernetes_executor.py
[2025-02-27T23:48:39.956+0000] {processor.py:756} INFO - Processing file /home/airflow/.local/lib/python3.7/site-packages/airflow/example_dags/example_local_kubernetes_executor.py for tasks to queue
[2025-02-27T23:48:39.957+0000] {logging_mixin.py:120} INFO - [2025-02-27T23:48:39.957+0000] {dagbag.py:537} INFO - Filling up the DagBag from /home/airflow/.local/lib/python3.7/site-packages/airflow/example_dags/example_local_kubernetes_executor.py
[2025-02-27T23:48:39.968+0000] {processor.py:766} INFO - DAG(s) dict_keys(['example_local_kubernetes_executor']) retrieved from /home/airflow/.local/lib/python3.7/site-packages/airflow/example_dags/example_local_kubernetes_executor.py
[2025-02-27T23:48:39.988+0000] {logging_mixin.py:120} INFO - [2025-02-27T23:48:39.988+0000] {dag.py:2585} INFO - Sync 1 DAGs
[2025-02-27T23:48:40.000+0000] {logging_mixin.py:120} INFO - [2025-02-27T23:48:40.000+0000] {dag.py:3340} INFO - Setting next_dagrun for example_local_kubernetes_executor to None, run_after=None
[2025-02-27T23:48:40.011+0000] {processor.py:176} INFO - Processing /home/airflow/.local/lib/python3.7/site-packages/airflow/example_dags/example_local_kubernetes_executor.py took 0.057 seconds
[2025-02-27T23:49:10.896+0000] {processor.py:154} INFO - Started process (PID=322) to work on /home/airflow/.local/lib/python3.7/site-packages/airflow/example_dags/example_local_kubernetes_executor.py
[2025-02-27T23:49:10.897+0000] {processor.py:756} INFO - Processing file /home/airflow/.local/lib/python3.7/site-packages/airflow/example_dags/example_local_kubernetes_executor.py for tasks to queue
[2025-02-27T23:49:10.897+0000] {logging_mixin.py:120} INFO - [2025-02-27T23:49:10.897+0000] {dagbag.py:537} INFO - Filling up the DagBag from /home/airflow/.local/lib/python3.7/site-packages/airflow/example_dags/example_local_kubernetes_executor.py
[2025-02-27T23:49:10.909+0000] {processor.py:766} INFO - DAG(s) dict_keys(['example_local_kubernetes_executor']) retrieved from /home/airflow/.local/lib/python3.7/site-packages/airflow/example_dags/example_local_kubernetes_executor.py
[2025-02-27T23:49:10.930+0000] {logging_mixin.py:120} INFO - [2025-02-27T23:49:10.930+0000] {dag.py:2585} INFO - Sync 1 DAGs
[2025-02-27T23:49:10.943+0000] {logging_mixin.py:120} INFO - [2025-02-27T23:49:10.943+0000] {dag.py:3340} INFO - Setting next_dagrun for example_local_kubernetes_executor to None, run_after=None
[2025-02-27T23:49:10.956+0000] {processor.py:176} INFO - Processing /home/airflow/.local/lib/python3.7/site-packages/airflow/example_dags/example_local_kubernetes_executor.py took 0.061 seconds
[2025-02-27T23:49:41.685+0000] {processor.py:154} INFO - Started process (PID=386) to work on /home/airflow/.local/lib/python3.7/site-packages/airflow/example_dags/example_local_kubernetes_executor.py
[2025-02-27T23:49:41.686+0000] {processor.py:756} INFO - Processing file /home/airflow/.local/lib/python3.7/site-packages/airflow/example_dags/example_local_kubernetes_executor.py for tasks to queue
[2025-02-27T23:49:41.686+0000] {logging_mixin.py:120} INFO - [2025-02-27T23:49:41.686+0000] {dagbag.py:537} INFO - Filling up the DagBag from /home/airflow/.local/lib/python3.7/site-packages/airflow/example_dags/example_local_kubernetes_executor.py
[2025-02-27T23:49:41.698+0000] {processor.py:766} INFO - DAG(s) dict_keys(['example_local_kubernetes_executor']) retrieved from /home/airflow/.local/lib/python3.7/site-packages/airflow/example_dags/example_local_kubernetes_executor.py
[2025-02-27T23:49:41.718+0000] {logging_mixin.py:120} INFO - [2025-02-27T23:49:41.718+0000] {dag.py:2585} INFO - Sync 1 DAGs
[2025-02-27T23:49:41.730+0000] {logging_mixin.py:120} INFO - [2025-02-27T23:49:41.730+0000] {dag.py:3340} INFO - Setting next_dagrun for example_local_kubernetes_executor to None, run_after=None
[2025-02-27T23:49:41.739+0000] {processor.py:176} INFO - Processing /home/airflow/.local/lib/python3.7/site-packages/airflow/example_dags/example_local_kubernetes_executor.py took 0.055 seconds
[2025-02-27T23:50:12.492+0000] {processor.py:154} INFO - Started process (PID=450) to work on /home/airflow/.local/lib/python3.7/site-packages/airflow/example_dags/example_local_kubernetes_executor.py
[2025-02-27T23:50:12.493+0000] {processor.py:756} INFO - Processing file /home/airflow/.local/lib/python3.7/site-packages/airflow/example_dags/example_local_kubernetes_executor.py for tasks to queue
[2025-02-27T23:50:12.493+0000] {logging_mixin.py:120} INFO - [2025-02-27T23:50:12.493+0000] {dagbag.py:537} INFO - Filling up the DagBag from /home/airflow/.local/lib/python3.7/site-packages/airflow/example_dags/example_local_kubernetes_executor.py
[2025-02-27T23:50:12.505+0000] {processor.py:766} INFO - DAG(s) dict_keys(['example_local_kubernetes_executor']) retrieved from /home/airflow/.local/lib/python3.7/site-packages/airflow/example_dags/example_local_kubernetes_executor.py
[2025-02-27T23:50:12.526+0000] {logging_mixin.py:120} INFO - [2025-02-27T23:50:12.526+0000] {dag.py:2585} INFO - Sync 1 DAGs
[2025-02-27T23:50:12.538+0000] {logging_mixin.py:120} INFO - [2025-02-27T23:50:12.538+0000] {dag.py:3340} INFO - Setting next_dagrun for example_local_kubernetes_executor to None, run_after=None
[2025-02-27T23:50:12.548+0000] {processor.py:176} INFO - Processing /home/airflow/.local/lib/python3.7/site-packages/airflow/example_dags/example_local_kubernetes_executor.py took 0.059 seconds
[2025-02-27T23:50:43.386+0000] {processor.py:154} INFO - Started process (PID=505) to work on /home/airflow/.local/lib/python3.7/site-packages/airflow/example_dags/example_local_kubernetes_executor.py
[2025-02-27T23:50:43.387+0000] {processor.py:756} INFO - Processing file /home/airflow/.local/lib/python3.7/site-packages/airflow/example_dags/example_local_kubernetes_executor.py for tasks to queue
[2025-02-27T23:50:43.387+0000] {logging_mixin.py:120} INFO - [2025-02-27T23:50:43.387+0000] {dagbag.py:537} INFO - Filling up the DagBag from /home/airflow/.local/lib/python3.7/site-packages/airflow/example_dags/example_local_kubernetes_executor.py
[2025-02-27T23:50:43.398+0000] {processor.py:766} INFO - DAG(s) dict_keys(['example_local_kubernetes_executor']) retrieved from /home/airflow/.local/lib/python3.7/site-packages/airflow/example_dags/example_local_kubernetes_executor.py
[2025-02-27T23:50:43.418+0000] {logging_mixin.py:120} INFO - [2025-02-27T23:50:43.418+0000] {dag.py:2585} INFO - Sync 1 DAGs
[2025-02-27T23:50:43.430+0000] {logging_mixin.py:120} INFO - [2025-02-27T23:50:43.430+0000] {dag.py:3340} INFO - Setting next_dagrun for example_local_kubernetes_executor to None, run_after=None
[2025-02-27T23:50:43.440+0000] {processor.py:176} INFO - Processing /home/airflow/.local/lib/python3.7/site-packages/airflow/example_dags/example_local_kubernetes_executor.py took 0.057 seconds
[2025-02-27T23:51:14.255+0000] {processor.py:154} INFO - Started process (PID=569) to work on /home/airflow/.local/lib/python3.7/site-packages/airflow/example_dags/example_local_kubernetes_executor.py
[2025-02-27T23:51:14.255+0000] {processor.py:756} INFO - Processing file /home/airflow/.local/lib/python3.7/site-packages/airflow/example_dags/example_local_kubernetes_executor.py for tasks to queue
[2025-02-27T23:51:14.256+0000] {logging_mixin.py:120} INFO - [2025-02-27T23:51:14.256+0000] {dagbag.py:537} INFO - Filling up the DagBag from /home/airflow/.local/lib/python3.7/site-packages/airflow/example_dags/example_local_kubernetes_executor.py
[2025-02-27T23:51:14.267+0000] {processor.py:766} INFO - DAG(s) dict_keys(['example_local_kubernetes_executor']) retrieved from /home/airflow/.local/lib/python3.7/site-packages/airflow/example_dags/example_local_kubernetes_executor.py
[2025-02-27T23:51:14.286+0000] {logging_mixin.py:120} INFO - [2025-02-27T23:51:14.286+0000] {dag.py:2585} INFO - Sync 1 DAGs
[2025-02-27T23:51:14.299+0000] {logging_mixin.py:120} INFO - [2025-02-27T23:51:14.299+0000] {dag.py:3340} INFO - Setting next_dagrun for example_local_kubernetes_executor to None, run_after=None
[2025-02-27T23:51:14.312+0000] {processor.py:176} INFO - Processing /home/airflow/.local/lib/python3.7/site-packages/airflow/example_dags/example_local_kubernetes_executor.py took 0.059 seconds
[2025-02-27T23:51:45.106+0000] {processor.py:154} INFO - Started process (PID=633) to work on /home/airflow/.local/lib/python3.7/site-packages/airflow/example_dags/example_local_kubernetes_executor.py
[2025-02-27T23:51:45.107+0000] {processor.py:756} INFO - Processing file /home/airflow/.local/lib/python3.7/site-packages/airflow/example_dags/example_local_kubernetes_executor.py for tasks to queue
[2025-02-27T23:51:45.107+0000] {logging_mixin.py:120} INFO - [2025-02-27T23:51:45.107+0000] {dagbag.py:537} INFO - Filling up the DagBag from /home/airflow/.local/lib/python3.7/site-packages/airflow/example_dags/example_local_kubernetes_executor.py
[2025-02-27T23:51:45.119+0000] {processor.py:766} INFO - DAG(s) dict_keys(['example_local_kubernetes_executor']) retrieved from /home/airflow/.local/lib/python3.7/site-packages/airflow/example_dags/example_local_kubernetes_executor.py
[2025-02-27T23:51:45.138+0000] {logging_mixin.py:120} INFO - [2025-02-27T23:51:45.138+0000] {dag.py:2585} INFO - Sync 1 DAGs
[2025-02-27T23:51:45.151+0000] {logging_mixin.py:120} INFO - [2025-02-27T23:51:45.151+0000] {dag.py:3340} INFO - Setting next_dagrun for example_local_kubernetes_executor to None, run_after=None
[2025-02-27T23:51:45.160+0000] {processor.py:176} INFO - Processing /home/airflow/.local/lib/python3.7/site-packages/airflow/example_dags/example_local_kubernetes_executor.py took 0.056 seconds
[2025-02-27T23:52:15.982+0000] {processor.py:154} INFO - Started process (PID=697) to work on /home/airflow/.local/lib/python3.7/site-packages/airflow/example_dags/example_local_kubernetes_executor.py
[2025-02-27T23:52:15.983+0000] {processor.py:756} INFO - Processing file /home/airflow/.local/lib/python3.7/site-packages/airflow/example_dags/example_local_kubernetes_executor.py for tasks to queue
[2025-02-27T23:52:15.983+0000] {logging_mixin.py:120} INFO - [2025-02-27T23:52:15.983+0000] {dagbag.py:537} INFO - Filling up the DagBag from /home/airflow/.local/lib/python3.7/site-packages/airflow/example_dags/example_local_kubernetes_executor.py
[2025-02-27T23:52:15.995+0000] {processor.py:766} INFO - DAG(s) dict_keys(['example_local_kubernetes_executor']) retrieved from /home/airflow/.local/lib/python3.7/site-packages/airflow/example_dags/example_local_kubernetes_executor.py
[2025-02-27T23:52:16.015+0000] {logging_mixin.py:120} INFO - [2025-02-27T23:52:16.015+0000] {dag.py:2585} INFO - Sync 1 DAGs
[2025-02-27T23:52:16.027+0000] {logging_mixin.py:120} INFO - [2025-02-27T23:52:16.027+0000] {dag.py:3340} INFO - Setting next_dagrun for example_local_kubernetes_executor to None, run_after=None
[2025-02-27T23:52:16.037+0000] {processor.py:176} INFO - Processing /home/airflow/.local/lib/python3.7/site-packages/airflow/example_dags/example_local_kubernetes_executor.py took 0.057 seconds
[2025-02-27T23:52:46.802+0000] {processor.py:154} INFO - Started process (PID=760) to work on /home/airflow/.local/lib/python3.7/site-packages/airflow/example_dags/example_local_kubernetes_executor.py
[2025-02-27T23:52:46.804+0000] {processor.py:756} INFO - Processing file /home/airflow/.local/lib/python3.7/site-packages/airflow/example_dags/example_local_kubernetes_executor.py for tasks to queue
[2025-02-27T23:52:46.804+0000] {logging_mixin.py:120} INFO - [2025-02-27T23:52:46.804+0000] {dagbag.py:537} INFO - Filling up the DagBag from /home/airflow/.local/lib/python3.7/site-packages/airflow/example_dags/example_local_kubernetes_executor.py
[2025-02-27T23:52:46.821+0000] {processor.py:766} INFO - DAG(s) dict_keys(['example_local_kubernetes_executor']) retrieved from /home/airflow/.local/lib/python3.7/site-packages/airflow/example_dags/example_local_kubernetes_executor.py
[2025-02-27T23:52:46.847+0000] {logging_mixin.py:120} INFO - [2025-02-27T23:52:46.847+0000] {dag.py:2585} INFO - Sync 1 DAGs
[2025-02-27T23:52:46.862+0000] {logging_mixin.py:120} INFO - [2025-02-27T23:52:46.862+0000] {dag.py:3340} INFO - Setting next_dagrun for example_local_kubernetes_executor to None, run_after=None
[2025-02-27T23:52:46.873+0000] {processor.py:176} INFO - Processing /home/airflow/.local/lib/python3.7/site-packages/airflow/example_dags/example_local_kubernetes_executor.py took 0.072 seconds
[2025-02-27T23:53:17.563+0000] {processor.py:154} INFO - Started process (PID=822) to work on /home/airflow/.local/lib/python3.7/site-packages/airflow/example_dags/example_local_kubernetes_executor.py
[2025-02-27T23:53:17.563+0000] {processor.py:756} INFO - Processing file /home/airflow/.local/lib/python3.7/site-packages/airflow/example_dags/example_local_kubernetes_executor.py for tasks to queue
[2025-02-27T23:53:17.564+0000] {logging_mixin.py:120} INFO - [2025-02-27T23:53:17.564+0000] {dagbag.py:537} INFO - Filling up the DagBag from /home/airflow/.local/lib/python3.7/site-packages/airflow/example_dags/example_local_kubernetes_executor.py
[2025-02-27T23:53:17.575+0000] {processor.py:766} INFO - DAG(s) dict_keys(['example_local_kubernetes_executor']) retrieved from /home/airflow/.local/lib/python3.7/site-packages/airflow/example_dags/example_local_kubernetes_executor.py
[2025-02-27T23:53:17.594+0000] {logging_mixin.py:120} INFO - [2025-02-27T23:53:17.594+0000] {dag.py:2585} INFO - Sync 1 DAGs
[2025-02-27T23:53:17.606+0000] {logging_mixin.py:120} INFO - [2025-02-27T23:53:17.606+0000] {dag.py:3340} INFO - Setting next_dagrun for example_local_kubernetes_executor to None, run_after=None
[2025-02-27T23:53:17.616+0000] {processor.py:176} INFO - Processing /home/airflow/.local/lib/python3.7/site-packages/airflow/example_dags/example_local_kubernetes_executor.py took 0.055 seconds
[2025-02-27T23:53:48.471+0000] {processor.py:154} INFO - Started process (PID=886) to work on /home/airflow/.local/lib/python3.7/site-packages/airflow/example_dags/example_local_kubernetes_executor.py
[2025-02-27T23:53:48.471+0000] {processor.py:756} INFO - Processing file /home/airflow/.local/lib/python3.7/site-packages/airflow/example_dags/example_local_kubernetes_executor.py for tasks to queue
[2025-02-27T23:53:48.472+0000] {logging_mixin.py:120} INFO - [2025-02-27T23:53:48.472+0000] {dagbag.py:537} INFO - Filling up the DagBag from /home/airflow/.local/lib/python3.7/site-packages/airflow/example_dags/example_local_kubernetes_executor.py
[2025-02-27T23:53:48.483+0000] {processor.py:766} INFO - DAG(s) dict_keys(['example_local_kubernetes_executor']) retrieved from /home/airflow/.local/lib/python3.7/site-packages/airflow/example_dags/example_local_kubernetes_executor.py
[2025-02-27T23:53:48.503+0000] {logging_mixin.py:120} INFO - [2025-02-27T23:53:48.503+0000] {dag.py:2585} INFO - Sync 1 DAGs
[2025-02-27T23:53:48.515+0000] {logging_mixin.py:120} INFO - [2025-02-27T23:53:48.515+0000] {dag.py:3340} INFO - Setting next_dagrun for example_local_kubernetes_executor to None, run_after=None
[2025-02-27T23:53:48.525+0000] {processor.py:176} INFO - Processing /home/airflow/.local/lib/python3.7/site-packages/airflow/example_dags/example_local_kubernetes_executor.py took 0.056 seconds
[2025-02-27T23:54:19.457+0000] {processor.py:154} INFO - Started process (PID=949) to work on /home/airflow/.local/lib/python3.7/site-packages/airflow/example_dags/example_local_kubernetes_executor.py
[2025-02-27T23:54:19.458+0000] {processor.py:756} INFO - Processing file /home/airflow/.local/lib/python3.7/site-packages/airflow/example_dags/example_local_kubernetes_executor.py for tasks to queue
[2025-02-27T23:54:19.459+0000] {logging_mixin.py:120} INFO - [2025-02-27T23:54:19.459+0000] {dagbag.py:537} INFO - Filling up the DagBag from /home/airflow/.local/lib/python3.7/site-packages/airflow/example_dags/example_local_kubernetes_executor.py
[2025-02-27T23:54:19.471+0000] {processor.py:766} INFO - DAG(s) dict_keys(['example_local_kubernetes_executor']) retrieved from /home/airflow/.local/lib/python3.7/site-packages/airflow/example_dags/example_local_kubernetes_executor.py
[2025-02-27T23:54:19.490+0000] {logging_mixin.py:120} INFO - [2025-02-27T23:54:19.490+0000] {dag.py:2585} INFO - Sync 1 DAGs
[2025-02-27T23:54:19.503+0000] {logging_mixin.py:120} INFO - [2025-02-27T23:54:19.503+0000] {dag.py:3340} INFO - Setting next_dagrun for example_local_kubernetes_executor to None, run_after=None
[2025-02-27T23:54:19.513+0000] {processor.py:176} INFO - Processing /home/airflow/.local/lib/python3.7/site-packages/airflow/example_dags/example_local_kubernetes_executor.py took 0.058 seconds
[2025-02-27T23:54:50.273+0000] {processor.py:154} INFO - Started process (PID=1013) to work on /home/airflow/.local/lib/python3.7/site-packages/airflow/example_dags/example_local_kubernetes_executor.py
[2025-02-27T23:54:50.274+0000] {processor.py:756} INFO - Processing file /home/airflow/.local/lib/python3.7/site-packages/airflow/example_dags/example_local_kubernetes_executor.py for tasks to queue
[2025-02-27T23:54:50.274+0000] {logging_mixin.py:120} INFO - [2025-02-27T23:54:50.274+0000] {dagbag.py:537} INFO - Filling up the DagBag from /home/airflow/.local/lib/python3.7/site-packages/airflow/example_dags/example_local_kubernetes_executor.py
[2025-02-27T23:54:50.287+0000] {processor.py:766} INFO - DAG(s) dict_keys(['example_local_kubernetes_executor']) retrieved from /home/airflow/.local/lib/python3.7/site-packages/airflow/example_dags/example_local_kubernetes_executor.py
[2025-02-27T23:54:50.311+0000] {logging_mixin.py:120} INFO - [2025-02-27T23:54:50.310+0000] {dag.py:2585} INFO - Sync 1 DAGs
[2025-02-27T23:54:50.326+0000] {logging_mixin.py:120} INFO - [2025-02-27T23:54:50.325+0000] {dag.py:3340} INFO - Setting next_dagrun for example_local_kubernetes_executor to None, run_after=None
[2025-02-27T23:54:50.336+0000] {processor.py:176} INFO - Processing /home/airflow/.local/lib/python3.7/site-packages/airflow/example_dags/example_local_kubernetes_executor.py took 0.065 seconds
[2025-02-27T23:55:21.048+0000] {processor.py:154} INFO - Started process (PID=1068) to work on /home/airflow/.local/lib/python3.7/site-packages/airflow/example_dags/example_local_kubernetes_executor.py
[2025-02-27T23:55:21.048+0000] {processor.py:756} INFO - Processing file /home/airflow/.local/lib/python3.7/site-packages/airflow/example_dags/example_local_kubernetes_executor.py for tasks to queue
[2025-02-27T23:55:21.049+0000] {logging_mixin.py:120} INFO - [2025-02-27T23:55:21.049+0000] {dagbag.py:537} INFO - Filling up the DagBag from /home/airflow/.local/lib/python3.7/site-packages/airflow/example_dags/example_local_kubernetes_executor.py
[2025-02-27T23:55:21.061+0000] {processor.py:766} INFO - DAG(s) dict_keys(['example_local_kubernetes_executor']) retrieved from /home/airflow/.local/lib/python3.7/site-packages/airflow/example_dags/example_local_kubernetes_executor.py
[2025-02-27T23:55:21.083+0000] {logging_mixin.py:120} INFO - [2025-02-27T23:55:21.082+0000] {dag.py:2585} INFO - Sync 1 DAGs
[2025-02-27T23:55:21.096+0000] {logging_mixin.py:120} INFO - [2025-02-27T23:55:21.096+0000] {dag.py:3340} INFO - Setting next_dagrun for example_local_kubernetes_executor to None, run_after=None
[2025-02-27T23:55:21.106+0000] {processor.py:176} INFO - Processing /home/airflow/.local/lib/python3.7/site-packages/airflow/example_dags/example_local_kubernetes_executor.py took 0.061 seconds
[2025-02-27T23:55:51.792+0000] {processor.py:154} INFO - Started process (PID=1132) to work on /home/airflow/.local/lib/python3.7/site-packages/airflow/example_dags/example_local_kubernetes_executor.py
[2025-02-27T23:55:51.793+0000] {processor.py:756} INFO - Processing file /home/airflow/.local/lib/python3.7/site-packages/airflow/example_dags/example_local_kubernetes_executor.py for tasks to queue
[2025-02-27T23:55:51.793+0000] {logging_mixin.py:120} INFO - [2025-02-27T23:55:51.793+0000] {dagbag.py:537} INFO - Filling up the DagBag from /home/airflow/.local/lib/python3.7/site-packages/airflow/example_dags/example_local_kubernetes_executor.py
[2025-02-27T23:55:51.806+0000] {processor.py:766} INFO - DAG(s) dict_keys(['example_local_kubernetes_executor']) retrieved from /home/airflow/.local/lib/python3.7/site-packages/airflow/example_dags/example_local_kubernetes_executor.py
[2025-02-27T23:55:51.827+0000] {logging_mixin.py:120} INFO - [2025-02-27T23:55:51.827+0000] {dag.py:2585} INFO - Sync 1 DAGs
[2025-02-27T23:55:51.840+0000] {logging_mixin.py:120} INFO - [2025-02-27T23:55:51.840+0000] {dag.py:3340} INFO - Setting next_dagrun for example_local_kubernetes_executor to None, run_after=None
[2025-02-27T23:55:51.851+0000] {processor.py:176} INFO - Processing /home/airflow/.local/lib/python3.7/site-packages/airflow/example_dags/example_local_kubernetes_executor.py took 0.061 seconds
[2025-02-27T23:56:22.553+0000] {processor.py:154} INFO - Started process (PID=1196) to work on /home/airflow/.local/lib/python3.7/site-packages/airflow/example_dags/example_local_kubernetes_executor.py
[2025-02-27T23:56:22.555+0000] {processor.py:756} INFO - Processing file /home/airflow/.local/lib/python3.7/site-packages/airflow/example_dags/example_local_kubernetes_executor.py for tasks to queue
[2025-02-27T23:56:22.555+0000] {logging_mixin.py:120} INFO - [2025-02-27T23:56:22.555+0000] {dagbag.py:537} INFO - Filling up the DagBag from /home/airflow/.local/lib/python3.7/site-packages/airflow/example_dags/example_local_kubernetes_executor.py
[2025-02-27T23:56:22.567+0000] {processor.py:766} INFO - DAG(s) dict_keys(['example_local_kubernetes_executor']) retrieved from /home/airflow/.local/lib/python3.7/site-packages/airflow/example_dags/example_local_kubernetes_executor.py
[2025-02-27T23:56:22.589+0000] {logging_mixin.py:120} INFO - [2025-02-27T23:56:22.589+0000] {dag.py:2585} INFO - Sync 1 DAGs
[2025-02-27T23:56:22.602+0000] {logging_mixin.py:120} INFO - [2025-02-27T23:56:22.602+0000] {dag.py:3340} INFO - Setting next_dagrun for example_local_kubernetes_executor to None, run_after=None
[2025-02-27T23:56:22.614+0000] {processor.py:176} INFO - Processing /home/airflow/.local/lib/python3.7/site-packages/airflow/example_dags/example_local_kubernetes_executor.py took 0.063 seconds
[2025-02-27T23:56:53.394+0000] {processor.py:154} INFO - Started process (PID=1260) to work on /home/airflow/.local/lib/python3.7/site-packages/airflow/example_dags/example_local_kubernetes_executor.py
[2025-02-27T23:56:53.395+0000] {processor.py:756} INFO - Processing file /home/airflow/.local/lib/python3.7/site-packages/airflow/example_dags/example_local_kubernetes_executor.py for tasks to queue
[2025-02-27T23:56:53.395+0000] {logging_mixin.py:120} INFO - [2025-02-27T23:56:53.395+0000] {dagbag.py:537} INFO - Filling up the DagBag from /home/airflow/.local/lib/python3.7/site-packages/airflow/example_dags/example_local_kubernetes_executor.py
[2025-02-27T23:56:53.408+0000] {processor.py:766} INFO - DAG(s) dict_keys(['example_local_kubernetes_executor']) retrieved from /home/airflow/.local/lib/python3.7/site-packages/airflow/example_dags/example_local_kubernetes_executor.py
[2025-02-27T23:56:53.429+0000] {logging_mixin.py:120} INFO - [2025-02-27T23:56:53.429+0000] {dag.py:2585} INFO - Sync 1 DAGs
[2025-02-27T23:56:53.441+0000] {logging_mixin.py:120} INFO - [2025-02-27T23:56:53.441+0000] {dag.py:3340} INFO - Setting next_dagrun for example_local_kubernetes_executor to None, run_after=None
[2025-02-27T23:56:53.452+0000] {processor.py:176} INFO - Processing /home/airflow/.local/lib/python3.7/site-packages/airflow/example_dags/example_local_kubernetes_executor.py took 0.061 seconds
[2025-02-27T23:57:24.324+0000] {processor.py:154} INFO - Started process (PID=1324) to work on /home/airflow/.local/lib/python3.7/site-packages/airflow/example_dags/example_local_kubernetes_executor.py
[2025-02-27T23:57:24.325+0000] {processor.py:756} INFO - Processing file /home/airflow/.local/lib/python3.7/site-packages/airflow/example_dags/example_local_kubernetes_executor.py for tasks to queue
[2025-02-27T23:57:24.326+0000] {logging_mixin.py:120} INFO - [2025-02-27T23:57:24.326+0000] {dagbag.py:537} INFO - Filling up the DagBag from /home/airflow/.local/lib/python3.7/site-packages/airflow/example_dags/example_local_kubernetes_executor.py
[2025-02-27T23:57:24.338+0000] {processor.py:766} INFO - DAG(s) dict_keys(['example_local_kubernetes_executor']) retrieved from /home/airflow/.local/lib/python3.7/site-packages/airflow/example_dags/example_local_kubernetes_executor.py
[2025-02-27T23:57:24.357+0000] {logging_mixin.py:120} INFO - [2025-02-27T23:57:24.357+0000] {dag.py:2585} INFO - Sync 1 DAGs
[2025-02-27T23:57:24.371+0000] {logging_mixin.py:120} INFO - [2025-02-27T23:57:24.371+0000] {dag.py:3340} INFO - Setting next_dagrun for example_local_kubernetes_executor to None, run_after=None
[2025-02-27T23:57:24.382+0000] {processor.py:176} INFO - Processing /home/airflow/.local/lib/python3.7/site-packages/airflow/example_dags/example_local_kubernetes_executor.py took 0.059 seconds
[2025-02-27T23:57:55.254+0000] {processor.py:154} INFO - Started process (PID=1387) to work on /home/airflow/.local/lib/python3.7/site-packages/airflow/example_dags/example_local_kubernetes_executor.py
[2025-02-27T23:57:55.255+0000] {processor.py:756} INFO - Processing file /home/airflow/.local/lib/python3.7/site-packages/airflow/example_dags/example_local_kubernetes_executor.py for tasks to queue
[2025-02-27T23:57:55.256+0000] {logging_mixin.py:120} INFO - [2025-02-27T23:57:55.256+0000] {dagbag.py:537} INFO - Filling up the DagBag from /home/airflow/.local/lib/python3.7/site-packages/airflow/example_dags/example_local_kubernetes_executor.py
[2025-02-27T23:57:55.268+0000] {processor.py:766} INFO - DAG(s) dict_keys(['example_local_kubernetes_executor']) retrieved from /home/airflow/.local/lib/python3.7/site-packages/airflow/example_dags/example_local_kubernetes_executor.py
[2025-02-27T23:57:55.290+0000] {logging_mixin.py:120} INFO - [2025-02-27T23:57:55.290+0000] {dag.py:2585} INFO - Sync 1 DAGs
[2025-02-27T23:57:55.302+0000] {logging_mixin.py:120} INFO - [2025-02-27T23:57:55.301+0000] {dag.py:3340} INFO - Setting next_dagrun for example_local_kubernetes_executor to None, run_after=None
[2025-02-27T23:57:55.311+0000] {processor.py:176} INFO - Processing /home/airflow/.local/lib/python3.7/site-packages/airflow/example_dags/example_local_kubernetes_executor.py took 0.058 seconds
[2025-02-27T23:58:26.014+0000] {processor.py:154} INFO - Started process (PID=1450) to work on /home/airflow/.local/lib/python3.7/site-packages/airflow/example_dags/example_local_kubernetes_executor.py
[2025-02-27T23:58:26.015+0000] {processor.py:756} INFO - Processing file /home/airflow/.local/lib/python3.7/site-packages/airflow/example_dags/example_local_kubernetes_executor.py for tasks to queue
[2025-02-27T23:58:26.016+0000] {logging_mixin.py:120} INFO - [2025-02-27T23:58:26.016+0000] {dagbag.py:537} INFO - Filling up the DagBag from /home/airflow/.local/lib/python3.7/site-packages/airflow/example_dags/example_local_kubernetes_executor.py
[2025-02-27T23:58:26.027+0000] {processor.py:766} INFO - DAG(s) dict_keys(['example_local_kubernetes_executor']) retrieved from /home/airflow/.local/lib/python3.7/site-packages/airflow/example_dags/example_local_kubernetes_executor.py
[2025-02-27T23:58:26.049+0000] {logging_mixin.py:120} INFO - [2025-02-27T23:58:26.049+0000] {dag.py:2585} INFO - Sync 1 DAGs
[2025-02-27T23:58:26.061+0000] {logging_mixin.py:120} INFO - [2025-02-27T23:58:26.061+0000] {dag.py:3340} INFO - Setting next_dagrun for example_local_kubernetes_executor to None, run_after=None
[2025-02-27T23:58:26.072+0000] {processor.py:176} INFO - Processing /home/airflow/.local/lib/python3.7/site-packages/airflow/example_dags/example_local_kubernetes_executor.py took 0.060 seconds
[2025-02-27T23:58:56.774+0000] {processor.py:154} INFO - Started process (PID=1514) to work on /home/airflow/.local/lib/python3.7/site-packages/airflow/example_dags/example_local_kubernetes_executor.py
[2025-02-27T23:58:56.775+0000] {processor.py:756} INFO - Processing file /home/airflow/.local/lib/python3.7/site-packages/airflow/example_dags/example_local_kubernetes_executor.py for tasks to queue
[2025-02-27T23:58:56.775+0000] {logging_mixin.py:120} INFO - [2025-02-27T23:58:56.775+0000] {dagbag.py:537} INFO - Filling up the DagBag from /home/airflow/.local/lib/python3.7/site-packages/airflow/example_dags/example_local_kubernetes_executor.py
[2025-02-27T23:58:56.787+0000] {processor.py:766} INFO - DAG(s) dict_keys(['example_local_kubernetes_executor']) retrieved from /home/airflow/.local/lib/python3.7/site-packages/airflow/example_dags/example_local_kubernetes_executor.py
[2025-02-27T23:58:56.807+0000] {logging_mixin.py:120} INFO - [2025-02-27T23:58:56.807+0000] {dag.py:2585} INFO - Sync 1 DAGs
[2025-02-27T23:58:56.819+0000] {logging_mixin.py:120} INFO - [2025-02-27T23:58:56.819+0000] {dag.py:3340} INFO - Setting next_dagrun for example_local_kubernetes_executor to None, run_after=None
[2025-02-27T23:58:56.829+0000] {processor.py:176} INFO - Processing /home/airflow/.local/lib/python3.7/site-packages/airflow/example_dags/example_local_kubernetes_executor.py took 0.057 seconds
[2025-02-27T23:59:27.485+0000] {processor.py:154} INFO - Started process (PID=1569) to work on /home/airflow/.local/lib/python3.7/site-packages/airflow/example_dags/example_local_kubernetes_executor.py
[2025-02-27T23:59:27.485+0000] {processor.py:756} INFO - Processing file /home/airflow/.local/lib/python3.7/site-packages/airflow/example_dags/example_local_kubernetes_executor.py for tasks to queue
[2025-02-27T23:59:27.486+0000] {logging_mixin.py:120} INFO - [2025-02-27T23:59:27.486+0000] {dagbag.py:537} INFO - Filling up the DagBag from /home/airflow/.local/lib/python3.7/site-packages/airflow/example_dags/example_local_kubernetes_executor.py
[2025-02-27T23:59:27.499+0000] {processor.py:766} INFO - DAG(s) dict_keys(['example_local_kubernetes_executor']) retrieved from /home/airflow/.local/lib/python3.7/site-packages/airflow/example_dags/example_local_kubernetes_executor.py
[2025-02-27T23:59:27.519+0000] {logging_mixin.py:120} INFO - [2025-02-27T23:59:27.519+0000] {dag.py:2585} INFO - Sync 1 DAGs
[2025-02-27T23:59:27.531+0000] {logging_mixin.py:120} INFO - [2025-02-27T23:59:27.531+0000] {dag.py:3340} INFO - Setting next_dagrun for example_local_kubernetes_executor to None, run_after=None
[2025-02-27T23:59:27.541+0000] {processor.py:176} INFO - Processing /home/airflow/.local/lib/python3.7/site-packages/airflow/example_dags/example_local_kubernetes_executor.py took 0.058 seconds
[2025-02-27T23:59:58.316+0000] {processor.py:154} INFO - Started process (PID=1633) to work on /home/airflow/.local/lib/python3.7/site-packages/airflow/example_dags/example_local_kubernetes_executor.py
[2025-02-27T23:59:58.317+0000] {processor.py:756} INFO - Processing file /home/airflow/.local/lib/python3.7/site-packages/airflow/example_dags/example_local_kubernetes_executor.py for tasks to queue
[2025-02-27T23:59:58.318+0000] {logging_mixin.py:120} INFO - [2025-02-27T23:59:58.318+0000] {dagbag.py:537} INFO - Filling up the DagBag from /home/airflow/.local/lib/python3.7/site-packages/airflow/example_dags/example_local_kubernetes_executor.py
[2025-02-27T23:59:58.328+0000] {processor.py:766} INFO - DAG(s) dict_keys(['example_local_kubernetes_executor']) retrieved from /home/airflow/.local/lib/python3.7/site-packages/airflow/example_dags/example_local_kubernetes_executor.py
[2025-02-27T23:59:58.348+0000] {logging_mixin.py:120} INFO - [2025-02-27T23:59:58.348+0000] {dag.py:2585} INFO - Sync 1 DAGs
[2025-02-27T23:59:58.385+0000] {logging_mixin.py:120} INFO - [2025-02-27T23:59:58.384+0000] {dag.py:3340} INFO - Setting next_dagrun for example_local_kubernetes_executor to None, run_after=None
[2025-02-27T23:59:58.397+0000] {processor.py:176} INFO - Processing /home/airflow/.local/lib/python3.7/site-packages/airflow/example_dags/example_local_kubernetes_executor.py took 0.082 seconds
