[2025-02-27T23:47:06.774+0000] {processor.py:154} INFO - Started process (PID=55) to work on /home/airflow/.local/lib/python3.7/site-packages/airflow/example_dags/example_external_task_marker_dag.py
[2025-02-27T23:47:06.775+0000] {processor.py:756} INFO - Processing file /home/airflow/.local/lib/python3.7/site-packages/airflow/example_dags/example_external_task_marker_dag.py for tasks to queue
[2025-02-27T23:47:06.777+0000] {logging_mixin.py:120} INFO - [2025-02-27T23:47:06.777+0000] {dagbag.py:537} INFO - Filling up the DagBag from /home/airflow/.local/lib/python3.7/site-packages/airflow/example_dags/example_external_task_marker_dag.py
[2025-02-27T23:47:06.800+0000] {processor.py:766} INFO - DAG(s) dict_keys(['example_external_task_marker_parent', 'example_external_task_marker_child']) retrieved from /home/airflow/.local/lib/python3.7/site-packages/airflow/example_dags/example_external_task_marker_dag.py
[2025-02-27T23:47:06.964+0000] {logging_mixin.py:120} INFO - [2025-02-27T23:47:06.964+0000] {dag.py:2585} INFO - Sync 2 DAGs
[2025-02-27T23:47:07.006+0000] {logging_mixin.py:120} INFO - [2025-02-27T23:47:07.005+0000] {dag.py:3340} INFO - Setting next_dagrun for example_external_task_marker_child to None, run_after=None
[2025-02-27T23:47:07.012+0000] {logging_mixin.py:120} INFO - [2025-02-27T23:47:07.012+0000] {dag.py:3340} INFO - Setting next_dagrun for example_external_task_marker_parent to None, run_after=None
[2025-02-27T23:47:07.056+0000] {processor.py:176} INFO - Processing /home/airflow/.local/lib/python3.7/site-packages/airflow/example_dags/example_external_task_marker_dag.py took 0.286 seconds
[2025-02-27T23:47:37.954+0000] {processor.py:154} INFO - Started process (PID=120) to work on /home/airflow/.local/lib/python3.7/site-packages/airflow/example_dags/example_external_task_marker_dag.py
[2025-02-27T23:47:37.955+0000] {processor.py:756} INFO - Processing file /home/airflow/.local/lib/python3.7/site-packages/airflow/example_dags/example_external_task_marker_dag.py for tasks to queue
[2025-02-27T23:47:37.955+0000] {logging_mixin.py:120} INFO - [2025-02-27T23:47:37.955+0000] {dagbag.py:537} INFO - Filling up the DagBag from /home/airflow/.local/lib/python3.7/site-packages/airflow/example_dags/example_external_task_marker_dag.py
[2025-02-27T23:47:37.964+0000] {processor.py:766} INFO - DAG(s) dict_keys(['example_external_task_marker_child', 'example_external_task_marker_parent']) retrieved from /home/airflow/.local/lib/python3.7/site-packages/airflow/example_dags/example_external_task_marker_dag.py
[2025-02-27T23:47:38.081+0000] {logging_mixin.py:120} INFO - [2025-02-27T23:47:38.081+0000] {dag.py:2585} INFO - Sync 2 DAGs
[2025-02-27T23:47:38.098+0000] {logging_mixin.py:120} INFO - [2025-02-27T23:47:38.098+0000] {dag.py:3340} INFO - Setting next_dagrun for example_external_task_marker_child to None, run_after=None
[2025-02-27T23:47:38.105+0000] {logging_mixin.py:120} INFO - [2025-02-27T23:47:38.105+0000] {dag.py:3340} INFO - Setting next_dagrun for example_external_task_marker_parent to None, run_after=None
[2025-02-27T23:47:38.123+0000] {processor.py:176} INFO - Processing /home/airflow/.local/lib/python3.7/site-packages/airflow/example_dags/example_external_task_marker_dag.py took 0.173 seconds
[2025-02-27T23:48:08.746+0000] {processor.py:154} INFO - Started process (PID=185) to work on /home/airflow/.local/lib/python3.7/site-packages/airflow/example_dags/example_external_task_marker_dag.py
[2025-02-27T23:48:08.747+0000] {processor.py:756} INFO - Processing file /home/airflow/.local/lib/python3.7/site-packages/airflow/example_dags/example_external_task_marker_dag.py for tasks to queue
[2025-02-27T23:48:08.747+0000] {logging_mixin.py:120} INFO - [2025-02-27T23:48:08.747+0000] {dagbag.py:537} INFO - Filling up the DagBag from /home/airflow/.local/lib/python3.7/site-packages/airflow/example_dags/example_external_task_marker_dag.py
[2025-02-27T23:48:08.759+0000] {processor.py:766} INFO - DAG(s) dict_keys(['example_external_task_marker_parent', 'example_external_task_marker_child']) retrieved from /home/airflow/.local/lib/python3.7/site-packages/airflow/example_dags/example_external_task_marker_dag.py
[2025-02-27T23:48:08.776+0000] {logging_mixin.py:120} INFO - [2025-02-27T23:48:08.776+0000] {dag.py:2585} INFO - Sync 2 DAGs
[2025-02-27T23:48:08.791+0000] {logging_mixin.py:120} INFO - [2025-02-27T23:48:08.791+0000] {dag.py:3340} INFO - Setting next_dagrun for example_external_task_marker_child to None, run_after=None
[2025-02-27T23:48:08.793+0000] {logging_mixin.py:120} INFO - [2025-02-27T23:48:08.793+0000] {dag.py:3340} INFO - Setting next_dagrun for example_external_task_marker_parent to None, run_after=None
[2025-02-27T23:48:08.802+0000] {processor.py:176} INFO - Processing /home/airflow/.local/lib/python3.7/site-packages/airflow/example_dags/example_external_task_marker_dag.py took 0.060 seconds
[2025-02-27T23:48:39.594+0000] {processor.py:154} INFO - Started process (PID=249) to work on /home/airflow/.local/lib/python3.7/site-packages/airflow/example_dags/example_external_task_marker_dag.py
[2025-02-27T23:48:39.596+0000] {processor.py:756} INFO - Processing file /home/airflow/.local/lib/python3.7/site-packages/airflow/example_dags/example_external_task_marker_dag.py for tasks to queue
[2025-02-27T23:48:39.598+0000] {logging_mixin.py:120} INFO - [2025-02-27T23:48:39.598+0000] {dagbag.py:537} INFO - Filling up the DagBag from /home/airflow/.local/lib/python3.7/site-packages/airflow/example_dags/example_external_task_marker_dag.py
[2025-02-27T23:48:39.615+0000] {processor.py:766} INFO - DAG(s) dict_keys(['example_external_task_marker_child', 'example_external_task_marker_parent']) retrieved from /home/airflow/.local/lib/python3.7/site-packages/airflow/example_dags/example_external_task_marker_dag.py
[2025-02-27T23:48:39.713+0000] {logging_mixin.py:120} INFO - [2025-02-27T23:48:39.713+0000] {dag.py:2585} INFO - Sync 2 DAGs
[2025-02-27T23:48:39.726+0000] {logging_mixin.py:120} INFO - [2025-02-27T23:48:39.726+0000] {dag.py:3340} INFO - Setting next_dagrun for example_external_task_marker_child to None, run_after=None
[2025-02-27T23:48:39.728+0000] {logging_mixin.py:120} INFO - [2025-02-27T23:48:39.728+0000] {dag.py:3340} INFO - Setting next_dagrun for example_external_task_marker_parent to None, run_after=None
[2025-02-27T23:48:39.737+0000] {processor.py:176} INFO - Processing /home/airflow/.local/lib/python3.7/site-packages/airflow/example_dags/example_external_task_marker_dag.py took 0.148 seconds
[2025-02-27T23:49:10.532+0000] {processor.py:154} INFO - Started process (PID=313) to work on /home/airflow/.local/lib/python3.7/site-packages/airflow/example_dags/example_external_task_marker_dag.py
[2025-02-27T23:49:10.535+0000] {processor.py:756} INFO - Processing file /home/airflow/.local/lib/python3.7/site-packages/airflow/example_dags/example_external_task_marker_dag.py for tasks to queue
[2025-02-27T23:49:10.537+0000] {logging_mixin.py:120} INFO - [2025-02-27T23:49:10.536+0000] {dagbag.py:537} INFO - Filling up the DagBag from /home/airflow/.local/lib/python3.7/site-packages/airflow/example_dags/example_external_task_marker_dag.py
[2025-02-27T23:49:10.553+0000] {processor.py:766} INFO - DAG(s) dict_keys(['example_external_task_marker_parent', 'example_external_task_marker_child']) retrieved from /home/airflow/.local/lib/python3.7/site-packages/airflow/example_dags/example_external_task_marker_dag.py
[2025-02-27T23:49:10.648+0000] {logging_mixin.py:120} INFO - [2025-02-27T23:49:10.648+0000] {dag.py:2585} INFO - Sync 2 DAGs
[2025-02-27T23:49:10.661+0000] {logging_mixin.py:120} INFO - [2025-02-27T23:49:10.660+0000] {dag.py:3340} INFO - Setting next_dagrun for example_external_task_marker_child to None, run_after=None
[2025-02-27T23:49:10.663+0000] {logging_mixin.py:120} INFO - [2025-02-27T23:49:10.663+0000] {dag.py:3340} INFO - Setting next_dagrun for example_external_task_marker_parent to None, run_after=None
[2025-02-27T23:49:10.671+0000] {processor.py:176} INFO - Processing /home/airflow/.local/lib/python3.7/site-packages/airflow/example_dags/example_external_task_marker_dag.py took 0.145 seconds
[2025-02-27T23:49:41.336+0000] {processor.py:154} INFO - Started process (PID=377) to work on /home/airflow/.local/lib/python3.7/site-packages/airflow/example_dags/example_external_task_marker_dag.py
[2025-02-27T23:49:41.337+0000] {processor.py:756} INFO - Processing file /home/airflow/.local/lib/python3.7/site-packages/airflow/example_dags/example_external_task_marker_dag.py for tasks to queue
[2025-02-27T23:49:41.338+0000] {logging_mixin.py:120} INFO - [2025-02-27T23:49:41.338+0000] {dagbag.py:537} INFO - Filling up the DagBag from /home/airflow/.local/lib/python3.7/site-packages/airflow/example_dags/example_external_task_marker_dag.py
[2025-02-27T23:49:41.345+0000] {processor.py:766} INFO - DAG(s) dict_keys(['example_external_task_marker_child', 'example_external_task_marker_parent']) retrieved from /home/airflow/.local/lib/python3.7/site-packages/airflow/example_dags/example_external_task_marker_dag.py
[2025-02-27T23:49:41.437+0000] {logging_mixin.py:120} INFO - [2025-02-27T23:49:41.437+0000] {dag.py:2585} INFO - Sync 2 DAGs
[2025-02-27T23:49:41.450+0000] {logging_mixin.py:120} INFO - [2025-02-27T23:49:41.450+0000] {dag.py:3340} INFO - Setting next_dagrun for example_external_task_marker_child to None, run_after=None
[2025-02-27T23:49:41.452+0000] {logging_mixin.py:120} INFO - [2025-02-27T23:49:41.452+0000] {dag.py:3340} INFO - Setting next_dagrun for example_external_task_marker_parent to None, run_after=None
[2025-02-27T23:49:41.461+0000] {processor.py:176} INFO - Processing /home/airflow/.local/lib/python3.7/site-packages/airflow/example_dags/example_external_task_marker_dag.py took 0.126 seconds
[2025-02-27T23:50:12.119+0000] {processor.py:154} INFO - Started process (PID=432) to work on /home/airflow/.local/lib/python3.7/site-packages/airflow/example_dags/example_external_task_marker_dag.py
[2025-02-27T23:50:12.123+0000] {processor.py:756} INFO - Processing file /home/airflow/.local/lib/python3.7/site-packages/airflow/example_dags/example_external_task_marker_dag.py for tasks to queue
[2025-02-27T23:50:12.124+0000] {logging_mixin.py:120} INFO - [2025-02-27T23:50:12.124+0000] {dagbag.py:537} INFO - Filling up the DagBag from /home/airflow/.local/lib/python3.7/site-packages/airflow/example_dags/example_external_task_marker_dag.py
[2025-02-27T23:50:12.141+0000] {processor.py:766} INFO - DAG(s) dict_keys(['example_external_task_marker_child', 'example_external_task_marker_parent']) retrieved from /home/airflow/.local/lib/python3.7/site-packages/airflow/example_dags/example_external_task_marker_dag.py
[2025-02-27T23:50:12.243+0000] {logging_mixin.py:120} INFO - [2025-02-27T23:50:12.243+0000] {dag.py:2585} INFO - Sync 2 DAGs
[2025-02-27T23:50:12.256+0000] {logging_mixin.py:120} INFO - [2025-02-27T23:50:12.256+0000] {dag.py:3340} INFO - Setting next_dagrun for example_external_task_marker_child to None, run_after=None
[2025-02-27T23:50:12.258+0000] {logging_mixin.py:120} INFO - [2025-02-27T23:50:12.258+0000] {dag.py:3340} INFO - Setting next_dagrun for example_external_task_marker_parent to None, run_after=None
[2025-02-27T23:50:12.269+0000] {processor.py:176} INFO - Processing /home/airflow/.local/lib/python3.7/site-packages/airflow/example_dags/example_external_task_marker_dag.py took 0.156 seconds
[2025-02-27T23:50:43.033+0000] {processor.py:154} INFO - Started process (PID=496) to work on /home/airflow/.local/lib/python3.7/site-packages/airflow/example_dags/example_external_task_marker_dag.py
[2025-02-27T23:50:43.035+0000] {processor.py:756} INFO - Processing file /home/airflow/.local/lib/python3.7/site-packages/airflow/example_dags/example_external_task_marker_dag.py for tasks to queue
[2025-02-27T23:50:43.036+0000] {logging_mixin.py:120} INFO - [2025-02-27T23:50:43.036+0000] {dagbag.py:537} INFO - Filling up the DagBag from /home/airflow/.local/lib/python3.7/site-packages/airflow/example_dags/example_external_task_marker_dag.py
[2025-02-27T23:50:43.052+0000] {processor.py:766} INFO - DAG(s) dict_keys(['example_external_task_marker_child', 'example_external_task_marker_parent']) retrieved from /home/airflow/.local/lib/python3.7/site-packages/airflow/example_dags/example_external_task_marker_dag.py
[2025-02-27T23:50:43.142+0000] {logging_mixin.py:120} INFO - [2025-02-27T23:50:43.142+0000] {dag.py:2585} INFO - Sync 2 DAGs
[2025-02-27T23:50:43.154+0000] {logging_mixin.py:120} INFO - [2025-02-27T23:50:43.154+0000] {dag.py:3340} INFO - Setting next_dagrun for example_external_task_marker_child to None, run_after=None
[2025-02-27T23:50:43.156+0000] {logging_mixin.py:120} INFO - [2025-02-27T23:50:43.156+0000] {dag.py:3340} INFO - Setting next_dagrun for example_external_task_marker_parent to None, run_after=None
[2025-02-27T23:50:43.164+0000] {processor.py:176} INFO - Processing /home/airflow/.local/lib/python3.7/site-packages/airflow/example_dags/example_external_task_marker_dag.py took 0.136 seconds
[2025-02-27T23:51:13.895+0000] {processor.py:154} INFO - Started process (PID=560) to work on /home/airflow/.local/lib/python3.7/site-packages/airflow/example_dags/example_external_task_marker_dag.py
[2025-02-27T23:51:13.897+0000] {processor.py:756} INFO - Processing file /home/airflow/.local/lib/python3.7/site-packages/airflow/example_dags/example_external_task_marker_dag.py for tasks to queue
[2025-02-27T23:51:13.898+0000] {logging_mixin.py:120} INFO - [2025-02-27T23:51:13.898+0000] {dagbag.py:537} INFO - Filling up the DagBag from /home/airflow/.local/lib/python3.7/site-packages/airflow/example_dags/example_external_task_marker_dag.py
[2025-02-27T23:51:13.912+0000] {processor.py:766} INFO - DAG(s) dict_keys(['example_external_task_marker_parent', 'example_external_task_marker_child']) retrieved from /home/airflow/.local/lib/python3.7/site-packages/airflow/example_dags/example_external_task_marker_dag.py
[2025-02-27T23:51:14.009+0000] {logging_mixin.py:120} INFO - [2025-02-27T23:51:14.009+0000] {dag.py:2585} INFO - Sync 2 DAGs
[2025-02-27T23:51:14.021+0000] {logging_mixin.py:120} INFO - [2025-02-27T23:51:14.021+0000] {dag.py:3340} INFO - Setting next_dagrun for example_external_task_marker_child to None, run_after=None
[2025-02-27T23:51:14.023+0000] {logging_mixin.py:120} INFO - [2025-02-27T23:51:14.023+0000] {dag.py:3340} INFO - Setting next_dagrun for example_external_task_marker_parent to None, run_after=None
[2025-02-27T23:51:14.032+0000] {processor.py:176} INFO - Processing /home/airflow/.local/lib/python3.7/site-packages/airflow/example_dags/example_external_task_marker_dag.py took 0.140 seconds
[2025-02-27T23:51:44.744+0000] {processor.py:154} INFO - Started process (PID=624) to work on /home/airflow/.local/lib/python3.7/site-packages/airflow/example_dags/example_external_task_marker_dag.py
[2025-02-27T23:51:44.748+0000] {processor.py:756} INFO - Processing file /home/airflow/.local/lib/python3.7/site-packages/airflow/example_dags/example_external_task_marker_dag.py for tasks to queue
[2025-02-27T23:51:44.749+0000] {logging_mixin.py:120} INFO - [2025-02-27T23:51:44.749+0000] {dagbag.py:537} INFO - Filling up the DagBag from /home/airflow/.local/lib/python3.7/site-packages/airflow/example_dags/example_external_task_marker_dag.py
[2025-02-27T23:51:44.766+0000] {processor.py:766} INFO - DAG(s) dict_keys(['example_external_task_marker_child', 'example_external_task_marker_parent']) retrieved from /home/airflow/.local/lib/python3.7/site-packages/airflow/example_dags/example_external_task_marker_dag.py
[2025-02-27T23:51:44.869+0000] {logging_mixin.py:120} INFO - [2025-02-27T23:51:44.869+0000] {dag.py:2585} INFO - Sync 2 DAGs
[2025-02-27T23:51:44.881+0000] {logging_mixin.py:120} INFO - [2025-02-27T23:51:44.881+0000] {dag.py:3340} INFO - Setting next_dagrun for example_external_task_marker_child to None, run_after=None
[2025-02-27T23:51:44.883+0000] {logging_mixin.py:120} INFO - [2025-02-27T23:51:44.883+0000] {dag.py:3340} INFO - Setting next_dagrun for example_external_task_marker_parent to None, run_after=None
[2025-02-27T23:51:44.892+0000] {processor.py:176} INFO - Processing /home/airflow/.local/lib/python3.7/site-packages/airflow/example_dags/example_external_task_marker_dag.py took 0.153 seconds
[2025-02-27T23:52:15.611+0000] {processor.py:154} INFO - Started process (PID=688) to work on /home/airflow/.local/lib/python3.7/site-packages/airflow/example_dags/example_external_task_marker_dag.py
[2025-02-27T23:52:15.615+0000] {processor.py:756} INFO - Processing file /home/airflow/.local/lib/python3.7/site-packages/airflow/example_dags/example_external_task_marker_dag.py for tasks to queue
[2025-02-27T23:52:15.617+0000] {logging_mixin.py:120} INFO - [2025-02-27T23:52:15.617+0000] {dagbag.py:537} INFO - Filling up the DagBag from /home/airflow/.local/lib/python3.7/site-packages/airflow/example_dags/example_external_task_marker_dag.py
[2025-02-27T23:52:15.632+0000] {processor.py:766} INFO - DAG(s) dict_keys(['example_external_task_marker_child', 'example_external_task_marker_parent']) retrieved from /home/airflow/.local/lib/python3.7/site-packages/airflow/example_dags/example_external_task_marker_dag.py
[2025-02-27T23:52:15.727+0000] {logging_mixin.py:120} INFO - [2025-02-27T23:52:15.727+0000] {dag.py:2585} INFO - Sync 2 DAGs
[2025-02-27T23:52:15.739+0000] {logging_mixin.py:120} INFO - [2025-02-27T23:52:15.739+0000] {dag.py:3340} INFO - Setting next_dagrun for example_external_task_marker_child to None, run_after=None
[2025-02-27T23:52:15.741+0000] {logging_mixin.py:120} INFO - [2025-02-27T23:52:15.741+0000] {dag.py:3340} INFO - Setting next_dagrun for example_external_task_marker_parent to None, run_after=None
[2025-02-27T23:52:15.749+0000] {processor.py:176} INFO - Processing /home/airflow/.local/lib/python3.7/site-packages/airflow/example_dags/example_external_task_marker_dag.py took 0.143 seconds
[2025-02-27T23:52:46.445+0000] {processor.py:154} INFO - Started process (PID=751) to work on /home/airflow/.local/lib/python3.7/site-packages/airflow/example_dags/example_external_task_marker_dag.py
[2025-02-27T23:52:46.447+0000] {processor.py:756} INFO - Processing file /home/airflow/.local/lib/python3.7/site-packages/airflow/example_dags/example_external_task_marker_dag.py for tasks to queue
[2025-02-27T23:52:46.448+0000] {logging_mixin.py:120} INFO - [2025-02-27T23:52:46.448+0000] {dagbag.py:537} INFO - Filling up the DagBag from /home/airflow/.local/lib/python3.7/site-packages/airflow/example_dags/example_external_task_marker_dag.py
[2025-02-27T23:52:46.464+0000] {processor.py:766} INFO - DAG(s) dict_keys(['example_external_task_marker_parent', 'example_external_task_marker_child']) retrieved from /home/airflow/.local/lib/python3.7/site-packages/airflow/example_dags/example_external_task_marker_dag.py
[2025-02-27T23:52:46.561+0000] {logging_mixin.py:120} INFO - [2025-02-27T23:52:46.561+0000] {dag.py:2585} INFO - Sync 2 DAGs
[2025-02-27T23:52:46.574+0000] {logging_mixin.py:120} INFO - [2025-02-27T23:52:46.574+0000] {dag.py:3340} INFO - Setting next_dagrun for example_external_task_marker_child to None, run_after=None
[2025-02-27T23:52:46.576+0000] {logging_mixin.py:120} INFO - [2025-02-27T23:52:46.576+0000] {dag.py:3340} INFO - Setting next_dagrun for example_external_task_marker_parent to None, run_after=None
[2025-02-27T23:52:46.585+0000] {processor.py:176} INFO - Processing /home/airflow/.local/lib/python3.7/site-packages/airflow/example_dags/example_external_task_marker_dag.py took 0.144 seconds
[2025-02-27T23:53:17.212+0000] {processor.py:154} INFO - Started process (PID=813) to work on /home/airflow/.local/lib/python3.7/site-packages/airflow/example_dags/example_external_task_marker_dag.py
[2025-02-27T23:53:17.214+0000] {processor.py:756} INFO - Processing file /home/airflow/.local/lib/python3.7/site-packages/airflow/example_dags/example_external_task_marker_dag.py for tasks to queue
[2025-02-27T23:53:17.215+0000] {logging_mixin.py:120} INFO - [2025-02-27T23:53:17.215+0000] {dagbag.py:537} INFO - Filling up the DagBag from /home/airflow/.local/lib/python3.7/site-packages/airflow/example_dags/example_external_task_marker_dag.py
[2025-02-27T23:53:17.229+0000] {processor.py:766} INFO - DAG(s) dict_keys(['example_external_task_marker_parent', 'example_external_task_marker_child']) retrieved from /home/airflow/.local/lib/python3.7/site-packages/airflow/example_dags/example_external_task_marker_dag.py
[2025-02-27T23:53:17.326+0000] {logging_mixin.py:120} INFO - [2025-02-27T23:53:17.326+0000] {dag.py:2585} INFO - Sync 2 DAGs
[2025-02-27T23:53:17.340+0000] {logging_mixin.py:120} INFO - [2025-02-27T23:53:17.340+0000] {dag.py:3340} INFO - Setting next_dagrun for example_external_task_marker_child to None, run_after=None
[2025-02-27T23:53:17.344+0000] {logging_mixin.py:120} INFO - [2025-02-27T23:53:17.344+0000] {dag.py:3340} INFO - Setting next_dagrun for example_external_task_marker_parent to None, run_after=None
[2025-02-27T23:53:17.353+0000] {processor.py:176} INFO - Processing /home/airflow/.local/lib/python3.7/site-packages/airflow/example_dags/example_external_task_marker_dag.py took 0.146 seconds
[2025-02-27T23:53:48.136+0000] {processor.py:154} INFO - Started process (PID=877) to work on /home/airflow/.local/lib/python3.7/site-packages/airflow/example_dags/example_external_task_marker_dag.py
[2025-02-27T23:53:48.137+0000] {processor.py:756} INFO - Processing file /home/airflow/.local/lib/python3.7/site-packages/airflow/example_dags/example_external_task_marker_dag.py for tasks to queue
[2025-02-27T23:53:48.138+0000] {logging_mixin.py:120} INFO - [2025-02-27T23:53:48.138+0000] {dagbag.py:537} INFO - Filling up the DagBag from /home/airflow/.local/lib/python3.7/site-packages/airflow/example_dags/example_external_task_marker_dag.py
[2025-02-27T23:53:48.145+0000] {processor.py:766} INFO - DAG(s) dict_keys(['example_external_task_marker_child', 'example_external_task_marker_parent']) retrieved from /home/airflow/.local/lib/python3.7/site-packages/airflow/example_dags/example_external_task_marker_dag.py
[2025-02-27T23:53:48.232+0000] {logging_mixin.py:120} INFO - [2025-02-27T23:53:48.232+0000] {dag.py:2585} INFO - Sync 2 DAGs
[2025-02-27T23:53:48.244+0000] {logging_mixin.py:120} INFO - [2025-02-27T23:53:48.244+0000] {dag.py:3340} INFO - Setting next_dagrun for example_external_task_marker_child to None, run_after=None
[2025-02-27T23:53:48.246+0000] {logging_mixin.py:120} INFO - [2025-02-27T23:53:48.246+0000] {dag.py:3340} INFO - Setting next_dagrun for example_external_task_marker_parent to None, run_after=None
[2025-02-27T23:53:48.254+0000] {processor.py:176} INFO - Processing /home/airflow/.local/lib/python3.7/site-packages/airflow/example_dags/example_external_task_marker_dag.py took 0.120 seconds
[2025-02-27T23:54:19.119+0000] {processor.py:154} INFO - Started process (PID=940) to work on /home/airflow/.local/lib/python3.7/site-packages/airflow/example_dags/example_external_task_marker_dag.py
[2025-02-27T23:54:19.121+0000] {processor.py:756} INFO - Processing file /home/airflow/.local/lib/python3.7/site-packages/airflow/example_dags/example_external_task_marker_dag.py for tasks to queue
[2025-02-27T23:54:19.121+0000] {logging_mixin.py:120} INFO - [2025-02-27T23:54:19.121+0000] {dagbag.py:537} INFO - Filling up the DagBag from /home/airflow/.local/lib/python3.7/site-packages/airflow/example_dags/example_external_task_marker_dag.py
[2025-02-27T23:54:19.133+0000] {processor.py:766} INFO - DAG(s) dict_keys(['example_external_task_marker_parent', 'example_external_task_marker_child']) retrieved from /home/airflow/.local/lib/python3.7/site-packages/airflow/example_dags/example_external_task_marker_dag.py
[2025-02-27T23:54:19.228+0000] {logging_mixin.py:120} INFO - [2025-02-27T23:54:19.228+0000] {dag.py:2585} INFO - Sync 2 DAGs
[2025-02-27T23:54:19.239+0000] {logging_mixin.py:120} INFO - [2025-02-27T23:54:19.239+0000] {dag.py:3340} INFO - Setting next_dagrun for example_external_task_marker_child to None, run_after=None
[2025-02-27T23:54:19.241+0000] {logging_mixin.py:120} INFO - [2025-02-27T23:54:19.241+0000] {dag.py:3340} INFO - Setting next_dagrun for example_external_task_marker_parent to None, run_after=None
[2025-02-27T23:54:19.249+0000] {processor.py:176} INFO - Processing /home/airflow/.local/lib/python3.7/site-packages/airflow/example_dags/example_external_task_marker_dag.py took 0.134 seconds
[2025-02-27T23:54:49.899+0000] {processor.py:154} INFO - Started process (PID=995) to work on /home/airflow/.local/lib/python3.7/site-packages/airflow/example_dags/example_external_task_marker_dag.py
[2025-02-27T23:54:49.903+0000] {processor.py:756} INFO - Processing file /home/airflow/.local/lib/python3.7/site-packages/airflow/example_dags/example_external_task_marker_dag.py for tasks to queue
[2025-02-27T23:54:49.905+0000] {logging_mixin.py:120} INFO - [2025-02-27T23:54:49.905+0000] {dagbag.py:537} INFO - Filling up the DagBag from /home/airflow/.local/lib/python3.7/site-packages/airflow/example_dags/example_external_task_marker_dag.py
[2025-02-27T23:54:49.922+0000] {processor.py:766} INFO - DAG(s) dict_keys(['example_external_task_marker_child', 'example_external_task_marker_parent']) retrieved from /home/airflow/.local/lib/python3.7/site-packages/airflow/example_dags/example_external_task_marker_dag.py
[2025-02-27T23:54:50.022+0000] {logging_mixin.py:120} INFO - [2025-02-27T23:54:50.022+0000] {dag.py:2585} INFO - Sync 2 DAGs
[2025-02-27T23:54:50.036+0000] {logging_mixin.py:120} INFO - [2025-02-27T23:54:50.035+0000] {dag.py:3340} INFO - Setting next_dagrun for example_external_task_marker_child to None, run_after=None
[2025-02-27T23:54:50.038+0000] {logging_mixin.py:120} INFO - [2025-02-27T23:54:50.038+0000] {dag.py:3340} INFO - Setting next_dagrun for example_external_task_marker_parent to None, run_after=None
[2025-02-27T23:54:50.047+0000] {processor.py:176} INFO - Processing /home/airflow/.local/lib/python3.7/site-packages/airflow/example_dags/example_external_task_marker_dag.py took 0.154 seconds
[2025-02-27T23:55:20.701+0000] {processor.py:154} INFO - Started process (PID=1059) to work on /home/airflow/.local/lib/python3.7/site-packages/airflow/example_dags/example_external_task_marker_dag.py
[2025-02-27T23:55:20.703+0000] {processor.py:756} INFO - Processing file /home/airflow/.local/lib/python3.7/site-packages/airflow/example_dags/example_external_task_marker_dag.py for tasks to queue
[2025-02-27T23:55:20.704+0000] {logging_mixin.py:120} INFO - [2025-02-27T23:55:20.704+0000] {dagbag.py:537} INFO - Filling up the DagBag from /home/airflow/.local/lib/python3.7/site-packages/airflow/example_dags/example_external_task_marker_dag.py
[2025-02-27T23:55:20.717+0000] {processor.py:766} INFO - DAG(s) dict_keys(['example_external_task_marker_child', 'example_external_task_marker_parent']) retrieved from /home/airflow/.local/lib/python3.7/site-packages/airflow/example_dags/example_external_task_marker_dag.py
[2025-02-27T23:55:20.809+0000] {logging_mixin.py:120} INFO - [2025-02-27T23:55:20.808+0000] {dag.py:2585} INFO - Sync 2 DAGs
[2025-02-27T23:55:20.823+0000] {logging_mixin.py:120} INFO - [2025-02-27T23:55:20.823+0000] {dag.py:3340} INFO - Setting next_dagrun for example_external_task_marker_child to None, run_after=None
[2025-02-27T23:55:20.825+0000] {logging_mixin.py:120} INFO - [2025-02-27T23:55:20.825+0000] {dag.py:3340} INFO - Setting next_dagrun for example_external_task_marker_parent to None, run_after=None
[2025-02-27T23:55:20.833+0000] {processor.py:176} INFO - Processing /home/airflow/.local/lib/python3.7/site-packages/airflow/example_dags/example_external_task_marker_dag.py took 0.136 seconds
[2025-02-27T23:55:51.459+0000] {processor.py:154} INFO - Started process (PID=1123) to work on /home/airflow/.local/lib/python3.7/site-packages/airflow/example_dags/example_external_task_marker_dag.py
[2025-02-27T23:55:51.461+0000] {processor.py:756} INFO - Processing file /home/airflow/.local/lib/python3.7/site-packages/airflow/example_dags/example_external_task_marker_dag.py for tasks to queue
[2025-02-27T23:55:51.462+0000] {logging_mixin.py:120} INFO - [2025-02-27T23:55:51.462+0000] {dagbag.py:537} INFO - Filling up the DagBag from /home/airflow/.local/lib/python3.7/site-packages/airflow/example_dags/example_external_task_marker_dag.py
[2025-02-27T23:55:51.471+0000] {processor.py:766} INFO - DAG(s) dict_keys(['example_external_task_marker_parent', 'example_external_task_marker_child']) retrieved from /home/airflow/.local/lib/python3.7/site-packages/airflow/example_dags/example_external_task_marker_dag.py
[2025-02-27T23:55:51.561+0000] {logging_mixin.py:120} INFO - [2025-02-27T23:55:51.561+0000] {dag.py:2585} INFO - Sync 2 DAGs
[2025-02-27T23:55:51.573+0000] {logging_mixin.py:120} INFO - [2025-02-27T23:55:51.573+0000] {dag.py:3340} INFO - Setting next_dagrun for example_external_task_marker_child to None, run_after=None
[2025-02-27T23:55:51.575+0000] {logging_mixin.py:120} INFO - [2025-02-27T23:55:51.575+0000] {dag.py:3340} INFO - Setting next_dagrun for example_external_task_marker_parent to None, run_after=None
[2025-02-27T23:55:51.584+0000] {processor.py:176} INFO - Processing /home/airflow/.local/lib/python3.7/site-packages/airflow/example_dags/example_external_task_marker_dag.py took 0.127 seconds
[2025-02-27T23:56:22.195+0000] {processor.py:154} INFO - Started process (PID=1187) to work on /home/airflow/.local/lib/python3.7/site-packages/airflow/example_dags/example_external_task_marker_dag.py
[2025-02-27T23:56:22.196+0000] {processor.py:756} INFO - Processing file /home/airflow/.local/lib/python3.7/site-packages/airflow/example_dags/example_external_task_marker_dag.py for tasks to queue
[2025-02-27T23:56:22.197+0000] {logging_mixin.py:120} INFO - [2025-02-27T23:56:22.197+0000] {dagbag.py:537} INFO - Filling up the DagBag from /home/airflow/.local/lib/python3.7/site-packages/airflow/example_dags/example_external_task_marker_dag.py
[2025-02-27T23:56:22.209+0000] {processor.py:766} INFO - DAG(s) dict_keys(['example_external_task_marker_parent', 'example_external_task_marker_child']) retrieved from /home/airflow/.local/lib/python3.7/site-packages/airflow/example_dags/example_external_task_marker_dag.py
[2025-02-27T23:56:22.309+0000] {logging_mixin.py:120} INFO - [2025-02-27T23:56:22.309+0000] {dag.py:2585} INFO - Sync 2 DAGs
[2025-02-27T23:56:22.321+0000] {logging_mixin.py:120} INFO - [2025-02-27T23:56:22.321+0000] {dag.py:3340} INFO - Setting next_dagrun for example_external_task_marker_child to None, run_after=None
[2025-02-27T23:56:22.323+0000] {logging_mixin.py:120} INFO - [2025-02-27T23:56:22.323+0000] {dag.py:3340} INFO - Setting next_dagrun for example_external_task_marker_parent to None, run_after=None
[2025-02-27T23:56:22.333+0000] {processor.py:176} INFO - Processing /home/airflow/.local/lib/python3.7/site-packages/airflow/example_dags/example_external_task_marker_dag.py took 0.141 seconds
[2025-02-27T23:56:53.030+0000] {processor.py:154} INFO - Started process (PID=1251) to work on /home/airflow/.local/lib/python3.7/site-packages/airflow/example_dags/example_external_task_marker_dag.py
[2025-02-27T23:56:53.032+0000] {processor.py:756} INFO - Processing file /home/airflow/.local/lib/python3.7/site-packages/airflow/example_dags/example_external_task_marker_dag.py for tasks to queue
[2025-02-27T23:56:53.033+0000] {logging_mixin.py:120} INFO - [2025-02-27T23:56:53.033+0000] {dagbag.py:537} INFO - Filling up the DagBag from /home/airflow/.local/lib/python3.7/site-packages/airflow/example_dags/example_external_task_marker_dag.py
[2025-02-27T23:56:53.046+0000] {processor.py:766} INFO - DAG(s) dict_keys(['example_external_task_marker_child', 'example_external_task_marker_parent']) retrieved from /home/airflow/.local/lib/python3.7/site-packages/airflow/example_dags/example_external_task_marker_dag.py
[2025-02-27T23:56:53.141+0000] {logging_mixin.py:120} INFO - [2025-02-27T23:56:53.141+0000] {dag.py:2585} INFO - Sync 2 DAGs
[2025-02-27T23:56:53.154+0000] {logging_mixin.py:120} INFO - [2025-02-27T23:56:53.154+0000] {dag.py:3340} INFO - Setting next_dagrun for example_external_task_marker_child to None, run_after=None
[2025-02-27T23:56:53.156+0000] {logging_mixin.py:120} INFO - [2025-02-27T23:56:53.156+0000] {dag.py:3340} INFO - Setting next_dagrun for example_external_task_marker_parent to None, run_after=None
[2025-02-27T23:56:53.165+0000] {processor.py:176} INFO - Processing /home/airflow/.local/lib/python3.7/site-packages/airflow/example_dags/example_external_task_marker_dag.py took 0.140 seconds
[2025-02-27T23:57:23.950+0000] {processor.py:154} INFO - Started process (PID=1315) to work on /home/airflow/.local/lib/python3.7/site-packages/airflow/example_dags/example_external_task_marker_dag.py
[2025-02-27T23:57:23.951+0000] {processor.py:756} INFO - Processing file /home/airflow/.local/lib/python3.7/site-packages/airflow/example_dags/example_external_task_marker_dag.py for tasks to queue
[2025-02-27T23:57:23.952+0000] {logging_mixin.py:120} INFO - [2025-02-27T23:57:23.952+0000] {dagbag.py:537} INFO - Filling up the DagBag from /home/airflow/.local/lib/python3.7/site-packages/airflow/example_dags/example_external_task_marker_dag.py
[2025-02-27T23:57:23.959+0000] {processor.py:766} INFO - DAG(s) dict_keys(['example_external_task_marker_child', 'example_external_task_marker_parent']) retrieved from /home/airflow/.local/lib/python3.7/site-packages/airflow/example_dags/example_external_task_marker_dag.py
[2025-02-27T23:57:24.061+0000] {logging_mixin.py:120} INFO - [2025-02-27T23:57:24.061+0000] {dag.py:2585} INFO - Sync 2 DAGs
[2025-02-27T23:57:24.076+0000] {logging_mixin.py:120} INFO - [2025-02-27T23:57:24.076+0000] {dag.py:3340} INFO - Setting next_dagrun for example_external_task_marker_child to None, run_after=None
[2025-02-27T23:57:24.078+0000] {logging_mixin.py:120} INFO - [2025-02-27T23:57:24.078+0000] {dag.py:3340} INFO - Setting next_dagrun for example_external_task_marker_parent to None, run_after=None
[2025-02-27T23:57:24.088+0000] {processor.py:176} INFO - Processing /home/airflow/.local/lib/python3.7/site-packages/airflow/example_dags/example_external_task_marker_dag.py took 0.141 seconds
[2025-02-27T23:57:54.829+0000] {processor.py:154} INFO - Started process (PID=1378) to work on /home/airflow/.local/lib/python3.7/site-packages/airflow/example_dags/example_external_task_marker_dag.py
[2025-02-27T23:57:54.830+0000] {processor.py:756} INFO - Processing file /home/airflow/.local/lib/python3.7/site-packages/airflow/example_dags/example_external_task_marker_dag.py for tasks to queue
[2025-02-27T23:57:54.831+0000] {logging_mixin.py:120} INFO - [2025-02-27T23:57:54.831+0000] {dagbag.py:537} INFO - Filling up the DagBag from /home/airflow/.local/lib/python3.7/site-packages/airflow/example_dags/example_external_task_marker_dag.py
[2025-02-27T23:57:54.841+0000] {processor.py:766} INFO - DAG(s) dict_keys(['example_external_task_marker_child', 'example_external_task_marker_parent']) retrieved from /home/airflow/.local/lib/python3.7/site-packages/airflow/example_dags/example_external_task_marker_dag.py
[2025-02-27T23:57:54.939+0000] {logging_mixin.py:120} INFO - [2025-02-27T23:57:54.939+0000] {dag.py:2585} INFO - Sync 2 DAGs
[2025-02-27T23:57:54.953+0000] {logging_mixin.py:120} INFO - [2025-02-27T23:57:54.953+0000] {dag.py:3340} INFO - Setting next_dagrun for example_external_task_marker_child to None, run_after=None
[2025-02-27T23:57:54.955+0000] {logging_mixin.py:120} INFO - [2025-02-27T23:57:54.955+0000] {dag.py:3340} INFO - Setting next_dagrun for example_external_task_marker_parent to None, run_after=None
[2025-02-27T23:57:54.964+0000] {processor.py:176} INFO - Processing /home/airflow/.local/lib/python3.7/site-packages/airflow/example_dags/example_external_task_marker_dag.py took 0.137 seconds
[2025-02-27T23:58:25.660+0000] {processor.py:154} INFO - Started process (PID=1441) to work on /home/airflow/.local/lib/python3.7/site-packages/airflow/example_dags/example_external_task_marker_dag.py
[2025-02-27T23:58:25.661+0000] {processor.py:756} INFO - Processing file /home/airflow/.local/lib/python3.7/site-packages/airflow/example_dags/example_external_task_marker_dag.py for tasks to queue
[2025-02-27T23:58:25.662+0000] {logging_mixin.py:120} INFO - [2025-02-27T23:58:25.662+0000] {dagbag.py:537} INFO - Filling up the DagBag from /home/airflow/.local/lib/python3.7/site-packages/airflow/example_dags/example_external_task_marker_dag.py
[2025-02-27T23:58:25.669+0000] {processor.py:766} INFO - DAG(s) dict_keys(['example_external_task_marker_child', 'example_external_task_marker_parent']) retrieved from /home/airflow/.local/lib/python3.7/site-packages/airflow/example_dags/example_external_task_marker_dag.py
[2025-02-27T23:58:25.770+0000] {logging_mixin.py:120} INFO - [2025-02-27T23:58:25.770+0000] {dag.py:2585} INFO - Sync 2 DAGs
[2025-02-27T23:58:25.784+0000] {logging_mixin.py:120} INFO - [2025-02-27T23:58:25.783+0000] {dag.py:3340} INFO - Setting next_dagrun for example_external_task_marker_child to None, run_after=None
[2025-02-27T23:58:25.786+0000] {logging_mixin.py:120} INFO - [2025-02-27T23:58:25.785+0000] {dag.py:3340} INFO - Setting next_dagrun for example_external_task_marker_parent to None, run_after=None
[2025-02-27T23:58:25.794+0000] {processor.py:176} INFO - Processing /home/airflow/.local/lib/python3.7/site-packages/airflow/example_dags/example_external_task_marker_dag.py took 0.139 seconds
[2025-02-27T23:58:56.367+0000] {processor.py:154} INFO - Started process (PID=1505) to work on /home/airflow/.local/lib/python3.7/site-packages/airflow/example_dags/example_external_task_marker_dag.py
[2025-02-27T23:58:56.368+0000] {processor.py:756} INFO - Processing file /home/airflow/.local/lib/python3.7/site-packages/airflow/example_dags/example_external_task_marker_dag.py for tasks to queue
[2025-02-27T23:58:56.368+0000] {logging_mixin.py:120} INFO - [2025-02-27T23:58:56.368+0000] {dagbag.py:537} INFO - Filling up the DagBag from /home/airflow/.local/lib/python3.7/site-packages/airflow/example_dags/example_external_task_marker_dag.py
[2025-02-27T23:58:56.377+0000] {processor.py:766} INFO - DAG(s) dict_keys(['example_external_task_marker_child', 'example_external_task_marker_parent']) retrieved from /home/airflow/.local/lib/python3.7/site-packages/airflow/example_dags/example_external_task_marker_dag.py
[2025-02-27T23:58:56.466+0000] {logging_mixin.py:120} INFO - [2025-02-27T23:58:56.466+0000] {dag.py:2585} INFO - Sync 2 DAGs
[2025-02-27T23:58:56.479+0000] {logging_mixin.py:120} INFO - [2025-02-27T23:58:56.479+0000] {dag.py:3340} INFO - Setting next_dagrun for example_external_task_marker_child to None, run_after=None
[2025-02-27T23:58:56.481+0000] {logging_mixin.py:120} INFO - [2025-02-27T23:58:56.481+0000] {dag.py:3340} INFO - Setting next_dagrun for example_external_task_marker_parent to None, run_after=None
[2025-02-27T23:58:56.493+0000] {processor.py:176} INFO - Processing /home/airflow/.local/lib/python3.7/site-packages/airflow/example_dags/example_external_task_marker_dag.py took 0.128 seconds
[2025-02-27T23:59:27.131+0000] {processor.py:154} INFO - Started process (PID=1560) to work on /home/airflow/.local/lib/python3.7/site-packages/airflow/example_dags/example_external_task_marker_dag.py
[2025-02-27T23:59:27.134+0000] {processor.py:756} INFO - Processing file /home/airflow/.local/lib/python3.7/site-packages/airflow/example_dags/example_external_task_marker_dag.py for tasks to queue
[2025-02-27T23:59:27.135+0000] {logging_mixin.py:120} INFO - [2025-02-27T23:59:27.135+0000] {dagbag.py:537} INFO - Filling up the DagBag from /home/airflow/.local/lib/python3.7/site-packages/airflow/example_dags/example_external_task_marker_dag.py
[2025-02-27T23:59:27.144+0000] {processor.py:766} INFO - DAG(s) dict_keys(['example_external_task_marker_child', 'example_external_task_marker_parent']) retrieved from /home/airflow/.local/lib/python3.7/site-packages/airflow/example_dags/example_external_task_marker_dag.py
[2025-02-27T23:59:27.234+0000] {logging_mixin.py:120} INFO - [2025-02-27T23:59:27.234+0000] {dag.py:2585} INFO - Sync 2 DAGs
[2025-02-27T23:59:27.246+0000] {logging_mixin.py:120} INFO - [2025-02-27T23:59:27.246+0000] {dag.py:3340} INFO - Setting next_dagrun for example_external_task_marker_child to None, run_after=None
[2025-02-27T23:59:27.248+0000] {logging_mixin.py:120} INFO - [2025-02-27T23:59:27.248+0000] {dag.py:3340} INFO - Setting next_dagrun for example_external_task_marker_parent to None, run_after=None
[2025-02-27T23:59:27.256+0000] {processor.py:176} INFO - Processing /home/airflow/.local/lib/python3.7/site-packages/airflow/example_dags/example_external_task_marker_dag.py took 0.128 seconds
[2025-02-27T23:59:57.939+0000] {processor.py:154} INFO - Started process (PID=1624) to work on /home/airflow/.local/lib/python3.7/site-packages/airflow/example_dags/example_external_task_marker_dag.py
[2025-02-27T23:59:57.940+0000] {processor.py:756} INFO - Processing file /home/airflow/.local/lib/python3.7/site-packages/airflow/example_dags/example_external_task_marker_dag.py for tasks to queue
[2025-02-27T23:59:57.940+0000] {logging_mixin.py:120} INFO - [2025-02-27T23:59:57.940+0000] {dagbag.py:537} INFO - Filling up the DagBag from /home/airflow/.local/lib/python3.7/site-packages/airflow/example_dags/example_external_task_marker_dag.py
[2025-02-27T23:59:57.953+0000] {processor.py:766} INFO - DAG(s) dict_keys(['example_external_task_marker_parent', 'example_external_task_marker_child']) retrieved from /home/airflow/.local/lib/python3.7/site-packages/airflow/example_dags/example_external_task_marker_dag.py
[2025-02-27T23:59:58.051+0000] {logging_mixin.py:120} INFO - [2025-02-27T23:59:58.051+0000] {dag.py:2585} INFO - Sync 2 DAGs
[2025-02-27T23:59:58.063+0000] {logging_mixin.py:120} INFO - [2025-02-27T23:59:58.063+0000] {dag.py:3340} INFO - Setting next_dagrun for example_external_task_marker_child to None, run_after=None
[2025-02-27T23:59:58.065+0000] {logging_mixin.py:120} INFO - [2025-02-27T23:59:58.065+0000] {dag.py:3340} INFO - Setting next_dagrun for example_external_task_marker_parent to None, run_after=None
[2025-02-27T23:59:58.073+0000] {processor.py:176} INFO - Processing /home/airflow/.local/lib/python3.7/site-packages/airflow/example_dags/example_external_task_marker_dag.py took 0.139 seconds
