[2025-02-27T23:47:05.477+0000] {processor.py:154} INFO - Started process (PID=40) to work on /home/airflow/.local/lib/python3.7/site-packages/airflow/example_dags/example_latest_only.py
[2025-02-27T23:47:05.479+0000] {processor.py:756} INFO - Processing file /home/airflow/.local/lib/python3.7/site-packages/airflow/example_dags/example_latest_only.py for tasks to queue
[2025-02-27T23:47:05.481+0000] {logging_mixin.py:120} INFO - [2025-02-27T23:47:05.481+0000] {dagbag.py:537} INFO - Filling up the DagBag from /home/airflow/.local/lib/python3.7/site-packages/airflow/example_dags/example_latest_only.py
[2025-02-27T23:47:05.506+0000] {processor.py:766} INFO - DAG(s) dict_keys(['latest_only']) retrieved from /home/airflow/.local/lib/python3.7/site-packages/airflow/example_dags/example_latest_only.py
[2025-02-27T23:47:05.556+0000] {logging_mixin.py:120} INFO - [2025-02-27T23:47:05.555+0000] {dag.py:2585} INFO - Sync 1 DAGs
[2025-02-27T23:47:05.579+0000] {logging_mixin.py:120} INFO - [2025-02-27T23:47:05.579+0000] {dag.py:3340} INFO - Setting next_dagrun for latest_only to 2025-02-27T19:47:05.579482+00:00, run_after=2025-02-27T23:47:05.579482+00:00
[2025-02-27T23:47:05.601+0000] {processor.py:176} INFO - Processing /home/airflow/.local/lib/python3.7/site-packages/airflow/example_dags/example_latest_only.py took 0.129 seconds
[2025-02-27T23:47:36.012+0000] {processor.py:154} INFO - Started process (PID=104) to work on /home/airflow/.local/lib/python3.7/site-packages/airflow/example_dags/example_latest_only.py
[2025-02-27T23:47:36.012+0000] {processor.py:756} INFO - Processing file /home/airflow/.local/lib/python3.7/site-packages/airflow/example_dags/example_latest_only.py for tasks to queue
[2025-02-27T23:47:36.013+0000] {logging_mixin.py:120} INFO - [2025-02-27T23:47:36.013+0000] {dagbag.py:537} INFO - Filling up the DagBag from /home/airflow/.local/lib/python3.7/site-packages/airflow/example_dags/example_latest_only.py
[2025-02-27T23:47:36.022+0000] {processor.py:766} INFO - DAG(s) dict_keys(['latest_only']) retrieved from /home/airflow/.local/lib/python3.7/site-packages/airflow/example_dags/example_latest_only.py
[2025-02-27T23:47:36.042+0000] {logging_mixin.py:120} INFO - [2025-02-27T23:47:36.042+0000] {dag.py:2585} INFO - Sync 1 DAGs
[2025-02-27T23:47:36.055+0000] {logging_mixin.py:120} INFO - [2025-02-27T23:47:36.055+0000] {dag.py:3340} INFO - Setting next_dagrun for latest_only to 2025-02-27T19:47:36.055257+00:00, run_after=2025-02-27T23:47:36.055257+00:00
[2025-02-27T23:47:36.064+0000] {processor.py:176} INFO - Processing /home/airflow/.local/lib/python3.7/site-packages/airflow/example_dags/example_latest_only.py took 0.054 seconds
[2025-02-27T23:48:06.158+0000] {processor.py:154} INFO - Started process (PID=169) to work on /home/airflow/.local/lib/python3.7/site-packages/airflow/example_dags/example_latest_only.py
[2025-02-27T23:48:06.159+0000] {processor.py:756} INFO - Processing file /home/airflow/.local/lib/python3.7/site-packages/airflow/example_dags/example_latest_only.py for tasks to queue
[2025-02-27T23:48:06.159+0000] {logging_mixin.py:120} INFO - [2025-02-27T23:48:06.159+0000] {dagbag.py:537} INFO - Filling up the DagBag from /home/airflow/.local/lib/python3.7/site-packages/airflow/example_dags/example_latest_only.py
[2025-02-27T23:48:06.166+0000] {processor.py:766} INFO - DAG(s) dict_keys(['latest_only']) retrieved from /home/airflow/.local/lib/python3.7/site-packages/airflow/example_dags/example_latest_only.py
[2025-02-27T23:48:06.182+0000] {logging_mixin.py:120} INFO - [2025-02-27T23:48:06.182+0000] {dag.py:2585} INFO - Sync 1 DAGs
[2025-02-27T23:48:06.196+0000] {logging_mixin.py:120} INFO - [2025-02-27T23:48:06.195+0000] {dag.py:3340} INFO - Setting next_dagrun for latest_only to 2025-02-27T19:48:06.195762+00:00, run_after=2025-02-27T23:48:06.195762+00:00
[2025-02-27T23:48:06.208+0000] {processor.py:176} INFO - Processing /home/airflow/.local/lib/python3.7/site-packages/airflow/example_dags/example_latest_only.py took 0.051 seconds
[2025-02-27T23:48:36.808+0000] {processor.py:154} INFO - Started process (PID=233) to work on /home/airflow/.local/lib/python3.7/site-packages/airflow/example_dags/example_latest_only.py
[2025-02-27T23:48:36.809+0000] {processor.py:756} INFO - Processing file /home/airflow/.local/lib/python3.7/site-packages/airflow/example_dags/example_latest_only.py for tasks to queue
[2025-02-27T23:48:36.810+0000] {logging_mixin.py:120} INFO - [2025-02-27T23:48:36.810+0000] {dagbag.py:537} INFO - Filling up the DagBag from /home/airflow/.local/lib/python3.7/site-packages/airflow/example_dags/example_latest_only.py
[2025-02-27T23:48:36.817+0000] {processor.py:766} INFO - DAG(s) dict_keys(['latest_only']) retrieved from /home/airflow/.local/lib/python3.7/site-packages/airflow/example_dags/example_latest_only.py
[2025-02-27T23:48:36.842+0000] {logging_mixin.py:120} INFO - [2025-02-27T23:48:36.841+0000] {dag.py:2585} INFO - Sync 1 DAGs
[2025-02-27T23:48:36.855+0000] {logging_mixin.py:120} INFO - [2025-02-27T23:48:36.855+0000] {dag.py:3340} INFO - Setting next_dagrun for latest_only to 2025-02-27T19:48:36.854986+00:00, run_after=2025-02-27T23:48:36.854986+00:00
[2025-02-27T23:48:36.866+0000] {processor.py:176} INFO - Processing /home/airflow/.local/lib/python3.7/site-packages/airflow/example_dags/example_latest_only.py took 0.059 seconds
[2025-02-27T23:49:07.715+0000] {processor.py:154} INFO - Started process (PID=288) to work on /home/airflow/.local/lib/python3.7/site-packages/airflow/example_dags/example_latest_only.py
[2025-02-27T23:49:07.716+0000] {processor.py:756} INFO - Processing file /home/airflow/.local/lib/python3.7/site-packages/airflow/example_dags/example_latest_only.py for tasks to queue
[2025-02-27T23:49:07.716+0000] {logging_mixin.py:120} INFO - [2025-02-27T23:49:07.716+0000] {dagbag.py:537} INFO - Filling up the DagBag from /home/airflow/.local/lib/python3.7/site-packages/airflow/example_dags/example_latest_only.py
[2025-02-27T23:49:07.723+0000] {processor.py:766} INFO - DAG(s) dict_keys(['latest_only']) retrieved from /home/airflow/.local/lib/python3.7/site-packages/airflow/example_dags/example_latest_only.py
[2025-02-27T23:49:07.744+0000] {logging_mixin.py:120} INFO - [2025-02-27T23:49:07.744+0000] {dag.py:2585} INFO - Sync 1 DAGs
[2025-02-27T23:49:07.767+0000] {logging_mixin.py:120} INFO - [2025-02-27T23:49:07.766+0000] {dag.py:3340} INFO - Setting next_dagrun for latest_only to 2025-02-27T19:49:07.766758+00:00, run_after=2025-02-27T23:49:07.766758+00:00
[2025-02-27T23:49:07.780+0000] {processor.py:176} INFO - Processing /home/airflow/.local/lib/python3.7/site-packages/airflow/example_dags/example_latest_only.py took 0.067 seconds
[2025-02-27T23:49:38.591+0000] {processor.py:154} INFO - Started process (PID=352) to work on /home/airflow/.local/lib/python3.7/site-packages/airflow/example_dags/example_latest_only.py
[2025-02-27T23:49:38.591+0000] {processor.py:756} INFO - Processing file /home/airflow/.local/lib/python3.7/site-packages/airflow/example_dags/example_latest_only.py for tasks to queue
[2025-02-27T23:49:38.592+0000] {logging_mixin.py:120} INFO - [2025-02-27T23:49:38.592+0000] {dagbag.py:537} INFO - Filling up the DagBag from /home/airflow/.local/lib/python3.7/site-packages/airflow/example_dags/example_latest_only.py
[2025-02-27T23:49:38.599+0000] {processor.py:766} INFO - DAG(s) dict_keys(['latest_only']) retrieved from /home/airflow/.local/lib/python3.7/site-packages/airflow/example_dags/example_latest_only.py
[2025-02-27T23:49:38.618+0000] {logging_mixin.py:120} INFO - [2025-02-27T23:49:38.618+0000] {dag.py:2585} INFO - Sync 1 DAGs
[2025-02-27T23:49:38.637+0000] {logging_mixin.py:120} INFO - [2025-02-27T23:49:38.637+0000] {dag.py:3340} INFO - Setting next_dagrun for latest_only to 2025-02-27T19:49:38.637031+00:00, run_after=2025-02-27T23:49:38.637031+00:00
[2025-02-27T23:49:38.649+0000] {processor.py:176} INFO - Processing /home/airflow/.local/lib/python3.7/site-packages/airflow/example_dags/example_latest_only.py took 0.060 seconds
[2025-02-27T23:50:09.386+0000] {processor.py:154} INFO - Started process (PID=416) to work on /home/airflow/.local/lib/python3.7/site-packages/airflow/example_dags/example_latest_only.py
[2025-02-27T23:50:09.386+0000] {processor.py:756} INFO - Processing file /home/airflow/.local/lib/python3.7/site-packages/airflow/example_dags/example_latest_only.py for tasks to queue
[2025-02-27T23:50:09.387+0000] {logging_mixin.py:120} INFO - [2025-02-27T23:50:09.386+0000] {dagbag.py:537} INFO - Filling up the DagBag from /home/airflow/.local/lib/python3.7/site-packages/airflow/example_dags/example_latest_only.py
[2025-02-27T23:50:09.393+0000] {processor.py:766} INFO - DAG(s) dict_keys(['latest_only']) retrieved from /home/airflow/.local/lib/python3.7/site-packages/airflow/example_dags/example_latest_only.py
[2025-02-27T23:50:09.414+0000] {logging_mixin.py:120} INFO - [2025-02-27T23:50:09.414+0000] {dag.py:2585} INFO - Sync 1 DAGs
[2025-02-27T23:50:09.425+0000] {logging_mixin.py:120} INFO - [2025-02-27T23:50:09.425+0000] {dag.py:3340} INFO - Setting next_dagrun for latest_only to 2025-02-27T19:50:09.425410+00:00, run_after=2025-02-27T23:50:09.425410+00:00
[2025-02-27T23:50:09.434+0000] {processor.py:176} INFO - Processing /home/airflow/.local/lib/python3.7/site-packages/airflow/example_dags/example_latest_only.py took 0.050 seconds
[2025-02-27T23:50:40.308+0000] {processor.py:154} INFO - Started process (PID=480) to work on /home/airflow/.local/lib/python3.7/site-packages/airflow/example_dags/example_latest_only.py
[2025-02-27T23:50:40.309+0000] {processor.py:756} INFO - Processing file /home/airflow/.local/lib/python3.7/site-packages/airflow/example_dags/example_latest_only.py for tasks to queue
[2025-02-27T23:50:40.309+0000] {logging_mixin.py:120} INFO - [2025-02-27T23:50:40.309+0000] {dagbag.py:537} INFO - Filling up the DagBag from /home/airflow/.local/lib/python3.7/site-packages/airflow/example_dags/example_latest_only.py
[2025-02-27T23:50:40.316+0000] {processor.py:766} INFO - DAG(s) dict_keys(['latest_only']) retrieved from /home/airflow/.local/lib/python3.7/site-packages/airflow/example_dags/example_latest_only.py
[2025-02-27T23:50:40.336+0000] {logging_mixin.py:120} INFO - [2025-02-27T23:50:40.336+0000] {dag.py:2585} INFO - Sync 1 DAGs
[2025-02-27T23:50:40.347+0000] {logging_mixin.py:120} INFO - [2025-02-27T23:50:40.347+0000] {dag.py:3340} INFO - Setting next_dagrun for latest_only to 2025-02-27T19:50:40.347126+00:00, run_after=2025-02-27T23:50:40.347126+00:00
[2025-02-27T23:50:40.357+0000] {processor.py:176} INFO - Processing /home/airflow/.local/lib/python3.7/site-packages/airflow/example_dags/example_latest_only.py took 0.050 seconds
[2025-02-27T23:51:11.162+0000] {processor.py:154} INFO - Started process (PID=544) to work on /home/airflow/.local/lib/python3.7/site-packages/airflow/example_dags/example_latest_only.py
[2025-02-27T23:51:11.162+0000] {processor.py:756} INFO - Processing file /home/airflow/.local/lib/python3.7/site-packages/airflow/example_dags/example_latest_only.py for tasks to queue
[2025-02-27T23:51:11.163+0000] {logging_mixin.py:120} INFO - [2025-02-27T23:51:11.163+0000] {dagbag.py:537} INFO - Filling up the DagBag from /home/airflow/.local/lib/python3.7/site-packages/airflow/example_dags/example_latest_only.py
[2025-02-27T23:51:11.169+0000] {processor.py:766} INFO - DAG(s) dict_keys(['latest_only']) retrieved from /home/airflow/.local/lib/python3.7/site-packages/airflow/example_dags/example_latest_only.py
[2025-02-27T23:51:11.189+0000] {logging_mixin.py:120} INFO - [2025-02-27T23:51:11.189+0000] {dag.py:2585} INFO - Sync 1 DAGs
[2025-02-27T23:51:11.201+0000] {logging_mixin.py:120} INFO - [2025-02-27T23:51:11.201+0000] {dag.py:3340} INFO - Setting next_dagrun for latest_only to 2025-02-27T19:51:11.201488+00:00, run_after=2025-02-27T23:51:11.201488+00:00
[2025-02-27T23:51:11.211+0000] {processor.py:176} INFO - Processing /home/airflow/.local/lib/python3.7/site-packages/airflow/example_dags/example_latest_only.py took 0.051 seconds
[2025-02-27T23:51:41.942+0000] {processor.py:154} INFO - Started process (PID=608) to work on /home/airflow/.local/lib/python3.7/site-packages/airflow/example_dags/example_latest_only.py
[2025-02-27T23:51:41.943+0000] {processor.py:756} INFO - Processing file /home/airflow/.local/lib/python3.7/site-packages/airflow/example_dags/example_latest_only.py for tasks to queue
[2025-02-27T23:51:41.943+0000] {logging_mixin.py:120} INFO - [2025-02-27T23:51:41.943+0000] {dagbag.py:537} INFO - Filling up the DagBag from /home/airflow/.local/lib/python3.7/site-packages/airflow/example_dags/example_latest_only.py
[2025-02-27T23:51:41.950+0000] {processor.py:766} INFO - DAG(s) dict_keys(['latest_only']) retrieved from /home/airflow/.local/lib/python3.7/site-packages/airflow/example_dags/example_latest_only.py
[2025-02-27T23:51:41.970+0000] {logging_mixin.py:120} INFO - [2025-02-27T23:51:41.970+0000] {dag.py:2585} INFO - Sync 1 DAGs
[2025-02-27T23:51:41.982+0000] {logging_mixin.py:120} INFO - [2025-02-27T23:51:41.982+0000] {dag.py:3340} INFO - Setting next_dagrun for latest_only to 2025-02-27T19:51:41.982679+00:00, run_after=2025-02-27T23:51:41.982679+00:00
[2025-02-27T23:51:41.992+0000] {processor.py:176} INFO - Processing /home/airflow/.local/lib/python3.7/site-packages/airflow/example_dags/example_latest_only.py took 0.052 seconds
[2025-02-27T23:52:12.895+0000] {processor.py:154} INFO - Started process (PID=672) to work on /home/airflow/.local/lib/python3.7/site-packages/airflow/example_dags/example_latest_only.py
[2025-02-27T23:52:12.895+0000] {processor.py:756} INFO - Processing file /home/airflow/.local/lib/python3.7/site-packages/airflow/example_dags/example_latest_only.py for tasks to queue
[2025-02-27T23:52:12.896+0000] {logging_mixin.py:120} INFO - [2025-02-27T23:52:12.896+0000] {dagbag.py:537} INFO - Filling up the DagBag from /home/airflow/.local/lib/python3.7/site-packages/airflow/example_dags/example_latest_only.py
[2025-02-27T23:52:12.903+0000] {processor.py:766} INFO - DAG(s) dict_keys(['latest_only']) retrieved from /home/airflow/.local/lib/python3.7/site-packages/airflow/example_dags/example_latest_only.py
[2025-02-27T23:52:12.924+0000] {logging_mixin.py:120} INFO - [2025-02-27T23:52:12.924+0000] {dag.py:2585} INFO - Sync 1 DAGs
[2025-02-27T23:52:12.936+0000] {logging_mixin.py:120} INFO - [2025-02-27T23:52:12.936+0000] {dag.py:3340} INFO - Setting next_dagrun for latest_only to 2025-02-27T19:52:12.936230+00:00, run_after=2025-02-27T23:52:12.936230+00:00
[2025-02-27T23:52:12.946+0000] {processor.py:176} INFO - Processing /home/airflow/.local/lib/python3.7/site-packages/airflow/example_dags/example_latest_only.py took 0.053 seconds
[2025-02-27T23:52:43.681+0000] {processor.py:154} INFO - Started process (PID=735) to work on /home/airflow/.local/lib/python3.7/site-packages/airflow/example_dags/example_latest_only.py
[2025-02-27T23:52:43.682+0000] {processor.py:756} INFO - Processing file /home/airflow/.local/lib/python3.7/site-packages/airflow/example_dags/example_latest_only.py for tasks to queue
[2025-02-27T23:52:43.682+0000] {logging_mixin.py:120} INFO - [2025-02-27T23:52:43.682+0000] {dagbag.py:537} INFO - Filling up the DagBag from /home/airflow/.local/lib/python3.7/site-packages/airflow/example_dags/example_latest_only.py
[2025-02-27T23:52:43.689+0000] {processor.py:766} INFO - DAG(s) dict_keys(['latest_only']) retrieved from /home/airflow/.local/lib/python3.7/site-packages/airflow/example_dags/example_latest_only.py
[2025-02-27T23:52:43.710+0000] {logging_mixin.py:120} INFO - [2025-02-27T23:52:43.710+0000] {dag.py:2585} INFO - Sync 1 DAGs
[2025-02-27T23:52:43.721+0000] {logging_mixin.py:120} INFO - [2025-02-27T23:52:43.721+0000] {dag.py:3340} INFO - Setting next_dagrun for latest_only to 2025-02-27T19:52:43.721555+00:00, run_after=2025-02-27T23:52:43.721555+00:00
[2025-02-27T23:52:43.731+0000] {processor.py:176} INFO - Processing /home/airflow/.local/lib/python3.7/site-packages/airflow/example_dags/example_latest_only.py took 0.051 seconds
[2025-02-27T23:53:14.475+0000] {processor.py:154} INFO - Started process (PID=797) to work on /home/airflow/.local/lib/python3.7/site-packages/airflow/example_dags/example_latest_only.py
[2025-02-27T23:53:14.476+0000] {processor.py:756} INFO - Processing file /home/airflow/.local/lib/python3.7/site-packages/airflow/example_dags/example_latest_only.py for tasks to queue
[2025-02-27T23:53:14.476+0000] {logging_mixin.py:120} INFO - [2025-02-27T23:53:14.476+0000] {dagbag.py:537} INFO - Filling up the DagBag from /home/airflow/.local/lib/python3.7/site-packages/airflow/example_dags/example_latest_only.py
[2025-02-27T23:53:14.483+0000] {processor.py:766} INFO - DAG(s) dict_keys(['latest_only']) retrieved from /home/airflow/.local/lib/python3.7/site-packages/airflow/example_dags/example_latest_only.py
[2025-02-27T23:53:14.503+0000] {logging_mixin.py:120} INFO - [2025-02-27T23:53:14.503+0000] {dag.py:2585} INFO - Sync 1 DAGs
[2025-02-27T23:53:14.515+0000] {logging_mixin.py:120} INFO - [2025-02-27T23:53:14.515+0000] {dag.py:3340} INFO - Setting next_dagrun for latest_only to 2025-02-27T19:53:14.515733+00:00, run_after=2025-02-27T23:53:14.515733+00:00
[2025-02-27T23:53:14.525+0000] {processor.py:176} INFO - Processing /home/airflow/.local/lib/python3.7/site-packages/airflow/example_dags/example_latest_only.py took 0.051 seconds
[2025-02-27T23:53:45.361+0000] {processor.py:154} INFO - Started process (PID=852) to work on /home/airflow/.local/lib/python3.7/site-packages/airflow/example_dags/example_latest_only.py
[2025-02-27T23:53:45.362+0000] {processor.py:756} INFO - Processing file /home/airflow/.local/lib/python3.7/site-packages/airflow/example_dags/example_latest_only.py for tasks to queue
[2025-02-27T23:53:45.362+0000] {logging_mixin.py:120} INFO - [2025-02-27T23:53:45.362+0000] {dagbag.py:537} INFO - Filling up the DagBag from /home/airflow/.local/lib/python3.7/site-packages/airflow/example_dags/example_latest_only.py
[2025-02-27T23:53:45.369+0000] {processor.py:766} INFO - DAG(s) dict_keys(['latest_only']) retrieved from /home/airflow/.local/lib/python3.7/site-packages/airflow/example_dags/example_latest_only.py
[2025-02-27T23:53:45.388+0000] {logging_mixin.py:120} INFO - [2025-02-27T23:53:45.388+0000] {dag.py:2585} INFO - Sync 1 DAGs
[2025-02-27T23:53:45.400+0000] {logging_mixin.py:120} INFO - [2025-02-27T23:53:45.400+0000] {dag.py:3340} INFO - Setting next_dagrun for latest_only to 2025-02-27T19:53:45.400493+00:00, run_after=2025-02-27T23:53:45.400493+00:00
[2025-02-27T23:53:45.410+0000] {processor.py:176} INFO - Processing /home/airflow/.local/lib/python3.7/site-packages/airflow/example_dags/example_latest_only.py took 0.050 seconds
[2025-02-27T23:54:16.193+0000] {processor.py:154} INFO - Started process (PID=916) to work on /home/airflow/.local/lib/python3.7/site-packages/airflow/example_dags/example_latest_only.py
[2025-02-27T23:54:16.194+0000] {processor.py:756} INFO - Processing file /home/airflow/.local/lib/python3.7/site-packages/airflow/example_dags/example_latest_only.py for tasks to queue
[2025-02-27T23:54:16.194+0000] {logging_mixin.py:120} INFO - [2025-02-27T23:54:16.194+0000] {dagbag.py:537} INFO - Filling up the DagBag from /home/airflow/.local/lib/python3.7/site-packages/airflow/example_dags/example_latest_only.py
[2025-02-27T23:54:16.203+0000] {processor.py:766} INFO - DAG(s) dict_keys(['latest_only']) retrieved from /home/airflow/.local/lib/python3.7/site-packages/airflow/example_dags/example_latest_only.py
[2025-02-27T23:54:16.226+0000] {logging_mixin.py:120} INFO - [2025-02-27T23:54:16.226+0000] {dag.py:2585} INFO - Sync 1 DAGs
[2025-02-27T23:54:16.239+0000] {logging_mixin.py:120} INFO - [2025-02-27T23:54:16.239+0000] {dag.py:3340} INFO - Setting next_dagrun for latest_only to 2025-02-27T19:54:16.239545+00:00, run_after=2025-02-27T23:54:16.239545+00:00
[2025-02-27T23:54:16.250+0000] {processor.py:176} INFO - Processing /home/airflow/.local/lib/python3.7/site-packages/airflow/example_dags/example_latest_only.py took 0.058 seconds
[2025-02-27T23:54:47.193+0000] {processor.py:154} INFO - Started process (PID=979) to work on /home/airflow/.local/lib/python3.7/site-packages/airflow/example_dags/example_latest_only.py
[2025-02-27T23:54:47.193+0000] {processor.py:756} INFO - Processing file /home/airflow/.local/lib/python3.7/site-packages/airflow/example_dags/example_latest_only.py for tasks to queue
[2025-02-27T23:54:47.194+0000] {logging_mixin.py:120} INFO - [2025-02-27T23:54:47.194+0000] {dagbag.py:537} INFO - Filling up the DagBag from /home/airflow/.local/lib/python3.7/site-packages/airflow/example_dags/example_latest_only.py
[2025-02-27T23:54:47.201+0000] {processor.py:766} INFO - DAG(s) dict_keys(['latest_only']) retrieved from /home/airflow/.local/lib/python3.7/site-packages/airflow/example_dags/example_latest_only.py
[2025-02-27T23:54:47.220+0000] {logging_mixin.py:120} INFO - [2025-02-27T23:54:47.220+0000] {dag.py:2585} INFO - Sync 1 DAGs
[2025-02-27T23:54:47.232+0000] {logging_mixin.py:120} INFO - [2025-02-27T23:54:47.232+0000] {dag.py:3340} INFO - Setting next_dagrun for latest_only to 2025-02-27T19:54:47.231945+00:00, run_after=2025-02-27T23:54:47.231945+00:00
[2025-02-27T23:54:47.241+0000] {processor.py:176} INFO - Processing /home/airflow/.local/lib/python3.7/site-packages/airflow/example_dags/example_latest_only.py took 0.050 seconds
[2025-02-27T23:55:17.977+0000] {processor.py:154} INFO - Started process (PID=1043) to work on /home/airflow/.local/lib/python3.7/site-packages/airflow/example_dags/example_latest_only.py
[2025-02-27T23:55:17.977+0000] {processor.py:756} INFO - Processing file /home/airflow/.local/lib/python3.7/site-packages/airflow/example_dags/example_latest_only.py for tasks to queue
[2025-02-27T23:55:17.978+0000] {logging_mixin.py:120} INFO - [2025-02-27T23:55:17.978+0000] {dagbag.py:537} INFO - Filling up the DagBag from /home/airflow/.local/lib/python3.7/site-packages/airflow/example_dags/example_latest_only.py
[2025-02-27T23:55:17.985+0000] {processor.py:766} INFO - DAG(s) dict_keys(['latest_only']) retrieved from /home/airflow/.local/lib/python3.7/site-packages/airflow/example_dags/example_latest_only.py
[2025-02-27T23:55:18.006+0000] {logging_mixin.py:120} INFO - [2025-02-27T23:55:18.006+0000] {dag.py:2585} INFO - Sync 1 DAGs
[2025-02-27T23:55:18.018+0000] {logging_mixin.py:120} INFO - [2025-02-27T23:55:18.018+0000] {dag.py:3340} INFO - Setting next_dagrun for latest_only to 2025-02-27T19:55:18.018032+00:00, run_after=2025-02-27T23:55:18.018032+00:00
[2025-02-27T23:55:18.029+0000] {processor.py:176} INFO - Processing /home/airflow/.local/lib/python3.7/site-packages/airflow/example_dags/example_latest_only.py took 0.054 seconds
[2025-02-27T23:55:48.740+0000] {processor.py:154} INFO - Started process (PID=1107) to work on /home/airflow/.local/lib/python3.7/site-packages/airflow/example_dags/example_latest_only.py
[2025-02-27T23:55:48.741+0000] {processor.py:756} INFO - Processing file /home/airflow/.local/lib/python3.7/site-packages/airflow/example_dags/example_latest_only.py for tasks to queue
[2025-02-27T23:55:48.741+0000] {logging_mixin.py:120} INFO - [2025-02-27T23:55:48.741+0000] {dagbag.py:537} INFO - Filling up the DagBag from /home/airflow/.local/lib/python3.7/site-packages/airflow/example_dags/example_latest_only.py
[2025-02-27T23:55:48.747+0000] {processor.py:766} INFO - DAG(s) dict_keys(['latest_only']) retrieved from /home/airflow/.local/lib/python3.7/site-packages/airflow/example_dags/example_latest_only.py
[2025-02-27T23:55:48.767+0000] {logging_mixin.py:120} INFO - [2025-02-27T23:55:48.767+0000] {dag.py:2585} INFO - Sync 1 DAGs
[2025-02-27T23:55:48.780+0000] {logging_mixin.py:120} INFO - [2025-02-27T23:55:48.780+0000] {dag.py:3340} INFO - Setting next_dagrun for latest_only to 2025-02-27T19:55:48.779976+00:00, run_after=2025-02-27T23:55:48.779976+00:00
[2025-02-27T23:55:48.789+0000] {processor.py:176} INFO - Processing /home/airflow/.local/lib/python3.7/site-packages/airflow/example_dags/example_latest_only.py took 0.051 seconds
[2025-02-27T23:56:19.455+0000] {processor.py:154} INFO - Started process (PID=1171) to work on /home/airflow/.local/lib/python3.7/site-packages/airflow/example_dags/example_latest_only.py
[2025-02-27T23:56:19.457+0000] {processor.py:756} INFO - Processing file /home/airflow/.local/lib/python3.7/site-packages/airflow/example_dags/example_latest_only.py for tasks to queue
[2025-02-27T23:56:19.457+0000] {logging_mixin.py:120} INFO - [2025-02-27T23:56:19.457+0000] {dagbag.py:537} INFO - Filling up the DagBag from /home/airflow/.local/lib/python3.7/site-packages/airflow/example_dags/example_latest_only.py
[2025-02-27T23:56:19.464+0000] {processor.py:766} INFO - DAG(s) dict_keys(['latest_only']) retrieved from /home/airflow/.local/lib/python3.7/site-packages/airflow/example_dags/example_latest_only.py
[2025-02-27T23:56:19.485+0000] {logging_mixin.py:120} INFO - [2025-02-27T23:56:19.484+0000] {dag.py:2585} INFO - Sync 1 DAGs
[2025-02-27T23:56:19.496+0000] {logging_mixin.py:120} INFO - [2025-02-27T23:56:19.496+0000] {dag.py:3340} INFO - Setting next_dagrun for latest_only to 2025-02-27T19:56:19.496057+00:00, run_after=2025-02-27T23:56:19.496057+00:00
[2025-02-27T23:56:19.505+0000] {processor.py:176} INFO - Processing /home/airflow/.local/lib/python3.7/site-packages/airflow/example_dags/example_latest_only.py took 0.052 seconds
[2025-02-27T23:56:50.268+0000] {processor.py:154} INFO - Started process (PID=1235) to work on /home/airflow/.local/lib/python3.7/site-packages/airflow/example_dags/example_latest_only.py
[2025-02-27T23:56:50.269+0000] {processor.py:756} INFO - Processing file /home/airflow/.local/lib/python3.7/site-packages/airflow/example_dags/example_latest_only.py for tasks to queue
[2025-02-27T23:56:50.269+0000] {logging_mixin.py:120} INFO - [2025-02-27T23:56:50.269+0000] {dagbag.py:537} INFO - Filling up the DagBag from /home/airflow/.local/lib/python3.7/site-packages/airflow/example_dags/example_latest_only.py
[2025-02-27T23:56:50.276+0000] {processor.py:766} INFO - DAG(s) dict_keys(['latest_only']) retrieved from /home/airflow/.local/lib/python3.7/site-packages/airflow/example_dags/example_latest_only.py
[2025-02-27T23:56:50.297+0000] {logging_mixin.py:120} INFO - [2025-02-27T23:56:50.296+0000] {dag.py:2585} INFO - Sync 1 DAGs
[2025-02-27T23:56:50.309+0000] {logging_mixin.py:120} INFO - [2025-02-27T23:56:50.309+0000] {dag.py:3340} INFO - Setting next_dagrun for latest_only to 2025-02-27T19:56:50.309114+00:00, run_after=2025-02-27T23:56:50.309114+00:00
[2025-02-27T23:56:50.321+0000] {processor.py:176} INFO - Processing /home/airflow/.local/lib/python3.7/site-packages/airflow/example_dags/example_latest_only.py took 0.055 seconds
[2025-02-27T23:57:21.148+0000] {processor.py:154} INFO - Started process (PID=1299) to work on /home/airflow/.local/lib/python3.7/site-packages/airflow/example_dags/example_latest_only.py
[2025-02-27T23:57:21.148+0000] {processor.py:756} INFO - Processing file /home/airflow/.local/lib/python3.7/site-packages/airflow/example_dags/example_latest_only.py for tasks to queue
[2025-02-27T23:57:21.149+0000] {logging_mixin.py:120} INFO - [2025-02-27T23:57:21.149+0000] {dagbag.py:537} INFO - Filling up the DagBag from /home/airflow/.local/lib/python3.7/site-packages/airflow/example_dags/example_latest_only.py
[2025-02-27T23:57:21.156+0000] {processor.py:766} INFO - DAG(s) dict_keys(['latest_only']) retrieved from /home/airflow/.local/lib/python3.7/site-packages/airflow/example_dags/example_latest_only.py
[2025-02-27T23:57:21.177+0000] {logging_mixin.py:120} INFO - [2025-02-27T23:57:21.177+0000] {dag.py:2585} INFO - Sync 1 DAGs
[2025-02-27T23:57:21.189+0000] {logging_mixin.py:120} INFO - [2025-02-27T23:57:21.189+0000] {dag.py:3340} INFO - Setting next_dagrun for latest_only to 2025-02-27T19:57:21.189363+00:00, run_after=2025-02-27T23:57:21.189363+00:00
[2025-02-27T23:57:21.199+0000] {processor.py:176} INFO - Processing /home/airflow/.local/lib/python3.7/site-packages/airflow/example_dags/example_latest_only.py took 0.053 seconds
[2025-02-27T23:57:52.064+0000] {processor.py:154} INFO - Started process (PID=1362) to work on /home/airflow/.local/lib/python3.7/site-packages/airflow/example_dags/example_latest_only.py
[2025-02-27T23:57:52.065+0000] {processor.py:756} INFO - Processing file /home/airflow/.local/lib/python3.7/site-packages/airflow/example_dags/example_latest_only.py for tasks to queue
[2025-02-27T23:57:52.066+0000] {logging_mixin.py:120} INFO - [2025-02-27T23:57:52.066+0000] {dagbag.py:537} INFO - Filling up the DagBag from /home/airflow/.local/lib/python3.7/site-packages/airflow/example_dags/example_latest_only.py
[2025-02-27T23:57:52.073+0000] {processor.py:766} INFO - DAG(s) dict_keys(['latest_only']) retrieved from /home/airflow/.local/lib/python3.7/site-packages/airflow/example_dags/example_latest_only.py
[2025-02-27T23:57:52.098+0000] {logging_mixin.py:120} INFO - [2025-02-27T23:57:52.098+0000] {dag.py:2585} INFO - Sync 1 DAGs
[2025-02-27T23:57:52.116+0000] {logging_mixin.py:120} INFO - [2025-02-27T23:57:52.116+0000] {dag.py:3340} INFO - Setting next_dagrun for latest_only to 2025-02-27T19:57:52.116063+00:00, run_after=2025-02-27T23:57:52.116063+00:00
[2025-02-27T23:57:52.128+0000] {processor.py:176} INFO - Processing /home/airflow/.local/lib/python3.7/site-packages/airflow/example_dags/example_latest_only.py took 0.065 seconds
[2025-02-27T23:58:22.913+0000] {processor.py:154} INFO - Started process (PID=1416) to work on /home/airflow/.local/lib/python3.7/site-packages/airflow/example_dags/example_latest_only.py
[2025-02-27T23:58:22.913+0000] {processor.py:756} INFO - Processing file /home/airflow/.local/lib/python3.7/site-packages/airflow/example_dags/example_latest_only.py for tasks to queue
[2025-02-27T23:58:22.914+0000] {logging_mixin.py:120} INFO - [2025-02-27T23:58:22.914+0000] {dagbag.py:537} INFO - Filling up the DagBag from /home/airflow/.local/lib/python3.7/site-packages/airflow/example_dags/example_latest_only.py
[2025-02-27T23:58:22.921+0000] {processor.py:766} INFO - DAG(s) dict_keys(['latest_only']) retrieved from /home/airflow/.local/lib/python3.7/site-packages/airflow/example_dags/example_latest_only.py
[2025-02-27T23:58:22.942+0000] {logging_mixin.py:120} INFO - [2025-02-27T23:58:22.941+0000] {dag.py:2585} INFO - Sync 1 DAGs
[2025-02-27T23:58:22.955+0000] {logging_mixin.py:120} INFO - [2025-02-27T23:58:22.954+0000] {dag.py:3340} INFO - Setting next_dagrun for latest_only to 2025-02-27T19:58:22.954801+00:00, run_after=2025-02-27T23:58:22.954801+00:00
[2025-02-27T23:58:22.964+0000] {processor.py:176} INFO - Processing /home/airflow/.local/lib/python3.7/site-packages/airflow/example_dags/example_latest_only.py took 0.053 seconds
[2025-02-27T23:58:53.681+0000] {processor.py:154} INFO - Started process (PID=1480) to work on /home/airflow/.local/lib/python3.7/site-packages/airflow/example_dags/example_latest_only.py
[2025-02-27T23:58:53.683+0000] {processor.py:756} INFO - Processing file /home/airflow/.local/lib/python3.7/site-packages/airflow/example_dags/example_latest_only.py for tasks to queue
[2025-02-27T23:58:53.683+0000] {logging_mixin.py:120} INFO - [2025-02-27T23:58:53.683+0000] {dagbag.py:537} INFO - Filling up the DagBag from /home/airflow/.local/lib/python3.7/site-packages/airflow/example_dags/example_latest_only.py
[2025-02-27T23:58:53.691+0000] {processor.py:766} INFO - DAG(s) dict_keys(['latest_only']) retrieved from /home/airflow/.local/lib/python3.7/site-packages/airflow/example_dags/example_latest_only.py
[2025-02-27T23:58:53.711+0000] {logging_mixin.py:120} INFO - [2025-02-27T23:58:53.710+0000] {dag.py:2585} INFO - Sync 1 DAGs
[2025-02-27T23:58:53.722+0000] {logging_mixin.py:120} INFO - [2025-02-27T23:58:53.722+0000] {dag.py:3340} INFO - Setting next_dagrun for latest_only to 2025-02-27T19:58:53.722140+00:00, run_after=2025-02-27T23:58:53.722140+00:00
[2025-02-27T23:58:53.758+0000] {processor.py:176} INFO - Processing /home/airflow/.local/lib/python3.7/site-packages/airflow/example_dags/example_latest_only.py took 0.079 seconds
[2025-02-27T23:59:24.439+0000] {processor.py:154} INFO - Started process (PID=1544) to work on /home/airflow/.local/lib/python3.7/site-packages/airflow/example_dags/example_latest_only.py
[2025-02-27T23:59:24.441+0000] {processor.py:756} INFO - Processing file /home/airflow/.local/lib/python3.7/site-packages/airflow/example_dags/example_latest_only.py for tasks to queue
[2025-02-27T23:59:24.442+0000] {logging_mixin.py:120} INFO - [2025-02-27T23:59:24.442+0000] {dagbag.py:537} INFO - Filling up the DagBag from /home/airflow/.local/lib/python3.7/site-packages/airflow/example_dags/example_latest_only.py
[2025-02-27T23:59:24.450+0000] {processor.py:766} INFO - DAG(s) dict_keys(['latest_only']) retrieved from /home/airflow/.local/lib/python3.7/site-packages/airflow/example_dags/example_latest_only.py
[2025-02-27T23:59:24.472+0000] {logging_mixin.py:120} INFO - [2025-02-27T23:59:24.472+0000] {dag.py:2585} INFO - Sync 1 DAGs
[2025-02-27T23:59:24.487+0000] {logging_mixin.py:120} INFO - [2025-02-27T23:59:24.487+0000] {dag.py:3340} INFO - Setting next_dagrun for latest_only to 2025-02-27T19:59:24.487649+00:00, run_after=2025-02-27T23:59:24.487649+00:00
[2025-02-27T23:59:24.498+0000] {processor.py:176} INFO - Processing /home/airflow/.local/lib/python3.7/site-packages/airflow/example_dags/example_latest_only.py took 0.060 seconds
[2025-02-27T23:59:55.194+0000] {processor.py:154} INFO - Started process (PID=1608) to work on /home/airflow/.local/lib/python3.7/site-packages/airflow/example_dags/example_latest_only.py
[2025-02-27T23:59:55.195+0000] {processor.py:756} INFO - Processing file /home/airflow/.local/lib/python3.7/site-packages/airflow/example_dags/example_latest_only.py for tasks to queue
[2025-02-27T23:59:55.195+0000] {logging_mixin.py:120} INFO - [2025-02-27T23:59:55.195+0000] {dagbag.py:537} INFO - Filling up the DagBag from /home/airflow/.local/lib/python3.7/site-packages/airflow/example_dags/example_latest_only.py
[2025-02-27T23:59:55.203+0000] {processor.py:766} INFO - DAG(s) dict_keys(['latest_only']) retrieved from /home/airflow/.local/lib/python3.7/site-packages/airflow/example_dags/example_latest_only.py
[2025-02-27T23:59:55.222+0000] {logging_mixin.py:120} INFO - [2025-02-27T23:59:55.222+0000] {dag.py:2585} INFO - Sync 1 DAGs
[2025-02-27T23:59:55.236+0000] {logging_mixin.py:120} INFO - [2025-02-27T23:59:55.236+0000] {dag.py:3340} INFO - Setting next_dagrun for latest_only to 2025-02-27T19:59:55.235930+00:00, run_after=2025-02-27T23:59:55.235930+00:00
[2025-02-27T23:59:55.245+0000] {processor.py:176} INFO - Processing /home/airflow/.local/lib/python3.7/site-packages/airflow/example_dags/example_latest_only.py took 0.053 seconds
