[2025-02-27T23:47:06.001+0000] {processor.py:154} INFO - Started process (PID=47) to work on /home/airflow/.local/lib/python3.7/site-packages/airflow/example_dags/example_complex.py
[2025-02-27T23:47:06.002+0000] {processor.py:756} INFO - Processing file /home/airflow/.local/lib/python3.7/site-packages/airflow/example_dags/example_complex.py for tasks to queue
[2025-02-27T23:47:06.003+0000] {logging_mixin.py:120} INFO - [2025-02-27T23:47:06.003+0000] {dagbag.py:537} INFO - Filling up the DagBag from /home/airflow/.local/lib/python3.7/site-packages/airflow/example_dags/example_complex.py
[2025-02-27T23:47:06.014+0000] {logging_mixin.py:120} INFO - [2025-02-27T23:47:06.014+0000] {taskmixin.py:205} WARNING - Dependency <Task(BashOperator): create_entry_group>, delete_entry_group already registered for DAG: example_complex
[2025-02-27T23:47:06.015+0000] {logging_mixin.py:120} INFO - [2025-02-27T23:47:06.015+0000] {taskmixin.py:205} WARNING - Dependency <Task(BashOperator): delete_entry_group>, create_entry_group already registered for DAG: example_complex
[2025-02-27T23:47:06.015+0000] {logging_mixin.py:120} INFO - [2025-02-27T23:47:06.015+0000] {taskmixin.py:205} WARNING - Dependency <Task(BashOperator): create_entry_gcs>, delete_entry already registered for DAG: example_complex
[2025-02-27T23:47:06.015+0000] {logging_mixin.py:120} INFO - [2025-02-27T23:47:06.015+0000] {taskmixin.py:205} WARNING - Dependency <Task(BashOperator): delete_entry>, create_entry_gcs already registered for DAG: example_complex
[2025-02-27T23:47:06.016+0000] {logging_mixin.py:120} INFO - [2025-02-27T23:47:06.016+0000] {taskmixin.py:205} WARNING - Dependency <Task(BashOperator): create_tag>, delete_tag already registered for DAG: example_complex
[2025-02-27T23:47:06.016+0000] {logging_mixin.py:120} INFO - [2025-02-27T23:47:06.016+0000] {taskmixin.py:205} WARNING - Dependency <Task(BashOperator): delete_tag>, create_tag already registered for DAG: example_complex
[2025-02-27T23:47:06.021+0000] {processor.py:766} INFO - DAG(s) dict_keys(['example_complex']) retrieved from /home/airflow/.local/lib/python3.7/site-packages/airflow/example_dags/example_complex.py
[2025-02-27T23:47:06.073+0000] {logging_mixin.py:120} INFO - [2025-02-27T23:47:06.073+0000] {dag.py:2585} INFO - Sync 1 DAGs
[2025-02-27T23:47:06.102+0000] {logging_mixin.py:120} INFO - [2025-02-27T23:47:06.101+0000] {dag.py:3340} INFO - Setting next_dagrun for example_complex to None, run_after=None
[2025-02-27T23:47:06.127+0000] {processor.py:176} INFO - Processing /home/airflow/.local/lib/python3.7/site-packages/airflow/example_dags/example_complex.py took 0.129 seconds
[2025-02-27T23:47:36.380+0000] {processor.py:154} INFO - Started process (PID=111) to work on /home/airflow/.local/lib/python3.7/site-packages/airflow/example_dags/example_complex.py
[2025-02-27T23:47:36.381+0000] {processor.py:756} INFO - Processing file /home/airflow/.local/lib/python3.7/site-packages/airflow/example_dags/example_complex.py for tasks to queue
[2025-02-27T23:47:36.383+0000] {logging_mixin.py:120} INFO - [2025-02-27T23:47:36.383+0000] {dagbag.py:537} INFO - Filling up the DagBag from /home/airflow/.local/lib/python3.7/site-packages/airflow/example_dags/example_complex.py
[2025-02-27T23:47:36.395+0000] {logging_mixin.py:120} INFO - [2025-02-27T23:47:36.394+0000] {taskmixin.py:205} WARNING - Dependency <Task(BashOperator): create_entry_group>, delete_entry_group already registered for DAG: example_complex
[2025-02-27T23:47:36.396+0000] {logging_mixin.py:120} INFO - [2025-02-27T23:47:36.395+0000] {taskmixin.py:205} WARNING - Dependency <Task(BashOperator): delete_entry_group>, create_entry_group already registered for DAG: example_complex
[2025-02-27T23:47:36.396+0000] {logging_mixin.py:120} INFO - [2025-02-27T23:47:36.396+0000] {taskmixin.py:205} WARNING - Dependency <Task(BashOperator): create_entry_gcs>, delete_entry already registered for DAG: example_complex
[2025-02-27T23:47:36.396+0000] {logging_mixin.py:120} INFO - [2025-02-27T23:47:36.396+0000] {taskmixin.py:205} WARNING - Dependency <Task(BashOperator): delete_entry>, create_entry_gcs already registered for DAG: example_complex
[2025-02-27T23:47:36.397+0000] {logging_mixin.py:120} INFO - [2025-02-27T23:47:36.397+0000] {taskmixin.py:205} WARNING - Dependency <Task(BashOperator): create_tag>, delete_tag already registered for DAG: example_complex
[2025-02-27T23:47:36.397+0000] {logging_mixin.py:120} INFO - [2025-02-27T23:47:36.397+0000] {taskmixin.py:205} WARNING - Dependency <Task(BashOperator): delete_tag>, create_tag already registered for DAG: example_complex
[2025-02-27T23:47:36.402+0000] {processor.py:766} INFO - DAG(s) dict_keys(['example_complex']) retrieved from /home/airflow/.local/lib/python3.7/site-packages/airflow/example_dags/example_complex.py
[2025-02-27T23:47:36.434+0000] {logging_mixin.py:120} INFO - [2025-02-27T23:47:36.434+0000] {dag.py:2585} INFO - Sync 1 DAGs
[2025-02-27T23:47:36.450+0000] {logging_mixin.py:120} INFO - [2025-02-27T23:47:36.450+0000] {dag.py:3340} INFO - Setting next_dagrun for example_complex to None, run_after=None
[2025-02-27T23:47:36.461+0000] {processor.py:176} INFO - Processing /home/airflow/.local/lib/python3.7/site-packages/airflow/example_dags/example_complex.py took 0.084 seconds
[2025-02-27T23:48:07.396+0000] {processor.py:154} INFO - Started process (PID=176) to work on /home/airflow/.local/lib/python3.7/site-packages/airflow/example_dags/example_complex.py
[2025-02-27T23:48:07.401+0000] {processor.py:756} INFO - Processing file /home/airflow/.local/lib/python3.7/site-packages/airflow/example_dags/example_complex.py for tasks to queue
[2025-02-27T23:48:07.402+0000] {logging_mixin.py:120} INFO - [2025-02-27T23:48:07.402+0000] {dagbag.py:537} INFO - Filling up the DagBag from /home/airflow/.local/lib/python3.7/site-packages/airflow/example_dags/example_complex.py
[2025-02-27T23:48:07.411+0000] {logging_mixin.py:120} INFO - [2025-02-27T23:48:07.410+0000] {taskmixin.py:205} WARNING - Dependency <Task(BashOperator): create_entry_group>, delete_entry_group already registered for DAG: example_complex
[2025-02-27T23:48:07.414+0000] {logging_mixin.py:120} INFO - [2025-02-27T23:48:07.414+0000] {taskmixin.py:205} WARNING - Dependency <Task(BashOperator): delete_entry_group>, create_entry_group already registered for DAG: example_complex
[2025-02-27T23:48:07.414+0000] {logging_mixin.py:120} INFO - [2025-02-27T23:48:07.414+0000] {taskmixin.py:205} WARNING - Dependency <Task(BashOperator): create_entry_gcs>, delete_entry already registered for DAG: example_complex
[2025-02-27T23:48:07.414+0000] {logging_mixin.py:120} INFO - [2025-02-27T23:48:07.414+0000] {taskmixin.py:205} WARNING - Dependency <Task(BashOperator): delete_entry>, create_entry_gcs already registered for DAG: example_complex
[2025-02-27T23:48:07.414+0000] {logging_mixin.py:120} INFO - [2025-02-27T23:48:07.414+0000] {taskmixin.py:205} WARNING - Dependency <Task(BashOperator): create_tag>, delete_tag already registered for DAG: example_complex
[2025-02-27T23:48:07.415+0000] {logging_mixin.py:120} INFO - [2025-02-27T23:48:07.415+0000] {taskmixin.py:205} WARNING - Dependency <Task(BashOperator): delete_tag>, create_tag already registered for DAG: example_complex
[2025-02-27T23:48:07.419+0000] {processor.py:766} INFO - DAG(s) dict_keys(['example_complex']) retrieved from /home/airflow/.local/lib/python3.7/site-packages/airflow/example_dags/example_complex.py
[2025-02-27T23:48:07.433+0000] {logging_mixin.py:120} INFO - [2025-02-27T23:48:07.433+0000] {dag.py:2585} INFO - Sync 1 DAGs
[2025-02-27T23:48:07.449+0000] {logging_mixin.py:120} INFO - [2025-02-27T23:48:07.449+0000] {dag.py:3340} INFO - Setting next_dagrun for example_complex to None, run_after=None
[2025-02-27T23:48:07.459+0000] {processor.py:176} INFO - Processing /home/airflow/.local/lib/python3.7/site-packages/airflow/example_dags/example_complex.py took 0.067 seconds
[2025-02-27T23:48:38.107+0000] {processor.py:154} INFO - Started process (PID=240) to work on /home/airflow/.local/lib/python3.7/site-packages/airflow/example_dags/example_complex.py
[2025-02-27T23:48:38.109+0000] {processor.py:756} INFO - Processing file /home/airflow/.local/lib/python3.7/site-packages/airflow/example_dags/example_complex.py for tasks to queue
[2025-02-27T23:48:38.110+0000] {logging_mixin.py:120} INFO - [2025-02-27T23:48:38.110+0000] {dagbag.py:537} INFO - Filling up the DagBag from /home/airflow/.local/lib/python3.7/site-packages/airflow/example_dags/example_complex.py
[2025-02-27T23:48:38.122+0000] {logging_mixin.py:120} INFO - [2025-02-27T23:48:38.121+0000] {taskmixin.py:205} WARNING - Dependency <Task(BashOperator): create_entry_group>, delete_entry_group already registered for DAG: example_complex
[2025-02-27T23:48:38.122+0000] {logging_mixin.py:120} INFO - [2025-02-27T23:48:38.122+0000] {taskmixin.py:205} WARNING - Dependency <Task(BashOperator): delete_entry_group>, create_entry_group already registered for DAG: example_complex
[2025-02-27T23:48:38.122+0000] {logging_mixin.py:120} INFO - [2025-02-27T23:48:38.122+0000] {taskmixin.py:205} WARNING - Dependency <Task(BashOperator): create_entry_gcs>, delete_entry already registered for DAG: example_complex
[2025-02-27T23:48:38.123+0000] {logging_mixin.py:120} INFO - [2025-02-27T23:48:38.123+0000] {taskmixin.py:205} WARNING - Dependency <Task(BashOperator): delete_entry>, create_entry_gcs already registered for DAG: example_complex
[2025-02-27T23:48:38.123+0000] {logging_mixin.py:120} INFO - [2025-02-27T23:48:38.123+0000] {taskmixin.py:205} WARNING - Dependency <Task(BashOperator): create_tag>, delete_tag already registered for DAG: example_complex
[2025-02-27T23:48:38.123+0000] {logging_mixin.py:120} INFO - [2025-02-27T23:48:38.123+0000] {taskmixin.py:205} WARNING - Dependency <Task(BashOperator): delete_tag>, create_tag already registered for DAG: example_complex
[2025-02-27T23:48:38.129+0000] {processor.py:766} INFO - DAG(s) dict_keys(['example_complex']) retrieved from /home/airflow/.local/lib/python3.7/site-packages/airflow/example_dags/example_complex.py
[2025-02-27T23:48:38.157+0000] {logging_mixin.py:120} INFO - [2025-02-27T23:48:38.157+0000] {dag.py:2585} INFO - Sync 1 DAGs
[2025-02-27T23:48:38.169+0000] {logging_mixin.py:120} INFO - [2025-02-27T23:48:38.169+0000] {dag.py:3340} INFO - Setting next_dagrun for example_complex to None, run_after=None
[2025-02-27T23:48:38.179+0000] {processor.py:176} INFO - Processing /home/airflow/.local/lib/python3.7/site-packages/airflow/example_dags/example_complex.py took 0.076 seconds
[2025-02-27T23:49:09.046+0000] {processor.py:154} INFO - Started process (PID=304) to work on /home/airflow/.local/lib/python3.7/site-packages/airflow/example_dags/example_complex.py
[2025-02-27T23:49:09.047+0000] {processor.py:756} INFO - Processing file /home/airflow/.local/lib/python3.7/site-packages/airflow/example_dags/example_complex.py for tasks to queue
[2025-02-27T23:49:09.048+0000] {logging_mixin.py:120} INFO - [2025-02-27T23:49:09.048+0000] {dagbag.py:537} INFO - Filling up the DagBag from /home/airflow/.local/lib/python3.7/site-packages/airflow/example_dags/example_complex.py
[2025-02-27T23:49:09.054+0000] {logging_mixin.py:120} INFO - [2025-02-27T23:49:09.054+0000] {taskmixin.py:205} WARNING - Dependency <Task(BashOperator): create_entry_group>, delete_entry_group already registered for DAG: example_complex
[2025-02-27T23:49:09.054+0000] {logging_mixin.py:120} INFO - [2025-02-27T23:49:09.054+0000] {taskmixin.py:205} WARNING - Dependency <Task(BashOperator): delete_entry_group>, create_entry_group already registered for DAG: example_complex
[2025-02-27T23:49:09.054+0000] {logging_mixin.py:120} INFO - [2025-02-27T23:49:09.054+0000] {taskmixin.py:205} WARNING - Dependency <Task(BashOperator): create_entry_gcs>, delete_entry already registered for DAG: example_complex
[2025-02-27T23:49:09.054+0000] {logging_mixin.py:120} INFO - [2025-02-27T23:49:09.054+0000] {taskmixin.py:205} WARNING - Dependency <Task(BashOperator): delete_entry>, create_entry_gcs already registered for DAG: example_complex
[2025-02-27T23:49:09.055+0000] {logging_mixin.py:120} INFO - [2025-02-27T23:49:09.055+0000] {taskmixin.py:205} WARNING - Dependency <Task(BashOperator): create_tag>, delete_tag already registered for DAG: example_complex
[2025-02-27T23:49:09.055+0000] {logging_mixin.py:120} INFO - [2025-02-27T23:49:09.055+0000] {taskmixin.py:205} WARNING - Dependency <Task(BashOperator): delete_tag>, create_tag already registered for DAG: example_complex
[2025-02-27T23:49:09.059+0000] {processor.py:766} INFO - DAG(s) dict_keys(['example_complex']) retrieved from /home/airflow/.local/lib/python3.7/site-packages/airflow/example_dags/example_complex.py
[2025-02-27T23:49:09.082+0000] {logging_mixin.py:120} INFO - [2025-02-27T23:49:09.082+0000] {dag.py:2585} INFO - Sync 1 DAGs
[2025-02-27T23:49:09.094+0000] {logging_mixin.py:120} INFO - [2025-02-27T23:49:09.094+0000] {dag.py:3340} INFO - Setting next_dagrun for example_complex to None, run_after=None
[2025-02-27T23:49:09.104+0000] {processor.py:176} INFO - Processing /home/airflow/.local/lib/python3.7/site-packages/airflow/example_dags/example_complex.py took 0.060 seconds
[2025-02-27T23:49:39.898+0000] {processor.py:154} INFO - Started process (PID=359) to work on /home/airflow/.local/lib/python3.7/site-packages/airflow/example_dags/example_complex.py
[2025-02-27T23:49:39.899+0000] {processor.py:756} INFO - Processing file /home/airflow/.local/lib/python3.7/site-packages/airflow/example_dags/example_complex.py for tasks to queue
[2025-02-27T23:49:39.900+0000] {logging_mixin.py:120} INFO - [2025-02-27T23:49:39.900+0000] {dagbag.py:537} INFO - Filling up the DagBag from /home/airflow/.local/lib/python3.7/site-packages/airflow/example_dags/example_complex.py
[2025-02-27T23:49:39.912+0000] {logging_mixin.py:120} INFO - [2025-02-27T23:49:39.912+0000] {taskmixin.py:205} WARNING - Dependency <Task(BashOperator): create_entry_group>, delete_entry_group already registered for DAG: example_complex
[2025-02-27T23:49:39.913+0000] {logging_mixin.py:120} INFO - [2025-02-27T23:49:39.913+0000] {taskmixin.py:205} WARNING - Dependency <Task(BashOperator): delete_entry_group>, create_entry_group already registered for DAG: example_complex
[2025-02-27T23:49:39.913+0000] {logging_mixin.py:120} INFO - [2025-02-27T23:49:39.913+0000] {taskmixin.py:205} WARNING - Dependency <Task(BashOperator): create_entry_gcs>, delete_entry already registered for DAG: example_complex
[2025-02-27T23:49:39.913+0000] {logging_mixin.py:120} INFO - [2025-02-27T23:49:39.913+0000] {taskmixin.py:205} WARNING - Dependency <Task(BashOperator): delete_entry>, create_entry_gcs already registered for DAG: example_complex
[2025-02-27T23:49:39.914+0000] {logging_mixin.py:120} INFO - [2025-02-27T23:49:39.914+0000] {taskmixin.py:205} WARNING - Dependency <Task(BashOperator): create_tag>, delete_tag already registered for DAG: example_complex
[2025-02-27T23:49:39.914+0000] {logging_mixin.py:120} INFO - [2025-02-27T23:49:39.914+0000] {taskmixin.py:205} WARNING - Dependency <Task(BashOperator): delete_tag>, create_tag already registered for DAG: example_complex
[2025-02-27T23:49:39.920+0000] {processor.py:766} INFO - DAG(s) dict_keys(['example_complex']) retrieved from /home/airflow/.local/lib/python3.7/site-packages/airflow/example_dags/example_complex.py
[2025-02-27T23:49:39.947+0000] {logging_mixin.py:120} INFO - [2025-02-27T23:49:39.947+0000] {dag.py:2585} INFO - Sync 1 DAGs
[2025-02-27T23:49:39.959+0000] {logging_mixin.py:120} INFO - [2025-02-27T23:49:39.959+0000] {dag.py:3340} INFO - Setting next_dagrun for example_complex to None, run_after=None
[2025-02-27T23:49:39.968+0000] {processor.py:176} INFO - Processing /home/airflow/.local/lib/python3.7/site-packages/airflow/example_dags/example_complex.py took 0.074 seconds
[2025-02-27T23:50:10.665+0000] {processor.py:154} INFO - Started process (PID=423) to work on /home/airflow/.local/lib/python3.7/site-packages/airflow/example_dags/example_complex.py
[2025-02-27T23:50:10.666+0000] {processor.py:756} INFO - Processing file /home/airflow/.local/lib/python3.7/site-packages/airflow/example_dags/example_complex.py for tasks to queue
[2025-02-27T23:50:10.667+0000] {logging_mixin.py:120} INFO - [2025-02-27T23:50:10.667+0000] {dagbag.py:537} INFO - Filling up the DagBag from /home/airflow/.local/lib/python3.7/site-packages/airflow/example_dags/example_complex.py
[2025-02-27T23:50:10.677+0000] {logging_mixin.py:120} INFO - [2025-02-27T23:50:10.677+0000] {taskmixin.py:205} WARNING - Dependency <Task(BashOperator): create_entry_group>, delete_entry_group already registered for DAG: example_complex
[2025-02-27T23:50:10.677+0000] {logging_mixin.py:120} INFO - [2025-02-27T23:50:10.677+0000] {taskmixin.py:205} WARNING - Dependency <Task(BashOperator): delete_entry_group>, create_entry_group already registered for DAG: example_complex
[2025-02-27T23:50:10.678+0000] {logging_mixin.py:120} INFO - [2025-02-27T23:50:10.678+0000] {taskmixin.py:205} WARNING - Dependency <Task(BashOperator): create_entry_gcs>, delete_entry already registered for DAG: example_complex
[2025-02-27T23:50:10.678+0000] {logging_mixin.py:120} INFO - [2025-02-27T23:50:10.678+0000] {taskmixin.py:205} WARNING - Dependency <Task(BashOperator): delete_entry>, create_entry_gcs already registered for DAG: example_complex
[2025-02-27T23:50:10.679+0000] {logging_mixin.py:120} INFO - [2025-02-27T23:50:10.678+0000] {taskmixin.py:205} WARNING - Dependency <Task(BashOperator): create_tag>, delete_tag already registered for DAG: example_complex
[2025-02-27T23:50:10.679+0000] {logging_mixin.py:120} INFO - [2025-02-27T23:50:10.679+0000] {taskmixin.py:205} WARNING - Dependency <Task(BashOperator): delete_tag>, create_tag already registered for DAG: example_complex
[2025-02-27T23:50:10.684+0000] {processor.py:766} INFO - DAG(s) dict_keys(['example_complex']) retrieved from /home/airflow/.local/lib/python3.7/site-packages/airflow/example_dags/example_complex.py
[2025-02-27T23:50:10.712+0000] {logging_mixin.py:120} INFO - [2025-02-27T23:50:10.712+0000] {dag.py:2585} INFO - Sync 1 DAGs
[2025-02-27T23:50:10.724+0000] {logging_mixin.py:120} INFO - [2025-02-27T23:50:10.724+0000] {dag.py:3340} INFO - Setting next_dagrun for example_complex to None, run_after=None
[2025-02-27T23:50:10.734+0000] {processor.py:176} INFO - Processing /home/airflow/.local/lib/python3.7/site-packages/airflow/example_dags/example_complex.py took 0.072 seconds
[2025-02-27T23:50:41.581+0000] {processor.py:154} INFO - Started process (PID=487) to work on /home/airflow/.local/lib/python3.7/site-packages/airflow/example_dags/example_complex.py
[2025-02-27T23:50:41.582+0000] {processor.py:756} INFO - Processing file /home/airflow/.local/lib/python3.7/site-packages/airflow/example_dags/example_complex.py for tasks to queue
[2025-02-27T23:50:41.583+0000] {logging_mixin.py:120} INFO - [2025-02-27T23:50:41.583+0000] {dagbag.py:537} INFO - Filling up the DagBag from /home/airflow/.local/lib/python3.7/site-packages/airflow/example_dags/example_complex.py
[2025-02-27T23:50:41.594+0000] {logging_mixin.py:120} INFO - [2025-02-27T23:50:41.594+0000] {taskmixin.py:205} WARNING - Dependency <Task(BashOperator): create_entry_group>, delete_entry_group already registered for DAG: example_complex
[2025-02-27T23:50:41.595+0000] {logging_mixin.py:120} INFO - [2025-02-27T23:50:41.595+0000] {taskmixin.py:205} WARNING - Dependency <Task(BashOperator): delete_entry_group>, create_entry_group already registered for DAG: example_complex
[2025-02-27T23:50:41.595+0000] {logging_mixin.py:120} INFO - [2025-02-27T23:50:41.595+0000] {taskmixin.py:205} WARNING - Dependency <Task(BashOperator): create_entry_gcs>, delete_entry already registered for DAG: example_complex
[2025-02-27T23:50:41.596+0000] {logging_mixin.py:120} INFO - [2025-02-27T23:50:41.596+0000] {taskmixin.py:205} WARNING - Dependency <Task(BashOperator): delete_entry>, create_entry_gcs already registered for DAG: example_complex
[2025-02-27T23:50:41.596+0000] {logging_mixin.py:120} INFO - [2025-02-27T23:50:41.596+0000] {taskmixin.py:205} WARNING - Dependency <Task(BashOperator): create_tag>, delete_tag already registered for DAG: example_complex
[2025-02-27T23:50:41.596+0000] {logging_mixin.py:120} INFO - [2025-02-27T23:50:41.596+0000] {taskmixin.py:205} WARNING - Dependency <Task(BashOperator): delete_tag>, create_tag already registered for DAG: example_complex
[2025-02-27T23:50:41.602+0000] {processor.py:766} INFO - DAG(s) dict_keys(['example_complex']) retrieved from /home/airflow/.local/lib/python3.7/site-packages/airflow/example_dags/example_complex.py
[2025-02-27T23:50:41.629+0000] {logging_mixin.py:120} INFO - [2025-02-27T23:50:41.629+0000] {dag.py:2585} INFO - Sync 1 DAGs
[2025-02-27T23:50:41.641+0000] {logging_mixin.py:120} INFO - [2025-02-27T23:50:41.641+0000] {dag.py:3340} INFO - Setting next_dagrun for example_complex to None, run_after=None
[2025-02-27T23:50:41.651+0000] {processor.py:176} INFO - Processing /home/airflow/.local/lib/python3.7/site-packages/airflow/example_dags/example_complex.py took 0.073 seconds
[2025-02-27T23:51:12.438+0000] {processor.py:154} INFO - Started process (PID=551) to work on /home/airflow/.local/lib/python3.7/site-packages/airflow/example_dags/example_complex.py
[2025-02-27T23:51:12.439+0000] {processor.py:756} INFO - Processing file /home/airflow/.local/lib/python3.7/site-packages/airflow/example_dags/example_complex.py for tasks to queue
[2025-02-27T23:51:12.440+0000] {logging_mixin.py:120} INFO - [2025-02-27T23:51:12.440+0000] {dagbag.py:537} INFO - Filling up the DagBag from /home/airflow/.local/lib/python3.7/site-packages/airflow/example_dags/example_complex.py
[2025-02-27T23:51:12.450+0000] {logging_mixin.py:120} INFO - [2025-02-27T23:51:12.450+0000] {taskmixin.py:205} WARNING - Dependency <Task(BashOperator): create_entry_group>, delete_entry_group already registered for DAG: example_complex
[2025-02-27T23:51:12.451+0000] {logging_mixin.py:120} INFO - [2025-02-27T23:51:12.451+0000] {taskmixin.py:205} WARNING - Dependency <Task(BashOperator): delete_entry_group>, create_entry_group already registered for DAG: example_complex
[2025-02-27T23:51:12.451+0000] {logging_mixin.py:120} INFO - [2025-02-27T23:51:12.451+0000] {taskmixin.py:205} WARNING - Dependency <Task(BashOperator): create_entry_gcs>, delete_entry already registered for DAG: example_complex
[2025-02-27T23:51:12.452+0000] {logging_mixin.py:120} INFO - [2025-02-27T23:51:12.452+0000] {taskmixin.py:205} WARNING - Dependency <Task(BashOperator): delete_entry>, create_entry_gcs already registered for DAG: example_complex
[2025-02-27T23:51:12.452+0000] {logging_mixin.py:120} INFO - [2025-02-27T23:51:12.452+0000] {taskmixin.py:205} WARNING - Dependency <Task(BashOperator): create_tag>, delete_tag already registered for DAG: example_complex
[2025-02-27T23:51:12.453+0000] {logging_mixin.py:120} INFO - [2025-02-27T23:51:12.452+0000] {taskmixin.py:205} WARNING - Dependency <Task(BashOperator): delete_tag>, create_tag already registered for DAG: example_complex
[2025-02-27T23:51:12.458+0000] {processor.py:766} INFO - DAG(s) dict_keys(['example_complex']) retrieved from /home/airflow/.local/lib/python3.7/site-packages/airflow/example_dags/example_complex.py
[2025-02-27T23:51:12.484+0000] {logging_mixin.py:120} INFO - [2025-02-27T23:51:12.484+0000] {dag.py:2585} INFO - Sync 1 DAGs
[2025-02-27T23:51:12.495+0000] {logging_mixin.py:120} INFO - [2025-02-27T23:51:12.495+0000] {dag.py:3340} INFO - Setting next_dagrun for example_complex to None, run_after=None
[2025-02-27T23:51:12.505+0000] {processor.py:176} INFO - Processing /home/airflow/.local/lib/python3.7/site-packages/airflow/example_dags/example_complex.py took 0.070 seconds
[2025-02-27T23:51:43.226+0000] {processor.py:154} INFO - Started process (PID=615) to work on /home/airflow/.local/lib/python3.7/site-packages/airflow/example_dags/example_complex.py
[2025-02-27T23:51:43.231+0000] {processor.py:756} INFO - Processing file /home/airflow/.local/lib/python3.7/site-packages/airflow/example_dags/example_complex.py for tasks to queue
[2025-02-27T23:51:43.231+0000] {logging_mixin.py:120} INFO - [2025-02-27T23:51:43.231+0000] {dagbag.py:537} INFO - Filling up the DagBag from /home/airflow/.local/lib/python3.7/site-packages/airflow/example_dags/example_complex.py
[2025-02-27T23:51:43.241+0000] {logging_mixin.py:120} INFO - [2025-02-27T23:51:43.240+0000] {taskmixin.py:205} WARNING - Dependency <Task(BashOperator): create_entry_group>, delete_entry_group already registered for DAG: example_complex
[2025-02-27T23:51:43.241+0000] {logging_mixin.py:120} INFO - [2025-02-27T23:51:43.241+0000] {taskmixin.py:205} WARNING - Dependency <Task(BashOperator): delete_entry_group>, create_entry_group already registered for DAG: example_complex
[2025-02-27T23:51:43.242+0000] {logging_mixin.py:120} INFO - [2025-02-27T23:51:43.242+0000] {taskmixin.py:205} WARNING - Dependency <Task(BashOperator): create_entry_gcs>, delete_entry already registered for DAG: example_complex
[2025-02-27T23:51:43.242+0000] {logging_mixin.py:120} INFO - [2025-02-27T23:51:43.242+0000] {taskmixin.py:205} WARNING - Dependency <Task(BashOperator): delete_entry>, create_entry_gcs already registered for DAG: example_complex
[2025-02-27T23:51:43.242+0000] {logging_mixin.py:120} INFO - [2025-02-27T23:51:43.242+0000] {taskmixin.py:205} WARNING - Dependency <Task(BashOperator): create_tag>, delete_tag already registered for DAG: example_complex
[2025-02-27T23:51:43.243+0000] {logging_mixin.py:120} INFO - [2025-02-27T23:51:43.243+0000] {taskmixin.py:205} WARNING - Dependency <Task(BashOperator): delete_tag>, create_tag already registered for DAG: example_complex
[2025-02-27T23:51:43.248+0000] {processor.py:766} INFO - DAG(s) dict_keys(['example_complex']) retrieved from /home/airflow/.local/lib/python3.7/site-packages/airflow/example_dags/example_complex.py
[2025-02-27T23:51:43.273+0000] {logging_mixin.py:120} INFO - [2025-02-27T23:51:43.273+0000] {dag.py:2585} INFO - Sync 1 DAGs
[2025-02-27T23:51:43.288+0000] {logging_mixin.py:120} INFO - [2025-02-27T23:51:43.288+0000] {dag.py:3340} INFO - Setting next_dagrun for example_complex to None, run_after=None
[2025-02-27T23:51:43.300+0000] {processor.py:176} INFO - Processing /home/airflow/.local/lib/python3.7/site-packages/airflow/example_dags/example_complex.py took 0.078 seconds
[2025-02-27T23:52:14.163+0000] {processor.py:154} INFO - Started process (PID=679) to work on /home/airflow/.local/lib/python3.7/site-packages/airflow/example_dags/example_complex.py
[2025-02-27T23:52:14.165+0000] {processor.py:756} INFO - Processing file /home/airflow/.local/lib/python3.7/site-packages/airflow/example_dags/example_complex.py for tasks to queue
[2025-02-27T23:52:14.166+0000] {logging_mixin.py:120} INFO - [2025-02-27T23:52:14.165+0000] {dagbag.py:537} INFO - Filling up the DagBag from /home/airflow/.local/lib/python3.7/site-packages/airflow/example_dags/example_complex.py
[2025-02-27T23:52:14.176+0000] {logging_mixin.py:120} INFO - [2025-02-27T23:52:14.176+0000] {taskmixin.py:205} WARNING - Dependency <Task(BashOperator): create_entry_group>, delete_entry_group already registered for DAG: example_complex
[2025-02-27T23:52:14.176+0000] {logging_mixin.py:120} INFO - [2025-02-27T23:52:14.176+0000] {taskmixin.py:205} WARNING - Dependency <Task(BashOperator): delete_entry_group>, create_entry_group already registered for DAG: example_complex
[2025-02-27T23:52:14.176+0000] {logging_mixin.py:120} INFO - [2025-02-27T23:52:14.176+0000] {taskmixin.py:205} WARNING - Dependency <Task(BashOperator): create_entry_gcs>, delete_entry already registered for DAG: example_complex
[2025-02-27T23:52:14.177+0000] {logging_mixin.py:120} INFO - [2025-02-27T23:52:14.176+0000] {taskmixin.py:205} WARNING - Dependency <Task(BashOperator): delete_entry>, create_entry_gcs already registered for DAG: example_complex
[2025-02-27T23:52:14.177+0000] {logging_mixin.py:120} INFO - [2025-02-27T23:52:14.177+0000] {taskmixin.py:205} WARNING - Dependency <Task(BashOperator): create_tag>, delete_tag already registered for DAG: example_complex
[2025-02-27T23:52:14.177+0000] {logging_mixin.py:120} INFO - [2025-02-27T23:52:14.177+0000] {taskmixin.py:205} WARNING - Dependency <Task(BashOperator): delete_tag>, create_tag already registered for DAG: example_complex
[2025-02-27T23:52:14.182+0000] {processor.py:766} INFO - DAG(s) dict_keys(['example_complex']) retrieved from /home/airflow/.local/lib/python3.7/site-packages/airflow/example_dags/example_complex.py
[2025-02-27T23:52:14.207+0000] {logging_mixin.py:120} INFO - [2025-02-27T23:52:14.207+0000] {dag.py:2585} INFO - Sync 1 DAGs
[2025-02-27T23:52:14.219+0000] {logging_mixin.py:120} INFO - [2025-02-27T23:52:14.219+0000] {dag.py:3340} INFO - Setting next_dagrun for example_complex to None, run_after=None
[2025-02-27T23:52:14.228+0000] {processor.py:176} INFO - Processing /home/airflow/.local/lib/python3.7/site-packages/airflow/example_dags/example_complex.py took 0.069 seconds
[2025-02-27T23:52:44.991+0000] {processor.py:154} INFO - Started process (PID=742) to work on /home/airflow/.local/lib/python3.7/site-packages/airflow/example_dags/example_complex.py
[2025-02-27T23:52:44.993+0000] {processor.py:756} INFO - Processing file /home/airflow/.local/lib/python3.7/site-packages/airflow/example_dags/example_complex.py for tasks to queue
[2025-02-27T23:52:44.994+0000] {logging_mixin.py:120} INFO - [2025-02-27T23:52:44.994+0000] {dagbag.py:537} INFO - Filling up the DagBag from /home/airflow/.local/lib/python3.7/site-packages/airflow/example_dags/example_complex.py
[2025-02-27T23:52:45.006+0000] {logging_mixin.py:120} INFO - [2025-02-27T23:52:45.006+0000] {taskmixin.py:205} WARNING - Dependency <Task(BashOperator): create_entry_group>, delete_entry_group already registered for DAG: example_complex
[2025-02-27T23:52:45.007+0000] {logging_mixin.py:120} INFO - [2025-02-27T23:52:45.007+0000] {taskmixin.py:205} WARNING - Dependency <Task(BashOperator): delete_entry_group>, create_entry_group already registered for DAG: example_complex
[2025-02-27T23:52:45.007+0000] {logging_mixin.py:120} INFO - [2025-02-27T23:52:45.007+0000] {taskmixin.py:205} WARNING - Dependency <Task(BashOperator): create_entry_gcs>, delete_entry already registered for DAG: example_complex
[2025-02-27T23:52:45.007+0000] {logging_mixin.py:120} INFO - [2025-02-27T23:52:45.007+0000] {taskmixin.py:205} WARNING - Dependency <Task(BashOperator): delete_entry>, create_entry_gcs already registered for DAG: example_complex
[2025-02-27T23:52:45.008+0000] {logging_mixin.py:120} INFO - [2025-02-27T23:52:45.008+0000] {taskmixin.py:205} WARNING - Dependency <Task(BashOperator): create_tag>, delete_tag already registered for DAG: example_complex
[2025-02-27T23:52:45.008+0000] {logging_mixin.py:120} INFO - [2025-02-27T23:52:45.008+0000] {taskmixin.py:205} WARNING - Dependency <Task(BashOperator): delete_tag>, create_tag already registered for DAG: example_complex
[2025-02-27T23:52:45.014+0000] {processor.py:766} INFO - DAG(s) dict_keys(['example_complex']) retrieved from /home/airflow/.local/lib/python3.7/site-packages/airflow/example_dags/example_complex.py
[2025-02-27T23:52:45.041+0000] {logging_mixin.py:120} INFO - [2025-02-27T23:52:45.041+0000] {dag.py:2585} INFO - Sync 1 DAGs
[2025-02-27T23:52:45.053+0000] {logging_mixin.py:120} INFO - [2025-02-27T23:52:45.053+0000] {dag.py:3340} INFO - Setting next_dagrun for example_complex to None, run_after=None
[2025-02-27T23:52:45.062+0000] {processor.py:176} INFO - Processing /home/airflow/.local/lib/python3.7/site-packages/airflow/example_dags/example_complex.py took 0.076 seconds
[2025-02-27T23:53:15.736+0000] {processor.py:154} INFO - Started process (PID=804) to work on /home/airflow/.local/lib/python3.7/site-packages/airflow/example_dags/example_complex.py
[2025-02-27T23:53:15.737+0000] {processor.py:756} INFO - Processing file /home/airflow/.local/lib/python3.7/site-packages/airflow/example_dags/example_complex.py for tasks to queue
[2025-02-27T23:53:15.737+0000] {logging_mixin.py:120} INFO - [2025-02-27T23:53:15.737+0000] {dagbag.py:537} INFO - Filling up the DagBag from /home/airflow/.local/lib/python3.7/site-packages/airflow/example_dags/example_complex.py
[2025-02-27T23:53:15.742+0000] {logging_mixin.py:120} INFO - [2025-02-27T23:53:15.742+0000] {taskmixin.py:205} WARNING - Dependency <Task(BashOperator): create_entry_group>, delete_entry_group already registered for DAG: example_complex
[2025-02-27T23:53:15.743+0000] {logging_mixin.py:120} INFO - [2025-02-27T23:53:15.743+0000] {taskmixin.py:205} WARNING - Dependency <Task(BashOperator): delete_entry_group>, create_entry_group already registered for DAG: example_complex
[2025-02-27T23:53:15.743+0000] {logging_mixin.py:120} INFO - [2025-02-27T23:53:15.743+0000] {taskmixin.py:205} WARNING - Dependency <Task(BashOperator): create_entry_gcs>, delete_entry already registered for DAG: example_complex
[2025-02-27T23:53:15.743+0000] {logging_mixin.py:120} INFO - [2025-02-27T23:53:15.743+0000] {taskmixin.py:205} WARNING - Dependency <Task(BashOperator): delete_entry>, create_entry_gcs already registered for DAG: example_complex
[2025-02-27T23:53:15.744+0000] {logging_mixin.py:120} INFO - [2025-02-27T23:53:15.744+0000] {taskmixin.py:205} WARNING - Dependency <Task(BashOperator): create_tag>, delete_tag already registered for DAG: example_complex
[2025-02-27T23:53:15.744+0000] {logging_mixin.py:120} INFO - [2025-02-27T23:53:15.744+0000] {taskmixin.py:205} WARNING - Dependency <Task(BashOperator): delete_tag>, create_tag already registered for DAG: example_complex
[2025-02-27T23:53:15.748+0000] {processor.py:766} INFO - DAG(s) dict_keys(['example_complex']) retrieved from /home/airflow/.local/lib/python3.7/site-packages/airflow/example_dags/example_complex.py
[2025-02-27T23:53:15.769+0000] {logging_mixin.py:120} INFO - [2025-02-27T23:53:15.769+0000] {dag.py:2585} INFO - Sync 1 DAGs
[2025-02-27T23:53:15.780+0000] {logging_mixin.py:120} INFO - [2025-02-27T23:53:15.780+0000] {dag.py:3340} INFO - Setting next_dagrun for example_complex to None, run_after=None
[2025-02-27T23:53:15.790+0000] {processor.py:176} INFO - Processing /home/airflow/.local/lib/python3.7/site-packages/airflow/example_dags/example_complex.py took 0.056 seconds
[2025-02-27T23:53:46.652+0000] {processor.py:154} INFO - Started process (PID=868) to work on /home/airflow/.local/lib/python3.7/site-packages/airflow/example_dags/example_complex.py
[2025-02-27T23:53:46.653+0000] {processor.py:756} INFO - Processing file /home/airflow/.local/lib/python3.7/site-packages/airflow/example_dags/example_complex.py for tasks to queue
[2025-02-27T23:53:46.654+0000] {logging_mixin.py:120} INFO - [2025-02-27T23:53:46.654+0000] {dagbag.py:537} INFO - Filling up the DagBag from /home/airflow/.local/lib/python3.7/site-packages/airflow/example_dags/example_complex.py
[2025-02-27T23:53:46.661+0000] {logging_mixin.py:120} INFO - [2025-02-27T23:53:46.661+0000] {taskmixin.py:205} WARNING - Dependency <Task(BashOperator): create_entry_group>, delete_entry_group already registered for DAG: example_complex
[2025-02-27T23:53:46.662+0000] {logging_mixin.py:120} INFO - [2025-02-27T23:53:46.662+0000] {taskmixin.py:205} WARNING - Dependency <Task(BashOperator): delete_entry_group>, create_entry_group already registered for DAG: example_complex
[2025-02-27T23:53:46.662+0000] {logging_mixin.py:120} INFO - [2025-02-27T23:53:46.662+0000] {taskmixin.py:205} WARNING - Dependency <Task(BashOperator): create_entry_gcs>, delete_entry already registered for DAG: example_complex
[2025-02-27T23:53:46.663+0000] {logging_mixin.py:120} INFO - [2025-02-27T23:53:46.663+0000] {taskmixin.py:205} WARNING - Dependency <Task(BashOperator): delete_entry>, create_entry_gcs already registered for DAG: example_complex
[2025-02-27T23:53:46.663+0000] {logging_mixin.py:120} INFO - [2025-02-27T23:53:46.663+0000] {taskmixin.py:205} WARNING - Dependency <Task(BashOperator): create_tag>, delete_tag already registered for DAG: example_complex
[2025-02-27T23:53:46.663+0000] {logging_mixin.py:120} INFO - [2025-02-27T23:53:46.663+0000] {taskmixin.py:205} WARNING - Dependency <Task(BashOperator): delete_tag>, create_tag already registered for DAG: example_complex
[2025-02-27T23:53:46.674+0000] {processor.py:766} INFO - DAG(s) dict_keys(['example_complex']) retrieved from /home/airflow/.local/lib/python3.7/site-packages/airflow/example_dags/example_complex.py
[2025-02-27T23:53:46.710+0000] {logging_mixin.py:120} INFO - [2025-02-27T23:53:46.710+0000] {dag.py:2585} INFO - Sync 1 DAGs
[2025-02-27T23:53:46.723+0000] {logging_mixin.py:120} INFO - [2025-02-27T23:53:46.723+0000] {dag.py:3340} INFO - Setting next_dagrun for example_complex to None, run_after=None
[2025-02-27T23:53:46.733+0000] {processor.py:176} INFO - Processing /home/airflow/.local/lib/python3.7/site-packages/airflow/example_dags/example_complex.py took 0.084 seconds
[2025-02-27T23:54:17.506+0000] {processor.py:154} INFO - Started process (PID=923) to work on /home/airflow/.local/lib/python3.7/site-packages/airflow/example_dags/example_complex.py
[2025-02-27T23:54:17.508+0000] {processor.py:756} INFO - Processing file /home/airflow/.local/lib/python3.7/site-packages/airflow/example_dags/example_complex.py for tasks to queue
[2025-02-27T23:54:17.509+0000] {logging_mixin.py:120} INFO - [2025-02-27T23:54:17.509+0000] {dagbag.py:537} INFO - Filling up the DagBag from /home/airflow/.local/lib/python3.7/site-packages/airflow/example_dags/example_complex.py
[2025-02-27T23:54:17.521+0000] {logging_mixin.py:120} INFO - [2025-02-27T23:54:17.520+0000] {taskmixin.py:205} WARNING - Dependency <Task(BashOperator): create_entry_group>, delete_entry_group already registered for DAG: example_complex
[2025-02-27T23:54:17.521+0000] {logging_mixin.py:120} INFO - [2025-02-27T23:54:17.521+0000] {taskmixin.py:205} WARNING - Dependency <Task(BashOperator): delete_entry_group>, create_entry_group already registered for DAG: example_complex
[2025-02-27T23:54:17.521+0000] {logging_mixin.py:120} INFO - [2025-02-27T23:54:17.521+0000] {taskmixin.py:205} WARNING - Dependency <Task(BashOperator): create_entry_gcs>, delete_entry already registered for DAG: example_complex
[2025-02-27T23:54:17.522+0000] {logging_mixin.py:120} INFO - [2025-02-27T23:54:17.522+0000] {taskmixin.py:205} WARNING - Dependency <Task(BashOperator): delete_entry>, create_entry_gcs already registered for DAG: example_complex
[2025-02-27T23:54:17.522+0000] {logging_mixin.py:120} INFO - [2025-02-27T23:54:17.522+0000] {taskmixin.py:205} WARNING - Dependency <Task(BashOperator): create_tag>, delete_tag already registered for DAG: example_complex
[2025-02-27T23:54:17.523+0000] {logging_mixin.py:120} INFO - [2025-02-27T23:54:17.523+0000] {taskmixin.py:205} WARNING - Dependency <Task(BashOperator): delete_tag>, create_tag already registered for DAG: example_complex
[2025-02-27T23:54:17.529+0000] {processor.py:766} INFO - DAG(s) dict_keys(['example_complex']) retrieved from /home/airflow/.local/lib/python3.7/site-packages/airflow/example_dags/example_complex.py
[2025-02-27T23:54:17.558+0000] {logging_mixin.py:120} INFO - [2025-02-27T23:54:17.558+0000] {dag.py:2585} INFO - Sync 1 DAGs
[2025-02-27T23:54:17.573+0000] {logging_mixin.py:120} INFO - [2025-02-27T23:54:17.573+0000] {dag.py:3340} INFO - Setting next_dagrun for example_complex to None, run_after=None
[2025-02-27T23:54:17.582+0000] {processor.py:176} INFO - Processing /home/airflow/.local/lib/python3.7/site-packages/airflow/example_dags/example_complex.py took 0.079 seconds
[2025-02-27T23:54:48.480+0000] {processor.py:154} INFO - Started process (PID=986) to work on /home/airflow/.local/lib/python3.7/site-packages/airflow/example_dags/example_complex.py
[2025-02-27T23:54:48.482+0000] {processor.py:756} INFO - Processing file /home/airflow/.local/lib/python3.7/site-packages/airflow/example_dags/example_complex.py for tasks to queue
[2025-02-27T23:54:48.483+0000] {logging_mixin.py:120} INFO - [2025-02-27T23:54:48.483+0000] {dagbag.py:537} INFO - Filling up the DagBag from /home/airflow/.local/lib/python3.7/site-packages/airflow/example_dags/example_complex.py
[2025-02-27T23:54:48.496+0000] {logging_mixin.py:120} INFO - [2025-02-27T23:54:48.496+0000] {taskmixin.py:205} WARNING - Dependency <Task(BashOperator): create_entry_group>, delete_entry_group already registered for DAG: example_complex
[2025-02-27T23:54:48.497+0000] {logging_mixin.py:120} INFO - [2025-02-27T23:54:48.497+0000] {taskmixin.py:205} WARNING - Dependency <Task(BashOperator): delete_entry_group>, create_entry_group already registered for DAG: example_complex
[2025-02-27T23:54:48.497+0000] {logging_mixin.py:120} INFO - [2025-02-27T23:54:48.497+0000] {taskmixin.py:205} WARNING - Dependency <Task(BashOperator): create_entry_gcs>, delete_entry already registered for DAG: example_complex
[2025-02-27T23:54:48.498+0000] {logging_mixin.py:120} INFO - [2025-02-27T23:54:48.498+0000] {taskmixin.py:205} WARNING - Dependency <Task(BashOperator): delete_entry>, create_entry_gcs already registered for DAG: example_complex
[2025-02-27T23:54:48.499+0000] {logging_mixin.py:120} INFO - [2025-02-27T23:54:48.499+0000] {taskmixin.py:205} WARNING - Dependency <Task(BashOperator): create_tag>, delete_tag already registered for DAG: example_complex
[2025-02-27T23:54:48.499+0000] {logging_mixin.py:120} INFO - [2025-02-27T23:54:48.499+0000] {taskmixin.py:205} WARNING - Dependency <Task(BashOperator): delete_tag>, create_tag already registered for DAG: example_complex
[2025-02-27T23:54:48.506+0000] {processor.py:766} INFO - DAG(s) dict_keys(['example_complex']) retrieved from /home/airflow/.local/lib/python3.7/site-packages/airflow/example_dags/example_complex.py
[2025-02-27T23:54:48.534+0000] {logging_mixin.py:120} INFO - [2025-02-27T23:54:48.533+0000] {dag.py:2585} INFO - Sync 1 DAGs
[2025-02-27T23:54:48.546+0000] {logging_mixin.py:120} INFO - [2025-02-27T23:54:48.545+0000] {dag.py:3340} INFO - Setting next_dagrun for example_complex to None, run_after=None
[2025-02-27T23:54:48.554+0000] {processor.py:176} INFO - Processing /home/airflow/.local/lib/python3.7/site-packages/airflow/example_dags/example_complex.py took 0.079 seconds
[2025-02-27T23:55:19.252+0000] {processor.py:154} INFO - Started process (PID=1050) to work on /home/airflow/.local/lib/python3.7/site-packages/airflow/example_dags/example_complex.py
[2025-02-27T23:55:19.252+0000] {processor.py:756} INFO - Processing file /home/airflow/.local/lib/python3.7/site-packages/airflow/example_dags/example_complex.py for tasks to queue
[2025-02-27T23:55:19.253+0000] {logging_mixin.py:120} INFO - [2025-02-27T23:55:19.253+0000] {dagbag.py:537} INFO - Filling up the DagBag from /home/airflow/.local/lib/python3.7/site-packages/airflow/example_dags/example_complex.py
[2025-02-27T23:55:19.262+0000] {logging_mixin.py:120} INFO - [2025-02-27T23:55:19.262+0000] {taskmixin.py:205} WARNING - Dependency <Task(BashOperator): create_entry_group>, delete_entry_group already registered for DAG: example_complex
[2025-02-27T23:55:19.262+0000] {logging_mixin.py:120} INFO - [2025-02-27T23:55:19.262+0000] {taskmixin.py:205} WARNING - Dependency <Task(BashOperator): delete_entry_group>, create_entry_group already registered for DAG: example_complex
[2025-02-27T23:55:19.263+0000] {logging_mixin.py:120} INFO - [2025-02-27T23:55:19.263+0000] {taskmixin.py:205} WARNING - Dependency <Task(BashOperator): create_entry_gcs>, delete_entry already registered for DAG: example_complex
[2025-02-27T23:55:19.263+0000] {logging_mixin.py:120} INFO - [2025-02-27T23:55:19.263+0000] {taskmixin.py:205} WARNING - Dependency <Task(BashOperator): delete_entry>, create_entry_gcs already registered for DAG: example_complex
[2025-02-27T23:55:19.263+0000] {logging_mixin.py:120} INFO - [2025-02-27T23:55:19.263+0000] {taskmixin.py:205} WARNING - Dependency <Task(BashOperator): create_tag>, delete_tag already registered for DAG: example_complex
[2025-02-27T23:55:19.264+0000] {logging_mixin.py:120} INFO - [2025-02-27T23:55:19.264+0000] {taskmixin.py:205} WARNING - Dependency <Task(BashOperator): delete_tag>, create_tag already registered for DAG: example_complex
[2025-02-27T23:55:19.269+0000] {processor.py:766} INFO - DAG(s) dict_keys(['example_complex']) retrieved from /home/airflow/.local/lib/python3.7/site-packages/airflow/example_dags/example_complex.py
[2025-02-27T23:55:19.296+0000] {logging_mixin.py:120} INFO - [2025-02-27T23:55:19.296+0000] {dag.py:2585} INFO - Sync 1 DAGs
[2025-02-27T23:55:19.308+0000] {logging_mixin.py:120} INFO - [2025-02-27T23:55:19.308+0000] {dag.py:3340} INFO - Setting next_dagrun for example_complex to None, run_after=None
[2025-02-27T23:55:19.318+0000] {processor.py:176} INFO - Processing /home/airflow/.local/lib/python3.7/site-packages/airflow/example_dags/example_complex.py took 0.069 seconds
[2025-02-27T23:55:50.027+0000] {processor.py:154} INFO - Started process (PID=1114) to work on /home/airflow/.local/lib/python3.7/site-packages/airflow/example_dags/example_complex.py
[2025-02-27T23:55:50.030+0000] {processor.py:756} INFO - Processing file /home/airflow/.local/lib/python3.7/site-packages/airflow/example_dags/example_complex.py for tasks to queue
[2025-02-27T23:55:50.031+0000] {logging_mixin.py:120} INFO - [2025-02-27T23:55:50.031+0000] {dagbag.py:537} INFO - Filling up the DagBag from /home/airflow/.local/lib/python3.7/site-packages/airflow/example_dags/example_complex.py
[2025-02-27T23:55:50.042+0000] {logging_mixin.py:120} INFO - [2025-02-27T23:55:50.042+0000] {taskmixin.py:205} WARNING - Dependency <Task(BashOperator): create_entry_group>, delete_entry_group already registered for DAG: example_complex
[2025-02-27T23:55:50.042+0000] {logging_mixin.py:120} INFO - [2025-02-27T23:55:50.042+0000] {taskmixin.py:205} WARNING - Dependency <Task(BashOperator): delete_entry_group>, create_entry_group already registered for DAG: example_complex
[2025-02-27T23:55:50.043+0000] {logging_mixin.py:120} INFO - [2025-02-27T23:55:50.043+0000] {taskmixin.py:205} WARNING - Dependency <Task(BashOperator): create_entry_gcs>, delete_entry already registered for DAG: example_complex
[2025-02-27T23:55:50.043+0000] {logging_mixin.py:120} INFO - [2025-02-27T23:55:50.043+0000] {taskmixin.py:205} WARNING - Dependency <Task(BashOperator): delete_entry>, create_entry_gcs already registered for DAG: example_complex
[2025-02-27T23:55:50.043+0000] {logging_mixin.py:120} INFO - [2025-02-27T23:55:50.043+0000] {taskmixin.py:205} WARNING - Dependency <Task(BashOperator): create_tag>, delete_tag already registered for DAG: example_complex
[2025-02-27T23:55:50.044+0000] {logging_mixin.py:120} INFO - [2025-02-27T23:55:50.044+0000] {taskmixin.py:205} WARNING - Dependency <Task(BashOperator): delete_tag>, create_tag already registered for DAG: example_complex
[2025-02-27T23:55:50.049+0000] {processor.py:766} INFO - DAG(s) dict_keys(['example_complex']) retrieved from /home/airflow/.local/lib/python3.7/site-packages/airflow/example_dags/example_complex.py
[2025-02-27T23:55:50.075+0000] {logging_mixin.py:120} INFO - [2025-02-27T23:55:50.075+0000] {dag.py:2585} INFO - Sync 1 DAGs
[2025-02-27T23:55:50.088+0000] {logging_mixin.py:120} INFO - [2025-02-27T23:55:50.088+0000] {dag.py:3340} INFO - Setting next_dagrun for example_complex to None, run_after=None
[2025-02-27T23:55:50.097+0000] {processor.py:176} INFO - Processing /home/airflow/.local/lib/python3.7/site-packages/airflow/example_dags/example_complex.py took 0.074 seconds
[2025-02-27T23:56:20.726+0000] {processor.py:154} INFO - Started process (PID=1178) to work on /home/airflow/.local/lib/python3.7/site-packages/airflow/example_dags/example_complex.py
[2025-02-27T23:56:20.728+0000] {processor.py:756} INFO - Processing file /home/airflow/.local/lib/python3.7/site-packages/airflow/example_dags/example_complex.py for tasks to queue
[2025-02-27T23:56:20.729+0000] {logging_mixin.py:120} INFO - [2025-02-27T23:56:20.729+0000] {dagbag.py:537} INFO - Filling up the DagBag from /home/airflow/.local/lib/python3.7/site-packages/airflow/example_dags/example_complex.py
[2025-02-27T23:56:20.735+0000] {logging_mixin.py:120} INFO - [2025-02-27T23:56:20.735+0000] {taskmixin.py:205} WARNING - Dependency <Task(BashOperator): create_entry_group>, delete_entry_group already registered for DAG: example_complex
[2025-02-27T23:56:20.735+0000] {logging_mixin.py:120} INFO - [2025-02-27T23:56:20.735+0000] {taskmixin.py:205} WARNING - Dependency <Task(BashOperator): delete_entry_group>, create_entry_group already registered for DAG: example_complex
[2025-02-27T23:56:20.735+0000] {logging_mixin.py:120} INFO - [2025-02-27T23:56:20.735+0000] {taskmixin.py:205} WARNING - Dependency <Task(BashOperator): create_entry_gcs>, delete_entry already registered for DAG: example_complex
[2025-02-27T23:56:20.735+0000] {logging_mixin.py:120} INFO - [2025-02-27T23:56:20.735+0000] {taskmixin.py:205} WARNING - Dependency <Task(BashOperator): delete_entry>, create_entry_gcs already registered for DAG: example_complex
[2025-02-27T23:56:20.736+0000] {logging_mixin.py:120} INFO - [2025-02-27T23:56:20.736+0000] {taskmixin.py:205} WARNING - Dependency <Task(BashOperator): create_tag>, delete_tag already registered for DAG: example_complex
[2025-02-27T23:56:20.736+0000] {logging_mixin.py:120} INFO - [2025-02-27T23:56:20.736+0000] {taskmixin.py:205} WARNING - Dependency <Task(BashOperator): delete_tag>, create_tag already registered for DAG: example_complex
[2025-02-27T23:56:20.739+0000] {processor.py:766} INFO - DAG(s) dict_keys(['example_complex']) retrieved from /home/airflow/.local/lib/python3.7/site-packages/airflow/example_dags/example_complex.py
[2025-02-27T23:56:20.766+0000] {logging_mixin.py:120} INFO - [2025-02-27T23:56:20.766+0000] {dag.py:2585} INFO - Sync 1 DAGs
[2025-02-27T23:56:20.780+0000] {logging_mixin.py:120} INFO - [2025-02-27T23:56:20.780+0000] {dag.py:3340} INFO - Setting next_dagrun for example_complex to None, run_after=None
[2025-02-27T23:56:20.789+0000] {processor.py:176} INFO - Processing /home/airflow/.local/lib/python3.7/site-packages/airflow/example_dags/example_complex.py took 0.067 seconds
[2025-02-27T23:56:51.552+0000] {processor.py:154} INFO - Started process (PID=1242) to work on /home/airflow/.local/lib/python3.7/site-packages/airflow/example_dags/example_complex.py
[2025-02-27T23:56:51.554+0000] {processor.py:756} INFO - Processing file /home/airflow/.local/lib/python3.7/site-packages/airflow/example_dags/example_complex.py for tasks to queue
[2025-02-27T23:56:51.555+0000] {logging_mixin.py:120} INFO - [2025-02-27T23:56:51.555+0000] {dagbag.py:537} INFO - Filling up the DagBag from /home/airflow/.local/lib/python3.7/site-packages/airflow/example_dags/example_complex.py
[2025-02-27T23:56:51.563+0000] {logging_mixin.py:120} INFO - [2025-02-27T23:56:51.563+0000] {taskmixin.py:205} WARNING - Dependency <Task(BashOperator): create_entry_group>, delete_entry_group already registered for DAG: example_complex
[2025-02-27T23:56:51.563+0000] {logging_mixin.py:120} INFO - [2025-02-27T23:56:51.563+0000] {taskmixin.py:205} WARNING - Dependency <Task(BashOperator): delete_entry_group>, create_entry_group already registered for DAG: example_complex
[2025-02-27T23:56:51.564+0000] {logging_mixin.py:120} INFO - [2025-02-27T23:56:51.564+0000] {taskmixin.py:205} WARNING - Dependency <Task(BashOperator): create_entry_gcs>, delete_entry already registered for DAG: example_complex
[2025-02-27T23:56:51.564+0000] {logging_mixin.py:120} INFO - [2025-02-27T23:56:51.564+0000] {taskmixin.py:205} WARNING - Dependency <Task(BashOperator): delete_entry>, create_entry_gcs already registered for DAG: example_complex
[2025-02-27T23:56:51.564+0000] {logging_mixin.py:120} INFO - [2025-02-27T23:56:51.564+0000] {taskmixin.py:205} WARNING - Dependency <Task(BashOperator): create_tag>, delete_tag already registered for DAG: example_complex
[2025-02-27T23:56:51.564+0000] {logging_mixin.py:120} INFO - [2025-02-27T23:56:51.564+0000] {taskmixin.py:205} WARNING - Dependency <Task(BashOperator): delete_tag>, create_tag already registered for DAG: example_complex
[2025-02-27T23:56:51.571+0000] {processor.py:766} INFO - DAG(s) dict_keys(['example_complex']) retrieved from /home/airflow/.local/lib/python3.7/site-packages/airflow/example_dags/example_complex.py
[2025-02-27T23:56:51.598+0000] {logging_mixin.py:120} INFO - [2025-02-27T23:56:51.598+0000] {dag.py:2585} INFO - Sync 1 DAGs
[2025-02-27T23:56:51.611+0000] {logging_mixin.py:120} INFO - [2025-02-27T23:56:51.611+0000] {dag.py:3340} INFO - Setting next_dagrun for example_complex to None, run_after=None
[2025-02-27T23:56:51.620+0000] {processor.py:176} INFO - Processing /home/airflow/.local/lib/python3.7/site-packages/airflow/example_dags/example_complex.py took 0.072 seconds
[2025-02-27T23:57:22.459+0000] {processor.py:154} INFO - Started process (PID=1306) to work on /home/airflow/.local/lib/python3.7/site-packages/airflow/example_dags/example_complex.py
[2025-02-27T23:57:22.460+0000] {processor.py:756} INFO - Processing file /home/airflow/.local/lib/python3.7/site-packages/airflow/example_dags/example_complex.py for tasks to queue
[2025-02-27T23:57:22.461+0000] {logging_mixin.py:120} INFO - [2025-02-27T23:57:22.461+0000] {dagbag.py:537} INFO - Filling up the DagBag from /home/airflow/.local/lib/python3.7/site-packages/airflow/example_dags/example_complex.py
[2025-02-27T23:57:22.468+0000] {logging_mixin.py:120} INFO - [2025-02-27T23:57:22.468+0000] {taskmixin.py:205} WARNING - Dependency <Task(BashOperator): create_entry_group>, delete_entry_group already registered for DAG: example_complex
[2025-02-27T23:57:22.468+0000] {logging_mixin.py:120} INFO - [2025-02-27T23:57:22.468+0000] {taskmixin.py:205} WARNING - Dependency <Task(BashOperator): delete_entry_group>, create_entry_group already registered for DAG: example_complex
[2025-02-27T23:57:22.469+0000] {logging_mixin.py:120} INFO - [2025-02-27T23:57:22.469+0000] {taskmixin.py:205} WARNING - Dependency <Task(BashOperator): create_entry_gcs>, delete_entry already registered for DAG: example_complex
[2025-02-27T23:57:22.469+0000] {logging_mixin.py:120} INFO - [2025-02-27T23:57:22.469+0000] {taskmixin.py:205} WARNING - Dependency <Task(BashOperator): delete_entry>, create_entry_gcs already registered for DAG: example_complex
[2025-02-27T23:57:22.470+0000] {logging_mixin.py:120} INFO - [2025-02-27T23:57:22.469+0000] {taskmixin.py:205} WARNING - Dependency <Task(BashOperator): create_tag>, delete_tag already registered for DAG: example_complex
[2025-02-27T23:57:22.470+0000] {logging_mixin.py:120} INFO - [2025-02-27T23:57:22.470+0000] {taskmixin.py:205} WARNING - Dependency <Task(BashOperator): delete_tag>, create_tag already registered for DAG: example_complex
[2025-02-27T23:57:22.474+0000] {processor.py:766} INFO - DAG(s) dict_keys(['example_complex']) retrieved from /home/airflow/.local/lib/python3.7/site-packages/airflow/example_dags/example_complex.py
[2025-02-27T23:57:22.502+0000] {logging_mixin.py:120} INFO - [2025-02-27T23:57:22.502+0000] {dag.py:2585} INFO - Sync 1 DAGs
[2025-02-27T23:57:22.516+0000] {logging_mixin.py:120} INFO - [2025-02-27T23:57:22.516+0000] {dag.py:3340} INFO - Setting next_dagrun for example_complex to None, run_after=None
[2025-02-27T23:57:22.526+0000] {processor.py:176} INFO - Processing /home/airflow/.local/lib/python3.7/site-packages/airflow/example_dags/example_complex.py took 0.070 seconds
[2025-02-27T23:57:53.382+0000] {processor.py:154} INFO - Started process (PID=1369) to work on /home/airflow/.local/lib/python3.7/site-packages/airflow/example_dags/example_complex.py
[2025-02-27T23:57:53.383+0000] {processor.py:756} INFO - Processing file /home/airflow/.local/lib/python3.7/site-packages/airflow/example_dags/example_complex.py for tasks to queue
[2025-02-27T23:57:53.383+0000] {logging_mixin.py:120} INFO - [2025-02-27T23:57:53.383+0000] {dagbag.py:537} INFO - Filling up the DagBag from /home/airflow/.local/lib/python3.7/site-packages/airflow/example_dags/example_complex.py
[2025-02-27T23:57:53.394+0000] {logging_mixin.py:120} INFO - [2025-02-27T23:57:53.394+0000] {taskmixin.py:205} WARNING - Dependency <Task(BashOperator): create_entry_group>, delete_entry_group already registered for DAG: example_complex
[2025-02-27T23:57:53.395+0000] {logging_mixin.py:120} INFO - [2025-02-27T23:57:53.395+0000] {taskmixin.py:205} WARNING - Dependency <Task(BashOperator): delete_entry_group>, create_entry_group already registered for DAG: example_complex
[2025-02-27T23:57:53.395+0000] {logging_mixin.py:120} INFO - [2025-02-27T23:57:53.395+0000] {taskmixin.py:205} WARNING - Dependency <Task(BashOperator): create_entry_gcs>, delete_entry already registered for DAG: example_complex
[2025-02-27T23:57:53.396+0000] {logging_mixin.py:120} INFO - [2025-02-27T23:57:53.396+0000] {taskmixin.py:205} WARNING - Dependency <Task(BashOperator): delete_entry>, create_entry_gcs already registered for DAG: example_complex
[2025-02-27T23:57:53.396+0000] {logging_mixin.py:120} INFO - [2025-02-27T23:57:53.396+0000] {taskmixin.py:205} WARNING - Dependency <Task(BashOperator): create_tag>, delete_tag already registered for DAG: example_complex
[2025-02-27T23:57:53.396+0000] {logging_mixin.py:120} INFO - [2025-02-27T23:57:53.396+0000] {taskmixin.py:205} WARNING - Dependency <Task(BashOperator): delete_tag>, create_tag already registered for DAG: example_complex
[2025-02-27T23:57:53.401+0000] {processor.py:766} INFO - DAG(s) dict_keys(['example_complex']) retrieved from /home/airflow/.local/lib/python3.7/site-packages/airflow/example_dags/example_complex.py
[2025-02-27T23:57:53.428+0000] {logging_mixin.py:120} INFO - [2025-02-27T23:57:53.428+0000] {dag.py:2585} INFO - Sync 1 DAGs
[2025-02-27T23:57:53.443+0000] {logging_mixin.py:120} INFO - [2025-02-27T23:57:53.443+0000] {dag.py:3340} INFO - Setting next_dagrun for example_complex to None, run_after=None
[2025-02-27T23:57:53.453+0000] {processor.py:176} INFO - Processing /home/airflow/.local/lib/python3.7/site-packages/airflow/example_dags/example_complex.py took 0.074 seconds
[2025-02-27T23:58:24.192+0000] {processor.py:154} INFO - Started process (PID=1432) to work on /home/airflow/.local/lib/python3.7/site-packages/airflow/example_dags/example_complex.py
[2025-02-27T23:58:24.193+0000] {processor.py:756} INFO - Processing file /home/airflow/.local/lib/python3.7/site-packages/airflow/example_dags/example_complex.py for tasks to queue
[2025-02-27T23:58:24.194+0000] {logging_mixin.py:120} INFO - [2025-02-27T23:58:24.194+0000] {dagbag.py:537} INFO - Filling up the DagBag from /home/airflow/.local/lib/python3.7/site-packages/airflow/example_dags/example_complex.py
[2025-02-27T23:58:24.201+0000] {logging_mixin.py:120} INFO - [2025-02-27T23:58:24.201+0000] {taskmixin.py:205} WARNING - Dependency <Task(BashOperator): create_entry_group>, delete_entry_group already registered for DAG: example_complex
[2025-02-27T23:58:24.201+0000] {logging_mixin.py:120} INFO - [2025-02-27T23:58:24.201+0000] {taskmixin.py:205} WARNING - Dependency <Task(BashOperator): delete_entry_group>, create_entry_group already registered for DAG: example_complex
[2025-02-27T23:58:24.201+0000] {logging_mixin.py:120} INFO - [2025-02-27T23:58:24.201+0000] {taskmixin.py:205} WARNING - Dependency <Task(BashOperator): create_entry_gcs>, delete_entry already registered for DAG: example_complex
[2025-02-27T23:58:24.201+0000] {logging_mixin.py:120} INFO - [2025-02-27T23:58:24.201+0000] {taskmixin.py:205} WARNING - Dependency <Task(BashOperator): delete_entry>, create_entry_gcs already registered for DAG: example_complex
[2025-02-27T23:58:24.202+0000] {logging_mixin.py:120} INFO - [2025-02-27T23:58:24.202+0000] {taskmixin.py:205} WARNING - Dependency <Task(BashOperator): create_tag>, delete_tag already registered for DAG: example_complex
[2025-02-27T23:58:24.202+0000] {logging_mixin.py:120} INFO - [2025-02-27T23:58:24.202+0000] {taskmixin.py:205} WARNING - Dependency <Task(BashOperator): delete_tag>, create_tag already registered for DAG: example_complex
[2025-02-27T23:58:24.207+0000] {processor.py:766} INFO - DAG(s) dict_keys(['example_complex']) retrieved from /home/airflow/.local/lib/python3.7/site-packages/airflow/example_dags/example_complex.py
[2025-02-27T23:58:24.239+0000] {logging_mixin.py:120} INFO - [2025-02-27T23:58:24.239+0000] {dag.py:2585} INFO - Sync 1 DAGs
[2025-02-27T23:58:24.253+0000] {logging_mixin.py:120} INFO - [2025-02-27T23:58:24.253+0000] {dag.py:3340} INFO - Setting next_dagrun for example_complex to None, run_after=None
[2025-02-27T23:58:24.268+0000] {processor.py:176} INFO - Processing /home/airflow/.local/lib/python3.7/site-packages/airflow/example_dags/example_complex.py took 0.082 seconds
[2025-02-27T23:58:54.990+0000] {processor.py:154} INFO - Started process (PID=1487) to work on /home/airflow/.local/lib/python3.7/site-packages/airflow/example_dags/example_complex.py
[2025-02-27T23:58:54.992+0000] {processor.py:756} INFO - Processing file /home/airflow/.local/lib/python3.7/site-packages/airflow/example_dags/example_complex.py for tasks to queue
[2025-02-27T23:58:54.992+0000] {logging_mixin.py:120} INFO - [2025-02-27T23:58:54.992+0000] {dagbag.py:537} INFO - Filling up the DagBag from /home/airflow/.local/lib/python3.7/site-packages/airflow/example_dags/example_complex.py
[2025-02-27T23:58:55.003+0000] {logging_mixin.py:120} INFO - [2025-02-27T23:58:55.003+0000] {taskmixin.py:205} WARNING - Dependency <Task(BashOperator): create_entry_group>, delete_entry_group already registered for DAG: example_complex
[2025-02-27T23:58:55.004+0000] {logging_mixin.py:120} INFO - [2025-02-27T23:58:55.004+0000] {taskmixin.py:205} WARNING - Dependency <Task(BashOperator): delete_entry_group>, create_entry_group already registered for DAG: example_complex
[2025-02-27T23:58:55.004+0000] {logging_mixin.py:120} INFO - [2025-02-27T23:58:55.004+0000] {taskmixin.py:205} WARNING - Dependency <Task(BashOperator): create_entry_gcs>, delete_entry already registered for DAG: example_complex
[2025-02-27T23:58:55.005+0000] {logging_mixin.py:120} INFO - [2025-02-27T23:58:55.004+0000] {taskmixin.py:205} WARNING - Dependency <Task(BashOperator): delete_entry>, create_entry_gcs already registered for DAG: example_complex
[2025-02-27T23:58:55.005+0000] {logging_mixin.py:120} INFO - [2025-02-27T23:58:55.005+0000] {taskmixin.py:205} WARNING - Dependency <Task(BashOperator): create_tag>, delete_tag already registered for DAG: example_complex
[2025-02-27T23:58:55.005+0000] {logging_mixin.py:120} INFO - [2025-02-27T23:58:55.005+0000] {taskmixin.py:205} WARNING - Dependency <Task(BashOperator): delete_tag>, create_tag already registered for DAG: example_complex
[2025-02-27T23:58:55.009+0000] {processor.py:766} INFO - DAG(s) dict_keys(['example_complex']) retrieved from /home/airflow/.local/lib/python3.7/site-packages/airflow/example_dags/example_complex.py
[2025-02-27T23:58:55.038+0000] {logging_mixin.py:120} INFO - [2025-02-27T23:58:55.038+0000] {dag.py:2585} INFO - Sync 1 DAGs
[2025-02-27T23:58:55.050+0000] {logging_mixin.py:120} INFO - [2025-02-27T23:58:55.050+0000] {dag.py:3340} INFO - Setting next_dagrun for example_complex to None, run_after=None
[2025-02-27T23:58:55.061+0000] {processor.py:176} INFO - Processing /home/airflow/.local/lib/python3.7/site-packages/airflow/example_dags/example_complex.py took 0.075 seconds
[2025-02-27T23:59:25.669+0000] {processor.py:154} INFO - Started process (PID=1551) to work on /home/airflow/.local/lib/python3.7/site-packages/airflow/example_dags/example_complex.py
[2025-02-27T23:59:25.670+0000] {processor.py:756} INFO - Processing file /home/airflow/.local/lib/python3.7/site-packages/airflow/example_dags/example_complex.py for tasks to queue
[2025-02-27T23:59:25.671+0000] {logging_mixin.py:120} INFO - [2025-02-27T23:59:25.671+0000] {dagbag.py:537} INFO - Filling up the DagBag from /home/airflow/.local/lib/python3.7/site-packages/airflow/example_dags/example_complex.py
[2025-02-27T23:59:25.678+0000] {logging_mixin.py:120} INFO - [2025-02-27T23:59:25.678+0000] {taskmixin.py:205} WARNING - Dependency <Task(BashOperator): create_entry_group>, delete_entry_group already registered for DAG: example_complex
[2025-02-27T23:59:25.678+0000] {logging_mixin.py:120} INFO - [2025-02-27T23:59:25.678+0000] {taskmixin.py:205} WARNING - Dependency <Task(BashOperator): delete_entry_group>, create_entry_group already registered for DAG: example_complex
[2025-02-27T23:59:25.679+0000] {logging_mixin.py:120} INFO - [2025-02-27T23:59:25.679+0000] {taskmixin.py:205} WARNING - Dependency <Task(BashOperator): create_entry_gcs>, delete_entry already registered for DAG: example_complex
[2025-02-27T23:59:25.679+0000] {logging_mixin.py:120} INFO - [2025-02-27T23:59:25.679+0000] {taskmixin.py:205} WARNING - Dependency <Task(BashOperator): delete_entry>, create_entry_gcs already registered for DAG: example_complex
[2025-02-27T23:59:25.680+0000] {logging_mixin.py:120} INFO - [2025-02-27T23:59:25.680+0000] {taskmixin.py:205} WARNING - Dependency <Task(BashOperator): create_tag>, delete_tag already registered for DAG: example_complex
[2025-02-27T23:59:25.680+0000] {logging_mixin.py:120} INFO - [2025-02-27T23:59:25.680+0000] {taskmixin.py:205} WARNING - Dependency <Task(BashOperator): delete_tag>, create_tag already registered for DAG: example_complex
[2025-02-27T23:59:25.684+0000] {processor.py:766} INFO - DAG(s) dict_keys(['example_complex']) retrieved from /home/airflow/.local/lib/python3.7/site-packages/airflow/example_dags/example_complex.py
[2025-02-27T23:59:25.707+0000] {logging_mixin.py:120} INFO - [2025-02-27T23:59:25.707+0000] {dag.py:2585} INFO - Sync 1 DAGs
[2025-02-27T23:59:25.720+0000] {logging_mixin.py:120} INFO - [2025-02-27T23:59:25.720+0000] {dag.py:3340} INFO - Setting next_dagrun for example_complex to None, run_after=None
[2025-02-27T23:59:25.730+0000] {processor.py:176} INFO - Processing /home/airflow/.local/lib/python3.7/site-packages/airflow/example_dags/example_complex.py took 0.063 seconds
[2025-02-27T23:59:56.480+0000] {processor.py:154} INFO - Started process (PID=1615) to work on /home/airflow/.local/lib/python3.7/site-packages/airflow/example_dags/example_complex.py
[2025-02-27T23:59:56.482+0000] {processor.py:756} INFO - Processing file /home/airflow/.local/lib/python3.7/site-packages/airflow/example_dags/example_complex.py for tasks to queue
[2025-02-27T23:59:56.482+0000] {logging_mixin.py:120} INFO - [2025-02-27T23:59:56.482+0000] {dagbag.py:537} INFO - Filling up the DagBag from /home/airflow/.local/lib/python3.7/site-packages/airflow/example_dags/example_complex.py
[2025-02-27T23:59:56.489+0000] {logging_mixin.py:120} INFO - [2025-02-27T23:59:56.489+0000] {taskmixin.py:205} WARNING - Dependency <Task(BashOperator): create_entry_group>, delete_entry_group already registered for DAG: example_complex
[2025-02-27T23:59:56.490+0000] {logging_mixin.py:120} INFO - [2025-02-27T23:59:56.490+0000] {taskmixin.py:205} WARNING - Dependency <Task(BashOperator): delete_entry_group>, create_entry_group already registered for DAG: example_complex
[2025-02-27T23:59:56.491+0000] {logging_mixin.py:120} INFO - [2025-02-27T23:59:56.491+0000] {taskmixin.py:205} WARNING - Dependency <Task(BashOperator): create_entry_gcs>, delete_entry already registered for DAG: example_complex
[2025-02-27T23:59:56.492+0000] {logging_mixin.py:120} INFO - [2025-02-27T23:59:56.492+0000] {taskmixin.py:205} WARNING - Dependency <Task(BashOperator): delete_entry>, create_entry_gcs already registered for DAG: example_complex
[2025-02-27T23:59:56.492+0000] {logging_mixin.py:120} INFO - [2025-02-27T23:59:56.492+0000] {taskmixin.py:205} WARNING - Dependency <Task(BashOperator): create_tag>, delete_tag already registered for DAG: example_complex
[2025-02-27T23:59:56.492+0000] {logging_mixin.py:120} INFO - [2025-02-27T23:59:56.492+0000] {taskmixin.py:205} WARNING - Dependency <Task(BashOperator): delete_tag>, create_tag already registered for DAG: example_complex
[2025-02-27T23:59:56.498+0000] {processor.py:766} INFO - DAG(s) dict_keys(['example_complex']) retrieved from /home/airflow/.local/lib/python3.7/site-packages/airflow/example_dags/example_complex.py
[2025-02-27T23:59:56.522+0000] {logging_mixin.py:120} INFO - [2025-02-27T23:59:56.521+0000] {dag.py:2585} INFO - Sync 1 DAGs
[2025-02-27T23:59:56.534+0000] {logging_mixin.py:120} INFO - [2025-02-27T23:59:56.534+0000] {dag.py:3340} INFO - Setting next_dagrun for example_complex to None, run_after=None
[2025-02-27T23:59:56.544+0000] {processor.py:176} INFO - Processing /home/airflow/.local/lib/python3.7/site-packages/airflow/example_dags/example_complex.py took 0.066 seconds
