[2025-02-27T23:47:05.369+0000] {processor.py:154} INFO - Started process (PID=38) to work on /home/airflow/.local/lib/python3.7/site-packages/airflow/example_dags/example_xcomargs.py
[2025-02-27T23:47:05.370+0000] {processor.py:756} INFO - Processing file /home/airflow/.local/lib/python3.7/site-packages/airflow/example_dags/example_xcomargs.py for tasks to queue
[2025-02-27T23:47:05.370+0000] {logging_mixin.py:120} INFO - [2025-02-27T23:47:05.370+0000] {dagbag.py:537} INFO - Filling up the DagBag from /home/airflow/.local/lib/python3.7/site-packages/airflow/example_dags/example_xcomargs.py
[2025-02-27T23:47:05.386+0000] {processor.py:766} INFO - DAG(s) dict_keys(['example_xcom_args', 'example_xcom_args_with_operators']) retrieved from /home/airflow/.local/lib/python3.7/site-packages/airflow/example_dags/example_xcomargs.py
[2025-02-27T23:47:05.410+0000] {logging_mixin.py:120} INFO - [2025-02-27T23:47:05.410+0000] {dag.py:2585} INFO - Sync 2 DAGs
[2025-02-27T23:47:05.425+0000] {logging_mixin.py:120} INFO - [2025-02-27T23:47:05.425+0000] {dag.py:3340} INFO - Setting next_dagrun for example_xcom_args to None, run_after=None
[2025-02-27T23:47:05.427+0000] {logging_mixin.py:120} INFO - [2025-02-27T23:47:05.427+0000] {dag.py:3340} INFO - Setting next_dagrun for example_xcom_args_with_operators to None, run_after=None
[2025-02-27T23:47:05.444+0000] {processor.py:176} INFO - Processing /home/airflow/.local/lib/python3.7/site-packages/airflow/example_dags/example_xcomargs.py took 0.077 seconds
[2025-02-27T23:47:35.941+0000] {processor.py:154} INFO - Started process (PID=102) to work on /home/airflow/.local/lib/python3.7/site-packages/airflow/example_dags/example_xcomargs.py
[2025-02-27T23:47:35.942+0000] {processor.py:756} INFO - Processing file /home/airflow/.local/lib/python3.7/site-packages/airflow/example_dags/example_xcomargs.py for tasks to queue
[2025-02-27T23:47:35.942+0000] {logging_mixin.py:120} INFO - [2025-02-27T23:47:35.942+0000] {dagbag.py:537} INFO - Filling up the DagBag from /home/airflow/.local/lib/python3.7/site-packages/airflow/example_dags/example_xcomargs.py
[2025-02-27T23:47:35.957+0000] {processor.py:766} INFO - DAG(s) dict_keys(['example_xcom_args', 'example_xcom_args_with_operators']) retrieved from /home/airflow/.local/lib/python3.7/site-packages/airflow/example_dags/example_xcomargs.py
[2025-02-27T23:47:35.978+0000] {logging_mixin.py:120} INFO - [2025-02-27T23:47:35.978+0000] {dag.py:2585} INFO - Sync 2 DAGs
[2025-02-27T23:47:35.990+0000] {logging_mixin.py:120} INFO - [2025-02-27T23:47:35.990+0000] {dag.py:3340} INFO - Setting next_dagrun for example_xcom_args to None, run_after=None
[2025-02-27T23:47:35.992+0000] {logging_mixin.py:120} INFO - [2025-02-27T23:47:35.992+0000] {dag.py:3340} INFO - Setting next_dagrun for example_xcom_args_with_operators to None, run_after=None
[2025-02-27T23:47:36.000+0000] {processor.py:176} INFO - Processing /home/airflow/.local/lib/python3.7/site-packages/airflow/example_dags/example_xcomargs.py took 0.061 seconds
[2025-02-27T23:48:06.088+0000] {processor.py:154} INFO - Started process (PID=167) to work on /home/airflow/.local/lib/python3.7/site-packages/airflow/example_dags/example_xcomargs.py
[2025-02-27T23:48:06.088+0000] {processor.py:756} INFO - Processing file /home/airflow/.local/lib/python3.7/site-packages/airflow/example_dags/example_xcomargs.py for tasks to queue
[2025-02-27T23:48:06.089+0000] {logging_mixin.py:120} INFO - [2025-02-27T23:48:06.089+0000] {dagbag.py:537} INFO - Filling up the DagBag from /home/airflow/.local/lib/python3.7/site-packages/airflow/example_dags/example_xcomargs.py
[2025-02-27T23:48:06.101+0000] {processor.py:766} INFO - DAG(s) dict_keys(['example_xcom_args', 'example_xcom_args_with_operators']) retrieved from /home/airflow/.local/lib/python3.7/site-packages/airflow/example_dags/example_xcomargs.py
[2025-02-27T23:48:06.117+0000] {logging_mixin.py:120} INFO - [2025-02-27T23:48:06.117+0000] {dag.py:2585} INFO - Sync 2 DAGs
[2025-02-27T23:48:06.133+0000] {logging_mixin.py:120} INFO - [2025-02-27T23:48:06.133+0000] {dag.py:3340} INFO - Setting next_dagrun for example_xcom_args to None, run_after=None
[2025-02-27T23:48:06.135+0000] {logging_mixin.py:120} INFO - [2025-02-27T23:48:06.135+0000] {dag.py:3340} INFO - Setting next_dagrun for example_xcom_args_with_operators to None, run_after=None
[2025-02-27T23:48:06.146+0000] {processor.py:176} INFO - Processing /home/airflow/.local/lib/python3.7/site-packages/airflow/example_dags/example_xcomargs.py took 0.059 seconds
[2025-02-27T23:48:36.725+0000] {processor.py:154} INFO - Started process (PID=231) to work on /home/airflow/.local/lib/python3.7/site-packages/airflow/example_dags/example_xcomargs.py
[2025-02-27T23:48:36.726+0000] {processor.py:756} INFO - Processing file /home/airflow/.local/lib/python3.7/site-packages/airflow/example_dags/example_xcomargs.py for tasks to queue
[2025-02-27T23:48:36.726+0000] {logging_mixin.py:120} INFO - [2025-02-27T23:48:36.726+0000] {dagbag.py:537} INFO - Filling up the DagBag from /home/airflow/.local/lib/python3.7/site-packages/airflow/example_dags/example_xcomargs.py
[2025-02-27T23:48:36.741+0000] {processor.py:766} INFO - DAG(s) dict_keys(['example_xcom_args_with_operators', 'example_xcom_args']) retrieved from /home/airflow/.local/lib/python3.7/site-packages/airflow/example_dags/example_xcomargs.py
[2025-02-27T23:48:36.769+0000] {logging_mixin.py:120} INFO - [2025-02-27T23:48:36.768+0000] {dag.py:2585} INFO - Sync 2 DAGs
[2025-02-27T23:48:36.784+0000] {logging_mixin.py:120} INFO - [2025-02-27T23:48:36.784+0000] {dag.py:3340} INFO - Setting next_dagrun for example_xcom_args to None, run_after=None
[2025-02-27T23:48:36.787+0000] {logging_mixin.py:120} INFO - [2025-02-27T23:48:36.787+0000] {dag.py:3340} INFO - Setting next_dagrun for example_xcom_args_with_operators to None, run_after=None
[2025-02-27T23:48:36.797+0000] {processor.py:176} INFO - Processing /home/airflow/.local/lib/python3.7/site-packages/airflow/example_dags/example_xcomargs.py took 0.074 seconds
[2025-02-27T23:49:07.642+0000] {processor.py:154} INFO - Started process (PID=286) to work on /home/airflow/.local/lib/python3.7/site-packages/airflow/example_dags/example_xcomargs.py
[2025-02-27T23:49:07.643+0000] {processor.py:756} INFO - Processing file /home/airflow/.local/lib/python3.7/site-packages/airflow/example_dags/example_xcomargs.py for tasks to queue
[2025-02-27T23:49:07.643+0000] {logging_mixin.py:120} INFO - [2025-02-27T23:49:07.643+0000] {dagbag.py:537} INFO - Filling up the DagBag from /home/airflow/.local/lib/python3.7/site-packages/airflow/example_dags/example_xcomargs.py
[2025-02-27T23:49:07.656+0000] {processor.py:766} INFO - DAG(s) dict_keys(['example_xcom_args_with_operators', 'example_xcom_args']) retrieved from /home/airflow/.local/lib/python3.7/site-packages/airflow/example_dags/example_xcomargs.py
[2025-02-27T23:49:07.679+0000] {logging_mixin.py:120} INFO - [2025-02-27T23:49:07.679+0000] {dag.py:2585} INFO - Sync 2 DAGs
[2025-02-27T23:49:07.692+0000] {logging_mixin.py:120} INFO - [2025-02-27T23:49:07.692+0000] {dag.py:3340} INFO - Setting next_dagrun for example_xcom_args to None, run_after=None
[2025-02-27T23:49:07.694+0000] {logging_mixin.py:120} INFO - [2025-02-27T23:49:07.694+0000] {dag.py:3340} INFO - Setting next_dagrun for example_xcom_args_with_operators to None, run_after=None
[2025-02-27T23:49:07.703+0000] {processor.py:176} INFO - Processing /home/airflow/.local/lib/python3.7/site-packages/airflow/example_dags/example_xcomargs.py took 0.063 seconds
[2025-02-27T23:49:38.526+0000] {processor.py:154} INFO - Started process (PID=350) to work on /home/airflow/.local/lib/python3.7/site-packages/airflow/example_dags/example_xcomargs.py
[2025-02-27T23:49:38.527+0000] {processor.py:756} INFO - Processing file /home/airflow/.local/lib/python3.7/site-packages/airflow/example_dags/example_xcomargs.py for tasks to queue
[2025-02-27T23:49:38.527+0000] {logging_mixin.py:120} INFO - [2025-02-27T23:49:38.527+0000] {dagbag.py:537} INFO - Filling up the DagBag from /home/airflow/.local/lib/python3.7/site-packages/airflow/example_dags/example_xcomargs.py
[2025-02-27T23:49:38.539+0000] {processor.py:766} INFO - DAG(s) dict_keys(['example_xcom_args', 'example_xcom_args_with_operators']) retrieved from /home/airflow/.local/lib/python3.7/site-packages/airflow/example_dags/example_xcomargs.py
[2025-02-27T23:49:38.561+0000] {logging_mixin.py:120} INFO - [2025-02-27T23:49:38.561+0000] {dag.py:2585} INFO - Sync 2 DAGs
[2025-02-27T23:49:38.572+0000] {logging_mixin.py:120} INFO - [2025-02-27T23:49:38.572+0000] {dag.py:3340} INFO - Setting next_dagrun for example_xcom_args to None, run_after=None
[2025-02-27T23:49:38.574+0000] {logging_mixin.py:120} INFO - [2025-02-27T23:49:38.574+0000] {dag.py:3340} INFO - Setting next_dagrun for example_xcom_args_with_operators to None, run_after=None
[2025-02-27T23:49:38.582+0000] {processor.py:176} INFO - Processing /home/airflow/.local/lib/python3.7/site-packages/airflow/example_dags/example_xcomargs.py took 0.058 seconds
[2025-02-27T23:50:09.321+0000] {processor.py:154} INFO - Started process (PID=414) to work on /home/airflow/.local/lib/python3.7/site-packages/airflow/example_dags/example_xcomargs.py
[2025-02-27T23:50:09.322+0000] {processor.py:756} INFO - Processing file /home/airflow/.local/lib/python3.7/site-packages/airflow/example_dags/example_xcomargs.py for tasks to queue
[2025-02-27T23:50:09.323+0000] {logging_mixin.py:120} INFO - [2025-02-27T23:50:09.323+0000] {dagbag.py:537} INFO - Filling up the DagBag from /home/airflow/.local/lib/python3.7/site-packages/airflow/example_dags/example_xcomargs.py
[2025-02-27T23:50:09.334+0000] {processor.py:766} INFO - DAG(s) dict_keys(['example_xcom_args', 'example_xcom_args_with_operators']) retrieved from /home/airflow/.local/lib/python3.7/site-packages/airflow/example_dags/example_xcomargs.py
[2025-02-27T23:50:09.355+0000] {logging_mixin.py:120} INFO - [2025-02-27T23:50:09.355+0000] {dag.py:2585} INFO - Sync 2 DAGs
[2025-02-27T23:50:09.366+0000] {logging_mixin.py:120} INFO - [2025-02-27T23:50:09.366+0000] {dag.py:3340} INFO - Setting next_dagrun for example_xcom_args to None, run_after=None
[2025-02-27T23:50:09.367+0000] {logging_mixin.py:120} INFO - [2025-02-27T23:50:09.367+0000] {dag.py:3340} INFO - Setting next_dagrun for example_xcom_args_with_operators to None, run_after=None
[2025-02-27T23:50:09.374+0000] {processor.py:176} INFO - Processing /home/airflow/.local/lib/python3.7/site-packages/airflow/example_dags/example_xcomargs.py took 0.055 seconds
[2025-02-27T23:50:40.240+0000] {processor.py:154} INFO - Started process (PID=478) to work on /home/airflow/.local/lib/python3.7/site-packages/airflow/example_dags/example_xcomargs.py
[2025-02-27T23:50:40.240+0000] {processor.py:756} INFO - Processing file /home/airflow/.local/lib/python3.7/site-packages/airflow/example_dags/example_xcomargs.py for tasks to queue
[2025-02-27T23:50:40.241+0000] {logging_mixin.py:120} INFO - [2025-02-27T23:50:40.241+0000] {dagbag.py:537} INFO - Filling up the DagBag from /home/airflow/.local/lib/python3.7/site-packages/airflow/example_dags/example_xcomargs.py
[2025-02-27T23:50:40.252+0000] {processor.py:766} INFO - DAG(s) dict_keys(['example_xcom_args', 'example_xcom_args_with_operators']) retrieved from /home/airflow/.local/lib/python3.7/site-packages/airflow/example_dags/example_xcomargs.py
[2025-02-27T23:50:40.274+0000] {logging_mixin.py:120} INFO - [2025-02-27T23:50:40.274+0000] {dag.py:2585} INFO - Sync 2 DAGs
[2025-02-27T23:50:40.286+0000] {logging_mixin.py:120} INFO - [2025-02-27T23:50:40.286+0000] {dag.py:3340} INFO - Setting next_dagrun for example_xcom_args to None, run_after=None
[2025-02-27T23:50:40.288+0000] {logging_mixin.py:120} INFO - [2025-02-27T23:50:40.288+0000] {dag.py:3340} INFO - Setting next_dagrun for example_xcom_args_with_operators to None, run_after=None
[2025-02-27T23:50:40.297+0000] {processor.py:176} INFO - Processing /home/airflow/.local/lib/python3.7/site-packages/airflow/example_dags/example_xcomargs.py took 0.059 seconds
[2025-02-27T23:51:11.097+0000] {processor.py:154} INFO - Started process (PID=542) to work on /home/airflow/.local/lib/python3.7/site-packages/airflow/example_dags/example_xcomargs.py
[2025-02-27T23:51:11.097+0000] {processor.py:756} INFO - Processing file /home/airflow/.local/lib/python3.7/site-packages/airflow/example_dags/example_xcomargs.py for tasks to queue
[2025-02-27T23:51:11.098+0000] {logging_mixin.py:120} INFO - [2025-02-27T23:51:11.098+0000] {dagbag.py:537} INFO - Filling up the DagBag from /home/airflow/.local/lib/python3.7/site-packages/airflow/example_dags/example_xcomargs.py
[2025-02-27T23:51:11.109+0000] {processor.py:766} INFO - DAG(s) dict_keys(['example_xcom_args', 'example_xcom_args_with_operators']) retrieved from /home/airflow/.local/lib/python3.7/site-packages/airflow/example_dags/example_xcomargs.py
[2025-02-27T23:51:11.130+0000] {logging_mixin.py:120} INFO - [2025-02-27T23:51:11.130+0000] {dag.py:2585} INFO - Sync 2 DAGs
[2025-02-27T23:51:11.141+0000] {logging_mixin.py:120} INFO - [2025-02-27T23:51:11.141+0000] {dag.py:3340} INFO - Setting next_dagrun for example_xcom_args to None, run_after=None
[2025-02-27T23:51:11.143+0000] {logging_mixin.py:120} INFO - [2025-02-27T23:51:11.143+0000] {dag.py:3340} INFO - Setting next_dagrun for example_xcom_args_with_operators to None, run_after=None
[2025-02-27T23:51:11.151+0000] {processor.py:176} INFO - Processing /home/airflow/.local/lib/python3.7/site-packages/airflow/example_dags/example_xcomargs.py took 0.056 seconds
[2025-02-27T23:51:41.877+0000] {processor.py:154} INFO - Started process (PID=606) to work on /home/airflow/.local/lib/python3.7/site-packages/airflow/example_dags/example_xcomargs.py
[2025-02-27T23:51:41.878+0000] {processor.py:756} INFO - Processing file /home/airflow/.local/lib/python3.7/site-packages/airflow/example_dags/example_xcomargs.py for tasks to queue
[2025-02-27T23:51:41.879+0000] {logging_mixin.py:120} INFO - [2025-02-27T23:51:41.879+0000] {dagbag.py:537} INFO - Filling up the DagBag from /home/airflow/.local/lib/python3.7/site-packages/airflow/example_dags/example_xcomargs.py
[2025-02-27T23:51:41.889+0000] {processor.py:766} INFO - DAG(s) dict_keys(['example_xcom_args_with_operators', 'example_xcom_args']) retrieved from /home/airflow/.local/lib/python3.7/site-packages/airflow/example_dags/example_xcomargs.py
[2025-02-27T23:51:41.910+0000] {logging_mixin.py:120} INFO - [2025-02-27T23:51:41.910+0000] {dag.py:2585} INFO - Sync 2 DAGs
[2025-02-27T23:51:41.922+0000] {logging_mixin.py:120} INFO - [2025-02-27T23:51:41.922+0000] {dag.py:3340} INFO - Setting next_dagrun for example_xcom_args to None, run_after=None
[2025-02-27T23:51:41.923+0000] {logging_mixin.py:120} INFO - [2025-02-27T23:51:41.923+0000] {dag.py:3340} INFO - Setting next_dagrun for example_xcom_args_with_operators to None, run_after=None
[2025-02-27T23:51:41.931+0000] {processor.py:176} INFO - Processing /home/airflow/.local/lib/python3.7/site-packages/airflow/example_dags/example_xcomargs.py took 0.056 seconds
[2025-02-27T23:52:12.830+0000] {processor.py:154} INFO - Started process (PID=670) to work on /home/airflow/.local/lib/python3.7/site-packages/airflow/example_dags/example_xcomargs.py
[2025-02-27T23:52:12.831+0000] {processor.py:756} INFO - Processing file /home/airflow/.local/lib/python3.7/site-packages/airflow/example_dags/example_xcomargs.py for tasks to queue
[2025-02-27T23:52:12.831+0000] {logging_mixin.py:120} INFO - [2025-02-27T23:52:12.831+0000] {dagbag.py:537} INFO - Filling up the DagBag from /home/airflow/.local/lib/python3.7/site-packages/airflow/example_dags/example_xcomargs.py
[2025-02-27T23:52:12.842+0000] {processor.py:766} INFO - DAG(s) dict_keys(['example_xcom_args_with_operators', 'example_xcom_args']) retrieved from /home/airflow/.local/lib/python3.7/site-packages/airflow/example_dags/example_xcomargs.py
[2025-02-27T23:52:12.864+0000] {logging_mixin.py:120} INFO - [2025-02-27T23:52:12.863+0000] {dag.py:2585} INFO - Sync 2 DAGs
[2025-02-27T23:52:12.875+0000] {logging_mixin.py:120} INFO - [2025-02-27T23:52:12.875+0000] {dag.py:3340} INFO - Setting next_dagrun for example_xcom_args to None, run_after=None
[2025-02-27T23:52:12.877+0000] {logging_mixin.py:120} INFO - [2025-02-27T23:52:12.877+0000] {dag.py:3340} INFO - Setting next_dagrun for example_xcom_args_with_operators to None, run_after=None
[2025-02-27T23:52:12.884+0000] {processor.py:176} INFO - Processing /home/airflow/.local/lib/python3.7/site-packages/airflow/example_dags/example_xcomargs.py took 0.055 seconds
[2025-02-27T23:52:43.606+0000] {processor.py:154} INFO - Started process (PID=733) to work on /home/airflow/.local/lib/python3.7/site-packages/airflow/example_dags/example_xcomargs.py
[2025-02-27T23:52:43.607+0000] {processor.py:756} INFO - Processing file /home/airflow/.local/lib/python3.7/site-packages/airflow/example_dags/example_xcomargs.py for tasks to queue
[2025-02-27T23:52:43.607+0000] {logging_mixin.py:120} INFO - [2025-02-27T23:52:43.607+0000] {dagbag.py:537} INFO - Filling up the DagBag from /home/airflow/.local/lib/python3.7/site-packages/airflow/example_dags/example_xcomargs.py
[2025-02-27T23:52:43.621+0000] {processor.py:766} INFO - DAG(s) dict_keys(['example_xcom_args_with_operators', 'example_xcom_args']) retrieved from /home/airflow/.local/lib/python3.7/site-packages/airflow/example_dags/example_xcomargs.py
[2025-02-27T23:52:43.644+0000] {logging_mixin.py:120} INFO - [2025-02-27T23:52:43.644+0000] {dag.py:2585} INFO - Sync 2 DAGs
[2025-02-27T23:52:43.657+0000] {logging_mixin.py:120} INFO - [2025-02-27T23:52:43.657+0000] {dag.py:3340} INFO - Setting next_dagrun for example_xcom_args to None, run_after=None
[2025-02-27T23:52:43.660+0000] {logging_mixin.py:120} INFO - [2025-02-27T23:52:43.659+0000] {dag.py:3340} INFO - Setting next_dagrun for example_xcom_args_with_operators to None, run_after=None
[2025-02-27T23:52:43.670+0000] {processor.py:176} INFO - Processing /home/airflow/.local/lib/python3.7/site-packages/airflow/example_dags/example_xcomargs.py took 0.066 seconds
[2025-02-27T23:53:14.409+0000] {processor.py:154} INFO - Started process (PID=795) to work on /home/airflow/.local/lib/python3.7/site-packages/airflow/example_dags/example_xcomargs.py
[2025-02-27T23:53:14.409+0000] {processor.py:756} INFO - Processing file /home/airflow/.local/lib/python3.7/site-packages/airflow/example_dags/example_xcomargs.py for tasks to queue
[2025-02-27T23:53:14.410+0000] {logging_mixin.py:120} INFO - [2025-02-27T23:53:14.410+0000] {dagbag.py:537} INFO - Filling up the DagBag from /home/airflow/.local/lib/python3.7/site-packages/airflow/example_dags/example_xcomargs.py
[2025-02-27T23:53:14.422+0000] {processor.py:766} INFO - DAG(s) dict_keys(['example_xcom_args', 'example_xcom_args_with_operators']) retrieved from /home/airflow/.local/lib/python3.7/site-packages/airflow/example_dags/example_xcomargs.py
[2025-02-27T23:53:14.443+0000] {logging_mixin.py:120} INFO - [2025-02-27T23:53:14.443+0000] {dag.py:2585} INFO - Sync 2 DAGs
[2025-02-27T23:53:14.456+0000] {logging_mixin.py:120} INFO - [2025-02-27T23:53:14.456+0000] {dag.py:3340} INFO - Setting next_dagrun for example_xcom_args to None, run_after=None
[2025-02-27T23:53:14.458+0000] {logging_mixin.py:120} INFO - [2025-02-27T23:53:14.458+0000] {dag.py:3340} INFO - Setting next_dagrun for example_xcom_args_with_operators to None, run_after=None
[2025-02-27T23:53:14.465+0000] {processor.py:176} INFO - Processing /home/airflow/.local/lib/python3.7/site-packages/airflow/example_dags/example_xcomargs.py took 0.058 seconds
[2025-02-27T23:53:45.292+0000] {processor.py:154} INFO - Started process (PID=850) to work on /home/airflow/.local/lib/python3.7/site-packages/airflow/example_dags/example_xcomargs.py
[2025-02-27T23:53:45.293+0000] {processor.py:756} INFO - Processing file /home/airflow/.local/lib/python3.7/site-packages/airflow/example_dags/example_xcomargs.py for tasks to queue
[2025-02-27T23:53:45.294+0000] {logging_mixin.py:120} INFO - [2025-02-27T23:53:45.294+0000] {dagbag.py:537} INFO - Filling up the DagBag from /home/airflow/.local/lib/python3.7/site-packages/airflow/example_dags/example_xcomargs.py
[2025-02-27T23:53:45.305+0000] {processor.py:766} INFO - DAG(s) dict_keys(['example_xcom_args_with_operators', 'example_xcom_args']) retrieved from /home/airflow/.local/lib/python3.7/site-packages/airflow/example_dags/example_xcomargs.py
[2025-02-27T23:53:45.328+0000] {logging_mixin.py:120} INFO - [2025-02-27T23:53:45.328+0000] {dag.py:2585} INFO - Sync 2 DAGs
[2025-02-27T23:53:45.340+0000] {logging_mixin.py:120} INFO - [2025-02-27T23:53:45.340+0000] {dag.py:3340} INFO - Setting next_dagrun for example_xcom_args to None, run_after=None
[2025-02-27T23:53:45.342+0000] {logging_mixin.py:120} INFO - [2025-02-27T23:53:45.342+0000] {dag.py:3340} INFO - Setting next_dagrun for example_xcom_args_with_operators to None, run_after=None
[2025-02-27T23:53:45.350+0000] {processor.py:176} INFO - Processing /home/airflow/.local/lib/python3.7/site-packages/airflow/example_dags/example_xcomargs.py took 0.059 seconds
[2025-02-27T23:54:16.117+0000] {processor.py:154} INFO - Started process (PID=914) to work on /home/airflow/.local/lib/python3.7/site-packages/airflow/example_dags/example_xcomargs.py
[2025-02-27T23:54:16.118+0000] {processor.py:756} INFO - Processing file /home/airflow/.local/lib/python3.7/site-packages/airflow/example_dags/example_xcomargs.py for tasks to queue
[2025-02-27T23:54:16.118+0000] {logging_mixin.py:120} INFO - [2025-02-27T23:54:16.118+0000] {dagbag.py:537} INFO - Filling up the DagBag from /home/airflow/.local/lib/python3.7/site-packages/airflow/example_dags/example_xcomargs.py
[2025-02-27T23:54:16.131+0000] {processor.py:766} INFO - DAG(s) dict_keys(['example_xcom_args', 'example_xcom_args_with_operators']) retrieved from /home/airflow/.local/lib/python3.7/site-packages/airflow/example_dags/example_xcomargs.py
[2025-02-27T23:54:16.155+0000] {logging_mixin.py:120} INFO - [2025-02-27T23:54:16.154+0000] {dag.py:2585} INFO - Sync 2 DAGs
[2025-02-27T23:54:16.168+0000] {logging_mixin.py:120} INFO - [2025-02-27T23:54:16.168+0000] {dag.py:3340} INFO - Setting next_dagrun for example_xcom_args to None, run_after=None
[2025-02-27T23:54:16.170+0000] {logging_mixin.py:120} INFO - [2025-02-27T23:54:16.170+0000] {dag.py:3340} INFO - Setting next_dagrun for example_xcom_args_with_operators to None, run_after=None
[2025-02-27T23:54:16.180+0000] {processor.py:176} INFO - Processing /home/airflow/.local/lib/python3.7/site-packages/airflow/example_dags/example_xcomargs.py took 0.065 seconds
[2025-02-27T23:54:47.126+0000] {processor.py:154} INFO - Started process (PID=977) to work on /home/airflow/.local/lib/python3.7/site-packages/airflow/example_dags/example_xcomargs.py
[2025-02-27T23:54:47.127+0000] {processor.py:756} INFO - Processing file /home/airflow/.local/lib/python3.7/site-packages/airflow/example_dags/example_xcomargs.py for tasks to queue
[2025-02-27T23:54:47.127+0000] {logging_mixin.py:120} INFO - [2025-02-27T23:54:47.127+0000] {dagbag.py:537} INFO - Filling up the DagBag from /home/airflow/.local/lib/python3.7/site-packages/airflow/example_dags/example_xcomargs.py
[2025-02-27T23:54:47.138+0000] {processor.py:766} INFO - DAG(s) dict_keys(['example_xcom_args_with_operators', 'example_xcom_args']) retrieved from /home/airflow/.local/lib/python3.7/site-packages/airflow/example_dags/example_xcomargs.py
[2025-02-27T23:54:47.159+0000] {logging_mixin.py:120} INFO - [2025-02-27T23:54:47.159+0000] {dag.py:2585} INFO - Sync 2 DAGs
[2025-02-27T23:54:47.171+0000] {logging_mixin.py:120} INFO - [2025-02-27T23:54:47.171+0000] {dag.py:3340} INFO - Setting next_dagrun for example_xcom_args to None, run_after=None
[2025-02-27T23:54:47.173+0000] {logging_mixin.py:120} INFO - [2025-02-27T23:54:47.173+0000] {dag.py:3340} INFO - Setting next_dagrun for example_xcom_args_with_operators to None, run_after=None
[2025-02-27T23:54:47.182+0000] {processor.py:176} INFO - Processing /home/airflow/.local/lib/python3.7/site-packages/airflow/example_dags/example_xcomargs.py took 0.057 seconds
[2025-02-27T23:55:17.908+0000] {processor.py:154} INFO - Started process (PID=1041) to work on /home/airflow/.local/lib/python3.7/site-packages/airflow/example_dags/example_xcomargs.py
[2025-02-27T23:55:17.908+0000] {processor.py:756} INFO - Processing file /home/airflow/.local/lib/python3.7/site-packages/airflow/example_dags/example_xcomargs.py for tasks to queue
[2025-02-27T23:55:17.909+0000] {logging_mixin.py:120} INFO - [2025-02-27T23:55:17.909+0000] {dagbag.py:537} INFO - Filling up the DagBag from /home/airflow/.local/lib/python3.7/site-packages/airflow/example_dags/example_xcomargs.py
[2025-02-27T23:55:17.922+0000] {processor.py:766} INFO - DAG(s) dict_keys(['example_xcom_args_with_operators', 'example_xcom_args']) retrieved from /home/airflow/.local/lib/python3.7/site-packages/airflow/example_dags/example_xcomargs.py
[2025-02-27T23:55:17.944+0000] {logging_mixin.py:120} INFO - [2025-02-27T23:55:17.943+0000] {dag.py:2585} INFO - Sync 2 DAGs
[2025-02-27T23:55:17.956+0000] {logging_mixin.py:120} INFO - [2025-02-27T23:55:17.955+0000] {dag.py:3340} INFO - Setting next_dagrun for example_xcom_args to None, run_after=None
[2025-02-27T23:55:17.957+0000] {logging_mixin.py:120} INFO - [2025-02-27T23:55:17.957+0000] {dag.py:3340} INFO - Setting next_dagrun for example_xcom_args_with_operators to None, run_after=None
[2025-02-27T23:55:17.965+0000] {processor.py:176} INFO - Processing /home/airflow/.local/lib/python3.7/site-packages/airflow/example_dags/example_xcomargs.py took 0.059 seconds
[2025-02-27T23:55:48.673+0000] {processor.py:154} INFO - Started process (PID=1105) to work on /home/airflow/.local/lib/python3.7/site-packages/airflow/example_dags/example_xcomargs.py
[2025-02-27T23:55:48.674+0000] {processor.py:756} INFO - Processing file /home/airflow/.local/lib/python3.7/site-packages/airflow/example_dags/example_xcomargs.py for tasks to queue
[2025-02-27T23:55:48.675+0000] {logging_mixin.py:120} INFO - [2025-02-27T23:55:48.675+0000] {dagbag.py:537} INFO - Filling up the DagBag from /home/airflow/.local/lib/python3.7/site-packages/airflow/example_dags/example_xcomargs.py
[2025-02-27T23:55:48.686+0000] {processor.py:766} INFO - DAG(s) dict_keys(['example_xcom_args_with_operators', 'example_xcom_args']) retrieved from /home/airflow/.local/lib/python3.7/site-packages/airflow/example_dags/example_xcomargs.py
[2025-02-27T23:55:48.708+0000] {logging_mixin.py:120} INFO - [2025-02-27T23:55:48.708+0000] {dag.py:2585} INFO - Sync 2 DAGs
[2025-02-27T23:55:48.719+0000] {logging_mixin.py:120} INFO - [2025-02-27T23:55:48.719+0000] {dag.py:3340} INFO - Setting next_dagrun for example_xcom_args to None, run_after=None
[2025-02-27T23:55:48.721+0000] {logging_mixin.py:120} INFO - [2025-02-27T23:55:48.721+0000] {dag.py:3340} INFO - Setting next_dagrun for example_xcom_args_with_operators to None, run_after=None
[2025-02-27T23:55:48.728+0000] {processor.py:176} INFO - Processing /home/airflow/.local/lib/python3.7/site-packages/airflow/example_dags/example_xcomargs.py took 0.057 seconds
[2025-02-27T23:56:19.387+0000] {processor.py:154} INFO - Started process (PID=1169) to work on /home/airflow/.local/lib/python3.7/site-packages/airflow/example_dags/example_xcomargs.py
[2025-02-27T23:56:19.388+0000] {processor.py:756} INFO - Processing file /home/airflow/.local/lib/python3.7/site-packages/airflow/example_dags/example_xcomargs.py for tasks to queue
[2025-02-27T23:56:19.388+0000] {logging_mixin.py:120} INFO - [2025-02-27T23:56:19.388+0000] {dagbag.py:537} INFO - Filling up the DagBag from /home/airflow/.local/lib/python3.7/site-packages/airflow/example_dags/example_xcomargs.py
[2025-02-27T23:56:19.400+0000] {processor.py:766} INFO - DAG(s) dict_keys(['example_xcom_args', 'example_xcom_args_with_operators']) retrieved from /home/airflow/.local/lib/python3.7/site-packages/airflow/example_dags/example_xcomargs.py
[2025-02-27T23:56:19.422+0000] {logging_mixin.py:120} INFO - [2025-02-27T23:56:19.422+0000] {dag.py:2585} INFO - Sync 2 DAGs
[2025-02-27T23:56:19.433+0000] {logging_mixin.py:120} INFO - [2025-02-27T23:56:19.433+0000] {dag.py:3340} INFO - Setting next_dagrun for example_xcom_args to None, run_after=None
[2025-02-27T23:56:19.435+0000] {logging_mixin.py:120} INFO - [2025-02-27T23:56:19.435+0000] {dag.py:3340} INFO - Setting next_dagrun for example_xcom_args_with_operators to None, run_after=None
[2025-02-27T23:56:19.443+0000] {processor.py:176} INFO - Processing /home/airflow/.local/lib/python3.7/site-packages/airflow/example_dags/example_xcomargs.py took 0.059 seconds
[2025-02-27T23:56:50.198+0000] {processor.py:154} INFO - Started process (PID=1233) to work on /home/airflow/.local/lib/python3.7/site-packages/airflow/example_dags/example_xcomargs.py
[2025-02-27T23:56:50.200+0000] {processor.py:756} INFO - Processing file /home/airflow/.local/lib/python3.7/site-packages/airflow/example_dags/example_xcomargs.py for tasks to queue
[2025-02-27T23:56:50.200+0000] {logging_mixin.py:120} INFO - [2025-02-27T23:56:50.200+0000] {dagbag.py:537} INFO - Filling up the DagBag from /home/airflow/.local/lib/python3.7/site-packages/airflow/example_dags/example_xcomargs.py
[2025-02-27T23:56:50.211+0000] {processor.py:766} INFO - DAG(s) dict_keys(['example_xcom_args', 'example_xcom_args_with_operators']) retrieved from /home/airflow/.local/lib/python3.7/site-packages/airflow/example_dags/example_xcomargs.py
[2025-02-27T23:56:50.234+0000] {logging_mixin.py:120} INFO - [2025-02-27T23:56:50.234+0000] {dag.py:2585} INFO - Sync 2 DAGs
[2025-02-27T23:56:50.245+0000] {logging_mixin.py:120} INFO - [2025-02-27T23:56:50.245+0000] {dag.py:3340} INFO - Setting next_dagrun for example_xcom_args to None, run_after=None
[2025-02-27T23:56:50.247+0000] {logging_mixin.py:120} INFO - [2025-02-27T23:56:50.247+0000] {dag.py:3340} INFO - Setting next_dagrun for example_xcom_args_with_operators to None, run_after=None
[2025-02-27T23:56:50.256+0000] {processor.py:176} INFO - Processing /home/airflow/.local/lib/python3.7/site-packages/airflow/example_dags/example_xcomargs.py took 0.060 seconds
[2025-02-27T23:57:21.077+0000] {processor.py:154} INFO - Started process (PID=1297) to work on /home/airflow/.local/lib/python3.7/site-packages/airflow/example_dags/example_xcomargs.py
[2025-02-27T23:57:21.078+0000] {processor.py:756} INFO - Processing file /home/airflow/.local/lib/python3.7/site-packages/airflow/example_dags/example_xcomargs.py for tasks to queue
[2025-02-27T23:57:21.079+0000] {logging_mixin.py:120} INFO - [2025-02-27T23:57:21.079+0000] {dagbag.py:537} INFO - Filling up the DagBag from /home/airflow/.local/lib/python3.7/site-packages/airflow/example_dags/example_xcomargs.py
[2025-02-27T23:57:21.090+0000] {processor.py:766} INFO - DAG(s) dict_keys(['example_xcom_args', 'example_xcom_args_with_operators']) retrieved from /home/airflow/.local/lib/python3.7/site-packages/airflow/example_dags/example_xcomargs.py
[2025-02-27T23:57:21.113+0000] {logging_mixin.py:120} INFO - [2025-02-27T23:57:21.113+0000] {dag.py:2585} INFO - Sync 2 DAGs
[2025-02-27T23:57:21.124+0000] {logging_mixin.py:120} INFO - [2025-02-27T23:57:21.124+0000] {dag.py:3340} INFO - Setting next_dagrun for example_xcom_args to None, run_after=None
[2025-02-27T23:57:21.126+0000] {logging_mixin.py:120} INFO - [2025-02-27T23:57:21.126+0000] {dag.py:3340} INFO - Setting next_dagrun for example_xcom_args_with_operators to None, run_after=None
[2025-02-27T23:57:21.136+0000] {processor.py:176} INFO - Processing /home/airflow/.local/lib/python3.7/site-packages/airflow/example_dags/example_xcomargs.py took 0.060 seconds
[2025-02-27T23:57:51.990+0000] {processor.py:154} INFO - Started process (PID=1360) to work on /home/airflow/.local/lib/python3.7/site-packages/airflow/example_dags/example_xcomargs.py
[2025-02-27T23:57:51.991+0000] {processor.py:756} INFO - Processing file /home/airflow/.local/lib/python3.7/site-packages/airflow/example_dags/example_xcomargs.py for tasks to queue
[2025-02-27T23:57:51.992+0000] {logging_mixin.py:120} INFO - [2025-02-27T23:57:51.992+0000] {dagbag.py:537} INFO - Filling up the DagBag from /home/airflow/.local/lib/python3.7/site-packages/airflow/example_dags/example_xcomargs.py
[2025-02-27T23:57:52.004+0000] {processor.py:766} INFO - DAG(s) dict_keys(['example_xcom_args', 'example_xcom_args_with_operators']) retrieved from /home/airflow/.local/lib/python3.7/site-packages/airflow/example_dags/example_xcomargs.py
[2025-02-27T23:57:52.028+0000] {logging_mixin.py:120} INFO - [2025-02-27T23:57:52.028+0000] {dag.py:2585} INFO - Sync 2 DAGs
[2025-02-27T23:57:52.040+0000] {logging_mixin.py:120} INFO - [2025-02-27T23:57:52.040+0000] {dag.py:3340} INFO - Setting next_dagrun for example_xcom_args to None, run_after=None
[2025-02-27T23:57:52.042+0000] {logging_mixin.py:120} INFO - [2025-02-27T23:57:52.042+0000] {dag.py:3340} INFO - Setting next_dagrun for example_xcom_args_with_operators to None, run_after=None
[2025-02-27T23:57:52.052+0000] {processor.py:176} INFO - Processing /home/airflow/.local/lib/python3.7/site-packages/airflow/example_dags/example_xcomargs.py took 0.064 seconds
[2025-02-27T23:58:22.843+0000] {processor.py:154} INFO - Started process (PID=1414) to work on /home/airflow/.local/lib/python3.7/site-packages/airflow/example_dags/example_xcomargs.py
[2025-02-27T23:58:22.844+0000] {processor.py:756} INFO - Processing file /home/airflow/.local/lib/python3.7/site-packages/airflow/example_dags/example_xcomargs.py for tasks to queue
[2025-02-27T23:58:22.844+0000] {logging_mixin.py:120} INFO - [2025-02-27T23:58:22.844+0000] {dagbag.py:537} INFO - Filling up the DagBag from /home/airflow/.local/lib/python3.7/site-packages/airflow/example_dags/example_xcomargs.py
[2025-02-27T23:58:22.856+0000] {processor.py:766} INFO - DAG(s) dict_keys(['example_xcom_args', 'example_xcom_args_with_operators']) retrieved from /home/airflow/.local/lib/python3.7/site-packages/airflow/example_dags/example_xcomargs.py
[2025-02-27T23:58:22.878+0000] {logging_mixin.py:120} INFO - [2025-02-27T23:58:22.878+0000] {dag.py:2585} INFO - Sync 2 DAGs
[2025-02-27T23:58:22.890+0000] {logging_mixin.py:120} INFO - [2025-02-27T23:58:22.890+0000] {dag.py:3340} INFO - Setting next_dagrun for example_xcom_args to None, run_after=None
[2025-02-27T23:58:22.892+0000] {logging_mixin.py:120} INFO - [2025-02-27T23:58:22.892+0000] {dag.py:3340} INFO - Setting next_dagrun for example_xcom_args_with_operators to None, run_after=None
[2025-02-27T23:58:22.901+0000] {processor.py:176} INFO - Processing /home/airflow/.local/lib/python3.7/site-packages/airflow/example_dags/example_xcomargs.py took 0.059 seconds
[2025-02-27T23:58:53.610+0000] {processor.py:154} INFO - Started process (PID=1478) to work on /home/airflow/.local/lib/python3.7/site-packages/airflow/example_dags/example_xcomargs.py
[2025-02-27T23:58:53.611+0000] {processor.py:756} INFO - Processing file /home/airflow/.local/lib/python3.7/site-packages/airflow/example_dags/example_xcomargs.py for tasks to queue
[2025-02-27T23:58:53.611+0000] {logging_mixin.py:120} INFO - [2025-02-27T23:58:53.611+0000] {dagbag.py:537} INFO - Filling up the DagBag from /home/airflow/.local/lib/python3.7/site-packages/airflow/example_dags/example_xcomargs.py
[2025-02-27T23:58:53.622+0000] {processor.py:766} INFO - DAG(s) dict_keys(['example_xcom_args', 'example_xcom_args_with_operators']) retrieved from /home/airflow/.local/lib/python3.7/site-packages/airflow/example_dags/example_xcomargs.py
[2025-02-27T23:58:53.644+0000] {logging_mixin.py:120} INFO - [2025-02-27T23:58:53.644+0000] {dag.py:2585} INFO - Sync 2 DAGs
[2025-02-27T23:58:53.657+0000] {logging_mixin.py:120} INFO - [2025-02-27T23:58:53.657+0000] {dag.py:3340} INFO - Setting next_dagrun for example_xcom_args to None, run_after=None
[2025-02-27T23:58:53.659+0000] {logging_mixin.py:120} INFO - [2025-02-27T23:58:53.659+0000] {dag.py:3340} INFO - Setting next_dagrun for example_xcom_args_with_operators to None, run_after=None
[2025-02-27T23:58:53.669+0000] {processor.py:176} INFO - Processing /home/airflow/.local/lib/python3.7/site-packages/airflow/example_dags/example_xcomargs.py took 0.061 seconds
[2025-02-27T23:59:24.358+0000] {processor.py:154} INFO - Started process (PID=1542) to work on /home/airflow/.local/lib/python3.7/site-packages/airflow/example_dags/example_xcomargs.py
[2025-02-27T23:59:24.359+0000] {processor.py:756} INFO - Processing file /home/airflow/.local/lib/python3.7/site-packages/airflow/example_dags/example_xcomargs.py for tasks to queue
[2025-02-27T23:59:24.359+0000] {logging_mixin.py:120} INFO - [2025-02-27T23:59:24.359+0000] {dagbag.py:537} INFO - Filling up the DagBag from /home/airflow/.local/lib/python3.7/site-packages/airflow/example_dags/example_xcomargs.py
[2025-02-27T23:59:24.370+0000] {processor.py:766} INFO - DAG(s) dict_keys(['example_xcom_args', 'example_xcom_args_with_operators']) retrieved from /home/airflow/.local/lib/python3.7/site-packages/airflow/example_dags/example_xcomargs.py
[2025-02-27T23:59:24.401+0000] {logging_mixin.py:120} INFO - [2025-02-27T23:59:24.401+0000] {dag.py:2585} INFO - Sync 2 DAGs
[2025-02-27T23:59:24.415+0000] {logging_mixin.py:120} INFO - [2025-02-27T23:59:24.415+0000] {dag.py:3340} INFO - Setting next_dagrun for example_xcom_args to None, run_after=None
[2025-02-27T23:59:24.417+0000] {logging_mixin.py:120} INFO - [2025-02-27T23:59:24.417+0000] {dag.py:3340} INFO - Setting next_dagrun for example_xcom_args_with_operators to None, run_after=None
[2025-02-27T23:59:24.426+0000] {processor.py:176} INFO - Processing /home/airflow/.local/lib/python3.7/site-packages/airflow/example_dags/example_xcomargs.py took 0.070 seconds
[2025-02-27T23:59:55.126+0000] {processor.py:154} INFO - Started process (PID=1606) to work on /home/airflow/.local/lib/python3.7/site-packages/airflow/example_dags/example_xcomargs.py
[2025-02-27T23:59:55.127+0000] {processor.py:756} INFO - Processing file /home/airflow/.local/lib/python3.7/site-packages/airflow/example_dags/example_xcomargs.py for tasks to queue
[2025-02-27T23:59:55.128+0000] {logging_mixin.py:120} INFO - [2025-02-27T23:59:55.128+0000] {dagbag.py:537} INFO - Filling up the DagBag from /home/airflow/.local/lib/python3.7/site-packages/airflow/example_dags/example_xcomargs.py
[2025-02-27T23:59:55.139+0000] {processor.py:766} INFO - DAG(s) dict_keys(['example_xcom_args', 'example_xcom_args_with_operators']) retrieved from /home/airflow/.local/lib/python3.7/site-packages/airflow/example_dags/example_xcomargs.py
[2025-02-27T23:59:55.162+0000] {logging_mixin.py:120} INFO - [2025-02-27T23:59:55.162+0000] {dag.py:2585} INFO - Sync 2 DAGs
[2025-02-27T23:59:55.174+0000] {logging_mixin.py:120} INFO - [2025-02-27T23:59:55.174+0000] {dag.py:3340} INFO - Setting next_dagrun for example_xcom_args to None, run_after=None
[2025-02-27T23:59:55.176+0000] {logging_mixin.py:120} INFO - [2025-02-27T23:59:55.175+0000] {dag.py:3340} INFO - Setting next_dagrun for example_xcom_args_with_operators to None, run_after=None
[2025-02-27T23:59:55.184+0000] {processor.py:176} INFO - Processing /home/airflow/.local/lib/python3.7/site-packages/airflow/example_dags/example_xcomargs.py took 0.059 seconds
