[2025-02-27T23:47:07.842+0000] {processor.py:154} INFO - Started process (PID=64) to work on /home/airflow/.local/lib/python3.7/site-packages/airflow/example_dags/example_sla_dag.py
[2025-02-27T23:47:07.846+0000] {processor.py:756} INFO - Processing file /home/airflow/.local/lib/python3.7/site-packages/airflow/example_dags/example_sla_dag.py for tasks to queue
[2025-02-27T23:47:07.847+0000] {logging_mixin.py:120} INFO - [2025-02-27T23:47:07.847+0000] {dagbag.py:537} INFO - Filling up the DagBag from /home/airflow/.local/lib/python3.7/site-packages/airflow/example_dags/example_sla_dag.py
[2025-02-27T23:47:07.907+0000] {processor.py:766} INFO - DAG(s) dict_keys(['example_sla_dag']) retrieved from /home/airflow/.local/lib/python3.7/site-packages/airflow/example_dags/example_sla_dag.py
[2025-02-27T23:47:08.023+0000] {logging_mixin.py:120} INFO - [2025-02-27T23:47:08.021+0000] {dag.py:2585} INFO - Sync 1 DAGs
[2025-02-27T23:47:08.077+0000] {logging_mixin.py:120} INFO - [2025-02-27T23:47:08.077+0000] {dag.py:3340} INFO - Setting next_dagrun for example_sla_dag to 2025-02-27T23:44:00+00:00, run_after=2025-02-27T23:46:00+00:00
[2025-02-27T23:47:08.110+0000] {processor.py:176} INFO - Processing /home/airflow/.local/lib/python3.7/site-packages/airflow/example_dags/example_sla_dag.py took 0.281 seconds
[2025-02-27T23:47:38.367+0000] {processor.py:154} INFO - Started process (PID=128) to work on /home/airflow/.local/lib/python3.7/site-packages/airflow/example_dags/example_sla_dag.py
[2025-02-27T23:47:38.368+0000] {processor.py:756} INFO - Processing file /home/airflow/.local/lib/python3.7/site-packages/airflow/example_dags/example_sla_dag.py for tasks to queue
[2025-02-27T23:47:38.368+0000] {logging_mixin.py:120} INFO - [2025-02-27T23:47:38.368+0000] {dagbag.py:537} INFO - Filling up the DagBag from /home/airflow/.local/lib/python3.7/site-packages/airflow/example_dags/example_sla_dag.py
[2025-02-27T23:47:38.380+0000] {processor.py:766} INFO - DAG(s) dict_keys(['example_sla_dag']) retrieved from /home/airflow/.local/lib/python3.7/site-packages/airflow/example_dags/example_sla_dag.py
[2025-02-27T23:47:38.400+0000] {logging_mixin.py:120} INFO - [2025-02-27T23:47:38.400+0000] {dag.py:2585} INFO - Sync 1 DAGs
[2025-02-27T23:47:38.433+0000] {logging_mixin.py:120} INFO - [2025-02-27T23:47:38.433+0000] {dag.py:3340} INFO - Setting next_dagrun for example_sla_dag to 2025-02-27T23:44:00+00:00, run_after=2025-02-27T23:46:00+00:00
[2025-02-27T23:47:38.454+0000] {processor.py:176} INFO - Processing /home/airflow/.local/lib/python3.7/site-packages/airflow/example_dags/example_sla_dag.py took 0.088 seconds
[2025-02-27T23:48:08.983+0000] {processor.py:154} INFO - Started process (PID=193) to work on /home/airflow/.local/lib/python3.7/site-packages/airflow/example_dags/example_sla_dag.py
[2025-02-27T23:48:08.984+0000] {processor.py:756} INFO - Processing file /home/airflow/.local/lib/python3.7/site-packages/airflow/example_dags/example_sla_dag.py for tasks to queue
[2025-02-27T23:48:08.985+0000] {logging_mixin.py:120} INFO - [2025-02-27T23:48:08.985+0000] {dagbag.py:537} INFO - Filling up the DagBag from /home/airflow/.local/lib/python3.7/site-packages/airflow/example_dags/example_sla_dag.py
[2025-02-27T23:48:08.996+0000] {processor.py:766} INFO - DAG(s) dict_keys(['example_sla_dag']) retrieved from /home/airflow/.local/lib/python3.7/site-packages/airflow/example_dags/example_sla_dag.py
[2025-02-27T23:48:09.010+0000] {logging_mixin.py:120} INFO - [2025-02-27T23:48:09.009+0000] {dag.py:2585} INFO - Sync 1 DAGs
[2025-02-27T23:48:09.025+0000] {logging_mixin.py:120} INFO - [2025-02-27T23:48:09.025+0000] {dag.py:3340} INFO - Setting next_dagrun for example_sla_dag to 2025-02-27T23:46:00+00:00, run_after=2025-02-27T23:48:00+00:00
[2025-02-27T23:48:09.035+0000] {processor.py:176} INFO - Processing /home/airflow/.local/lib/python3.7/site-packages/airflow/example_dags/example_sla_dag.py took 0.053 seconds
[2025-02-27T23:48:39.935+0000] {processor.py:154} INFO - Started process (PID=257) to work on /home/airflow/.local/lib/python3.7/site-packages/airflow/example_dags/example_sla_dag.py
[2025-02-27T23:48:39.938+0000] {processor.py:756} INFO - Processing file /home/airflow/.local/lib/python3.7/site-packages/airflow/example_dags/example_sla_dag.py for tasks to queue
[2025-02-27T23:48:39.939+0000] {logging_mixin.py:120} INFO - [2025-02-27T23:48:39.939+0000] {dagbag.py:537} INFO - Filling up the DagBag from /home/airflow/.local/lib/python3.7/site-packages/airflow/example_dags/example_sla_dag.py
[2025-02-27T23:48:39.952+0000] {processor.py:766} INFO - DAG(s) dict_keys(['example_sla_dag']) retrieved from /home/airflow/.local/lib/python3.7/site-packages/airflow/example_dags/example_sla_dag.py
[2025-02-27T23:48:39.972+0000] {logging_mixin.py:120} INFO - [2025-02-27T23:48:39.972+0000] {dag.py:2585} INFO - Sync 1 DAGs
[2025-02-27T23:48:39.987+0000] {logging_mixin.py:120} INFO - [2025-02-27T23:48:39.987+0000] {dag.py:3340} INFO - Setting next_dagrun for example_sla_dag to 2025-02-27T23:46:00+00:00, run_after=2025-02-27T23:48:00+00:00
[2025-02-27T23:48:39.997+0000] {processor.py:176} INFO - Processing /home/airflow/.local/lib/python3.7/site-packages/airflow/example_dags/example_sla_dag.py took 0.064 seconds
[2025-02-27T23:49:10.878+0000] {processor.py:154} INFO - Started process (PID=321) to work on /home/airflow/.local/lib/python3.7/site-packages/airflow/example_dags/example_sla_dag.py
[2025-02-27T23:49:10.879+0000] {processor.py:756} INFO - Processing file /home/airflow/.local/lib/python3.7/site-packages/airflow/example_dags/example_sla_dag.py for tasks to queue
[2025-02-27T23:49:10.879+0000] {logging_mixin.py:120} INFO - [2025-02-27T23:49:10.879+0000] {dagbag.py:537} INFO - Filling up the DagBag from /home/airflow/.local/lib/python3.7/site-packages/airflow/example_dags/example_sla_dag.py
[2025-02-27T23:49:10.891+0000] {processor.py:766} INFO - DAG(s) dict_keys(['example_sla_dag']) retrieved from /home/airflow/.local/lib/python3.7/site-packages/airflow/example_dags/example_sla_dag.py
[2025-02-27T23:49:10.913+0000] {logging_mixin.py:120} INFO - [2025-02-27T23:49:10.913+0000] {dag.py:2585} INFO - Sync 1 DAGs
[2025-02-27T23:49:10.930+0000] {logging_mixin.py:120} INFO - [2025-02-27T23:49:10.929+0000] {dag.py:3340} INFO - Setting next_dagrun for example_sla_dag to 2025-02-27T23:46:00+00:00, run_after=2025-02-27T23:48:00+00:00
[2025-02-27T23:49:10.940+0000] {processor.py:176} INFO - Processing /home/airflow/.local/lib/python3.7/site-packages/airflow/example_dags/example_sla_dag.py took 0.063 seconds
[2025-02-27T23:49:41.671+0000] {processor.py:154} INFO - Started process (PID=385) to work on /home/airflow/.local/lib/python3.7/site-packages/airflow/example_dags/example_sla_dag.py
[2025-02-27T23:49:41.672+0000] {processor.py:756} INFO - Processing file /home/airflow/.local/lib/python3.7/site-packages/airflow/example_dags/example_sla_dag.py for tasks to queue
[2025-02-27T23:49:41.672+0000] {logging_mixin.py:120} INFO - [2025-02-27T23:49:41.672+0000] {dagbag.py:537} INFO - Filling up the DagBag from /home/airflow/.local/lib/python3.7/site-packages/airflow/example_dags/example_sla_dag.py
[2025-02-27T23:49:41.684+0000] {processor.py:766} INFO - DAG(s) dict_keys(['example_sla_dag']) retrieved from /home/airflow/.local/lib/python3.7/site-packages/airflow/example_dags/example_sla_dag.py
[2025-02-27T23:49:41.703+0000] {logging_mixin.py:120} INFO - [2025-02-27T23:49:41.703+0000] {dag.py:2585} INFO - Sync 1 DAGs
[2025-02-27T23:49:41.717+0000] {logging_mixin.py:120} INFO - [2025-02-27T23:49:41.717+0000] {dag.py:3340} INFO - Setting next_dagrun for example_sla_dag to 2025-02-27T23:46:00+00:00, run_after=2025-02-27T23:48:00+00:00
[2025-02-27T23:49:41.726+0000] {processor.py:176} INFO - Processing /home/airflow/.local/lib/python3.7/site-packages/airflow/example_dags/example_sla_dag.py took 0.057 seconds
[2025-02-27T23:50:12.479+0000] {processor.py:154} INFO - Started process (PID=449) to work on /home/airflow/.local/lib/python3.7/site-packages/airflow/example_dags/example_sla_dag.py
[2025-02-27T23:50:12.479+0000] {processor.py:756} INFO - Processing file /home/airflow/.local/lib/python3.7/site-packages/airflow/example_dags/example_sla_dag.py for tasks to queue
[2025-02-27T23:50:12.480+0000] {logging_mixin.py:120} INFO - [2025-02-27T23:50:12.480+0000] {dagbag.py:537} INFO - Filling up the DagBag from /home/airflow/.local/lib/python3.7/site-packages/airflow/example_dags/example_sla_dag.py
[2025-02-27T23:50:12.493+0000] {processor.py:766} INFO - DAG(s) dict_keys(['example_sla_dag']) retrieved from /home/airflow/.local/lib/python3.7/site-packages/airflow/example_dags/example_sla_dag.py
[2025-02-27T23:50:12.514+0000] {logging_mixin.py:120} INFO - [2025-02-27T23:50:12.514+0000] {dag.py:2585} INFO - Sync 1 DAGs
[2025-02-27T23:50:12.531+0000] {logging_mixin.py:120} INFO - [2025-02-27T23:50:12.531+0000] {dag.py:3340} INFO - Setting next_dagrun for example_sla_dag to 2025-02-27T23:48:00+00:00, run_after=2025-02-27T23:50:00+00:00
[2025-02-27T23:50:12.541+0000] {processor.py:176} INFO - Processing /home/airflow/.local/lib/python3.7/site-packages/airflow/example_dags/example_sla_dag.py took 0.064 seconds
[2025-02-27T23:50:43.373+0000] {processor.py:154} INFO - Started process (PID=504) to work on /home/airflow/.local/lib/python3.7/site-packages/airflow/example_dags/example_sla_dag.py
[2025-02-27T23:50:43.374+0000] {processor.py:756} INFO - Processing file /home/airflow/.local/lib/python3.7/site-packages/airflow/example_dags/example_sla_dag.py for tasks to queue
[2025-02-27T23:50:43.374+0000] {logging_mixin.py:120} INFO - [2025-02-27T23:50:43.374+0000] {dagbag.py:537} INFO - Filling up the DagBag from /home/airflow/.local/lib/python3.7/site-packages/airflow/example_dags/example_sla_dag.py
[2025-02-27T23:50:43.386+0000] {processor.py:766} INFO - DAG(s) dict_keys(['example_sla_dag']) retrieved from /home/airflow/.local/lib/python3.7/site-packages/airflow/example_dags/example_sla_dag.py
[2025-02-27T23:50:43.407+0000] {logging_mixin.py:120} INFO - [2025-02-27T23:50:43.406+0000] {dag.py:2585} INFO - Sync 1 DAGs
[2025-02-27T23:50:43.421+0000] {logging_mixin.py:120} INFO - [2025-02-27T23:50:43.420+0000] {dag.py:3340} INFO - Setting next_dagrun for example_sla_dag to 2025-02-27T23:48:00+00:00, run_after=2025-02-27T23:50:00+00:00
[2025-02-27T23:50:43.430+0000] {processor.py:176} INFO - Processing /home/airflow/.local/lib/python3.7/site-packages/airflow/example_dags/example_sla_dag.py took 0.059 seconds
[2025-02-27T23:51:14.235+0000] {processor.py:154} INFO - Started process (PID=568) to work on /home/airflow/.local/lib/python3.7/site-packages/airflow/example_dags/example_sla_dag.py
[2025-02-27T23:51:14.236+0000] {processor.py:756} INFO - Processing file /home/airflow/.local/lib/python3.7/site-packages/airflow/example_dags/example_sla_dag.py for tasks to queue
[2025-02-27T23:51:14.237+0000] {logging_mixin.py:120} INFO - [2025-02-27T23:51:14.236+0000] {dagbag.py:537} INFO - Filling up the DagBag from /home/airflow/.local/lib/python3.7/site-packages/airflow/example_dags/example_sla_dag.py
[2025-02-27T23:51:14.248+0000] {processor.py:766} INFO - DAG(s) dict_keys(['example_sla_dag']) retrieved from /home/airflow/.local/lib/python3.7/site-packages/airflow/example_dags/example_sla_dag.py
[2025-02-27T23:51:14.269+0000] {logging_mixin.py:120} INFO - [2025-02-27T23:51:14.269+0000] {dag.py:2585} INFO - Sync 1 DAGs
[2025-02-27T23:51:14.283+0000] {logging_mixin.py:120} INFO - [2025-02-27T23:51:14.283+0000] {dag.py:3340} INFO - Setting next_dagrun for example_sla_dag to 2025-02-27T23:48:00+00:00, run_after=2025-02-27T23:50:00+00:00
[2025-02-27T23:51:14.291+0000] {processor.py:176} INFO - Processing /home/airflow/.local/lib/python3.7/site-packages/airflow/example_dags/example_sla_dag.py took 0.058 seconds
[2025-02-27T23:51:45.100+0000] {processor.py:154} INFO - Started process (PID=632) to work on /home/airflow/.local/lib/python3.7/site-packages/airflow/example_dags/example_sla_dag.py
[2025-02-27T23:51:45.101+0000] {processor.py:756} INFO - Processing file /home/airflow/.local/lib/python3.7/site-packages/airflow/example_dags/example_sla_dag.py for tasks to queue
[2025-02-27T23:51:45.102+0000] {logging_mixin.py:120} INFO - [2025-02-27T23:51:45.101+0000] {dagbag.py:537} INFO - Filling up the DagBag from /home/airflow/.local/lib/python3.7/site-packages/airflow/example_dags/example_sla_dag.py
[2025-02-27T23:51:45.113+0000] {processor.py:766} INFO - DAG(s) dict_keys(['example_sla_dag']) retrieved from /home/airflow/.local/lib/python3.7/site-packages/airflow/example_dags/example_sla_dag.py
[2025-02-27T23:51:45.134+0000] {logging_mixin.py:120} INFO - [2025-02-27T23:51:45.133+0000] {dag.py:2585} INFO - Sync 1 DAGs
[2025-02-27T23:51:45.148+0000] {logging_mixin.py:120} INFO - [2025-02-27T23:51:45.148+0000] {dag.py:3340} INFO - Setting next_dagrun for example_sla_dag to 2025-02-27T23:48:00+00:00, run_after=2025-02-27T23:50:00+00:00
[2025-02-27T23:51:45.158+0000] {processor.py:176} INFO - Processing /home/airflow/.local/lib/python3.7/site-packages/airflow/example_dags/example_sla_dag.py took 0.060 seconds
[2025-02-27T23:52:15.962+0000] {processor.py:154} INFO - Started process (PID=696) to work on /home/airflow/.local/lib/python3.7/site-packages/airflow/example_dags/example_sla_dag.py
[2025-02-27T23:52:15.963+0000] {processor.py:756} INFO - Processing file /home/airflow/.local/lib/python3.7/site-packages/airflow/example_dags/example_sla_dag.py for tasks to queue
[2025-02-27T23:52:15.964+0000] {logging_mixin.py:120} INFO - [2025-02-27T23:52:15.964+0000] {dagbag.py:537} INFO - Filling up the DagBag from /home/airflow/.local/lib/python3.7/site-packages/airflow/example_dags/example_sla_dag.py
[2025-02-27T23:52:15.975+0000] {processor.py:766} INFO - DAG(s) dict_keys(['example_sla_dag']) retrieved from /home/airflow/.local/lib/python3.7/site-packages/airflow/example_dags/example_sla_dag.py
[2025-02-27T23:52:15.996+0000] {logging_mixin.py:120} INFO - [2025-02-27T23:52:15.996+0000] {dag.py:2585} INFO - Sync 1 DAGs
[2025-02-27T23:52:16.010+0000] {logging_mixin.py:120} INFO - [2025-02-27T23:52:16.010+0000] {dag.py:3340} INFO - Setting next_dagrun for example_sla_dag to 2025-02-27T23:50:00+00:00, run_after=2025-02-27T23:52:00+00:00
[2025-02-27T23:52:16.020+0000] {processor.py:176} INFO - Processing /home/airflow/.local/lib/python3.7/site-packages/airflow/example_dags/example_sla_dag.py took 0.060 seconds
[2025-02-27T23:52:46.786+0000] {processor.py:154} INFO - Started process (PID=759) to work on /home/airflow/.local/lib/python3.7/site-packages/airflow/example_dags/example_sla_dag.py
[2025-02-27T23:52:46.787+0000] {processor.py:756} INFO - Processing file /home/airflow/.local/lib/python3.7/site-packages/airflow/example_dags/example_sla_dag.py for tasks to queue
[2025-02-27T23:52:46.788+0000] {logging_mixin.py:120} INFO - [2025-02-27T23:52:46.787+0000] {dagbag.py:537} INFO - Filling up the DagBag from /home/airflow/.local/lib/python3.7/site-packages/airflow/example_dags/example_sla_dag.py
[2025-02-27T23:52:46.800+0000] {processor.py:766} INFO - DAG(s) dict_keys(['example_sla_dag']) retrieved from /home/airflow/.local/lib/python3.7/site-packages/airflow/example_dags/example_sla_dag.py
[2025-02-27T23:52:46.833+0000] {logging_mixin.py:120} INFO - [2025-02-27T23:52:46.833+0000] {dag.py:2585} INFO - Sync 1 DAGs
[2025-02-27T23:52:46.851+0000] {logging_mixin.py:120} INFO - [2025-02-27T23:52:46.851+0000] {dag.py:3340} INFO - Setting next_dagrun for example_sla_dag to 2025-02-27T23:50:00+00:00, run_after=2025-02-27T23:52:00+00:00
[2025-02-27T23:52:46.863+0000] {processor.py:176} INFO - Processing /home/airflow/.local/lib/python3.7/site-packages/airflow/example_dags/example_sla_dag.py took 0.079 seconds
[2025-02-27T23:53:17.556+0000] {processor.py:154} INFO - Started process (PID=821) to work on /home/airflow/.local/lib/python3.7/site-packages/airflow/example_dags/example_sla_dag.py
[2025-02-27T23:53:17.556+0000] {processor.py:756} INFO - Processing file /home/airflow/.local/lib/python3.7/site-packages/airflow/example_dags/example_sla_dag.py for tasks to queue
[2025-02-27T23:53:17.557+0000] {logging_mixin.py:120} INFO - [2025-02-27T23:53:17.557+0000] {dagbag.py:537} INFO - Filling up the DagBag from /home/airflow/.local/lib/python3.7/site-packages/airflow/example_dags/example_sla_dag.py
[2025-02-27T23:53:17.569+0000] {processor.py:766} INFO - DAG(s) dict_keys(['example_sla_dag']) retrieved from /home/airflow/.local/lib/python3.7/site-packages/airflow/example_dags/example_sla_dag.py
[2025-02-27T23:53:17.589+0000] {logging_mixin.py:120} INFO - [2025-02-27T23:53:17.589+0000] {dag.py:2585} INFO - Sync 1 DAGs
[2025-02-27T23:53:17.603+0000] {logging_mixin.py:120} INFO - [2025-02-27T23:53:17.603+0000] {dag.py:3340} INFO - Setting next_dagrun for example_sla_dag to 2025-02-27T23:50:00+00:00, run_after=2025-02-27T23:52:00+00:00
[2025-02-27T23:53:17.612+0000] {processor.py:176} INFO - Processing /home/airflow/.local/lib/python3.7/site-packages/airflow/example_dags/example_sla_dag.py took 0.058 seconds
[2025-02-27T23:53:48.459+0000] {processor.py:154} INFO - Started process (PID=885) to work on /home/airflow/.local/lib/python3.7/site-packages/airflow/example_dags/example_sla_dag.py
[2025-02-27T23:53:48.460+0000] {processor.py:756} INFO - Processing file /home/airflow/.local/lib/python3.7/site-packages/airflow/example_dags/example_sla_dag.py for tasks to queue
[2025-02-27T23:53:48.461+0000] {logging_mixin.py:120} INFO - [2025-02-27T23:53:48.461+0000] {dagbag.py:537} INFO - Filling up the DagBag from /home/airflow/.local/lib/python3.7/site-packages/airflow/example_dags/example_sla_dag.py
[2025-02-27T23:53:48.473+0000] {processor.py:766} INFO - DAG(s) dict_keys(['example_sla_dag']) retrieved from /home/airflow/.local/lib/python3.7/site-packages/airflow/example_dags/example_sla_dag.py
[2025-02-27T23:53:48.493+0000] {logging_mixin.py:120} INFO - [2025-02-27T23:53:48.493+0000] {dag.py:2585} INFO - Sync 1 DAGs
[2025-02-27T23:53:48.507+0000] {logging_mixin.py:120} INFO - [2025-02-27T23:53:48.506+0000] {dag.py:3340} INFO - Setting next_dagrun for example_sla_dag to 2025-02-27T23:50:00+00:00, run_after=2025-02-27T23:52:00+00:00
[2025-02-27T23:53:48.515+0000] {processor.py:176} INFO - Processing /home/airflow/.local/lib/python3.7/site-packages/airflow/example_dags/example_sla_dag.py took 0.058 seconds
[2025-02-27T23:54:19.442+0000] {processor.py:154} INFO - Started process (PID=948) to work on /home/airflow/.local/lib/python3.7/site-packages/airflow/example_dags/example_sla_dag.py
[2025-02-27T23:54:19.443+0000] {processor.py:756} INFO - Processing file /home/airflow/.local/lib/python3.7/site-packages/airflow/example_dags/example_sla_dag.py for tasks to queue
[2025-02-27T23:54:19.443+0000] {logging_mixin.py:120} INFO - [2025-02-27T23:54:19.443+0000] {dagbag.py:537} INFO - Filling up the DagBag from /home/airflow/.local/lib/python3.7/site-packages/airflow/example_dags/example_sla_dag.py
[2025-02-27T23:54:19.456+0000] {processor.py:766} INFO - DAG(s) dict_keys(['example_sla_dag']) retrieved from /home/airflow/.local/lib/python3.7/site-packages/airflow/example_dags/example_sla_dag.py
[2025-02-27T23:54:19.478+0000] {logging_mixin.py:120} INFO - [2025-02-27T23:54:19.478+0000] {dag.py:2585} INFO - Sync 1 DAGs
[2025-02-27T23:54:19.491+0000] {logging_mixin.py:120} INFO - [2025-02-27T23:54:19.491+0000] {dag.py:3340} INFO - Setting next_dagrun for example_sla_dag to 2025-02-27T23:52:00+00:00, run_after=2025-02-27T23:54:00+00:00
[2025-02-27T23:54:19.501+0000] {processor.py:176} INFO - Processing /home/airflow/.local/lib/python3.7/site-packages/airflow/example_dags/example_sla_dag.py took 0.061 seconds
[2025-02-27T23:54:50.255+0000] {processor.py:154} INFO - Started process (PID=1012) to work on /home/airflow/.local/lib/python3.7/site-packages/airflow/example_dags/example_sla_dag.py
[2025-02-27T23:54:50.259+0000] {processor.py:756} INFO - Processing file /home/airflow/.local/lib/python3.7/site-packages/airflow/example_dags/example_sla_dag.py for tasks to queue
[2025-02-27T23:54:50.260+0000] {logging_mixin.py:120} INFO - [2025-02-27T23:54:50.260+0000] {dagbag.py:537} INFO - Filling up the DagBag from /home/airflow/.local/lib/python3.7/site-packages/airflow/example_dags/example_sla_dag.py
[2025-02-27T23:54:50.273+0000] {processor.py:766} INFO - DAG(s) dict_keys(['example_sla_dag']) retrieved from /home/airflow/.local/lib/python3.7/site-packages/airflow/example_dags/example_sla_dag.py
[2025-02-27T23:54:50.294+0000] {logging_mixin.py:120} INFO - [2025-02-27T23:54:50.293+0000] {dag.py:2585} INFO - Sync 1 DAGs
[2025-02-27T23:54:50.310+0000] {logging_mixin.py:120} INFO - [2025-02-27T23:54:50.310+0000] {dag.py:3340} INFO - Setting next_dagrun for example_sla_dag to 2025-02-27T23:52:00+00:00, run_after=2025-02-27T23:54:00+00:00
[2025-02-27T23:54:50.322+0000] {processor.py:176} INFO - Processing /home/airflow/.local/lib/python3.7/site-packages/airflow/example_dags/example_sla_dag.py took 0.069 seconds
[2025-02-27T23:55:21.032+0000] {processor.py:154} INFO - Started process (PID=1067) to work on /home/airflow/.local/lib/python3.7/site-packages/airflow/example_dags/example_sla_dag.py
[2025-02-27T23:55:21.033+0000] {processor.py:756} INFO - Processing file /home/airflow/.local/lib/python3.7/site-packages/airflow/example_dags/example_sla_dag.py for tasks to queue
[2025-02-27T23:55:21.033+0000] {logging_mixin.py:120} INFO - [2025-02-27T23:55:21.033+0000] {dagbag.py:537} INFO - Filling up the DagBag from /home/airflow/.local/lib/python3.7/site-packages/airflow/example_dags/example_sla_dag.py
[2025-02-27T23:55:21.045+0000] {processor.py:766} INFO - DAG(s) dict_keys(['example_sla_dag']) retrieved from /home/airflow/.local/lib/python3.7/site-packages/airflow/example_dags/example_sla_dag.py
[2025-02-27T23:55:21.067+0000] {logging_mixin.py:120} INFO - [2025-02-27T23:55:21.067+0000] {dag.py:2585} INFO - Sync 1 DAGs
[2025-02-27T23:55:21.083+0000] {logging_mixin.py:120} INFO - [2025-02-27T23:55:21.083+0000] {dag.py:3340} INFO - Setting next_dagrun for example_sla_dag to 2025-02-27T23:52:00+00:00, run_after=2025-02-27T23:54:00+00:00
[2025-02-27T23:55:21.093+0000] {processor.py:176} INFO - Processing /home/airflow/.local/lib/python3.7/site-packages/airflow/example_dags/example_sla_dag.py took 0.063 seconds
[2025-02-27T23:55:51.777+0000] {processor.py:154} INFO - Started process (PID=1131) to work on /home/airflow/.local/lib/python3.7/site-packages/airflow/example_dags/example_sla_dag.py
[2025-02-27T23:55:51.778+0000] {processor.py:756} INFO - Processing file /home/airflow/.local/lib/python3.7/site-packages/airflow/example_dags/example_sla_dag.py for tasks to queue
[2025-02-27T23:55:51.778+0000] {logging_mixin.py:120} INFO - [2025-02-27T23:55:51.778+0000] {dagbag.py:537} INFO - Filling up the DagBag from /home/airflow/.local/lib/python3.7/site-packages/airflow/example_dags/example_sla_dag.py
[2025-02-27T23:55:51.790+0000] {processor.py:766} INFO - DAG(s) dict_keys(['example_sla_dag']) retrieved from /home/airflow/.local/lib/python3.7/site-packages/airflow/example_dags/example_sla_dag.py
[2025-02-27T23:55:51.812+0000] {logging_mixin.py:120} INFO - [2025-02-27T23:55:51.812+0000] {dag.py:2585} INFO - Sync 1 DAGs
[2025-02-27T23:55:51.825+0000] {logging_mixin.py:120} INFO - [2025-02-27T23:55:51.825+0000] {dag.py:3340} INFO - Setting next_dagrun for example_sla_dag to 2025-02-27T23:52:00+00:00, run_after=2025-02-27T23:54:00+00:00
[2025-02-27T23:55:51.836+0000] {processor.py:176} INFO - Processing /home/airflow/.local/lib/python3.7/site-packages/airflow/example_dags/example_sla_dag.py took 0.061 seconds
[2025-02-27T23:56:22.548+0000] {processor.py:154} INFO - Started process (PID=1195) to work on /home/airflow/.local/lib/python3.7/site-packages/airflow/example_dags/example_sla_dag.py
[2025-02-27T23:56:22.550+0000] {processor.py:756} INFO - Processing file /home/airflow/.local/lib/python3.7/site-packages/airflow/example_dags/example_sla_dag.py for tasks to queue
[2025-02-27T23:56:22.551+0000] {logging_mixin.py:120} INFO - [2025-02-27T23:56:22.551+0000] {dagbag.py:537} INFO - Filling up the DagBag from /home/airflow/.local/lib/python3.7/site-packages/airflow/example_dags/example_sla_dag.py
[2025-02-27T23:56:22.564+0000] {processor.py:766} INFO - DAG(s) dict_keys(['example_sla_dag']) retrieved from /home/airflow/.local/lib/python3.7/site-packages/airflow/example_dags/example_sla_dag.py
[2025-02-27T23:56:22.587+0000] {logging_mixin.py:120} INFO - [2025-02-27T23:56:22.586+0000] {dag.py:2585} INFO - Sync 1 DAGs
[2025-02-27T23:56:22.601+0000] {logging_mixin.py:120} INFO - [2025-02-27T23:56:22.601+0000] {dag.py:3340} INFO - Setting next_dagrun for example_sla_dag to 2025-02-27T23:54:00+00:00, run_after=2025-02-27T23:56:00+00:00
[2025-02-27T23:56:22.614+0000] {processor.py:176} INFO - Processing /home/airflow/.local/lib/python3.7/site-packages/airflow/example_dags/example_sla_dag.py took 0.067 seconds
[2025-02-27T23:56:53.376+0000] {processor.py:154} INFO - Started process (PID=1259) to work on /home/airflow/.local/lib/python3.7/site-packages/airflow/example_dags/example_sla_dag.py
[2025-02-27T23:56:53.376+0000] {processor.py:756} INFO - Processing file /home/airflow/.local/lib/python3.7/site-packages/airflow/example_dags/example_sla_dag.py for tasks to queue
[2025-02-27T23:56:53.377+0000] {logging_mixin.py:120} INFO - [2025-02-27T23:56:53.377+0000] {dagbag.py:537} INFO - Filling up the DagBag from /home/airflow/.local/lib/python3.7/site-packages/airflow/example_dags/example_sla_dag.py
[2025-02-27T23:56:53.389+0000] {processor.py:766} INFO - DAG(s) dict_keys(['example_sla_dag']) retrieved from /home/airflow/.local/lib/python3.7/site-packages/airflow/example_dags/example_sla_dag.py
[2025-02-27T23:56:53.411+0000] {logging_mixin.py:120} INFO - [2025-02-27T23:56:53.411+0000] {dag.py:2585} INFO - Sync 1 DAGs
[2025-02-27T23:56:53.425+0000] {logging_mixin.py:120} INFO - [2025-02-27T23:56:53.425+0000] {dag.py:3340} INFO - Setting next_dagrun for example_sla_dag to 2025-02-27T23:54:00+00:00, run_after=2025-02-27T23:56:00+00:00
[2025-02-27T23:56:53.435+0000] {processor.py:176} INFO - Processing /home/airflow/.local/lib/python3.7/site-packages/airflow/example_dags/example_sla_dag.py took 0.061 seconds
[2025-02-27T23:57:24.323+0000] {processor.py:154} INFO - Started process (PID=1323) to work on /home/airflow/.local/lib/python3.7/site-packages/airflow/example_dags/example_sla_dag.py
[2025-02-27T23:57:24.324+0000] {processor.py:756} INFO - Processing file /home/airflow/.local/lib/python3.7/site-packages/airflow/example_dags/example_sla_dag.py for tasks to queue
[2025-02-27T23:57:24.324+0000] {logging_mixin.py:120} INFO - [2025-02-27T23:57:24.324+0000] {dagbag.py:537} INFO - Filling up the DagBag from /home/airflow/.local/lib/python3.7/site-packages/airflow/example_dags/example_sla_dag.py
[2025-02-27T23:57:24.337+0000] {processor.py:766} INFO - DAG(s) dict_keys(['example_sla_dag']) retrieved from /home/airflow/.local/lib/python3.7/site-packages/airflow/example_dags/example_sla_dag.py
[2025-02-27T23:57:24.357+0000] {logging_mixin.py:120} INFO - [2025-02-27T23:57:24.357+0000] {dag.py:2585} INFO - Sync 1 DAGs
[2025-02-27T23:57:24.372+0000] {logging_mixin.py:120} INFO - [2025-02-27T23:57:24.372+0000] {dag.py:3340} INFO - Setting next_dagrun for example_sla_dag to 2025-02-27T23:54:00+00:00, run_after=2025-02-27T23:56:00+00:00
[2025-02-27T23:57:24.382+0000] {processor.py:176} INFO - Processing /home/airflow/.local/lib/python3.7/site-packages/airflow/example_dags/example_sla_dag.py took 0.061 seconds
[2025-02-27T23:57:55.182+0000] {processor.py:154} INFO - Started process (PID=1386) to work on /home/airflow/.local/lib/python3.7/site-packages/airflow/example_dags/example_sla_dag.py
[2025-02-27T23:57:55.183+0000] {processor.py:756} INFO - Processing file /home/airflow/.local/lib/python3.7/site-packages/airflow/example_dags/example_sla_dag.py for tasks to queue
[2025-02-27T23:57:55.183+0000] {logging_mixin.py:120} INFO - [2025-02-27T23:57:55.183+0000] {dagbag.py:537} INFO - Filling up the DagBag from /home/airflow/.local/lib/python3.7/site-packages/airflow/example_dags/example_sla_dag.py
[2025-02-27T23:57:55.195+0000] {processor.py:766} INFO - DAG(s) dict_keys(['example_sla_dag']) retrieved from /home/airflow/.local/lib/python3.7/site-packages/airflow/example_dags/example_sla_dag.py
[2025-02-27T23:57:55.218+0000] {logging_mixin.py:120} INFO - [2025-02-27T23:57:55.218+0000] {dag.py:2585} INFO - Sync 1 DAGs
[2025-02-27T23:57:55.232+0000] {logging_mixin.py:120} INFO - [2025-02-27T23:57:55.232+0000] {dag.py:3340} INFO - Setting next_dagrun for example_sla_dag to 2025-02-27T23:54:00+00:00, run_after=2025-02-27T23:56:00+00:00
[2025-02-27T23:57:55.243+0000] {processor.py:176} INFO - Processing /home/airflow/.local/lib/python3.7/site-packages/airflow/example_dags/example_sla_dag.py took 0.064 seconds
[2025-02-27T23:58:25.999+0000] {processor.py:154} INFO - Started process (PID=1449) to work on /home/airflow/.local/lib/python3.7/site-packages/airflow/example_dags/example_sla_dag.py
[2025-02-27T23:58:26.000+0000] {processor.py:756} INFO - Processing file /home/airflow/.local/lib/python3.7/site-packages/airflow/example_dags/example_sla_dag.py for tasks to queue
[2025-02-27T23:58:26.000+0000] {logging_mixin.py:120} INFO - [2025-02-27T23:58:26.000+0000] {dagbag.py:537} INFO - Filling up the DagBag from /home/airflow/.local/lib/python3.7/site-packages/airflow/example_dags/example_sla_dag.py
[2025-02-27T23:58:26.013+0000] {processor.py:766} INFO - DAG(s) dict_keys(['example_sla_dag']) retrieved from /home/airflow/.local/lib/python3.7/site-packages/airflow/example_dags/example_sla_dag.py
[2025-02-27T23:58:26.034+0000] {logging_mixin.py:120} INFO - [2025-02-27T23:58:26.034+0000] {dag.py:2585} INFO - Sync 1 DAGs
[2025-02-27T23:58:26.049+0000] {logging_mixin.py:120} INFO - [2025-02-27T23:58:26.049+0000] {dag.py:3340} INFO - Setting next_dagrun for example_sla_dag to 2025-02-27T23:56:00+00:00, run_after=2025-02-27T23:58:00+00:00
[2025-02-27T23:58:26.059+0000] {processor.py:176} INFO - Processing /home/airflow/.local/lib/python3.7/site-packages/airflow/example_dags/example_sla_dag.py took 0.062 seconds
[2025-02-27T23:58:56.707+0000] {processor.py:154} INFO - Started process (PID=1513) to work on /home/airflow/.local/lib/python3.7/site-packages/airflow/example_dags/example_sla_dag.py
[2025-02-27T23:58:56.708+0000] {processor.py:756} INFO - Processing file /home/airflow/.local/lib/python3.7/site-packages/airflow/example_dags/example_sla_dag.py for tasks to queue
[2025-02-27T23:58:56.708+0000] {logging_mixin.py:120} INFO - [2025-02-27T23:58:56.708+0000] {dagbag.py:537} INFO - Filling up the DagBag from /home/airflow/.local/lib/python3.7/site-packages/airflow/example_dags/example_sla_dag.py
[2025-02-27T23:58:56.718+0000] {processor.py:766} INFO - DAG(s) dict_keys(['example_sla_dag']) retrieved from /home/airflow/.local/lib/python3.7/site-packages/airflow/example_dags/example_sla_dag.py
[2025-02-27T23:58:56.738+0000] {logging_mixin.py:120} INFO - [2025-02-27T23:58:56.738+0000] {dag.py:2585} INFO - Sync 1 DAGs
[2025-02-27T23:58:56.752+0000] {logging_mixin.py:120} INFO - [2025-02-27T23:58:56.752+0000] {dag.py:3340} INFO - Setting next_dagrun for example_sla_dag to 2025-02-27T23:56:00+00:00, run_after=2025-02-27T23:58:00+00:00
[2025-02-27T23:58:56.762+0000] {processor.py:176} INFO - Processing /home/airflow/.local/lib/python3.7/site-packages/airflow/example_dags/example_sla_dag.py took 0.057 seconds
[2025-02-27T23:59:27.465+0000] {processor.py:154} INFO - Started process (PID=1568) to work on /home/airflow/.local/lib/python3.7/site-packages/airflow/example_dags/example_sla_dag.py
[2025-02-27T23:59:27.466+0000] {processor.py:756} INFO - Processing file /home/airflow/.local/lib/python3.7/site-packages/airflow/example_dags/example_sla_dag.py for tasks to queue
[2025-02-27T23:59:27.467+0000] {logging_mixin.py:120} INFO - [2025-02-27T23:59:27.466+0000] {dagbag.py:537} INFO - Filling up the DagBag from /home/airflow/.local/lib/python3.7/site-packages/airflow/example_dags/example_sla_dag.py
[2025-02-27T23:59:27.479+0000] {processor.py:766} INFO - DAG(s) dict_keys(['example_sla_dag']) retrieved from /home/airflow/.local/lib/python3.7/site-packages/airflow/example_dags/example_sla_dag.py
[2025-02-27T23:59:27.501+0000] {logging_mixin.py:120} INFO - [2025-02-27T23:59:27.501+0000] {dag.py:2585} INFO - Sync 1 DAGs
[2025-02-27T23:59:27.516+0000] {logging_mixin.py:120} INFO - [2025-02-27T23:59:27.516+0000] {dag.py:3340} INFO - Setting next_dagrun for example_sla_dag to 2025-02-27T23:56:00+00:00, run_after=2025-02-27T23:58:00+00:00
[2025-02-27T23:59:27.525+0000] {processor.py:176} INFO - Processing /home/airflow/.local/lib/python3.7/site-packages/airflow/example_dags/example_sla_dag.py took 0.062 seconds
[2025-02-27T23:59:58.311+0000] {processor.py:154} INFO - Started process (PID=1632) to work on /home/airflow/.local/lib/python3.7/site-packages/airflow/example_dags/example_sla_dag.py
[2025-02-27T23:59:58.312+0000] {processor.py:756} INFO - Processing file /home/airflow/.local/lib/python3.7/site-packages/airflow/example_dags/example_sla_dag.py for tasks to queue
[2025-02-27T23:59:58.314+0000] {logging_mixin.py:120} INFO - [2025-02-27T23:59:58.314+0000] {dagbag.py:537} INFO - Filling up the DagBag from /home/airflow/.local/lib/python3.7/site-packages/airflow/example_dags/example_sla_dag.py
[2025-02-27T23:59:58.326+0000] {processor.py:766} INFO - DAG(s) dict_keys(['example_sla_dag']) retrieved from /home/airflow/.local/lib/python3.7/site-packages/airflow/example_dags/example_sla_dag.py
[2025-02-27T23:59:58.347+0000] {logging_mixin.py:120} INFO - [2025-02-27T23:59:58.347+0000] {dag.py:2585} INFO - Sync 1 DAGs
[2025-02-27T23:59:58.388+0000] {logging_mixin.py:120} INFO - [2025-02-27T23:59:58.388+0000] {dag.py:3340} INFO - Setting next_dagrun for example_sla_dag to 2025-02-27T23:56:00+00:00, run_after=2025-02-27T23:58:00+00:00
[2025-02-27T23:59:58.397+0000] {processor.py:176} INFO - Processing /home/airflow/.local/lib/python3.7/site-packages/airflow/example_dags/example_sla_dag.py took 0.088 seconds
