[2025-02-27T23:47:06.146+0000] {processor.py:154} INFO - Started process (PID=49) to work on /home/airflow/.local/lib/python3.7/site-packages/airflow/example_dags/example_trigger_target_dag.py
[2025-02-27T23:47:06.147+0000] {processor.py:756} INFO - Processing file /home/airflow/.local/lib/python3.7/site-packages/airflow/example_dags/example_trigger_target_dag.py for tasks to queue
[2025-02-27T23:47:06.147+0000] {logging_mixin.py:120} INFO - [2025-02-27T23:47:06.147+0000] {dagbag.py:537} INFO - Filling up the DagBag from /home/airflow/.local/lib/python3.7/site-packages/airflow/example_dags/example_trigger_target_dag.py
[2025-02-27T23:47:06.168+0000] {processor.py:766} INFO - DAG(s) dict_keys(['example_trigger_target_dag']) retrieved from /home/airflow/.local/lib/python3.7/site-packages/airflow/example_dags/example_trigger_target_dag.py
[2025-02-27T23:47:06.208+0000] {logging_mixin.py:120} INFO - [2025-02-27T23:47:06.207+0000] {dag.py:2585} INFO - Sync 1 DAGs
[2025-02-27T23:47:06.234+0000] {logging_mixin.py:120} INFO - [2025-02-27T23:47:06.234+0000] {dag.py:3340} INFO - Setting next_dagrun for example_trigger_target_dag to None, run_after=None
[2025-02-27T23:47:06.254+0000] {processor.py:176} INFO - Processing /home/airflow/.local/lib/python3.7/site-packages/airflow/example_dags/example_trigger_target_dag.py took 0.112 seconds
[2025-02-27T23:47:36.473+0000] {processor.py:154} INFO - Started process (PID=113) to work on /home/airflow/.local/lib/python3.7/site-packages/airflow/example_dags/example_trigger_target_dag.py
[2025-02-27T23:47:36.473+0000] {processor.py:756} INFO - Processing file /home/airflow/.local/lib/python3.7/site-packages/airflow/example_dags/example_trigger_target_dag.py for tasks to queue
[2025-02-27T23:47:36.474+0000] {logging_mixin.py:120} INFO - [2025-02-27T23:47:36.474+0000] {dagbag.py:537} INFO - Filling up the DagBag from /home/airflow/.local/lib/python3.7/site-packages/airflow/example_dags/example_trigger_target_dag.py
[2025-02-27T23:47:36.487+0000] {processor.py:766} INFO - DAG(s) dict_keys(['example_trigger_target_dag']) retrieved from /home/airflow/.local/lib/python3.7/site-packages/airflow/example_dags/example_trigger_target_dag.py
[2025-02-27T23:47:36.506+0000] {logging_mixin.py:120} INFO - [2025-02-27T23:47:36.506+0000] {dag.py:2585} INFO - Sync 1 DAGs
[2025-02-27T23:47:36.521+0000] {logging_mixin.py:120} INFO - [2025-02-27T23:47:36.521+0000] {dag.py:3340} INFO - Setting next_dagrun for example_trigger_target_dag to None, run_after=None
[2025-02-27T23:47:36.533+0000] {processor.py:176} INFO - Processing /home/airflow/.local/lib/python3.7/site-packages/airflow/example_dags/example_trigger_target_dag.py took 0.062 seconds
[2025-02-27T23:48:07.475+0000] {processor.py:154} INFO - Started process (PID=178) to work on /home/airflow/.local/lib/python3.7/site-packages/airflow/example_dags/example_trigger_target_dag.py
[2025-02-27T23:48:07.476+0000] {processor.py:756} INFO - Processing file /home/airflow/.local/lib/python3.7/site-packages/airflow/example_dags/example_trigger_target_dag.py for tasks to queue
[2025-02-27T23:48:07.477+0000] {logging_mixin.py:120} INFO - [2025-02-27T23:48:07.476+0000] {dagbag.py:537} INFO - Filling up the DagBag from /home/airflow/.local/lib/python3.7/site-packages/airflow/example_dags/example_trigger_target_dag.py
[2025-02-27T23:48:07.487+0000] {processor.py:766} INFO - DAG(s) dict_keys(['example_trigger_target_dag']) retrieved from /home/airflow/.local/lib/python3.7/site-packages/airflow/example_dags/example_trigger_target_dag.py
[2025-02-27T23:48:07.503+0000] {logging_mixin.py:120} INFO - [2025-02-27T23:48:07.503+0000] {dag.py:2585} INFO - Sync 1 DAGs
[2025-02-27T23:48:07.519+0000] {logging_mixin.py:120} INFO - [2025-02-27T23:48:07.519+0000] {dag.py:3340} INFO - Setting next_dagrun for example_trigger_target_dag to None, run_after=None
[2025-02-27T23:48:07.537+0000] {processor.py:176} INFO - Processing /home/airflow/.local/lib/python3.7/site-packages/airflow/example_dags/example_trigger_target_dag.py took 0.063 seconds
[2025-02-27T23:48:38.192+0000] {processor.py:154} INFO - Started process (PID=242) to work on /home/airflow/.local/lib/python3.7/site-packages/airflow/example_dags/example_trigger_target_dag.py
[2025-02-27T23:48:38.193+0000] {processor.py:756} INFO - Processing file /home/airflow/.local/lib/python3.7/site-packages/airflow/example_dags/example_trigger_target_dag.py for tasks to queue
[2025-02-27T23:48:38.194+0000] {logging_mixin.py:120} INFO - [2025-02-27T23:48:38.193+0000] {dagbag.py:537} INFO - Filling up the DagBag from /home/airflow/.local/lib/python3.7/site-packages/airflow/example_dags/example_trigger_target_dag.py
[2025-02-27T23:48:38.204+0000] {processor.py:766} INFO - DAG(s) dict_keys(['example_trigger_target_dag']) retrieved from /home/airflow/.local/lib/python3.7/site-packages/airflow/example_dags/example_trigger_target_dag.py
[2025-02-27T23:48:38.225+0000] {logging_mixin.py:120} INFO - [2025-02-27T23:48:38.224+0000] {dag.py:2585} INFO - Sync 1 DAGs
[2025-02-27T23:48:38.237+0000] {logging_mixin.py:120} INFO - [2025-02-27T23:48:38.237+0000] {dag.py:3340} INFO - Setting next_dagrun for example_trigger_target_dag to None, run_after=None
[2025-02-27T23:48:38.247+0000] {processor.py:176} INFO - Processing /home/airflow/.local/lib/python3.7/site-packages/airflow/example_dags/example_trigger_target_dag.py took 0.057 seconds
[2025-02-27T23:49:09.115+0000] {processor.py:154} INFO - Started process (PID=306) to work on /home/airflow/.local/lib/python3.7/site-packages/airflow/example_dags/example_trigger_target_dag.py
[2025-02-27T23:49:09.116+0000] {processor.py:756} INFO - Processing file /home/airflow/.local/lib/python3.7/site-packages/airflow/example_dags/example_trigger_target_dag.py for tasks to queue
[2025-02-27T23:49:09.117+0000] {logging_mixin.py:120} INFO - [2025-02-27T23:49:09.117+0000] {dagbag.py:537} INFO - Filling up the DagBag from /home/airflow/.local/lib/python3.7/site-packages/airflow/example_dags/example_trigger_target_dag.py
[2025-02-27T23:49:09.127+0000] {processor.py:766} INFO - DAG(s) dict_keys(['example_trigger_target_dag']) retrieved from /home/airflow/.local/lib/python3.7/site-packages/airflow/example_dags/example_trigger_target_dag.py
[2025-02-27T23:49:09.148+0000] {logging_mixin.py:120} INFO - [2025-02-27T23:49:09.148+0000] {dag.py:2585} INFO - Sync 1 DAGs
[2025-02-27T23:49:09.160+0000] {logging_mixin.py:120} INFO - [2025-02-27T23:49:09.160+0000] {dag.py:3340} INFO - Setting next_dagrun for example_trigger_target_dag to None, run_after=None
[2025-02-27T23:49:09.170+0000] {processor.py:176} INFO - Processing /home/airflow/.local/lib/python3.7/site-packages/airflow/example_dags/example_trigger_target_dag.py took 0.057 seconds
[2025-02-27T23:49:39.978+0000] {processor.py:154} INFO - Started process (PID=361) to work on /home/airflow/.local/lib/python3.7/site-packages/airflow/example_dags/example_trigger_target_dag.py
[2025-02-27T23:49:39.979+0000] {processor.py:756} INFO - Processing file /home/airflow/.local/lib/python3.7/site-packages/airflow/example_dags/example_trigger_target_dag.py for tasks to queue
[2025-02-27T23:49:39.980+0000] {logging_mixin.py:120} INFO - [2025-02-27T23:49:39.980+0000] {dagbag.py:537} INFO - Filling up the DagBag from /home/airflow/.local/lib/python3.7/site-packages/airflow/example_dags/example_trigger_target_dag.py
[2025-02-27T23:49:39.990+0000] {processor.py:766} INFO - DAG(s) dict_keys(['example_trigger_target_dag']) retrieved from /home/airflow/.local/lib/python3.7/site-packages/airflow/example_dags/example_trigger_target_dag.py
[2025-02-27T23:49:40.010+0000] {logging_mixin.py:120} INFO - [2025-02-27T23:49:40.010+0000] {dag.py:2585} INFO - Sync 1 DAGs
[2025-02-27T23:49:40.022+0000] {logging_mixin.py:120} INFO - [2025-02-27T23:49:40.022+0000] {dag.py:3340} INFO - Setting next_dagrun for example_trigger_target_dag to None, run_after=None
[2025-02-27T23:49:40.031+0000] {processor.py:176} INFO - Processing /home/airflow/.local/lib/python3.7/site-packages/airflow/example_dags/example_trigger_target_dag.py took 0.055 seconds
[2025-02-27T23:50:10.745+0000] {processor.py:154} INFO - Started process (PID=425) to work on /home/airflow/.local/lib/python3.7/site-packages/airflow/example_dags/example_trigger_target_dag.py
[2025-02-27T23:50:10.746+0000] {processor.py:756} INFO - Processing file /home/airflow/.local/lib/python3.7/site-packages/airflow/example_dags/example_trigger_target_dag.py for tasks to queue
[2025-02-27T23:50:10.747+0000] {logging_mixin.py:120} INFO - [2025-02-27T23:50:10.747+0000] {dagbag.py:537} INFO - Filling up the DagBag from /home/airflow/.local/lib/python3.7/site-packages/airflow/example_dags/example_trigger_target_dag.py
[2025-02-27T23:50:10.757+0000] {processor.py:766} INFO - DAG(s) dict_keys(['example_trigger_target_dag']) retrieved from /home/airflow/.local/lib/python3.7/site-packages/airflow/example_dags/example_trigger_target_dag.py
[2025-02-27T23:50:10.778+0000] {logging_mixin.py:120} INFO - [2025-02-27T23:50:10.778+0000] {dag.py:2585} INFO - Sync 1 DAGs
[2025-02-27T23:50:10.790+0000] {logging_mixin.py:120} INFO - [2025-02-27T23:50:10.790+0000] {dag.py:3340} INFO - Setting next_dagrun for example_trigger_target_dag to None, run_after=None
[2025-02-27T23:50:10.801+0000] {processor.py:176} INFO - Processing /home/airflow/.local/lib/python3.7/site-packages/airflow/example_dags/example_trigger_target_dag.py took 0.058 seconds
[2025-02-27T23:50:41.662+0000] {processor.py:154} INFO - Started process (PID=489) to work on /home/airflow/.local/lib/python3.7/site-packages/airflow/example_dags/example_trigger_target_dag.py
[2025-02-27T23:50:41.663+0000] {processor.py:756} INFO - Processing file /home/airflow/.local/lib/python3.7/site-packages/airflow/example_dags/example_trigger_target_dag.py for tasks to queue
[2025-02-27T23:50:41.663+0000] {logging_mixin.py:120} INFO - [2025-02-27T23:50:41.663+0000] {dagbag.py:537} INFO - Filling up the DagBag from /home/airflow/.local/lib/python3.7/site-packages/airflow/example_dags/example_trigger_target_dag.py
[2025-02-27T23:50:41.674+0000] {processor.py:766} INFO - DAG(s) dict_keys(['example_trigger_target_dag']) retrieved from /home/airflow/.local/lib/python3.7/site-packages/airflow/example_dags/example_trigger_target_dag.py
[2025-02-27T23:50:41.697+0000] {logging_mixin.py:120} INFO - [2025-02-27T23:50:41.697+0000] {dag.py:2585} INFO - Sync 1 DAGs
[2025-02-27T23:50:41.709+0000] {logging_mixin.py:120} INFO - [2025-02-27T23:50:41.708+0000] {dag.py:3340} INFO - Setting next_dagrun for example_trigger_target_dag to None, run_after=None
[2025-02-27T23:50:41.719+0000] {processor.py:176} INFO - Processing /home/airflow/.local/lib/python3.7/site-packages/airflow/example_dags/example_trigger_target_dag.py took 0.058 seconds
[2025-02-27T23:51:12.515+0000] {processor.py:154} INFO - Started process (PID=553) to work on /home/airflow/.local/lib/python3.7/site-packages/airflow/example_dags/example_trigger_target_dag.py
[2025-02-27T23:51:12.516+0000] {processor.py:756} INFO - Processing file /home/airflow/.local/lib/python3.7/site-packages/airflow/example_dags/example_trigger_target_dag.py for tasks to queue
[2025-02-27T23:51:12.516+0000] {logging_mixin.py:120} INFO - [2025-02-27T23:51:12.516+0000] {dagbag.py:537} INFO - Filling up the DagBag from /home/airflow/.local/lib/python3.7/site-packages/airflow/example_dags/example_trigger_target_dag.py
[2025-02-27T23:51:12.526+0000] {processor.py:766} INFO - DAG(s) dict_keys(['example_trigger_target_dag']) retrieved from /home/airflow/.local/lib/python3.7/site-packages/airflow/example_dags/example_trigger_target_dag.py
[2025-02-27T23:51:12.546+0000] {logging_mixin.py:120} INFO - [2025-02-27T23:51:12.546+0000] {dag.py:2585} INFO - Sync 1 DAGs
[2025-02-27T23:51:12.560+0000] {logging_mixin.py:120} INFO - [2025-02-27T23:51:12.560+0000] {dag.py:3340} INFO - Setting next_dagrun for example_trigger_target_dag to None, run_after=None
[2025-02-27T23:51:12.570+0000] {processor.py:176} INFO - Processing /home/airflow/.local/lib/python3.7/site-packages/airflow/example_dags/example_trigger_target_dag.py took 0.057 seconds
[2025-02-27T23:51:43.317+0000] {processor.py:154} INFO - Started process (PID=617) to work on /home/airflow/.local/lib/python3.7/site-packages/airflow/example_dags/example_trigger_target_dag.py
[2025-02-27T23:51:43.318+0000] {processor.py:756} INFO - Processing file /home/airflow/.local/lib/python3.7/site-packages/airflow/example_dags/example_trigger_target_dag.py for tasks to queue
[2025-02-27T23:51:43.318+0000] {logging_mixin.py:120} INFO - [2025-02-27T23:51:43.318+0000] {dagbag.py:537} INFO - Filling up the DagBag from /home/airflow/.local/lib/python3.7/site-packages/airflow/example_dags/example_trigger_target_dag.py
[2025-02-27T23:51:43.329+0000] {processor.py:766} INFO - DAG(s) dict_keys(['example_trigger_target_dag']) retrieved from /home/airflow/.local/lib/python3.7/site-packages/airflow/example_dags/example_trigger_target_dag.py
[2025-02-27T23:51:43.350+0000] {logging_mixin.py:120} INFO - [2025-02-27T23:51:43.350+0000] {dag.py:2585} INFO - Sync 1 DAGs
[2025-02-27T23:51:43.362+0000] {logging_mixin.py:120} INFO - [2025-02-27T23:51:43.362+0000] {dag.py:3340} INFO - Setting next_dagrun for example_trigger_target_dag to None, run_after=None
[2025-02-27T23:51:43.371+0000] {processor.py:176} INFO - Processing /home/airflow/.local/lib/python3.7/site-packages/airflow/example_dags/example_trigger_target_dag.py took 0.056 seconds
[2025-02-27T23:52:14.239+0000] {processor.py:154} INFO - Started process (PID=681) to work on /home/airflow/.local/lib/python3.7/site-packages/airflow/example_dags/example_trigger_target_dag.py
[2025-02-27T23:52:14.240+0000] {processor.py:756} INFO - Processing file /home/airflow/.local/lib/python3.7/site-packages/airflow/example_dags/example_trigger_target_dag.py for tasks to queue
[2025-02-27T23:52:14.240+0000] {logging_mixin.py:120} INFO - [2025-02-27T23:52:14.240+0000] {dagbag.py:537} INFO - Filling up the DagBag from /home/airflow/.local/lib/python3.7/site-packages/airflow/example_dags/example_trigger_target_dag.py
[2025-02-27T23:52:14.250+0000] {processor.py:766} INFO - DAG(s) dict_keys(['example_trigger_target_dag']) retrieved from /home/airflow/.local/lib/python3.7/site-packages/airflow/example_dags/example_trigger_target_dag.py
[2025-02-27T23:52:14.271+0000] {logging_mixin.py:120} INFO - [2025-02-27T23:52:14.271+0000] {dag.py:2585} INFO - Sync 1 DAGs
[2025-02-27T23:52:14.284+0000] {logging_mixin.py:120} INFO - [2025-02-27T23:52:14.284+0000] {dag.py:3340} INFO - Setting next_dagrun for example_trigger_target_dag to None, run_after=None
[2025-02-27T23:52:14.293+0000] {processor.py:176} INFO - Processing /home/airflow/.local/lib/python3.7/site-packages/airflow/example_dags/example_trigger_target_dag.py took 0.056 seconds
[2025-02-27T23:52:45.073+0000] {processor.py:154} INFO - Started process (PID=744) to work on /home/airflow/.local/lib/python3.7/site-packages/airflow/example_dags/example_trigger_target_dag.py
[2025-02-27T23:52:45.074+0000] {processor.py:756} INFO - Processing file /home/airflow/.local/lib/python3.7/site-packages/airflow/example_dags/example_trigger_target_dag.py for tasks to queue
[2025-02-27T23:52:45.074+0000] {logging_mixin.py:120} INFO - [2025-02-27T23:52:45.074+0000] {dagbag.py:537} INFO - Filling up the DagBag from /home/airflow/.local/lib/python3.7/site-packages/airflow/example_dags/example_trigger_target_dag.py
[2025-02-27T23:52:45.085+0000] {processor.py:766} INFO - DAG(s) dict_keys(['example_trigger_target_dag']) retrieved from /home/airflow/.local/lib/python3.7/site-packages/airflow/example_dags/example_trigger_target_dag.py
[2025-02-27T23:52:45.105+0000] {logging_mixin.py:120} INFO - [2025-02-27T23:52:45.105+0000] {dag.py:2585} INFO - Sync 1 DAGs
[2025-02-27T23:52:45.117+0000] {logging_mixin.py:120} INFO - [2025-02-27T23:52:45.117+0000] {dag.py:3340} INFO - Setting next_dagrun for example_trigger_target_dag to None, run_after=None
[2025-02-27T23:52:45.127+0000] {processor.py:176} INFO - Processing /home/airflow/.local/lib/python3.7/site-packages/airflow/example_dags/example_trigger_target_dag.py took 0.056 seconds
[2025-02-27T23:53:15.895+0000] {processor.py:154} INFO - Started process (PID=806) to work on /home/airflow/.local/lib/python3.7/site-packages/airflow/example_dags/example_trigger_target_dag.py
[2025-02-27T23:53:15.896+0000] {processor.py:756} INFO - Processing file /home/airflow/.local/lib/python3.7/site-packages/airflow/example_dags/example_trigger_target_dag.py for tasks to queue
[2025-02-27T23:53:15.897+0000] {logging_mixin.py:120} INFO - [2025-02-27T23:53:15.896+0000] {dagbag.py:537} INFO - Filling up the DagBag from /home/airflow/.local/lib/python3.7/site-packages/airflow/example_dags/example_trigger_target_dag.py
[2025-02-27T23:53:15.909+0000] {processor.py:766} INFO - DAG(s) dict_keys(['example_trigger_target_dag']) retrieved from /home/airflow/.local/lib/python3.7/site-packages/airflow/example_dags/example_trigger_target_dag.py
[2025-02-27T23:53:15.929+0000] {logging_mixin.py:120} INFO - [2025-02-27T23:53:15.929+0000] {dag.py:2585} INFO - Sync 1 DAGs
[2025-02-27T23:53:15.943+0000] {logging_mixin.py:120} INFO - [2025-02-27T23:53:15.942+0000] {dag.py:3340} INFO - Setting next_dagrun for example_trigger_target_dag to None, run_after=None
[2025-02-27T23:53:15.952+0000] {processor.py:176} INFO - Processing /home/airflow/.local/lib/python3.7/site-packages/airflow/example_dags/example_trigger_target_dag.py took 0.059 seconds
[2025-02-27T23:53:46.747+0000] {processor.py:154} INFO - Started process (PID=870) to work on /home/airflow/.local/lib/python3.7/site-packages/airflow/example_dags/example_trigger_target_dag.py
[2025-02-27T23:53:46.747+0000] {processor.py:756} INFO - Processing file /home/airflow/.local/lib/python3.7/site-packages/airflow/example_dags/example_trigger_target_dag.py for tasks to queue
[2025-02-27T23:53:46.748+0000] {logging_mixin.py:120} INFO - [2025-02-27T23:53:46.748+0000] {dagbag.py:537} INFO - Filling up the DagBag from /home/airflow/.local/lib/python3.7/site-packages/airflow/example_dags/example_trigger_target_dag.py
[2025-02-27T23:53:46.758+0000] {processor.py:766} INFO - DAG(s) dict_keys(['example_trigger_target_dag']) retrieved from /home/airflow/.local/lib/python3.7/site-packages/airflow/example_dags/example_trigger_target_dag.py
[2025-02-27T23:53:46.780+0000] {logging_mixin.py:120} INFO - [2025-02-27T23:53:46.780+0000] {dag.py:2585} INFO - Sync 1 DAGs
[2025-02-27T23:53:46.793+0000] {logging_mixin.py:120} INFO - [2025-02-27T23:53:46.793+0000] {dag.py:3340} INFO - Setting next_dagrun for example_trigger_target_dag to None, run_after=None
[2025-02-27T23:53:46.803+0000] {processor.py:176} INFO - Processing /home/airflow/.local/lib/python3.7/site-packages/airflow/example_dags/example_trigger_target_dag.py took 0.059 seconds
[2025-02-27T23:54:17.679+0000] {processor.py:154} INFO - Started process (PID=925) to work on /home/airflow/.local/lib/python3.7/site-packages/airflow/example_dags/example_trigger_target_dag.py
[2025-02-27T23:54:17.680+0000] {processor.py:756} INFO - Processing file /home/airflow/.local/lib/python3.7/site-packages/airflow/example_dags/example_trigger_target_dag.py for tasks to queue
[2025-02-27T23:54:17.681+0000] {logging_mixin.py:120} INFO - [2025-02-27T23:54:17.681+0000] {dagbag.py:537} INFO - Filling up the DagBag from /home/airflow/.local/lib/python3.7/site-packages/airflow/example_dags/example_trigger_target_dag.py
[2025-02-27T23:54:17.691+0000] {processor.py:766} INFO - DAG(s) dict_keys(['example_trigger_target_dag']) retrieved from /home/airflow/.local/lib/python3.7/site-packages/airflow/example_dags/example_trigger_target_dag.py
[2025-02-27T23:54:17.716+0000] {logging_mixin.py:120} INFO - [2025-02-27T23:54:17.716+0000] {dag.py:2585} INFO - Sync 1 DAGs
[2025-02-27T23:54:17.732+0000] {logging_mixin.py:120} INFO - [2025-02-27T23:54:17.732+0000] {dag.py:3340} INFO - Setting next_dagrun for example_trigger_target_dag to None, run_after=None
[2025-02-27T23:54:17.743+0000] {processor.py:176} INFO - Processing /home/airflow/.local/lib/python3.7/site-packages/airflow/example_dags/example_trigger_target_dag.py took 0.066 seconds
[2025-02-27T23:54:48.566+0000] {processor.py:154} INFO - Started process (PID=988) to work on /home/airflow/.local/lib/python3.7/site-packages/airflow/example_dags/example_trigger_target_dag.py
[2025-02-27T23:54:48.567+0000] {processor.py:756} INFO - Processing file /home/airflow/.local/lib/python3.7/site-packages/airflow/example_dags/example_trigger_target_dag.py for tasks to queue
[2025-02-27T23:54:48.568+0000] {logging_mixin.py:120} INFO - [2025-02-27T23:54:48.568+0000] {dagbag.py:537} INFO - Filling up the DagBag from /home/airflow/.local/lib/python3.7/site-packages/airflow/example_dags/example_trigger_target_dag.py
[2025-02-27T23:54:48.577+0000] {processor.py:766} INFO - DAG(s) dict_keys(['example_trigger_target_dag']) retrieved from /home/airflow/.local/lib/python3.7/site-packages/airflow/example_dags/example_trigger_target_dag.py
[2025-02-27T23:54:48.598+0000] {logging_mixin.py:120} INFO - [2025-02-27T23:54:48.598+0000] {dag.py:2585} INFO - Sync 1 DAGs
[2025-02-27T23:54:48.610+0000] {logging_mixin.py:120} INFO - [2025-02-27T23:54:48.610+0000] {dag.py:3340} INFO - Setting next_dagrun for example_trigger_target_dag to None, run_after=None
[2025-02-27T23:54:48.622+0000] {processor.py:176} INFO - Processing /home/airflow/.local/lib/python3.7/site-packages/airflow/example_dags/example_trigger_target_dag.py took 0.057 seconds
[2025-02-27T23:55:19.330+0000] {processor.py:154} INFO - Started process (PID=1052) to work on /home/airflow/.local/lib/python3.7/site-packages/airflow/example_dags/example_trigger_target_dag.py
[2025-02-27T23:55:19.331+0000] {processor.py:756} INFO - Processing file /home/airflow/.local/lib/python3.7/site-packages/airflow/example_dags/example_trigger_target_dag.py for tasks to queue
[2025-02-27T23:55:19.332+0000] {logging_mixin.py:120} INFO - [2025-02-27T23:55:19.331+0000] {dagbag.py:537} INFO - Filling up the DagBag from /home/airflow/.local/lib/python3.7/site-packages/airflow/example_dags/example_trigger_target_dag.py
[2025-02-27T23:55:19.341+0000] {processor.py:766} INFO - DAG(s) dict_keys(['example_trigger_target_dag']) retrieved from /home/airflow/.local/lib/python3.7/site-packages/airflow/example_dags/example_trigger_target_dag.py
[2025-02-27T23:55:19.361+0000] {logging_mixin.py:120} INFO - [2025-02-27T23:55:19.361+0000] {dag.py:2585} INFO - Sync 1 DAGs
[2025-02-27T23:55:19.375+0000] {logging_mixin.py:120} INFO - [2025-02-27T23:55:19.375+0000] {dag.py:3340} INFO - Setting next_dagrun for example_trigger_target_dag to None, run_after=None
[2025-02-27T23:55:19.385+0000] {processor.py:176} INFO - Processing /home/airflow/.local/lib/python3.7/site-packages/airflow/example_dags/example_trigger_target_dag.py took 0.057 seconds
[2025-02-27T23:55:50.109+0000] {processor.py:154} INFO - Started process (PID=1116) to work on /home/airflow/.local/lib/python3.7/site-packages/airflow/example_dags/example_trigger_target_dag.py
[2025-02-27T23:55:50.110+0000] {processor.py:756} INFO - Processing file /home/airflow/.local/lib/python3.7/site-packages/airflow/example_dags/example_trigger_target_dag.py for tasks to queue
[2025-02-27T23:55:50.110+0000] {logging_mixin.py:120} INFO - [2025-02-27T23:55:50.110+0000] {dagbag.py:537} INFO - Filling up the DagBag from /home/airflow/.local/lib/python3.7/site-packages/airflow/example_dags/example_trigger_target_dag.py
[2025-02-27T23:55:50.120+0000] {processor.py:766} INFO - DAG(s) dict_keys(['example_trigger_target_dag']) retrieved from /home/airflow/.local/lib/python3.7/site-packages/airflow/example_dags/example_trigger_target_dag.py
[2025-02-27T23:55:50.140+0000] {logging_mixin.py:120} INFO - [2025-02-27T23:55:50.139+0000] {dag.py:2585} INFO - Sync 1 DAGs
[2025-02-27T23:55:50.151+0000] {logging_mixin.py:120} INFO - [2025-02-27T23:55:50.151+0000] {dag.py:3340} INFO - Setting next_dagrun for example_trigger_target_dag to None, run_after=None
[2025-02-27T23:55:50.161+0000] {processor.py:176} INFO - Processing /home/airflow/.local/lib/python3.7/site-packages/airflow/example_dags/example_trigger_target_dag.py took 0.053 seconds
[2025-02-27T23:56:20.883+0000] {processor.py:154} INFO - Started process (PID=1180) to work on /home/airflow/.local/lib/python3.7/site-packages/airflow/example_dags/example_trigger_target_dag.py
[2025-02-27T23:56:20.883+0000] {processor.py:756} INFO - Processing file /home/airflow/.local/lib/python3.7/site-packages/airflow/example_dags/example_trigger_target_dag.py for tasks to queue
[2025-02-27T23:56:20.884+0000] {logging_mixin.py:120} INFO - [2025-02-27T23:56:20.884+0000] {dagbag.py:537} INFO - Filling up the DagBag from /home/airflow/.local/lib/python3.7/site-packages/airflow/example_dags/example_trigger_target_dag.py
[2025-02-27T23:56:20.894+0000] {processor.py:766} INFO - DAG(s) dict_keys(['example_trigger_target_dag']) retrieved from /home/airflow/.local/lib/python3.7/site-packages/airflow/example_dags/example_trigger_target_dag.py
[2025-02-27T23:56:20.913+0000] {logging_mixin.py:120} INFO - [2025-02-27T23:56:20.913+0000] {dag.py:2585} INFO - Sync 1 DAGs
[2025-02-27T23:56:20.926+0000] {logging_mixin.py:120} INFO - [2025-02-27T23:56:20.926+0000] {dag.py:3340} INFO - Setting next_dagrun for example_trigger_target_dag to None, run_after=None
[2025-02-27T23:56:20.938+0000] {processor.py:176} INFO - Processing /home/airflow/.local/lib/python3.7/site-packages/airflow/example_dags/example_trigger_target_dag.py took 0.057 seconds
[2025-02-27T23:56:51.713+0000] {processor.py:154} INFO - Started process (PID=1244) to work on /home/airflow/.local/lib/python3.7/site-packages/airflow/example_dags/example_trigger_target_dag.py
[2025-02-27T23:56:51.715+0000] {processor.py:756} INFO - Processing file /home/airflow/.local/lib/python3.7/site-packages/airflow/example_dags/example_trigger_target_dag.py for tasks to queue
[2025-02-27T23:56:51.716+0000] {logging_mixin.py:120} INFO - [2025-02-27T23:56:51.716+0000] {dagbag.py:537} INFO - Filling up the DagBag from /home/airflow/.local/lib/python3.7/site-packages/airflow/example_dags/example_trigger_target_dag.py
[2025-02-27T23:56:51.727+0000] {processor.py:766} INFO - DAG(s) dict_keys(['example_trigger_target_dag']) retrieved from /home/airflow/.local/lib/python3.7/site-packages/airflow/example_dags/example_trigger_target_dag.py
[2025-02-27T23:56:51.748+0000] {logging_mixin.py:120} INFO - [2025-02-27T23:56:51.747+0000] {dag.py:2585} INFO - Sync 1 DAGs
[2025-02-27T23:56:51.760+0000] {logging_mixin.py:120} INFO - [2025-02-27T23:56:51.760+0000] {dag.py:3340} INFO - Setting next_dagrun for example_trigger_target_dag to None, run_after=None
[2025-02-27T23:56:51.771+0000] {processor.py:176} INFO - Processing /home/airflow/.local/lib/python3.7/site-packages/airflow/example_dags/example_trigger_target_dag.py took 0.060 seconds
[2025-02-27T23:57:22.542+0000] {processor.py:154} INFO - Started process (PID=1308) to work on /home/airflow/.local/lib/python3.7/site-packages/airflow/example_dags/example_trigger_target_dag.py
[2025-02-27T23:57:22.544+0000] {processor.py:756} INFO - Processing file /home/airflow/.local/lib/python3.7/site-packages/airflow/example_dags/example_trigger_target_dag.py for tasks to queue
[2025-02-27T23:57:22.545+0000] {logging_mixin.py:120} INFO - [2025-02-27T23:57:22.545+0000] {dagbag.py:537} INFO - Filling up the DagBag from /home/airflow/.local/lib/python3.7/site-packages/airflow/example_dags/example_trigger_target_dag.py
[2025-02-27T23:57:22.557+0000] {processor.py:766} INFO - DAG(s) dict_keys(['example_trigger_target_dag']) retrieved from /home/airflow/.local/lib/python3.7/site-packages/airflow/example_dags/example_trigger_target_dag.py
[2025-02-27T23:57:22.580+0000] {logging_mixin.py:120} INFO - [2025-02-27T23:57:22.580+0000] {dag.py:2585} INFO - Sync 1 DAGs
[2025-02-27T23:57:22.593+0000] {logging_mixin.py:120} INFO - [2025-02-27T23:57:22.593+0000] {dag.py:3340} INFO - Setting next_dagrun for example_trigger_target_dag to None, run_after=None
[2025-02-27T23:57:22.604+0000] {processor.py:176} INFO - Processing /home/airflow/.local/lib/python3.7/site-packages/airflow/example_dags/example_trigger_target_dag.py took 0.063 seconds
[2025-02-27T23:57:53.465+0000] {processor.py:154} INFO - Started process (PID=1371) to work on /home/airflow/.local/lib/python3.7/site-packages/airflow/example_dags/example_trigger_target_dag.py
[2025-02-27T23:57:53.466+0000] {processor.py:756} INFO - Processing file /home/airflow/.local/lib/python3.7/site-packages/airflow/example_dags/example_trigger_target_dag.py for tasks to queue
[2025-02-27T23:57:53.467+0000] {logging_mixin.py:120} INFO - [2025-02-27T23:57:53.467+0000] {dagbag.py:537} INFO - Filling up the DagBag from /home/airflow/.local/lib/python3.7/site-packages/airflow/example_dags/example_trigger_target_dag.py
[2025-02-27T23:57:53.479+0000] {processor.py:766} INFO - DAG(s) dict_keys(['example_trigger_target_dag']) retrieved from /home/airflow/.local/lib/python3.7/site-packages/airflow/example_dags/example_trigger_target_dag.py
[2025-02-27T23:57:53.502+0000] {logging_mixin.py:120} INFO - [2025-02-27T23:57:53.502+0000] {dag.py:2585} INFO - Sync 1 DAGs
[2025-02-27T23:57:53.516+0000] {logging_mixin.py:120} INFO - [2025-02-27T23:57:53.515+0000] {dag.py:3340} INFO - Setting next_dagrun for example_trigger_target_dag to None, run_after=None
[2025-02-27T23:57:53.526+0000] {processor.py:176} INFO - Processing /home/airflow/.local/lib/python3.7/site-packages/airflow/example_dags/example_trigger_target_dag.py took 0.063 seconds
[2025-02-27T23:58:24.287+0000] {processor.py:154} INFO - Started process (PID=1434) to work on /home/airflow/.local/lib/python3.7/site-packages/airflow/example_dags/example_trigger_target_dag.py
[2025-02-27T23:58:24.288+0000] {processor.py:756} INFO - Processing file /home/airflow/.local/lib/python3.7/site-packages/airflow/example_dags/example_trigger_target_dag.py for tasks to queue
[2025-02-27T23:58:24.288+0000] {logging_mixin.py:120} INFO - [2025-02-27T23:58:24.288+0000] {dagbag.py:537} INFO - Filling up the DagBag from /home/airflow/.local/lib/python3.7/site-packages/airflow/example_dags/example_trigger_target_dag.py
[2025-02-27T23:58:24.298+0000] {processor.py:766} INFO - DAG(s) dict_keys(['example_trigger_target_dag']) retrieved from /home/airflow/.local/lib/python3.7/site-packages/airflow/example_dags/example_trigger_target_dag.py
[2025-02-27T23:58:24.322+0000] {logging_mixin.py:120} INFO - [2025-02-27T23:58:24.321+0000] {dag.py:2585} INFO - Sync 1 DAGs
[2025-02-27T23:58:24.334+0000] {logging_mixin.py:120} INFO - [2025-02-27T23:58:24.334+0000] {dag.py:3340} INFO - Setting next_dagrun for example_trigger_target_dag to None, run_after=None
[2025-02-27T23:58:24.344+0000] {processor.py:176} INFO - Processing /home/airflow/.local/lib/python3.7/site-packages/airflow/example_dags/example_trigger_target_dag.py took 0.059 seconds
[2025-02-27T23:58:55.072+0000] {processor.py:154} INFO - Started process (PID=1489) to work on /home/airflow/.local/lib/python3.7/site-packages/airflow/example_dags/example_trigger_target_dag.py
[2025-02-27T23:58:55.073+0000] {processor.py:756} INFO - Processing file /home/airflow/.local/lib/python3.7/site-packages/airflow/example_dags/example_trigger_target_dag.py for tasks to queue
[2025-02-27T23:58:55.074+0000] {logging_mixin.py:120} INFO - [2025-02-27T23:58:55.074+0000] {dagbag.py:537} INFO - Filling up the DagBag from /home/airflow/.local/lib/python3.7/site-packages/airflow/example_dags/example_trigger_target_dag.py
[2025-02-27T23:58:55.085+0000] {processor.py:766} INFO - DAG(s) dict_keys(['example_trigger_target_dag']) retrieved from /home/airflow/.local/lib/python3.7/site-packages/airflow/example_dags/example_trigger_target_dag.py
[2025-02-27T23:58:55.106+0000] {logging_mixin.py:120} INFO - [2025-02-27T23:58:55.106+0000] {dag.py:2585} INFO - Sync 1 DAGs
[2025-02-27T23:58:55.118+0000] {logging_mixin.py:120} INFO - [2025-02-27T23:58:55.118+0000] {dag.py:3340} INFO - Setting next_dagrun for example_trigger_target_dag to None, run_after=None
[2025-02-27T23:58:55.128+0000] {processor.py:176} INFO - Processing /home/airflow/.local/lib/python3.7/site-packages/airflow/example_dags/example_trigger_target_dag.py took 0.057 seconds
[2025-02-27T23:59:25.819+0000] {processor.py:154} INFO - Started process (PID=1553) to work on /home/airflow/.local/lib/python3.7/site-packages/airflow/example_dags/example_trigger_target_dag.py
[2025-02-27T23:59:25.819+0000] {processor.py:756} INFO - Processing file /home/airflow/.local/lib/python3.7/site-packages/airflow/example_dags/example_trigger_target_dag.py for tasks to queue
[2025-02-27T23:59:25.820+0000] {logging_mixin.py:120} INFO - [2025-02-27T23:59:25.820+0000] {dagbag.py:537} INFO - Filling up the DagBag from /home/airflow/.local/lib/python3.7/site-packages/airflow/example_dags/example_trigger_target_dag.py
[2025-02-27T23:59:25.831+0000] {processor.py:766} INFO - DAG(s) dict_keys(['example_trigger_target_dag']) retrieved from /home/airflow/.local/lib/python3.7/site-packages/airflow/example_dags/example_trigger_target_dag.py
[2025-02-27T23:59:25.850+0000] {logging_mixin.py:120} INFO - [2025-02-27T23:59:25.850+0000] {dag.py:2585} INFO - Sync 1 DAGs
[2025-02-27T23:59:25.864+0000] {logging_mixin.py:120} INFO - [2025-02-27T23:59:25.864+0000] {dag.py:3340} INFO - Setting next_dagrun for example_trigger_target_dag to None, run_after=None
[2025-02-27T23:59:25.873+0000] {processor.py:176} INFO - Processing /home/airflow/.local/lib/python3.7/site-packages/airflow/example_dags/example_trigger_target_dag.py took 0.056 seconds
[2025-02-27T23:59:56.636+0000] {processor.py:154} INFO - Started process (PID=1617) to work on /home/airflow/.local/lib/python3.7/site-packages/airflow/example_dags/example_trigger_target_dag.py
[2025-02-27T23:59:56.637+0000] {processor.py:756} INFO - Processing file /home/airflow/.local/lib/python3.7/site-packages/airflow/example_dags/example_trigger_target_dag.py for tasks to queue
[2025-02-27T23:59:56.637+0000] {logging_mixin.py:120} INFO - [2025-02-27T23:59:56.637+0000] {dagbag.py:537} INFO - Filling up the DagBag from /home/airflow/.local/lib/python3.7/site-packages/airflow/example_dags/example_trigger_target_dag.py
[2025-02-27T23:59:56.647+0000] {processor.py:766} INFO - DAG(s) dict_keys(['example_trigger_target_dag']) retrieved from /home/airflow/.local/lib/python3.7/site-packages/airflow/example_dags/example_trigger_target_dag.py
[2025-02-27T23:59:56.667+0000] {logging_mixin.py:120} INFO - [2025-02-27T23:59:56.667+0000] {dag.py:2585} INFO - Sync 1 DAGs
[2025-02-27T23:59:56.679+0000] {logging_mixin.py:120} INFO - [2025-02-27T23:59:56.679+0000] {dag.py:3340} INFO - Setting next_dagrun for example_trigger_target_dag to None, run_after=None
[2025-02-27T23:59:56.688+0000] {processor.py:176} INFO - Processing /home/airflow/.local/lib/python3.7/site-packages/airflow/example_dags/example_trigger_target_dag.py took 0.054 seconds
