[2025-02-27T23:47:05.713+0000] {processor.py:154} INFO - Started process (PID=42) to work on /home/airflow/.local/lib/python3.7/site-packages/airflow/example_dags/tutorial_taskflow_api.py
[2025-02-27T23:47:05.714+0000] {processor.py:756} INFO - Processing file /home/airflow/.local/lib/python3.7/site-packages/airflow/example_dags/tutorial_taskflow_api.py for tasks to queue
[2025-02-27T23:47:05.715+0000] {logging_mixin.py:120} INFO - [2025-02-27T23:47:05.715+0000] {dagbag.py:537} INFO - Filling up the DagBag from /home/airflow/.local/lib/python3.7/site-packages/airflow/example_dags/tutorial_taskflow_api.py
[2025-02-27T23:47:05.738+0000] {processor.py:766} INFO - DAG(s) dict_keys(['tutorial_taskflow_api']) retrieved from /home/airflow/.local/lib/python3.7/site-packages/airflow/example_dags/tutorial_taskflow_api.py
[2025-02-27T23:47:05.787+0000] {logging_mixin.py:120} INFO - [2025-02-27T23:47:05.787+0000] {dag.py:2585} INFO - Sync 1 DAGs
[2025-02-27T23:47:05.815+0000] {logging_mixin.py:120} INFO - [2025-02-27T23:47:05.815+0000] {dag.py:3340} INFO - Setting next_dagrun for tutorial_taskflow_api to None, run_after=None
[2025-02-27T23:47:05.831+0000] {processor.py:176} INFO - Processing /home/airflow/.local/lib/python3.7/site-packages/airflow/example_dags/tutorial_taskflow_api.py took 0.121 seconds
[2025-02-27T23:47:36.081+0000] {processor.py:154} INFO - Started process (PID=106) to work on /home/airflow/.local/lib/python3.7/site-packages/airflow/example_dags/tutorial_taskflow_api.py
[2025-02-27T23:47:36.082+0000] {processor.py:756} INFO - Processing file /home/airflow/.local/lib/python3.7/site-packages/airflow/example_dags/tutorial_taskflow_api.py for tasks to queue
[2025-02-27T23:47:36.082+0000] {logging_mixin.py:120} INFO - [2025-02-27T23:47:36.082+0000] {dagbag.py:537} INFO - Filling up the DagBag from /home/airflow/.local/lib/python3.7/site-packages/airflow/example_dags/tutorial_taskflow_api.py
[2025-02-27T23:47:36.093+0000] {processor.py:766} INFO - DAG(s) dict_keys(['tutorial_taskflow_api']) retrieved from /home/airflow/.local/lib/python3.7/site-packages/airflow/example_dags/tutorial_taskflow_api.py
[2025-02-27T23:47:36.112+0000] {logging_mixin.py:120} INFO - [2025-02-27T23:47:36.112+0000] {dag.py:2585} INFO - Sync 1 DAGs
[2025-02-27T23:47:36.124+0000] {logging_mixin.py:120} INFO - [2025-02-27T23:47:36.124+0000] {dag.py:3340} INFO - Setting next_dagrun for tutorial_taskflow_api to None, run_after=None
[2025-02-27T23:47:36.134+0000] {processor.py:176} INFO - Processing /home/airflow/.local/lib/python3.7/site-packages/airflow/example_dags/tutorial_taskflow_api.py took 0.055 seconds
[2025-02-27T23:48:06.218+0000] {processor.py:154} INFO - Started process (PID=171) to work on /home/airflow/.local/lib/python3.7/site-packages/airflow/example_dags/tutorial_taskflow_api.py
[2025-02-27T23:48:06.219+0000] {processor.py:756} INFO - Processing file /home/airflow/.local/lib/python3.7/site-packages/airflow/example_dags/tutorial_taskflow_api.py for tasks to queue
[2025-02-27T23:48:06.220+0000] {logging_mixin.py:120} INFO - [2025-02-27T23:48:06.220+0000] {dagbag.py:537} INFO - Filling up the DagBag from /home/airflow/.local/lib/python3.7/site-packages/airflow/example_dags/tutorial_taskflow_api.py
[2025-02-27T23:48:06.231+0000] {processor.py:766} INFO - DAG(s) dict_keys(['tutorial_taskflow_api']) retrieved from /home/airflow/.local/lib/python3.7/site-packages/airflow/example_dags/tutorial_taskflow_api.py
[2025-02-27T23:48:06.244+0000] {logging_mixin.py:120} INFO - [2025-02-27T23:48:06.244+0000] {dag.py:2585} INFO - Sync 1 DAGs
[2025-02-27T23:48:06.260+0000] {logging_mixin.py:120} INFO - [2025-02-27T23:48:06.260+0000] {dag.py:3340} INFO - Setting next_dagrun for tutorial_taskflow_api to None, run_after=None
[2025-02-27T23:48:06.270+0000] {processor.py:176} INFO - Processing /home/airflow/.local/lib/python3.7/site-packages/airflow/example_dags/tutorial_taskflow_api.py took 0.053 seconds
[2025-02-27T23:48:36.879+0000] {processor.py:154} INFO - Started process (PID=235) to work on /home/airflow/.local/lib/python3.7/site-packages/airflow/example_dags/tutorial_taskflow_api.py
[2025-02-27T23:48:36.880+0000] {processor.py:756} INFO - Processing file /home/airflow/.local/lib/python3.7/site-packages/airflow/example_dags/tutorial_taskflow_api.py for tasks to queue
[2025-02-27T23:48:36.881+0000] {logging_mixin.py:120} INFO - [2025-02-27T23:48:36.881+0000] {dagbag.py:537} INFO - Filling up the DagBag from /home/airflow/.local/lib/python3.7/site-packages/airflow/example_dags/tutorial_taskflow_api.py
[2025-02-27T23:48:36.890+0000] {processor.py:766} INFO - DAG(s) dict_keys(['tutorial_taskflow_api']) retrieved from /home/airflow/.local/lib/python3.7/site-packages/airflow/example_dags/tutorial_taskflow_api.py
[2025-02-27T23:48:36.912+0000] {logging_mixin.py:120} INFO - [2025-02-27T23:48:36.912+0000] {dag.py:2585} INFO - Sync 1 DAGs
[2025-02-27T23:48:36.924+0000] {logging_mixin.py:120} INFO - [2025-02-27T23:48:36.923+0000] {dag.py:3340} INFO - Setting next_dagrun for tutorial_taskflow_api to None, run_after=None
[2025-02-27T23:48:36.933+0000] {processor.py:176} INFO - Processing /home/airflow/.local/lib/python3.7/site-packages/airflow/example_dags/tutorial_taskflow_api.py took 0.056 seconds
[2025-02-27T23:49:07.881+0000] {processor.py:154} INFO - Started process (PID=290) to work on /home/airflow/.local/lib/python3.7/site-packages/airflow/example_dags/tutorial_taskflow_api.py
[2025-02-27T23:49:07.883+0000] {processor.py:756} INFO - Processing file /home/airflow/.local/lib/python3.7/site-packages/airflow/example_dags/tutorial_taskflow_api.py for tasks to queue
[2025-02-27T23:49:07.884+0000] {logging_mixin.py:120} INFO - [2025-02-27T23:49:07.884+0000] {dagbag.py:537} INFO - Filling up the DagBag from /home/airflow/.local/lib/python3.7/site-packages/airflow/example_dags/tutorial_taskflow_api.py
[2025-02-27T23:49:07.898+0000] {processor.py:766} INFO - DAG(s) dict_keys(['tutorial_taskflow_api']) retrieved from /home/airflow/.local/lib/python3.7/site-packages/airflow/example_dags/tutorial_taskflow_api.py
[2025-02-27T23:49:07.926+0000] {logging_mixin.py:120} INFO - [2025-02-27T23:49:07.926+0000] {dag.py:2585} INFO - Sync 1 DAGs
[2025-02-27T23:49:07.943+0000] {logging_mixin.py:120} INFO - [2025-02-27T23:49:07.943+0000] {dag.py:3340} INFO - Setting next_dagrun for tutorial_taskflow_api to None, run_after=None
[2025-02-27T23:49:07.955+0000] {processor.py:176} INFO - Processing /home/airflow/.local/lib/python3.7/site-packages/airflow/example_dags/tutorial_taskflow_api.py took 0.076 seconds
[2025-02-27T23:49:38.663+0000] {processor.py:154} INFO - Started process (PID=354) to work on /home/airflow/.local/lib/python3.7/site-packages/airflow/example_dags/tutorial_taskflow_api.py
[2025-02-27T23:49:38.664+0000] {processor.py:756} INFO - Processing file /home/airflow/.local/lib/python3.7/site-packages/airflow/example_dags/tutorial_taskflow_api.py for tasks to queue
[2025-02-27T23:49:38.664+0000] {logging_mixin.py:120} INFO - [2025-02-27T23:49:38.664+0000] {dagbag.py:537} INFO - Filling up the DagBag from /home/airflow/.local/lib/python3.7/site-packages/airflow/example_dags/tutorial_taskflow_api.py
[2025-02-27T23:49:38.674+0000] {processor.py:766} INFO - DAG(s) dict_keys(['tutorial_taskflow_api']) retrieved from /home/airflow/.local/lib/python3.7/site-packages/airflow/example_dags/tutorial_taskflow_api.py
[2025-02-27T23:49:38.694+0000] {logging_mixin.py:120} INFO - [2025-02-27T23:49:38.694+0000] {dag.py:2585} INFO - Sync 1 DAGs
[2025-02-27T23:49:38.707+0000] {logging_mixin.py:120} INFO - [2025-02-27T23:49:38.707+0000] {dag.py:3340} INFO - Setting next_dagrun for tutorial_taskflow_api to None, run_after=None
[2025-02-27T23:49:38.717+0000] {processor.py:176} INFO - Processing /home/airflow/.local/lib/python3.7/site-packages/airflow/example_dags/tutorial_taskflow_api.py took 0.056 seconds
[2025-02-27T23:50:09.446+0000] {processor.py:154} INFO - Started process (PID=418) to work on /home/airflow/.local/lib/python3.7/site-packages/airflow/example_dags/tutorial_taskflow_api.py
[2025-02-27T23:50:09.446+0000] {processor.py:756} INFO - Processing file /home/airflow/.local/lib/python3.7/site-packages/airflow/example_dags/tutorial_taskflow_api.py for tasks to queue
[2025-02-27T23:50:09.447+0000] {logging_mixin.py:120} INFO - [2025-02-27T23:50:09.447+0000] {dagbag.py:537} INFO - Filling up the DagBag from /home/airflow/.local/lib/python3.7/site-packages/airflow/example_dags/tutorial_taskflow_api.py
[2025-02-27T23:50:09.456+0000] {processor.py:766} INFO - DAG(s) dict_keys(['tutorial_taskflow_api']) retrieved from /home/airflow/.local/lib/python3.7/site-packages/airflow/example_dags/tutorial_taskflow_api.py
[2025-02-27T23:50:09.477+0000] {logging_mixin.py:120} INFO - [2025-02-27T23:50:09.477+0000] {dag.py:2585} INFO - Sync 1 DAGs
[2025-02-27T23:50:09.488+0000] {logging_mixin.py:120} INFO - [2025-02-27T23:50:09.488+0000] {dag.py:3340} INFO - Setting next_dagrun for tutorial_taskflow_api to None, run_after=None
[2025-02-27T23:50:09.498+0000] {processor.py:176} INFO - Processing /home/airflow/.local/lib/python3.7/site-packages/airflow/example_dags/tutorial_taskflow_api.py took 0.054 seconds
[2025-02-27T23:50:40.431+0000] {processor.py:154} INFO - Started process (PID=482) to work on /home/airflow/.local/lib/python3.7/site-packages/airflow/example_dags/tutorial_taskflow_api.py
[2025-02-27T23:50:40.432+0000] {processor.py:756} INFO - Processing file /home/airflow/.local/lib/python3.7/site-packages/airflow/example_dags/tutorial_taskflow_api.py for tasks to queue
[2025-02-27T23:50:40.432+0000] {logging_mixin.py:120} INFO - [2025-02-27T23:50:40.432+0000] {dagbag.py:537} INFO - Filling up the DagBag from /home/airflow/.local/lib/python3.7/site-packages/airflow/example_dags/tutorial_taskflow_api.py
[2025-02-27T23:50:40.442+0000] {processor.py:766} INFO - DAG(s) dict_keys(['tutorial_taskflow_api']) retrieved from /home/airflow/.local/lib/python3.7/site-packages/airflow/example_dags/tutorial_taskflow_api.py
[2025-02-27T23:50:40.463+0000] {logging_mixin.py:120} INFO - [2025-02-27T23:50:40.463+0000] {dag.py:2585} INFO - Sync 1 DAGs
[2025-02-27T23:50:40.475+0000] {logging_mixin.py:120} INFO - [2025-02-27T23:50:40.475+0000] {dag.py:3340} INFO - Setting next_dagrun for tutorial_taskflow_api to None, run_after=None
[2025-02-27T23:50:40.484+0000] {processor.py:176} INFO - Processing /home/airflow/.local/lib/python3.7/site-packages/airflow/example_dags/tutorial_taskflow_api.py took 0.055 seconds
[2025-02-27T23:51:11.286+0000] {processor.py:154} INFO - Started process (PID=546) to work on /home/airflow/.local/lib/python3.7/site-packages/airflow/example_dags/tutorial_taskflow_api.py
[2025-02-27T23:51:11.286+0000] {processor.py:756} INFO - Processing file /home/airflow/.local/lib/python3.7/site-packages/airflow/example_dags/tutorial_taskflow_api.py for tasks to queue
[2025-02-27T23:51:11.287+0000] {logging_mixin.py:120} INFO - [2025-02-27T23:51:11.287+0000] {dagbag.py:537} INFO - Filling up the DagBag from /home/airflow/.local/lib/python3.7/site-packages/airflow/example_dags/tutorial_taskflow_api.py
[2025-02-27T23:51:11.299+0000] {processor.py:766} INFO - DAG(s) dict_keys(['tutorial_taskflow_api']) retrieved from /home/airflow/.local/lib/python3.7/site-packages/airflow/example_dags/tutorial_taskflow_api.py
[2025-02-27T23:51:11.321+0000] {logging_mixin.py:120} INFO - [2025-02-27T23:51:11.321+0000] {dag.py:2585} INFO - Sync 1 DAGs
[2025-02-27T23:51:11.334+0000] {logging_mixin.py:120} INFO - [2025-02-27T23:51:11.334+0000] {dag.py:3340} INFO - Setting next_dagrun for tutorial_taskflow_api to None, run_after=None
[2025-02-27T23:51:11.343+0000] {processor.py:176} INFO - Processing /home/airflow/.local/lib/python3.7/site-packages/airflow/example_dags/tutorial_taskflow_api.py took 0.059 seconds
[2025-02-27T23:51:42.069+0000] {processor.py:154} INFO - Started process (PID=610) to work on /home/airflow/.local/lib/python3.7/site-packages/airflow/example_dags/tutorial_taskflow_api.py
[2025-02-27T23:51:42.070+0000] {processor.py:756} INFO - Processing file /home/airflow/.local/lib/python3.7/site-packages/airflow/example_dags/tutorial_taskflow_api.py for tasks to queue
[2025-02-27T23:51:42.071+0000] {logging_mixin.py:120} INFO - [2025-02-27T23:51:42.071+0000] {dagbag.py:537} INFO - Filling up the DagBag from /home/airflow/.local/lib/python3.7/site-packages/airflow/example_dags/tutorial_taskflow_api.py
[2025-02-27T23:51:42.081+0000] {processor.py:766} INFO - DAG(s) dict_keys(['tutorial_taskflow_api']) retrieved from /home/airflow/.local/lib/python3.7/site-packages/airflow/example_dags/tutorial_taskflow_api.py
[2025-02-27T23:51:42.101+0000] {logging_mixin.py:120} INFO - [2025-02-27T23:51:42.101+0000] {dag.py:2585} INFO - Sync 1 DAGs
[2025-02-27T23:51:42.114+0000] {logging_mixin.py:120} INFO - [2025-02-27T23:51:42.114+0000] {dag.py:3340} INFO - Setting next_dagrun for tutorial_taskflow_api to None, run_after=None
[2025-02-27T23:51:42.123+0000] {processor.py:176} INFO - Processing /home/airflow/.local/lib/python3.7/site-packages/airflow/example_dags/tutorial_taskflow_api.py took 0.056 seconds
[2025-02-27T23:52:13.019+0000] {processor.py:154} INFO - Started process (PID=674) to work on /home/airflow/.local/lib/python3.7/site-packages/airflow/example_dags/tutorial_taskflow_api.py
[2025-02-27T23:52:13.020+0000] {processor.py:756} INFO - Processing file /home/airflow/.local/lib/python3.7/site-packages/airflow/example_dags/tutorial_taskflow_api.py for tasks to queue
[2025-02-27T23:52:13.020+0000] {logging_mixin.py:120} INFO - [2025-02-27T23:52:13.020+0000] {dagbag.py:537} INFO - Filling up the DagBag from /home/airflow/.local/lib/python3.7/site-packages/airflow/example_dags/tutorial_taskflow_api.py
[2025-02-27T23:52:13.031+0000] {processor.py:766} INFO - DAG(s) dict_keys(['tutorial_taskflow_api']) retrieved from /home/airflow/.local/lib/python3.7/site-packages/airflow/example_dags/tutorial_taskflow_api.py
[2025-02-27T23:52:13.051+0000] {logging_mixin.py:120} INFO - [2025-02-27T23:52:13.051+0000] {dag.py:2585} INFO - Sync 1 DAGs
[2025-02-27T23:52:13.063+0000] {logging_mixin.py:120} INFO - [2025-02-27T23:52:13.063+0000] {dag.py:3340} INFO - Setting next_dagrun for tutorial_taskflow_api to None, run_after=None
[2025-02-27T23:52:13.071+0000] {processor.py:176} INFO - Processing /home/airflow/.local/lib/python3.7/site-packages/airflow/example_dags/tutorial_taskflow_api.py took 0.054 seconds
[2025-02-27T23:52:43.805+0000] {processor.py:154} INFO - Started process (PID=737) to work on /home/airflow/.local/lib/python3.7/site-packages/airflow/example_dags/tutorial_taskflow_api.py
[2025-02-27T23:52:43.806+0000] {processor.py:756} INFO - Processing file /home/airflow/.local/lib/python3.7/site-packages/airflow/example_dags/tutorial_taskflow_api.py for tasks to queue
[2025-02-27T23:52:43.806+0000] {logging_mixin.py:120} INFO - [2025-02-27T23:52:43.806+0000] {dagbag.py:537} INFO - Filling up the DagBag from /home/airflow/.local/lib/python3.7/site-packages/airflow/example_dags/tutorial_taskflow_api.py
[2025-02-27T23:52:43.817+0000] {processor.py:766} INFO - DAG(s) dict_keys(['tutorial_taskflow_api']) retrieved from /home/airflow/.local/lib/python3.7/site-packages/airflow/example_dags/tutorial_taskflow_api.py
[2025-02-27T23:52:43.837+0000] {logging_mixin.py:120} INFO - [2025-02-27T23:52:43.837+0000] {dag.py:2585} INFO - Sync 1 DAGs
[2025-02-27T23:52:43.849+0000] {logging_mixin.py:120} INFO - [2025-02-27T23:52:43.849+0000] {dag.py:3340} INFO - Setting next_dagrun for tutorial_taskflow_api to None, run_after=None
[2025-02-27T23:52:43.861+0000] {processor.py:176} INFO - Processing /home/airflow/.local/lib/python3.7/site-packages/airflow/example_dags/tutorial_taskflow_api.py took 0.058 seconds
[2025-02-27T23:53:14.536+0000] {processor.py:154} INFO - Started process (PID=799) to work on /home/airflow/.local/lib/python3.7/site-packages/airflow/example_dags/tutorial_taskflow_api.py
[2025-02-27T23:53:14.537+0000] {processor.py:756} INFO - Processing file /home/airflow/.local/lib/python3.7/site-packages/airflow/example_dags/tutorial_taskflow_api.py for tasks to queue
[2025-02-27T23:53:14.537+0000] {logging_mixin.py:120} INFO - [2025-02-27T23:53:14.537+0000] {dagbag.py:537} INFO - Filling up the DagBag from /home/airflow/.local/lib/python3.7/site-packages/airflow/example_dags/tutorial_taskflow_api.py
[2025-02-27T23:53:14.548+0000] {processor.py:766} INFO - DAG(s) dict_keys(['tutorial_taskflow_api']) retrieved from /home/airflow/.local/lib/python3.7/site-packages/airflow/example_dags/tutorial_taskflow_api.py
[2025-02-27T23:53:14.568+0000] {logging_mixin.py:120} INFO - [2025-02-27T23:53:14.568+0000] {dag.py:2585} INFO - Sync 1 DAGs
[2025-02-27T23:53:14.580+0000] {logging_mixin.py:120} INFO - [2025-02-27T23:53:14.580+0000] {dag.py:3340} INFO - Setting next_dagrun for tutorial_taskflow_api to None, run_after=None
[2025-02-27T23:53:14.589+0000] {processor.py:176} INFO - Processing /home/airflow/.local/lib/python3.7/site-packages/airflow/example_dags/tutorial_taskflow_api.py took 0.055 seconds
[2025-02-27T23:53:45.487+0000] {processor.py:154} INFO - Started process (PID=854) to work on /home/airflow/.local/lib/python3.7/site-packages/airflow/example_dags/tutorial_taskflow_api.py
[2025-02-27T23:53:45.487+0000] {processor.py:756} INFO - Processing file /home/airflow/.local/lib/python3.7/site-packages/airflow/example_dags/tutorial_taskflow_api.py for tasks to queue
[2025-02-27T23:53:45.488+0000] {logging_mixin.py:120} INFO - [2025-02-27T23:53:45.488+0000] {dagbag.py:537} INFO - Filling up the DagBag from /home/airflow/.local/lib/python3.7/site-packages/airflow/example_dags/tutorial_taskflow_api.py
[2025-02-27T23:53:45.498+0000] {processor.py:766} INFO - DAG(s) dict_keys(['tutorial_taskflow_api']) retrieved from /home/airflow/.local/lib/python3.7/site-packages/airflow/example_dags/tutorial_taskflow_api.py
[2025-02-27T23:53:45.518+0000] {logging_mixin.py:120} INFO - [2025-02-27T23:53:45.518+0000] {dag.py:2585} INFO - Sync 1 DAGs
[2025-02-27T23:53:45.531+0000] {logging_mixin.py:120} INFO - [2025-02-27T23:53:45.531+0000] {dag.py:3340} INFO - Setting next_dagrun for tutorial_taskflow_api to None, run_after=None
[2025-02-27T23:53:45.540+0000] {processor.py:176} INFO - Processing /home/airflow/.local/lib/python3.7/site-packages/airflow/example_dags/tutorial_taskflow_api.py took 0.056 seconds
[2025-02-27T23:54:16.332+0000] {processor.py:154} INFO - Started process (PID=918) to work on /home/airflow/.local/lib/python3.7/site-packages/airflow/example_dags/tutorial_taskflow_api.py
[2025-02-27T23:54:16.333+0000] {processor.py:756} INFO - Processing file /home/airflow/.local/lib/python3.7/site-packages/airflow/example_dags/tutorial_taskflow_api.py for tasks to queue
[2025-02-27T23:54:16.334+0000] {logging_mixin.py:120} INFO - [2025-02-27T23:54:16.334+0000] {dagbag.py:537} INFO - Filling up the DagBag from /home/airflow/.local/lib/python3.7/site-packages/airflow/example_dags/tutorial_taskflow_api.py
[2025-02-27T23:54:16.345+0000] {processor.py:766} INFO - DAG(s) dict_keys(['tutorial_taskflow_api']) retrieved from /home/airflow/.local/lib/python3.7/site-packages/airflow/example_dags/tutorial_taskflow_api.py
[2025-02-27T23:54:16.367+0000] {logging_mixin.py:120} INFO - [2025-02-27T23:54:16.367+0000] {dag.py:2585} INFO - Sync 1 DAGs
[2025-02-27T23:54:16.381+0000] {logging_mixin.py:120} INFO - [2025-02-27T23:54:16.380+0000] {dag.py:3340} INFO - Setting next_dagrun for tutorial_taskflow_api to None, run_after=None
[2025-02-27T23:54:16.391+0000] {processor.py:176} INFO - Processing /home/airflow/.local/lib/python3.7/site-packages/airflow/example_dags/tutorial_taskflow_api.py took 0.061 seconds
[2025-02-27T23:54:47.253+0000] {processor.py:154} INFO - Started process (PID=981) to work on /home/airflow/.local/lib/python3.7/site-packages/airflow/example_dags/tutorial_taskflow_api.py
[2025-02-27T23:54:47.253+0000] {processor.py:756} INFO - Processing file /home/airflow/.local/lib/python3.7/site-packages/airflow/example_dags/tutorial_taskflow_api.py for tasks to queue
[2025-02-27T23:54:47.254+0000] {logging_mixin.py:120} INFO - [2025-02-27T23:54:47.254+0000] {dagbag.py:537} INFO - Filling up the DagBag from /home/airflow/.local/lib/python3.7/site-packages/airflow/example_dags/tutorial_taskflow_api.py
[2025-02-27T23:54:47.263+0000] {processor.py:766} INFO - DAG(s) dict_keys(['tutorial_taskflow_api']) retrieved from /home/airflow/.local/lib/python3.7/site-packages/airflow/example_dags/tutorial_taskflow_api.py
[2025-02-27T23:54:47.284+0000] {logging_mixin.py:120} INFO - [2025-02-27T23:54:47.284+0000] {dag.py:2585} INFO - Sync 1 DAGs
[2025-02-27T23:54:47.295+0000] {logging_mixin.py:120} INFO - [2025-02-27T23:54:47.295+0000] {dag.py:3340} INFO - Setting next_dagrun for tutorial_taskflow_api to None, run_after=None
[2025-02-27T23:54:47.304+0000] {processor.py:176} INFO - Processing /home/airflow/.local/lib/python3.7/site-packages/airflow/example_dags/tutorial_taskflow_api.py took 0.054 seconds
[2025-02-27T23:55:18.042+0000] {processor.py:154} INFO - Started process (PID=1045) to work on /home/airflow/.local/lib/python3.7/site-packages/airflow/example_dags/tutorial_taskflow_api.py
[2025-02-27T23:55:18.042+0000] {processor.py:756} INFO - Processing file /home/airflow/.local/lib/python3.7/site-packages/airflow/example_dags/tutorial_taskflow_api.py for tasks to queue
[2025-02-27T23:55:18.043+0000] {logging_mixin.py:120} INFO - [2025-02-27T23:55:18.043+0000] {dagbag.py:537} INFO - Filling up the DagBag from /home/airflow/.local/lib/python3.7/site-packages/airflow/example_dags/tutorial_taskflow_api.py
[2025-02-27T23:55:18.052+0000] {processor.py:766} INFO - DAG(s) dict_keys(['tutorial_taskflow_api']) retrieved from /home/airflow/.local/lib/python3.7/site-packages/airflow/example_dags/tutorial_taskflow_api.py
[2025-02-27T23:55:18.073+0000] {logging_mixin.py:120} INFO - [2025-02-27T23:55:18.073+0000] {dag.py:2585} INFO - Sync 1 DAGs
[2025-02-27T23:55:18.085+0000] {logging_mixin.py:120} INFO - [2025-02-27T23:55:18.085+0000] {dag.py:3340} INFO - Setting next_dagrun for tutorial_taskflow_api to None, run_after=None
[2025-02-27T23:55:18.094+0000] {processor.py:176} INFO - Processing /home/airflow/.local/lib/python3.7/site-packages/airflow/example_dags/tutorial_taskflow_api.py took 0.055 seconds
[2025-02-27T23:55:48.866+0000] {processor.py:154} INFO - Started process (PID=1109) to work on /home/airflow/.local/lib/python3.7/site-packages/airflow/example_dags/tutorial_taskflow_api.py
[2025-02-27T23:55:48.867+0000] {processor.py:756} INFO - Processing file /home/airflow/.local/lib/python3.7/site-packages/airflow/example_dags/tutorial_taskflow_api.py for tasks to queue
[2025-02-27T23:55:48.867+0000] {logging_mixin.py:120} INFO - [2025-02-27T23:55:48.867+0000] {dagbag.py:537} INFO - Filling up the DagBag from /home/airflow/.local/lib/python3.7/site-packages/airflow/example_dags/tutorial_taskflow_api.py
[2025-02-27T23:55:48.877+0000] {processor.py:766} INFO - DAG(s) dict_keys(['tutorial_taskflow_api']) retrieved from /home/airflow/.local/lib/python3.7/site-packages/airflow/example_dags/tutorial_taskflow_api.py
[2025-02-27T23:55:48.898+0000] {logging_mixin.py:120} INFO - [2025-02-27T23:55:48.897+0000] {dag.py:2585} INFO - Sync 1 DAGs
[2025-02-27T23:55:48.911+0000] {logging_mixin.py:120} INFO - [2025-02-27T23:55:48.910+0000] {dag.py:3340} INFO - Setting next_dagrun for tutorial_taskflow_api to None, run_after=None
[2025-02-27T23:55:48.920+0000] {processor.py:176} INFO - Processing /home/airflow/.local/lib/python3.7/site-packages/airflow/example_dags/tutorial_taskflow_api.py took 0.056 seconds
[2025-02-27T23:56:19.583+0000] {processor.py:154} INFO - Started process (PID=1173) to work on /home/airflow/.local/lib/python3.7/site-packages/airflow/example_dags/tutorial_taskflow_api.py
[2025-02-27T23:56:19.584+0000] {processor.py:756} INFO - Processing file /home/airflow/.local/lib/python3.7/site-packages/airflow/example_dags/tutorial_taskflow_api.py for tasks to queue
[2025-02-27T23:56:19.585+0000] {logging_mixin.py:120} INFO - [2025-02-27T23:56:19.585+0000] {dagbag.py:537} INFO - Filling up the DagBag from /home/airflow/.local/lib/python3.7/site-packages/airflow/example_dags/tutorial_taskflow_api.py
[2025-02-27T23:56:19.594+0000] {processor.py:766} INFO - DAG(s) dict_keys(['tutorial_taskflow_api']) retrieved from /home/airflow/.local/lib/python3.7/site-packages/airflow/example_dags/tutorial_taskflow_api.py
[2025-02-27T23:56:19.616+0000] {logging_mixin.py:120} INFO - [2025-02-27T23:56:19.615+0000] {dag.py:2585} INFO - Sync 1 DAGs
[2025-02-27T23:56:19.628+0000] {logging_mixin.py:120} INFO - [2025-02-27T23:56:19.628+0000] {dag.py:3340} INFO - Setting next_dagrun for tutorial_taskflow_api to None, run_after=None
[2025-02-27T23:56:19.638+0000] {processor.py:176} INFO - Processing /home/airflow/.local/lib/python3.7/site-packages/airflow/example_dags/tutorial_taskflow_api.py took 0.056 seconds
[2025-02-27T23:56:50.402+0000] {processor.py:154} INFO - Started process (PID=1237) to work on /home/airflow/.local/lib/python3.7/site-packages/airflow/example_dags/tutorial_taskflow_api.py
[2025-02-27T23:56:50.403+0000] {processor.py:756} INFO - Processing file /home/airflow/.local/lib/python3.7/site-packages/airflow/example_dags/tutorial_taskflow_api.py for tasks to queue
[2025-02-27T23:56:50.403+0000] {logging_mixin.py:120} INFO - [2025-02-27T23:56:50.403+0000] {dagbag.py:537} INFO - Filling up the DagBag from /home/airflow/.local/lib/python3.7/site-packages/airflow/example_dags/tutorial_taskflow_api.py
[2025-02-27T23:56:50.414+0000] {processor.py:766} INFO - DAG(s) dict_keys(['tutorial_taskflow_api']) retrieved from /home/airflow/.local/lib/python3.7/site-packages/airflow/example_dags/tutorial_taskflow_api.py
[2025-02-27T23:56:50.436+0000] {logging_mixin.py:120} INFO - [2025-02-27T23:56:50.436+0000] {dag.py:2585} INFO - Sync 1 DAGs
[2025-02-27T23:56:50.448+0000] {logging_mixin.py:120} INFO - [2025-02-27T23:56:50.448+0000] {dag.py:3340} INFO - Setting next_dagrun for tutorial_taskflow_api to None, run_after=None
[2025-02-27T23:56:50.457+0000] {processor.py:176} INFO - Processing /home/airflow/.local/lib/python3.7/site-packages/airflow/example_dags/tutorial_taskflow_api.py took 0.058 seconds
[2025-02-27T23:57:21.282+0000] {processor.py:154} INFO - Started process (PID=1301) to work on /home/airflow/.local/lib/python3.7/site-packages/airflow/example_dags/tutorial_taskflow_api.py
[2025-02-27T23:57:21.283+0000] {processor.py:756} INFO - Processing file /home/airflow/.local/lib/python3.7/site-packages/airflow/example_dags/tutorial_taskflow_api.py for tasks to queue
[2025-02-27T23:57:21.283+0000] {logging_mixin.py:120} INFO - [2025-02-27T23:57:21.283+0000] {dagbag.py:537} INFO - Filling up the DagBag from /home/airflow/.local/lib/python3.7/site-packages/airflow/example_dags/tutorial_taskflow_api.py
[2025-02-27T23:57:21.293+0000] {processor.py:766} INFO - DAG(s) dict_keys(['tutorial_taskflow_api']) retrieved from /home/airflow/.local/lib/python3.7/site-packages/airflow/example_dags/tutorial_taskflow_api.py
[2025-02-27T23:57:21.313+0000] {logging_mixin.py:120} INFO - [2025-02-27T23:57:21.313+0000] {dag.py:2585} INFO - Sync 1 DAGs
[2025-02-27T23:57:21.326+0000] {logging_mixin.py:120} INFO - [2025-02-27T23:57:21.326+0000] {dag.py:3340} INFO - Setting next_dagrun for tutorial_taskflow_api to None, run_after=None
[2025-02-27T23:57:21.339+0000] {processor.py:176} INFO - Processing /home/airflow/.local/lib/python3.7/site-packages/airflow/example_dags/tutorial_taskflow_api.py took 0.059 seconds
[2025-02-27T23:57:52.227+0000] {processor.py:154} INFO - Started process (PID=1364) to work on /home/airflow/.local/lib/python3.7/site-packages/airflow/example_dags/tutorial_taskflow_api.py
[2025-02-27T23:57:52.228+0000] {processor.py:756} INFO - Processing file /home/airflow/.local/lib/python3.7/site-packages/airflow/example_dags/tutorial_taskflow_api.py for tasks to queue
[2025-02-27T23:57:52.229+0000] {logging_mixin.py:120} INFO - [2025-02-27T23:57:52.229+0000] {dagbag.py:537} INFO - Filling up the DagBag from /home/airflow/.local/lib/python3.7/site-packages/airflow/example_dags/tutorial_taskflow_api.py
[2025-02-27T23:57:52.242+0000] {processor.py:766} INFO - DAG(s) dict_keys(['tutorial_taskflow_api']) retrieved from /home/airflow/.local/lib/python3.7/site-packages/airflow/example_dags/tutorial_taskflow_api.py
[2025-02-27T23:57:52.267+0000] {logging_mixin.py:120} INFO - [2025-02-27T23:57:52.267+0000] {dag.py:2585} INFO - Sync 1 DAGs
[2025-02-27T23:57:52.278+0000] {logging_mixin.py:120} INFO - [2025-02-27T23:57:52.278+0000] {dag.py:3340} INFO - Setting next_dagrun for tutorial_taskflow_api to None, run_after=None
[2025-02-27T23:57:52.288+0000] {processor.py:176} INFO - Processing /home/airflow/.local/lib/python3.7/site-packages/airflow/example_dags/tutorial_taskflow_api.py took 0.063 seconds
[2025-02-27T23:58:23.043+0000] {processor.py:154} INFO - Started process (PID=1418) to work on /home/airflow/.local/lib/python3.7/site-packages/airflow/example_dags/tutorial_taskflow_api.py
[2025-02-27T23:58:23.045+0000] {processor.py:756} INFO - Processing file /home/airflow/.local/lib/python3.7/site-packages/airflow/example_dags/tutorial_taskflow_api.py for tasks to queue
[2025-02-27T23:58:23.045+0000] {logging_mixin.py:120} INFO - [2025-02-27T23:58:23.045+0000] {dagbag.py:537} INFO - Filling up the DagBag from /home/airflow/.local/lib/python3.7/site-packages/airflow/example_dags/tutorial_taskflow_api.py
[2025-02-27T23:58:23.055+0000] {processor.py:766} INFO - DAG(s) dict_keys(['tutorial_taskflow_api']) retrieved from /home/airflow/.local/lib/python3.7/site-packages/airflow/example_dags/tutorial_taskflow_api.py
[2025-02-27T23:58:23.079+0000] {logging_mixin.py:120} INFO - [2025-02-27T23:58:23.079+0000] {dag.py:2585} INFO - Sync 1 DAGs
[2025-02-27T23:58:23.091+0000] {logging_mixin.py:120} INFO - [2025-02-27T23:58:23.091+0000] {dag.py:3340} INFO - Setting next_dagrun for tutorial_taskflow_api to None, run_after=None
[2025-02-27T23:58:23.101+0000] {processor.py:176} INFO - Processing /home/airflow/.local/lib/python3.7/site-packages/airflow/example_dags/tutorial_taskflow_api.py took 0.060 seconds
[2025-02-27T23:58:53.838+0000] {processor.py:154} INFO - Started process (PID=1482) to work on /home/airflow/.local/lib/python3.7/site-packages/airflow/example_dags/tutorial_taskflow_api.py
[2025-02-27T23:58:53.839+0000] {processor.py:756} INFO - Processing file /home/airflow/.local/lib/python3.7/site-packages/airflow/example_dags/tutorial_taskflow_api.py for tasks to queue
[2025-02-27T23:58:53.840+0000] {logging_mixin.py:120} INFO - [2025-02-27T23:58:53.840+0000] {dagbag.py:537} INFO - Filling up the DagBag from /home/airflow/.local/lib/python3.7/site-packages/airflow/example_dags/tutorial_taskflow_api.py
[2025-02-27T23:58:53.850+0000] {processor.py:766} INFO - DAG(s) dict_keys(['tutorial_taskflow_api']) retrieved from /home/airflow/.local/lib/python3.7/site-packages/airflow/example_dags/tutorial_taskflow_api.py
[2025-02-27T23:58:53.871+0000] {logging_mixin.py:120} INFO - [2025-02-27T23:58:53.871+0000] {dag.py:2585} INFO - Sync 1 DAGs
[2025-02-27T23:58:53.883+0000] {logging_mixin.py:120} INFO - [2025-02-27T23:58:53.883+0000] {dag.py:3340} INFO - Setting next_dagrun for tutorial_taskflow_api to None, run_after=None
[2025-02-27T23:58:53.893+0000] {processor.py:176} INFO - Processing /home/airflow/.local/lib/python3.7/site-packages/airflow/example_dags/tutorial_taskflow_api.py took 0.057 seconds
[2025-02-27T23:59:24.511+0000] {processor.py:154} INFO - Started process (PID=1546) to work on /home/airflow/.local/lib/python3.7/site-packages/airflow/example_dags/tutorial_taskflow_api.py
[2025-02-27T23:59:24.512+0000] {processor.py:756} INFO - Processing file /home/airflow/.local/lib/python3.7/site-packages/airflow/example_dags/tutorial_taskflow_api.py for tasks to queue
[2025-02-27T23:59:24.513+0000] {logging_mixin.py:120} INFO - [2025-02-27T23:59:24.513+0000] {dagbag.py:537} INFO - Filling up the DagBag from /home/airflow/.local/lib/python3.7/site-packages/airflow/example_dags/tutorial_taskflow_api.py
[2025-02-27T23:59:24.522+0000] {processor.py:766} INFO - DAG(s) dict_keys(['tutorial_taskflow_api']) retrieved from /home/airflow/.local/lib/python3.7/site-packages/airflow/example_dags/tutorial_taskflow_api.py
[2025-02-27T23:59:24.544+0000] {logging_mixin.py:120} INFO - [2025-02-27T23:59:24.544+0000] {dag.py:2585} INFO - Sync 1 DAGs
[2025-02-27T23:59:24.559+0000] {logging_mixin.py:120} INFO - [2025-02-27T23:59:24.559+0000] {dag.py:3340} INFO - Setting next_dagrun for tutorial_taskflow_api to None, run_after=None
[2025-02-27T23:59:24.569+0000] {processor.py:176} INFO - Processing /home/airflow/.local/lib/python3.7/site-packages/airflow/example_dags/tutorial_taskflow_api.py took 0.059 seconds
[2025-02-27T23:59:55.258+0000] {processor.py:154} INFO - Started process (PID=1610) to work on /home/airflow/.local/lib/python3.7/site-packages/airflow/example_dags/tutorial_taskflow_api.py
[2025-02-27T23:59:55.259+0000] {processor.py:756} INFO - Processing file /home/airflow/.local/lib/python3.7/site-packages/airflow/example_dags/tutorial_taskflow_api.py for tasks to queue
[2025-02-27T23:59:55.259+0000] {logging_mixin.py:120} INFO - [2025-02-27T23:59:55.259+0000] {dagbag.py:537} INFO - Filling up the DagBag from /home/airflow/.local/lib/python3.7/site-packages/airflow/example_dags/tutorial_taskflow_api.py
[2025-02-27T23:59:55.269+0000] {processor.py:766} INFO - DAG(s) dict_keys(['tutorial_taskflow_api']) retrieved from /home/airflow/.local/lib/python3.7/site-packages/airflow/example_dags/tutorial_taskflow_api.py
[2025-02-27T23:59:55.290+0000] {logging_mixin.py:120} INFO - [2025-02-27T23:59:55.290+0000] {dag.py:2585} INFO - Sync 1 DAGs
[2025-02-27T23:59:55.302+0000] {logging_mixin.py:120} INFO - [2025-02-27T23:59:55.302+0000] {dag.py:3340} INFO - Setting next_dagrun for tutorial_taskflow_api to None, run_after=None
[2025-02-27T23:59:55.311+0000] {processor.py:176} INFO - Processing /home/airflow/.local/lib/python3.7/site-packages/airflow/example_dags/tutorial_taskflow_api.py took 0.055 seconds
