[2025-02-27T23:47:07.575+0000] {processor.py:154} INFO - Started process (PID=62) to work on /home/airflow/.local/lib/python3.7/site-packages/airflow/example_dags/tutorial_dag.py
[2025-02-27T23:47:07.578+0000] {processor.py:756} INFO - Processing file /home/airflow/.local/lib/python3.7/site-packages/airflow/example_dags/tutorial_dag.py for tasks to queue
[2025-02-27T23:47:07.582+0000] {logging_mixin.py:120} INFO - [2025-02-27T23:47:07.581+0000] {dagbag.py:537} INFO - Filling up the DagBag from /home/airflow/.local/lib/python3.7/site-packages/airflow/example_dags/tutorial_dag.py
[2025-02-27T23:47:07.616+0000] {processor.py:766} INFO - DAG(s) dict_keys(['tutorial_dag']) retrieved from /home/airflow/.local/lib/python3.7/site-packages/airflow/example_dags/tutorial_dag.py
[2025-02-27T23:47:07.709+0000] {logging_mixin.py:120} INFO - [2025-02-27T23:47:07.709+0000] {dag.py:2585} INFO - Sync 1 DAGs
[2025-02-27T23:47:07.734+0000] {logging_mixin.py:120} INFO - [2025-02-27T23:47:07.734+0000] {dag.py:3340} INFO - Setting next_dagrun for tutorial_dag to None, run_after=None
[2025-02-27T23:47:07.761+0000] {processor.py:176} INFO - Processing /home/airflow/.local/lib/python3.7/site-packages/airflow/example_dags/tutorial_dag.py took 0.210 seconds
[2025-02-27T23:47:38.229+0000] {processor.py:154} INFO - Started process (PID=126) to work on /home/airflow/.local/lib/python3.7/site-packages/airflow/example_dags/tutorial_dag.py
[2025-02-27T23:47:38.229+0000] {processor.py:756} INFO - Processing file /home/airflow/.local/lib/python3.7/site-packages/airflow/example_dags/tutorial_dag.py for tasks to queue
[2025-02-27T23:47:38.230+0000] {logging_mixin.py:120} INFO - [2025-02-27T23:47:38.230+0000] {dagbag.py:537} INFO - Filling up the DagBag from /home/airflow/.local/lib/python3.7/site-packages/airflow/example_dags/tutorial_dag.py
[2025-02-27T23:47:38.237+0000] {processor.py:766} INFO - DAG(s) dict_keys(['tutorial_dag']) retrieved from /home/airflow/.local/lib/python3.7/site-packages/airflow/example_dags/tutorial_dag.py
[2025-02-27T23:47:38.258+0000] {logging_mixin.py:120} INFO - [2025-02-27T23:47:38.258+0000] {dag.py:2585} INFO - Sync 1 DAGs
[2025-02-27T23:47:38.272+0000] {logging_mixin.py:120} INFO - [2025-02-27T23:47:38.272+0000] {dag.py:3340} INFO - Setting next_dagrun for tutorial_dag to None, run_after=None
[2025-02-27T23:47:38.283+0000] {processor.py:176} INFO - Processing /home/airflow/.local/lib/python3.7/site-packages/airflow/example_dags/tutorial_dag.py took 0.056 seconds
[2025-02-27T23:48:08.926+0000] {processor.py:154} INFO - Started process (PID=191) to work on /home/airflow/.local/lib/python3.7/site-packages/airflow/example_dags/tutorial_dag.py
[2025-02-27T23:48:08.927+0000] {processor.py:756} INFO - Processing file /home/airflow/.local/lib/python3.7/site-packages/airflow/example_dags/tutorial_dag.py for tasks to queue
[2025-02-27T23:48:08.927+0000] {logging_mixin.py:120} INFO - [2025-02-27T23:48:08.927+0000] {dagbag.py:537} INFO - Filling up the DagBag from /home/airflow/.local/lib/python3.7/site-packages/airflow/example_dags/tutorial_dag.py
[2025-02-27T23:48:08.935+0000] {processor.py:766} INFO - DAG(s) dict_keys(['tutorial_dag']) retrieved from /home/airflow/.local/lib/python3.7/site-packages/airflow/example_dags/tutorial_dag.py
[2025-02-27T23:48:08.948+0000] {logging_mixin.py:120} INFO - [2025-02-27T23:48:08.948+0000] {dag.py:2585} INFO - Sync 1 DAGs
[2025-02-27T23:48:08.962+0000] {logging_mixin.py:120} INFO - [2025-02-27T23:48:08.962+0000] {dag.py:3340} INFO - Setting next_dagrun for tutorial_dag to None, run_after=None
[2025-02-27T23:48:08.972+0000] {processor.py:176} INFO - Processing /home/airflow/.local/lib/python3.7/site-packages/airflow/example_dags/tutorial_dag.py took 0.048 seconds
[2025-02-27T23:48:39.872+0000] {processor.py:154} INFO - Started process (PID=255) to work on /home/airflow/.local/lib/python3.7/site-packages/airflow/example_dags/tutorial_dag.py
[2025-02-27T23:48:39.873+0000] {processor.py:756} INFO - Processing file /home/airflow/.local/lib/python3.7/site-packages/airflow/example_dags/tutorial_dag.py for tasks to queue
[2025-02-27T23:48:39.873+0000] {logging_mixin.py:120} INFO - [2025-02-27T23:48:39.873+0000] {dagbag.py:537} INFO - Filling up the DagBag from /home/airflow/.local/lib/python3.7/site-packages/airflow/example_dags/tutorial_dag.py
[2025-02-27T23:48:39.881+0000] {processor.py:766} INFO - DAG(s) dict_keys(['tutorial_dag']) retrieved from /home/airflow/.local/lib/python3.7/site-packages/airflow/example_dags/tutorial_dag.py
[2025-02-27T23:48:39.902+0000] {logging_mixin.py:120} INFO - [2025-02-27T23:48:39.902+0000] {dag.py:2585} INFO - Sync 1 DAGs
[2025-02-27T23:48:39.915+0000] {logging_mixin.py:120} INFO - [2025-02-27T23:48:39.915+0000] {dag.py:3340} INFO - Setting next_dagrun for tutorial_dag to None, run_after=None
[2025-02-27T23:48:39.924+0000] {processor.py:176} INFO - Processing /home/airflow/.local/lib/python3.7/site-packages/airflow/example_dags/tutorial_dag.py took 0.053 seconds
[2025-02-27T23:49:10.813+0000] {processor.py:154} INFO - Started process (PID=319) to work on /home/airflow/.local/lib/python3.7/site-packages/airflow/example_dags/tutorial_dag.py
[2025-02-27T23:49:10.814+0000] {processor.py:756} INFO - Processing file /home/airflow/.local/lib/python3.7/site-packages/airflow/example_dags/tutorial_dag.py for tasks to queue
[2025-02-27T23:49:10.814+0000] {logging_mixin.py:120} INFO - [2025-02-27T23:49:10.814+0000] {dagbag.py:537} INFO - Filling up the DagBag from /home/airflow/.local/lib/python3.7/site-packages/airflow/example_dags/tutorial_dag.py
[2025-02-27T23:49:10.822+0000] {processor.py:766} INFO - DAG(s) dict_keys(['tutorial_dag']) retrieved from /home/airflow/.local/lib/python3.7/site-packages/airflow/example_dags/tutorial_dag.py
[2025-02-27T23:49:10.844+0000] {logging_mixin.py:120} INFO - [2025-02-27T23:49:10.844+0000] {dag.py:2585} INFO - Sync 1 DAGs
[2025-02-27T23:49:10.857+0000] {logging_mixin.py:120} INFO - [2025-02-27T23:49:10.857+0000] {dag.py:3340} INFO - Setting next_dagrun for tutorial_dag to None, run_after=None
[2025-02-27T23:49:10.868+0000] {processor.py:176} INFO - Processing /home/airflow/.local/lib/python3.7/site-packages/airflow/example_dags/tutorial_dag.py took 0.057 seconds
[2025-02-27T23:49:41.609+0000] {processor.py:154} INFO - Started process (PID=383) to work on /home/airflow/.local/lib/python3.7/site-packages/airflow/example_dags/tutorial_dag.py
[2025-02-27T23:49:41.609+0000] {processor.py:756} INFO - Processing file /home/airflow/.local/lib/python3.7/site-packages/airflow/example_dags/tutorial_dag.py for tasks to queue
[2025-02-27T23:49:41.610+0000] {logging_mixin.py:120} INFO - [2025-02-27T23:49:41.610+0000] {dagbag.py:537} INFO - Filling up the DagBag from /home/airflow/.local/lib/python3.7/site-packages/airflow/example_dags/tutorial_dag.py
[2025-02-27T23:49:41.617+0000] {processor.py:766} INFO - DAG(s) dict_keys(['tutorial_dag']) retrieved from /home/airflow/.local/lib/python3.7/site-packages/airflow/example_dags/tutorial_dag.py
[2025-02-27T23:49:41.637+0000] {logging_mixin.py:120} INFO - [2025-02-27T23:49:41.637+0000] {dag.py:2585} INFO - Sync 1 DAGs
[2025-02-27T23:49:41.651+0000] {logging_mixin.py:120} INFO - [2025-02-27T23:49:41.650+0000] {dag.py:3340} INFO - Setting next_dagrun for tutorial_dag to None, run_after=None
[2025-02-27T23:49:41.660+0000] {processor.py:176} INFO - Processing /home/airflow/.local/lib/python3.7/site-packages/airflow/example_dags/tutorial_dag.py took 0.053 seconds
[2025-02-27T23:50:12.410+0000] {processor.py:154} INFO - Started process (PID=447) to work on /home/airflow/.local/lib/python3.7/site-packages/airflow/example_dags/tutorial_dag.py
[2025-02-27T23:50:12.411+0000] {processor.py:756} INFO - Processing file /home/airflow/.local/lib/python3.7/site-packages/airflow/example_dags/tutorial_dag.py for tasks to queue
[2025-02-27T23:50:12.412+0000] {logging_mixin.py:120} INFO - [2025-02-27T23:50:12.411+0000] {dagbag.py:537} INFO - Filling up the DagBag from /home/airflow/.local/lib/python3.7/site-packages/airflow/example_dags/tutorial_dag.py
[2025-02-27T23:50:12.419+0000] {processor.py:766} INFO - DAG(s) dict_keys(['tutorial_dag']) retrieved from /home/airflow/.local/lib/python3.7/site-packages/airflow/example_dags/tutorial_dag.py
[2025-02-27T23:50:12.441+0000] {logging_mixin.py:120} INFO - [2025-02-27T23:50:12.440+0000] {dag.py:2585} INFO - Sync 1 DAGs
[2025-02-27T23:50:12.454+0000] {logging_mixin.py:120} INFO - [2025-02-27T23:50:12.454+0000] {dag.py:3340} INFO - Setting next_dagrun for tutorial_dag to None, run_after=None
[2025-02-27T23:50:12.468+0000] {processor.py:176} INFO - Processing /home/airflow/.local/lib/python3.7/site-packages/airflow/example_dags/tutorial_dag.py took 0.060 seconds
[2025-02-27T23:50:43.308+0000] {processor.py:154} INFO - Started process (PID=502) to work on /home/airflow/.local/lib/python3.7/site-packages/airflow/example_dags/tutorial_dag.py
[2025-02-27T23:50:43.309+0000] {processor.py:756} INFO - Processing file /home/airflow/.local/lib/python3.7/site-packages/airflow/example_dags/tutorial_dag.py for tasks to queue
[2025-02-27T23:50:43.310+0000] {logging_mixin.py:120} INFO - [2025-02-27T23:50:43.310+0000] {dagbag.py:537} INFO - Filling up the DagBag from /home/airflow/.local/lib/python3.7/site-packages/airflow/example_dags/tutorial_dag.py
[2025-02-27T23:50:43.317+0000] {processor.py:766} INFO - DAG(s) dict_keys(['tutorial_dag']) retrieved from /home/airflow/.local/lib/python3.7/site-packages/airflow/example_dags/tutorial_dag.py
[2025-02-27T23:50:43.338+0000] {logging_mixin.py:120} INFO - [2025-02-27T23:50:43.338+0000] {dag.py:2585} INFO - Sync 1 DAGs
[2025-02-27T23:50:43.351+0000] {logging_mixin.py:120} INFO - [2025-02-27T23:50:43.351+0000] {dag.py:3340} INFO - Setting next_dagrun for tutorial_dag to None, run_after=None
[2025-02-27T23:50:43.362+0000] {processor.py:176} INFO - Processing /home/airflow/.local/lib/python3.7/site-packages/airflow/example_dags/tutorial_dag.py took 0.057 seconds
[2025-02-27T23:51:14.172+0000] {processor.py:154} INFO - Started process (PID=566) to work on /home/airflow/.local/lib/python3.7/site-packages/airflow/example_dags/tutorial_dag.py
[2025-02-27T23:51:14.173+0000] {processor.py:756} INFO - Processing file /home/airflow/.local/lib/python3.7/site-packages/airflow/example_dags/tutorial_dag.py for tasks to queue
[2025-02-27T23:51:14.173+0000] {logging_mixin.py:120} INFO - [2025-02-27T23:51:14.173+0000] {dagbag.py:537} INFO - Filling up the DagBag from /home/airflow/.local/lib/python3.7/site-packages/airflow/example_dags/tutorial_dag.py
[2025-02-27T23:51:14.180+0000] {processor.py:766} INFO - DAG(s) dict_keys(['tutorial_dag']) retrieved from /home/airflow/.local/lib/python3.7/site-packages/airflow/example_dags/tutorial_dag.py
[2025-02-27T23:51:14.201+0000] {logging_mixin.py:120} INFO - [2025-02-27T23:51:14.201+0000] {dag.py:2585} INFO - Sync 1 DAGs
[2025-02-27T23:51:14.214+0000] {logging_mixin.py:120} INFO - [2025-02-27T23:51:14.214+0000] {dag.py:3340} INFO - Setting next_dagrun for tutorial_dag to None, run_after=None
[2025-02-27T23:51:14.225+0000] {processor.py:176} INFO - Processing /home/airflow/.local/lib/python3.7/site-packages/airflow/example_dags/tutorial_dag.py took 0.054 seconds
[2025-02-27T23:51:45.038+0000] {processor.py:154} INFO - Started process (PID=630) to work on /home/airflow/.local/lib/python3.7/site-packages/airflow/example_dags/tutorial_dag.py
[2025-02-27T23:51:45.039+0000] {processor.py:756} INFO - Processing file /home/airflow/.local/lib/python3.7/site-packages/airflow/example_dags/tutorial_dag.py for tasks to queue
[2025-02-27T23:51:45.040+0000] {logging_mixin.py:120} INFO - [2025-02-27T23:51:45.040+0000] {dagbag.py:537} INFO - Filling up the DagBag from /home/airflow/.local/lib/python3.7/site-packages/airflow/example_dags/tutorial_dag.py
[2025-02-27T23:51:45.047+0000] {processor.py:766} INFO - DAG(s) dict_keys(['tutorial_dag']) retrieved from /home/airflow/.local/lib/python3.7/site-packages/airflow/example_dags/tutorial_dag.py
[2025-02-27T23:51:45.068+0000] {logging_mixin.py:120} INFO - [2025-02-27T23:51:45.068+0000] {dag.py:2585} INFO - Sync 1 DAGs
[2025-02-27T23:51:45.080+0000] {logging_mixin.py:120} INFO - [2025-02-27T23:51:45.080+0000] {dag.py:3340} INFO - Setting next_dagrun for tutorial_dag to None, run_after=None
[2025-02-27T23:51:45.090+0000] {processor.py:176} INFO - Processing /home/airflow/.local/lib/python3.7/site-packages/airflow/example_dags/tutorial_dag.py took 0.053 seconds
[2025-02-27T23:52:15.898+0000] {processor.py:154} INFO - Started process (PID=694) to work on /home/airflow/.local/lib/python3.7/site-packages/airflow/example_dags/tutorial_dag.py
[2025-02-27T23:52:15.899+0000] {processor.py:756} INFO - Processing file /home/airflow/.local/lib/python3.7/site-packages/airflow/example_dags/tutorial_dag.py for tasks to queue
[2025-02-27T23:52:15.900+0000] {logging_mixin.py:120} INFO - [2025-02-27T23:52:15.900+0000] {dagbag.py:537} INFO - Filling up the DagBag from /home/airflow/.local/lib/python3.7/site-packages/airflow/example_dags/tutorial_dag.py
[2025-02-27T23:52:15.907+0000] {processor.py:766} INFO - DAG(s) dict_keys(['tutorial_dag']) retrieved from /home/airflow/.local/lib/python3.7/site-packages/airflow/example_dags/tutorial_dag.py
[2025-02-27T23:52:15.928+0000] {logging_mixin.py:120} INFO - [2025-02-27T23:52:15.928+0000] {dag.py:2585} INFO - Sync 1 DAGs
[2025-02-27T23:52:15.941+0000] {logging_mixin.py:120} INFO - [2025-02-27T23:52:15.941+0000] {dag.py:3340} INFO - Setting next_dagrun for tutorial_dag to None, run_after=None
[2025-02-27T23:52:15.951+0000] {processor.py:176} INFO - Processing /home/airflow/.local/lib/python3.7/site-packages/airflow/example_dags/tutorial_dag.py took 0.054 seconds
[2025-02-27T23:52:46.724+0000] {processor.py:154} INFO - Started process (PID=757) to work on /home/airflow/.local/lib/python3.7/site-packages/airflow/example_dags/tutorial_dag.py
[2025-02-27T23:52:46.725+0000] {processor.py:756} INFO - Processing file /home/airflow/.local/lib/python3.7/site-packages/airflow/example_dags/tutorial_dag.py for tasks to queue
[2025-02-27T23:52:46.725+0000] {logging_mixin.py:120} INFO - [2025-02-27T23:52:46.725+0000] {dagbag.py:537} INFO - Filling up the DagBag from /home/airflow/.local/lib/python3.7/site-packages/airflow/example_dags/tutorial_dag.py
[2025-02-27T23:52:46.732+0000] {processor.py:766} INFO - DAG(s) dict_keys(['tutorial_dag']) retrieved from /home/airflow/.local/lib/python3.7/site-packages/airflow/example_dags/tutorial_dag.py
[2025-02-27T23:52:46.753+0000] {logging_mixin.py:120} INFO - [2025-02-27T23:52:46.753+0000] {dag.py:2585} INFO - Sync 1 DAGs
[2025-02-27T23:52:46.765+0000] {logging_mixin.py:120} INFO - [2025-02-27T23:52:46.765+0000] {dag.py:3340} INFO - Setting next_dagrun for tutorial_dag to None, run_after=None
[2025-02-27T23:52:46.774+0000] {processor.py:176} INFO - Processing /home/airflow/.local/lib/python3.7/site-packages/airflow/example_dags/tutorial_dag.py took 0.052 seconds
[2025-02-27T23:53:17.491+0000] {processor.py:154} INFO - Started process (PID=819) to work on /home/airflow/.local/lib/python3.7/site-packages/airflow/example_dags/tutorial_dag.py
[2025-02-27T23:53:17.492+0000] {processor.py:756} INFO - Processing file /home/airflow/.local/lib/python3.7/site-packages/airflow/example_dags/tutorial_dag.py for tasks to queue
[2025-02-27T23:53:17.493+0000] {logging_mixin.py:120} INFO - [2025-02-27T23:53:17.493+0000] {dagbag.py:537} INFO - Filling up the DagBag from /home/airflow/.local/lib/python3.7/site-packages/airflow/example_dags/tutorial_dag.py
[2025-02-27T23:53:17.500+0000] {processor.py:766} INFO - DAG(s) dict_keys(['tutorial_dag']) retrieved from /home/airflow/.local/lib/python3.7/site-packages/airflow/example_dags/tutorial_dag.py
[2025-02-27T23:53:17.521+0000] {logging_mixin.py:120} INFO - [2025-02-27T23:53:17.521+0000] {dag.py:2585} INFO - Sync 1 DAGs
[2025-02-27T23:53:17.534+0000] {logging_mixin.py:120} INFO - [2025-02-27T23:53:17.534+0000] {dag.py:3340} INFO - Setting next_dagrun for tutorial_dag to None, run_after=None
[2025-02-27T23:53:17.544+0000] {processor.py:176} INFO - Processing /home/airflow/.local/lib/python3.7/site-packages/airflow/example_dags/tutorial_dag.py took 0.055 seconds
[2025-02-27T23:53:48.390+0000] {processor.py:154} INFO - Started process (PID=883) to work on /home/airflow/.local/lib/python3.7/site-packages/airflow/example_dags/tutorial_dag.py
[2025-02-27T23:53:48.391+0000] {processor.py:756} INFO - Processing file /home/airflow/.local/lib/python3.7/site-packages/airflow/example_dags/tutorial_dag.py for tasks to queue
[2025-02-27T23:53:48.391+0000] {logging_mixin.py:120} INFO - [2025-02-27T23:53:48.391+0000] {dagbag.py:537} INFO - Filling up the DagBag from /home/airflow/.local/lib/python3.7/site-packages/airflow/example_dags/tutorial_dag.py
[2025-02-27T23:53:48.398+0000] {processor.py:766} INFO - DAG(s) dict_keys(['tutorial_dag']) retrieved from /home/airflow/.local/lib/python3.7/site-packages/airflow/example_dags/tutorial_dag.py
[2025-02-27T23:53:48.423+0000] {logging_mixin.py:120} INFO - [2025-02-27T23:53:48.423+0000] {dag.py:2585} INFO - Sync 1 DAGs
[2025-02-27T23:53:48.437+0000] {logging_mixin.py:120} INFO - [2025-02-27T23:53:48.437+0000] {dag.py:3340} INFO - Setting next_dagrun for tutorial_dag to None, run_after=None
[2025-02-27T23:53:48.448+0000] {processor.py:176} INFO - Processing /home/airflow/.local/lib/python3.7/site-packages/airflow/example_dags/tutorial_dag.py took 0.061 seconds
[2025-02-27T23:54:19.382+0000] {processor.py:154} INFO - Started process (PID=946) to work on /home/airflow/.local/lib/python3.7/site-packages/airflow/example_dags/tutorial_dag.py
[2025-02-27T23:54:19.383+0000] {processor.py:756} INFO - Processing file /home/airflow/.local/lib/python3.7/site-packages/airflow/example_dags/tutorial_dag.py for tasks to queue
[2025-02-27T23:54:19.383+0000] {logging_mixin.py:120} INFO - [2025-02-27T23:54:19.383+0000] {dagbag.py:537} INFO - Filling up the DagBag from /home/airflow/.local/lib/python3.7/site-packages/airflow/example_dags/tutorial_dag.py
[2025-02-27T23:54:19.391+0000] {processor.py:766} INFO - DAG(s) dict_keys(['tutorial_dag']) retrieved from /home/airflow/.local/lib/python3.7/site-packages/airflow/example_dags/tutorial_dag.py
[2025-02-27T23:54:19.412+0000] {logging_mixin.py:120} INFO - [2025-02-27T23:54:19.412+0000] {dag.py:2585} INFO - Sync 1 DAGs
[2025-02-27T23:54:19.423+0000] {logging_mixin.py:120} INFO - [2025-02-27T23:54:19.423+0000] {dag.py:3340} INFO - Setting next_dagrun for tutorial_dag to None, run_after=None
[2025-02-27T23:54:19.431+0000] {processor.py:176} INFO - Processing /home/airflow/.local/lib/python3.7/site-packages/airflow/example_dags/tutorial_dag.py took 0.051 seconds
[2025-02-27T23:54:50.188+0000] {processor.py:154} INFO - Started process (PID=1010) to work on /home/airflow/.local/lib/python3.7/site-packages/airflow/example_dags/tutorial_dag.py
[2025-02-27T23:54:50.189+0000] {processor.py:756} INFO - Processing file /home/airflow/.local/lib/python3.7/site-packages/airflow/example_dags/tutorial_dag.py for tasks to queue
[2025-02-27T23:54:50.189+0000] {logging_mixin.py:120} INFO - [2025-02-27T23:54:50.189+0000] {dagbag.py:537} INFO - Filling up the DagBag from /home/airflow/.local/lib/python3.7/site-packages/airflow/example_dags/tutorial_dag.py
[2025-02-27T23:54:50.196+0000] {processor.py:766} INFO - DAG(s) dict_keys(['tutorial_dag']) retrieved from /home/airflow/.local/lib/python3.7/site-packages/airflow/example_dags/tutorial_dag.py
[2025-02-27T23:54:50.216+0000] {logging_mixin.py:120} INFO - [2025-02-27T23:54:50.216+0000] {dag.py:2585} INFO - Sync 1 DAGs
[2025-02-27T23:54:50.230+0000] {logging_mixin.py:120} INFO - [2025-02-27T23:54:50.230+0000] {dag.py:3340} INFO - Setting next_dagrun for tutorial_dag to None, run_after=None
[2025-02-27T23:54:50.244+0000] {processor.py:176} INFO - Processing /home/airflow/.local/lib/python3.7/site-packages/airflow/example_dags/tutorial_dag.py took 0.057 seconds
[2025-02-27T23:55:20.971+0000] {processor.py:154} INFO - Started process (PID=1065) to work on /home/airflow/.local/lib/python3.7/site-packages/airflow/example_dags/tutorial_dag.py
[2025-02-27T23:55:20.972+0000] {processor.py:756} INFO - Processing file /home/airflow/.local/lib/python3.7/site-packages/airflow/example_dags/tutorial_dag.py for tasks to queue
[2025-02-27T23:55:20.972+0000] {logging_mixin.py:120} INFO - [2025-02-27T23:55:20.972+0000] {dagbag.py:537} INFO - Filling up the DagBag from /home/airflow/.local/lib/python3.7/site-packages/airflow/example_dags/tutorial_dag.py
[2025-02-27T23:55:20.980+0000] {processor.py:766} INFO - DAG(s) dict_keys(['tutorial_dag']) retrieved from /home/airflow/.local/lib/python3.7/site-packages/airflow/example_dags/tutorial_dag.py
[2025-02-27T23:55:21.000+0000] {logging_mixin.py:120} INFO - [2025-02-27T23:55:20.999+0000] {dag.py:2585} INFO - Sync 1 DAGs
[2025-02-27T23:55:21.012+0000] {logging_mixin.py:120} INFO - [2025-02-27T23:55:21.012+0000] {dag.py:3340} INFO - Setting next_dagrun for tutorial_dag to None, run_after=None
[2025-02-27T23:55:21.021+0000] {processor.py:176} INFO - Processing /home/airflow/.local/lib/python3.7/site-packages/airflow/example_dags/tutorial_dag.py took 0.052 seconds
[2025-02-27T23:55:51.717+0000] {processor.py:154} INFO - Started process (PID=1129) to work on /home/airflow/.local/lib/python3.7/site-packages/airflow/example_dags/tutorial_dag.py
[2025-02-27T23:55:51.717+0000] {processor.py:756} INFO - Processing file /home/airflow/.local/lib/python3.7/site-packages/airflow/example_dags/tutorial_dag.py for tasks to queue
[2025-02-27T23:55:51.718+0000] {logging_mixin.py:120} INFO - [2025-02-27T23:55:51.718+0000] {dagbag.py:537} INFO - Filling up the DagBag from /home/airflow/.local/lib/python3.7/site-packages/airflow/example_dags/tutorial_dag.py
[2025-02-27T23:55:51.725+0000] {processor.py:766} INFO - DAG(s) dict_keys(['tutorial_dag']) retrieved from /home/airflow/.local/lib/python3.7/site-packages/airflow/example_dags/tutorial_dag.py
[2025-02-27T23:55:51.745+0000] {logging_mixin.py:120} INFO - [2025-02-27T23:55:51.745+0000] {dag.py:2585} INFO - Sync 1 DAGs
[2025-02-27T23:55:51.758+0000] {logging_mixin.py:120} INFO - [2025-02-27T23:55:51.757+0000] {dag.py:3340} INFO - Setting next_dagrun for tutorial_dag to None, run_after=None
[2025-02-27T23:55:51.767+0000] {processor.py:176} INFO - Processing /home/airflow/.local/lib/python3.7/site-packages/airflow/example_dags/tutorial_dag.py took 0.052 seconds
[2025-02-27T23:56:22.484+0000] {processor.py:154} INFO - Started process (PID=1193) to work on /home/airflow/.local/lib/python3.7/site-packages/airflow/example_dags/tutorial_dag.py
[2025-02-27T23:56:22.485+0000] {processor.py:756} INFO - Processing file /home/airflow/.local/lib/python3.7/site-packages/airflow/example_dags/tutorial_dag.py for tasks to queue
[2025-02-27T23:56:22.485+0000] {logging_mixin.py:120} INFO - [2025-02-27T23:56:22.485+0000] {dagbag.py:537} INFO - Filling up the DagBag from /home/airflow/.local/lib/python3.7/site-packages/airflow/example_dags/tutorial_dag.py
[2025-02-27T23:56:22.492+0000] {processor.py:766} INFO - DAG(s) dict_keys(['tutorial_dag']) retrieved from /home/airflow/.local/lib/python3.7/site-packages/airflow/example_dags/tutorial_dag.py
[2025-02-27T23:56:22.513+0000] {logging_mixin.py:120} INFO - [2025-02-27T23:56:22.513+0000] {dag.py:2585} INFO - Sync 1 DAGs
[2025-02-27T23:56:22.526+0000] {logging_mixin.py:120} INFO - [2025-02-27T23:56:22.526+0000] {dag.py:3340} INFO - Setting next_dagrun for tutorial_dag to None, run_after=None
[2025-02-27T23:56:22.536+0000] {processor.py:176} INFO - Processing /home/airflow/.local/lib/python3.7/site-packages/airflow/example_dags/tutorial_dag.py took 0.054 seconds
[2025-02-27T23:56:53.310+0000] {processor.py:154} INFO - Started process (PID=1257) to work on /home/airflow/.local/lib/python3.7/site-packages/airflow/example_dags/tutorial_dag.py
[2025-02-27T23:56:53.311+0000] {processor.py:756} INFO - Processing file /home/airflow/.local/lib/python3.7/site-packages/airflow/example_dags/tutorial_dag.py for tasks to queue
[2025-02-27T23:56:53.311+0000] {logging_mixin.py:120} INFO - [2025-02-27T23:56:53.311+0000] {dagbag.py:537} INFO - Filling up the DagBag from /home/airflow/.local/lib/python3.7/site-packages/airflow/example_dags/tutorial_dag.py
[2025-02-27T23:56:53.318+0000] {processor.py:766} INFO - DAG(s) dict_keys(['tutorial_dag']) retrieved from /home/airflow/.local/lib/python3.7/site-packages/airflow/example_dags/tutorial_dag.py
[2025-02-27T23:56:53.339+0000] {logging_mixin.py:120} INFO - [2025-02-27T23:56:53.339+0000] {dag.py:2585} INFO - Sync 1 DAGs
[2025-02-27T23:56:53.352+0000] {logging_mixin.py:120} INFO - [2025-02-27T23:56:53.352+0000] {dag.py:3340} INFO - Setting next_dagrun for tutorial_dag to None, run_after=None
[2025-02-27T23:56:53.364+0000] {processor.py:176} INFO - Processing /home/airflow/.local/lib/python3.7/site-packages/airflow/example_dags/tutorial_dag.py took 0.056 seconds
[2025-02-27T23:57:24.192+0000] {processor.py:154} INFO - Started process (PID=1321) to work on /home/airflow/.local/lib/python3.7/site-packages/airflow/example_dags/tutorial_dag.py
[2025-02-27T23:57:24.193+0000] {processor.py:756} INFO - Processing file /home/airflow/.local/lib/python3.7/site-packages/airflow/example_dags/tutorial_dag.py for tasks to queue
[2025-02-27T23:57:24.193+0000] {logging_mixin.py:120} INFO - [2025-02-27T23:57:24.193+0000] {dagbag.py:537} INFO - Filling up the DagBag from /home/airflow/.local/lib/python3.7/site-packages/airflow/example_dags/tutorial_dag.py
[2025-02-27T23:57:24.200+0000] {processor.py:766} INFO - DAG(s) dict_keys(['tutorial_dag']) retrieved from /home/airflow/.local/lib/python3.7/site-packages/airflow/example_dags/tutorial_dag.py
[2025-02-27T23:57:24.220+0000] {logging_mixin.py:120} INFO - [2025-02-27T23:57:24.220+0000] {dag.py:2585} INFO - Sync 1 DAGs
[2025-02-27T23:57:24.232+0000] {logging_mixin.py:120} INFO - [2025-02-27T23:57:24.232+0000] {dag.py:3340} INFO - Setting next_dagrun for tutorial_dag to None, run_after=None
[2025-02-27T23:57:24.241+0000] {processor.py:176} INFO - Processing /home/airflow/.local/lib/python3.7/site-packages/airflow/example_dags/tutorial_dag.py took 0.051 seconds
[2025-02-27T23:57:55.107+0000] {processor.py:154} INFO - Started process (PID=1384) to work on /home/airflow/.local/lib/python3.7/site-packages/airflow/example_dags/tutorial_dag.py
[2025-02-27T23:57:55.108+0000] {processor.py:756} INFO - Processing file /home/airflow/.local/lib/python3.7/site-packages/airflow/example_dags/tutorial_dag.py for tasks to queue
[2025-02-27T23:57:55.108+0000] {logging_mixin.py:120} INFO - [2025-02-27T23:57:55.108+0000] {dagbag.py:537} INFO - Filling up the DagBag from /home/airflow/.local/lib/python3.7/site-packages/airflow/example_dags/tutorial_dag.py
[2025-02-27T23:57:55.115+0000] {processor.py:766} INFO - DAG(s) dict_keys(['tutorial_dag']) retrieved from /home/airflow/.local/lib/python3.7/site-packages/airflow/example_dags/tutorial_dag.py
[2025-02-27T23:57:55.137+0000] {logging_mixin.py:120} INFO - [2025-02-27T23:57:55.136+0000] {dag.py:2585} INFO - Sync 1 DAGs
[2025-02-27T23:57:55.151+0000] {logging_mixin.py:120} INFO - [2025-02-27T23:57:55.151+0000] {dag.py:3340} INFO - Setting next_dagrun for tutorial_dag to None, run_after=None
[2025-02-27T23:57:55.169+0000] {processor.py:176} INFO - Processing /home/airflow/.local/lib/python3.7/site-packages/airflow/example_dags/tutorial_dag.py took 0.064 seconds
[2025-02-27T23:58:25.934+0000] {processor.py:154} INFO - Started process (PID=1447) to work on /home/airflow/.local/lib/python3.7/site-packages/airflow/example_dags/tutorial_dag.py
[2025-02-27T23:58:25.935+0000] {processor.py:756} INFO - Processing file /home/airflow/.local/lib/python3.7/site-packages/airflow/example_dags/tutorial_dag.py for tasks to queue
[2025-02-27T23:58:25.935+0000] {logging_mixin.py:120} INFO - [2025-02-27T23:58:25.935+0000] {dagbag.py:537} INFO - Filling up the DagBag from /home/airflow/.local/lib/python3.7/site-packages/airflow/example_dags/tutorial_dag.py
[2025-02-27T23:58:25.942+0000] {processor.py:766} INFO - DAG(s) dict_keys(['tutorial_dag']) retrieved from /home/airflow/.local/lib/python3.7/site-packages/airflow/example_dags/tutorial_dag.py
[2025-02-27T23:58:25.964+0000] {logging_mixin.py:120} INFO - [2025-02-27T23:58:25.964+0000] {dag.py:2585} INFO - Sync 1 DAGs
[2025-02-27T23:58:25.976+0000] {logging_mixin.py:120} INFO - [2025-02-27T23:58:25.976+0000] {dag.py:3340} INFO - Setting next_dagrun for tutorial_dag to None, run_after=None
[2025-02-27T23:58:25.986+0000] {processor.py:176} INFO - Processing /home/airflow/.local/lib/python3.7/site-packages/airflow/example_dags/tutorial_dag.py took 0.054 seconds
[2025-02-27T23:58:56.643+0000] {processor.py:154} INFO - Started process (PID=1511) to work on /home/airflow/.local/lib/python3.7/site-packages/airflow/example_dags/tutorial_dag.py
[2025-02-27T23:58:56.644+0000] {processor.py:756} INFO - Processing file /home/airflow/.local/lib/python3.7/site-packages/airflow/example_dags/tutorial_dag.py for tasks to queue
[2025-02-27T23:58:56.644+0000] {logging_mixin.py:120} INFO - [2025-02-27T23:58:56.644+0000] {dagbag.py:537} INFO - Filling up the DagBag from /home/airflow/.local/lib/python3.7/site-packages/airflow/example_dags/tutorial_dag.py
[2025-02-27T23:58:56.651+0000] {processor.py:766} INFO - DAG(s) dict_keys(['tutorial_dag']) retrieved from /home/airflow/.local/lib/python3.7/site-packages/airflow/example_dags/tutorial_dag.py
[2025-02-27T23:58:56.672+0000] {logging_mixin.py:120} INFO - [2025-02-27T23:58:56.672+0000] {dag.py:2585} INFO - Sync 1 DAGs
[2025-02-27T23:58:56.684+0000] {logging_mixin.py:120} INFO - [2025-02-27T23:58:56.684+0000] {dag.py:3340} INFO - Setting next_dagrun for tutorial_dag to None, run_after=None
[2025-02-27T23:58:56.694+0000] {processor.py:176} INFO - Processing /home/airflow/.local/lib/python3.7/site-packages/airflow/example_dags/tutorial_dag.py took 0.053 seconds
[2025-02-27T23:59:27.400+0000] {processor.py:154} INFO - Started process (PID=1566) to work on /home/airflow/.local/lib/python3.7/site-packages/airflow/example_dags/tutorial_dag.py
[2025-02-27T23:59:27.401+0000] {processor.py:756} INFO - Processing file /home/airflow/.local/lib/python3.7/site-packages/airflow/example_dags/tutorial_dag.py for tasks to queue
[2025-02-27T23:59:27.403+0000] {logging_mixin.py:120} INFO - [2025-02-27T23:59:27.403+0000] {dagbag.py:537} INFO - Filling up the DagBag from /home/airflow/.local/lib/python3.7/site-packages/airflow/example_dags/tutorial_dag.py
[2025-02-27T23:59:27.411+0000] {processor.py:766} INFO - DAG(s) dict_keys(['tutorial_dag']) retrieved from /home/airflow/.local/lib/python3.7/site-packages/airflow/example_dags/tutorial_dag.py
[2025-02-27T23:59:27.431+0000] {logging_mixin.py:120} INFO - [2025-02-27T23:59:27.431+0000] {dag.py:2585} INFO - Sync 1 DAGs
[2025-02-27T23:59:27.445+0000] {logging_mixin.py:120} INFO - [2025-02-27T23:59:27.445+0000] {dag.py:3340} INFO - Setting next_dagrun for tutorial_dag to None, run_after=None
[2025-02-27T23:59:27.454+0000] {processor.py:176} INFO - Processing /home/airflow/.local/lib/python3.7/site-packages/airflow/example_dags/tutorial_dag.py took 0.056 seconds
[2025-02-27T23:59:58.229+0000] {processor.py:154} INFO - Started process (PID=1630) to work on /home/airflow/.local/lib/python3.7/site-packages/airflow/example_dags/tutorial_dag.py
[2025-02-27T23:59:58.231+0000] {processor.py:756} INFO - Processing file /home/airflow/.local/lib/python3.7/site-packages/airflow/example_dags/tutorial_dag.py for tasks to queue
[2025-02-27T23:59:58.231+0000] {logging_mixin.py:120} INFO - [2025-02-27T23:59:58.231+0000] {dagbag.py:537} INFO - Filling up the DagBag from /home/airflow/.local/lib/python3.7/site-packages/airflow/example_dags/tutorial_dag.py
[2025-02-27T23:59:58.238+0000] {processor.py:766} INFO - DAG(s) dict_keys(['tutorial_dag']) retrieved from /home/airflow/.local/lib/python3.7/site-packages/airflow/example_dags/tutorial_dag.py
[2025-02-27T23:59:58.269+0000] {logging_mixin.py:120} INFO - [2025-02-27T23:59:58.269+0000] {dag.py:2585} INFO - Sync 1 DAGs
[2025-02-27T23:59:58.286+0000] {logging_mixin.py:120} INFO - [2025-02-27T23:59:58.286+0000] {dag.py:3340} INFO - Setting next_dagrun for tutorial_dag to None, run_after=None
[2025-02-27T23:59:58.298+0000] {processor.py:176} INFO - Processing /home/airflow/.local/lib/python3.7/site-packages/airflow/example_dags/tutorial_dag.py took 0.070 seconds
