[2025-02-27T23:47:05.264+0000] {processor.py:154} INFO - Started process (PID=36) to work on /opt/airflow/dags/scraper.py
[2025-02-27T23:47:05.265+0000] {processor.py:756} INFO - Processing file /opt/airflow/dags/scraper.py for tasks to queue
[2025-02-27T23:47:05.265+0000] {logging_mixin.py:120} INFO - [2025-02-27T23:47:05.265+0000] {dagbag.py:537} INFO - Filling up the DagBag from /opt/airflow/dags/scraper.py
[2025-02-27T23:47:05.286+0000] {processor.py:766} INFO - DAG(s) dict_keys(['apartments_com_scraper', 'store_mysql']) retrieved from /opt/airflow/dags/scraper.py
[2025-02-27T23:47:05.320+0000] {logging_mixin.py:120} INFO - [2025-02-27T23:47:05.320+0000] {dag.py:2585} INFO - Sync 2 DAGs
[2025-02-27T23:47:05.340+0000] {logging_mixin.py:120} INFO - [2025-02-27T23:47:05.340+0000] {dag.py:3340} INFO - Setting next_dagrun for apartments_com_scraper to 2025-02-26T00:00:00+00:00, run_after=2025-02-27T00:00:00+00:00
[2025-02-27T23:47:05.345+0000] {logging_mixin.py:120} INFO - [2025-02-27T23:47:05.345+0000] {dag.py:3340} INFO - Setting next_dagrun for store_mysql to 2025-02-26T00:00:00+00:00, run_after=2025-02-27T00:00:00+00:00
[2025-02-27T23:47:05.357+0000] {processor.py:176} INFO - Processing /opt/airflow/dags/scraper.py took 0.097 seconds
[2025-02-27T23:47:35.837+0000] {processor.py:154} INFO - Started process (PID=100) to work on /opt/airflow/dags/scraper.py
[2025-02-27T23:47:35.840+0000] {processor.py:756} INFO - Processing file /opt/airflow/dags/scraper.py for tasks to queue
[2025-02-27T23:47:35.842+0000] {logging_mixin.py:120} INFO - [2025-02-27T23:47:35.842+0000] {dagbag.py:537} INFO - Filling up the DagBag from /opt/airflow/dags/scraper.py
[2025-02-27T23:47:35.873+0000] {processor.py:766} INFO - DAG(s) dict_keys(['store_mysql', 'apartments_com_scraper']) retrieved from /opt/airflow/dags/scraper.py
[2025-02-27T23:47:35.903+0000] {logging_mixin.py:120} INFO - [2025-02-27T23:47:35.902+0000] {dag.py:2585} INFO - Sync 2 DAGs
[2025-02-27T23:47:35.917+0000] {logging_mixin.py:120} INFO - [2025-02-27T23:47:35.917+0000] {dag.py:3340} INFO - Setting next_dagrun for apartments_com_scraper to 2025-02-26T00:00:00+00:00, run_after=2025-02-27T00:00:00+00:00
[2025-02-27T23:47:35.919+0000] {logging_mixin.py:120} INFO - [2025-02-27T23:47:35.919+0000] {dag.py:3340} INFO - Setting next_dagrun for store_mysql to 2025-02-26T00:00:00+00:00, run_after=2025-02-27T00:00:00+00:00
[2025-02-27T23:47:35.930+0000] {processor.py:176} INFO - Processing /opt/airflow/dags/scraper.py took 0.101 seconds
[2025-02-27T23:48:06.013+0000] {processor.py:154} INFO - Started process (PID=165) to work on /opt/airflow/dags/scraper.py
[2025-02-27T23:48:06.015+0000] {processor.py:756} INFO - Processing file /opt/airflow/dags/scraper.py for tasks to queue
[2025-02-27T23:48:06.016+0000] {logging_mixin.py:120} INFO - [2025-02-27T23:48:06.016+0000] {dagbag.py:537} INFO - Filling up the DagBag from /opt/airflow/dags/scraper.py
[2025-02-27T23:48:06.026+0000] {processor.py:766} INFO - DAG(s) dict_keys(['store_mysql', 'apartments_com_scraper']) retrieved from /opt/airflow/dags/scraper.py
[2025-02-27T23:48:06.085+0000] {logging_mixin.py:120} INFO - [2025-02-27T23:48:06.085+0000] {dag.py:2585} INFO - Sync 2 DAGs
[2025-02-27T23:48:06.098+0000] {logging_mixin.py:120} INFO - [2025-02-27T23:48:06.098+0000] {dag.py:3340} INFO - Setting next_dagrun for apartments_com_scraper to 2025-02-26T00:00:00+00:00, run_after=2025-02-27T00:00:00+00:00
[2025-02-27T23:48:06.101+0000] {logging_mixin.py:120} INFO - [2025-02-27T23:48:06.101+0000] {dag.py:3340} INFO - Setting next_dagrun for store_mysql to 2025-02-26T00:00:00+00:00, run_after=2025-02-27T00:00:00+00:00
[2025-02-27T23:48:06.114+0000] {processor.py:176} INFO - Processing /opt/airflow/dags/scraper.py took 0.104 seconds
[2025-02-27T23:48:36.593+0000] {processor.py:154} INFO - Started process (PID=229) to work on /opt/airflow/dags/scraper.py
[2025-02-27T23:48:36.595+0000] {processor.py:756} INFO - Processing file /opt/airflow/dags/scraper.py for tasks to queue
[2025-02-27T23:48:36.596+0000] {logging_mixin.py:120} INFO - [2025-02-27T23:48:36.596+0000] {dagbag.py:537} INFO - Filling up the DagBag from /opt/airflow/dags/scraper.py
[2025-02-27T23:48:36.613+0000] {processor.py:766} INFO - DAG(s) dict_keys(['store_mysql', 'apartments_com_scraper']) retrieved from /opt/airflow/dags/scraper.py
[2025-02-27T23:48:36.661+0000] {logging_mixin.py:120} INFO - [2025-02-27T23:48:36.661+0000] {dag.py:2585} INFO - Sync 2 DAGs
[2025-02-27T23:48:36.681+0000] {logging_mixin.py:120} INFO - [2025-02-27T23:48:36.680+0000] {dag.py:3340} INFO - Setting next_dagrun for apartments_com_scraper to 2025-02-26T00:00:00+00:00, run_after=2025-02-27T00:00:00+00:00
[2025-02-27T23:48:36.684+0000] {logging_mixin.py:120} INFO - [2025-02-27T23:48:36.684+0000] {dag.py:3340} INFO - Setting next_dagrun for store_mysql to 2025-02-26T00:00:00+00:00, run_after=2025-02-27T00:00:00+00:00
[2025-02-27T23:48:36.713+0000] {processor.py:176} INFO - Processing /opt/airflow/dags/scraper.py took 0.123 seconds
[2025-02-27T23:49:07.525+0000] {processor.py:154} INFO - Started process (PID=284) to work on /opt/airflow/dags/scraper.py
[2025-02-27T23:49:07.528+0000] {processor.py:756} INFO - Processing file /opt/airflow/dags/scraper.py for tasks to queue
[2025-02-27T23:49:07.529+0000] {logging_mixin.py:120} INFO - [2025-02-27T23:49:07.529+0000] {dagbag.py:537} INFO - Filling up the DagBag from /opt/airflow/dags/scraper.py
[2025-02-27T23:49:07.565+0000] {processor.py:766} INFO - DAG(s) dict_keys(['apartments_com_scraper', 'store_mysql']) retrieved from /opt/airflow/dags/scraper.py
[2025-02-27T23:49:07.603+0000] {logging_mixin.py:120} INFO - [2025-02-27T23:49:07.603+0000] {dag.py:2585} INFO - Sync 2 DAGs
[2025-02-27T23:49:07.619+0000] {logging_mixin.py:120} INFO - [2025-02-27T23:49:07.619+0000] {dag.py:3340} INFO - Setting next_dagrun for apartments_com_scraper to 2025-02-26T00:00:00+00:00, run_after=2025-02-27T00:00:00+00:00
[2025-02-27T23:49:07.622+0000] {logging_mixin.py:120} INFO - [2025-02-27T23:49:07.622+0000] {dag.py:3340} INFO - Setting next_dagrun for store_mysql to 2025-02-26T00:00:00+00:00, run_after=2025-02-27T00:00:00+00:00
[2025-02-27T23:49:07.630+0000] {processor.py:176} INFO - Processing /opt/airflow/dags/scraper.py took 0.112 seconds
[2025-02-27T23:49:38.441+0000] {processor.py:154} INFO - Started process (PID=348) to work on /opt/airflow/dags/scraper.py
[2025-02-27T23:49:38.444+0000] {processor.py:756} INFO - Processing file /opt/airflow/dags/scraper.py for tasks to queue
[2025-02-27T23:49:38.445+0000] {logging_mixin.py:120} INFO - [2025-02-27T23:49:38.445+0000] {dagbag.py:537} INFO - Filling up the DagBag from /opt/airflow/dags/scraper.py
[2025-02-27T23:49:38.464+0000] {processor.py:766} INFO - DAG(s) dict_keys(['apartments_com_scraper', 'store_mysql']) retrieved from /opt/airflow/dags/scraper.py
[2025-02-27T23:49:38.490+0000] {logging_mixin.py:120} INFO - [2025-02-27T23:49:38.490+0000] {dag.py:2585} INFO - Sync 2 DAGs
[2025-02-27T23:49:38.505+0000] {logging_mixin.py:120} INFO - [2025-02-27T23:49:38.505+0000] {dag.py:3340} INFO - Setting next_dagrun for apartments_com_scraper to 2025-02-26T00:00:00+00:00, run_after=2025-02-27T00:00:00+00:00
[2025-02-27T23:49:38.508+0000] {logging_mixin.py:120} INFO - [2025-02-27T23:49:38.508+0000] {dag.py:3340} INFO - Setting next_dagrun for store_mysql to 2025-02-26T00:00:00+00:00, run_after=2025-02-27T00:00:00+00:00
[2025-02-27T23:49:38.516+0000] {processor.py:176} INFO - Processing /opt/airflow/dags/scraper.py took 0.080 seconds
[2025-02-27T23:50:09.225+0000] {processor.py:154} INFO - Started process (PID=412) to work on /opt/airflow/dags/scraper.py
[2025-02-27T23:50:09.229+0000] {processor.py:756} INFO - Processing file /opt/airflow/dags/scraper.py for tasks to queue
[2025-02-27T23:50:09.231+0000] {logging_mixin.py:120} INFO - [2025-02-27T23:50:09.231+0000] {dagbag.py:537} INFO - Filling up the DagBag from /opt/airflow/dags/scraper.py
[2025-02-27T23:50:09.255+0000] {processor.py:766} INFO - DAG(s) dict_keys(['apartments_com_scraper', 'store_mysql']) retrieved from /opt/airflow/dags/scraper.py
[2025-02-27T23:50:09.285+0000] {logging_mixin.py:120} INFO - [2025-02-27T23:50:09.285+0000] {dag.py:2585} INFO - Sync 2 DAGs
[2025-02-27T23:50:09.302+0000] {logging_mixin.py:120} INFO - [2025-02-27T23:50:09.302+0000] {dag.py:3340} INFO - Setting next_dagrun for apartments_com_scraper to 2025-02-26T00:00:00+00:00, run_after=2025-02-27T00:00:00+00:00
[2025-02-27T23:50:09.304+0000] {logging_mixin.py:120} INFO - [2025-02-27T23:50:09.304+0000] {dag.py:3340} INFO - Setting next_dagrun for store_mysql to 2025-02-26T00:00:00+00:00, run_after=2025-02-27T00:00:00+00:00
[2025-02-27T23:50:09.312+0000] {processor.py:176} INFO - Processing /opt/airflow/dags/scraper.py took 0.094 seconds
[2025-02-27T23:50:40.156+0000] {processor.py:154} INFO - Started process (PID=476) to work on /opt/airflow/dags/scraper.py
[2025-02-27T23:50:40.158+0000] {processor.py:756} INFO - Processing file /opt/airflow/dags/scraper.py for tasks to queue
[2025-02-27T23:50:40.160+0000] {logging_mixin.py:120} INFO - [2025-02-27T23:50:40.159+0000] {dagbag.py:537} INFO - Filling up the DagBag from /opt/airflow/dags/scraper.py
[2025-02-27T23:50:40.180+0000] {processor.py:766} INFO - DAG(s) dict_keys(['store_mysql', 'apartments_com_scraper']) retrieved from /opt/airflow/dags/scraper.py
[2025-02-27T23:50:40.206+0000] {logging_mixin.py:120} INFO - [2025-02-27T23:50:40.206+0000] {dag.py:2585} INFO - Sync 2 DAGs
[2025-02-27T23:50:40.220+0000] {logging_mixin.py:120} INFO - [2025-02-27T23:50:40.220+0000] {dag.py:3340} INFO - Setting next_dagrun for apartments_com_scraper to 2025-02-26T00:00:00+00:00, run_after=2025-02-27T00:00:00+00:00
[2025-02-27T23:50:40.222+0000] {logging_mixin.py:120} INFO - [2025-02-27T23:50:40.222+0000] {dag.py:3340} INFO - Setting next_dagrun for store_mysql to 2025-02-26T00:00:00+00:00, run_after=2025-02-27T00:00:00+00:00
[2025-02-27T23:50:40.230+0000] {processor.py:176} INFO - Processing /opt/airflow/dags/scraper.py took 0.080 seconds
[2025-02-27T23:51:11.008+0000] {processor.py:154} INFO - Started process (PID=540) to work on /opt/airflow/dags/scraper.py
[2025-02-27T23:51:11.010+0000] {processor.py:756} INFO - Processing file /opt/airflow/dags/scraper.py for tasks to queue
[2025-02-27T23:51:11.011+0000] {logging_mixin.py:120} INFO - [2025-02-27T23:51:11.011+0000] {dagbag.py:537} INFO - Filling up the DagBag from /opt/airflow/dags/scraper.py
[2025-02-27T23:51:11.034+0000] {processor.py:766} INFO - DAG(s) dict_keys(['apartments_com_scraper', 'store_mysql']) retrieved from /opt/airflow/dags/scraper.py
[2025-02-27T23:51:11.062+0000] {logging_mixin.py:120} INFO - [2025-02-27T23:51:11.062+0000] {dag.py:2585} INFO - Sync 2 DAGs
[2025-02-27T23:51:11.076+0000] {logging_mixin.py:120} INFO - [2025-02-27T23:51:11.076+0000] {dag.py:3340} INFO - Setting next_dagrun for apartments_com_scraper to 2025-02-26T00:00:00+00:00, run_after=2025-02-27T00:00:00+00:00
[2025-02-27T23:51:11.079+0000] {logging_mixin.py:120} INFO - [2025-02-27T23:51:11.078+0000] {dag.py:3340} INFO - Setting next_dagrun for store_mysql to 2025-02-26T00:00:00+00:00, run_after=2025-02-27T00:00:00+00:00
[2025-02-27T23:51:11.087+0000] {processor.py:176} INFO - Processing /opt/airflow/dags/scraper.py took 0.085 seconds
[2025-02-27T23:51:41.811+0000] {processor.py:154} INFO - Started process (PID=604) to work on /opt/airflow/dags/scraper.py
[2025-02-27T23:51:41.812+0000] {processor.py:756} INFO - Processing file /opt/airflow/dags/scraper.py for tasks to queue
[2025-02-27T23:51:41.813+0000] {logging_mixin.py:120} INFO - [2025-02-27T23:51:41.813+0000] {dagbag.py:537} INFO - Filling up the DagBag from /opt/airflow/dags/scraper.py
[2025-02-27T23:51:41.823+0000] {processor.py:766} INFO - DAG(s) dict_keys(['apartments_com_scraper', 'store_mysql']) retrieved from /opt/airflow/dags/scraper.py
[2025-02-27T23:51:41.843+0000] {logging_mixin.py:120} INFO - [2025-02-27T23:51:41.843+0000] {dag.py:2585} INFO - Sync 2 DAGs
[2025-02-27T23:51:41.857+0000] {logging_mixin.py:120} INFO - [2025-02-27T23:51:41.857+0000] {dag.py:3340} INFO - Setting next_dagrun for apartments_com_scraper to 2025-02-26T00:00:00+00:00, run_after=2025-02-27T00:00:00+00:00
[2025-02-27T23:51:41.859+0000] {logging_mixin.py:120} INFO - [2025-02-27T23:51:41.859+0000] {dag.py:3340} INFO - Setting next_dagrun for store_mysql to 2025-02-26T00:00:00+00:00, run_after=2025-02-27T00:00:00+00:00
[2025-02-27T23:51:41.867+0000] {processor.py:176} INFO - Processing /opt/airflow/dags/scraper.py took 0.059 seconds
[2025-02-27T23:52:12.745+0000] {processor.py:154} INFO - Started process (PID=668) to work on /opt/airflow/dags/scraper.py
[2025-02-27T23:52:12.749+0000] {processor.py:756} INFO - Processing file /opt/airflow/dags/scraper.py for tasks to queue
[2025-02-27T23:52:12.750+0000] {logging_mixin.py:120} INFO - [2025-02-27T23:52:12.750+0000] {dagbag.py:537} INFO - Filling up the DagBag from /opt/airflow/dags/scraper.py
[2025-02-27T23:52:12.768+0000] {processor.py:766} INFO - DAG(s) dict_keys(['apartments_com_scraper', 'store_mysql']) retrieved from /opt/airflow/dags/scraper.py
[2025-02-27T23:52:12.793+0000] {logging_mixin.py:120} INFO - [2025-02-27T23:52:12.793+0000] {dag.py:2585} INFO - Sync 2 DAGs
[2025-02-27T23:52:12.807+0000] {logging_mixin.py:120} INFO - [2025-02-27T23:52:12.807+0000] {dag.py:3340} INFO - Setting next_dagrun for apartments_com_scraper to 2025-02-26T00:00:00+00:00, run_after=2025-02-27T00:00:00+00:00
[2025-02-27T23:52:12.810+0000] {logging_mixin.py:120} INFO - [2025-02-27T23:52:12.810+0000] {dag.py:3340} INFO - Setting next_dagrun for store_mysql to 2025-02-26T00:00:00+00:00, run_after=2025-02-27T00:00:00+00:00
[2025-02-27T23:52:12.818+0000] {processor.py:176} INFO - Processing /opt/airflow/dags/scraper.py took 0.079 seconds
[2025-02-27T23:52:43.534+0000] {processor.py:154} INFO - Started process (PID=731) to work on /opt/airflow/dags/scraper.py
[2025-02-27T23:52:43.536+0000] {processor.py:756} INFO - Processing file /opt/airflow/dags/scraper.py for tasks to queue
[2025-02-27T23:52:43.537+0000] {logging_mixin.py:120} INFO - [2025-02-27T23:52:43.537+0000] {dagbag.py:537} INFO - Filling up the DagBag from /opt/airflow/dags/scraper.py
[2025-02-27T23:52:43.546+0000] {processor.py:766} INFO - DAG(s) dict_keys(['store_mysql', 'apartments_com_scraper']) retrieved from /opt/airflow/dags/scraper.py
[2025-02-27T23:52:43.566+0000] {logging_mixin.py:120} INFO - [2025-02-27T23:52:43.565+0000] {dag.py:2585} INFO - Sync 2 DAGs
[2025-02-27T23:52:43.581+0000] {logging_mixin.py:120} INFO - [2025-02-27T23:52:43.581+0000] {dag.py:3340} INFO - Setting next_dagrun for apartments_com_scraper to 2025-02-26T00:00:00+00:00, run_after=2025-02-27T00:00:00+00:00
[2025-02-27T23:52:43.584+0000] {logging_mixin.py:120} INFO - [2025-02-27T23:52:43.584+0000] {dag.py:3340} INFO - Setting next_dagrun for store_mysql to 2025-02-26T00:00:00+00:00, run_after=2025-02-27T00:00:00+00:00
[2025-02-27T23:52:43.594+0000] {processor.py:176} INFO - Processing /opt/airflow/dags/scraper.py took 0.062 seconds
[2025-02-27T23:53:14.345+0000] {processor.py:154} INFO - Started process (PID=793) to work on /opt/airflow/dags/scraper.py
[2025-02-27T23:53:14.346+0000] {processor.py:756} INFO - Processing file /opt/airflow/dags/scraper.py for tasks to queue
[2025-02-27T23:53:14.346+0000] {logging_mixin.py:120} INFO - [2025-02-27T23:53:14.346+0000] {dagbag.py:537} INFO - Filling up the DagBag from /opt/airflow/dags/scraper.py
[2025-02-27T23:53:14.356+0000] {processor.py:766} INFO - DAG(s) dict_keys(['apartments_com_scraper', 'store_mysql']) retrieved from /opt/airflow/dags/scraper.py
[2025-02-27T23:53:14.376+0000] {logging_mixin.py:120} INFO - [2025-02-27T23:53:14.376+0000] {dag.py:2585} INFO - Sync 2 DAGs
[2025-02-27T23:53:14.389+0000] {logging_mixin.py:120} INFO - [2025-02-27T23:53:14.389+0000] {dag.py:3340} INFO - Setting next_dagrun for apartments_com_scraper to 2025-02-26T00:00:00+00:00, run_after=2025-02-27T00:00:00+00:00
[2025-02-27T23:53:14.391+0000] {logging_mixin.py:120} INFO - [2025-02-27T23:53:14.391+0000] {dag.py:3340} INFO - Setting next_dagrun for store_mysql to 2025-02-26T00:00:00+00:00, run_after=2025-02-27T00:00:00+00:00
[2025-02-27T23:53:14.399+0000] {processor.py:176} INFO - Processing /opt/airflow/dags/scraper.py took 0.056 seconds
[2025-02-27T23:53:45.200+0000] {processor.py:154} INFO - Started process (PID=848) to work on /opt/airflow/dags/scraper.py
[2025-02-27T23:53:45.204+0000] {processor.py:756} INFO - Processing file /opt/airflow/dags/scraper.py for tasks to queue
[2025-02-27T23:53:45.206+0000] {logging_mixin.py:120} INFO - [2025-02-27T23:53:45.206+0000] {dagbag.py:537} INFO - Filling up the DagBag from /opt/airflow/dags/scraper.py
[2025-02-27T23:53:45.230+0000] {processor.py:766} INFO - DAG(s) dict_keys(['apartments_com_scraper', 'store_mysql']) retrieved from /opt/airflow/dags/scraper.py
[2025-02-27T23:53:45.257+0000] {logging_mixin.py:120} INFO - [2025-02-27T23:53:45.257+0000] {dag.py:2585} INFO - Sync 2 DAGs
[2025-02-27T23:53:45.272+0000] {logging_mixin.py:120} INFO - [2025-02-27T23:53:45.272+0000] {dag.py:3340} INFO - Setting next_dagrun for apartments_com_scraper to 2025-02-26T00:00:00+00:00, run_after=2025-02-27T00:00:00+00:00
[2025-02-27T23:53:45.275+0000] {logging_mixin.py:120} INFO - [2025-02-27T23:53:45.275+0000] {dag.py:3340} INFO - Setting next_dagrun for store_mysql to 2025-02-26T00:00:00+00:00, run_after=2025-02-27T00:00:00+00:00
[2025-02-27T23:53:45.283+0000] {processor.py:176} INFO - Processing /opt/airflow/dags/scraper.py took 0.090 seconds
[2025-02-27T23:54:16.023+0000] {processor.py:154} INFO - Started process (PID=912) to work on /opt/airflow/dags/scraper.py
[2025-02-27T23:54:16.025+0000] {processor.py:756} INFO - Processing file /opt/airflow/dags/scraper.py for tasks to queue
[2025-02-27T23:54:16.025+0000] {logging_mixin.py:120} INFO - [2025-02-27T23:54:16.025+0000] {dagbag.py:537} INFO - Filling up the DagBag from /opt/airflow/dags/scraper.py
[2025-02-27T23:54:16.047+0000] {processor.py:766} INFO - DAG(s) dict_keys(['store_mysql', 'apartments_com_scraper']) retrieved from /opt/airflow/dags/scraper.py
[2025-02-27T23:54:16.078+0000] {logging_mixin.py:120} INFO - [2025-02-27T23:54:16.078+0000] {dag.py:2585} INFO - Sync 2 DAGs
[2025-02-27T23:54:16.094+0000] {logging_mixin.py:120} INFO - [2025-02-27T23:54:16.094+0000] {dag.py:3340} INFO - Setting next_dagrun for apartments_com_scraper to 2025-02-26T00:00:00+00:00, run_after=2025-02-27T00:00:00+00:00
[2025-02-27T23:54:16.097+0000] {logging_mixin.py:120} INFO - [2025-02-27T23:54:16.097+0000] {dag.py:3340} INFO - Setting next_dagrun for store_mysql to 2025-02-26T00:00:00+00:00, run_after=2025-02-27T00:00:00+00:00
[2025-02-27T23:54:16.106+0000] {processor.py:176} INFO - Processing /opt/airflow/dags/scraper.py took 0.087 seconds
[2025-02-27T23:54:47.036+0000] {processor.py:154} INFO - Started process (PID=975) to work on /opt/airflow/dags/scraper.py
[2025-02-27T23:54:47.038+0000] {processor.py:756} INFO - Processing file /opt/airflow/dags/scraper.py for tasks to queue
[2025-02-27T23:54:47.040+0000] {logging_mixin.py:120} INFO - [2025-02-27T23:54:47.040+0000] {dagbag.py:537} INFO - Filling up the DagBag from /opt/airflow/dags/scraper.py
[2025-02-27T23:54:47.064+0000] {processor.py:766} INFO - DAG(s) dict_keys(['apartments_com_scraper', 'store_mysql']) retrieved from /opt/airflow/dags/scraper.py
[2025-02-27T23:54:47.093+0000] {logging_mixin.py:120} INFO - [2025-02-27T23:54:47.092+0000] {dag.py:2585} INFO - Sync 2 DAGs
[2025-02-27T23:54:47.106+0000] {logging_mixin.py:120} INFO - [2025-02-27T23:54:47.106+0000] {dag.py:3340} INFO - Setting next_dagrun for apartments_com_scraper to 2025-02-26T00:00:00+00:00, run_after=2025-02-27T00:00:00+00:00
[2025-02-27T23:54:47.108+0000] {logging_mixin.py:120} INFO - [2025-02-27T23:54:47.108+0000] {dag.py:3340} INFO - Setting next_dagrun for store_mysql to 2025-02-26T00:00:00+00:00, run_after=2025-02-27T00:00:00+00:00
[2025-02-27T23:54:47.116+0000] {processor.py:176} INFO - Processing /opt/airflow/dags/scraper.py took 0.087 seconds
[2025-02-27T23:55:17.820+0000] {processor.py:154} INFO - Started process (PID=1039) to work on /opt/airflow/dags/scraper.py
[2025-02-27T23:55:17.822+0000] {processor.py:756} INFO - Processing file /opt/airflow/dags/scraper.py for tasks to queue
[2025-02-27T23:55:17.823+0000] {logging_mixin.py:120} INFO - [2025-02-27T23:55:17.823+0000] {dagbag.py:537} INFO - Filling up the DagBag from /opt/airflow/dags/scraper.py
[2025-02-27T23:55:17.842+0000] {processor.py:766} INFO - DAG(s) dict_keys(['apartments_com_scraper', 'store_mysql']) retrieved from /opt/airflow/dags/scraper.py
[2025-02-27T23:55:17.867+0000] {logging_mixin.py:120} INFO - [2025-02-27T23:55:17.867+0000] {dag.py:2585} INFO - Sync 2 DAGs
[2025-02-27T23:55:17.884+0000] {logging_mixin.py:120} INFO - [2025-02-27T23:55:17.884+0000] {dag.py:3340} INFO - Setting next_dagrun for apartments_com_scraper to 2025-02-26T00:00:00+00:00, run_after=2025-02-27T00:00:00+00:00
[2025-02-27T23:55:17.887+0000] {logging_mixin.py:120} INFO - [2025-02-27T23:55:17.887+0000] {dag.py:3340} INFO - Setting next_dagrun for store_mysql to 2025-02-26T00:00:00+00:00, run_after=2025-02-27T00:00:00+00:00
[2025-02-27T23:55:17.897+0000] {processor.py:176} INFO - Processing /opt/airflow/dags/scraper.py took 0.081 seconds
[2025-02-27T23:55:48.586+0000] {processor.py:154} INFO - Started process (PID=1103) to work on /opt/airflow/dags/scraper.py
[2025-02-27T23:55:48.589+0000] {processor.py:756} INFO - Processing file /opt/airflow/dags/scraper.py for tasks to queue
[2025-02-27T23:55:48.591+0000] {logging_mixin.py:120} INFO - [2025-02-27T23:55:48.590+0000] {dagbag.py:537} INFO - Filling up the DagBag from /opt/airflow/dags/scraper.py
[2025-02-27T23:55:48.611+0000] {processor.py:766} INFO - DAG(s) dict_keys(['apartments_com_scraper', 'store_mysql']) retrieved from /opt/airflow/dags/scraper.py
[2025-02-27T23:55:48.637+0000] {logging_mixin.py:120} INFO - [2025-02-27T23:55:48.637+0000] {dag.py:2585} INFO - Sync 2 DAGs
[2025-02-27T23:55:48.652+0000] {logging_mixin.py:120} INFO - [2025-02-27T23:55:48.652+0000] {dag.py:3340} INFO - Setting next_dagrun for apartments_com_scraper to 2025-02-26T00:00:00+00:00, run_after=2025-02-27T00:00:00+00:00
[2025-02-27T23:55:48.655+0000] {logging_mixin.py:120} INFO - [2025-02-27T23:55:48.655+0000] {dag.py:3340} INFO - Setting next_dagrun for store_mysql to 2025-02-26T00:00:00+00:00, run_after=2025-02-27T00:00:00+00:00
[2025-02-27T23:55:48.663+0000] {processor.py:176} INFO - Processing /opt/airflow/dags/scraper.py took 0.084 seconds
[2025-02-27T23:56:19.312+0000] {processor.py:154} INFO - Started process (PID=1167) to work on /opt/airflow/dags/scraper.py
[2025-02-27T23:56:19.313+0000] {processor.py:756} INFO - Processing file /opt/airflow/dags/scraper.py for tasks to queue
[2025-02-27T23:56:19.314+0000] {logging_mixin.py:120} INFO - [2025-02-27T23:56:19.313+0000] {dagbag.py:537} INFO - Filling up the DagBag from /opt/airflow/dags/scraper.py
[2025-02-27T23:56:19.325+0000] {processor.py:766} INFO - DAG(s) dict_keys(['apartments_com_scraper', 'store_mysql']) retrieved from /opt/airflow/dags/scraper.py
[2025-02-27T23:56:19.348+0000] {logging_mixin.py:120} INFO - [2025-02-27T23:56:19.348+0000] {dag.py:2585} INFO - Sync 2 DAGs
[2025-02-27T23:56:19.364+0000] {logging_mixin.py:120} INFO - [2025-02-27T23:56:19.364+0000] {dag.py:3340} INFO - Setting next_dagrun for apartments_com_scraper to 2025-02-26T00:00:00+00:00, run_after=2025-02-27T00:00:00+00:00
[2025-02-27T23:56:19.366+0000] {logging_mixin.py:120} INFO - [2025-02-27T23:56:19.366+0000] {dag.py:3340} INFO - Setting next_dagrun for store_mysql to 2025-02-26T00:00:00+00:00, run_after=2025-02-27T00:00:00+00:00
[2025-02-27T23:56:19.376+0000] {processor.py:176} INFO - Processing /opt/airflow/dags/scraper.py took 0.067 seconds
[2025-02-27T23:56:50.121+0000] {processor.py:154} INFO - Started process (PID=1231) to work on /opt/airflow/dags/scraper.py
[2025-02-27T23:56:50.123+0000] {processor.py:756} INFO - Processing file /opt/airflow/dags/scraper.py for tasks to queue
[2025-02-27T23:56:50.124+0000] {logging_mixin.py:120} INFO - [2025-02-27T23:56:50.123+0000] {dagbag.py:537} INFO - Filling up the DagBag from /opt/airflow/dags/scraper.py
[2025-02-27T23:56:50.138+0000] {processor.py:766} INFO - DAG(s) dict_keys(['apartments_com_scraper', 'store_mysql']) retrieved from /opt/airflow/dags/scraper.py
[2025-02-27T23:56:50.164+0000] {logging_mixin.py:120} INFO - [2025-02-27T23:56:50.164+0000] {dag.py:2585} INFO - Sync 2 DAGs
[2025-02-27T23:56:50.178+0000] {logging_mixin.py:120} INFO - [2025-02-27T23:56:50.178+0000] {dag.py:3340} INFO - Setting next_dagrun for apartments_com_scraper to 2025-02-26T00:00:00+00:00, run_after=2025-02-27T00:00:00+00:00
[2025-02-27T23:56:50.180+0000] {logging_mixin.py:120} INFO - [2025-02-27T23:56:50.180+0000] {dag.py:3340} INFO - Setting next_dagrun for store_mysql to 2025-02-26T00:00:00+00:00, run_after=2025-02-27T00:00:00+00:00
[2025-02-27T23:56:50.189+0000] {processor.py:176} INFO - Processing /opt/airflow/dags/scraper.py took 0.070 seconds
[2025-02-27T23:57:21.001+0000] {processor.py:154} INFO - Started process (PID=1295) to work on /opt/airflow/dags/scraper.py
[2025-02-27T23:57:21.002+0000] {processor.py:756} INFO - Processing file /opt/airflow/dags/scraper.py for tasks to queue
[2025-02-27T23:57:21.003+0000] {logging_mixin.py:120} INFO - [2025-02-27T23:57:21.003+0000] {dagbag.py:537} INFO - Filling up the DagBag from /opt/airflow/dags/scraper.py
[2025-02-27T23:57:21.016+0000] {processor.py:766} INFO - DAG(s) dict_keys(['apartments_com_scraper', 'store_mysql']) retrieved from /opt/airflow/dags/scraper.py
[2025-02-27T23:57:21.039+0000] {logging_mixin.py:120} INFO - [2025-02-27T23:57:21.039+0000] {dag.py:2585} INFO - Sync 2 DAGs
[2025-02-27T23:57:21.054+0000] {logging_mixin.py:120} INFO - [2025-02-27T23:57:21.054+0000] {dag.py:3340} INFO - Setting next_dagrun for apartments_com_scraper to 2025-02-26T00:00:00+00:00, run_after=2025-02-27T00:00:00+00:00
[2025-02-27T23:57:21.057+0000] {logging_mixin.py:120} INFO - [2025-02-27T23:57:21.057+0000] {dag.py:3340} INFO - Setting next_dagrun for store_mysql to 2025-02-26T00:00:00+00:00, run_after=2025-02-27T00:00:00+00:00
[2025-02-27T23:57:21.067+0000] {processor.py:176} INFO - Processing /opt/airflow/dags/scraper.py took 0.069 seconds
[2025-02-27T23:57:51.893+0000] {processor.py:154} INFO - Started process (PID=1358) to work on /opt/airflow/dags/scraper.py
[2025-02-27T23:57:51.896+0000] {processor.py:756} INFO - Processing file /opt/airflow/dags/scraper.py for tasks to queue
[2025-02-27T23:57:51.896+0000] {logging_mixin.py:120} INFO - [2025-02-27T23:57:51.896+0000] {dagbag.py:537} INFO - Filling up the DagBag from /opt/airflow/dags/scraper.py
[2025-02-27T23:57:51.910+0000] {processor.py:766} INFO - DAG(s) dict_keys(['apartments_com_scraper', 'store_mysql']) retrieved from /opt/airflow/dags/scraper.py
[2025-02-27T23:57:51.945+0000] {logging_mixin.py:120} INFO - [2025-02-27T23:57:51.944+0000] {dag.py:2585} INFO - Sync 2 DAGs
[2025-02-27T23:57:51.968+0000] {logging_mixin.py:120} INFO - [2025-02-27T23:57:51.968+0000] {dag.py:3340} INFO - Setting next_dagrun for apartments_com_scraper to 2025-02-26T00:00:00+00:00, run_after=2025-02-27T00:00:00+00:00
[2025-02-27T23:57:51.971+0000] {logging_mixin.py:120} INFO - [2025-02-27T23:57:51.971+0000] {dag.py:3340} INFO - Setting next_dagrun for store_mysql to 2025-02-26T00:00:00+00:00, run_after=2025-02-27T00:00:00+00:00
[2025-02-27T23:57:51.982+0000] {processor.py:176} INFO - Processing /opt/airflow/dags/scraper.py took 0.092 seconds
[2025-02-27T23:58:22.762+0000] {processor.py:154} INFO - Started process (PID=1412) to work on /opt/airflow/dags/scraper.py
[2025-02-27T23:58:22.764+0000] {processor.py:756} INFO - Processing file /opt/airflow/dags/scraper.py for tasks to queue
[2025-02-27T23:58:22.764+0000] {logging_mixin.py:120} INFO - [2025-02-27T23:58:22.764+0000] {dagbag.py:537} INFO - Filling up the DagBag from /opt/airflow/dags/scraper.py
[2025-02-27T23:58:22.780+0000] {processor.py:766} INFO - DAG(s) dict_keys(['store_mysql', 'apartments_com_scraper']) retrieved from /opt/airflow/dags/scraper.py
[2025-02-27T23:58:22.807+0000] {logging_mixin.py:120} INFO - [2025-02-27T23:58:22.807+0000] {dag.py:2585} INFO - Sync 2 DAGs
[2025-02-27T23:58:22.821+0000] {logging_mixin.py:120} INFO - [2025-02-27T23:58:22.820+0000] {dag.py:3340} INFO - Setting next_dagrun for apartments_com_scraper to 2025-02-26T00:00:00+00:00, run_after=2025-02-27T00:00:00+00:00
[2025-02-27T23:58:22.823+0000] {logging_mixin.py:120} INFO - [2025-02-27T23:58:22.823+0000] {dag.py:3340} INFO - Setting next_dagrun for store_mysql to 2025-02-26T00:00:00+00:00, run_after=2025-02-27T00:00:00+00:00
[2025-02-27T23:58:22.832+0000] {processor.py:176} INFO - Processing /opt/airflow/dags/scraper.py took 0.072 seconds
[2025-02-27T23:58:53.527+0000] {processor.py:154} INFO - Started process (PID=1476) to work on /opt/airflow/dags/scraper.py
[2025-02-27T23:58:53.529+0000] {processor.py:756} INFO - Processing file /opt/airflow/dags/scraper.py for tasks to queue
[2025-02-27T23:58:53.530+0000] {logging_mixin.py:120} INFO - [2025-02-27T23:58:53.530+0000] {dagbag.py:537} INFO - Filling up the DagBag from /opt/airflow/dags/scraper.py
[2025-02-27T23:58:53.549+0000] {processor.py:766} INFO - DAG(s) dict_keys(['store_mysql', 'apartments_com_scraper']) retrieved from /opt/airflow/dags/scraper.py
[2025-02-27T23:58:53.573+0000] {logging_mixin.py:120} INFO - [2025-02-27T23:58:53.573+0000] {dag.py:2585} INFO - Sync 2 DAGs
[2025-02-27T23:58:53.589+0000] {logging_mixin.py:120} INFO - [2025-02-27T23:58:53.589+0000] {dag.py:3340} INFO - Setting next_dagrun for apartments_com_scraper to 2025-02-26T00:00:00+00:00, run_after=2025-02-27T00:00:00+00:00
[2025-02-27T23:58:53.592+0000] {logging_mixin.py:120} INFO - [2025-02-27T23:58:53.592+0000] {dag.py:3340} INFO - Setting next_dagrun for store_mysql to 2025-02-26T00:00:00+00:00, run_after=2025-02-27T00:00:00+00:00
[2025-02-27T23:58:53.601+0000] {processor.py:176} INFO - Processing /opt/airflow/dags/scraper.py took 0.077 seconds
[2025-02-27T23:59:24.286+0000] {processor.py:154} INFO - Started process (PID=1540) to work on /opt/airflow/dags/scraper.py
[2025-02-27T23:59:24.287+0000] {processor.py:756} INFO - Processing file /opt/airflow/dags/scraper.py for tasks to queue
[2025-02-27T23:59:24.288+0000] {logging_mixin.py:120} INFO - [2025-02-27T23:59:24.288+0000] {dagbag.py:537} INFO - Filling up the DagBag from /opt/airflow/dags/scraper.py
[2025-02-27T23:59:24.299+0000] {processor.py:766} INFO - DAG(s) dict_keys(['store_mysql', 'apartments_com_scraper']) retrieved from /opt/airflow/dags/scraper.py
[2025-02-27T23:59:24.322+0000] {logging_mixin.py:120} INFO - [2025-02-27T23:59:24.322+0000] {dag.py:2585} INFO - Sync 2 DAGs
[2025-02-27T23:59:24.336+0000] {logging_mixin.py:120} INFO - [2025-02-27T23:59:24.336+0000] {dag.py:3340} INFO - Setting next_dagrun for apartments_com_scraper to 2025-02-26T00:00:00+00:00, run_after=2025-02-27T00:00:00+00:00
[2025-02-27T23:59:24.338+0000] {logging_mixin.py:120} INFO - [2025-02-27T23:59:24.338+0000] {dag.py:3340} INFO - Setting next_dagrun for store_mysql to 2025-02-26T00:00:00+00:00, run_after=2025-02-27T00:00:00+00:00
[2025-02-27T23:59:24.348+0000] {processor.py:176} INFO - Processing /opt/airflow/dags/scraper.py took 0.065 seconds
[2025-02-27T23:59:55.044+0000] {processor.py:154} INFO - Started process (PID=1604) to work on /opt/airflow/dags/scraper.py
[2025-02-27T23:59:55.047+0000] {processor.py:756} INFO - Processing file /opt/airflow/dags/scraper.py for tasks to queue
[2025-02-27T23:59:55.047+0000] {logging_mixin.py:120} INFO - [2025-02-27T23:59:55.047+0000] {dagbag.py:537} INFO - Filling up the DagBag from /opt/airflow/dags/scraper.py
[2025-02-27T23:59:55.057+0000] {processor.py:766} INFO - DAG(s) dict_keys(['apartments_com_scraper', 'store_mysql']) retrieved from /opt/airflow/dags/scraper.py
[2025-02-27T23:59:55.088+0000] {logging_mixin.py:120} INFO - [2025-02-27T23:59:55.087+0000] {dag.py:2585} INFO - Sync 2 DAGs
[2025-02-27T23:59:55.104+0000] {logging_mixin.py:120} INFO - [2025-02-27T23:59:55.104+0000] {dag.py:3340} INFO - Setting next_dagrun for apartments_com_scraper to 2025-02-26T00:00:00+00:00, run_after=2025-02-27T00:00:00+00:00
[2025-02-27T23:59:55.107+0000] {logging_mixin.py:120} INFO - [2025-02-27T23:59:55.106+0000] {dag.py:3340} INFO - Setting next_dagrun for store_mysql to 2025-02-26T00:00:00+00:00, run_after=2025-02-27T00:00:00+00:00
[2025-02-27T23:59:55.116+0000] {processor.py:176} INFO - Processing /opt/airflow/dags/scraper.py took 0.073 seconds
